

================================================================
== Vitis HLS Report for 'create_window_stream_conv2d_1c_float_28u_28u_3u_3u_s'
================================================================
* Date:           Tue Oct 18 21:02:54 2022

* Version:        2022.1 (Build 3526262 on Mon Apr 18 15:47:01 MDT 2022)
* Project:        forward_prop
* Solution:       solution1 (Vitis Kernel Flow Target)
* Product family: virtexuplus
* Target device:  xcvu5p-flva2104-1-e


================================================================
== Performance Estimates
================================================================
+ Timing: 
    * Summary: 
    +--------+----------+----------+------------+
    |  Clock |  Target  | Estimated| Uncertainty|
    +--------+----------+----------+------------+
    |ap_clk  |  10.00 ns|  2.102 ns|     2.70 ns|
    +--------+----------+----------+------------+

+ Latency: 
    * Summary: 
    +---------+---------+----------+----------+-----+-----+---------+
    |  Latency (cycles) |  Latency (absolute) |  Interval | Pipeline|
    |   min   |   max   |    min   |    max   | min | max |   Type  |
    +---------+---------+----------+----------+-----+-----+---------+
    |      815|      815|  8.150 us|  8.150 us|  815|  815|       no|
    +---------+---------+----------+----------+-----+-----+---------+

    + Detail: 
        * Instance: 
        N/A

        * Loop: 
        +----------+---------+---------+----------+-----------+-----------+------+----------+
        |          |  Latency (cycles) | Iteration|  Initiation Interval  | Trip |          |
        | Loop Name|   min   |   max   |  Latency |  achieved |   target  | Count| Pipelined|
        +----------+---------+---------+----------+-----------+-----------+------+----------+
        |- pixel   |      813|      813|         2|          1|          1|   813|       yes|
        +----------+---------+---------+----------+-----------+-----------+------+----------+

============================================================
+ Verbose Summary: Synthesis Manager
============================================================
InlineROM: 1
ExposeGlobal: 0
============================================================
+ Verbose Summary: CDFG Model
============================================================
IsTopModel: 0
ResetActiveHigh: 1
IsCombinational: 2
IsDatapathOnly: 0
HasWiredReturn: 1
HasMFsm: 2
HasVarLatency: 1
IsPipeline: 0
IsRtlPipelined: 0
IsInstanceOverlapped: 0
IsDontTouch: 0
HasImplIP: 0
IsGatedGlobalClock: 0

+ Individual pipeline summary: 
  * Pipeline-0: initiation interval (II) = 1, depth = 2


============================================================
+ Verbose Summary: Schedule
============================================================
* Number of FSM states : 2
* Pipeline : 1
  Pipeline-0 : II = 1, D = 2, States = { 1 2 }
* Dataflow Pipeline: 0

* FSM state transitions: 
1 --> 2 
2 --> 

* FSM state operations: 

State 1 <SV = 0> <Delay = 1.88>
ST_1 : Operation 5 [1/1] (0.00ns)   --->   "%pixel_counter = alloca i32 1"   --->   Operation 5 'alloca' 'pixel_counter' <Predicate = true> <Delay = 0.00>
ST_1 : Operation 6 [1/1] (0.00ns)   --->   "%col_ptr = alloca i32 1"   --->   Operation 6 'alloca' 'col_ptr' <Predicate = true> <Delay = 0.00>
ST_1 : Operation 7 [1/1] (0.00ns)   --->   "%temp_windows_elements_load_13 = alloca i32 1"   --->   Operation 7 'alloca' 'temp_windows_elements_load_13' <Predicate = true> <Delay = 0.00>
ST_1 : Operation 8 [1/1] (0.00ns)   --->   "%temp_windows_elements_load_16 = alloca i32 1"   --->   Operation 8 'alloca' 'temp_windows_elements_load_16' <Predicate = true> <Delay = 0.00>
ST_1 : Operation 9 [1/1] (0.00ns)   --->   "%temp_windows_elements_load_0_0 = alloca i32 1"   --->   Operation 9 'alloca' 'temp_windows_elements_load_0_0' <Predicate = true> <Delay = 0.00>
ST_1 : Operation 10 [1/1] (0.00ns)   --->   "%new_pixel = alloca i32 1"   --->   Operation 10 'alloca' 'new_pixel' <Predicate = true> <Delay = 0.00>
ST_1 : Operation 11 [1/1] (0.00ns)   --->   "%new_pixel_3 = alloca i32 1"   --->   Operation 11 'alloca' 'new_pixel_3' <Predicate = true> <Delay = 0.00>
ST_1 : Operation 12 [1/1] (0.00ns)   --->   "%new_pixel_4 = alloca i32 1"   --->   Operation 12 'alloca' 'new_pixel_4' <Predicate = true> <Delay = 0.00>
ST_1 : Operation 13 [1/1] (0.00ns)   --->   "%new_pixel_5 = alloca i32 1"   --->   Operation 13 'alloca' 'new_pixel_5' <Predicate = true> <Delay = 0.00>
ST_1 : Operation 14 [1/1] (0.00ns)   --->   "%new_pixel_6 = alloca i32 1"   --->   Operation 14 'alloca' 'new_pixel_6' <Predicate = true> <Delay = 0.00>
ST_1 : Operation 15 [1/1] (0.00ns)   --->   "%new_pixel_7 = alloca i32 1"   --->   Operation 15 'alloca' 'new_pixel_7' <Predicate = true> <Delay = 0.00>
ST_1 : Operation 16 [1/1] (0.00ns)   --->   "%new_pixel_8 = alloca i32 1"   --->   Operation 16 'alloca' 'new_pixel_8' <Predicate = true> <Delay = 0.00>
ST_1 : Operation 17 [1/1] (0.00ns)   --->   "%new_pixel_9 = alloca i32 1"   --->   Operation 17 'alloca' 'new_pixel_9' <Predicate = true> <Delay = 0.00>
ST_1 : Operation 18 [1/1] (0.00ns)   --->   "%new_pixel_10 = alloca i32 1"   --->   Operation 18 'alloca' 'new_pixel_10' <Predicate = true> <Delay = 0.00>
ST_1 : Operation 19 [1/1] (0.00ns)   --->   "%new_pixel_11 = alloca i32 1"   --->   Operation 19 'alloca' 'new_pixel_11' <Predicate = true> <Delay = 0.00>
ST_1 : Operation 20 [1/1] (0.00ns)   --->   "%new_pixel_12 = alloca i32 1"   --->   Operation 20 'alloca' 'new_pixel_12' <Predicate = true> <Delay = 0.00>
ST_1 : Operation 21 [1/1] (0.00ns)   --->   "%new_pixel_13 = alloca i32 1"   --->   Operation 21 'alloca' 'new_pixel_13' <Predicate = true> <Delay = 0.00>
ST_1 : Operation 22 [1/1] (0.00ns)   --->   "%new_pixel_14 = alloca i32 1"   --->   Operation 22 'alloca' 'new_pixel_14' <Predicate = true> <Delay = 0.00>
ST_1 : Operation 23 [1/1] (0.00ns)   --->   "%new_pixel_15 = alloca i32 1"   --->   Operation 23 'alloca' 'new_pixel_15' <Predicate = true> <Delay = 0.00>
ST_1 : Operation 24 [1/1] (0.00ns)   --->   "%new_pixel_16 = alloca i32 1"   --->   Operation 24 'alloca' 'new_pixel_16' <Predicate = true> <Delay = 0.00>
ST_1 : Operation 25 [1/1] (0.00ns)   --->   "%new_pixel_17 = alloca i32 1"   --->   Operation 25 'alloca' 'new_pixel_17' <Predicate = true> <Delay = 0.00>
ST_1 : Operation 26 [1/1] (0.00ns)   --->   "%new_pixel_18 = alloca i32 1"   --->   Operation 26 'alloca' 'new_pixel_18' <Predicate = true> <Delay = 0.00>
ST_1 : Operation 27 [1/1] (0.00ns)   --->   "%new_pixel_19 = alloca i32 1"   --->   Operation 27 'alloca' 'new_pixel_19' <Predicate = true> <Delay = 0.00>
ST_1 : Operation 28 [1/1] (0.00ns)   --->   "%new_pixel_20 = alloca i32 1"   --->   Operation 28 'alloca' 'new_pixel_20' <Predicate = true> <Delay = 0.00>
ST_1 : Operation 29 [1/1] (0.00ns)   --->   "%new_pixel_21 = alloca i32 1"   --->   Operation 29 'alloca' 'new_pixel_21' <Predicate = true> <Delay = 0.00>
ST_1 : Operation 30 [1/1] (0.00ns)   --->   "%new_pixel_22 = alloca i32 1"   --->   Operation 30 'alloca' 'new_pixel_22' <Predicate = true> <Delay = 0.00>
ST_1 : Operation 31 [1/1] (0.00ns)   --->   "%new_pixel_23 = alloca i32 1"   --->   Operation 31 'alloca' 'new_pixel_23' <Predicate = true> <Delay = 0.00>
ST_1 : Operation 32 [1/1] (0.00ns)   --->   "%new_pixel_24 = alloca i32 1"   --->   Operation 32 'alloca' 'new_pixel_24' <Predicate = true> <Delay = 0.00>
ST_1 : Operation 33 [1/1] (0.00ns)   --->   "%new_pixel_25 = alloca i32 1"   --->   Operation 33 'alloca' 'new_pixel_25' <Predicate = true> <Delay = 0.00>
ST_1 : Operation 34 [1/1] (0.00ns)   --->   "%new_pixel_26 = alloca i32 1"   --->   Operation 34 'alloca' 'new_pixel_26' <Predicate = true> <Delay = 0.00>
ST_1 : Operation 35 [1/1] (0.00ns)   --->   "%new_pixel_27 = alloca i32 1"   --->   Operation 35 'alloca' 'new_pixel_27' <Predicate = true> <Delay = 0.00>
ST_1 : Operation 36 [1/1] (0.00ns)   --->   "%new_pixel_28 = alloca i32 1"   --->   Operation 36 'alloca' 'new_pixel_28' <Predicate = true> <Delay = 0.00>
ST_1 : Operation 37 [1/1] (0.00ns)   --->   "%new_pixel_29 = alloca i32 1"   --->   Operation 37 'alloca' 'new_pixel_29' <Predicate = true> <Delay = 0.00>
ST_1 : Operation 38 [1/1] (0.00ns)   --->   "%line_buffer_load_2_0 = alloca i32 1"   --->   Operation 38 'alloca' 'line_buffer_load_2_0' <Predicate = true> <Delay = 0.00>
ST_1 : Operation 39 [1/1] (0.00ns)   --->   "%line_buffer_1_load_1_0 = alloca i32 1"   --->   Operation 39 'alloca' 'line_buffer_1_load_1_0' <Predicate = true> <Delay = 0.00>
ST_1 : Operation 40 [1/1] (0.00ns)   --->   "%line_buffer_2_load_1_0 = alloca i32 1"   --->   Operation 40 'alloca' 'line_buffer_2_load_1_0' <Predicate = true> <Delay = 0.00>
ST_1 : Operation 41 [1/1] (0.00ns)   --->   "%line_buffer_3_load_1_0 = alloca i32 1"   --->   Operation 41 'alloca' 'line_buffer_3_load_1_0' <Predicate = true> <Delay = 0.00>
ST_1 : Operation 42 [1/1] (0.00ns)   --->   "%line_buffer_4_load_1_0 = alloca i32 1"   --->   Operation 42 'alloca' 'line_buffer_4_load_1_0' <Predicate = true> <Delay = 0.00>
ST_1 : Operation 43 [1/1] (0.00ns)   --->   "%line_buffer_5_load_1_0 = alloca i32 1"   --->   Operation 43 'alloca' 'line_buffer_5_load_1_0' <Predicate = true> <Delay = 0.00>
ST_1 : Operation 44 [1/1] (0.00ns)   --->   "%line_buffer_6_load_0 = alloca i32 1"   --->   Operation 44 'alloca' 'line_buffer_6_load_0' <Predicate = true> <Delay = 0.00>
ST_1 : Operation 45 [1/1] (0.00ns)   --->   "%line_buffer_7_load_0 = alloca i32 1"   --->   Operation 45 'alloca' 'line_buffer_7_load_0' <Predicate = true> <Delay = 0.00>
ST_1 : Operation 46 [1/1] (0.00ns)   --->   "%line_buffer_8_load_0 = alloca i32 1"   --->   Operation 46 'alloca' 'line_buffer_8_load_0' <Predicate = true> <Delay = 0.00>
ST_1 : Operation 47 [1/1] (0.00ns)   --->   "%line_buffer_9_load_0 = alloca i32 1"   --->   Operation 47 'alloca' 'line_buffer_9_load_0' <Predicate = true> <Delay = 0.00>
ST_1 : Operation 48 [1/1] (0.00ns)   --->   "%line_buffer_10_load_0 = alloca i32 1"   --->   Operation 48 'alloca' 'line_buffer_10_load_0' <Predicate = true> <Delay = 0.00>
ST_1 : Operation 49 [1/1] (0.00ns)   --->   "%line_buffer_11_load_0 = alloca i32 1"   --->   Operation 49 'alloca' 'line_buffer_11_load_0' <Predicate = true> <Delay = 0.00>
ST_1 : Operation 50 [1/1] (0.00ns)   --->   "%line_buffer_12_load_0 = alloca i32 1"   --->   Operation 50 'alloca' 'line_buffer_12_load_0' <Predicate = true> <Delay = 0.00>
ST_1 : Operation 51 [1/1] (0.00ns)   --->   "%line_buffer_13_load_0 = alloca i32 1"   --->   Operation 51 'alloca' 'line_buffer_13_load_0' <Predicate = true> <Delay = 0.00>
ST_1 : Operation 52 [1/1] (0.00ns)   --->   "%line_buffer_14_load_0 = alloca i32 1"   --->   Operation 52 'alloca' 'line_buffer_14_load_0' <Predicate = true> <Delay = 0.00>
ST_1 : Operation 53 [1/1] (0.00ns)   --->   "%line_buffer_15_load_0 = alloca i32 1"   --->   Operation 53 'alloca' 'line_buffer_15_load_0' <Predicate = true> <Delay = 0.00>
ST_1 : Operation 54 [1/1] (0.00ns)   --->   "%line_buffer_16_load_0 = alloca i32 1"   --->   Operation 54 'alloca' 'line_buffer_16_load_0' <Predicate = true> <Delay = 0.00>
ST_1 : Operation 55 [1/1] (0.00ns)   --->   "%line_buffer_17_load_0 = alloca i32 1"   --->   Operation 55 'alloca' 'line_buffer_17_load_0' <Predicate = true> <Delay = 0.00>
ST_1 : Operation 56 [1/1] (0.00ns)   --->   "%line_buffer_18_load_0 = alloca i32 1"   --->   Operation 56 'alloca' 'line_buffer_18_load_0' <Predicate = true> <Delay = 0.00>
ST_1 : Operation 57 [1/1] (0.00ns)   --->   "%line_buffer_19_load_0 = alloca i32 1"   --->   Operation 57 'alloca' 'line_buffer_19_load_0' <Predicate = true> <Delay = 0.00>
ST_1 : Operation 58 [1/1] (0.00ns)   --->   "%line_buffer_20_load_0 = alloca i32 1"   --->   Operation 58 'alloca' 'line_buffer_20_load_0' <Predicate = true> <Delay = 0.00>
ST_1 : Operation 59 [1/1] (0.00ns)   --->   "%line_buffer_21_load_0 = alloca i32 1"   --->   Operation 59 'alloca' 'line_buffer_21_load_0' <Predicate = true> <Delay = 0.00>
ST_1 : Operation 60 [1/1] (0.00ns)   --->   "%line_buffer_22_load_0 = alloca i32 1"   --->   Operation 60 'alloca' 'line_buffer_22_load_0' <Predicate = true> <Delay = 0.00>
ST_1 : Operation 61 [1/1] (0.00ns)   --->   "%line_buffer_23_load_0 = alloca i32 1"   --->   Operation 61 'alloca' 'line_buffer_23_load_0' <Predicate = true> <Delay = 0.00>
ST_1 : Operation 62 [1/1] (0.00ns)   --->   "%line_buffer_24_load_0 = alloca i32 1"   --->   Operation 62 'alloca' 'line_buffer_24_load_0' <Predicate = true> <Delay = 0.00>
ST_1 : Operation 63 [1/1] (0.00ns)   --->   "%line_buffer_25_load_0 = alloca i32 1"   --->   Operation 63 'alloca' 'line_buffer_25_load_0' <Predicate = true> <Delay = 0.00>
ST_1 : Operation 64 [1/1] (0.00ns)   --->   "%line_buffer_26_load_0 = alloca i32 1"   --->   Operation 64 'alloca' 'line_buffer_26_load_0' <Predicate = true> <Delay = 0.00>
ST_1 : Operation 65 [1/1] (0.00ns)   --->   "%line_buffer_27_load_0 = alloca i32 1"   --->   Operation 65 'alloca' 'line_buffer_27_load_0' <Predicate = true> <Delay = 0.00>
ST_1 : Operation 66 [1/1] (0.00ns)   --->   "%new_pixel_30 = alloca i32 1"   --->   Operation 66 'alloca' 'new_pixel_30' <Predicate = true> <Delay = 0.00>
ST_1 : Operation 67 [1/1] (0.00ns)   --->   "%new_pixel_31 = alloca i32 1"   --->   Operation 67 'alloca' 'new_pixel_31' <Predicate = true> <Delay = 0.00>
ST_1 : Operation 68 [1/1] (0.00ns)   --->   "%new_pixel_32 = alloca i32 1"   --->   Operation 68 'alloca' 'new_pixel_32' <Predicate = true> <Delay = 0.00>
ST_1 : Operation 69 [1/1] (0.00ns)   --->   "%new_pixel_33 = alloca i32 1"   --->   Operation 69 'alloca' 'new_pixel_33' <Predicate = true> <Delay = 0.00>
ST_1 : Operation 70 [1/1] (0.00ns)   --->   "%new_pixel_34 = alloca i32 1"   --->   Operation 70 'alloca' 'new_pixel_34' <Predicate = true> <Delay = 0.00>
ST_1 : Operation 71 [1/1] (0.00ns)   --->   "%new_pixel_35 = alloca i32 1"   --->   Operation 71 'alloca' 'new_pixel_35' <Predicate = true> <Delay = 0.00>
ST_1 : Operation 72 [1/1] (0.00ns)   --->   "%new_pixel_36 = alloca i32 1"   --->   Operation 72 'alloca' 'new_pixel_36' <Predicate = true> <Delay = 0.00>
ST_1 : Operation 73 [1/1] (0.00ns)   --->   "%new_pixel_37 = alloca i32 1"   --->   Operation 73 'alloca' 'new_pixel_37' <Predicate = true> <Delay = 0.00>
ST_1 : Operation 74 [1/1] (0.00ns)   --->   "%new_pixel_38 = alloca i32 1"   --->   Operation 74 'alloca' 'new_pixel_38' <Predicate = true> <Delay = 0.00>
ST_1 : Operation 75 [1/1] (0.00ns)   --->   "%new_pixel_39 = alloca i32 1"   --->   Operation 75 'alloca' 'new_pixel_39' <Predicate = true> <Delay = 0.00>
ST_1 : Operation 76 [1/1] (0.00ns)   --->   "%new_pixel_40 = alloca i32 1"   --->   Operation 76 'alloca' 'new_pixel_40' <Predicate = true> <Delay = 0.00>
ST_1 : Operation 77 [1/1] (0.00ns)   --->   "%new_pixel_41 = alloca i32 1"   --->   Operation 77 'alloca' 'new_pixel_41' <Predicate = true> <Delay = 0.00>
ST_1 : Operation 78 [1/1] (0.00ns)   --->   "%new_pixel_42 = alloca i32 1"   --->   Operation 78 'alloca' 'new_pixel_42' <Predicate = true> <Delay = 0.00>
ST_1 : Operation 79 [1/1] (0.00ns)   --->   "%new_pixel_43 = alloca i32 1"   --->   Operation 79 'alloca' 'new_pixel_43' <Predicate = true> <Delay = 0.00>
ST_1 : Operation 80 [1/1] (0.00ns)   --->   "%new_pixel_44 = alloca i32 1"   --->   Operation 80 'alloca' 'new_pixel_44' <Predicate = true> <Delay = 0.00>
ST_1 : Operation 81 [1/1] (0.00ns)   --->   "%new_pixel_45 = alloca i32 1"   --->   Operation 81 'alloca' 'new_pixel_45' <Predicate = true> <Delay = 0.00>
ST_1 : Operation 82 [1/1] (0.00ns)   --->   "%new_pixel_46 = alloca i32 1"   --->   Operation 82 'alloca' 'new_pixel_46' <Predicate = true> <Delay = 0.00>
ST_1 : Operation 83 [1/1] (0.00ns)   --->   "%new_pixel_47 = alloca i32 1"   --->   Operation 83 'alloca' 'new_pixel_47' <Predicate = true> <Delay = 0.00>
ST_1 : Operation 84 [1/1] (0.00ns)   --->   "%new_pixel_48 = alloca i32 1"   --->   Operation 84 'alloca' 'new_pixel_48' <Predicate = true> <Delay = 0.00>
ST_1 : Operation 85 [1/1] (0.00ns)   --->   "%new_pixel_49 = alloca i32 1"   --->   Operation 85 'alloca' 'new_pixel_49' <Predicate = true> <Delay = 0.00>
ST_1 : Operation 86 [1/1] (0.00ns)   --->   "%new_pixel_50 = alloca i32 1"   --->   Operation 86 'alloca' 'new_pixel_50' <Predicate = true> <Delay = 0.00>
ST_1 : Operation 87 [1/1] (0.00ns)   --->   "%new_pixel_51 = alloca i32 1"   --->   Operation 87 'alloca' 'new_pixel_51' <Predicate = true> <Delay = 0.00>
ST_1 : Operation 88 [1/1] (0.00ns)   --->   "%new_pixel_52 = alloca i32 1"   --->   Operation 88 'alloca' 'new_pixel_52' <Predicate = true> <Delay = 0.00>
ST_1 : Operation 89 [1/1] (0.00ns)   --->   "%new_pixel_53 = alloca i32 1"   --->   Operation 89 'alloca' 'new_pixel_53' <Predicate = true> <Delay = 0.00>
ST_1 : Operation 90 [1/1] (0.00ns)   --->   "%new_pixel_54 = alloca i32 1"   --->   Operation 90 'alloca' 'new_pixel_54' <Predicate = true> <Delay = 0.00>
ST_1 : Operation 91 [1/1] (0.00ns)   --->   "%new_pixel_55 = alloca i32 1"   --->   Operation 91 'alloca' 'new_pixel_55' <Predicate = true> <Delay = 0.00>
ST_1 : Operation 92 [1/1] (0.00ns)   --->   "%new_pixel_56 = alloca i32 1"   --->   Operation 92 'alloca' 'new_pixel_56' <Predicate = true> <Delay = 0.00>
ST_1 : Operation 93 [1/1] (0.00ns)   --->   "%new_pixel_57 = alloca i32 1"   --->   Operation 93 'alloca' 'new_pixel_57' <Predicate = true> <Delay = 0.00>
ST_1 : Operation 94 [1/1] (0.00ns)   --->   "%temp_windows_elements_load_14 = alloca i32 1"   --->   Operation 94 'alloca' 'temp_windows_elements_load_14' <Predicate = true> <Delay = 0.00>
ST_1 : Operation 95 [1/1] (0.00ns)   --->   "%new_pixel_58 = alloca i32 1"   --->   Operation 95 'alloca' 'new_pixel_58' <Predicate = true> <Delay = 0.00>
ST_1 : Operation 96 [1/1] (0.00ns)   --->   "%temp_windows_elements_load_0_1 = alloca i32 1"   --->   Operation 96 'alloca' 'temp_windows_elements_load_0_1' <Predicate = true> <Delay = 0.00>
ST_1 : Operation 97 [1/1] (0.00ns)   --->   "%specinterface_ln0 = specinterface void @_ssdm_op_SpecInterface, i288 %conv2d_32_window_stream, void @empty_39, i32 0, i32 0, void @empty_30, i32 0, i32 0, void @empty_30, void @empty_30, void @empty_30, i32 0, i32 0, i32 0, i32 0, void @empty_30, void @empty_30, i32 4294967295, i32 0"   --->   Operation 97 'specinterface' 'specinterface_ln0' <Predicate = true> <Delay = 0.00>
ST_1 : Operation 98 [1/1] (0.00ns)   --->   "%specinterface_ln0 = specinterface void @_ssdm_op_SpecInterface, i1 %input_stream_V_last_V, i4 %input_stream_V_strb_V, i4 %input_stream_V_keep_V, i32 %input_stream_V_data_V, void @empty_21, i32 1, i32 1, void @empty_33, i32 0, i32 0, void @empty_30, void @empty_30, void @empty_30, i32 0, i32 0, i32 0, i32 0, void @empty_30, void @empty_30, i32 4294967295, i32 0"   --->   Operation 98 'specinterface' 'specinterface_ln0' <Predicate = true> <Delay = 0.00>
ST_1 : Operation 99 [1/1] (0.46ns)   --->   "%store_ln67 = store i32 0, i32 %col_ptr" [forward_prop/src/forward_prop.cpp:67]   --->   Operation 99 'store' 'store_ln67' <Predicate = true> <Delay = 0.46>
ST_1 : Operation 100 [1/1] (0.46ns)   --->   "%store_ln67 = store i10 0, i10 %pixel_counter" [forward_prop/src/forward_prop.cpp:67]   --->   Operation 100 'store' 'store_ln67' <Predicate = true> <Delay = 0.46>
ST_1 : Operation 101 [1/1] (0.00ns)   --->   "%br_ln67 = br void %for.body" [forward_prop/src/forward_prop.cpp:67]   --->   Operation 101 'br' 'br_ln67' <Predicate = true> <Delay = 0.00>
ST_1 : Operation 102 [1/1] (0.00ns)   --->   "%pixel_counter_3 = load i10 %pixel_counter" [forward_prop/src/forward_prop.cpp:67]   --->   Operation 102 'load' 'pixel_counter_3' <Predicate = true> <Delay = 0.00>
ST_1 : Operation 103 [1/1] (0.00ns)   --->   "%temp_windows_elements_load = load i32 %temp_windows_elements_load_14" [/media/msi/SSD/Xilinx/Vitis_HLS/2022.1/common/technology/autopilot/hls_stream_39.h:174]   --->   Operation 103 'load' 'temp_windows_elements_load' <Predicate = true> <Delay = 0.00>
ST_1 : Operation 104 [1/1] (0.00ns)   --->   "%new_pixel_58_load = load i32 %new_pixel_58" [/media/msi/SSD/Xilinx/Vitis_HLS/2022.1/common/technology/autopilot/hls_stream_39.h:174]   --->   Operation 104 'load' 'new_pixel_58_load' <Predicate = true> <Delay = 0.00>
ST_1 : Operation 105 [1/1] (0.00ns)   --->   "%temp_windows_elements_load_1 = load i32 %temp_windows_elements_load_0_1" [/media/msi/SSD/Xilinx/Vitis_HLS/2022.1/common/technology/autopilot/hls_stream_39.h:174]   --->   Operation 105 'load' 'temp_windows_elements_load_1' <Predicate = true> <Delay = 0.00>
ST_1 : Operation 106 [1/1] (0.00ns)   --->   "%specpipeline_ln0 = specpipeline void @_ssdm_op_SpecPipeline, i32 4294967295, i32 0, i32 1, i32 0, void @p_str"   --->   Operation 106 'specpipeline' 'specpipeline_ln0' <Predicate = true> <Delay = 0.00>
ST_1 : Operation 107 [1/1] (0.76ns)   --->   "%icmp_ln67 = icmp_eq  i10 %pixel_counter_3, i10 813" [forward_prop/src/forward_prop.cpp:67]   --->   Operation 107 'icmp' 'icmp_ln67' <Predicate = true> <Delay = 0.76> <CoreInst = "Cmp">   --->   Core 9 'Cmp' <Latency = 0> <II = 1> <Delay = 0.76> <FuncUnit> <Opcode : 'icmp'> <InPorts = 2> <OutPorts = 1>
ST_1 : Operation 108 [1/1] (0.00ns)   --->   "%empty = speclooptripcount i32 @_ssdm_op_SpecLoopTripCount, i64 813, i64 813, i64 813"   --->   Operation 108 'speclooptripcount' 'empty' <Predicate = true> <Delay = 0.00>
ST_1 : Operation 109 [1/1] (0.93ns)   --->   "%pixel_counter_4 = add i10 %pixel_counter_3, i10 1" [forward_prop/src/forward_prop.cpp:67]   --->   Operation 109 'add' 'pixel_counter_4' <Predicate = true> <Delay = 0.93> <CoreInst = "Adder">   --->   Core 1 'Adder' <Latency = 0> <II = 1> <Delay = 0.93> <FuncUnit> <Opcode : 'add' 'sub'> <InPorts = 2> <OutPorts = 1>
ST_1 : Operation 110 [1/1] (0.00ns)   --->   "%br_ln67 = br i1 %icmp_ln67, void %for.body.split, void %for.end66" [forward_prop/src/forward_prop.cpp:67]   --->   Operation 110 'br' 'br_ln67' <Predicate = true> <Delay = 0.00>
ST_1 : Operation 111 [1/1] (0.00ns)   --->   "%specloopname_ln67 = specloopname void @_ssdm_op_SpecLoopName, void @empty_22" [forward_prop/src/forward_prop.cpp:67]   --->   Operation 111 'specloopname' 'specloopname_ln67' <Predicate = (!icmp_ln67)> <Delay = 0.00>
ST_1 : Operation 112 [1/1] (0.76ns)   --->   "%icmp_ln71 = icmp_ult  i10 %pixel_counter_3, i10 784" [forward_prop/src/forward_prop.cpp:71]   --->   Operation 112 'icmp' 'icmp_ln71' <Predicate = (!icmp_ln67)> <Delay = 0.76> <CoreInst = "Cmp">   --->   Core 9 'Cmp' <Latency = 0> <II = 1> <Delay = 0.76> <FuncUnit> <Opcode : 'icmp'> <InPorts = 2> <OutPorts = 1>
ST_1 : Operation 113 [1/1] (0.46ns)   --->   "%br_ln71 = br i1 %icmp_ln71, void %shift_firsts_cols.split.0, void %if.then" [forward_prop/src/forward_prop.cpp:71]   --->   Operation 113 'br' 'br_ln71' <Predicate = (!icmp_ln67)> <Delay = 0.46>
ST_1 : Operation 114 [1/1] (0.00ns)   --->   "%empty_161 = read i41 @_ssdm_op_Read.axis.volatile.i32P0A.i4P0A.i4P0A.i1P0A, i32 %input_stream_V_data_V, i4 %input_stream_V_keep_V, i4 %input_stream_V_strb_V, i1 %input_stream_V_last_V"   --->   Operation 114 'read' 'empty_161' <Predicate = (!icmp_ln67 & icmp_ln71)> <Delay = 0.00> <CoreInst = "axis">   --->   Core 123 'axis' <Latency = 0> <II = 1> <Delay = 1.00> <Adapter> <Opcode : >
ST_1 : Operation 115 [1/1] (0.00ns)   --->   "%p_0 = extractvalue i41 %empty_161"   --->   Operation 115 'extractvalue' 'p_0' <Predicate = (!icmp_ln67 & icmp_ln71)> <Delay = 0.00>
ST_1 : Operation 116 [1/1] (0.00ns)   --->   "%temp_input = bitcast i32 %p_0"   --->   Operation 116 'bitcast' 'temp_input' <Predicate = (!icmp_ln67 & icmp_ln71)> <Delay = 0.00>
ST_1 : Operation 117 [1/1] (0.46ns)   --->   "%br_ln75 = br void %shift_firsts_cols.split.0" [forward_prop/src/forward_prop.cpp:75]   --->   Operation 117 'br' 'br_ln75' <Predicate = (!icmp_ln67 & icmp_ln71)> <Delay = 0.46>
ST_1 : Operation 118 [1/1] (0.00ns)   --->   "%new_pixel_2 = phi i32 %temp_input, void %if.then, i32 0, void %for.body.split"   --->   Operation 118 'phi' 'new_pixel_2' <Predicate = (!icmp_ln67)> <Delay = 0.00>
ST_1 : Operation 119 [1/1] (0.00ns)   --->   "%col_ptr_load = load i32 %col_ptr" [forward_prop/src/forward_prop.cpp:90]   --->   Operation 119 'load' 'col_ptr_load' <Predicate = (!icmp_ln67)> <Delay = 0.00>
ST_1 : Operation 120 [1/1] (0.00ns)   --->   "%new_pixel_load = load i32 %new_pixel" [forward_prop/src/forward_prop.cpp:90]   --->   Operation 120 'load' 'new_pixel_load' <Predicate = (!icmp_ln67)> <Delay = 0.00>
ST_1 : Operation 121 [1/1] (0.00ns)   --->   "%new_pixel_3_load = load i32 %new_pixel_3" [forward_prop/src/forward_prop.cpp:90]   --->   Operation 121 'load' 'new_pixel_3_load' <Predicate = (!icmp_ln67)> <Delay = 0.00>
ST_1 : Operation 122 [1/1] (0.00ns)   --->   "%new_pixel_4_load = load i32 %new_pixel_4" [forward_prop/src/forward_prop.cpp:90]   --->   Operation 122 'load' 'new_pixel_4_load' <Predicate = (!icmp_ln67)> <Delay = 0.00>
ST_1 : Operation 123 [1/1] (0.00ns)   --->   "%new_pixel_5_load = load i32 %new_pixel_5" [forward_prop/src/forward_prop.cpp:90]   --->   Operation 123 'load' 'new_pixel_5_load' <Predicate = (!icmp_ln67)> <Delay = 0.00>
ST_1 : Operation 124 [1/1] (0.00ns)   --->   "%new_pixel_6_load = load i32 %new_pixel_6" [forward_prop/src/forward_prop.cpp:90]   --->   Operation 124 'load' 'new_pixel_6_load' <Predicate = (!icmp_ln67)> <Delay = 0.00>
ST_1 : Operation 125 [1/1] (0.00ns)   --->   "%new_pixel_7_load = load i32 %new_pixel_7" [forward_prop/src/forward_prop.cpp:90]   --->   Operation 125 'load' 'new_pixel_7_load' <Predicate = (!icmp_ln67)> <Delay = 0.00>
ST_1 : Operation 126 [1/1] (0.00ns)   --->   "%new_pixel_8_load = load i32 %new_pixel_8" [forward_prop/src/forward_prop.cpp:90]   --->   Operation 126 'load' 'new_pixel_8_load' <Predicate = (!icmp_ln67)> <Delay = 0.00>
ST_1 : Operation 127 [1/1] (0.00ns)   --->   "%new_pixel_9_load = load i32 %new_pixel_9" [forward_prop/src/forward_prop.cpp:90]   --->   Operation 127 'load' 'new_pixel_9_load' <Predicate = (!icmp_ln67)> <Delay = 0.00>
ST_1 : Operation 128 [1/1] (0.00ns)   --->   "%new_pixel_10_load = load i32 %new_pixel_10" [forward_prop/src/forward_prop.cpp:90]   --->   Operation 128 'load' 'new_pixel_10_load' <Predicate = (!icmp_ln67)> <Delay = 0.00>
ST_1 : Operation 129 [1/1] (0.00ns)   --->   "%new_pixel_11_load = load i32 %new_pixel_11" [forward_prop/src/forward_prop.cpp:90]   --->   Operation 129 'load' 'new_pixel_11_load' <Predicate = (!icmp_ln67)> <Delay = 0.00>
ST_1 : Operation 130 [1/1] (0.00ns)   --->   "%new_pixel_12_load = load i32 %new_pixel_12" [forward_prop/src/forward_prop.cpp:90]   --->   Operation 130 'load' 'new_pixel_12_load' <Predicate = (!icmp_ln67)> <Delay = 0.00>
ST_1 : Operation 131 [1/1] (0.00ns)   --->   "%new_pixel_13_load = load i32 %new_pixel_13" [forward_prop/src/forward_prop.cpp:90]   --->   Operation 131 'load' 'new_pixel_13_load' <Predicate = (!icmp_ln67)> <Delay = 0.00>
ST_1 : Operation 132 [1/1] (0.00ns)   --->   "%new_pixel_14_load = load i32 %new_pixel_14" [forward_prop/src/forward_prop.cpp:90]   --->   Operation 132 'load' 'new_pixel_14_load' <Predicate = (!icmp_ln67)> <Delay = 0.00>
ST_1 : Operation 133 [1/1] (0.00ns)   --->   "%new_pixel_15_load = load i32 %new_pixel_15" [forward_prop/src/forward_prop.cpp:90]   --->   Operation 133 'load' 'new_pixel_15_load' <Predicate = (!icmp_ln67)> <Delay = 0.00>
ST_1 : Operation 134 [1/1] (0.00ns)   --->   "%new_pixel_16_load = load i32 %new_pixel_16" [forward_prop/src/forward_prop.cpp:90]   --->   Operation 134 'load' 'new_pixel_16_load' <Predicate = (!icmp_ln67)> <Delay = 0.00>
ST_1 : Operation 135 [1/1] (0.00ns)   --->   "%new_pixel_17_load = load i32 %new_pixel_17" [forward_prop/src/forward_prop.cpp:90]   --->   Operation 135 'load' 'new_pixel_17_load' <Predicate = (!icmp_ln67)> <Delay = 0.00>
ST_1 : Operation 136 [1/1] (0.00ns)   --->   "%new_pixel_18_load = load i32 %new_pixel_18" [forward_prop/src/forward_prop.cpp:90]   --->   Operation 136 'load' 'new_pixel_18_load' <Predicate = (!icmp_ln67)> <Delay = 0.00>
ST_1 : Operation 137 [1/1] (0.00ns)   --->   "%new_pixel_19_load = load i32 %new_pixel_19" [forward_prop/src/forward_prop.cpp:90]   --->   Operation 137 'load' 'new_pixel_19_load' <Predicate = (!icmp_ln67)> <Delay = 0.00>
ST_1 : Operation 138 [1/1] (0.00ns)   --->   "%new_pixel_20_load = load i32 %new_pixel_20" [forward_prop/src/forward_prop.cpp:90]   --->   Operation 138 'load' 'new_pixel_20_load' <Predicate = (!icmp_ln67)> <Delay = 0.00>
ST_1 : Operation 139 [1/1] (0.00ns)   --->   "%new_pixel_21_load = load i32 %new_pixel_21" [forward_prop/src/forward_prop.cpp:90]   --->   Operation 139 'load' 'new_pixel_21_load' <Predicate = (!icmp_ln67)> <Delay = 0.00>
ST_1 : Operation 140 [1/1] (0.00ns)   --->   "%new_pixel_22_load = load i32 %new_pixel_22" [forward_prop/src/forward_prop.cpp:90]   --->   Operation 140 'load' 'new_pixel_22_load' <Predicate = (!icmp_ln67)> <Delay = 0.00>
ST_1 : Operation 141 [1/1] (0.00ns)   --->   "%new_pixel_23_load = load i32 %new_pixel_23" [forward_prop/src/forward_prop.cpp:90]   --->   Operation 141 'load' 'new_pixel_23_load' <Predicate = (!icmp_ln67)> <Delay = 0.00>
ST_1 : Operation 142 [1/1] (0.00ns)   --->   "%new_pixel_24_load = load i32 %new_pixel_24" [forward_prop/src/forward_prop.cpp:90]   --->   Operation 142 'load' 'new_pixel_24_load' <Predicate = (!icmp_ln67)> <Delay = 0.00>
ST_1 : Operation 143 [1/1] (0.00ns)   --->   "%new_pixel_25_load = load i32 %new_pixel_25" [forward_prop/src/forward_prop.cpp:90]   --->   Operation 143 'load' 'new_pixel_25_load' <Predicate = (!icmp_ln67)> <Delay = 0.00>
ST_1 : Operation 144 [1/1] (0.00ns)   --->   "%new_pixel_26_load = load i32 %new_pixel_26" [forward_prop/src/forward_prop.cpp:90]   --->   Operation 144 'load' 'new_pixel_26_load' <Predicate = (!icmp_ln67)> <Delay = 0.00>
ST_1 : Operation 145 [1/1] (0.00ns)   --->   "%new_pixel_27_load = load i32 %new_pixel_27" [forward_prop/src/forward_prop.cpp:90]   --->   Operation 145 'load' 'new_pixel_27_load' <Predicate = (!icmp_ln67)> <Delay = 0.00>
ST_1 : Operation 146 [1/1] (0.00ns)   --->   "%new_pixel_28_load = load i32 %new_pixel_28" [forward_prop/src/forward_prop.cpp:90]   --->   Operation 146 'load' 'new_pixel_28_load' <Predicate = (!icmp_ln67)> <Delay = 0.00>
ST_1 : Operation 147 [1/1] (0.00ns)   --->   "%new_pixel_29_load = load i32 %new_pixel_29" [forward_prop/src/forward_prop.cpp:90]   --->   Operation 147 'load' 'new_pixel_29_load' <Predicate = (!icmp_ln67)> <Delay = 0.00>
ST_1 : Operation 148 [1/1] (0.00ns)   --->   "%line_buffer_load = load i32 %line_buffer_load_2_0" [forward_prop/src/forward_prop.cpp:85]   --->   Operation 148 'load' 'line_buffer_load' <Predicate = (!icmp_ln67)> <Delay = 0.00>
ST_1 : Operation 149 [1/1] (0.00ns)   --->   "%line_buffer_1_load = load i32 %line_buffer_1_load_1_0" [forward_prop/src/forward_prop.cpp:85]   --->   Operation 149 'load' 'line_buffer_1_load' <Predicate = (!icmp_ln67)> <Delay = 0.00>
ST_1 : Operation 150 [1/1] (0.00ns)   --->   "%line_buffer_2_load = load i32 %line_buffer_2_load_1_0" [forward_prop/src/forward_prop.cpp:85]   --->   Operation 150 'load' 'line_buffer_2_load' <Predicate = (!icmp_ln67)> <Delay = 0.00>
ST_1 : Operation 151 [1/1] (0.00ns)   --->   "%line_buffer_3_load = load i32 %line_buffer_3_load_1_0" [forward_prop/src/forward_prop.cpp:85]   --->   Operation 151 'load' 'line_buffer_3_load' <Predicate = (!icmp_ln67)> <Delay = 0.00>
ST_1 : Operation 152 [1/1] (0.00ns)   --->   "%line_buffer_4_load = load i32 %line_buffer_4_load_1_0" [forward_prop/src/forward_prop.cpp:85]   --->   Operation 152 'load' 'line_buffer_4_load' <Predicate = (!icmp_ln67)> <Delay = 0.00>
ST_1 : Operation 153 [1/1] (0.00ns)   --->   "%line_buffer_5_load = load i32 %line_buffer_5_load_1_0" [forward_prop/src/forward_prop.cpp:85]   --->   Operation 153 'load' 'line_buffer_5_load' <Predicate = (!icmp_ln67)> <Delay = 0.00>
ST_1 : Operation 154 [1/1] (0.00ns)   --->   "%line_buffer_6_load = load i32 %line_buffer_6_load_0" [forward_prop/src/forward_prop.cpp:85]   --->   Operation 154 'load' 'line_buffer_6_load' <Predicate = (!icmp_ln67)> <Delay = 0.00>
ST_1 : Operation 155 [1/1] (0.00ns)   --->   "%line_buffer_7_load = load i32 %line_buffer_7_load_0" [forward_prop/src/forward_prop.cpp:85]   --->   Operation 155 'load' 'line_buffer_7_load' <Predicate = (!icmp_ln67)> <Delay = 0.00>
ST_1 : Operation 156 [1/1] (0.00ns)   --->   "%line_buffer_8_load = load i32 %line_buffer_8_load_0" [forward_prop/src/forward_prop.cpp:85]   --->   Operation 156 'load' 'line_buffer_8_load' <Predicate = (!icmp_ln67)> <Delay = 0.00>
ST_1 : Operation 157 [1/1] (0.00ns)   --->   "%line_buffer_9_load = load i32 %line_buffer_9_load_0" [forward_prop/src/forward_prop.cpp:85]   --->   Operation 157 'load' 'line_buffer_9_load' <Predicate = (!icmp_ln67)> <Delay = 0.00>
ST_1 : Operation 158 [1/1] (0.00ns)   --->   "%line_buffer_10_load = load i32 %line_buffer_10_load_0" [forward_prop/src/forward_prop.cpp:85]   --->   Operation 158 'load' 'line_buffer_10_load' <Predicate = (!icmp_ln67)> <Delay = 0.00>
ST_1 : Operation 159 [1/1] (0.00ns)   --->   "%line_buffer_11_load = load i32 %line_buffer_11_load_0" [forward_prop/src/forward_prop.cpp:85]   --->   Operation 159 'load' 'line_buffer_11_load' <Predicate = (!icmp_ln67)> <Delay = 0.00>
ST_1 : Operation 160 [1/1] (0.00ns)   --->   "%line_buffer_12_load = load i32 %line_buffer_12_load_0" [forward_prop/src/forward_prop.cpp:85]   --->   Operation 160 'load' 'line_buffer_12_load' <Predicate = (!icmp_ln67)> <Delay = 0.00>
ST_1 : Operation 161 [1/1] (0.00ns)   --->   "%line_buffer_13_load = load i32 %line_buffer_13_load_0" [forward_prop/src/forward_prop.cpp:85]   --->   Operation 161 'load' 'line_buffer_13_load' <Predicate = (!icmp_ln67)> <Delay = 0.00>
ST_1 : Operation 162 [1/1] (0.00ns)   --->   "%line_buffer_14_load = load i32 %line_buffer_14_load_0" [forward_prop/src/forward_prop.cpp:85]   --->   Operation 162 'load' 'line_buffer_14_load' <Predicate = (!icmp_ln67)> <Delay = 0.00>
ST_1 : Operation 163 [1/1] (0.00ns)   --->   "%line_buffer_15_load = load i32 %line_buffer_15_load_0" [forward_prop/src/forward_prop.cpp:85]   --->   Operation 163 'load' 'line_buffer_15_load' <Predicate = (!icmp_ln67)> <Delay = 0.00>
ST_1 : Operation 164 [1/1] (0.00ns)   --->   "%line_buffer_16_load = load i32 %line_buffer_16_load_0" [forward_prop/src/forward_prop.cpp:85]   --->   Operation 164 'load' 'line_buffer_16_load' <Predicate = (!icmp_ln67)> <Delay = 0.00>
ST_1 : Operation 165 [1/1] (0.00ns)   --->   "%line_buffer_17_load = load i32 %line_buffer_17_load_0" [forward_prop/src/forward_prop.cpp:85]   --->   Operation 165 'load' 'line_buffer_17_load' <Predicate = (!icmp_ln67)> <Delay = 0.00>
ST_1 : Operation 166 [1/1] (0.00ns)   --->   "%line_buffer_18_load = load i32 %line_buffer_18_load_0" [forward_prop/src/forward_prop.cpp:85]   --->   Operation 166 'load' 'line_buffer_18_load' <Predicate = (!icmp_ln67)> <Delay = 0.00>
ST_1 : Operation 167 [1/1] (0.00ns)   --->   "%line_buffer_19_load = load i32 %line_buffer_19_load_0" [forward_prop/src/forward_prop.cpp:85]   --->   Operation 167 'load' 'line_buffer_19_load' <Predicate = (!icmp_ln67)> <Delay = 0.00>
ST_1 : Operation 168 [1/1] (0.00ns)   --->   "%line_buffer_20_load = load i32 %line_buffer_20_load_0" [forward_prop/src/forward_prop.cpp:85]   --->   Operation 168 'load' 'line_buffer_20_load' <Predicate = (!icmp_ln67)> <Delay = 0.00>
ST_1 : Operation 169 [1/1] (0.00ns)   --->   "%line_buffer_21_load = load i32 %line_buffer_21_load_0" [forward_prop/src/forward_prop.cpp:85]   --->   Operation 169 'load' 'line_buffer_21_load' <Predicate = (!icmp_ln67)> <Delay = 0.00>
ST_1 : Operation 170 [1/1] (0.00ns)   --->   "%line_buffer_22_load = load i32 %line_buffer_22_load_0" [forward_prop/src/forward_prop.cpp:85]   --->   Operation 170 'load' 'line_buffer_22_load' <Predicate = (!icmp_ln67)> <Delay = 0.00>
ST_1 : Operation 171 [1/1] (0.00ns)   --->   "%line_buffer_23_load = load i32 %line_buffer_23_load_0" [forward_prop/src/forward_prop.cpp:85]   --->   Operation 171 'load' 'line_buffer_23_load' <Predicate = (!icmp_ln67)> <Delay = 0.00>
ST_1 : Operation 172 [1/1] (0.00ns)   --->   "%line_buffer_24_load = load i32 %line_buffer_24_load_0" [forward_prop/src/forward_prop.cpp:85]   --->   Operation 172 'load' 'line_buffer_24_load' <Predicate = (!icmp_ln67)> <Delay = 0.00>
ST_1 : Operation 173 [1/1] (0.00ns)   --->   "%line_buffer_25_load = load i32 %line_buffer_25_load_0" [forward_prop/src/forward_prop.cpp:85]   --->   Operation 173 'load' 'line_buffer_25_load' <Predicate = (!icmp_ln67)> <Delay = 0.00>
ST_1 : Operation 174 [1/1] (0.00ns)   --->   "%line_buffer_26_load = load i32 %line_buffer_26_load_0" [forward_prop/src/forward_prop.cpp:85]   --->   Operation 174 'load' 'line_buffer_26_load' <Predicate = (!icmp_ln67)> <Delay = 0.00>
ST_1 : Operation 175 [1/1] (0.00ns)   --->   "%line_buffer_27_load = load i32 %line_buffer_27_load_0" [forward_prop/src/forward_prop.cpp:85]   --->   Operation 175 'load' 'line_buffer_27_load' <Predicate = (!icmp_ln67)> <Delay = 0.00>
ST_1 : Operation 176 [1/1] (0.00ns)   --->   "%new_pixel_30_load = load i32 %new_pixel_30" [forward_prop/src/forward_prop.cpp:85]   --->   Operation 176 'load' 'new_pixel_30_load' <Predicate = (!icmp_ln67)> <Delay = 0.00>
ST_1 : Operation 177 [1/1] (0.00ns)   --->   "%new_pixel_31_load = load i32 %new_pixel_31" [forward_prop/src/forward_prop.cpp:85]   --->   Operation 177 'load' 'new_pixel_31_load' <Predicate = (!icmp_ln67)> <Delay = 0.00>
ST_1 : Operation 178 [1/1] (0.00ns)   --->   "%new_pixel_32_load = load i32 %new_pixel_32" [forward_prop/src/forward_prop.cpp:85]   --->   Operation 178 'load' 'new_pixel_32_load' <Predicate = (!icmp_ln67)> <Delay = 0.00>
ST_1 : Operation 179 [1/1] (0.00ns)   --->   "%new_pixel_33_load = load i32 %new_pixel_33" [forward_prop/src/forward_prop.cpp:85]   --->   Operation 179 'load' 'new_pixel_33_load' <Predicate = (!icmp_ln67)> <Delay = 0.00>
ST_1 : Operation 180 [1/1] (0.00ns)   --->   "%new_pixel_34_load = load i32 %new_pixel_34" [forward_prop/src/forward_prop.cpp:85]   --->   Operation 180 'load' 'new_pixel_34_load' <Predicate = (!icmp_ln67)> <Delay = 0.00>
ST_1 : Operation 181 [1/1] (0.00ns)   --->   "%new_pixel_35_load = load i32 %new_pixel_35" [forward_prop/src/forward_prop.cpp:85]   --->   Operation 181 'load' 'new_pixel_35_load' <Predicate = (!icmp_ln67)> <Delay = 0.00>
ST_1 : Operation 182 [1/1] (0.00ns)   --->   "%new_pixel_36_load = load i32 %new_pixel_36" [forward_prop/src/forward_prop.cpp:85]   --->   Operation 182 'load' 'new_pixel_36_load' <Predicate = (!icmp_ln67)> <Delay = 0.00>
ST_1 : Operation 183 [1/1] (0.00ns)   --->   "%new_pixel_37_load = load i32 %new_pixel_37" [forward_prop/src/forward_prop.cpp:85]   --->   Operation 183 'load' 'new_pixel_37_load' <Predicate = (!icmp_ln67)> <Delay = 0.00>
ST_1 : Operation 184 [1/1] (0.00ns)   --->   "%new_pixel_38_load = load i32 %new_pixel_38" [forward_prop/src/forward_prop.cpp:85]   --->   Operation 184 'load' 'new_pixel_38_load' <Predicate = (!icmp_ln67)> <Delay = 0.00>
ST_1 : Operation 185 [1/1] (0.00ns)   --->   "%new_pixel_39_load = load i32 %new_pixel_39" [forward_prop/src/forward_prop.cpp:85]   --->   Operation 185 'load' 'new_pixel_39_load' <Predicate = (!icmp_ln67)> <Delay = 0.00>
ST_1 : Operation 186 [1/1] (0.00ns)   --->   "%new_pixel_40_load = load i32 %new_pixel_40" [forward_prop/src/forward_prop.cpp:85]   --->   Operation 186 'load' 'new_pixel_40_load' <Predicate = (!icmp_ln67)> <Delay = 0.00>
ST_1 : Operation 187 [1/1] (0.00ns)   --->   "%new_pixel_41_load = load i32 %new_pixel_41" [forward_prop/src/forward_prop.cpp:85]   --->   Operation 187 'load' 'new_pixel_41_load' <Predicate = (!icmp_ln67)> <Delay = 0.00>
ST_1 : Operation 188 [1/1] (0.00ns)   --->   "%new_pixel_42_load = load i32 %new_pixel_42" [forward_prop/src/forward_prop.cpp:85]   --->   Operation 188 'load' 'new_pixel_42_load' <Predicate = (!icmp_ln67)> <Delay = 0.00>
ST_1 : Operation 189 [1/1] (0.00ns)   --->   "%new_pixel_43_load = load i32 %new_pixel_43" [forward_prop/src/forward_prop.cpp:85]   --->   Operation 189 'load' 'new_pixel_43_load' <Predicate = (!icmp_ln67)> <Delay = 0.00>
ST_1 : Operation 190 [1/1] (0.00ns)   --->   "%new_pixel_44_load = load i32 %new_pixel_44" [forward_prop/src/forward_prop.cpp:85]   --->   Operation 190 'load' 'new_pixel_44_load' <Predicate = (!icmp_ln67)> <Delay = 0.00>
ST_1 : Operation 191 [1/1] (0.00ns)   --->   "%new_pixel_45_load = load i32 %new_pixel_45" [forward_prop/src/forward_prop.cpp:85]   --->   Operation 191 'load' 'new_pixel_45_load' <Predicate = (!icmp_ln67)> <Delay = 0.00>
ST_1 : Operation 192 [1/1] (0.00ns)   --->   "%new_pixel_46_load = load i32 %new_pixel_46" [forward_prop/src/forward_prop.cpp:85]   --->   Operation 192 'load' 'new_pixel_46_load' <Predicate = (!icmp_ln67)> <Delay = 0.00>
ST_1 : Operation 193 [1/1] (0.00ns)   --->   "%new_pixel_47_load = load i32 %new_pixel_47" [forward_prop/src/forward_prop.cpp:85]   --->   Operation 193 'load' 'new_pixel_47_load' <Predicate = (!icmp_ln67)> <Delay = 0.00>
ST_1 : Operation 194 [1/1] (0.00ns)   --->   "%new_pixel_48_load = load i32 %new_pixel_48" [forward_prop/src/forward_prop.cpp:85]   --->   Operation 194 'load' 'new_pixel_48_load' <Predicate = (!icmp_ln67)> <Delay = 0.00>
ST_1 : Operation 195 [1/1] (0.00ns)   --->   "%new_pixel_49_load = load i32 %new_pixel_49" [forward_prop/src/forward_prop.cpp:85]   --->   Operation 195 'load' 'new_pixel_49_load' <Predicate = (!icmp_ln67)> <Delay = 0.00>
ST_1 : Operation 196 [1/1] (0.00ns)   --->   "%new_pixel_50_load = load i32 %new_pixel_50" [forward_prop/src/forward_prop.cpp:85]   --->   Operation 196 'load' 'new_pixel_50_load' <Predicate = (!icmp_ln67)> <Delay = 0.00>
ST_1 : Operation 197 [1/1] (0.00ns)   --->   "%new_pixel_51_load = load i32 %new_pixel_51" [forward_prop/src/forward_prop.cpp:85]   --->   Operation 197 'load' 'new_pixel_51_load' <Predicate = (!icmp_ln67)> <Delay = 0.00>
ST_1 : Operation 198 [1/1] (0.00ns)   --->   "%new_pixel_52_load = load i32 %new_pixel_52" [forward_prop/src/forward_prop.cpp:85]   --->   Operation 198 'load' 'new_pixel_52_load' <Predicate = (!icmp_ln67)> <Delay = 0.00>
ST_1 : Operation 199 [1/1] (0.00ns)   --->   "%new_pixel_53_load = load i32 %new_pixel_53" [forward_prop/src/forward_prop.cpp:85]   --->   Operation 199 'load' 'new_pixel_53_load' <Predicate = (!icmp_ln67)> <Delay = 0.00>
ST_1 : Operation 200 [1/1] (0.00ns)   --->   "%new_pixel_54_load = load i32 %new_pixel_54" [forward_prop/src/forward_prop.cpp:85]   --->   Operation 200 'load' 'new_pixel_54_load' <Predicate = (!icmp_ln67)> <Delay = 0.00>
ST_1 : Operation 201 [1/1] (0.00ns)   --->   "%new_pixel_55_load = load i32 %new_pixel_55" [forward_prop/src/forward_prop.cpp:85]   --->   Operation 201 'load' 'new_pixel_55_load' <Predicate = (!icmp_ln67)> <Delay = 0.00>
ST_1 : Operation 202 [1/1] (0.00ns)   --->   "%new_pixel_56_load = load i32 %new_pixel_56" [forward_prop/src/forward_prop.cpp:85]   --->   Operation 202 'load' 'new_pixel_56_load' <Predicate = (!icmp_ln67)> <Delay = 0.00>
ST_1 : Operation 203 [1/1] (0.00ns)   --->   "%new_pixel_57_load = load i32 %new_pixel_57" [forward_prop/src/forward_prop.cpp:85]   --->   Operation 203 'load' 'new_pixel_57_load' <Predicate = (!icmp_ln67)> <Delay = 0.00>
ST_1 : Operation 204 [1/1] (0.80ns)   --->   "%tmp_s = mux i32 @_ssdm_op_Mux.ap_auto.28f32.i32, i32 %line_buffer_load, i32 %line_buffer_1_load, i32 %line_buffer_2_load, i32 %line_buffer_3_load, i32 %line_buffer_4_load, i32 %line_buffer_5_load, i32 %line_buffer_6_load, i32 %line_buffer_7_load, i32 %line_buffer_8_load, i32 %line_buffer_9_load, i32 %line_buffer_10_load, i32 %line_buffer_11_load, i32 %line_buffer_12_load, i32 %line_buffer_13_load, i32 %line_buffer_14_load, i32 %line_buffer_15_load, i32 %line_buffer_16_load, i32 %line_buffer_17_load, i32 %line_buffer_18_load, i32 %line_buffer_19_load, i32 %line_buffer_20_load, i32 %line_buffer_21_load, i32 %line_buffer_22_load, i32 %line_buffer_23_load, i32 %line_buffer_24_load, i32 %line_buffer_25_load, i32 %line_buffer_26_load, i32 %line_buffer_27_load, i32 %col_ptr_load" [forward_prop/src/forward_prop.cpp:85]   --->   Operation 204 'mux' 'tmp_s' <Predicate = (!icmp_ln67)> <Delay = 0.80> <CoreInst = "Multiplexer">   --->   Core 76 'Multiplexer' <Latency = 0> <II = 1> <Delay = 0.80> <FuncUnit> <Opcode : 'mux'> <InPorts = 2> <OutPorts = 1>
ST_1 : Operation 205 [1/1] (0.80ns)   --->   "%tmp_1 = mux i32 @_ssdm_op_Mux.ap_auto.28f32.i32, i32 %new_pixel_30_load, i32 %new_pixel_31_load, i32 %new_pixel_32_load, i32 %new_pixel_33_load, i32 %new_pixel_34_load, i32 %new_pixel_35_load, i32 %new_pixel_36_load, i32 %new_pixel_37_load, i32 %new_pixel_38_load, i32 %new_pixel_39_load, i32 %new_pixel_40_load, i32 %new_pixel_41_load, i32 %new_pixel_42_load, i32 %new_pixel_43_load, i32 %new_pixel_44_load, i32 %new_pixel_45_load, i32 %new_pixel_46_load, i32 %new_pixel_47_load, i32 %new_pixel_48_load, i32 %new_pixel_49_load, i32 %new_pixel_50_load, i32 %new_pixel_51_load, i32 %new_pixel_52_load, i32 %new_pixel_53_load, i32 %new_pixel_54_load, i32 %new_pixel_55_load, i32 %new_pixel_56_load, i32 %new_pixel_57_load, i32 %col_ptr_load" [forward_prop/src/forward_prop.cpp:85]   --->   Operation 205 'mux' 'tmp_1' <Predicate = (!icmp_ln67)> <Delay = 0.80> <CoreInst = "Multiplexer">   --->   Core 76 'Multiplexer' <Latency = 0> <II = 1> <Delay = 0.80> <FuncUnit> <Opcode : 'mux'> <InPorts = 2> <OutPorts = 1>
ST_1 : Operation 206 [1/1] (0.80ns)   --->   "%tmp = mux i32 @_ssdm_op_Mux.ap_auto.28f32.i32, i32 %new_pixel_24_load, i32 %new_pixel_25_load, i32 %new_pixel_26_load, i32 %new_pixel_27_load, i32 %new_pixel_28_load, i32 %new_pixel_29_load, i32 %new_pixel_23_load, i32 %new_pixel_load, i32 %new_pixel_3_load, i32 %new_pixel_4_load, i32 %new_pixel_5_load, i32 %new_pixel_6_load, i32 %new_pixel_7_load, i32 %new_pixel_8_load, i32 %new_pixel_9_load, i32 %new_pixel_10_load, i32 %new_pixel_11_load, i32 %new_pixel_12_load, i32 %new_pixel_13_load, i32 %new_pixel_14_load, i32 %new_pixel_15_load, i32 %new_pixel_16_load, i32 %new_pixel_17_load, i32 %new_pixel_18_load, i32 %new_pixel_19_load, i32 %new_pixel_20_load, i32 %new_pixel_21_load, i32 %new_pixel_22_load, i32 %col_ptr_load" [forward_prop/src/forward_prop.cpp:90]   --->   Operation 206 'mux' 'tmp' <Predicate = (!icmp_ln67)> <Delay = 0.80> <CoreInst = "Multiplexer">   --->   Core 76 'Multiplexer' <Latency = 0> <II = 1> <Delay = 0.80> <FuncUnit> <Opcode : 'mux'> <InPorts = 2> <OutPorts = 1>
ST_1 : Operation 207 [1/1] (0.00ns)   --->   "%trunc_ln90 = trunc i32 %col_ptr_load" [forward_prop/src/forward_prop.cpp:90]   --->   Operation 207 'trunc' 'trunc_ln90' <Predicate = (!icmp_ln67)> <Delay = 0.00>
ST_1 : Operation 208 [1/1] (0.39ns)   --->   "%switch_ln90 = switch i5 %trunc_ln90, void %arrayidx493.case.27, i5 0, void %shift_firsts_cols.split.0.arrayidx493.exit_crit_edge, i5 1, void %arrayidx493.case.1, i5 2, void %arrayidx493.case.2, i5 3, void %arrayidx493.case.3, i5 4, void %arrayidx493.case.4, i5 5, void %arrayidx493.case.5, i5 6, void %arrayidx493.case.6, i5 7, void %arrayidx493.case.7, i5 8, void %arrayidx493.case.8, i5 9, void %arrayidx493.case.9, i5 10, void %arrayidx493.case.10, i5 11, void %arrayidx493.case.11, i5 12, void %arrayidx493.case.12, i5 13, void %arrayidx493.case.13, i5 14, void %arrayidx493.case.14, i5 15, void %arrayidx493.case.15, i5 16, void %arrayidx493.case.16, i5 17, void %arrayidx493.case.17, i5 18, void %arrayidx493.case.18, i5 19, void %arrayidx493.case.19, i5 20, void %arrayidx493.case.20, i5 21, void %arrayidx493.case.21, i5 22, void %arrayidx493.case.22, i5 23, void %arrayidx493.case.23, i5 24, void %arrayidx493.case.24, i5 25, void %arrayidx493.case.25, i5 26, void %arrayidx493.case.26" [forward_prop/src/forward_prop.cpp:90]   --->   Operation 208 'switch' 'switch_ln90' <Predicate = (!icmp_ln67)> <Delay = 0.39>
ST_1 : Operation 209 [1/1] (0.00ns)   --->   "%store_ln90 = store i32 %tmp, i32 %line_buffer_26_load_0" [forward_prop/src/forward_prop.cpp:90]   --->   Operation 209 'store' 'store_ln90' <Predicate = (!icmp_ln67 & trunc_ln90 == 26)> <Delay = 0.00>
ST_1 : Operation 210 [1/1] (0.00ns)   --->   "%br_ln90 = br void %arrayidx493.exit" [forward_prop/src/forward_prop.cpp:90]   --->   Operation 210 'br' 'br_ln90' <Predicate = (!icmp_ln67 & trunc_ln90 == 26)> <Delay = 0.00>
ST_1 : Operation 211 [1/1] (0.00ns)   --->   "%store_ln90 = store i32 %tmp, i32 %line_buffer_25_load_0" [forward_prop/src/forward_prop.cpp:90]   --->   Operation 211 'store' 'store_ln90' <Predicate = (!icmp_ln67 & trunc_ln90 == 25)> <Delay = 0.00>
ST_1 : Operation 212 [1/1] (0.00ns)   --->   "%br_ln90 = br void %arrayidx493.exit" [forward_prop/src/forward_prop.cpp:90]   --->   Operation 212 'br' 'br_ln90' <Predicate = (!icmp_ln67 & trunc_ln90 == 25)> <Delay = 0.00>
ST_1 : Operation 213 [1/1] (0.00ns)   --->   "%store_ln90 = store i32 %tmp, i32 %line_buffer_24_load_0" [forward_prop/src/forward_prop.cpp:90]   --->   Operation 213 'store' 'store_ln90' <Predicate = (!icmp_ln67 & trunc_ln90 == 24)> <Delay = 0.00>
ST_1 : Operation 214 [1/1] (0.00ns)   --->   "%br_ln90 = br void %arrayidx493.exit" [forward_prop/src/forward_prop.cpp:90]   --->   Operation 214 'br' 'br_ln90' <Predicate = (!icmp_ln67 & trunc_ln90 == 24)> <Delay = 0.00>
ST_1 : Operation 215 [1/1] (0.00ns)   --->   "%store_ln90 = store i32 %tmp, i32 %line_buffer_23_load_0" [forward_prop/src/forward_prop.cpp:90]   --->   Operation 215 'store' 'store_ln90' <Predicate = (!icmp_ln67 & trunc_ln90 == 23)> <Delay = 0.00>
ST_1 : Operation 216 [1/1] (0.00ns)   --->   "%br_ln90 = br void %arrayidx493.exit" [forward_prop/src/forward_prop.cpp:90]   --->   Operation 216 'br' 'br_ln90' <Predicate = (!icmp_ln67 & trunc_ln90 == 23)> <Delay = 0.00>
ST_1 : Operation 217 [1/1] (0.00ns)   --->   "%store_ln90 = store i32 %tmp, i32 %line_buffer_22_load_0" [forward_prop/src/forward_prop.cpp:90]   --->   Operation 217 'store' 'store_ln90' <Predicate = (!icmp_ln67 & trunc_ln90 == 22)> <Delay = 0.00>
ST_1 : Operation 218 [1/1] (0.00ns)   --->   "%br_ln90 = br void %arrayidx493.exit" [forward_prop/src/forward_prop.cpp:90]   --->   Operation 218 'br' 'br_ln90' <Predicate = (!icmp_ln67 & trunc_ln90 == 22)> <Delay = 0.00>
ST_1 : Operation 219 [1/1] (0.00ns)   --->   "%store_ln90 = store i32 %tmp, i32 %line_buffer_21_load_0" [forward_prop/src/forward_prop.cpp:90]   --->   Operation 219 'store' 'store_ln90' <Predicate = (!icmp_ln67 & trunc_ln90 == 21)> <Delay = 0.00>
ST_1 : Operation 220 [1/1] (0.00ns)   --->   "%br_ln90 = br void %arrayidx493.exit" [forward_prop/src/forward_prop.cpp:90]   --->   Operation 220 'br' 'br_ln90' <Predicate = (!icmp_ln67 & trunc_ln90 == 21)> <Delay = 0.00>
ST_1 : Operation 221 [1/1] (0.00ns)   --->   "%store_ln90 = store i32 %tmp, i32 %line_buffer_20_load_0" [forward_prop/src/forward_prop.cpp:90]   --->   Operation 221 'store' 'store_ln90' <Predicate = (!icmp_ln67 & trunc_ln90 == 20)> <Delay = 0.00>
ST_1 : Operation 222 [1/1] (0.00ns)   --->   "%br_ln90 = br void %arrayidx493.exit" [forward_prop/src/forward_prop.cpp:90]   --->   Operation 222 'br' 'br_ln90' <Predicate = (!icmp_ln67 & trunc_ln90 == 20)> <Delay = 0.00>
ST_1 : Operation 223 [1/1] (0.00ns)   --->   "%store_ln90 = store i32 %tmp, i32 %line_buffer_19_load_0" [forward_prop/src/forward_prop.cpp:90]   --->   Operation 223 'store' 'store_ln90' <Predicate = (!icmp_ln67 & trunc_ln90 == 19)> <Delay = 0.00>
ST_1 : Operation 224 [1/1] (0.00ns)   --->   "%br_ln90 = br void %arrayidx493.exit" [forward_prop/src/forward_prop.cpp:90]   --->   Operation 224 'br' 'br_ln90' <Predicate = (!icmp_ln67 & trunc_ln90 == 19)> <Delay = 0.00>
ST_1 : Operation 225 [1/1] (0.00ns)   --->   "%store_ln90 = store i32 %tmp, i32 %line_buffer_18_load_0" [forward_prop/src/forward_prop.cpp:90]   --->   Operation 225 'store' 'store_ln90' <Predicate = (!icmp_ln67 & trunc_ln90 == 18)> <Delay = 0.00>
ST_1 : Operation 226 [1/1] (0.00ns)   --->   "%br_ln90 = br void %arrayidx493.exit" [forward_prop/src/forward_prop.cpp:90]   --->   Operation 226 'br' 'br_ln90' <Predicate = (!icmp_ln67 & trunc_ln90 == 18)> <Delay = 0.00>
ST_1 : Operation 227 [1/1] (0.00ns)   --->   "%store_ln90 = store i32 %tmp, i32 %line_buffer_17_load_0" [forward_prop/src/forward_prop.cpp:90]   --->   Operation 227 'store' 'store_ln90' <Predicate = (!icmp_ln67 & trunc_ln90 == 17)> <Delay = 0.00>
ST_1 : Operation 228 [1/1] (0.00ns)   --->   "%br_ln90 = br void %arrayidx493.exit" [forward_prop/src/forward_prop.cpp:90]   --->   Operation 228 'br' 'br_ln90' <Predicate = (!icmp_ln67 & trunc_ln90 == 17)> <Delay = 0.00>
ST_1 : Operation 229 [1/1] (0.00ns)   --->   "%store_ln90 = store i32 %tmp, i32 %line_buffer_16_load_0" [forward_prop/src/forward_prop.cpp:90]   --->   Operation 229 'store' 'store_ln90' <Predicate = (!icmp_ln67 & trunc_ln90 == 16)> <Delay = 0.00>
ST_1 : Operation 230 [1/1] (0.00ns)   --->   "%br_ln90 = br void %arrayidx493.exit" [forward_prop/src/forward_prop.cpp:90]   --->   Operation 230 'br' 'br_ln90' <Predicate = (!icmp_ln67 & trunc_ln90 == 16)> <Delay = 0.00>
ST_1 : Operation 231 [1/1] (0.00ns)   --->   "%store_ln90 = store i32 %tmp, i32 %line_buffer_15_load_0" [forward_prop/src/forward_prop.cpp:90]   --->   Operation 231 'store' 'store_ln90' <Predicate = (!icmp_ln67 & trunc_ln90 == 15)> <Delay = 0.00>
ST_1 : Operation 232 [1/1] (0.00ns)   --->   "%br_ln90 = br void %arrayidx493.exit" [forward_prop/src/forward_prop.cpp:90]   --->   Operation 232 'br' 'br_ln90' <Predicate = (!icmp_ln67 & trunc_ln90 == 15)> <Delay = 0.00>
ST_1 : Operation 233 [1/1] (0.00ns)   --->   "%store_ln90 = store i32 %tmp, i32 %line_buffer_14_load_0" [forward_prop/src/forward_prop.cpp:90]   --->   Operation 233 'store' 'store_ln90' <Predicate = (!icmp_ln67 & trunc_ln90 == 14)> <Delay = 0.00>
ST_1 : Operation 234 [1/1] (0.00ns)   --->   "%br_ln90 = br void %arrayidx493.exit" [forward_prop/src/forward_prop.cpp:90]   --->   Operation 234 'br' 'br_ln90' <Predicate = (!icmp_ln67 & trunc_ln90 == 14)> <Delay = 0.00>
ST_1 : Operation 235 [1/1] (0.00ns)   --->   "%store_ln90 = store i32 %tmp, i32 %line_buffer_13_load_0" [forward_prop/src/forward_prop.cpp:90]   --->   Operation 235 'store' 'store_ln90' <Predicate = (!icmp_ln67 & trunc_ln90 == 13)> <Delay = 0.00>
ST_1 : Operation 236 [1/1] (0.00ns)   --->   "%br_ln90 = br void %arrayidx493.exit" [forward_prop/src/forward_prop.cpp:90]   --->   Operation 236 'br' 'br_ln90' <Predicate = (!icmp_ln67 & trunc_ln90 == 13)> <Delay = 0.00>
ST_1 : Operation 237 [1/1] (0.00ns)   --->   "%store_ln90 = store i32 %tmp, i32 %line_buffer_12_load_0" [forward_prop/src/forward_prop.cpp:90]   --->   Operation 237 'store' 'store_ln90' <Predicate = (!icmp_ln67 & trunc_ln90 == 12)> <Delay = 0.00>
ST_1 : Operation 238 [1/1] (0.00ns)   --->   "%br_ln90 = br void %arrayidx493.exit" [forward_prop/src/forward_prop.cpp:90]   --->   Operation 238 'br' 'br_ln90' <Predicate = (!icmp_ln67 & trunc_ln90 == 12)> <Delay = 0.00>
ST_1 : Operation 239 [1/1] (0.00ns)   --->   "%store_ln90 = store i32 %tmp, i32 %line_buffer_11_load_0" [forward_prop/src/forward_prop.cpp:90]   --->   Operation 239 'store' 'store_ln90' <Predicate = (!icmp_ln67 & trunc_ln90 == 11)> <Delay = 0.00>
ST_1 : Operation 240 [1/1] (0.00ns)   --->   "%br_ln90 = br void %arrayidx493.exit" [forward_prop/src/forward_prop.cpp:90]   --->   Operation 240 'br' 'br_ln90' <Predicate = (!icmp_ln67 & trunc_ln90 == 11)> <Delay = 0.00>
ST_1 : Operation 241 [1/1] (0.00ns)   --->   "%store_ln90 = store i32 %tmp, i32 %line_buffer_10_load_0" [forward_prop/src/forward_prop.cpp:90]   --->   Operation 241 'store' 'store_ln90' <Predicate = (!icmp_ln67 & trunc_ln90 == 10)> <Delay = 0.00>
ST_1 : Operation 242 [1/1] (0.00ns)   --->   "%br_ln90 = br void %arrayidx493.exit" [forward_prop/src/forward_prop.cpp:90]   --->   Operation 242 'br' 'br_ln90' <Predicate = (!icmp_ln67 & trunc_ln90 == 10)> <Delay = 0.00>
ST_1 : Operation 243 [1/1] (0.00ns)   --->   "%store_ln90 = store i32 %tmp, i32 %line_buffer_9_load_0" [forward_prop/src/forward_prop.cpp:90]   --->   Operation 243 'store' 'store_ln90' <Predicate = (!icmp_ln67 & trunc_ln90 == 9)> <Delay = 0.00>
ST_1 : Operation 244 [1/1] (0.00ns)   --->   "%br_ln90 = br void %arrayidx493.exit" [forward_prop/src/forward_prop.cpp:90]   --->   Operation 244 'br' 'br_ln90' <Predicate = (!icmp_ln67 & trunc_ln90 == 9)> <Delay = 0.00>
ST_1 : Operation 245 [1/1] (0.00ns)   --->   "%store_ln90 = store i32 %tmp, i32 %line_buffer_8_load_0" [forward_prop/src/forward_prop.cpp:90]   --->   Operation 245 'store' 'store_ln90' <Predicate = (!icmp_ln67 & trunc_ln90 == 8)> <Delay = 0.00>
ST_1 : Operation 246 [1/1] (0.00ns)   --->   "%br_ln90 = br void %arrayidx493.exit" [forward_prop/src/forward_prop.cpp:90]   --->   Operation 246 'br' 'br_ln90' <Predicate = (!icmp_ln67 & trunc_ln90 == 8)> <Delay = 0.00>
ST_1 : Operation 247 [1/1] (0.00ns)   --->   "%store_ln90 = store i32 %tmp, i32 %line_buffer_7_load_0" [forward_prop/src/forward_prop.cpp:90]   --->   Operation 247 'store' 'store_ln90' <Predicate = (!icmp_ln67 & trunc_ln90 == 7)> <Delay = 0.00>
ST_1 : Operation 248 [1/1] (0.00ns)   --->   "%br_ln90 = br void %arrayidx493.exit" [forward_prop/src/forward_prop.cpp:90]   --->   Operation 248 'br' 'br_ln90' <Predicate = (!icmp_ln67 & trunc_ln90 == 7)> <Delay = 0.00>
ST_1 : Operation 249 [1/1] (0.00ns)   --->   "%store_ln90 = store i32 %tmp, i32 %line_buffer_6_load_0" [forward_prop/src/forward_prop.cpp:90]   --->   Operation 249 'store' 'store_ln90' <Predicate = (!icmp_ln67 & trunc_ln90 == 6)> <Delay = 0.00>
ST_1 : Operation 250 [1/1] (0.00ns)   --->   "%br_ln90 = br void %arrayidx493.exit" [forward_prop/src/forward_prop.cpp:90]   --->   Operation 250 'br' 'br_ln90' <Predicate = (!icmp_ln67 & trunc_ln90 == 6)> <Delay = 0.00>
ST_1 : Operation 251 [1/1] (0.00ns)   --->   "%store_ln90 = store i32 %tmp, i32 %line_buffer_5_load_1_0" [forward_prop/src/forward_prop.cpp:90]   --->   Operation 251 'store' 'store_ln90' <Predicate = (!icmp_ln67 & trunc_ln90 == 5)> <Delay = 0.00>
ST_1 : Operation 252 [1/1] (0.00ns)   --->   "%br_ln90 = br void %arrayidx493.exit" [forward_prop/src/forward_prop.cpp:90]   --->   Operation 252 'br' 'br_ln90' <Predicate = (!icmp_ln67 & trunc_ln90 == 5)> <Delay = 0.00>
ST_1 : Operation 253 [1/1] (0.00ns)   --->   "%store_ln90 = store i32 %tmp, i32 %line_buffer_4_load_1_0" [forward_prop/src/forward_prop.cpp:90]   --->   Operation 253 'store' 'store_ln90' <Predicate = (!icmp_ln67 & trunc_ln90 == 4)> <Delay = 0.00>
ST_1 : Operation 254 [1/1] (0.00ns)   --->   "%br_ln90 = br void %arrayidx493.exit" [forward_prop/src/forward_prop.cpp:90]   --->   Operation 254 'br' 'br_ln90' <Predicate = (!icmp_ln67 & trunc_ln90 == 4)> <Delay = 0.00>
ST_1 : Operation 255 [1/1] (0.00ns)   --->   "%store_ln90 = store i32 %tmp, i32 %line_buffer_3_load_1_0" [forward_prop/src/forward_prop.cpp:90]   --->   Operation 255 'store' 'store_ln90' <Predicate = (!icmp_ln67 & trunc_ln90 == 3)> <Delay = 0.00>
ST_1 : Operation 256 [1/1] (0.00ns)   --->   "%br_ln90 = br void %arrayidx493.exit" [forward_prop/src/forward_prop.cpp:90]   --->   Operation 256 'br' 'br_ln90' <Predicate = (!icmp_ln67 & trunc_ln90 == 3)> <Delay = 0.00>
ST_1 : Operation 257 [1/1] (0.00ns)   --->   "%store_ln90 = store i32 %tmp, i32 %line_buffer_2_load_1_0" [forward_prop/src/forward_prop.cpp:90]   --->   Operation 257 'store' 'store_ln90' <Predicate = (!icmp_ln67 & trunc_ln90 == 2)> <Delay = 0.00>
ST_1 : Operation 258 [1/1] (0.00ns)   --->   "%br_ln90 = br void %arrayidx493.exit" [forward_prop/src/forward_prop.cpp:90]   --->   Operation 258 'br' 'br_ln90' <Predicate = (!icmp_ln67 & trunc_ln90 == 2)> <Delay = 0.00>
ST_1 : Operation 259 [1/1] (0.00ns)   --->   "%store_ln90 = store i32 %tmp, i32 %line_buffer_1_load_1_0" [forward_prop/src/forward_prop.cpp:90]   --->   Operation 259 'store' 'store_ln90' <Predicate = (!icmp_ln67 & trunc_ln90 == 1)> <Delay = 0.00>
ST_1 : Operation 260 [1/1] (0.00ns)   --->   "%br_ln90 = br void %arrayidx493.exit" [forward_prop/src/forward_prop.cpp:90]   --->   Operation 260 'br' 'br_ln90' <Predicate = (!icmp_ln67 & trunc_ln90 == 1)> <Delay = 0.00>
ST_1 : Operation 261 [1/1] (0.00ns)   --->   "%store_ln90 = store i32 %tmp, i32 %line_buffer_load_2_0" [forward_prop/src/forward_prop.cpp:90]   --->   Operation 261 'store' 'store_ln90' <Predicate = (!icmp_ln67 & trunc_ln90 == 0)> <Delay = 0.00>
ST_1 : Operation 262 [1/1] (0.00ns)   --->   "%br_ln90 = br void %arrayidx493.exit" [forward_prop/src/forward_prop.cpp:90]   --->   Operation 262 'br' 'br_ln90' <Predicate = (!icmp_ln67 & trunc_ln90 == 0)> <Delay = 0.00>
ST_1 : Operation 263 [1/1] (0.00ns)   --->   "%store_ln90 = store i32 %tmp, i32 %line_buffer_27_load_0" [forward_prop/src/forward_prop.cpp:90]   --->   Operation 263 'store' 'store_ln90' <Predicate = (!icmp_ln67 & trunc_ln90 == 31) | (!icmp_ln67 & trunc_ln90 == 30) | (!icmp_ln67 & trunc_ln90 == 29) | (!icmp_ln67 & trunc_ln90 == 28) | (!icmp_ln67 & trunc_ln90 == 27)> <Delay = 0.00>
ST_1 : Operation 264 [1/1] (0.00ns)   --->   "%br_ln90 = br void %arrayidx493.exit" [forward_prop/src/forward_prop.cpp:90]   --->   Operation 264 'br' 'br_ln90' <Predicate = (!icmp_ln67 & trunc_ln90 == 31) | (!icmp_ln67 & trunc_ln90 == 30) | (!icmp_ln67 & trunc_ln90 == 29) | (!icmp_ln67 & trunc_ln90 == 28) | (!icmp_ln67 & trunc_ln90 == 27)> <Delay = 0.00>
ST_1 : Operation 265 [1/1] (0.00ns)   --->   "%store_ln92 = store i32 %new_pixel_2, i32 %new_pixel_56" [forward_prop/src/forward_prop.cpp:92]   --->   Operation 265 'store' 'store_ln92' <Predicate = (!icmp_ln67 & trunc_ln90 == 26)> <Delay = 0.00>
ST_1 : Operation 266 [1/1] (0.00ns)   --->   "%store_ln92 = store i32 %new_pixel_2, i32 %new_pixel_21" [forward_prop/src/forward_prop.cpp:92]   --->   Operation 266 'store' 'store_ln92' <Predicate = (!icmp_ln67 & trunc_ln90 == 26)> <Delay = 0.00>
ST_1 : Operation 267 [1/1] (0.00ns)   --->   "%br_ln92 = br void %arrayidx452.exit" [forward_prop/src/forward_prop.cpp:92]   --->   Operation 267 'br' 'br_ln92' <Predicate = (!icmp_ln67 & trunc_ln90 == 26)> <Delay = 0.00>
ST_1 : Operation 268 [1/1] (0.00ns)   --->   "%store_ln92 = store i32 %new_pixel_2, i32 %new_pixel_55" [forward_prop/src/forward_prop.cpp:92]   --->   Operation 268 'store' 'store_ln92' <Predicate = (!icmp_ln67 & trunc_ln90 == 25)> <Delay = 0.00>
ST_1 : Operation 269 [1/1] (0.00ns)   --->   "%store_ln92 = store i32 %new_pixel_2, i32 %new_pixel_20" [forward_prop/src/forward_prop.cpp:92]   --->   Operation 269 'store' 'store_ln92' <Predicate = (!icmp_ln67 & trunc_ln90 == 25)> <Delay = 0.00>
ST_1 : Operation 270 [1/1] (0.00ns)   --->   "%br_ln92 = br void %arrayidx452.exit" [forward_prop/src/forward_prop.cpp:92]   --->   Operation 270 'br' 'br_ln92' <Predicate = (!icmp_ln67 & trunc_ln90 == 25)> <Delay = 0.00>
ST_1 : Operation 271 [1/1] (0.00ns)   --->   "%store_ln92 = store i32 %new_pixel_2, i32 %new_pixel_54" [forward_prop/src/forward_prop.cpp:92]   --->   Operation 271 'store' 'store_ln92' <Predicate = (!icmp_ln67 & trunc_ln90 == 24)> <Delay = 0.00>
ST_1 : Operation 272 [1/1] (0.00ns)   --->   "%store_ln92 = store i32 %new_pixel_2, i32 %new_pixel_19" [forward_prop/src/forward_prop.cpp:92]   --->   Operation 272 'store' 'store_ln92' <Predicate = (!icmp_ln67 & trunc_ln90 == 24)> <Delay = 0.00>
ST_1 : Operation 273 [1/1] (0.00ns)   --->   "%br_ln92 = br void %arrayidx452.exit" [forward_prop/src/forward_prop.cpp:92]   --->   Operation 273 'br' 'br_ln92' <Predicate = (!icmp_ln67 & trunc_ln90 == 24)> <Delay = 0.00>
ST_1 : Operation 274 [1/1] (0.00ns)   --->   "%store_ln92 = store i32 %new_pixel_2, i32 %new_pixel_53" [forward_prop/src/forward_prop.cpp:92]   --->   Operation 274 'store' 'store_ln92' <Predicate = (!icmp_ln67 & trunc_ln90 == 23)> <Delay = 0.00>
ST_1 : Operation 275 [1/1] (0.00ns)   --->   "%store_ln92 = store i32 %new_pixel_2, i32 %new_pixel_18" [forward_prop/src/forward_prop.cpp:92]   --->   Operation 275 'store' 'store_ln92' <Predicate = (!icmp_ln67 & trunc_ln90 == 23)> <Delay = 0.00>
ST_1 : Operation 276 [1/1] (0.00ns)   --->   "%br_ln92 = br void %arrayidx452.exit" [forward_prop/src/forward_prop.cpp:92]   --->   Operation 276 'br' 'br_ln92' <Predicate = (!icmp_ln67 & trunc_ln90 == 23)> <Delay = 0.00>
ST_1 : Operation 277 [1/1] (0.00ns)   --->   "%store_ln92 = store i32 %new_pixel_2, i32 %new_pixel_52" [forward_prop/src/forward_prop.cpp:92]   --->   Operation 277 'store' 'store_ln92' <Predicate = (!icmp_ln67 & trunc_ln90 == 22)> <Delay = 0.00>
ST_1 : Operation 278 [1/1] (0.00ns)   --->   "%store_ln92 = store i32 %new_pixel_2, i32 %new_pixel_17" [forward_prop/src/forward_prop.cpp:92]   --->   Operation 278 'store' 'store_ln92' <Predicate = (!icmp_ln67 & trunc_ln90 == 22)> <Delay = 0.00>
ST_1 : Operation 279 [1/1] (0.00ns)   --->   "%br_ln92 = br void %arrayidx452.exit" [forward_prop/src/forward_prop.cpp:92]   --->   Operation 279 'br' 'br_ln92' <Predicate = (!icmp_ln67 & trunc_ln90 == 22)> <Delay = 0.00>
ST_1 : Operation 280 [1/1] (0.00ns)   --->   "%store_ln92 = store i32 %new_pixel_2, i32 %new_pixel_51" [forward_prop/src/forward_prop.cpp:92]   --->   Operation 280 'store' 'store_ln92' <Predicate = (!icmp_ln67 & trunc_ln90 == 21)> <Delay = 0.00>
ST_1 : Operation 281 [1/1] (0.00ns)   --->   "%store_ln92 = store i32 %new_pixel_2, i32 %new_pixel_16" [forward_prop/src/forward_prop.cpp:92]   --->   Operation 281 'store' 'store_ln92' <Predicate = (!icmp_ln67 & trunc_ln90 == 21)> <Delay = 0.00>
ST_1 : Operation 282 [1/1] (0.00ns)   --->   "%br_ln92 = br void %arrayidx452.exit" [forward_prop/src/forward_prop.cpp:92]   --->   Operation 282 'br' 'br_ln92' <Predicate = (!icmp_ln67 & trunc_ln90 == 21)> <Delay = 0.00>
ST_1 : Operation 283 [1/1] (0.00ns)   --->   "%store_ln92 = store i32 %new_pixel_2, i32 %new_pixel_50" [forward_prop/src/forward_prop.cpp:92]   --->   Operation 283 'store' 'store_ln92' <Predicate = (!icmp_ln67 & trunc_ln90 == 20)> <Delay = 0.00>
ST_1 : Operation 284 [1/1] (0.00ns)   --->   "%store_ln92 = store i32 %new_pixel_2, i32 %new_pixel_15" [forward_prop/src/forward_prop.cpp:92]   --->   Operation 284 'store' 'store_ln92' <Predicate = (!icmp_ln67 & trunc_ln90 == 20)> <Delay = 0.00>
ST_1 : Operation 285 [1/1] (0.00ns)   --->   "%br_ln92 = br void %arrayidx452.exit" [forward_prop/src/forward_prop.cpp:92]   --->   Operation 285 'br' 'br_ln92' <Predicate = (!icmp_ln67 & trunc_ln90 == 20)> <Delay = 0.00>
ST_1 : Operation 286 [1/1] (0.00ns)   --->   "%store_ln92 = store i32 %new_pixel_2, i32 %new_pixel_49" [forward_prop/src/forward_prop.cpp:92]   --->   Operation 286 'store' 'store_ln92' <Predicate = (!icmp_ln67 & trunc_ln90 == 19)> <Delay = 0.00>
ST_1 : Operation 287 [1/1] (0.00ns)   --->   "%store_ln92 = store i32 %new_pixel_2, i32 %new_pixel_14" [forward_prop/src/forward_prop.cpp:92]   --->   Operation 287 'store' 'store_ln92' <Predicate = (!icmp_ln67 & trunc_ln90 == 19)> <Delay = 0.00>
ST_1 : Operation 288 [1/1] (0.00ns)   --->   "%br_ln92 = br void %arrayidx452.exit" [forward_prop/src/forward_prop.cpp:92]   --->   Operation 288 'br' 'br_ln92' <Predicate = (!icmp_ln67 & trunc_ln90 == 19)> <Delay = 0.00>
ST_1 : Operation 289 [1/1] (0.00ns)   --->   "%store_ln92 = store i32 %new_pixel_2, i32 %new_pixel_48" [forward_prop/src/forward_prop.cpp:92]   --->   Operation 289 'store' 'store_ln92' <Predicate = (!icmp_ln67 & trunc_ln90 == 18)> <Delay = 0.00>
ST_1 : Operation 290 [1/1] (0.00ns)   --->   "%store_ln92 = store i32 %new_pixel_2, i32 %new_pixel_13" [forward_prop/src/forward_prop.cpp:92]   --->   Operation 290 'store' 'store_ln92' <Predicate = (!icmp_ln67 & trunc_ln90 == 18)> <Delay = 0.00>
ST_1 : Operation 291 [1/1] (0.00ns)   --->   "%br_ln92 = br void %arrayidx452.exit" [forward_prop/src/forward_prop.cpp:92]   --->   Operation 291 'br' 'br_ln92' <Predicate = (!icmp_ln67 & trunc_ln90 == 18)> <Delay = 0.00>
ST_1 : Operation 292 [1/1] (0.00ns)   --->   "%store_ln92 = store i32 %new_pixel_2, i32 %new_pixel_47" [forward_prop/src/forward_prop.cpp:92]   --->   Operation 292 'store' 'store_ln92' <Predicate = (!icmp_ln67 & trunc_ln90 == 17)> <Delay = 0.00>
ST_1 : Operation 293 [1/1] (0.00ns)   --->   "%store_ln92 = store i32 %new_pixel_2, i32 %new_pixel_12" [forward_prop/src/forward_prop.cpp:92]   --->   Operation 293 'store' 'store_ln92' <Predicate = (!icmp_ln67 & trunc_ln90 == 17)> <Delay = 0.00>
ST_1 : Operation 294 [1/1] (0.00ns)   --->   "%br_ln92 = br void %arrayidx452.exit" [forward_prop/src/forward_prop.cpp:92]   --->   Operation 294 'br' 'br_ln92' <Predicate = (!icmp_ln67 & trunc_ln90 == 17)> <Delay = 0.00>
ST_1 : Operation 295 [1/1] (0.00ns)   --->   "%store_ln92 = store i32 %new_pixel_2, i32 %new_pixel_46" [forward_prop/src/forward_prop.cpp:92]   --->   Operation 295 'store' 'store_ln92' <Predicate = (!icmp_ln67 & trunc_ln90 == 16)> <Delay = 0.00>
ST_1 : Operation 296 [1/1] (0.00ns)   --->   "%store_ln92 = store i32 %new_pixel_2, i32 %new_pixel_11" [forward_prop/src/forward_prop.cpp:92]   --->   Operation 296 'store' 'store_ln92' <Predicate = (!icmp_ln67 & trunc_ln90 == 16)> <Delay = 0.00>
ST_1 : Operation 297 [1/1] (0.00ns)   --->   "%br_ln92 = br void %arrayidx452.exit" [forward_prop/src/forward_prop.cpp:92]   --->   Operation 297 'br' 'br_ln92' <Predicate = (!icmp_ln67 & trunc_ln90 == 16)> <Delay = 0.00>
ST_1 : Operation 298 [1/1] (0.00ns)   --->   "%store_ln92 = store i32 %new_pixel_2, i32 %new_pixel_45" [forward_prop/src/forward_prop.cpp:92]   --->   Operation 298 'store' 'store_ln92' <Predicate = (!icmp_ln67 & trunc_ln90 == 15)> <Delay = 0.00>
ST_1 : Operation 299 [1/1] (0.00ns)   --->   "%store_ln92 = store i32 %new_pixel_2, i32 %new_pixel_10" [forward_prop/src/forward_prop.cpp:92]   --->   Operation 299 'store' 'store_ln92' <Predicate = (!icmp_ln67 & trunc_ln90 == 15)> <Delay = 0.00>
ST_1 : Operation 300 [1/1] (0.00ns)   --->   "%br_ln92 = br void %arrayidx452.exit" [forward_prop/src/forward_prop.cpp:92]   --->   Operation 300 'br' 'br_ln92' <Predicate = (!icmp_ln67 & trunc_ln90 == 15)> <Delay = 0.00>
ST_1 : Operation 301 [1/1] (0.00ns)   --->   "%store_ln92 = store i32 %new_pixel_2, i32 %new_pixel_44" [forward_prop/src/forward_prop.cpp:92]   --->   Operation 301 'store' 'store_ln92' <Predicate = (!icmp_ln67 & trunc_ln90 == 14)> <Delay = 0.00>
ST_1 : Operation 302 [1/1] (0.00ns)   --->   "%store_ln92 = store i32 %new_pixel_2, i32 %new_pixel_9" [forward_prop/src/forward_prop.cpp:92]   --->   Operation 302 'store' 'store_ln92' <Predicate = (!icmp_ln67 & trunc_ln90 == 14)> <Delay = 0.00>
ST_1 : Operation 303 [1/1] (0.00ns)   --->   "%br_ln92 = br void %arrayidx452.exit" [forward_prop/src/forward_prop.cpp:92]   --->   Operation 303 'br' 'br_ln92' <Predicate = (!icmp_ln67 & trunc_ln90 == 14)> <Delay = 0.00>
ST_1 : Operation 304 [1/1] (0.00ns)   --->   "%store_ln92 = store i32 %new_pixel_2, i32 %new_pixel_43" [forward_prop/src/forward_prop.cpp:92]   --->   Operation 304 'store' 'store_ln92' <Predicate = (!icmp_ln67 & trunc_ln90 == 13)> <Delay = 0.00>
ST_1 : Operation 305 [1/1] (0.00ns)   --->   "%store_ln92 = store i32 %new_pixel_2, i32 %new_pixel_8" [forward_prop/src/forward_prop.cpp:92]   --->   Operation 305 'store' 'store_ln92' <Predicate = (!icmp_ln67 & trunc_ln90 == 13)> <Delay = 0.00>
ST_1 : Operation 306 [1/1] (0.00ns)   --->   "%br_ln92 = br void %arrayidx452.exit" [forward_prop/src/forward_prop.cpp:92]   --->   Operation 306 'br' 'br_ln92' <Predicate = (!icmp_ln67 & trunc_ln90 == 13)> <Delay = 0.00>
ST_1 : Operation 307 [1/1] (0.00ns)   --->   "%store_ln92 = store i32 %new_pixel_2, i32 %new_pixel_42" [forward_prop/src/forward_prop.cpp:92]   --->   Operation 307 'store' 'store_ln92' <Predicate = (!icmp_ln67 & trunc_ln90 == 12)> <Delay = 0.00>
ST_1 : Operation 308 [1/1] (0.00ns)   --->   "%store_ln92 = store i32 %new_pixel_2, i32 %new_pixel_7" [forward_prop/src/forward_prop.cpp:92]   --->   Operation 308 'store' 'store_ln92' <Predicate = (!icmp_ln67 & trunc_ln90 == 12)> <Delay = 0.00>
ST_1 : Operation 309 [1/1] (0.00ns)   --->   "%br_ln92 = br void %arrayidx452.exit" [forward_prop/src/forward_prop.cpp:92]   --->   Operation 309 'br' 'br_ln92' <Predicate = (!icmp_ln67 & trunc_ln90 == 12)> <Delay = 0.00>
ST_1 : Operation 310 [1/1] (0.00ns)   --->   "%store_ln92 = store i32 %new_pixel_2, i32 %new_pixel_41" [forward_prop/src/forward_prop.cpp:92]   --->   Operation 310 'store' 'store_ln92' <Predicate = (!icmp_ln67 & trunc_ln90 == 11)> <Delay = 0.00>
ST_1 : Operation 311 [1/1] (0.00ns)   --->   "%store_ln92 = store i32 %new_pixel_2, i32 %new_pixel_6" [forward_prop/src/forward_prop.cpp:92]   --->   Operation 311 'store' 'store_ln92' <Predicate = (!icmp_ln67 & trunc_ln90 == 11)> <Delay = 0.00>
ST_1 : Operation 312 [1/1] (0.00ns)   --->   "%br_ln92 = br void %arrayidx452.exit" [forward_prop/src/forward_prop.cpp:92]   --->   Operation 312 'br' 'br_ln92' <Predicate = (!icmp_ln67 & trunc_ln90 == 11)> <Delay = 0.00>
ST_1 : Operation 313 [1/1] (0.00ns)   --->   "%store_ln92 = store i32 %new_pixel_2, i32 %new_pixel_40" [forward_prop/src/forward_prop.cpp:92]   --->   Operation 313 'store' 'store_ln92' <Predicate = (!icmp_ln67 & trunc_ln90 == 10)> <Delay = 0.00>
ST_1 : Operation 314 [1/1] (0.00ns)   --->   "%store_ln92 = store i32 %new_pixel_2, i32 %new_pixel_5" [forward_prop/src/forward_prop.cpp:92]   --->   Operation 314 'store' 'store_ln92' <Predicate = (!icmp_ln67 & trunc_ln90 == 10)> <Delay = 0.00>
ST_1 : Operation 315 [1/1] (0.00ns)   --->   "%br_ln92 = br void %arrayidx452.exit" [forward_prop/src/forward_prop.cpp:92]   --->   Operation 315 'br' 'br_ln92' <Predicate = (!icmp_ln67 & trunc_ln90 == 10)> <Delay = 0.00>
ST_1 : Operation 316 [1/1] (0.00ns)   --->   "%store_ln92 = store i32 %new_pixel_2, i32 %new_pixel_39" [forward_prop/src/forward_prop.cpp:92]   --->   Operation 316 'store' 'store_ln92' <Predicate = (!icmp_ln67 & trunc_ln90 == 9)> <Delay = 0.00>
ST_1 : Operation 317 [1/1] (0.00ns)   --->   "%store_ln92 = store i32 %new_pixel_2, i32 %new_pixel_4" [forward_prop/src/forward_prop.cpp:92]   --->   Operation 317 'store' 'store_ln92' <Predicate = (!icmp_ln67 & trunc_ln90 == 9)> <Delay = 0.00>
ST_1 : Operation 318 [1/1] (0.00ns)   --->   "%br_ln92 = br void %arrayidx452.exit" [forward_prop/src/forward_prop.cpp:92]   --->   Operation 318 'br' 'br_ln92' <Predicate = (!icmp_ln67 & trunc_ln90 == 9)> <Delay = 0.00>
ST_1 : Operation 319 [1/1] (0.00ns)   --->   "%store_ln92 = store i32 %new_pixel_2, i32 %new_pixel_38" [forward_prop/src/forward_prop.cpp:92]   --->   Operation 319 'store' 'store_ln92' <Predicate = (!icmp_ln67 & trunc_ln90 == 8)> <Delay = 0.00>
ST_1 : Operation 320 [1/1] (0.00ns)   --->   "%store_ln92 = store i32 %new_pixel_2, i32 %new_pixel_3" [forward_prop/src/forward_prop.cpp:92]   --->   Operation 320 'store' 'store_ln92' <Predicate = (!icmp_ln67 & trunc_ln90 == 8)> <Delay = 0.00>
ST_1 : Operation 321 [1/1] (0.00ns)   --->   "%br_ln92 = br void %arrayidx452.exit" [forward_prop/src/forward_prop.cpp:92]   --->   Operation 321 'br' 'br_ln92' <Predicate = (!icmp_ln67 & trunc_ln90 == 8)> <Delay = 0.00>
ST_1 : Operation 322 [1/1] (0.00ns)   --->   "%store_ln92 = store i32 %new_pixel_2, i32 %new_pixel_37" [forward_prop/src/forward_prop.cpp:92]   --->   Operation 322 'store' 'store_ln92' <Predicate = (!icmp_ln67 & trunc_ln90 == 7)> <Delay = 0.00>
ST_1 : Operation 323 [1/1] (0.00ns)   --->   "%store_ln92 = store i32 %new_pixel_2, i32 %new_pixel" [forward_prop/src/forward_prop.cpp:92]   --->   Operation 323 'store' 'store_ln92' <Predicate = (!icmp_ln67 & trunc_ln90 == 7)> <Delay = 0.00>
ST_1 : Operation 324 [1/1] (0.00ns)   --->   "%br_ln92 = br void %arrayidx452.exit" [forward_prop/src/forward_prop.cpp:92]   --->   Operation 324 'br' 'br_ln92' <Predicate = (!icmp_ln67 & trunc_ln90 == 7)> <Delay = 0.00>
ST_1 : Operation 325 [1/1] (0.00ns)   --->   "%store_ln92 = store i32 %new_pixel_2, i32 %new_pixel_36" [forward_prop/src/forward_prop.cpp:92]   --->   Operation 325 'store' 'store_ln92' <Predicate = (!icmp_ln67 & trunc_ln90 == 6)> <Delay = 0.00>
ST_1 : Operation 326 [1/1] (0.00ns)   --->   "%store_ln92 = store i32 %new_pixel_2, i32 %new_pixel_23" [forward_prop/src/forward_prop.cpp:92]   --->   Operation 326 'store' 'store_ln92' <Predicate = (!icmp_ln67 & trunc_ln90 == 6)> <Delay = 0.00>
ST_1 : Operation 327 [1/1] (0.00ns)   --->   "%br_ln92 = br void %arrayidx452.exit" [forward_prop/src/forward_prop.cpp:92]   --->   Operation 327 'br' 'br_ln92' <Predicate = (!icmp_ln67 & trunc_ln90 == 6)> <Delay = 0.00>
ST_1 : Operation 328 [1/1] (0.00ns)   --->   "%store_ln92 = store i32 %new_pixel_2, i32 %new_pixel_35" [forward_prop/src/forward_prop.cpp:92]   --->   Operation 328 'store' 'store_ln92' <Predicate = (!icmp_ln67 & trunc_ln90 == 5)> <Delay = 0.00>
ST_1 : Operation 329 [1/1] (0.00ns)   --->   "%store_ln92 = store i32 %new_pixel_2, i32 %new_pixel_29" [forward_prop/src/forward_prop.cpp:92]   --->   Operation 329 'store' 'store_ln92' <Predicate = (!icmp_ln67 & trunc_ln90 == 5)> <Delay = 0.00>
ST_1 : Operation 330 [1/1] (0.00ns)   --->   "%br_ln92 = br void %arrayidx452.exit" [forward_prop/src/forward_prop.cpp:92]   --->   Operation 330 'br' 'br_ln92' <Predicate = (!icmp_ln67 & trunc_ln90 == 5)> <Delay = 0.00>
ST_1 : Operation 331 [1/1] (0.00ns)   --->   "%store_ln92 = store i32 %new_pixel_2, i32 %new_pixel_34" [forward_prop/src/forward_prop.cpp:92]   --->   Operation 331 'store' 'store_ln92' <Predicate = (!icmp_ln67 & trunc_ln90 == 4)> <Delay = 0.00>
ST_1 : Operation 332 [1/1] (0.00ns)   --->   "%store_ln92 = store i32 %new_pixel_2, i32 %new_pixel_28" [forward_prop/src/forward_prop.cpp:92]   --->   Operation 332 'store' 'store_ln92' <Predicate = (!icmp_ln67 & trunc_ln90 == 4)> <Delay = 0.00>
ST_1 : Operation 333 [1/1] (0.00ns)   --->   "%br_ln92 = br void %arrayidx452.exit" [forward_prop/src/forward_prop.cpp:92]   --->   Operation 333 'br' 'br_ln92' <Predicate = (!icmp_ln67 & trunc_ln90 == 4)> <Delay = 0.00>
ST_1 : Operation 334 [1/1] (0.00ns)   --->   "%store_ln92 = store i32 %new_pixel_2, i32 %new_pixel_33" [forward_prop/src/forward_prop.cpp:92]   --->   Operation 334 'store' 'store_ln92' <Predicate = (!icmp_ln67 & trunc_ln90 == 3)> <Delay = 0.00>
ST_1 : Operation 335 [1/1] (0.00ns)   --->   "%store_ln92 = store i32 %new_pixel_2, i32 %new_pixel_27" [forward_prop/src/forward_prop.cpp:92]   --->   Operation 335 'store' 'store_ln92' <Predicate = (!icmp_ln67 & trunc_ln90 == 3)> <Delay = 0.00>
ST_1 : Operation 336 [1/1] (0.00ns)   --->   "%br_ln92 = br void %arrayidx452.exit" [forward_prop/src/forward_prop.cpp:92]   --->   Operation 336 'br' 'br_ln92' <Predicate = (!icmp_ln67 & trunc_ln90 == 3)> <Delay = 0.00>
ST_1 : Operation 337 [1/1] (0.00ns)   --->   "%store_ln92 = store i32 %new_pixel_2, i32 %new_pixel_32" [forward_prop/src/forward_prop.cpp:92]   --->   Operation 337 'store' 'store_ln92' <Predicate = (!icmp_ln67 & trunc_ln90 == 2)> <Delay = 0.00>
ST_1 : Operation 338 [1/1] (0.00ns)   --->   "%store_ln92 = store i32 %new_pixel_2, i32 %new_pixel_26" [forward_prop/src/forward_prop.cpp:92]   --->   Operation 338 'store' 'store_ln92' <Predicate = (!icmp_ln67 & trunc_ln90 == 2)> <Delay = 0.00>
ST_1 : Operation 339 [1/1] (0.00ns)   --->   "%br_ln92 = br void %arrayidx452.exit" [forward_prop/src/forward_prop.cpp:92]   --->   Operation 339 'br' 'br_ln92' <Predicate = (!icmp_ln67 & trunc_ln90 == 2)> <Delay = 0.00>
ST_1 : Operation 340 [1/1] (0.00ns)   --->   "%store_ln92 = store i32 %new_pixel_2, i32 %new_pixel_31" [forward_prop/src/forward_prop.cpp:92]   --->   Operation 340 'store' 'store_ln92' <Predicate = (!icmp_ln67 & trunc_ln90 == 1)> <Delay = 0.00>
ST_1 : Operation 341 [1/1] (0.00ns)   --->   "%store_ln92 = store i32 %new_pixel_2, i32 %new_pixel_25" [forward_prop/src/forward_prop.cpp:92]   --->   Operation 341 'store' 'store_ln92' <Predicate = (!icmp_ln67 & trunc_ln90 == 1)> <Delay = 0.00>
ST_1 : Operation 342 [1/1] (0.00ns)   --->   "%br_ln92 = br void %arrayidx452.exit" [forward_prop/src/forward_prop.cpp:92]   --->   Operation 342 'br' 'br_ln92' <Predicate = (!icmp_ln67 & trunc_ln90 == 1)> <Delay = 0.00>
ST_1 : Operation 343 [1/1] (0.00ns)   --->   "%store_ln92 = store i32 %new_pixel_2, i32 %new_pixel_30" [forward_prop/src/forward_prop.cpp:92]   --->   Operation 343 'store' 'store_ln92' <Predicate = (!icmp_ln67 & trunc_ln90 == 0)> <Delay = 0.00>
ST_1 : Operation 344 [1/1] (0.00ns)   --->   "%store_ln92 = store i32 %new_pixel_2, i32 %new_pixel_24" [forward_prop/src/forward_prop.cpp:92]   --->   Operation 344 'store' 'store_ln92' <Predicate = (!icmp_ln67 & trunc_ln90 == 0)> <Delay = 0.00>
ST_1 : Operation 345 [1/1] (0.00ns)   --->   "%br_ln92 = br void %arrayidx452.exit" [forward_prop/src/forward_prop.cpp:92]   --->   Operation 345 'br' 'br_ln92' <Predicate = (!icmp_ln67 & trunc_ln90 == 0)> <Delay = 0.00>
ST_1 : Operation 346 [1/1] (0.00ns)   --->   "%store_ln92 = store i32 %new_pixel_2, i32 %new_pixel_57" [forward_prop/src/forward_prop.cpp:92]   --->   Operation 346 'store' 'store_ln92' <Predicate = (!icmp_ln67 & trunc_ln90 == 31) | (!icmp_ln67 & trunc_ln90 == 30) | (!icmp_ln67 & trunc_ln90 == 29) | (!icmp_ln67 & trunc_ln90 == 28) | (!icmp_ln67 & trunc_ln90 == 27)> <Delay = 0.00>
ST_1 : Operation 347 [1/1] (0.00ns)   --->   "%store_ln92 = store i32 %new_pixel_2, i32 %new_pixel_22" [forward_prop/src/forward_prop.cpp:92]   --->   Operation 347 'store' 'store_ln92' <Predicate = (!icmp_ln67 & trunc_ln90 == 31) | (!icmp_ln67 & trunc_ln90 == 30) | (!icmp_ln67 & trunc_ln90 == 29) | (!icmp_ln67 & trunc_ln90 == 28) | (!icmp_ln67 & trunc_ln90 == 27)> <Delay = 0.00>
ST_1 : Operation 348 [1/1] (0.00ns)   --->   "%br_ln92 = br void %arrayidx452.exit" [forward_prop/src/forward_prop.cpp:92]   --->   Operation 348 'br' 'br_ln92' <Predicate = (!icmp_ln67 & trunc_ln90 == 31) | (!icmp_ln67 & trunc_ln90 == 30) | (!icmp_ln67 & trunc_ln90 == 29) | (!icmp_ln67 & trunc_ln90 == 28) | (!icmp_ln67 & trunc_ln90 == 27)> <Delay = 0.00>
ST_1 : Operation 349 [1/1] (0.76ns)   --->   "%icmp_ln94 = icmp_ugt  i10 %pixel_counter_3, i10 28" [forward_prop/src/forward_prop.cpp:94]   --->   Operation 349 'icmp' 'icmp_ln94' <Predicate = (!icmp_ln67)> <Delay = 0.76> <CoreInst = "Cmp">   --->   Core 9 'Cmp' <Latency = 0> <II = 1> <Delay = 0.76> <FuncUnit> <Opcode : 'icmp'> <InPorts = 2> <OutPorts = 1>
ST_1 : Operation 350 [1/1] (0.00ns)   --->   "%br_ln94 = br i1 %icmp_ln94, void %if.end58, void %if.then57" [forward_prop/src/forward_prop.cpp:94]   --->   Operation 350 'br' 'br_ln94' <Predicate = (!icmp_ln67)> <Delay = 0.00>
ST_1 : Operation 351 [1/1] (0.00ns)   --->   "%col_ptr_load_1 = load i32 %col_ptr" [forward_prop/src/forward_prop.cpp:100]   --->   Operation 351 'load' 'col_ptr_load_1' <Predicate = (!icmp_ln67)> <Delay = 0.00>
ST_1 : Operation 352 [1/1] (0.80ns)   --->   "%icmp_ln97 = icmp_eq  i32 %col_ptr_load_1, i32 27" [forward_prop/src/forward_prop.cpp:97]   --->   Operation 352 'icmp' 'icmp_ln97' <Predicate = (!icmp_ln67)> <Delay = 0.80> <CoreInst = "Cmp">   --->   Core 9 'Cmp' <Latency = 0> <II = 1> <Delay = 0.80> <FuncUnit> <Opcode : 'icmp'> <InPorts = 2> <OutPorts = 1>
ST_1 : Operation 353 [1/1] (1.14ns)   --->   "%col_ptr_17 = add i32 %col_ptr_load_1, i32 1" [forward_prop/src/forward_prop.cpp:100]   --->   Operation 353 'add' 'col_ptr_17' <Predicate = (!icmp_ln67)> <Delay = 1.14> <CoreInst = "Adder">   --->   Core 1 'Adder' <Latency = 0> <II = 1> <Delay = 1.14> <FuncUnit> <Opcode : 'add' 'sub'> <InPorts = 2> <OutPorts = 1>
ST_1 : Operation 354 [1/1] (0.28ns)   --->   "%col_ptr_18 = select i1 %icmp_ln97, i32 0, i32 %col_ptr_17" [forward_prop/src/forward_prop.cpp:97]   --->   Operation 354 'select' 'col_ptr_18' <Predicate = (!icmp_ln67)> <Delay = 0.28> <CoreInst = "Sel">   --->   Core 73 'Sel' <Latency = 0> <II = 1> <Delay = 0.28> <FuncUnit> <Opcode : 'select'> <InPorts = 3> <OutPorts = 1>
ST_1 : Operation 355 [1/1] (0.00ns)   --->   "%store_ln67 = store i32 %tmp_s, i32 %temp_windows_elements_load_0_1" [forward_prop/src/forward_prop.cpp:67]   --->   Operation 355 'store' 'store_ln67' <Predicate = (!icmp_ln67)> <Delay = 0.00>
ST_1 : Operation 356 [1/1] (0.00ns)   --->   "%store_ln67 = store i32 %new_pixel_2, i32 %new_pixel_58" [forward_prop/src/forward_prop.cpp:67]   --->   Operation 356 'store' 'store_ln67' <Predicate = (!icmp_ln67)> <Delay = 0.00>
ST_1 : Operation 357 [1/1] (0.00ns)   --->   "%store_ln67 = store i32 %tmp_1, i32 %temp_windows_elements_load_14" [forward_prop/src/forward_prop.cpp:67]   --->   Operation 357 'store' 'store_ln67' <Predicate = (!icmp_ln67)> <Delay = 0.00>
ST_1 : Operation 358 [1/1] (0.46ns)   --->   "%store_ln67 = store i32 %col_ptr_18, i32 %col_ptr" [forward_prop/src/forward_prop.cpp:67]   --->   Operation 358 'store' 'store_ln67' <Predicate = (!icmp_ln67)> <Delay = 0.46>
ST_1 : Operation 359 [1/1] (0.46ns)   --->   "%store_ln67 = store i10 %pixel_counter_4, i10 %pixel_counter" [forward_prop/src/forward_prop.cpp:67]   --->   Operation 359 'store' 'store_ln67' <Predicate = (!icmp_ln67)> <Delay = 0.46>
ST_1 : Operation 380 [1/1] (0.00ns)   --->   "%ret_ln102 = ret" [forward_prop/src/forward_prop.cpp:102]   --->   Operation 380 'ret' 'ret_ln102' <Predicate = (icmp_ln67)> <Delay = 0.00>

State 2 <SV = 1> <Delay = 2.10>
ST_2 : Operation 360 [1/1] (0.39ns)   --->   "%switch_ln92 = switch i5 %trunc_ln90, void %arrayidx452.case.27, i5 0, void %arrayidx493.exit.arrayidx452.exit_crit_edge, i5 1, void %arrayidx452.case.1, i5 2, void %arrayidx452.case.2, i5 3, void %arrayidx452.case.3, i5 4, void %arrayidx452.case.4, i5 5, void %arrayidx452.case.5, i5 6, void %arrayidx452.case.6, i5 7, void %arrayidx452.case.7, i5 8, void %arrayidx452.case.8, i5 9, void %arrayidx452.case.9, i5 10, void %arrayidx452.case.10, i5 11, void %arrayidx452.case.11, i5 12, void %arrayidx452.case.12, i5 13, void %arrayidx452.case.13, i5 14, void %arrayidx452.case.14, i5 15, void %arrayidx452.case.15, i5 16, void %arrayidx452.case.16, i5 17, void %arrayidx452.case.17, i5 18, void %arrayidx452.case.18, i5 19, void %arrayidx452.case.19, i5 20, void %arrayidx452.case.20, i5 21, void %arrayidx452.case.21, i5 22, void %arrayidx452.case.22, i5 23, void %arrayidx452.case.23, i5 24, void %arrayidx452.case.24, i5 25, void %arrayidx452.case.25, i5 26, void %arrayidx452.case.26" [forward_prop/src/forward_prop.cpp:92]   --->   Operation 360 'switch' 'switch_ln92' <Predicate = true> <Delay = 0.39>
ST_2 : Operation 361 [1/1] (0.00ns)   --->   "%temp_windows_elements_load_2 = load i32 %temp_windows_elements_load_13" [/media/msi/SSD/Xilinx/Vitis_HLS/2022.1/common/technology/autopilot/hls_stream_39.h:174]   --->   Operation 361 'load' 'temp_windows_elements_load_2' <Predicate = (icmp_ln94)> <Delay = 0.00>
ST_2 : Operation 362 [1/1] (0.00ns)   --->   "%temp_windows_elements_load_3 = load i32 %temp_windows_elements_load_16" [/media/msi/SSD/Xilinx/Vitis_HLS/2022.1/common/technology/autopilot/hls_stream_39.h:174]   --->   Operation 362 'load' 'temp_windows_elements_load_3' <Predicate = (icmp_ln94)> <Delay = 0.00>
ST_2 : Operation 363 [1/1] (0.00ns)   --->   "%temp_windows_elements_load_4 = load i32 %temp_windows_elements_load_0_0" [/media/msi/SSD/Xilinx/Vitis_HLS/2022.1/common/technology/autopilot/hls_stream_39.h:174]   --->   Operation 363 'load' 'temp_windows_elements_load_4' <Predicate = (icmp_ln94)> <Delay = 0.00>
ST_2 : Operation 364 [1/1] (0.00ns)   --->   "%bitcast_ln174 = bitcast i32 %temp_windows_elements_load_4" [/media/msi/SSD/Xilinx/Vitis_HLS/2022.1/common/technology/autopilot/hls_stream_39.h:174]   --->   Operation 364 'bitcast' 'bitcast_ln174' <Predicate = (icmp_ln94)> <Delay = 0.00>
ST_2 : Operation 365 [1/1] (0.00ns)   --->   "%bitcast_ln174_270 = bitcast i32 %temp_windows_elements_load_1" [/media/msi/SSD/Xilinx/Vitis_HLS/2022.1/common/technology/autopilot/hls_stream_39.h:174]   --->   Operation 365 'bitcast' 'bitcast_ln174_270' <Predicate = (icmp_ln94)> <Delay = 0.00>
ST_2 : Operation 366 [1/1] (0.00ns)   --->   "%bitcast_ln174_271 = bitcast i32 %tmp_s" [/media/msi/SSD/Xilinx/Vitis_HLS/2022.1/common/technology/autopilot/hls_stream_39.h:174]   --->   Operation 366 'bitcast' 'bitcast_ln174_271' <Predicate = (icmp_ln94)> <Delay = 0.00>
ST_2 : Operation 367 [1/1] (0.00ns)   --->   "%bitcast_ln174_272 = bitcast i32 %temp_windows_elements_load_2" [/media/msi/SSD/Xilinx/Vitis_HLS/2022.1/common/technology/autopilot/hls_stream_39.h:174]   --->   Operation 367 'bitcast' 'bitcast_ln174_272' <Predicate = (icmp_ln94)> <Delay = 0.00>
ST_2 : Operation 368 [1/1] (0.00ns)   --->   "%bitcast_ln174_273 = bitcast i32 %temp_windows_elements_load" [/media/msi/SSD/Xilinx/Vitis_HLS/2022.1/common/technology/autopilot/hls_stream_39.h:174]   --->   Operation 368 'bitcast' 'bitcast_ln174_273' <Predicate = (icmp_ln94)> <Delay = 0.00>
ST_2 : Operation 369 [1/1] (0.00ns)   --->   "%bitcast_ln174_274 = bitcast i32 %tmp_1" [/media/msi/SSD/Xilinx/Vitis_HLS/2022.1/common/technology/autopilot/hls_stream_39.h:174]   --->   Operation 369 'bitcast' 'bitcast_ln174_274' <Predicate = (icmp_ln94)> <Delay = 0.00>
ST_2 : Operation 370 [1/1] (0.00ns)   --->   "%bitcast_ln174_275 = bitcast i32 %temp_windows_elements_load_3" [/media/msi/SSD/Xilinx/Vitis_HLS/2022.1/common/technology/autopilot/hls_stream_39.h:174]   --->   Operation 370 'bitcast' 'bitcast_ln174_275' <Predicate = (icmp_ln94)> <Delay = 0.00>
ST_2 : Operation 371 [1/1] (0.00ns)   --->   "%bitcast_ln174_276 = bitcast i32 %new_pixel_58_load" [/media/msi/SSD/Xilinx/Vitis_HLS/2022.1/common/technology/autopilot/hls_stream_39.h:174]   --->   Operation 371 'bitcast' 'bitcast_ln174_276' <Predicate = (icmp_ln94)> <Delay = 0.00>
ST_2 : Operation 372 [1/1] (0.00ns)   --->   "%bitcast_ln174_277 = bitcast i32 %new_pixel_2" [/media/msi/SSD/Xilinx/Vitis_HLS/2022.1/common/technology/autopilot/hls_stream_39.h:174]   --->   Operation 372 'bitcast' 'bitcast_ln174_277' <Predicate = (icmp_ln94)> <Delay = 0.00>
ST_2 : Operation 373 [1/1] (0.00ns)   --->   "%or_ln174_s = bitconcatenate i288 @_ssdm_op_BitConcatenate.i288.i32.i32.i32.i32.i32.i32.i32.i32.i32, i32 %bitcast_ln174_277, i32 %bitcast_ln174_276, i32 %bitcast_ln174_275, i32 %bitcast_ln174_274, i32 %bitcast_ln174_273, i32 %bitcast_ln174_272, i32 %bitcast_ln174_271, i32 %bitcast_ln174_270, i32 %bitcast_ln174" [/media/msi/SSD/Xilinx/Vitis_HLS/2022.1/common/technology/autopilot/hls_stream_39.h:174]   --->   Operation 373 'bitconcatenate' 'or_ln174_s' <Predicate = (icmp_ln94)> <Delay = 0.00>
ST_2 : Operation 374 [1/1] (2.10ns)   --->   "%write_ln174 = write void @_ssdm_op_Write.ap_fifo.volatile.i288P0A, i288 %conv2d_32_window_stream, i288 %or_ln174_s" [/media/msi/SSD/Xilinx/Vitis_HLS/2022.1/common/technology/autopilot/hls_stream_39.h:174]   --->   Operation 374 'write' 'write_ln174' <Predicate = (icmp_ln94)> <Delay = 2.10> <CoreInst = "FIFO_SRL">   --->   Core 81 'FIFO_SRL' <Latency = 0> <II = 1> <Delay = 2.10> <Storage> <Opcode : 'read' 'write' 'nbread' 'nbwrite'> <Ports = 0> <Width = 288> <Depth = 3> <FIFO>
ST_2 : Operation 375 [1/1] (0.00ns)   --->   "%br_ln95 = br void %if.end58" [forward_prop/src/forward_prop.cpp:95]   --->   Operation 375 'br' 'br_ln95' <Predicate = (icmp_ln94)> <Delay = 0.00>
ST_2 : Operation 376 [1/1] (0.00ns)   --->   "%store_ln67 = store i32 %temp_windows_elements_load_1, i32 %temp_windows_elements_load_0_0" [forward_prop/src/forward_prop.cpp:67]   --->   Operation 376 'store' 'store_ln67' <Predicate = true> <Delay = 0.00>
ST_2 : Operation 377 [1/1] (0.00ns)   --->   "%store_ln67 = store i32 %new_pixel_58_load, i32 %temp_windows_elements_load_16" [forward_prop/src/forward_prop.cpp:67]   --->   Operation 377 'store' 'store_ln67' <Predicate = true> <Delay = 0.00>
ST_2 : Operation 378 [1/1] (0.00ns)   --->   "%store_ln67 = store i32 %temp_windows_elements_load, i32 %temp_windows_elements_load_13" [forward_prop/src/forward_prop.cpp:67]   --->   Operation 378 'store' 'store_ln67' <Predicate = true> <Delay = 0.00>
ST_2 : Operation 379 [1/1] (0.00ns)   --->   "%br_ln67 = br void %for.body" [forward_prop/src/forward_prop.cpp:67]   --->   Operation 379 'br' 'br_ln67' <Predicate = true> <Delay = 0.00>


============================================================
+ Verbose Summary: Timing violations
============================================================
Target clock period: 10ns, clock uncertainty: 2.7ns.

 <State 1>: 1.89ns
The critical path consists of the following:
	'alloca' operation ('col_ptr') [7]  (0 ns)
	'load' operation ('col_ptr_load_1', forward_prop/src/forward_prop.cpp:100) on local variable 'col_ptr' [432]  (0 ns)
	'add' operation ('col_ptr', forward_prop/src/forward_prop.cpp:100) [434]  (1.14 ns)
	'select' operation ('col_ptr', forward_prop/src/forward_prop.cpp:97) [435]  (0.286 ns)
	'store' operation ('store_ln67', forward_prop/src/forward_prop.cpp:67) of variable 'col_ptr', forward_prop/src/forward_prop.cpp:97 on local variable 'col_ptr' [442]  (0.46 ns)

 <State 2>: 2.1ns
The critical path consists of the following:
	'load' operation ('temp_windows_elements_load_2', /media/msi/SSD/Xilinx/Vitis_HLS/2022.1/common/technology/autopilot/hls_stream_39.h:174) on local variable 'temp_windows_elements_load_13' [416]  (0 ns)
	fifo write operation ('write_ln174', /media/msi/SSD/Xilinx/Vitis_HLS/2022.1/common/technology/autopilot/hls_stream_39.h:174) on port 'conv2d_32_window_stream' (/media/msi/SSD/Xilinx/Vitis_HLS/2022.1/common/technology/autopilot/hls_stream_39.h:174) [429]  (2.1 ns)


============================================================
+ Verbose Summary: Binding
============================================================
N/A
* FSMD analyzer results:
  - Output states:
 - Input state : 
  - Chain level:
	State 1
	State 2


============================================================
+ Verbose Summary: Datapath Resource usage 
============================================================
N/A
