

================================================================
== Vitis HLS Report for 'pad_windows_1c_float_28u_28u_3u_3u_32u_s'
================================================================
* Date:           Tue Oct 18 21:02:54 2022

* Version:        2022.1 (Build 3526262 on Mon Apr 18 15:47:01 MDT 2022)
* Project:        forward_prop
* Solution:       solution1 (Vitis Kernel Flow Target)
* Product family: virtexuplus
* Target device:  xcvu5p-flva2104-1-e


================================================================
== Performance Estimates
================================================================
+ Timing: 
    * Summary: 
    +--------+----------+----------+------------+
    |  Clock |  Target  | Estimated| Uncertainty|
    +--------+----------+----------+------------+
    |ap_clk  |  10.00 ns|  4.490 ns|     2.70 ns|
    +--------+----------+----------+------------+

+ Latency: 
    * Summary: 
    +---------+---------+----------+----------+-----+-----+---------+
    |  Latency (cycles) |  Latency (absolute) |  Interval | Pipeline|
    |   min   |   max   |    min   |    max   | min | max |   Type  |
    +---------+---------+----------+----------+-----+-----+---------+
    |      786|      786|  7.860 us|  7.860 us|  786|  786|       no|
    +---------+---------+----------+----------+-----+-----+---------+

    + Detail: 
        * Instance: 
        N/A

        * Loop: 
        +-------------+---------+---------+----------+-----------+-----------+------+----------+
        |             |  Latency (cycles) | Iteration|  Initiation Interval  | Trip |          |
        |  Loop Name  |   min   |   max   |  Latency |  achieved |   target  | Count| Pipelined|
        +-------------+---------+---------+----------+-----------+-----------+------+----------+
        |- in_y_in_x  |      784|      784|         2|          1|          1|   784|       yes|
        +-------------+---------+---------+----------+-----------+-----------+------+----------+

============================================================
+ Verbose Summary: Synthesis Manager
============================================================
InlineROM: 1
ExposeGlobal: 0
============================================================
+ Verbose Summary: CDFG Model
============================================================
IsTopModel: 0
ResetActiveHigh: 1
IsCombinational: 2
IsDatapathOnly: 0
HasWiredReturn: 1
HasMFsm: 2
HasVarLatency: 1
IsPipeline: 0
IsRtlPipelined: 0
IsInstanceOverlapped: 0
IsDontTouch: 0
HasImplIP: 0
IsGatedGlobalClock: 0

+ Individual pipeline summary: 
  * Pipeline-0: initiation interval (II) = 1, depth = 2


============================================================
+ Verbose Summary: Schedule
============================================================
* Number of FSM states : 2
* Pipeline : 1
  Pipeline-0 : II = 1, D = 2, States = { 1 2 }
* Dataflow Pipeline: 0

* FSM state transitions: 
1 --> 2 
2 --> 

* FSM state operations: 

State 1 <SV = 0> <Delay = 2.71>
ST_1 : Operation 5 [1/1] (0.00ns)   --->   "%in_x = alloca i32 1"   --->   Operation 5 'alloca' 'in_x' <Predicate = true> <Delay = 0.00>
ST_1 : Operation 6 [1/1] (0.00ns)   --->   "%in_y = alloca i32 1"   --->   Operation 6 'alloca' 'in_y' <Predicate = true> <Delay = 0.00>
ST_1 : Operation 7 [1/1] (0.00ns)   --->   "%indvar_flatten = alloca i32 1"   --->   Operation 7 'alloca' 'indvar_flatten' <Predicate = true> <Delay = 0.00>
ST_1 : Operation 8 [1/1] (0.00ns)   --->   "%specinterface_ln0 = specinterface void @_ssdm_op_SpecInterface, i288 %conv2d_32_padded_window_stream, void @empty_39, i32 0, i32 0, void @empty_30, i32 0, i32 0, void @empty_30, void @empty_30, void @empty_30, i32 0, i32 0, i32 0, i32 0, void @empty_30, void @empty_30, i32 4294967295, i32 0"   --->   Operation 8 'specinterface' 'specinterface_ln0' <Predicate = true> <Delay = 0.00>
ST_1 : Operation 9 [1/1] (0.00ns)   --->   "%specinterface_ln0 = specinterface void @_ssdm_op_SpecInterface, i288 %conv2d_32_window_stream, void @empty_39, i32 0, i32 0, void @empty_30, i32 0, i32 0, void @empty_30, void @empty_30, void @empty_30, i32 0, i32 0, i32 0, i32 0, void @empty_30, void @empty_30, i32 4294967295, i32 0"   --->   Operation 9 'specinterface' 'specinterface_ln0' <Predicate = true> <Delay = 0.00>
ST_1 : Operation 10 [1/1] (0.46ns)   --->   "%store_ln111 = store i10 0, i10 %indvar_flatten" [forward_prop/src/forward_prop.cpp:111]   --->   Operation 10 'store' 'store_ln111' <Predicate = true> <Delay = 0.46>
ST_1 : Operation 11 [1/1] (0.46ns)   --->   "%store_ln111 = store i5 0, i5 %in_y" [forward_prop/src/forward_prop.cpp:111]   --->   Operation 11 'store' 'store_ln111' <Predicate = true> <Delay = 0.46>
ST_1 : Operation 12 [1/1] (0.46ns)   --->   "%store_ln111 = store i5 0, i5 %in_x" [forward_prop/src/forward_prop.cpp:111]   --->   Operation 12 'store' 'store_ln111' <Predicate = true> <Delay = 0.46>
ST_1 : Operation 13 [1/1] (0.00ns)   --->   "%br_ln111 = br void %filt_y" [forward_prop/src/forward_prop.cpp:111]   --->   Operation 13 'br' 'br_ln111' <Predicate = true> <Delay = 0.00>
ST_1 : Operation 14 [1/1] (0.00ns)   --->   "%in_y_2 = load i5 %in_y"   --->   Operation 14 'load' 'in_y_2' <Predicate = true> <Delay = 0.00>
ST_1 : Operation 15 [1/1] (0.00ns)   --->   "%indvar_flatten_load = load i10 %indvar_flatten" [forward_prop/src/forward_prop.cpp:111]   --->   Operation 15 'load' 'indvar_flatten_load' <Predicate = true> <Delay = 0.00>
ST_1 : Operation 16 [1/1] (0.00ns)   --->   "%in_y_cast = zext i5 %in_y_2"   --->   Operation 16 'zext' 'in_y_cast' <Predicate = true> <Delay = 0.00>
ST_1 : Operation 17 [1/1] (0.82ns)   --->   "%empty = add i6 %in_y_cast, i6 63"   --->   Operation 17 'add' 'empty' <Predicate = true> <Delay = 0.82> <CoreInst = "Adder">   --->   Core 1 'Adder' <Latency = 0> <II = 1> <Delay = 0.82> <FuncUnit> <Opcode : 'add' 'sub'> <InPorts = 2> <OutPorts = 1>
ST_1 : Operation 18 [1/1] (0.71ns)   --->   "%empty_155 = icmp_ugt  i6 %empty, i6 27"   --->   Operation 18 'icmp' 'empty_155' <Predicate = true> <Delay = 0.71> <CoreInst = "Cmp">   --->   Core 9 'Cmp' <Latency = 0> <II = 1> <Delay = 0.71> <FuncUnit> <Opcode : 'icmp'> <InPorts = 2> <OutPorts = 1>
ST_1 : Operation 19 [1/1] (0.82ns)   --->   "%empty_156 = add i5 %in_y_2, i5 1"   --->   Operation 19 'add' 'empty_156' <Predicate = true> <Delay = 0.82> <CoreInst = "Adder">   --->   Core 1 'Adder' <Latency = 0> <II = 1> <Delay = 0.82> <FuncUnit> <Opcode : 'add' 'sub'> <InPorts = 2> <OutPorts = 1>
ST_1 : Operation 20 [1/1] (0.72ns)   --->   "%empty_157 = icmp_ugt  i5 %empty_156, i5 27"   --->   Operation 20 'icmp' 'empty_157' <Predicate = true> <Delay = 0.72> <CoreInst = "Cmp">   --->   Core 9 'Cmp' <Latency = 0> <II = 1> <Delay = 0.72> <FuncUnit> <Opcode : 'icmp'> <InPorts = 2> <OutPorts = 1>
ST_1 : Operation 21 [1/1] (0.00ns)   --->   "%specpipeline_ln0 = specpipeline void @_ssdm_op_SpecPipeline, i32 4294967295, i32 0, i32 1, i32 0, void @p_str"   --->   Operation 21 'specpipeline' 'specpipeline_ln0' <Predicate = true> <Delay = 0.00>
ST_1 : Operation 22 [1/1] (0.76ns)   --->   "%icmp_ln111 = icmp_eq  i10 %indvar_flatten_load, i10 784" [forward_prop/src/forward_prop.cpp:111]   --->   Operation 22 'icmp' 'icmp_ln111' <Predicate = true> <Delay = 0.76> <CoreInst = "Cmp">   --->   Core 9 'Cmp' <Latency = 0> <II = 1> <Delay = 0.76> <FuncUnit> <Opcode : 'icmp'> <InPorts = 2> <OutPorts = 1>
ST_1 : Operation 23 [1/1] (0.93ns)   --->   "%add_ln111 = add i10 %indvar_flatten_load, i10 1" [forward_prop/src/forward_prop.cpp:111]   --->   Operation 23 'add' 'add_ln111' <Predicate = true> <Delay = 0.93> <CoreInst = "Adder">   --->   Core 1 'Adder' <Latency = 0> <II = 1> <Delay = 0.93> <FuncUnit> <Opcode : 'add' 'sub'> <InPorts = 2> <OutPorts = 1>
ST_1 : Operation 24 [1/1] (0.00ns)   --->   "%br_ln111 = br i1 %icmp_ln111, void %for.inc30, void %for.end32" [forward_prop/src/forward_prop.cpp:111]   --->   Operation 24 'br' 'br_ln111' <Predicate = true> <Delay = 0.00>
ST_1 : Operation 25 [1/1] (0.00ns)   --->   "%in_x_load = load i5 %in_x" [forward_prop/src/forward_prop.cpp:112]   --->   Operation 25 'load' 'in_x_load' <Predicate = (!icmp_ln111)> <Delay = 0.00>
ST_1 : Operation 26 [1/1] (0.72ns)   --->   "%icmp_ln112 = icmp_eq  i5 %in_x_load, i5 28" [forward_prop/src/forward_prop.cpp:112]   --->   Operation 26 'icmp' 'icmp_ln112' <Predicate = (!icmp_ln111)> <Delay = 0.72> <CoreInst = "Cmp">   --->   Core 9 'Cmp' <Latency = 0> <II = 1> <Delay = 0.72> <FuncUnit> <Opcode : 'icmp'> <InPorts = 2> <OutPorts = 1>
ST_1 : Operation 27 [1/1] (0.34ns)   --->   "%select_ln111 = select i1 %icmp_ln112, i5 0, i5 %in_x_load" [forward_prop/src/forward_prop.cpp:111]   --->   Operation 27 'select' 'select_ln111' <Predicate = (!icmp_ln111)> <Delay = 0.34> <CoreInst = "Sel">   --->   Core 73 'Sel' <Latency = 0> <II = 1> <Delay = 0.34> <FuncUnit> <Opcode : 'select'> <InPorts = 3> <OutPorts = 1>
ST_1 : Operation 28 [1/1] (0.00ns)   --->   "%in_y_cast_mid1 = zext i5 %empty_156"   --->   Operation 28 'zext' 'in_y_cast_mid1' <Predicate = (!icmp_ln111)> <Delay = 0.00>
ST_1 : Operation 29 [1/1] (0.82ns)   --->   "%p_mid1 = add i6 %in_y_cast_mid1, i6 63"   --->   Operation 29 'add' 'p_mid1' <Predicate = (!icmp_ln111)> <Delay = 0.82> <CoreInst = "Adder">   --->   Core 1 'Adder' <Latency = 0> <II = 1> <Delay = 0.82> <FuncUnit> <Opcode : 'add' 'sub'> <InPorts = 2> <OutPorts = 1>
ST_1 : Operation 30 [1/1] (0.71ns)   --->   "%p_mid15 = icmp_ugt  i6 %p_mid1, i6 27"   --->   Operation 30 'icmp' 'p_mid15' <Predicate = (!icmp_ln111)> <Delay = 0.71> <CoreInst = "Cmp">   --->   Core 9 'Cmp' <Latency = 0> <II = 1> <Delay = 0.71> <FuncUnit> <Opcode : 'icmp'> <InPorts = 2> <OutPorts = 1>
ST_1 : Operation 31 [1/1] (0.34ns)   --->   "%select_ln111_1 = select i1 %icmp_ln112, i1 %p_mid15, i1 %empty_155" [forward_prop/src/forward_prop.cpp:111]   --->   Operation 31 'select' 'select_ln111_1' <Predicate = (!icmp_ln111)> <Delay = 0.34> <CoreInst = "Sel">   --->   Core 73 'Sel' <Latency = 0> <II = 1> <Delay = 0.34> <FuncUnit> <Opcode : 'select'> <InPorts = 3> <OutPorts = 1>
ST_1 : Operation 32 [1/1] (0.82ns)   --->   "%p_mid17 = add i5 %in_y_2, i5 2"   --->   Operation 32 'add' 'p_mid17' <Predicate = (!icmp_ln111)> <Delay = 0.82> <CoreInst = "Adder">   --->   Core 1 'Adder' <Latency = 0> <II = 1> <Delay = 0.82> <FuncUnit> <Opcode : 'add' 'sub'> <InPorts = 2> <OutPorts = 1>
ST_1 : Operation 33 [1/1] (0.72ns)   --->   "%p_mid19 = icmp_ugt  i5 %p_mid17, i5 27"   --->   Operation 33 'icmp' 'p_mid19' <Predicate = (!icmp_ln111)> <Delay = 0.72> <CoreInst = "Cmp">   --->   Core 9 'Cmp' <Latency = 0> <II = 1> <Delay = 0.72> <FuncUnit> <Opcode : 'icmp'> <InPorts = 2> <OutPorts = 1>
ST_1 : Operation 34 [1/1] (0.34ns)   --->   "%select_ln111_2 = select i1 %icmp_ln112, i1 %p_mid19, i1 %empty_157" [forward_prop/src/forward_prop.cpp:111]   --->   Operation 34 'select' 'select_ln111_2' <Predicate = (!icmp_ln111)> <Delay = 0.34> <CoreInst = "Sel">   --->   Core 73 'Sel' <Latency = 0> <II = 1> <Delay = 0.34> <FuncUnit> <Opcode : 'select'> <InPorts = 3> <OutPorts = 1>
ST_1 : Operation 35 [1/1] (0.34ns)   --->   "%select_ln111_3 = select i1 %icmp_ln112, i5 %empty_156, i5 %in_y_2" [forward_prop/src/forward_prop.cpp:111]   --->   Operation 35 'select' 'select_ln111_3' <Predicate = (!icmp_ln111)> <Delay = 0.34> <CoreInst = "Sel">   --->   Core 73 'Sel' <Latency = 0> <II = 1> <Delay = 0.34> <FuncUnit> <Opcode : 'select'> <InPorts = 3> <OutPorts = 1>
ST_1 : Operation 36 [1/1] (0.00ns)   --->   "%zext_ln121 = zext i5 %select_ln111" [forward_prop/src/forward_prop.cpp:121]   --->   Operation 36 'zext' 'zext_ln121' <Predicate = (!icmp_ln111)> <Delay = 0.00>
ST_1 : Operation 37 [1/1] (0.82ns)   --->   "%add_ln121 = add i6 %zext_ln121, i6 63" [forward_prop/src/forward_prop.cpp:121]   --->   Operation 37 'add' 'add_ln121' <Predicate = (!icmp_ln111)> <Delay = 0.82> <CoreInst = "Adder">   --->   Core 1 'Adder' <Latency = 0> <II = 1> <Delay = 0.82> <FuncUnit> <Opcode : 'add' 'sub'> <InPorts = 2> <OutPorts = 1>
ST_1 : Operation 38 [1/1] (0.71ns)   --->   "%icmp_ln121 = icmp_ugt  i6 %add_ln121, i6 27" [forward_prop/src/forward_prop.cpp:121]   --->   Operation 38 'icmp' 'icmp_ln121' <Predicate = (!icmp_ln111)> <Delay = 0.71> <CoreInst = "Cmp">   --->   Core 9 'Cmp' <Latency = 0> <II = 1> <Delay = 0.71> <FuncUnit> <Opcode : 'icmp'> <InPorts = 2> <OutPorts = 1>
ST_1 : Operation 39 [1/1] (0.82ns)   --->   "%add_ln121_1 = add i5 %select_ln111, i5 1" [forward_prop/src/forward_prop.cpp:121]   --->   Operation 39 'add' 'add_ln121_1' <Predicate = (!icmp_ln111)> <Delay = 0.82> <CoreInst = "Adder">   --->   Core 1 'Adder' <Latency = 0> <II = 1> <Delay = 0.82> <FuncUnit> <Opcode : 'add' 'sub'> <InPorts = 2> <OutPorts = 1>
ST_1 : Operation 40 [1/1] (0.72ns)   --->   "%icmp_ln121_1 = icmp_ugt  i5 %add_ln121_1, i5 27" [forward_prop/src/forward_prop.cpp:121]   --->   Operation 40 'icmp' 'icmp_ln121_1' <Predicate = (!icmp_ln111)> <Delay = 0.72> <CoreInst = "Cmp">   --->   Core 9 'Cmp' <Latency = 0> <II = 1> <Delay = 0.72> <FuncUnit> <Opcode : 'icmp'> <InPorts = 2> <OutPorts = 1>
ST_1 : Operation 41 [1/1] (0.46ns)   --->   "%store_ln112 = store i10 %add_ln111, i10 %indvar_flatten" [forward_prop/src/forward_prop.cpp:112]   --->   Operation 41 'store' 'store_ln112' <Predicate = (!icmp_ln111)> <Delay = 0.46>
ST_1 : Operation 42 [1/1] (0.46ns)   --->   "%store_ln112 = store i5 %select_ln111_3, i5 %in_y" [forward_prop/src/forward_prop.cpp:112]   --->   Operation 42 'store' 'store_ln112' <Predicate = (!icmp_ln111)> <Delay = 0.46>
ST_1 : Operation 43 [1/1] (0.46ns)   --->   "%store_ln112 = store i5 %add_ln121_1, i5 %in_x" [forward_prop/src/forward_prop.cpp:112]   --->   Operation 43 'store' 'store_ln112' <Predicate = (!icmp_ln111)> <Delay = 0.46>
ST_1 : Operation 73 [1/1] (0.00ns)   --->   "%ret_ln128 = ret" [forward_prop/src/forward_prop.cpp:128]   --->   Operation 73 'ret' 'ret_ln128' <Predicate = (icmp_ln111)> <Delay = 0.00>

State 2 <SV = 1> <Delay = 4.49>
ST_2 : Operation 44 [1/1] (0.00ns)   --->   "%specloopname_ln0 = specloopname void @_ssdm_op_SpecLoopName, void @in_y_in_x_str"   --->   Operation 44 'specloopname' 'specloopname_ln0' <Predicate = true> <Delay = 0.00>
ST_2 : Operation 45 [1/1] (0.00ns)   --->   "%empty_158 = speclooptripcount i32 @_ssdm_op_SpecLoopTripCount, i64 784, i64 784, i64 784"   --->   Operation 45 'speclooptripcount' 'empty_158' <Predicate = true> <Delay = 0.00>
ST_2 : Operation 46 [1/1] (0.00ns)   --->   "%specpipeline_ln0 = specpipeline void @_ssdm_op_SpecPipeline, i32 4294967295, i32 0, i32 1, i32 0, void @p_str"   --->   Operation 46 'specpipeline' 'specpipeline_ln0' <Predicate = true> <Delay = 0.00>
ST_2 : Operation 47 [1/1] (0.00ns)   --->   "%specloopname_ln114 = specloopname void @_ssdm_op_SpecLoopName, void @empty_19" [forward_prop/src/forward_prop.cpp:114]   --->   Operation 47 'specloopname' 'specloopname_ln114' <Predicate = true> <Delay = 0.00>
ST_2 : Operation 48 [1/1] (2.10ns)   --->   "%conv2d_32_window_stream_read = read i288 @_ssdm_op_Read.ap_fifo.volatile.i288P0A, i288 %conv2d_32_window_stream" [/media/msi/SSD/Xilinx/Vitis_HLS/2022.1/common/technology/autopilot/hls_stream_39.h:145]   --->   Operation 48 'read' 'conv2d_32_window_stream_read' <Predicate = true> <Delay = 2.10> <CoreInst = "FIFO_SRL">   --->   Core 81 'FIFO_SRL' <Latency = 0> <II = 1> <Delay = 2.10> <Storage> <Opcode : 'read' 'write' 'nbread' 'nbwrite'> <Ports = 0> <Width = 288> <Depth = 3> <FIFO>
ST_2 : Operation 49 [1/1] (0.00ns) (grouped into LUT with out node select_ln174)   --->   "%trunc_ln145 = trunc i288 %conv2d_32_window_stream_read" [/media/msi/SSD/Xilinx/Vitis_HLS/2022.1/common/technology/autopilot/hls_stream_39.h:145]   --->   Operation 49 'trunc' 'trunc_ln145' <Predicate = true> <Delay = 0.00>
ST_2 : Operation 50 [1/1] (0.00ns)   --->   "%trunc_ln145_1 = partselect i32 @_ssdm_op_PartSelect.i32.i288.i32.i32, i288 %conv2d_32_window_stream_read, i32 32, i32 63" [/media/msi/SSD/Xilinx/Vitis_HLS/2022.1/common/technology/autopilot/hls_stream_39.h:145]   --->   Operation 50 'partselect' 'trunc_ln145_1' <Predicate = (!select_ln111_1)> <Delay = 0.00>
ST_2 : Operation 51 [1/1] (0.00ns) (grouped into LUT with out node select_ln174_2)   --->   "%trunc_ln145_2 = partselect i32 @_ssdm_op_PartSelect.i32.i288.i32.i32, i288 %conv2d_32_window_stream_read, i32 64, i32 95" [/media/msi/SSD/Xilinx/Vitis_HLS/2022.1/common/technology/autopilot/hls_stream_39.h:145]   --->   Operation 51 'partselect' 'trunc_ln145_2' <Predicate = true> <Delay = 0.00>
ST_2 : Operation 52 [1/1] (0.00ns)   --->   "%trunc_ln145_3 = partselect i32 @_ssdm_op_PartSelect.i32.i288.i32.i32, i288 %conv2d_32_window_stream_read, i32 96, i32 127" [/media/msi/SSD/Xilinx/Vitis_HLS/2022.1/common/technology/autopilot/hls_stream_39.h:145]   --->   Operation 52 'partselect' 'trunc_ln145_3' <Predicate = (!icmp_ln121)> <Delay = 0.00>
ST_2 : Operation 53 [1/1] (0.00ns)   --->   "%trunc_ln145_4 = partselect i32 @_ssdm_op_PartSelect.i32.i288.i32.i32, i288 %conv2d_32_window_stream_read, i32 128, i32 159" [/media/msi/SSD/Xilinx/Vitis_HLS/2022.1/common/technology/autopilot/hls_stream_39.h:145]   --->   Operation 53 'partselect' 'trunc_ln145_4' <Predicate = true> <Delay = 0.00>
ST_2 : Operation 54 [1/1] (0.00ns)   --->   "%trunc_ln145_5 = partselect i32 @_ssdm_op_PartSelect.i32.i288.i32.i32, i288 %conv2d_32_window_stream_read, i32 160, i32 191" [/media/msi/SSD/Xilinx/Vitis_HLS/2022.1/common/technology/autopilot/hls_stream_39.h:145]   --->   Operation 54 'partselect' 'trunc_ln145_5' <Predicate = (!icmp_ln121_1)> <Delay = 0.00>
ST_2 : Operation 55 [1/1] (0.00ns) (grouped into LUT with out node select_ln174_5)   --->   "%trunc_ln145_6 = partselect i32 @_ssdm_op_PartSelect.i32.i288.i32.i32, i288 %conv2d_32_window_stream_read, i32 192, i32 223" [/media/msi/SSD/Xilinx/Vitis_HLS/2022.1/common/technology/autopilot/hls_stream_39.h:145]   --->   Operation 55 'partselect' 'trunc_ln145_6' <Predicate = true> <Delay = 0.00>
ST_2 : Operation 56 [1/1] (0.00ns)   --->   "%trunc_ln145_7 = partselect i32 @_ssdm_op_PartSelect.i32.i288.i32.i32, i288 %conv2d_32_window_stream_read, i32 224, i32 255" [/media/msi/SSD/Xilinx/Vitis_HLS/2022.1/common/technology/autopilot/hls_stream_39.h:145]   --->   Operation 56 'partselect' 'trunc_ln145_7' <Predicate = (!select_ln111_2)> <Delay = 0.00>
ST_2 : Operation 57 [1/1] (0.00ns) (grouped into LUT with out node select_ln174_7)   --->   "%trunc_ln145_8 = partselect i32 @_ssdm_op_PartSelect.i32.i288.i32.i32, i288 %conv2d_32_window_stream_read, i32 256, i32 287" [/media/msi/SSD/Xilinx/Vitis_HLS/2022.1/common/technology/autopilot/hls_stream_39.h:145]   --->   Operation 57 'partselect' 'trunc_ln145_8' <Predicate = true> <Delay = 0.00>
ST_2 : Operation 58 [1/1] (0.00ns) (grouped into LUT with out node select_ln174)   --->   "%or_ln121 = or i1 %icmp_ln121, i1 %select_ln111_1" [forward_prop/src/forward_prop.cpp:121]   --->   Operation 58 'or' 'or_ln121' <Predicate = true> <Delay = 0.00> <CoreInst = "LogicGate">   --->   Core 74 'LogicGate' <Latency = 0> <II = 1> <Delay = 0.14> <FuncUnit> <Opcode : 'and' 'or' 'xor'> <InPorts = 2> <OutPorts = 1>
ST_2 : Operation 59 [1/1] (0.00ns) (grouped into LUT with out node select_ln174_2)   --->   "%or_ln121_1 = or i1 %icmp_ln121_1, i1 %select_ln111_1" [forward_prop/src/forward_prop.cpp:121]   --->   Operation 59 'or' 'or_ln121_1' <Predicate = true> <Delay = 0.00> <CoreInst = "LogicGate">   --->   Core 74 'LogicGate' <Latency = 0> <II = 1> <Delay = 0.14> <FuncUnit> <Opcode : 'and' 'or' 'xor'> <InPorts = 2> <OutPorts = 1>
ST_2 : Operation 60 [1/1] (0.00ns) (grouped into LUT with out node select_ln174_5)   --->   "%or_ln121_2 = or i1 %icmp_ln121, i1 %select_ln111_2" [forward_prop/src/forward_prop.cpp:121]   --->   Operation 60 'or' 'or_ln121_2' <Predicate = true> <Delay = 0.00> <CoreInst = "LogicGate">   --->   Core 74 'LogicGate' <Latency = 0> <II = 1> <Delay = 0.14> <FuncUnit> <Opcode : 'and' 'or' 'xor'> <InPorts = 2> <OutPorts = 1>
ST_2 : Operation 61 [1/1] (0.00ns) (grouped into LUT with out node select_ln174_7)   --->   "%or_ln121_3 = or i1 %icmp_ln121_1, i1 %select_ln111_2" [forward_prop/src/forward_prop.cpp:121]   --->   Operation 61 'or' 'or_ln121_3' <Predicate = true> <Delay = 0.00> <CoreInst = "LogicGate">   --->   Core 74 'LogicGate' <Latency = 0> <II = 1> <Delay = 0.14> <FuncUnit> <Opcode : 'and' 'or' 'xor'> <InPorts = 2> <OutPorts = 1>
ST_2 : Operation 62 [1/1] (0.28ns) (out node of the LUT)   --->   "%select_ln174 = select i1 %or_ln121, i32 0, i32 %trunc_ln145" [/media/msi/SSD/Xilinx/Vitis_HLS/2022.1/common/technology/autopilot/hls_stream_39.h:174]   --->   Operation 62 'select' 'select_ln174' <Predicate = true> <Delay = 0.28> <CoreInst = "Sel">   --->   Core 73 'Sel' <Latency = 0> <II = 1> <Delay = 0.28> <FuncUnit> <Opcode : 'select'> <InPorts = 3> <OutPorts = 1>
ST_2 : Operation 63 [1/1] (0.28ns)   --->   "%select_ln174_1 = select i1 %select_ln111_1, i32 0, i32 %trunc_ln145_1" [/media/msi/SSD/Xilinx/Vitis_HLS/2022.1/common/technology/autopilot/hls_stream_39.h:174]   --->   Operation 63 'select' 'select_ln174_1' <Predicate = true> <Delay = 0.28> <CoreInst = "Sel">   --->   Core 73 'Sel' <Latency = 0> <II = 1> <Delay = 0.28> <FuncUnit> <Opcode : 'select'> <InPorts = 3> <OutPorts = 1>
ST_2 : Operation 64 [1/1] (0.28ns) (out node of the LUT)   --->   "%select_ln174_2 = select i1 %or_ln121_1, i32 0, i32 %trunc_ln145_2" [/media/msi/SSD/Xilinx/Vitis_HLS/2022.1/common/technology/autopilot/hls_stream_39.h:174]   --->   Operation 64 'select' 'select_ln174_2' <Predicate = true> <Delay = 0.28> <CoreInst = "Sel">   --->   Core 73 'Sel' <Latency = 0> <II = 1> <Delay = 0.28> <FuncUnit> <Opcode : 'select'> <InPorts = 3> <OutPorts = 1>
ST_2 : Operation 65 [1/1] (0.28ns)   --->   "%select_ln174_3 = select i1 %icmp_ln121, i32 0, i32 %trunc_ln145_3" [/media/msi/SSD/Xilinx/Vitis_HLS/2022.1/common/technology/autopilot/hls_stream_39.h:174]   --->   Operation 65 'select' 'select_ln174_3' <Predicate = true> <Delay = 0.28> <CoreInst = "Sel">   --->   Core 73 'Sel' <Latency = 0> <II = 1> <Delay = 0.28> <FuncUnit> <Opcode : 'select'> <InPorts = 3> <OutPorts = 1>
ST_2 : Operation 66 [1/1] (0.28ns)   --->   "%select_ln174_4 = select i1 %icmp_ln121_1, i32 0, i32 %trunc_ln145_5" [/media/msi/SSD/Xilinx/Vitis_HLS/2022.1/common/technology/autopilot/hls_stream_39.h:174]   --->   Operation 66 'select' 'select_ln174_4' <Predicate = true> <Delay = 0.28> <CoreInst = "Sel">   --->   Core 73 'Sel' <Latency = 0> <II = 1> <Delay = 0.28> <FuncUnit> <Opcode : 'select'> <InPorts = 3> <OutPorts = 1>
ST_2 : Operation 67 [1/1] (0.28ns) (out node of the LUT)   --->   "%select_ln174_5 = select i1 %or_ln121_2, i32 0, i32 %trunc_ln145_6" [/media/msi/SSD/Xilinx/Vitis_HLS/2022.1/common/technology/autopilot/hls_stream_39.h:174]   --->   Operation 67 'select' 'select_ln174_5' <Predicate = true> <Delay = 0.28> <CoreInst = "Sel">   --->   Core 73 'Sel' <Latency = 0> <II = 1> <Delay = 0.28> <FuncUnit> <Opcode : 'select'> <InPorts = 3> <OutPorts = 1>
ST_2 : Operation 68 [1/1] (0.28ns)   --->   "%select_ln174_6 = select i1 %select_ln111_2, i32 0, i32 %trunc_ln145_7" [/media/msi/SSD/Xilinx/Vitis_HLS/2022.1/common/technology/autopilot/hls_stream_39.h:174]   --->   Operation 68 'select' 'select_ln174_6' <Predicate = true> <Delay = 0.28> <CoreInst = "Sel">   --->   Core 73 'Sel' <Latency = 0> <II = 1> <Delay = 0.28> <FuncUnit> <Opcode : 'select'> <InPorts = 3> <OutPorts = 1>
ST_2 : Operation 69 [1/1] (0.28ns) (out node of the LUT)   --->   "%select_ln174_7 = select i1 %or_ln121_3, i32 0, i32 %trunc_ln145_8" [/media/msi/SSD/Xilinx/Vitis_HLS/2022.1/common/technology/autopilot/hls_stream_39.h:174]   --->   Operation 69 'select' 'select_ln174_7' <Predicate = true> <Delay = 0.28> <CoreInst = "Sel">   --->   Core 73 'Sel' <Latency = 0> <II = 1> <Delay = 0.28> <FuncUnit> <Opcode : 'select'> <InPorts = 3> <OutPorts = 1>
ST_2 : Operation 70 [1/1] (0.00ns)   --->   "%or_ln174_s = bitconcatenate i288 @_ssdm_op_BitConcatenate.i288.i32.i32.i32.i32.i32.i32.i32.i32.i32, i32 %select_ln174_7, i32 %select_ln174_6, i32 %select_ln174_5, i32 %select_ln174_4, i32 %trunc_ln145_4, i32 %select_ln174_3, i32 %select_ln174_2, i32 %select_ln174_1, i32 %select_ln174" [/media/msi/SSD/Xilinx/Vitis_HLS/2022.1/common/technology/autopilot/hls_stream_39.h:174]   --->   Operation 70 'bitconcatenate' 'or_ln174_s' <Predicate = true> <Delay = 0.00>
ST_2 : Operation 71 [1/1] (2.10ns)   --->   "%write_ln174 = write void @_ssdm_op_Write.ap_fifo.volatile.i288P0A, i288 %conv2d_32_padded_window_stream, i288 %or_ln174_s" [/media/msi/SSD/Xilinx/Vitis_HLS/2022.1/common/technology/autopilot/hls_stream_39.h:174]   --->   Operation 71 'write' 'write_ln174' <Predicate = true> <Delay = 2.10> <CoreInst = "FIFO_SRL">   --->   Core 81 'FIFO_SRL' <Latency = 0> <II = 1> <Delay = 2.10> <Storage> <Opcode : 'read' 'write' 'nbread' 'nbwrite'> <Ports = 0> <Width = 288> <Depth = 3> <FIFO>
ST_2 : Operation 72 [1/1] (0.00ns)   --->   "%br_ln112 = br void %filt_y" [forward_prop/src/forward_prop.cpp:112]   --->   Operation 72 'br' 'br_ln112' <Predicate = true> <Delay = 0.00>


============================================================
+ Verbose Summary: Binding
============================================================
STG Binding: 
---------------- STG Properties BEGIN ----------------
- Is combinational: 0
- Is one-state seq: 0
- Is datapath-only: 0
- Is pipelined: 0
- Is top level: 0
Port [ Return ] is wired: 1; IO mode=ap_ctrl_hs:ce=0
Port [ conv2d_32_window_stream]:  wired=1; compound=1; hidden=0; nouse=0; global=0; static=0; extern=0; dir=0; type=3; pingpong=0; private_global=0; IO mode=ap_fifo:ce=0
Port [ conv2d_32_padded_window_stream]:  wired=1; compound=1; hidden=0; nouse=0; global=0; static=0; extern=0; dir=1; type=3; pingpong=0; private_global=0; IO mode=ap_fifo:ce=0
---------------- STG Properties END ------------------

---------------- Datapath Model BEGIN ----------------

<LifeTime>
<method=bitvector/>
in_x                         (alloca           ) [ 010]
in_y                         (alloca           ) [ 010]
indvar_flatten               (alloca           ) [ 010]
specinterface_ln0            (specinterface    ) [ 000]
specinterface_ln0            (specinterface    ) [ 000]
store_ln111                  (store            ) [ 000]
store_ln111                  (store            ) [ 000]
store_ln111                  (store            ) [ 000]
br_ln111                     (br               ) [ 000]
in_y_2                       (load             ) [ 000]
indvar_flatten_load          (load             ) [ 000]
in_y_cast                    (zext             ) [ 000]
empty                        (add              ) [ 000]
empty_155                    (icmp             ) [ 000]
empty_156                    (add              ) [ 000]
empty_157                    (icmp             ) [ 000]
specpipeline_ln0             (specpipeline     ) [ 000]
icmp_ln111                   (icmp             ) [ 010]
add_ln111                    (add              ) [ 000]
br_ln111                     (br               ) [ 000]
in_x_load                    (load             ) [ 000]
icmp_ln112                   (icmp             ) [ 000]
select_ln111                 (select           ) [ 000]
in_y_cast_mid1               (zext             ) [ 000]
p_mid1                       (add              ) [ 000]
p_mid15                      (icmp             ) [ 000]
select_ln111_1               (select           ) [ 011]
p_mid17                      (add              ) [ 000]
p_mid19                      (icmp             ) [ 000]
select_ln111_2               (select           ) [ 011]
select_ln111_3               (select           ) [ 000]
zext_ln121                   (zext             ) [ 000]
add_ln121                    (add              ) [ 000]
icmp_ln121                   (icmp             ) [ 011]
add_ln121_1                  (add              ) [ 000]
icmp_ln121_1                 (icmp             ) [ 011]
store_ln112                  (store            ) [ 000]
store_ln112                  (store            ) [ 000]
store_ln112                  (store            ) [ 000]
specloopname_ln0             (specloopname     ) [ 000]
empty_158                    (speclooptripcount) [ 000]
specpipeline_ln0             (specpipeline     ) [ 000]
specloopname_ln114           (specloopname     ) [ 000]
conv2d_32_window_stream_read (read             ) [ 000]
trunc_ln145                  (trunc            ) [ 000]
trunc_ln145_1                (partselect       ) [ 000]
trunc_ln145_2                (partselect       ) [ 000]
trunc_ln145_3                (partselect       ) [ 000]
trunc_ln145_4                (partselect       ) [ 000]
trunc_ln145_5                (partselect       ) [ 000]
trunc_ln145_6                (partselect       ) [ 000]
trunc_ln145_7                (partselect       ) [ 000]
trunc_ln145_8                (partselect       ) [ 000]
or_ln121                     (or               ) [ 000]
or_ln121_1                   (or               ) [ 000]
or_ln121_2                   (or               ) [ 000]
or_ln121_3                   (or               ) [ 000]
select_ln174                 (select           ) [ 000]
select_ln174_1               (select           ) [ 000]
select_ln174_2               (select           ) [ 000]
select_ln174_3               (select           ) [ 000]
select_ln174_4               (select           ) [ 000]
select_ln174_5               (select           ) [ 000]
select_ln174_6               (select           ) [ 000]
select_ln174_7               (select           ) [ 000]
or_ln174_s                   (bitconcatenate   ) [ 000]
write_ln174                  (write            ) [ 000]
br_ln112                     (br               ) [ 000]
ret_ln128                    (ret              ) [ 000]
</LifeTime>

<model>

<comp_list>
<comp id="0" class="1000" name="conv2d_32_window_stream">
<pin_list>
<pin id="1" dir="1" index="0" bw="1" slack="0"/>
</pin_list>
<bind>
<StgValue><ssdm name="conv2d_32_window_stream"/></StgValue>
</bind>
</comp>

<comp id="2" class="1000" name="conv2d_32_padded_window_stream">
<pin_list>
<pin id="3" dir="1" index="0" bw="1" slack="0"/>
</pin_list>
<bind>
<StgValue><ssdm name="conv2d_32_padded_window_stream"/></StgValue>
</bind>
</comp>

<comp id="4" class="1001" name="const_4">
<pin_list>
<pin id="5" dir="1" index="0" bw="1" slack="0"/>
</pin_list>
<bind>
<StgValue><ssdm name=""/></StgValue>
</bind>
</comp>

<comp id="6" class="1001" name="const_6">
<pin_list>
<pin id="7" dir="1" index="0" bw="1" slack="2147483647"/>
</pin_list>
<bind>
<StgValue><ssdm name="_ssdm_op_SpecInterface"/></StgValue>
</bind>
</comp>

<comp id="8" class="1001" name="const_8">
<pin_list>
<pin id="9" dir="1" index="0" bw="1" slack="2147483647"/>
</pin_list>
<bind>
<StgValue><ssdm name="empty_39"/></StgValue>
</bind>
</comp>

<comp id="10" class="1001" name="const_10">
<pin_list>
<pin id="11" dir="1" index="0" bw="1" slack="0"/>
</pin_list>
<bind>
<StgValue><ssdm name=""/></StgValue>
</bind>
</comp>

<comp id="12" class="1001" name="const_12">
<pin_list>
<pin id="13" dir="1" index="0" bw="1" slack="2147483647"/>
</pin_list>
<bind>
<StgValue><ssdm name="empty_30"/></StgValue>
</bind>
</comp>

<comp id="14" class="1001" name="const_14">
<pin_list>
<pin id="15" dir="1" index="0" bw="1" slack="2147483647"/>
</pin_list>
<bind>
<StgValue><ssdm name=""/></StgValue>
</bind>
</comp>

<comp id="16" class="1001" name="const_16">
<pin_list>
<pin id="17" dir="1" index="0" bw="1" slack="0"/>
</pin_list>
<bind>
<StgValue><ssdm name=""/></StgValue>
</bind>
</comp>

<comp id="18" class="1001" name="const_18">
<pin_list>
<pin id="19" dir="1" index="0" bw="1" slack="0"/>
</pin_list>
<bind>
<StgValue><ssdm name=""/></StgValue>
</bind>
</comp>

<comp id="20" class="1001" name="const_20">
<pin_list>
<pin id="21" dir="1" index="0" bw="1" slack="0"/>
</pin_list>
<bind>
<StgValue><ssdm name=""/></StgValue>
</bind>
</comp>

<comp id="22" class="1001" name="const_22">
<pin_list>
<pin id="23" dir="1" index="0" bw="1" slack="0"/>
</pin_list>
<bind>
<StgValue><ssdm name=""/></StgValue>
</bind>
</comp>

<comp id="24" class="1001" name="const_24">
<pin_list>
<pin id="25" dir="1" index="0" bw="1" slack="0"/>
</pin_list>
<bind>
<StgValue><ssdm name=""/></StgValue>
</bind>
</comp>

<comp id="26" class="1001" name="const_26">
<pin_list>
<pin id="27" dir="1" index="0" bw="1" slack="0"/>
</pin_list>
<bind>
<StgValue><ssdm name=""/></StgValue>
</bind>
</comp>

<comp id="28" class="1001" name="const_28">
<pin_list>
<pin id="29" dir="1" index="0" bw="1" slack="2147483647"/>
</pin_list>
<bind>
<StgValue><ssdm name="_ssdm_op_SpecPipeline"/></StgValue>
</bind>
</comp>

<comp id="30" class="1001" name="const_30">
<pin_list>
<pin id="31" dir="1" index="0" bw="1" slack="2147483647"/>
</pin_list>
<bind>
<StgValue><ssdm name="p_str"/></StgValue>
</bind>
</comp>

<comp id="32" class="1001" name="const_32">
<pin_list>
<pin id="33" dir="1" index="0" bw="1" slack="0"/>
</pin_list>
<bind>
<StgValue><ssdm name=""/></StgValue>
</bind>
</comp>

<comp id="34" class="1001" name="const_34">
<pin_list>
<pin id="35" dir="1" index="0" bw="1" slack="0"/>
</pin_list>
<bind>
<StgValue><ssdm name=""/></StgValue>
</bind>
</comp>

<comp id="36" class="1001" name="const_36">
<pin_list>
<pin id="37" dir="1" index="0" bw="1" slack="0"/>
</pin_list>
<bind>
<StgValue><ssdm name=""/></StgValue>
</bind>
</comp>

<comp id="38" class="1001" name="const_38">
<pin_list>
<pin id="39" dir="1" index="0" bw="1" slack="0"/>
</pin_list>
<bind>
<StgValue><ssdm name=""/></StgValue>
</bind>
</comp>

<comp id="40" class="1001" name="const_40">
<pin_list>
<pin id="41" dir="1" index="0" bw="1" slack="2147483647"/>
</pin_list>
<bind>
<StgValue><ssdm name="_ssdm_op_SpecLoopName"/></StgValue>
</bind>
</comp>

<comp id="42" class="1001" name="const_42">
<pin_list>
<pin id="43" dir="1" index="0" bw="1" slack="2147483647"/>
</pin_list>
<bind>
<StgValue><ssdm name="in_y_in_x_str"/></StgValue>
</bind>
</comp>

<comp id="44" class="1001" name="const_44">
<pin_list>
<pin id="45" dir="1" index="0" bw="1" slack="2147483647"/>
</pin_list>
<bind>
<StgValue><ssdm name="_ssdm_op_SpecLoopTripCount"/></StgValue>
</bind>
</comp>

<comp id="46" class="1001" name="const_46">
<pin_list>
<pin id="47" dir="1" index="0" bw="1" slack="2147483647"/>
</pin_list>
<bind>
<StgValue><ssdm name=""/></StgValue>
</bind>
</comp>

<comp id="48" class="1001" name="const_48">
<pin_list>
<pin id="49" dir="1" index="0" bw="1" slack="2147483647"/>
</pin_list>
<bind>
<StgValue><ssdm name="empty_19"/></StgValue>
</bind>
</comp>

<comp id="50" class="1001" name="const_50">
<pin_list>
<pin id="51" dir="1" index="0" bw="1" slack="0"/>
</pin_list>
<bind>
<StgValue><ssdm name="_ssdm_op_Read.ap_fifo.volatile.i288P0A"/></StgValue>
</bind>
</comp>

<comp id="52" class="1001" name="const_52">
<pin_list>
<pin id="53" dir="1" index="0" bw="1" slack="0"/>
</pin_list>
<bind>
<StgValue><ssdm name="_ssdm_op_PartSelect.i32.i288.i32.i32"/></StgValue>
</bind>
</comp>

<comp id="54" class="1001" name="const_54">
<pin_list>
<pin id="55" dir="1" index="0" bw="1" slack="0"/>
</pin_list>
<bind>
<StgValue><ssdm name=""/></StgValue>
</bind>
</comp>

<comp id="56" class="1001" name="const_56">
<pin_list>
<pin id="57" dir="1" index="0" bw="1" slack="0"/>
</pin_list>
<bind>
<StgValue><ssdm name=""/></StgValue>
</bind>
</comp>

<comp id="58" class="1001" name="const_58">
<pin_list>
<pin id="59" dir="1" index="0" bw="1" slack="0"/>
</pin_list>
<bind>
<StgValue><ssdm name=""/></StgValue>
</bind>
</comp>

<comp id="60" class="1001" name="const_60">
<pin_list>
<pin id="61" dir="1" index="0" bw="1" slack="0"/>
</pin_list>
<bind>
<StgValue><ssdm name=""/></StgValue>
</bind>
</comp>

<comp id="62" class="1001" name="const_62">
<pin_list>
<pin id="63" dir="1" index="0" bw="1" slack="0"/>
</pin_list>
<bind>
<StgValue><ssdm name=""/></StgValue>
</bind>
</comp>

<comp id="64" class="1001" name="const_64">
<pin_list>
<pin id="65" dir="1" index="0" bw="1" slack="0"/>
</pin_list>
<bind>
<StgValue><ssdm name=""/></StgValue>
</bind>
</comp>

<comp id="66" class="1001" name="const_66">
<pin_list>
<pin id="67" dir="1" index="0" bw="1" slack="0"/>
</pin_list>
<bind>
<StgValue><ssdm name=""/></StgValue>
</bind>
</comp>

<comp id="68" class="1001" name="const_68">
<pin_list>
<pin id="69" dir="1" index="0" bw="1" slack="0"/>
</pin_list>
<bind>
<StgValue><ssdm name=""/></StgValue>
</bind>
</comp>

<comp id="70" class="1001" name="const_70">
<pin_list>
<pin id="71" dir="1" index="0" bw="1" slack="0"/>
</pin_list>
<bind>
<StgValue><ssdm name=""/></StgValue>
</bind>
</comp>

<comp id="72" class="1001" name="const_72">
<pin_list>
<pin id="73" dir="1" index="0" bw="1" slack="0"/>
</pin_list>
<bind>
<StgValue><ssdm name=""/></StgValue>
</bind>
</comp>

<comp id="74" class="1001" name="const_74">
<pin_list>
<pin id="75" dir="1" index="0" bw="1" slack="0"/>
</pin_list>
<bind>
<StgValue><ssdm name=""/></StgValue>
</bind>
</comp>

<comp id="76" class="1001" name="const_76">
<pin_list>
<pin id="77" dir="1" index="0" bw="1" slack="0"/>
</pin_list>
<bind>
<StgValue><ssdm name=""/></StgValue>
</bind>
</comp>

<comp id="78" class="1001" name="const_78">
<pin_list>
<pin id="79" dir="1" index="0" bw="1" slack="0"/>
</pin_list>
<bind>
<StgValue><ssdm name=""/></StgValue>
</bind>
</comp>

<comp id="80" class="1001" name="const_80">
<pin_list>
<pin id="81" dir="1" index="0" bw="1" slack="0"/>
</pin_list>
<bind>
<StgValue><ssdm name=""/></StgValue>
</bind>
</comp>

<comp id="82" class="1001" name="const_82">
<pin_list>
<pin id="83" dir="1" index="0" bw="1" slack="0"/>
</pin_list>
<bind>
<StgValue><ssdm name=""/></StgValue>
</bind>
</comp>

<comp id="84" class="1001" name="const_84">
<pin_list>
<pin id="85" dir="1" index="0" bw="1" slack="0"/>
</pin_list>
<bind>
<StgValue><ssdm name=""/></StgValue>
</bind>
</comp>

<comp id="86" class="1001" name="const_86">
<pin_list>
<pin id="87" dir="1" index="0" bw="1" slack="0"/>
</pin_list>
<bind>
<StgValue><ssdm name="_ssdm_op_BitConcatenate.i288.i32.i32.i32.i32.i32.i32.i32.i32.i32"/></StgValue>
</bind>
</comp>

<comp id="88" class="1001" name="const_88">
<pin_list>
<pin id="89" dir="1" index="0" bw="1" slack="0"/>
</pin_list>
<bind>
<StgValue><ssdm name="_ssdm_op_Write.ap_fifo.volatile.i288P0A"/></StgValue>
</bind>
</comp>

<comp id="90" class="1004" name="in_x_fu_90">
<pin_list>
<pin id="91" dir="0" index="0" bw="1" slack="0"/>
<pin id="92" dir="1" index="1" bw="5" slack="0"/>
</pin_list>
<bind>
<opcode="alloca(26) " fcode="alloca"/>
<opset="in_x/1 "/>
</bind>
</comp>

<comp id="94" class="1004" name="in_y_fu_94">
<pin_list>
<pin id="95" dir="0" index="0" bw="1" slack="0"/>
<pin id="96" dir="1" index="1" bw="5" slack="0"/>
</pin_list>
<bind>
<opcode="alloca(26) " fcode="alloca"/>
<opset="in_y/1 "/>
</bind>
</comp>

<comp id="98" class="1004" name="indvar_flatten_fu_98">
<pin_list>
<pin id="99" dir="0" index="0" bw="1" slack="0"/>
<pin id="100" dir="1" index="1" bw="10" slack="0"/>
</pin_list>
<bind>
<opcode="alloca(26) " fcode="alloca"/>
<opset="indvar_flatten/1 "/>
</bind>
</comp>

<comp id="102" class="1004" name="conv2d_32_window_stream_read_read_fu_102">
<pin_list>
<pin id="103" dir="0" index="0" bw="288" slack="0"/>
<pin id="104" dir="0" index="1" bw="288" slack="0"/>
<pin id="105" dir="1" index="2" bw="288" slack="0"/>
</pin_list>
<bind>
<opcode="read(1150) " fcode="read"/>
<opset="conv2d_32_window_stream_read/2 "/>
</bind>
</comp>

<comp id="108" class="1004" name="write_ln174_write_fu_108">
<pin_list>
<pin id="109" dir="0" index="0" bw="0" slack="0"/>
<pin id="110" dir="0" index="1" bw="288" slack="0"/>
<pin id="111" dir="0" index="2" bw="288" slack="0"/>
<pin id="112" dir="1" index="3" bw="0" slack="2147483647"/>
</pin_list>
<bind>
<opcode="write(1151) " fcode="write"/>
<opset="write_ln174/2 "/>
</bind>
</comp>

<comp id="115" class="1004" name="store_ln111_store_fu_115">
<pin_list>
<pin id="116" dir="0" index="0" bw="1" slack="0"/>
<pin id="117" dir="0" index="1" bw="10" slack="0"/>
<pin id="118" dir="1" index="2" bw="0" slack="2147483647"/>
</pin_list>
<bind>
<opcode="store(28) " fcode="store"/>
<opset="store_ln111/1 "/>
</bind>
</comp>

<comp id="120" class="1004" name="store_ln111_store_fu_120">
<pin_list>
<pin id="121" dir="0" index="0" bw="1" slack="0"/>
<pin id="122" dir="0" index="1" bw="5" slack="0"/>
<pin id="123" dir="1" index="2" bw="0" slack="2147483647"/>
</pin_list>
<bind>
<opcode="store(28) " fcode="store"/>
<opset="store_ln111/1 "/>
</bind>
</comp>

<comp id="125" class="1004" name="store_ln111_store_fu_125">
<pin_list>
<pin id="126" dir="0" index="0" bw="1" slack="0"/>
<pin id="127" dir="0" index="1" bw="5" slack="0"/>
<pin id="128" dir="1" index="2" bw="0" slack="2147483647"/>
</pin_list>
<bind>
<opcode="store(28) " fcode="store"/>
<opset="store_ln111/1 "/>
</bind>
</comp>

<comp id="130" class="1004" name="in_y_2_load_fu_130">
<pin_list>
<pin id="131" dir="0" index="0" bw="5" slack="0"/>
<pin id="132" dir="1" index="1" bw="5" slack="0"/>
</pin_list>
<bind>
<opcode="load(27) " fcode="load"/>
<opset="in_y_2/1 "/>
</bind>
</comp>

<comp id="133" class="1004" name="indvar_flatten_load_load_fu_133">
<pin_list>
<pin id="134" dir="0" index="0" bw="10" slack="0"/>
<pin id="135" dir="1" index="1" bw="10" slack="0"/>
</pin_list>
<bind>
<opcode="load(27) " fcode="load"/>
<opset="indvar_flatten_load/1 "/>
</bind>
</comp>

<comp id="136" class="1004" name="in_y_cast_fu_136">
<pin_list>
<pin id="137" dir="0" index="0" bw="5" slack="0"/>
<pin id="138" dir="1" index="1" bw="6" slack="0"/>
</pin_list>
<bind>
<opcode="zext(34) " fcode="zext"/>
<opset="in_y_cast/1 "/>
</bind>
</comp>

<comp id="140" class="1004" name="empty_fu_140">
<pin_list>
<pin id="141" dir="0" index="0" bw="5" slack="0"/>
<pin id="142" dir="0" index="1" bw="1" slack="0"/>
<pin id="143" dir="1" index="2" bw="6" slack="0"/>
</pin_list>
<bind>
<opcode="add(8) " fcode="add"/>
<opset="empty/1 "/>
</bind>
</comp>

<comp id="146" class="1004" name="empty_155_fu_146">
<pin_list>
<pin id="147" dir="0" index="0" bw="6" slack="0"/>
<pin id="148" dir="0" index="1" bw="6" slack="0"/>
<pin id="149" dir="1" index="2" bw="1" slack="0"/>
</pin_list>
<bind>
<opcode="icmp(45) " fcode="icmp"/>
<opset="empty_155/1 "/>
</bind>
</comp>

<comp id="152" class="1004" name="empty_156_fu_152">
<pin_list>
<pin id="153" dir="0" index="0" bw="5" slack="0"/>
<pin id="154" dir="0" index="1" bw="1" slack="0"/>
<pin id="155" dir="1" index="2" bw="5" slack="0"/>
</pin_list>
<bind>
<opcode="add(8) " fcode="add"/>
<opset="empty_156/1 "/>
</bind>
</comp>

<comp id="158" class="1004" name="empty_157_fu_158">
<pin_list>
<pin id="159" dir="0" index="0" bw="5" slack="0"/>
<pin id="160" dir="0" index="1" bw="5" slack="0"/>
<pin id="161" dir="1" index="2" bw="1" slack="0"/>
</pin_list>
<bind>
<opcode="icmp(45) " fcode="icmp"/>
<opset="empty_157/1 "/>
</bind>
</comp>

<comp id="164" class="1004" name="icmp_ln111_fu_164">
<pin_list>
<pin id="165" dir="0" index="0" bw="10" slack="0"/>
<pin id="166" dir="0" index="1" bw="9" slack="0"/>
<pin id="167" dir="1" index="2" bw="1" slack="2147483647"/>
</pin_list>
<bind>
<opcode="icmp(45) " fcode="icmp"/>
<opset="icmp_ln111/1 "/>
</bind>
</comp>

<comp id="170" class="1004" name="add_ln111_fu_170">
<pin_list>
<pin id="171" dir="0" index="0" bw="10" slack="0"/>
<pin id="172" dir="0" index="1" bw="1" slack="0"/>
<pin id="173" dir="1" index="2" bw="10" slack="0"/>
</pin_list>
<bind>
<opcode="add(8) " fcode="add"/>
<opset="add_ln111/1 "/>
</bind>
</comp>

<comp id="176" class="1004" name="in_x_load_load_fu_176">
<pin_list>
<pin id="177" dir="0" index="0" bw="5" slack="0"/>
<pin id="178" dir="1" index="1" bw="5" slack="0"/>
</pin_list>
<bind>
<opcode="load(27) " fcode="load"/>
<opset="in_x_load/1 "/>
</bind>
</comp>

<comp id="179" class="1004" name="icmp_ln112_fu_179">
<pin_list>
<pin id="180" dir="0" index="0" bw="5" slack="0"/>
<pin id="181" dir="0" index="1" bw="3" slack="0"/>
<pin id="182" dir="1" index="2" bw="1" slack="0"/>
</pin_list>
<bind>
<opcode="icmp(45) " fcode="icmp"/>
<opset="icmp_ln112/1 "/>
</bind>
</comp>

<comp id="185" class="1004" name="select_ln111_fu_185">
<pin_list>
<pin id="186" dir="0" index="0" bw="1" slack="0"/>
<pin id="187" dir="0" index="1" bw="1" slack="0"/>
<pin id="188" dir="0" index="2" bw="5" slack="0"/>
<pin id="189" dir="1" index="3" bw="5" slack="0"/>
</pin_list>
<bind>
<opcode="select(49) " fcode="select"/>
<opset="select_ln111/1 "/>
</bind>
</comp>

<comp id="193" class="1004" name="in_y_cast_mid1_fu_193">
<pin_list>
<pin id="194" dir="0" index="0" bw="5" slack="0"/>
<pin id="195" dir="1" index="1" bw="6" slack="0"/>
</pin_list>
<bind>
<opcode="zext(34) " fcode="zext"/>
<opset="in_y_cast_mid1/1 "/>
</bind>
</comp>

<comp id="197" class="1004" name="p_mid1_fu_197">
<pin_list>
<pin id="198" dir="0" index="0" bw="5" slack="0"/>
<pin id="199" dir="0" index="1" bw="1" slack="0"/>
<pin id="200" dir="1" index="2" bw="6" slack="0"/>
</pin_list>
<bind>
<opcode="add(8) " fcode="add"/>
<opset="p_mid1/1 "/>
</bind>
</comp>

<comp id="203" class="1004" name="p_mid15_fu_203">
<pin_list>
<pin id="204" dir="0" index="0" bw="6" slack="0"/>
<pin id="205" dir="0" index="1" bw="6" slack="0"/>
<pin id="206" dir="1" index="2" bw="1" slack="0"/>
</pin_list>
<bind>
<opcode="icmp(45) " fcode="icmp"/>
<opset="p_mid15/1 "/>
</bind>
</comp>

<comp id="209" class="1004" name="select_ln111_1_fu_209">
<pin_list>
<pin id="210" dir="0" index="0" bw="1" slack="0"/>
<pin id="211" dir="0" index="1" bw="1" slack="0"/>
<pin id="212" dir="0" index="2" bw="1" slack="0"/>
<pin id="213" dir="1" index="3" bw="1" slack="1"/>
</pin_list>
<bind>
<opcode="select(49) " fcode="select"/>
<opset="select_ln111_1/1 "/>
</bind>
</comp>

<comp id="217" class="1004" name="p_mid17_fu_217">
<pin_list>
<pin id="218" dir="0" index="0" bw="5" slack="0"/>
<pin id="219" dir="0" index="1" bw="3" slack="0"/>
<pin id="220" dir="1" index="2" bw="5" slack="0"/>
</pin_list>
<bind>
<opcode="add(8) " fcode="add"/>
<opset="p_mid17/1 "/>
</bind>
</comp>

<comp id="223" class="1004" name="p_mid19_fu_223">
<pin_list>
<pin id="224" dir="0" index="0" bw="5" slack="0"/>
<pin id="225" dir="0" index="1" bw="5" slack="0"/>
<pin id="226" dir="1" index="2" bw="1" slack="0"/>
</pin_list>
<bind>
<opcode="icmp(45) " fcode="icmp"/>
<opset="p_mid19/1 "/>
</bind>
</comp>

<comp id="229" class="1004" name="select_ln111_2_fu_229">
<pin_list>
<pin id="230" dir="0" index="0" bw="1" slack="0"/>
<pin id="231" dir="0" index="1" bw="1" slack="0"/>
<pin id="232" dir="0" index="2" bw="1" slack="0"/>
<pin id="233" dir="1" index="3" bw="1" slack="1"/>
</pin_list>
<bind>
<opcode="select(49) " fcode="select"/>
<opset="select_ln111_2/1 "/>
</bind>
</comp>

<comp id="237" class="1004" name="select_ln111_3_fu_237">
<pin_list>
<pin id="238" dir="0" index="0" bw="1" slack="0"/>
<pin id="239" dir="0" index="1" bw="5" slack="0"/>
<pin id="240" dir="0" index="2" bw="5" slack="0"/>
<pin id="241" dir="1" index="3" bw="5" slack="0"/>
</pin_list>
<bind>
<opcode="select(49) " fcode="select"/>
<opset="select_ln111_3/1 "/>
</bind>
</comp>

<comp id="245" class="1004" name="zext_ln121_fu_245">
<pin_list>
<pin id="246" dir="0" index="0" bw="5" slack="0"/>
<pin id="247" dir="1" index="1" bw="6" slack="0"/>
</pin_list>
<bind>
<opcode="zext(34) " fcode="zext"/>
<opset="zext_ln121/1 "/>
</bind>
</comp>

<comp id="249" class="1004" name="add_ln121_fu_249">
<pin_list>
<pin id="250" dir="0" index="0" bw="5" slack="0"/>
<pin id="251" dir="0" index="1" bw="1" slack="0"/>
<pin id="252" dir="1" index="2" bw="6" slack="0"/>
</pin_list>
<bind>
<opcode="add(8) " fcode="add"/>
<opset="add_ln121/1 "/>
</bind>
</comp>

<comp id="255" class="1004" name="icmp_ln121_fu_255">
<pin_list>
<pin id="256" dir="0" index="0" bw="6" slack="0"/>
<pin id="257" dir="0" index="1" bw="6" slack="0"/>
<pin id="258" dir="1" index="2" bw="1" slack="1"/>
</pin_list>
<bind>
<opcode="icmp(45) " fcode="icmp"/>
<opset="icmp_ln121/1 "/>
</bind>
</comp>

<comp id="261" class="1004" name="add_ln121_1_fu_261">
<pin_list>
<pin id="262" dir="0" index="0" bw="5" slack="0"/>
<pin id="263" dir="0" index="1" bw="1" slack="0"/>
<pin id="264" dir="1" index="2" bw="5" slack="0"/>
</pin_list>
<bind>
<opcode="add(8) " fcode="add"/>
<opset="add_ln121_1/1 "/>
</bind>
</comp>

<comp id="267" class="1004" name="icmp_ln121_1_fu_267">
<pin_list>
<pin id="268" dir="0" index="0" bw="5" slack="0"/>
<pin id="269" dir="0" index="1" bw="5" slack="0"/>
<pin id="270" dir="1" index="2" bw="1" slack="1"/>
</pin_list>
<bind>
<opcode="icmp(45) " fcode="icmp"/>
<opset="icmp_ln121_1/1 "/>
</bind>
</comp>

<comp id="273" class="1004" name="store_ln112_store_fu_273">
<pin_list>
<pin id="274" dir="0" index="0" bw="10" slack="0"/>
<pin id="275" dir="0" index="1" bw="10" slack="0"/>
<pin id="276" dir="1" index="2" bw="0" slack="2147483647"/>
</pin_list>
<bind>
<opcode="store(28) " fcode="store"/>
<opset="store_ln112/1 "/>
</bind>
</comp>

<comp id="278" class="1004" name="store_ln112_store_fu_278">
<pin_list>
<pin id="279" dir="0" index="0" bw="5" slack="0"/>
<pin id="280" dir="0" index="1" bw="5" slack="0"/>
<pin id="281" dir="1" index="2" bw="0" slack="2147483647"/>
</pin_list>
<bind>
<opcode="store(28) " fcode="store"/>
<opset="store_ln112/1 "/>
</bind>
</comp>

<comp id="283" class="1004" name="store_ln112_store_fu_283">
<pin_list>
<pin id="284" dir="0" index="0" bw="5" slack="0"/>
<pin id="285" dir="0" index="1" bw="5" slack="0"/>
<pin id="286" dir="1" index="2" bw="0" slack="2147483647"/>
</pin_list>
<bind>
<opcode="store(28) " fcode="store"/>
<opset="store_ln112/1 "/>
</bind>
</comp>

<comp id="288" class="1004" name="trunc_ln145_fu_288">
<pin_list>
<pin id="289" dir="0" index="0" bw="288" slack="0"/>
<pin id="290" dir="1" index="1" bw="32" slack="0"/>
</pin_list>
<bind>
<opcode="trunc(33) " fcode="trunc"/>
<opset="trunc_ln145/2 "/>
</bind>
</comp>

<comp id="292" class="1004" name="trunc_ln145_1_fu_292">
<pin_list>
<pin id="293" dir="0" index="0" bw="32" slack="0"/>
<pin id="294" dir="0" index="1" bw="288" slack="0"/>
<pin id="295" dir="0" index="2" bw="7" slack="0"/>
<pin id="296" dir="0" index="3" bw="7" slack="0"/>
<pin id="297" dir="1" index="4" bw="32" slack="0"/>
</pin_list>
<bind>
<opcode="partselect(1002) " fcode="partselect"/>
<opset="trunc_ln145_1/2 "/>
</bind>
</comp>

<comp id="302" class="1004" name="trunc_ln145_2_fu_302">
<pin_list>
<pin id="303" dir="0" index="0" bw="32" slack="0"/>
<pin id="304" dir="0" index="1" bw="288" slack="0"/>
<pin id="305" dir="0" index="2" bw="8" slack="0"/>
<pin id="306" dir="0" index="3" bw="8" slack="0"/>
<pin id="307" dir="1" index="4" bw="32" slack="0"/>
</pin_list>
<bind>
<opcode="partselect(1002) " fcode="partselect"/>
<opset="trunc_ln145_2/2 "/>
</bind>
</comp>

<comp id="312" class="1004" name="trunc_ln145_3_fu_312">
<pin_list>
<pin id="313" dir="0" index="0" bw="32" slack="0"/>
<pin id="314" dir="0" index="1" bw="288" slack="0"/>
<pin id="315" dir="0" index="2" bw="8" slack="0"/>
<pin id="316" dir="0" index="3" bw="8" slack="0"/>
<pin id="317" dir="1" index="4" bw="32" slack="0"/>
</pin_list>
<bind>
<opcode="partselect(1002) " fcode="partselect"/>
<opset="trunc_ln145_3/2 "/>
</bind>
</comp>

<comp id="322" class="1004" name="trunc_ln145_4_fu_322">
<pin_list>
<pin id="323" dir="0" index="0" bw="32" slack="0"/>
<pin id="324" dir="0" index="1" bw="288" slack="0"/>
<pin id="325" dir="0" index="2" bw="9" slack="0"/>
<pin id="326" dir="0" index="3" bw="9" slack="0"/>
<pin id="327" dir="1" index="4" bw="32" slack="0"/>
</pin_list>
<bind>
<opcode="partselect(1002) " fcode="partselect"/>
<opset="trunc_ln145_4/2 "/>
</bind>
</comp>

<comp id="332" class="1004" name="trunc_ln145_5_fu_332">
<pin_list>
<pin id="333" dir="0" index="0" bw="32" slack="0"/>
<pin id="334" dir="0" index="1" bw="288" slack="0"/>
<pin id="335" dir="0" index="2" bw="9" slack="0"/>
<pin id="336" dir="0" index="3" bw="9" slack="0"/>
<pin id="337" dir="1" index="4" bw="32" slack="0"/>
</pin_list>
<bind>
<opcode="partselect(1002) " fcode="partselect"/>
<opset="trunc_ln145_5/2 "/>
</bind>
</comp>

<comp id="342" class="1004" name="trunc_ln145_6_fu_342">
<pin_list>
<pin id="343" dir="0" index="0" bw="32" slack="0"/>
<pin id="344" dir="0" index="1" bw="288" slack="0"/>
<pin id="345" dir="0" index="2" bw="9" slack="0"/>
<pin id="346" dir="0" index="3" bw="9" slack="0"/>
<pin id="347" dir="1" index="4" bw="32" slack="0"/>
</pin_list>
<bind>
<opcode="partselect(1002) " fcode="partselect"/>
<opset="trunc_ln145_6/2 "/>
</bind>
</comp>

<comp id="352" class="1004" name="trunc_ln145_7_fu_352">
<pin_list>
<pin id="353" dir="0" index="0" bw="32" slack="0"/>
<pin id="354" dir="0" index="1" bw="288" slack="0"/>
<pin id="355" dir="0" index="2" bw="9" slack="0"/>
<pin id="356" dir="0" index="3" bw="9" slack="0"/>
<pin id="357" dir="1" index="4" bw="32" slack="0"/>
</pin_list>
<bind>
<opcode="partselect(1002) " fcode="partselect"/>
<opset="trunc_ln145_7/2 "/>
</bind>
</comp>

<comp id="362" class="1004" name="trunc_ln145_8_fu_362">
<pin_list>
<pin id="363" dir="0" index="0" bw="32" slack="0"/>
<pin id="364" dir="0" index="1" bw="288" slack="0"/>
<pin id="365" dir="0" index="2" bw="10" slack="0"/>
<pin id="366" dir="0" index="3" bw="10" slack="0"/>
<pin id="367" dir="1" index="4" bw="32" slack="0"/>
</pin_list>
<bind>
<opcode="partselect(1002) " fcode="partselect"/>
<opset="trunc_ln145_8/2 "/>
</bind>
</comp>

<comp id="372" class="1004" name="or_ln121_fu_372">
<pin_list>
<pin id="373" dir="0" index="0" bw="1" slack="1"/>
<pin id="374" dir="0" index="1" bw="1" slack="1"/>
<pin id="375" dir="1" index="2" bw="1" slack="0"/>
</pin_list>
<bind>
<opcode="or(24) " fcode="or"/>
<opset="or_ln121/2 "/>
</bind>
</comp>

<comp id="376" class="1004" name="or_ln121_1_fu_376">
<pin_list>
<pin id="377" dir="0" index="0" bw="1" slack="1"/>
<pin id="378" dir="0" index="1" bw="1" slack="1"/>
<pin id="379" dir="1" index="2" bw="1" slack="0"/>
</pin_list>
<bind>
<opcode="or(24) " fcode="or"/>
<opset="or_ln121_1/2 "/>
</bind>
</comp>

<comp id="380" class="1004" name="or_ln121_2_fu_380">
<pin_list>
<pin id="381" dir="0" index="0" bw="1" slack="1"/>
<pin id="382" dir="0" index="1" bw="1" slack="1"/>
<pin id="383" dir="1" index="2" bw="1" slack="0"/>
</pin_list>
<bind>
<opcode="or(24) " fcode="or"/>
<opset="or_ln121_2/2 "/>
</bind>
</comp>

<comp id="384" class="1004" name="or_ln121_3_fu_384">
<pin_list>
<pin id="385" dir="0" index="0" bw="1" slack="1"/>
<pin id="386" dir="0" index="1" bw="1" slack="1"/>
<pin id="387" dir="1" index="2" bw="1" slack="0"/>
</pin_list>
<bind>
<opcode="or(24) " fcode="or"/>
<opset="or_ln121_3/2 "/>
</bind>
</comp>

<comp id="388" class="1004" name="select_ln174_fu_388">
<pin_list>
<pin id="389" dir="0" index="0" bw="1" slack="0"/>
<pin id="390" dir="0" index="1" bw="1" slack="0"/>
<pin id="391" dir="0" index="2" bw="32" slack="0"/>
<pin id="392" dir="1" index="3" bw="32" slack="0"/>
</pin_list>
<bind>
<opcode="select(49) " fcode="select"/>
<opset="select_ln174/2 "/>
</bind>
</comp>

<comp id="396" class="1004" name="select_ln174_1_fu_396">
<pin_list>
<pin id="397" dir="0" index="0" bw="1" slack="1"/>
<pin id="398" dir="0" index="1" bw="1" slack="0"/>
<pin id="399" dir="0" index="2" bw="32" slack="0"/>
<pin id="400" dir="1" index="3" bw="32" slack="0"/>
</pin_list>
<bind>
<opcode="select(49) " fcode="select"/>
<opset="select_ln174_1/2 "/>
</bind>
</comp>

<comp id="403" class="1004" name="select_ln174_2_fu_403">
<pin_list>
<pin id="404" dir="0" index="0" bw="1" slack="0"/>
<pin id="405" dir="0" index="1" bw="1" slack="0"/>
<pin id="406" dir="0" index="2" bw="32" slack="0"/>
<pin id="407" dir="1" index="3" bw="32" slack="0"/>
</pin_list>
<bind>
<opcode="select(49) " fcode="select"/>
<opset="select_ln174_2/2 "/>
</bind>
</comp>

<comp id="411" class="1004" name="select_ln174_3_fu_411">
<pin_list>
<pin id="412" dir="0" index="0" bw="1" slack="1"/>
<pin id="413" dir="0" index="1" bw="1" slack="0"/>
<pin id="414" dir="0" index="2" bw="32" slack="0"/>
<pin id="415" dir="1" index="3" bw="32" slack="0"/>
</pin_list>
<bind>
<opcode="select(49) " fcode="select"/>
<opset="select_ln174_3/2 "/>
</bind>
</comp>

<comp id="418" class="1004" name="select_ln174_4_fu_418">
<pin_list>
<pin id="419" dir="0" index="0" bw="1" slack="1"/>
<pin id="420" dir="0" index="1" bw="1" slack="0"/>
<pin id="421" dir="0" index="2" bw="32" slack="0"/>
<pin id="422" dir="1" index="3" bw="32" slack="0"/>
</pin_list>
<bind>
<opcode="select(49) " fcode="select"/>
<opset="select_ln174_4/2 "/>
</bind>
</comp>

<comp id="425" class="1004" name="select_ln174_5_fu_425">
<pin_list>
<pin id="426" dir="0" index="0" bw="1" slack="0"/>
<pin id="427" dir="0" index="1" bw="1" slack="0"/>
<pin id="428" dir="0" index="2" bw="32" slack="0"/>
<pin id="429" dir="1" index="3" bw="32" slack="0"/>
</pin_list>
<bind>
<opcode="select(49) " fcode="select"/>
<opset="select_ln174_5/2 "/>
</bind>
</comp>

<comp id="433" class="1004" name="select_ln174_6_fu_433">
<pin_list>
<pin id="434" dir="0" index="0" bw="1" slack="1"/>
<pin id="435" dir="0" index="1" bw="1" slack="0"/>
<pin id="436" dir="0" index="2" bw="32" slack="0"/>
<pin id="437" dir="1" index="3" bw="32" slack="0"/>
</pin_list>
<bind>
<opcode="select(49) " fcode="select"/>
<opset="select_ln174_6/2 "/>
</bind>
</comp>

<comp id="440" class="1004" name="select_ln174_7_fu_440">
<pin_list>
<pin id="441" dir="0" index="0" bw="1" slack="0"/>
<pin id="442" dir="0" index="1" bw="1" slack="0"/>
<pin id="443" dir="0" index="2" bw="32" slack="0"/>
<pin id="444" dir="1" index="3" bw="32" slack="0"/>
</pin_list>
<bind>
<opcode="select(49) " fcode="select"/>
<opset="select_ln174_7/2 "/>
</bind>
</comp>

<comp id="448" class="1004" name="or_ln174_s_fu_448">
<pin_list>
<pin id="449" dir="0" index="0" bw="288" slack="0"/>
<pin id="450" dir="0" index="1" bw="32" slack="0"/>
<pin id="451" dir="0" index="2" bw="32" slack="0"/>
<pin id="452" dir="0" index="3" bw="32" slack="0"/>
<pin id="453" dir="0" index="4" bw="32" slack="0"/>
<pin id="454" dir="0" index="5" bw="32" slack="0"/>
<pin id="455" dir="0" index="6" bw="32" slack="0"/>
<pin id="456" dir="0" index="7" bw="32" slack="0"/>
<pin id="457" dir="0" index="8" bw="32" slack="0"/>
<pin id="458" dir="0" index="9" bw="32" slack="0"/>
<pin id="459" dir="1" index="10" bw="288" slack="0"/>
</pin_list>
<bind>
<opcode="bitconcatenate(1004) " fcode="bitconcatenate"/>
<opset="or_ln174_s/2 "/>
</bind>
</comp>

<comp id="471" class="1005" name="in_x_reg_471">
<pin_list>
<pin id="472" dir="0" index="0" bw="5" slack="0"/>
<pin id="473" dir="1" index="1" bw="5" slack="0"/>
</pin_list>
<bind>
<opset="in_x "/>
</bind>
</comp>

<comp id="478" class="1005" name="in_y_reg_478">
<pin_list>
<pin id="479" dir="0" index="0" bw="5" slack="0"/>
<pin id="480" dir="1" index="1" bw="5" slack="0"/>
</pin_list>
<bind>
<opset="in_y "/>
</bind>
</comp>

<comp id="485" class="1005" name="indvar_flatten_reg_485">
<pin_list>
<pin id="486" dir="0" index="0" bw="10" slack="0"/>
<pin id="487" dir="1" index="1" bw="10" slack="0"/>
</pin_list>
<bind>
<opset="indvar_flatten "/>
</bind>
</comp>

<comp id="495" class="1005" name="select_ln111_1_reg_495">
<pin_list>
<pin id="496" dir="0" index="0" bw="1" slack="1"/>
<pin id="497" dir="1" index="1" bw="1" slack="1"/>
</pin_list>
<bind>
<opset="select_ln111_1 "/>
</bind>
</comp>

<comp id="502" class="1005" name="select_ln111_2_reg_502">
<pin_list>
<pin id="503" dir="0" index="0" bw="1" slack="1"/>
<pin id="504" dir="1" index="1" bw="1" slack="1"/>
</pin_list>
<bind>
<opset="select_ln111_2 "/>
</bind>
</comp>

<comp id="509" class="1005" name="icmp_ln121_reg_509">
<pin_list>
<pin id="510" dir="0" index="0" bw="1" slack="1"/>
<pin id="511" dir="1" index="1" bw="1" slack="1"/>
</pin_list>
<bind>
<opset="icmp_ln121 "/>
</bind>
</comp>

<comp id="516" class="1005" name="icmp_ln121_1_reg_516">
<pin_list>
<pin id="517" dir="0" index="0" bw="1" slack="1"/>
<pin id="518" dir="1" index="1" bw="1" slack="1"/>
</pin_list>
<bind>
<opset="icmp_ln121_1 "/>
</bind>
</comp>

</comp_list>

<net_list>
<net id="93"><net_src comp="4" pin="0"/><net_sink comp="90" pin=0"/></net>

<net id="97"><net_src comp="4" pin="0"/><net_sink comp="94" pin=0"/></net>

<net id="101"><net_src comp="4" pin="0"/><net_sink comp="98" pin=0"/></net>

<net id="106"><net_src comp="50" pin="0"/><net_sink comp="102" pin=0"/></net>

<net id="107"><net_src comp="0" pin="0"/><net_sink comp="102" pin=1"/></net>

<net id="113"><net_src comp="88" pin="0"/><net_sink comp="108" pin=0"/></net>

<net id="114"><net_src comp="2" pin="0"/><net_sink comp="108" pin=1"/></net>

<net id="119"><net_src comp="16" pin="0"/><net_sink comp="115" pin=0"/></net>

<net id="124"><net_src comp="18" pin="0"/><net_sink comp="120" pin=0"/></net>

<net id="129"><net_src comp="18" pin="0"/><net_sink comp="125" pin=0"/></net>

<net id="139"><net_src comp="130" pin="1"/><net_sink comp="136" pin=0"/></net>

<net id="144"><net_src comp="136" pin="1"/><net_sink comp="140" pin=0"/></net>

<net id="145"><net_src comp="20" pin="0"/><net_sink comp="140" pin=1"/></net>

<net id="150"><net_src comp="140" pin="2"/><net_sink comp="146" pin=0"/></net>

<net id="151"><net_src comp="22" pin="0"/><net_sink comp="146" pin=1"/></net>

<net id="156"><net_src comp="130" pin="1"/><net_sink comp="152" pin=0"/></net>

<net id="157"><net_src comp="24" pin="0"/><net_sink comp="152" pin=1"/></net>

<net id="162"><net_src comp="152" pin="2"/><net_sink comp="158" pin=0"/></net>

<net id="163"><net_src comp="26" pin="0"/><net_sink comp="158" pin=1"/></net>

<net id="168"><net_src comp="133" pin="1"/><net_sink comp="164" pin=0"/></net>

<net id="169"><net_src comp="32" pin="0"/><net_sink comp="164" pin=1"/></net>

<net id="174"><net_src comp="133" pin="1"/><net_sink comp="170" pin=0"/></net>

<net id="175"><net_src comp="34" pin="0"/><net_sink comp="170" pin=1"/></net>

<net id="183"><net_src comp="176" pin="1"/><net_sink comp="179" pin=0"/></net>

<net id="184"><net_src comp="36" pin="0"/><net_sink comp="179" pin=1"/></net>

<net id="190"><net_src comp="179" pin="2"/><net_sink comp="185" pin=0"/></net>

<net id="191"><net_src comp="18" pin="0"/><net_sink comp="185" pin=1"/></net>

<net id="192"><net_src comp="176" pin="1"/><net_sink comp="185" pin=2"/></net>

<net id="196"><net_src comp="152" pin="2"/><net_sink comp="193" pin=0"/></net>

<net id="201"><net_src comp="193" pin="1"/><net_sink comp="197" pin=0"/></net>

<net id="202"><net_src comp="20" pin="0"/><net_sink comp="197" pin=1"/></net>

<net id="207"><net_src comp="197" pin="2"/><net_sink comp="203" pin=0"/></net>

<net id="208"><net_src comp="22" pin="0"/><net_sink comp="203" pin=1"/></net>

<net id="214"><net_src comp="179" pin="2"/><net_sink comp="209" pin=0"/></net>

<net id="215"><net_src comp="203" pin="2"/><net_sink comp="209" pin=1"/></net>

<net id="216"><net_src comp="146" pin="2"/><net_sink comp="209" pin=2"/></net>

<net id="221"><net_src comp="130" pin="1"/><net_sink comp="217" pin=0"/></net>

<net id="222"><net_src comp="38" pin="0"/><net_sink comp="217" pin=1"/></net>

<net id="227"><net_src comp="217" pin="2"/><net_sink comp="223" pin=0"/></net>

<net id="228"><net_src comp="26" pin="0"/><net_sink comp="223" pin=1"/></net>

<net id="234"><net_src comp="179" pin="2"/><net_sink comp="229" pin=0"/></net>

<net id="235"><net_src comp="223" pin="2"/><net_sink comp="229" pin=1"/></net>

<net id="236"><net_src comp="158" pin="2"/><net_sink comp="229" pin=2"/></net>

<net id="242"><net_src comp="179" pin="2"/><net_sink comp="237" pin=0"/></net>

<net id="243"><net_src comp="152" pin="2"/><net_sink comp="237" pin=1"/></net>

<net id="244"><net_src comp="130" pin="1"/><net_sink comp="237" pin=2"/></net>

<net id="248"><net_src comp="185" pin="3"/><net_sink comp="245" pin=0"/></net>

<net id="253"><net_src comp="245" pin="1"/><net_sink comp="249" pin=0"/></net>

<net id="254"><net_src comp="20" pin="0"/><net_sink comp="249" pin=1"/></net>

<net id="259"><net_src comp="249" pin="2"/><net_sink comp="255" pin=0"/></net>

<net id="260"><net_src comp="22" pin="0"/><net_sink comp="255" pin=1"/></net>

<net id="265"><net_src comp="185" pin="3"/><net_sink comp="261" pin=0"/></net>

<net id="266"><net_src comp="24" pin="0"/><net_sink comp="261" pin=1"/></net>

<net id="271"><net_src comp="261" pin="2"/><net_sink comp="267" pin=0"/></net>

<net id="272"><net_src comp="26" pin="0"/><net_sink comp="267" pin=1"/></net>

<net id="277"><net_src comp="170" pin="2"/><net_sink comp="273" pin=0"/></net>

<net id="282"><net_src comp="237" pin="3"/><net_sink comp="278" pin=0"/></net>

<net id="287"><net_src comp="261" pin="2"/><net_sink comp="283" pin=0"/></net>

<net id="291"><net_src comp="102" pin="2"/><net_sink comp="288" pin=0"/></net>

<net id="298"><net_src comp="52" pin="0"/><net_sink comp="292" pin=0"/></net>

<net id="299"><net_src comp="102" pin="2"/><net_sink comp="292" pin=1"/></net>

<net id="300"><net_src comp="54" pin="0"/><net_sink comp="292" pin=2"/></net>

<net id="301"><net_src comp="56" pin="0"/><net_sink comp="292" pin=3"/></net>

<net id="308"><net_src comp="52" pin="0"/><net_sink comp="302" pin=0"/></net>

<net id="309"><net_src comp="102" pin="2"/><net_sink comp="302" pin=1"/></net>

<net id="310"><net_src comp="58" pin="0"/><net_sink comp="302" pin=2"/></net>

<net id="311"><net_src comp="60" pin="0"/><net_sink comp="302" pin=3"/></net>

<net id="318"><net_src comp="52" pin="0"/><net_sink comp="312" pin=0"/></net>

<net id="319"><net_src comp="102" pin="2"/><net_sink comp="312" pin=1"/></net>

<net id="320"><net_src comp="62" pin="0"/><net_sink comp="312" pin=2"/></net>

<net id="321"><net_src comp="64" pin="0"/><net_sink comp="312" pin=3"/></net>

<net id="328"><net_src comp="52" pin="0"/><net_sink comp="322" pin=0"/></net>

<net id="329"><net_src comp="102" pin="2"/><net_sink comp="322" pin=1"/></net>

<net id="330"><net_src comp="66" pin="0"/><net_sink comp="322" pin=2"/></net>

<net id="331"><net_src comp="68" pin="0"/><net_sink comp="322" pin=3"/></net>

<net id="338"><net_src comp="52" pin="0"/><net_sink comp="332" pin=0"/></net>

<net id="339"><net_src comp="102" pin="2"/><net_sink comp="332" pin=1"/></net>

<net id="340"><net_src comp="70" pin="0"/><net_sink comp="332" pin=2"/></net>

<net id="341"><net_src comp="72" pin="0"/><net_sink comp="332" pin=3"/></net>

<net id="348"><net_src comp="52" pin="0"/><net_sink comp="342" pin=0"/></net>

<net id="349"><net_src comp="102" pin="2"/><net_sink comp="342" pin=1"/></net>

<net id="350"><net_src comp="74" pin="0"/><net_sink comp="342" pin=2"/></net>

<net id="351"><net_src comp="76" pin="0"/><net_sink comp="342" pin=3"/></net>

<net id="358"><net_src comp="52" pin="0"/><net_sink comp="352" pin=0"/></net>

<net id="359"><net_src comp="102" pin="2"/><net_sink comp="352" pin=1"/></net>

<net id="360"><net_src comp="78" pin="0"/><net_sink comp="352" pin=2"/></net>

<net id="361"><net_src comp="80" pin="0"/><net_sink comp="352" pin=3"/></net>

<net id="368"><net_src comp="52" pin="0"/><net_sink comp="362" pin=0"/></net>

<net id="369"><net_src comp="102" pin="2"/><net_sink comp="362" pin=1"/></net>

<net id="370"><net_src comp="82" pin="0"/><net_sink comp="362" pin=2"/></net>

<net id="371"><net_src comp="84" pin="0"/><net_sink comp="362" pin=3"/></net>

<net id="393"><net_src comp="372" pin="2"/><net_sink comp="388" pin=0"/></net>

<net id="394"><net_src comp="10" pin="0"/><net_sink comp="388" pin=1"/></net>

<net id="395"><net_src comp="288" pin="1"/><net_sink comp="388" pin=2"/></net>

<net id="401"><net_src comp="10" pin="0"/><net_sink comp="396" pin=1"/></net>

<net id="402"><net_src comp="292" pin="4"/><net_sink comp="396" pin=2"/></net>

<net id="408"><net_src comp="376" pin="2"/><net_sink comp="403" pin=0"/></net>

<net id="409"><net_src comp="10" pin="0"/><net_sink comp="403" pin=1"/></net>

<net id="410"><net_src comp="302" pin="4"/><net_sink comp="403" pin=2"/></net>

<net id="416"><net_src comp="10" pin="0"/><net_sink comp="411" pin=1"/></net>

<net id="417"><net_src comp="312" pin="4"/><net_sink comp="411" pin=2"/></net>

<net id="423"><net_src comp="10" pin="0"/><net_sink comp="418" pin=1"/></net>

<net id="424"><net_src comp="332" pin="4"/><net_sink comp="418" pin=2"/></net>

<net id="430"><net_src comp="380" pin="2"/><net_sink comp="425" pin=0"/></net>

<net id="431"><net_src comp="10" pin="0"/><net_sink comp="425" pin=1"/></net>

<net id="432"><net_src comp="342" pin="4"/><net_sink comp="425" pin=2"/></net>

<net id="438"><net_src comp="10" pin="0"/><net_sink comp="433" pin=1"/></net>

<net id="439"><net_src comp="352" pin="4"/><net_sink comp="433" pin=2"/></net>

<net id="445"><net_src comp="384" pin="2"/><net_sink comp="440" pin=0"/></net>

<net id="446"><net_src comp="10" pin="0"/><net_sink comp="440" pin=1"/></net>

<net id="447"><net_src comp="362" pin="4"/><net_sink comp="440" pin=2"/></net>

<net id="460"><net_src comp="86" pin="0"/><net_sink comp="448" pin=0"/></net>

<net id="461"><net_src comp="440" pin="3"/><net_sink comp="448" pin=1"/></net>

<net id="462"><net_src comp="433" pin="3"/><net_sink comp="448" pin=2"/></net>

<net id="463"><net_src comp="425" pin="3"/><net_sink comp="448" pin=3"/></net>

<net id="464"><net_src comp="418" pin="3"/><net_sink comp="448" pin=4"/></net>

<net id="465"><net_src comp="322" pin="4"/><net_sink comp="448" pin=5"/></net>

<net id="466"><net_src comp="411" pin="3"/><net_sink comp="448" pin=6"/></net>

<net id="467"><net_src comp="403" pin="3"/><net_sink comp="448" pin=7"/></net>

<net id="468"><net_src comp="396" pin="3"/><net_sink comp="448" pin=8"/></net>

<net id="469"><net_src comp="388" pin="3"/><net_sink comp="448" pin=9"/></net>

<net id="470"><net_src comp="448" pin="10"/><net_sink comp="108" pin=2"/></net>

<net id="474"><net_src comp="90" pin="1"/><net_sink comp="471" pin=0"/></net>

<net id="475"><net_src comp="471" pin="1"/><net_sink comp="125" pin=1"/></net>

<net id="476"><net_src comp="471" pin="1"/><net_sink comp="176" pin=0"/></net>

<net id="477"><net_src comp="471" pin="1"/><net_sink comp="283" pin=1"/></net>

<net id="481"><net_src comp="94" pin="1"/><net_sink comp="478" pin=0"/></net>

<net id="482"><net_src comp="478" pin="1"/><net_sink comp="120" pin=1"/></net>

<net id="483"><net_src comp="478" pin="1"/><net_sink comp="130" pin=0"/></net>

<net id="484"><net_src comp="478" pin="1"/><net_sink comp="278" pin=1"/></net>

<net id="488"><net_src comp="98" pin="1"/><net_sink comp="485" pin=0"/></net>

<net id="489"><net_src comp="485" pin="1"/><net_sink comp="115" pin=1"/></net>

<net id="490"><net_src comp="485" pin="1"/><net_sink comp="133" pin=0"/></net>

<net id="491"><net_src comp="485" pin="1"/><net_sink comp="273" pin=1"/></net>

<net id="498"><net_src comp="209" pin="3"/><net_sink comp="495" pin=0"/></net>

<net id="499"><net_src comp="495" pin="1"/><net_sink comp="372" pin=1"/></net>

<net id="500"><net_src comp="495" pin="1"/><net_sink comp="376" pin=1"/></net>

<net id="501"><net_src comp="495" pin="1"/><net_sink comp="396" pin=0"/></net>

<net id="505"><net_src comp="229" pin="3"/><net_sink comp="502" pin=0"/></net>

<net id="506"><net_src comp="502" pin="1"/><net_sink comp="380" pin=1"/></net>

<net id="507"><net_src comp="502" pin="1"/><net_sink comp="384" pin=1"/></net>

<net id="508"><net_src comp="502" pin="1"/><net_sink comp="433" pin=0"/></net>

<net id="512"><net_src comp="255" pin="2"/><net_sink comp="509" pin=0"/></net>

<net id="513"><net_src comp="509" pin="1"/><net_sink comp="372" pin=0"/></net>

<net id="514"><net_src comp="509" pin="1"/><net_sink comp="380" pin=0"/></net>

<net id="515"><net_src comp="509" pin="1"/><net_sink comp="411" pin=0"/></net>

<net id="519"><net_src comp="267" pin="2"/><net_sink comp="516" pin=0"/></net>

<net id="520"><net_src comp="516" pin="1"/><net_sink comp="376" pin=0"/></net>

<net id="521"><net_src comp="516" pin="1"/><net_sink comp="384" pin=0"/></net>

<net id="522"><net_src comp="516" pin="1"/><net_sink comp="418" pin=0"/></net>

</net_list>

</model> 
---------------- Datapath Model END ------------------

* FSMD analyzer results:
  - Output states:
	Port: conv2d_32_padded_window_stream | {2 }
 - Input state : 
	Port: pad_windows_1c<float, 28u, 28u, 3u, 3u, 32u> : conv2d_32_window_stream | {2 }
  - Chain level:
	State 1
		store_ln111 : 1
		store_ln111 : 1
		store_ln111 : 1
		in_y_2 : 1
		indvar_flatten_load : 1
		in_y_cast : 2
		empty : 3
		empty_155 : 4
		empty_156 : 2
		empty_157 : 3
		icmp_ln111 : 2
		add_ln111 : 2
		br_ln111 : 3
		in_x_load : 1
		icmp_ln112 : 2
		select_ln111 : 3
		in_y_cast_mid1 : 3
		p_mid1 : 4
		p_mid15 : 5
		select_ln111_1 : 6
		p_mid17 : 2
		p_mid19 : 3
		select_ln111_2 : 4
		select_ln111_3 : 3
		zext_ln121 : 4
		add_ln121 : 5
		icmp_ln121 : 6
		add_ln121_1 : 4
		icmp_ln121_1 : 5
		store_ln112 : 3
		store_ln112 : 4
		store_ln112 : 5
	State 2
		select_ln174 : 1
		select_ln174_1 : 1
		select_ln174_2 : 1
		select_ln174_3 : 1
		select_ln174_4 : 1
		select_ln174_5 : 1
		select_ln174_6 : 1
		select_ln174_7 : 1
		or_ln174_s : 2
		write_ln174 : 3


============================================================
+ Verbose Summary: Datapath Resource usage 
============================================================

* Functional unit list:
|----------|------------------------------------------|---------|---------|
| Operation|              Functional Unit             |    FF   |   LUT   |
|----------|------------------------------------------|---------|---------|
|          |            select_ln111_fu_185           |    0    |    5    |
|          |           select_ln111_1_fu_209          |    0    |    2    |
|          |           select_ln111_2_fu_229          |    0    |    2    |
|          |           select_ln111_3_fu_237          |    0    |    5    |
|          |            select_ln174_fu_388           |    0    |    32   |
|  select  |           select_ln174_1_fu_396          |    0    |    32   |
|          |           select_ln174_2_fu_403          |    0    |    32   |
|          |           select_ln174_3_fu_411          |    0    |    32   |
|          |           select_ln174_4_fu_418          |    0    |    32   |
|          |           select_ln174_5_fu_425          |    0    |    32   |
|          |           select_ln174_6_fu_433          |    0    |    32   |
|          |           select_ln174_7_fu_440          |    0    |    32   |
|----------|------------------------------------------|---------|---------|
|          |               empty_fu_140               |    0    |    12   |
|          |             empty_156_fu_152             |    0    |    12   |
|          |             add_ln111_fu_170             |    0    |    17   |
|    add   |               p_mid1_fu_197              |    0    |    12   |
|          |              p_mid17_fu_217              |    0    |    12   |
|          |             add_ln121_fu_249             |    0    |    12   |
|          |            add_ln121_1_fu_261            |    0    |    12   |
|----------|------------------------------------------|---------|---------|
|          |             empty_155_fu_146             |    0    |    10   |
|          |             empty_157_fu_158             |    0    |    9    |
|          |             icmp_ln111_fu_164            |    0    |    11   |
|   icmp   |             icmp_ln112_fu_179            |    0    |    9    |
|          |              p_mid15_fu_203              |    0    |    10   |
|          |              p_mid19_fu_223              |    0    |    9    |
|          |             icmp_ln121_fu_255            |    0    |    10   |
|          |            icmp_ln121_1_fu_267           |    0    |    9    |
|----------|------------------------------------------|---------|---------|
|          |              or_ln121_fu_372             |    0    |    2    |
|    or    |             or_ln121_1_fu_376            |    0    |    2    |
|          |             or_ln121_2_fu_380            |    0    |    2    |
|          |             or_ln121_3_fu_384            |    0    |    2    |
|----------|------------------------------------------|---------|---------|
|   read   | conv2d_32_window_stream_read_read_fu_102 |    0    |    0    |
|----------|------------------------------------------|---------|---------|
|   write  |         write_ln174_write_fu_108         |    0    |    0    |
|----------|------------------------------------------|---------|---------|
|          |             in_y_cast_fu_136             |    0    |    0    |
|   zext   |           in_y_cast_mid1_fu_193          |    0    |    0    |
|          |             zext_ln121_fu_245            |    0    |    0    |
|----------|------------------------------------------|---------|---------|
|   trunc  |            trunc_ln145_fu_288            |    0    |    0    |
|----------|------------------------------------------|---------|---------|
|          |           trunc_ln145_1_fu_292           |    0    |    0    |
|          |           trunc_ln145_2_fu_302           |    0    |    0    |
|          |           trunc_ln145_3_fu_312           |    0    |    0    |
|partselect|           trunc_ln145_4_fu_322           |    0    |    0    |
|          |           trunc_ln145_5_fu_332           |    0    |    0    |
|          |           trunc_ln145_6_fu_342           |    0    |    0    |
|          |           trunc_ln145_7_fu_352           |    0    |    0    |
|          |           trunc_ln145_8_fu_362           |    0    |    0    |
|----------|------------------------------------------|---------|---------|
|bitconcatenate|             or_ln174_s_fu_448            |    0    |    0    |
|----------|------------------------------------------|---------|---------|
|   Total  |                                          |    0    |   444   |
|----------|------------------------------------------|---------|---------|

Memories:
N/A

* Register list:
+----------------------+--------+
|                      |   FF   |
+----------------------+--------+
| icmp_ln121_1_reg_516 |    1   |
|  icmp_ln121_reg_509  |    1   |
|     in_x_reg_471     |    5   |
|     in_y_reg_478     |    5   |
|indvar_flatten_reg_485|   10   |
|select_ln111_1_reg_495|    1   |
|select_ln111_2_reg_502|    1   |
+----------------------+--------+
|         Total        |   24   |
+----------------------+--------+

* Multiplexer (MUX) list: 
|--------|------|------|------|--------|
|  Comp  |  Pin | Size |  BW  | S x BW |
|--------|------|------|------|--------|
|  Total |      |      |      |    0   |
|--------|------|------|------|--------|



* Summary:
+-----------+--------+--------+
|           |   FF   |   LUT  |
+-----------+--------+--------+
|  Function |    0   |   444  |
|   Memory  |    -   |    -   |
|Multiplexer|    -   |    -   |
|  Register |   24   |    -   |
+-----------+--------+--------+
|   Total   |   24   |   444  |
+-----------+--------+--------+
