

================================================================
== Vitis HLS Report for 'save_variables_locally_Pipeline_VITIS_LOOP_38_7'
================================================================
* Date:           Tue Oct 18 21:02:50 2022

* Version:        2022.1 (Build 3526262 on Mon Apr 18 15:47:01 MDT 2022)
* Project:        forward_prop
* Solution:       solution1 (Vitis Kernel Flow Target)
* Product family: virtexuplus
* Target device:  xcvu5p-flva2104-1-e


================================================================
== Performance Estimates
================================================================
+ Timing: 
    * Summary: 
    +--------+----------+----------+------------+
    |  Clock |  Target  | Estimated| Uncertainty|
    +--------+----------+----------+------------+
    |ap_clk  |  10.00 ns|  7.300 ns|     2.70 ns|
    +--------+----------+----------+------------+

+ Latency: 
    * Summary: 
    +---------+---------+----------+----------+-----+-----+---------+
    |  Latency (cycles) |  Latency (absolute) |  Interval | Pipeline|
    |   min   |   max   |    min   |    max   | min | max |   Type  |
    +---------+---------+----------+----------+-----+-----+---------+
    |      131|      131|  1.310 us|  1.310 us|  131|  131|       no|
    +---------+---------+----------+----------+-----+-----+---------+

    + Detail: 
        * Instance: 
        N/A

        * Loop: 
        +-------------------+---------+---------+----------+-----------+-----------+------+----------+
        |                   |  Latency (cycles) | Iteration|  Initiation Interval  | Trip |          |
        |     Loop Name     |   min   |   max   |  Latency |  achieved |   target  | Count| Pipelined|
        +-------------------+---------+---------+----------+-----------+-----------+------+----------+
        |- VITIS_LOOP_38_7  |      129|      129|         3|          1|          1|   128|       yes|
        +-------------------+---------+---------+----------+-----------+-----------+------+----------+

============================================================
+ Verbose Summary: Synthesis Manager
============================================================
InlineROM: 1
ExposeGlobal: 0
============================================================
+ Verbose Summary: CDFG Model
============================================================
IsTopModel: 0
ResetActiveHigh: 1
IsCombinational: 0
IsDatapathOnly: 0
HasWiredReturn: 1
HasMFsm: 2
HasVarLatency: 1
IsPipeline: 0
IsRtlPipelined: 0
IsInstanceOverlapped: 0
IsDontTouch: 0
HasImplIP: 0
IsGatedGlobalClock: 0

+ Individual pipeline summary: 
  * Pipeline-0: initiation interval (II) = 1, depth = 3


============================================================
+ Verbose Summary: Schedule
============================================================
* Number of FSM states : 3
* Pipeline : 1
  Pipeline-0 : II = 1, D = 3, States = { 1 2 3 }
* Dataflow Pipeline: 0

* FSM state transitions: 
1 --> 2 
2 --> 3 
3 --> 

* FSM state operations: 

State 1 <SV = 0> <Delay = 1.33>
ST_1 : Operation 6 [1/1] (0.00ns)   --->   "%shiftreg4 = alloca i32 1"   --->   Operation 6 'alloca' 'shiftreg4' <Predicate = true> <Delay = 0.00>
ST_1 : Operation 7 [1/1] (0.00ns)   --->   "%i = alloca i32 1"   --->   Operation 7 'alloca' 'i' <Predicate = true> <Delay = 0.00>
ST_1 : Operation 8 [1/1] (0.00ns)   --->   "%sext_ln38_read = read i58 @_ssdm_op_Read.ap_auto.i58, i58 %sext_ln38"   --->   Operation 8 'read' 'sext_ln38_read' <Predicate = true> <Delay = 0.00>
ST_1 : Operation 9 [1/1] (0.00ns)   --->   "%sext_ln38_cast = sext i58 %sext_ln38_read"   --->   Operation 9 'sext' 'sext_ln38_cast' <Predicate = true> <Delay = 0.00>
ST_1 : Operation 10 [1/1] (0.00ns)   --->   "%specinterface_ln0 = specinterface void @_ssdm_op_SpecInterface, i512 %gmem, void @empty_49, i32 0, i32 0, void @empty_30, i32 64, i32 0, void @empty_36, void @empty_35, void @empty_30, i32 16, i32 16, i32 16, i32 16, void @empty_30, void @empty_30, i32 4294967295, i32 0"   --->   Operation 10 'specinterface' 'specinterface_ln0' <Predicate = true> <Delay = 0.00>
ST_1 : Operation 11 [1/1] (0.46ns)   --->   "%store_ln0 = store i8 0, i8 %i"   --->   Operation 11 'store' 'store_ln0' <Predicate = true> <Delay = 0.46>
ST_1 : Operation 12 [1/1] (0.46ns)   --->   "%store_ln0 = store i480 0, i480 %shiftreg4"   --->   Operation 12 'store' 'store_ln0' <Predicate = true> <Delay = 0.46>
ST_1 : Operation 13 [1/1] (0.00ns)   --->   "%br_ln0 = br void %for.inc71"   --->   Operation 13 'br' 'br_ln0' <Predicate = true> <Delay = 0.00>
ST_1 : Operation 14 [1/1] (0.00ns)   --->   "%i_14 = load i8 %i"   --->   Operation 14 'load' 'i_14' <Predicate = true> <Delay = 0.00>
ST_1 : Operation 15 [1/1] (0.70ns)   --->   "%icmp_ln38 = icmp_eq  i8 %i_14, i8 128" [forward_prop/src/forward_prop.cpp:38]   --->   Operation 15 'icmp' 'icmp_ln38' <Predicate = true> <Delay = 0.70> <CoreInst = "Cmp">   --->   Core 9 'Cmp' <Latency = 0> <II = 1> <Delay = 0.70> <FuncUnit> <Opcode : 'icmp'> <InPorts = 2> <OutPorts = 1>
ST_1 : Operation 16 [1/1] (0.87ns)   --->   "%add_ln38 = add i8 %i_14, i8 1" [forward_prop/src/forward_prop.cpp:38]   --->   Operation 16 'add' 'add_ln38' <Predicate = true> <Delay = 0.87> <CoreInst = "Adder">   --->   Core 1 'Adder' <Latency = 0> <II = 1> <Delay = 0.87> <FuncUnit> <Opcode : 'add' 'sub'> <InPorts = 2> <OutPorts = 1>
ST_1 : Operation 17 [1/1] (0.00ns)   --->   "%br_ln38 = br i1 %icmp_ln38, void %for.inc71.split, void %VITIS_LOOP_41_8.exitStub" [forward_prop/src/forward_prop.cpp:38]   --->   Operation 17 'br' 'br_ln38' <Predicate = true> <Delay = 0.00>
ST_1 : Operation 18 [1/1] (0.00ns)   --->   "%empty_134 = trunc i8 %i_14"   --->   Operation 18 'trunc' 'empty_134' <Predicate = (!icmp_ln38)> <Delay = 0.00>
ST_1 : Operation 19 [1/1] (0.72ns)   --->   "%icmp_ln39 = icmp_eq  i4 %empty_134, i4 0" [forward_prop/src/forward_prop.cpp:39]   --->   Operation 19 'icmp' 'icmp_ln39' <Predicate = (!icmp_ln38)> <Delay = 0.72> <CoreInst = "Cmp">   --->   Core 9 'Cmp' <Latency = 0> <II = 1> <Delay = 0.72> <FuncUnit> <Opcode : 'icmp'> <InPorts = 2> <OutPorts = 1>
ST_1 : Operation 20 [1/1] (0.46ns)   --->   "%store_ln38 = store i8 %add_ln38, i8 %i" [forward_prop/src/forward_prop.cpp:38]   --->   Operation 20 'store' 'store_ln38' <Predicate = (!icmp_ln38)> <Delay = 0.46>

State 2 <SV = 1> <Delay = 7.30>
ST_2 : Operation 21 [1/1] (0.00ns)   --->   "%gmem_addr = getelementptr i512 %gmem, i64 %sext_ln38_cast" [forward_prop/src/forward_prop.cpp:38]   --->   Operation 21 'getelementptr' 'gmem_addr' <Predicate = true> <Delay = 0.00>
ST_2 : Operation 22 [1/1] (0.00ns)   --->   "%specpipeline_ln0 = specpipeline void @_ssdm_op_SpecPipeline, i32 4294967295, i32 0, i32 1, i32 0, void @p_str"   --->   Operation 22 'specpipeline' 'specpipeline_ln0' <Predicate = true> <Delay = 0.00>
ST_2 : Operation 23 [1/1] (0.00ns)   --->   "%empty = speclooptripcount i32 @_ssdm_op_SpecLoopTripCount, i64 128, i64 128, i64 128"   --->   Operation 23 'speclooptripcount' 'empty' <Predicate = true> <Delay = 0.00>
ST_2 : Operation 24 [1/1] (7.30ns)   --->   "%gmem_addr_read = read i512 @_ssdm_op_Read.m_axi.p1i512, i512 %gmem_addr" [forward_prop/src/forward_prop.cpp:39]   --->   Operation 24 'read' 'gmem_addr_read' <Predicate = (!icmp_ln38 & icmp_ln39)> <Delay = 7.30> <CoreInst = "m_axi">   --->   Core 121 'm_axi' <Latency = 0> <II = 1> <Delay = 1.00> <Adapter> <Opcode : 'read' 'write' 'readreq' 'writereq' 'writeresp'>
ST_2 : Operation 39 [1/1] (0.00ns)   --->   "%ret_ln0 = ret"   --->   Operation 39 'ret' 'ret_ln0' <Predicate = (icmp_ln38)> <Delay = 0.00>

State 3 <SV = 2> <Delay = 1.75>
ST_3 : Operation 25 [1/1] (0.00ns)   --->   "%shiftreg4_load = load i480 %shiftreg4"   --->   Operation 25 'load' 'shiftreg4_load' <Predicate = (!icmp_ln38)> <Delay = 0.00>
ST_3 : Operation 26 [1/1] (0.00ns)   --->   "%shiftreg4_cast = zext i480 %shiftreg4_load"   --->   Operation 26 'zext' 'shiftreg4_cast' <Predicate = (!icmp_ln38)> <Delay = 0.00>
ST_3 : Operation 27 [1/1] (0.00ns)   --->   "%i_20_cast20 = zext i8 %i_14"   --->   Operation 27 'zext' 'i_20_cast20' <Predicate = (!icmp_ln38)> <Delay = 0.00>
ST_3 : Operation 28 [1/1] (0.00ns)   --->   "%specloopname_ln38 = specloopname void @_ssdm_op_SpecLoopName, void @empty_34" [forward_prop/src/forward_prop.cpp:38]   --->   Operation 28 'specloopname' 'specloopname_ln38' <Predicate = (!icmp_ln38)> <Delay = 0.00>
ST_3 : Operation 29 [1/1] (0.46ns)   --->   "%br_ln39 = br i1 %icmp_ln39, void %for.inc71.split._crit_edge, void" [forward_prop/src/forward_prop.cpp:39]   --->   Operation 29 'br' 'br_ln39' <Predicate = (!icmp_ln38)> <Delay = 0.46>
ST_3 : Operation 30 [1/1] (0.46ns)   --->   "%br_ln39 = br void %for.inc71.split._crit_edge" [forward_prop/src/forward_prop.cpp:39]   --->   Operation 30 'br' 'br_ln39' <Predicate = (!icmp_ln38 & icmp_ln39)> <Delay = 0.46>
ST_3 : Operation 31 [1/1] (0.00ns)   --->   "%empty_133 = phi i512 %gmem_addr_read, void, i512 %shiftreg4_cast, void %for.inc71.split" [forward_prop/src/forward_prop.cpp:39]   --->   Operation 31 'phi' 'empty_133' <Predicate = true> <Delay = 0.00>
ST_3 : Operation 32 [1/1] (0.00ns)   --->   "%trunc_ln39 = trunc i512 %empty_133" [forward_prop/src/forward_prop.cpp:39]   --->   Operation 32 'trunc' 'trunc_ln39' <Predicate = true> <Delay = 0.00>
ST_3 : Operation 33 [1/1] (0.00ns)   --->   "%bitcast_ln39 = bitcast i32 %trunc_ln39" [forward_prop/src/forward_prop.cpp:39]   --->   Operation 33 'bitcast' 'bitcast_ln39' <Predicate = true> <Delay = 0.00>
ST_3 : Operation 34 [1/1] (0.00ns)   --->   "%trunc_ln39_1 = partselect i480 @_ssdm_op_PartSelect.i480.i512.i32.i32, i512 %empty_133, i32 32, i32 511" [forward_prop/src/forward_prop.cpp:39]   --->   Operation 34 'partselect' 'trunc_ln39_1' <Predicate = true> <Delay = 0.00>
ST_3 : Operation 35 [1/1] (0.00ns)   --->   "%dense_biases_addr = getelementptr i32 %dense_biases, i64 0, i64 %i_20_cast20" [forward_prop/src/forward_prop.cpp:39]   --->   Operation 35 'getelementptr' 'dense_biases_addr' <Predicate = true> <Delay = 0.00>
ST_3 : Operation 36 [1/1] (1.29ns)   --->   "%store_ln39 = store i32 %bitcast_ln39, i7 %dense_biases_addr" [forward_prop/src/forward_prop.cpp:39]   --->   Operation 36 'store' 'store_ln39' <Predicate = true> <Delay = 1.29> <CoreInst = "RAM">   --->   Core 83 'RAM' <Latency = 1> <II = 1> <Delay = 1.29> <Storage> <Opcode : 'load' 'store'> <Ports = 2> <Width = 32> <Depth = 128> <RAM>
ST_3 : Operation 37 [1/1] (0.46ns)   --->   "%store_ln38 = store i480 %trunc_ln39_1, i480 %shiftreg4" [forward_prop/src/forward_prop.cpp:38]   --->   Operation 37 'store' 'store_ln38' <Predicate = true> <Delay = 0.46>
ST_3 : Operation 38 [1/1] (0.00ns)   --->   "%br_ln38 = br void %for.inc71" [forward_prop/src/forward_prop.cpp:38]   --->   Operation 38 'br' 'br_ln38' <Predicate = true> <Delay = 0.00>


============================================================
+ Verbose Summary: Timing violations
============================================================
Target clock period: 10ns, clock uncertainty: 2.7ns.

 <State 1>: 1.33ns
The critical path consists of the following:
	'alloca' operation ('i') [5]  (0 ns)
	'load' operation ('i') on local variable 'i' [13]  (0 ns)
	'add' operation ('add_ln38', forward_prop/src/forward_prop.cpp:38) [18]  (0.871 ns)
	'store' operation ('store_ln38', forward_prop/src/forward_prop.cpp:38) of variable 'add_ln38', forward_prop/src/forward_prop.cpp:38 on local variable 'i' [38]  (0.46 ns)

 <State 2>: 7.3ns
The critical path consists of the following:
	'getelementptr' operation ('gmem_addr', forward_prop/src/forward_prop.cpp:38) [14]  (0 ns)
	bus read operation ('gmem_addr_read', forward_prop/src/forward_prop.cpp:39) on port 'gmem' (forward_prop/src/forward_prop.cpp:39) [29]  (7.3 ns)

 <State 3>: 1.76ns
The critical path consists of the following:
	'load' operation ('shiftreg4_load') on local variable 'shiftreg4' [21]  (0 ns)
	multiplexor before 'phi' operation ('empty_133', forward_prop/src/forward_prop.cpp:39) with incoming values : ('shiftreg4_cast') ('gmem_addr_read', forward_prop/src/forward_prop.cpp:39) [32]  (0.46 ns)
	'phi' operation ('empty_133', forward_prop/src/forward_prop.cpp:39) with incoming values : ('shiftreg4_cast') ('gmem_addr_read', forward_prop/src/forward_prop.cpp:39) [32]  (0 ns)
	'store' operation ('store_ln39', forward_prop/src/forward_prop.cpp:39) of variable 'bitcast_ln39', forward_prop/src/forward_prop.cpp:39 on array 'dense_biases' [37]  (1.3 ns)


============================================================
+ Verbose Summary: Binding
============================================================
N/A
* FSMD analyzer results:
  - Output states:
 - Input state : 
  - Chain level:
	State 1
	State 2
	State 3


============================================================
+ Verbose Summary: Datapath Resource usage 
============================================================
N/A
