

================================================================
== Vitis HLS Report for 'save_variables_locally_Pipeline_VITIS_LOOP_22_1'
================================================================
* Date:           Tue Oct 18 21:02:49 2022

* Version:        2022.1 (Build 3526262 on Mon Apr 18 15:47:01 MDT 2022)
* Project:        forward_prop
* Solution:       solution1 (Vitis Kernel Flow Target)
* Product family: virtexuplus
* Target device:  xcvu5p-flva2104-1-e


================================================================
== Performance Estimates
================================================================
+ Timing: 
    * Summary: 
    +--------+----------+----------+------------+
    |  Clock |  Target  | Estimated| Uncertainty|
    +--------+----------+----------+------------+
    |ap_clk  |  10.00 ns|  7.300 ns|     2.70 ns|
    +--------+----------+----------+------------+

+ Latency: 
    * Summary: 
    +---------+---------+----------+----------+-----+-----+---------+
    |  Latency (cycles) |  Latency (absolute) |  Interval | Pipeline|
    |   min   |   max   |    min   |    max   | min | max |   Type  |
    +---------+---------+----------+----------+-----+-----+---------+
    |      291|      291|  2.910 us|  2.910 us|  291|  291|       no|
    +---------+---------+----------+----------+-----+-----+---------+

    + Detail: 
        * Instance: 
        N/A

        * Loop: 
        +-------------------+---------+---------+----------+-----------+-----------+------+----------+
        |                   |  Latency (cycles) | Iteration|  Initiation Interval  | Trip |          |
        |     Loop Name     |   min   |   max   |  Latency |  achieved |   target  | Count| Pipelined|
        +-------------------+---------+---------+----------+-----------+-----------+------+----------+
        |- VITIS_LOOP_22_1  |      289|      289|         3|          1|          1|   288|       yes|
        +-------------------+---------+---------+----------+-----------+-----------+------+----------+

============================================================
+ Verbose Summary: Synthesis Manager
============================================================
InlineROM: 1
ExposeGlobal: 0
============================================================
+ Verbose Summary: CDFG Model
============================================================
IsTopModel: 0
ResetActiveHigh: 1
IsCombinational: 0
IsDatapathOnly: 0
HasWiredReturn: 1
HasMFsm: 2
HasVarLatency: 1
IsPipeline: 0
IsRtlPipelined: 0
IsInstanceOverlapped: 0
IsDontTouch: 0
HasImplIP: 0
IsGatedGlobalClock: 0

+ Individual pipeline summary: 
  * Pipeline-0: initiation interval (II) = 1, depth = 3


============================================================
+ Verbose Summary: Schedule
============================================================
* Number of FSM states : 3
* Pipeline : 1
  Pipeline-0 : II = 1, D = 3, States = { 1 2 3 }
* Dataflow Pipeline: 0

* FSM state transitions: 
1 --> 2 
2 --> 3 
3 --> 

* FSM state operations: 

State 1 <SV = 0> <Delay = 1.36>
ST_1 : Operation 6 [1/1] (0.00ns)   --->   "%shiftreg14 = alloca i32 1"   --->   Operation 6 'alloca' 'shiftreg14' <Predicate = true> <Delay = 0.00>
ST_1 : Operation 7 [1/1] (0.00ns)   --->   "%i = alloca i32 1"   --->   Operation 7 'alloca' 'i' <Predicate = true> <Delay = 0.00>
ST_1 : Operation 8 [1/1] (0.00ns)   --->   "%sext_ln22_read = read i58 @_ssdm_op_Read.ap_auto.i58, i58 %sext_ln22"   --->   Operation 8 'read' 'sext_ln22_read' <Predicate = true> <Delay = 0.00>
ST_1 : Operation 9 [1/1] (0.00ns)   --->   "%sext_ln22_cast = sext i58 %sext_ln22_read"   --->   Operation 9 'sext' 'sext_ln22_cast' <Predicate = true> <Delay = 0.00>
ST_1 : Operation 10 [1/1] (0.00ns)   --->   "%specinterface_ln0 = specinterface void @_ssdm_op_SpecInterface, i512 %gmem, void @empty_49, i32 0, i32 0, void @empty_30, i32 64, i32 0, void @empty_36, void @empty_35, void @empty_30, i32 16, i32 16, i32 16, i32 16, void @empty_30, void @empty_30, i32 4294967295, i32 0"   --->   Operation 10 'specinterface' 'specinterface_ln0' <Predicate = true> <Delay = 0.00>
ST_1 : Operation 11 [1/1] (0.46ns)   --->   "%store_ln0 = store i9 0, i9 %i"   --->   Operation 11 'store' 'store_ln0' <Predicate = true> <Delay = 0.46>
ST_1 : Operation 12 [1/1] (0.46ns)   --->   "%store_ln0 = store i480 0, i480 %shiftreg14"   --->   Operation 12 'store' 'store_ln0' <Predicate = true> <Delay = 0.46>
ST_1 : Operation 13 [1/1] (0.00ns)   --->   "%br_ln0 = br void %for.inc"   --->   Operation 13 'br' 'br_ln0' <Predicate = true> <Delay = 0.00>
ST_1 : Operation 14 [1/1] (0.00ns)   --->   "%i_17 = load i9 %i"   --->   Operation 14 'load' 'i_17' <Predicate = true> <Delay = 0.00>
ST_1 : Operation 15 [1/1] (0.73ns)   --->   "%icmp_ln22 = icmp_eq  i9 %i_17, i9 288" [forward_prop/src/forward_prop.cpp:22]   --->   Operation 15 'icmp' 'icmp_ln22' <Predicate = true> <Delay = 0.73> <CoreInst = "Cmp">   --->   Core 9 'Cmp' <Latency = 0> <II = 1> <Delay = 0.73> <FuncUnit> <Opcode : 'icmp'> <InPorts = 2> <OutPorts = 1>
ST_1 : Operation 16 [1/1] (0.90ns)   --->   "%add_ln22 = add i9 %i_17, i9 1" [forward_prop/src/forward_prop.cpp:22]   --->   Operation 16 'add' 'add_ln22' <Predicate = true> <Delay = 0.90> <CoreInst = "Adder">   --->   Core 1 'Adder' <Latency = 0> <II = 1> <Delay = 0.90> <FuncUnit> <Opcode : 'add' 'sub'> <InPorts = 2> <OutPorts = 1>
ST_1 : Operation 17 [1/1] (0.00ns)   --->   "%br_ln22 = br i1 %icmp_ln22, void %for.inc.split, void %VITIS_LOOP_25_2.exitStub" [forward_prop/src/forward_prop.cpp:22]   --->   Operation 17 'br' 'br_ln22' <Predicate = true> <Delay = 0.00>
ST_1 : Operation 18 [1/1] (0.00ns)   --->   "%empty_144 = trunc i9 %i_17"   --->   Operation 18 'trunc' 'empty_144' <Predicate = (!icmp_ln22)> <Delay = 0.00>
ST_1 : Operation 19 [1/1] (0.72ns)   --->   "%icmp_ln23 = icmp_eq  i4 %empty_144, i4 0" [forward_prop/src/forward_prop.cpp:23]   --->   Operation 19 'icmp' 'icmp_ln23' <Predicate = (!icmp_ln22)> <Delay = 0.72> <CoreInst = "Cmp">   --->   Core 9 'Cmp' <Latency = 0> <II = 1> <Delay = 0.72> <FuncUnit> <Opcode : 'icmp'> <InPorts = 2> <OutPorts = 1>
ST_1 : Operation 20 [1/1] (0.46ns)   --->   "%store_ln22 = store i9 %add_ln22, i9 %i" [forward_prop/src/forward_prop.cpp:22]   --->   Operation 20 'store' 'store_ln22' <Predicate = (!icmp_ln22)> <Delay = 0.46>

State 2 <SV = 1> <Delay = 7.30>
ST_2 : Operation 21 [1/1] (0.00ns)   --->   "%gmem_addr = getelementptr i512 %gmem, i64 %sext_ln22_cast" [forward_prop/src/forward_prop.cpp:22]   --->   Operation 21 'getelementptr' 'gmem_addr' <Predicate = true> <Delay = 0.00>
ST_2 : Operation 22 [1/1] (0.00ns)   --->   "%specpipeline_ln0 = specpipeline void @_ssdm_op_SpecPipeline, i32 4294967295, i32 0, i32 1, i32 0, void @p_str"   --->   Operation 22 'specpipeline' 'specpipeline_ln0' <Predicate = true> <Delay = 0.00>
ST_2 : Operation 23 [1/1] (0.00ns)   --->   "%empty = speclooptripcount i32 @_ssdm_op_SpecLoopTripCount, i64 288, i64 288, i64 288"   --->   Operation 23 'speclooptripcount' 'empty' <Predicate = true> <Delay = 0.00>
ST_2 : Operation 24 [1/1] (7.30ns)   --->   "%gmem_addr_read = read i512 @_ssdm_op_Read.m_axi.p1i512, i512 %gmem_addr" [forward_prop/src/forward_prop.cpp:23]   --->   Operation 24 'read' 'gmem_addr_read' <Predicate = (!icmp_ln22 & icmp_ln23)> <Delay = 7.30> <CoreInst = "m_axi">   --->   Core 121 'm_axi' <Latency = 0> <II = 1> <Delay = 1.00> <Adapter> <Opcode : 'read' 'write' 'readreq' 'writereq' 'writeresp'>
ST_2 : Operation 39 [1/1] (0.00ns)   --->   "%ret_ln0 = ret"   --->   Operation 39 'ret' 'ret_ln0' <Predicate = (icmp_ln22)> <Delay = 0.00>

State 3 <SV = 2> <Delay = 1.75>
ST_3 : Operation 25 [1/1] (0.00ns)   --->   "%shiftreg14_load = load i480 %shiftreg14"   --->   Operation 25 'load' 'shiftreg14_load' <Predicate = (!icmp_ln22)> <Delay = 0.00>
ST_3 : Operation 26 [1/1] (0.00ns)   --->   "%shiftreg14_cast = zext i480 %shiftreg14_load"   --->   Operation 26 'zext' 'shiftreg14_cast' <Predicate = (!icmp_ln22)> <Delay = 0.00>
ST_3 : Operation 27 [1/1] (0.00ns)   --->   "%i_cast16 = zext i9 %i_17"   --->   Operation 27 'zext' 'i_cast16' <Predicate = (!icmp_ln22)> <Delay = 0.00>
ST_3 : Operation 28 [1/1] (0.00ns)   --->   "%specloopname_ln22 = specloopname void @_ssdm_op_SpecLoopName, void @empty_8" [forward_prop/src/forward_prop.cpp:22]   --->   Operation 28 'specloopname' 'specloopname_ln22' <Predicate = (!icmp_ln22)> <Delay = 0.00>
ST_3 : Operation 29 [1/1] (0.46ns)   --->   "%br_ln23 = br i1 %icmp_ln23, void %for.inc.split._crit_edge, void" [forward_prop/src/forward_prop.cpp:23]   --->   Operation 29 'br' 'br_ln23' <Predicate = (!icmp_ln22)> <Delay = 0.46>
ST_3 : Operation 30 [1/1] (0.46ns)   --->   "%br_ln23 = br void %for.inc.split._crit_edge" [forward_prop/src/forward_prop.cpp:23]   --->   Operation 30 'br' 'br_ln23' <Predicate = (!icmp_ln22 & icmp_ln23)> <Delay = 0.46>
ST_3 : Operation 31 [1/1] (0.00ns)   --->   "%empty_143 = phi i512 %gmem_addr_read, void, i512 %shiftreg14_cast, void %for.inc.split" [forward_prop/src/forward_prop.cpp:23]   --->   Operation 31 'phi' 'empty_143' <Predicate = true> <Delay = 0.00>
ST_3 : Operation 32 [1/1] (0.00ns)   --->   "%trunc_ln23 = trunc i512 %empty_143" [forward_prop/src/forward_prop.cpp:23]   --->   Operation 32 'trunc' 'trunc_ln23' <Predicate = true> <Delay = 0.00>
ST_3 : Operation 33 [1/1] (0.00ns)   --->   "%bitcast_ln23 = bitcast i32 %trunc_ln23" [forward_prop/src/forward_prop.cpp:23]   --->   Operation 33 'bitcast' 'bitcast_ln23' <Predicate = true> <Delay = 0.00>
ST_3 : Operation 34 [1/1] (0.00ns)   --->   "%trunc_ln23_1 = partselect i480 @_ssdm_op_PartSelect.i480.i512.i32.i32, i512 %empty_143, i32 32, i32 511" [forward_prop/src/forward_prop.cpp:23]   --->   Operation 34 'partselect' 'trunc_ln23_1' <Predicate = true> <Delay = 0.00>
ST_3 : Operation 35 [1/1] (0.00ns)   --->   "%conv2d_32_weights_addr = getelementptr i32 %conv2d_32_weights, i64 0, i64 %i_cast16" [forward_prop/src/forward_prop.cpp:23]   --->   Operation 35 'getelementptr' 'conv2d_32_weights_addr' <Predicate = true> <Delay = 0.00>
ST_3 : Operation 36 [1/1] (1.29ns)   --->   "%store_ln23 = store i32 %bitcast_ln23, i9 %conv2d_32_weights_addr" [forward_prop/src/forward_prop.cpp:23]   --->   Operation 36 'store' 'store_ln23' <Predicate = true> <Delay = 1.29> <CoreInst = "RAM">   --->   Core 83 'RAM' <Latency = 1> <II = 1> <Delay = 1.29> <Storage> <Opcode : 'load' 'store'> <Ports = 2> <Width = 32> <Depth = 288> <RAM>
ST_3 : Operation 37 [1/1] (0.46ns)   --->   "%store_ln22 = store i480 %trunc_ln23_1, i480 %shiftreg14" [forward_prop/src/forward_prop.cpp:22]   --->   Operation 37 'store' 'store_ln22' <Predicate = true> <Delay = 0.46>
ST_3 : Operation 38 [1/1] (0.00ns)   --->   "%br_ln22 = br void %for.inc" [forward_prop/src/forward_prop.cpp:22]   --->   Operation 38 'br' 'br_ln22' <Predicate = true> <Delay = 0.00>


============================================================
+ Verbose Summary: Timing violations
============================================================
Target clock period: 10ns, clock uncertainty: 2.7ns.

 <State 1>: 1.36ns
The critical path consists of the following:
	'alloca' operation ('i') [5]  (0 ns)
	'load' operation ('i') on local variable 'i' [13]  (0 ns)
	'add' operation ('add_ln22', forward_prop/src/forward_prop.cpp:22) [18]  (0.902 ns)
	'store' operation ('store_ln22', forward_prop/src/forward_prop.cpp:22) of variable 'add_ln22', forward_prop/src/forward_prop.cpp:22 on local variable 'i' [38]  (0.46 ns)

 <State 2>: 7.3ns
The critical path consists of the following:
	'getelementptr' operation ('gmem_addr', forward_prop/src/forward_prop.cpp:22) [14]  (0 ns)
	bus read operation ('gmem_addr_read', forward_prop/src/forward_prop.cpp:23) on port 'gmem' (forward_prop/src/forward_prop.cpp:23) [29]  (7.3 ns)

 <State 3>: 1.76ns
The critical path consists of the following:
	'load' operation ('shiftreg14_load') on local variable 'shiftreg14' [21]  (0 ns)
	multiplexor before 'phi' operation ('empty_143', forward_prop/src/forward_prop.cpp:23) with incoming values : ('shiftreg14_cast') ('gmem_addr_read', forward_prop/src/forward_prop.cpp:23) [32]  (0.46 ns)
	'phi' operation ('empty_143', forward_prop/src/forward_prop.cpp:23) with incoming values : ('shiftreg14_cast') ('gmem_addr_read', forward_prop/src/forward_prop.cpp:23) [32]  (0 ns)
	'store' operation ('store_ln23', forward_prop/src/forward_prop.cpp:23) of variable 'bitcast_ln23', forward_prop/src/forward_prop.cpp:23 on array 'conv2d_32_weights' [37]  (1.3 ns)


============================================================
+ Verbose Summary: Binding
============================================================
N/A
* FSMD analyzer results:
  - Output states:
 - Input state : 
  - Chain level:
	State 1
	State 2
	State 3


============================================================
+ Verbose Summary: Datapath Resource usage 
============================================================
N/A
