

================================================================
== Vitis HLS Report for 'save_variables_locally_Pipeline_VITIS_LOOP_35_6'
================================================================
* Date:           Tue Oct 18 21:02:50 2022

* Version:        2022.1 (Build 3526262 on Mon Apr 18 15:47:01 MDT 2022)
* Project:        forward_prop
* Solution:       solution1 (Vitis Kernel Flow Target)
* Product family: virtexuplus
* Target device:  xcvu5p-flva2104-1-e


================================================================
== Performance Estimates
================================================================
+ Timing: 
    * Summary: 
    +--------+----------+----------+------------+
    |  Clock |  Target  | Estimated| Uncertainty|
    +--------+----------+----------+------------+
    |ap_clk  |  10.00 ns|  7.300 ns|     2.70 ns|
    +--------+----------+----------+------------+

+ Latency: 
    * Summary: 
    +---------+---------+----------+----------+--------+--------+---------+
    |  Latency (cycles) |  Latency (absolute) |     Interval    | Pipeline|
    |   min   |   max   |    min   |    max   |   min  |   max  |   Type  |
    +---------+---------+----------+----------+--------+--------+---------+
    |   401411|   401411|  4.014 ms|  4.014 ms|  401411|  401411|       no|
    +---------+---------+----------+----------+--------+--------+---------+

    + Detail: 
        * Instance: 
        N/A

        * Loop: 
        +-------------------+---------+---------+----------+-----------+-----------+--------+----------+
        |                   |  Latency (cycles) | Iteration|  Initiation Interval  |  Trip  |          |
        |     Loop Name     |   min   |   max   |  Latency |  achieved |   target  |  Count | Pipelined|
        +-------------------+---------+---------+----------+-----------+-----------+--------+----------+
        |- VITIS_LOOP_35_6  |   401409|   401409|         3|          1|          1|  401408|       yes|
        +-------------------+---------+---------+----------+-----------+-----------+--------+----------+

============================================================
+ Verbose Summary: Synthesis Manager
============================================================
InlineROM: 1
ExposeGlobal: 0
============================================================
+ Verbose Summary: CDFG Model
============================================================
IsTopModel: 0
ResetActiveHigh: 1
IsCombinational: 0
IsDatapathOnly: 0
HasWiredReturn: 1
HasMFsm: 2
HasVarLatency: 1
IsPipeline: 0
IsRtlPipelined: 0
IsInstanceOverlapped: 0
IsDontTouch: 0
HasImplIP: 0
IsGatedGlobalClock: 0

+ Individual pipeline summary: 
  * Pipeline-0: initiation interval (II) = 1, depth = 3


============================================================
+ Verbose Summary: Schedule
============================================================
* Number of FSM states : 3
* Pipeline : 1
  Pipeline-0 : II = 1, D = 3, States = { 1 2 3 }
* Dataflow Pipeline: 0

* FSM state transitions: 
1 --> 2 
2 --> 3 
3 --> 

* FSM state operations: 

State 1 <SV = 0> <Delay = 1.58>
ST_1 : Operation 6 [1/1] (0.00ns)   --->   "%shiftreg6 = alloca i32 1"   --->   Operation 6 'alloca' 'shiftreg6' <Predicate = true> <Delay = 0.00>
ST_1 : Operation 7 [1/1] (0.00ns)   --->   "%i = alloca i32 1"   --->   Operation 7 'alloca' 'i' <Predicate = true> <Delay = 0.00>
ST_1 : Operation 8 [1/1] (0.00ns)   --->   "%sext_ln35_read = read i58 @_ssdm_op_Read.ap_auto.i58, i58 %sext_ln35"   --->   Operation 8 'read' 'sext_ln35_read' <Predicate = true> <Delay = 0.00>
ST_1 : Operation 9 [1/1] (0.00ns)   --->   "%sext_ln35_cast = sext i58 %sext_ln35_read"   --->   Operation 9 'sext' 'sext_ln35_cast' <Predicate = true> <Delay = 0.00>
ST_1 : Operation 10 [1/1] (0.00ns)   --->   "%specinterface_ln0 = specinterface void @_ssdm_op_SpecInterface, i512 %gmem, void @empty_49, i32 0, i32 0, void @empty_30, i32 64, i32 0, void @empty_36, void @empty_35, void @empty_30, i32 16, i32 16, i32 16, i32 16, void @empty_30, void @empty_30, i32 4294967295, i32 0"   --->   Operation 10 'specinterface' 'specinterface_ln0' <Predicate = true> <Delay = 0.00>
ST_1 : Operation 11 [1/1] (0.46ns)   --->   "%store_ln0 = store i19 0, i19 %i"   --->   Operation 11 'store' 'store_ln0' <Predicate = true> <Delay = 0.46>
ST_1 : Operation 12 [1/1] (0.46ns)   --->   "%store_ln0 = store i480 0, i480 %shiftreg6"   --->   Operation 12 'store' 'store_ln0' <Predicate = true> <Delay = 0.46>
ST_1 : Operation 13 [1/1] (0.00ns)   --->   "%br_ln0 = br void %for.inc59"   --->   Operation 13 'br' 'br_ln0' <Predicate = true> <Delay = 0.00>
ST_1 : Operation 14 [1/1] (0.00ns)   --->   "%i_15 = load i19 %i"   --->   Operation 14 'load' 'i_15' <Predicate = true> <Delay = 0.00>
ST_1 : Operation 15 [1/1] (0.92ns)   --->   "%icmp_ln35 = icmp_eq  i19 %i_15, i19 401408" [forward_prop/src/forward_prop.cpp:35]   --->   Operation 15 'icmp' 'icmp_ln35' <Predicate = true> <Delay = 0.92> <CoreInst = "Cmp">   --->   Core 9 'Cmp' <Latency = 0> <II = 1> <Delay = 0.92> <FuncUnit> <Opcode : 'icmp'> <InPorts = 2> <OutPorts = 1>
ST_1 : Operation 16 [1/1] (1.12ns)   --->   "%add_ln35 = add i19 %i_15, i19 1" [forward_prop/src/forward_prop.cpp:35]   --->   Operation 16 'add' 'add_ln35' <Predicate = true> <Delay = 1.12> <CoreInst = "Adder">   --->   Core 1 'Adder' <Latency = 0> <II = 1> <Delay = 1.12> <FuncUnit> <Opcode : 'add' 'sub'> <InPorts = 2> <OutPorts = 1>
ST_1 : Operation 17 [1/1] (0.00ns)   --->   "%br_ln35 = br i1 %icmp_ln35, void %for.inc59.split, void %VITIS_LOOP_38_7.exitStub" [forward_prop/src/forward_prop.cpp:35]   --->   Operation 17 'br' 'br_ln35' <Predicate = true> <Delay = 0.00>
ST_1 : Operation 18 [1/1] (0.00ns)   --->   "%empty_136 = trunc i19 %i_15"   --->   Operation 18 'trunc' 'empty_136' <Predicate = (!icmp_ln35)> <Delay = 0.00>
ST_1 : Operation 19 [1/1] (0.72ns)   --->   "%icmp_ln36 = icmp_eq  i4 %empty_136, i4 0" [forward_prop/src/forward_prop.cpp:36]   --->   Operation 19 'icmp' 'icmp_ln36' <Predicate = (!icmp_ln35)> <Delay = 0.72> <CoreInst = "Cmp">   --->   Core 9 'Cmp' <Latency = 0> <II = 1> <Delay = 0.72> <FuncUnit> <Opcode : 'icmp'> <InPorts = 2> <OutPorts = 1>
ST_1 : Operation 20 [1/1] (0.00ns)   --->   "%lshr_ln36_1 = partselect i16 @_ssdm_op_PartSelect.i16.i19.i32.i32, i19 %i_15, i32 3, i32 18" [forward_prop/src/forward_prop.cpp:36]   --->   Operation 20 'partselect' 'lshr_ln36_1' <Predicate = (!icmp_ln35)> <Delay = 0.00>
ST_1 : Operation 21 [1/1] (0.00ns)   --->   "%trunc_ln36_1 = trunc i19 %i_15" [forward_prop/src/forward_prop.cpp:36]   --->   Operation 21 'trunc' 'trunc_ln36_1' <Predicate = (!icmp_ln35)> <Delay = 0.00>
ST_1 : Operation 22 [1/1] (0.39ns)   --->   "%switch_ln36 = switch i3 %trunc_ln36_1, void %arrayidx581.case.7, i3 0, void %arrayidx581.case.0, i3 1, void %arrayidx581.case.1, i3 2, void %arrayidx581.case.2, i3 3, void %arrayidx581.case.3, i3 4, void %arrayidx581.case.4, i3 5, void %arrayidx581.case.5, i3 6, void %arrayidx581.case.6" [forward_prop/src/forward_prop.cpp:36]   --->   Operation 22 'switch' 'switch_ln36' <Predicate = (!icmp_ln35)> <Delay = 0.39>
ST_1 : Operation 23 [1/1] (0.46ns)   --->   "%store_ln35 = store i19 %add_ln35, i19 %i" [forward_prop/src/forward_prop.cpp:35]   --->   Operation 23 'store' 'store_ln35' <Predicate = (!icmp_ln35)> <Delay = 0.46>

State 2 <SV = 1> <Delay = 7.30>
ST_2 : Operation 24 [1/1] (0.00ns)   --->   "%gmem_addr = getelementptr i512 %gmem, i64 %sext_ln35_cast" [forward_prop/src/forward_prop.cpp:35]   --->   Operation 24 'getelementptr' 'gmem_addr' <Predicate = true> <Delay = 0.00>
ST_2 : Operation 25 [1/1] (0.00ns)   --->   "%specpipeline_ln0 = specpipeline void @_ssdm_op_SpecPipeline, i32 4294967295, i32 0, i32 1, i32 0, void @p_str"   --->   Operation 25 'specpipeline' 'specpipeline_ln0' <Predicate = true> <Delay = 0.00>
ST_2 : Operation 26 [1/1] (0.00ns)   --->   "%empty = speclooptripcount i32 @_ssdm_op_SpecLoopTripCount, i64 401408, i64 401408, i64 401408"   --->   Operation 26 'speclooptripcount' 'empty' <Predicate = true> <Delay = 0.00>
ST_2 : Operation 27 [1/1] (7.30ns)   --->   "%gmem_addr_read = read i512 @_ssdm_op_Read.m_axi.p1i512, i512 %gmem_addr" [forward_prop/src/forward_prop.cpp:36]   --->   Operation 27 'read' 'gmem_addr_read' <Predicate = (!icmp_ln35 & icmp_ln36)> <Delay = 7.30> <CoreInst = "m_axi">   --->   Core 121 'm_axi' <Latency = 0> <II = 1> <Delay = 1.00> <Adapter> <Opcode : 'read' 'write' 'readreq' 'writereq' 'writeresp'>
ST_2 : Operation 64 [1/1] (0.00ns)   --->   "%ret_ln0 = ret"   --->   Operation 64 'ret' 'ret_ln0' <Predicate = (icmp_ln35)> <Delay = 0.00>

State 3 <SV = 2> <Delay = 1.75>
ST_3 : Operation 28 [1/1] (0.00ns)   --->   "%shiftreg6_load = load i480 %shiftreg6"   --->   Operation 28 'load' 'shiftreg6_load' <Predicate = (!icmp_ln35)> <Delay = 0.00>
ST_3 : Operation 29 [1/1] (0.00ns)   --->   "%shiftreg6_cast = zext i480 %shiftreg6_load"   --->   Operation 29 'zext' 'shiftreg6_cast' <Predicate = (!icmp_ln35)> <Delay = 0.00>
ST_3 : Operation 30 [1/1] (0.00ns)   --->   "%specloopname_ln35 = specloopname void @_ssdm_op_SpecLoopName, void @empty_20" [forward_prop/src/forward_prop.cpp:35]   --->   Operation 30 'specloopname' 'specloopname_ln35' <Predicate = (!icmp_ln35)> <Delay = 0.00>
ST_3 : Operation 31 [1/1] (0.46ns)   --->   "%br_ln36 = br i1 %icmp_ln36, void %for.inc59.split._crit_edge, void" [forward_prop/src/forward_prop.cpp:36]   --->   Operation 31 'br' 'br_ln36' <Predicate = (!icmp_ln35)> <Delay = 0.46>
ST_3 : Operation 32 [1/1] (0.46ns)   --->   "%br_ln36 = br void %for.inc59.split._crit_edge" [forward_prop/src/forward_prop.cpp:36]   --->   Operation 32 'br' 'br_ln36' <Predicate = (!icmp_ln35 & icmp_ln36)> <Delay = 0.46>
ST_3 : Operation 33 [1/1] (0.00ns)   --->   "%empty_135 = phi i512 %gmem_addr_read, void, i512 %shiftreg6_cast, void %for.inc59.split" [forward_prop/src/forward_prop.cpp:36]   --->   Operation 33 'phi' 'empty_135' <Predicate = true> <Delay = 0.00>
ST_3 : Operation 34 [1/1] (0.00ns)   --->   "%trunc_ln36 = trunc i512 %empty_135" [forward_prop/src/forward_prop.cpp:36]   --->   Operation 34 'trunc' 'trunc_ln36' <Predicate = true> <Delay = 0.00>
ST_3 : Operation 35 [1/1] (0.00ns)   --->   "%bitcast_ln36 = bitcast i32 %trunc_ln36" [forward_prop/src/forward_prop.cpp:36]   --->   Operation 35 'bitcast' 'bitcast_ln36' <Predicate = true> <Delay = 0.00>
ST_3 : Operation 36 [1/1] (0.00ns)   --->   "%trunc_ln36_2 = partselect i480 @_ssdm_op_PartSelect.i480.i512.i32.i32, i512 %empty_135, i32 32, i32 511" [forward_prop/src/forward_prop.cpp:36]   --->   Operation 36 'partselect' 'trunc_ln36_2' <Predicate = true> <Delay = 0.00>
ST_3 : Operation 37 [1/1] (0.00ns)   --->   "%zext_ln36 = zext i16 %lshr_ln36_1" [forward_prop/src/forward_prop.cpp:36]   --->   Operation 37 'zext' 'zext_ln36' <Predicate = true> <Delay = 0.00>
ST_3 : Operation 38 [1/1] (0.00ns)   --->   "%dense_weights_0_addr = getelementptr i32 %dense_weights_0, i64 0, i64 %zext_ln36" [forward_prop/src/forward_prop.cpp:36]   --->   Operation 38 'getelementptr' 'dense_weights_0_addr' <Predicate = true> <Delay = 0.00>
ST_3 : Operation 39 [1/1] (0.00ns)   --->   "%dense_weights_1_addr = getelementptr i32 %dense_weights_1, i64 0, i64 %zext_ln36" [forward_prop/src/forward_prop.cpp:36]   --->   Operation 39 'getelementptr' 'dense_weights_1_addr' <Predicate = true> <Delay = 0.00>
ST_3 : Operation 40 [1/1] (0.00ns)   --->   "%dense_weights_2_addr = getelementptr i32 %dense_weights_2, i64 0, i64 %zext_ln36" [forward_prop/src/forward_prop.cpp:36]   --->   Operation 40 'getelementptr' 'dense_weights_2_addr' <Predicate = true> <Delay = 0.00>
ST_3 : Operation 41 [1/1] (0.00ns)   --->   "%dense_weights_3_addr = getelementptr i32 %dense_weights_3, i64 0, i64 %zext_ln36" [forward_prop/src/forward_prop.cpp:36]   --->   Operation 41 'getelementptr' 'dense_weights_3_addr' <Predicate = true> <Delay = 0.00>
ST_3 : Operation 42 [1/1] (0.00ns)   --->   "%dense_weights_4_addr = getelementptr i32 %dense_weights_4, i64 0, i64 %zext_ln36" [forward_prop/src/forward_prop.cpp:36]   --->   Operation 42 'getelementptr' 'dense_weights_4_addr' <Predicate = true> <Delay = 0.00>
ST_3 : Operation 43 [1/1] (0.00ns)   --->   "%dense_weights_5_addr = getelementptr i32 %dense_weights_5, i64 0, i64 %zext_ln36" [forward_prop/src/forward_prop.cpp:36]   --->   Operation 43 'getelementptr' 'dense_weights_5_addr' <Predicate = true> <Delay = 0.00>
ST_3 : Operation 44 [1/1] (0.00ns)   --->   "%dense_weights_6_addr = getelementptr i32 %dense_weights_6, i64 0, i64 %zext_ln36" [forward_prop/src/forward_prop.cpp:36]   --->   Operation 44 'getelementptr' 'dense_weights_6_addr' <Predicate = true> <Delay = 0.00>
ST_3 : Operation 45 [1/1] (0.00ns)   --->   "%dense_weights_7_addr = getelementptr i32 %dense_weights_7, i64 0, i64 %zext_ln36" [forward_prop/src/forward_prop.cpp:36]   --->   Operation 45 'getelementptr' 'dense_weights_7_addr' <Predicate = true> <Delay = 0.00>
ST_3 : Operation 46 [1/1] (1.29ns)   --->   "%store_ln36 = store i32 %bitcast_ln36, i16 %dense_weights_6_addr" [forward_prop/src/forward_prop.cpp:36]   --->   Operation 46 'store' 'store_ln36' <Predicate = (trunc_ln36_1 == 6)> <Delay = 1.29> <CoreInst = "RAM">   --->   Core 83 'RAM' <Latency = 1> <II = 1> <Delay = 1.29> <Storage> <Opcode : 'load' 'store'> <Ports = 2> <Width = 32> <Depth = 50176> <RAM>
ST_3 : Operation 47 [1/1] (0.00ns)   --->   "%br_ln36 = br void %arrayidx581.exit" [forward_prop/src/forward_prop.cpp:36]   --->   Operation 47 'br' 'br_ln36' <Predicate = (trunc_ln36_1 == 6)> <Delay = 0.00>
ST_3 : Operation 48 [1/1] (1.29ns)   --->   "%store_ln36 = store i32 %bitcast_ln36, i16 %dense_weights_5_addr" [forward_prop/src/forward_prop.cpp:36]   --->   Operation 48 'store' 'store_ln36' <Predicate = (trunc_ln36_1 == 5)> <Delay = 1.29> <CoreInst = "RAM">   --->   Core 83 'RAM' <Latency = 1> <II = 1> <Delay = 1.29> <Storage> <Opcode : 'load' 'store'> <Ports = 2> <Width = 32> <Depth = 50176> <RAM>
ST_3 : Operation 49 [1/1] (0.00ns)   --->   "%br_ln36 = br void %arrayidx581.exit" [forward_prop/src/forward_prop.cpp:36]   --->   Operation 49 'br' 'br_ln36' <Predicate = (trunc_ln36_1 == 5)> <Delay = 0.00>
ST_3 : Operation 50 [1/1] (1.29ns)   --->   "%store_ln36 = store i32 %bitcast_ln36, i16 %dense_weights_4_addr" [forward_prop/src/forward_prop.cpp:36]   --->   Operation 50 'store' 'store_ln36' <Predicate = (trunc_ln36_1 == 4)> <Delay = 1.29> <CoreInst = "RAM">   --->   Core 83 'RAM' <Latency = 1> <II = 1> <Delay = 1.29> <Storage> <Opcode : 'load' 'store'> <Ports = 2> <Width = 32> <Depth = 50176> <RAM>
ST_3 : Operation 51 [1/1] (0.00ns)   --->   "%br_ln36 = br void %arrayidx581.exit" [forward_prop/src/forward_prop.cpp:36]   --->   Operation 51 'br' 'br_ln36' <Predicate = (trunc_ln36_1 == 4)> <Delay = 0.00>
ST_3 : Operation 52 [1/1] (1.29ns)   --->   "%store_ln36 = store i32 %bitcast_ln36, i16 %dense_weights_3_addr" [forward_prop/src/forward_prop.cpp:36]   --->   Operation 52 'store' 'store_ln36' <Predicate = (trunc_ln36_1 == 3)> <Delay = 1.29> <CoreInst = "RAM">   --->   Core 83 'RAM' <Latency = 1> <II = 1> <Delay = 1.29> <Storage> <Opcode : 'load' 'store'> <Ports = 2> <Width = 32> <Depth = 50176> <RAM>
ST_3 : Operation 53 [1/1] (0.00ns)   --->   "%br_ln36 = br void %arrayidx581.exit" [forward_prop/src/forward_prop.cpp:36]   --->   Operation 53 'br' 'br_ln36' <Predicate = (trunc_ln36_1 == 3)> <Delay = 0.00>
ST_3 : Operation 54 [1/1] (1.29ns)   --->   "%store_ln36 = store i32 %bitcast_ln36, i16 %dense_weights_2_addr" [forward_prop/src/forward_prop.cpp:36]   --->   Operation 54 'store' 'store_ln36' <Predicate = (trunc_ln36_1 == 2)> <Delay = 1.29> <CoreInst = "RAM">   --->   Core 83 'RAM' <Latency = 1> <II = 1> <Delay = 1.29> <Storage> <Opcode : 'load' 'store'> <Ports = 2> <Width = 32> <Depth = 50176> <RAM>
ST_3 : Operation 55 [1/1] (0.00ns)   --->   "%br_ln36 = br void %arrayidx581.exit" [forward_prop/src/forward_prop.cpp:36]   --->   Operation 55 'br' 'br_ln36' <Predicate = (trunc_ln36_1 == 2)> <Delay = 0.00>
ST_3 : Operation 56 [1/1] (1.29ns)   --->   "%store_ln36 = store i32 %bitcast_ln36, i16 %dense_weights_1_addr" [forward_prop/src/forward_prop.cpp:36]   --->   Operation 56 'store' 'store_ln36' <Predicate = (trunc_ln36_1 == 1)> <Delay = 1.29> <CoreInst = "RAM">   --->   Core 83 'RAM' <Latency = 1> <II = 1> <Delay = 1.29> <Storage> <Opcode : 'load' 'store'> <Ports = 2> <Width = 32> <Depth = 50176> <RAM>
ST_3 : Operation 57 [1/1] (0.00ns)   --->   "%br_ln36 = br void %arrayidx581.exit" [forward_prop/src/forward_prop.cpp:36]   --->   Operation 57 'br' 'br_ln36' <Predicate = (trunc_ln36_1 == 1)> <Delay = 0.00>
ST_3 : Operation 58 [1/1] (1.29ns)   --->   "%store_ln36 = store i32 %bitcast_ln36, i16 %dense_weights_0_addr" [forward_prop/src/forward_prop.cpp:36]   --->   Operation 58 'store' 'store_ln36' <Predicate = (trunc_ln36_1 == 0)> <Delay = 1.29> <CoreInst = "RAM">   --->   Core 83 'RAM' <Latency = 1> <II = 1> <Delay = 1.29> <Storage> <Opcode : 'load' 'store'> <Ports = 2> <Width = 32> <Depth = 50176> <RAM>
ST_3 : Operation 59 [1/1] (0.00ns)   --->   "%br_ln36 = br void %arrayidx581.exit" [forward_prop/src/forward_prop.cpp:36]   --->   Operation 59 'br' 'br_ln36' <Predicate = (trunc_ln36_1 == 0)> <Delay = 0.00>
ST_3 : Operation 60 [1/1] (1.29ns)   --->   "%store_ln36 = store i32 %bitcast_ln36, i16 %dense_weights_7_addr" [forward_prop/src/forward_prop.cpp:36]   --->   Operation 60 'store' 'store_ln36' <Predicate = (trunc_ln36_1 == 7)> <Delay = 1.29> <CoreInst = "RAM">   --->   Core 83 'RAM' <Latency = 1> <II = 1> <Delay = 1.29> <Storage> <Opcode : 'load' 'store'> <Ports = 2> <Width = 32> <Depth = 50176> <RAM>
ST_3 : Operation 61 [1/1] (0.00ns)   --->   "%br_ln36 = br void %arrayidx581.exit" [forward_prop/src/forward_prop.cpp:36]   --->   Operation 61 'br' 'br_ln36' <Predicate = (trunc_ln36_1 == 7)> <Delay = 0.00>
ST_3 : Operation 62 [1/1] (0.46ns)   --->   "%store_ln35 = store i480 %trunc_ln36_2, i480 %shiftreg6" [forward_prop/src/forward_prop.cpp:35]   --->   Operation 62 'store' 'store_ln35' <Predicate = true> <Delay = 0.46>
ST_3 : Operation 63 [1/1] (0.00ns)   --->   "%br_ln35 = br void %for.inc59" [forward_prop/src/forward_prop.cpp:35]   --->   Operation 63 'br' 'br_ln35' <Predicate = true> <Delay = 0.00>


============================================================
+ Verbose Summary: Timing violations
============================================================
Target clock period: 10ns, clock uncertainty: 2.7ns.

 <State 1>: 1.58ns
The critical path consists of the following:
	'alloca' operation ('i') [12]  (0 ns)
	'load' operation ('i') on local variable 'i' [20]  (0 ns)
	'add' operation ('add_ln35', forward_prop/src/forward_prop.cpp:35) [25]  (1.12 ns)
	'store' operation ('store_ln35', forward_prop/src/forward_prop.cpp:35) of variable 'add_ln35', forward_prop/src/forward_prop.cpp:35 on local variable 'i' [79]  (0.46 ns)

 <State 2>: 7.3ns
The critical path consists of the following:
	'getelementptr' operation ('gmem_addr', forward_prop/src/forward_prop.cpp:35) [21]  (0 ns)
	bus read operation ('gmem_addr_read', forward_prop/src/forward_prop.cpp:36) on port 'gmem' (forward_prop/src/forward_prop.cpp:36) [35]  (7.3 ns)

 <State 3>: 1.76ns
The critical path consists of the following:
	'load' operation ('shiftreg6_load') on local variable 'shiftreg6' [28]  (0 ns)
	multiplexor before 'phi' operation ('empty_135', forward_prop/src/forward_prop.cpp:36) with incoming values : ('shiftreg6_cast') ('gmem_addr_read', forward_prop/src/forward_prop.cpp:36) [38]  (0.46 ns)
	'phi' operation ('empty_135', forward_prop/src/forward_prop.cpp:36) with incoming values : ('shiftreg6_cast') ('gmem_addr_read', forward_prop/src/forward_prop.cpp:36) [38]  (0 ns)
	'store' operation ('store_ln36', forward_prop/src/forward_prop.cpp:36) of variable 'bitcast_ln36', forward_prop/src/forward_prop.cpp:36 on array 'dense_weights_1' [70]  (1.3 ns)


============================================================
+ Verbose Summary: Binding
============================================================
N/A
* FSMD analyzer results:
  - Output states:
 - Input state : 
  - Chain level:
	State 1
	State 2
	State 3


============================================================
+ Verbose Summary: Datapath Resource usage 
============================================================
N/A
