

================================================================
== Vitis HLS Report for 'softmax_10u_128u_s'
================================================================
* Date:           Tue Oct 18 21:15:24 2022

* Version:        2022.1 (Build 3526262 on Mon Apr 18 15:47:01 MDT 2022)
* Project:        forward_prop
* Solution:       solution1 (Vitis Kernel Flow Target)
* Product family: virtexuplus
* Target device:  xcvu5p-flva2104-1-e


================================================================
== Performance Estimates
================================================================
+ Timing: 
    * Summary: 
    +--------+----------+----------+------------+
    |  Clock |  Target  | Estimated| Uncertainty|
    +--------+----------+----------+------------+
    |ap_clk  |  10.00 ns|  7.297 ns|     2.70 ns|
    +--------+----------+----------+------------+

+ Latency: 
    * Summary: 
    +---------+---------+----------+----------+-----+-----+---------+
    |  Latency (cycles) |  Latency (absolute) |  Interval | Pipeline|
    |   min   |   max   |    min   |    max   | min | max |   Type  |
    +---------+---------+----------+----------+-----+-----+---------+
    |      644|      644|  6.440 us|  6.440 us|  644|  644|       no|
    +---------+---------+----------+----------+-----+-----+---------+

    + Detail: 
        * Instance: 
        +--------------------------------------------------------+---------------------------------------------+---------+---------+----------+----------+-----+-----+---------+
        |                                                        |                                             |  Latency (cycles) |  Latency (absolute) |  Interval | Pipeline|
        |                        Instance                        |                    Module                   |   min   |   max   |    min   |    max   | min | max |   Type  |
        +--------------------------------------------------------+---------------------------------------------+---------+---------+----------+----------+-----+-----+---------+
        |grp_softmax_10u_128u_Pipeline_VITIS_LOOP_463_1_fu_122   |softmax_10u_128u_Pipeline_VITIS_LOOP_463_1   |       12|       12|  0.120 us|  0.120 us|   12|   12|       no|
        |grp_softmax_10u_128u_Pipeline_calc_sums_and_max_fu_138  |softmax_10u_128u_Pipeline_calc_sums_and_max  |      535|      535|  5.350 us|  5.350 us|  535|  535|       no|
        |grp_softmax_10u_128u_Pipeline_calc_exp_sum_fu_170       |softmax_10u_128u_Pipeline_calc_exp_sum       |       51|       51|  0.510 us|  0.510 us|   51|   51|       no|
        |grp_softmax_10u_128u_Pipeline_feature_map_fu_186        |softmax_10u_128u_Pipeline_feature_map        |       20|       20|  0.200 us|  0.200 us|   20|   20|       no|
        +--------------------------------------------------------+---------------------------------------------+---------+---------+----------+----------+-----+-----+---------+

        * Loop: 
        N/A

============================================================
+ Verbose Summary: Synthesis Manager
============================================================
InlineROM: 1
ExposeGlobal: 0
============================================================
+ Verbose Summary: CDFG Model
============================================================
IsTopModel: 0
ResetActiveHigh: 1
IsCombinational: 2
IsDatapathOnly: 0
HasWiredReturn: 1
HasMFsm: 0
HasVarLatency: 1
IsPipeline: 0
IsRtlPipelined: 0
IsInstanceOverlapped: 0
IsDontTouch: 0
HasImplIP: 0
IsGatedGlobalClock: 0


============================================================
+ Verbose Summary: Schedule
============================================================
* Number of FSM states : 27
* Pipeline : 0
* Dataflow Pipeline: 0

* FSM state transitions: 
1 --> 2 
2 --> 3 
3 --> 4 
4 --> 5 
5 --> 6 
6 --> 7 
7 --> 8 
8 --> 9 
9 --> 10 
10 --> 11 
11 --> 12 
12 --> 13 
13 --> 14 
14 --> 15 
15 --> 16 
16 --> 17 
17 --> 18 
18 --> 19 
19 --> 20 
20 --> 21 
21 --> 22 
22 --> 23 
23 --> 24 
24 --> 25 
25 --> 26 
26 --> 27 
27 --> 

* FSM state operations: 

State 1 <SV = 0> <Delay = 0.00>
ST_1 : Operation 28 [1/1] (0.00ns)   --->   "%softmax_sum_loc = alloca i64 1"   --->   Operation 28 'alloca' 'softmax_sum_loc' <Predicate = true> <Delay = 0.00>
ST_1 : Operation 29 [1/1] (0.00ns)   --->   "%add1827_loc = alloca i64 1"   --->   Operation 29 'alloca' 'add1827_loc' <Predicate = true> <Delay = 0.00>
ST_1 : Operation 30 [1/1] (0.00ns)   --->   "%add18_129_loc = alloca i64 1"   --->   Operation 30 'alloca' 'add18_129_loc' <Predicate = true> <Delay = 0.00>
ST_1 : Operation 31 [1/1] (0.00ns)   --->   "%add18_231_loc = alloca i64 1"   --->   Operation 31 'alloca' 'add18_231_loc' <Predicate = true> <Delay = 0.00>
ST_1 : Operation 32 [1/1] (0.00ns)   --->   "%add18_333_loc = alloca i64 1"   --->   Operation 32 'alloca' 'add18_333_loc' <Predicate = true> <Delay = 0.00>
ST_1 : Operation 33 [1/1] (0.00ns)   --->   "%add18_435_loc = alloca i64 1"   --->   Operation 33 'alloca' 'add18_435_loc' <Predicate = true> <Delay = 0.00>
ST_1 : Operation 34 [1/1] (0.00ns)   --->   "%add18_537_loc = alloca i64 1"   --->   Operation 34 'alloca' 'add18_537_loc' <Predicate = true> <Delay = 0.00>
ST_1 : Operation 35 [1/1] (0.00ns)   --->   "%add18_639_loc = alloca i64 1"   --->   Operation 35 'alloca' 'add18_639_loc' <Predicate = true> <Delay = 0.00>
ST_1 : Operation 36 [1/1] (0.00ns)   --->   "%add18_741_loc = alloca i64 1"   --->   Operation 36 'alloca' 'add18_741_loc' <Predicate = true> <Delay = 0.00>
ST_1 : Operation 37 [1/1] (0.00ns)   --->   "%add18_843_loc = alloca i64 1"   --->   Operation 37 'alloca' 'add18_843_loc' <Predicate = true> <Delay = 0.00>
ST_1 : Operation 38 [1/1] (0.00ns)   --->   "%add18_945_loc = alloca i64 1"   --->   Operation 38 'alloca' 'add18_945_loc' <Predicate = true> <Delay = 0.00>
ST_1 : Operation 39 [1/1] (0.00ns)   --->   "%sum_loc = alloca i64 1"   --->   Operation 39 'alloca' 'sum_loc' <Predicate = true> <Delay = 0.00>
ST_1 : Operation 40 [1/1] (0.00ns)   --->   "%sum_1_loc = alloca i64 1"   --->   Operation 40 'alloca' 'sum_1_loc' <Predicate = true> <Delay = 0.00>
ST_1 : Operation 41 [1/1] (0.00ns)   --->   "%sum_2_loc = alloca i64 1"   --->   Operation 41 'alloca' 'sum_2_loc' <Predicate = true> <Delay = 0.00>
ST_1 : Operation 42 [1/1] (0.00ns)   --->   "%sum_3_loc = alloca i64 1"   --->   Operation 42 'alloca' 'sum_3_loc' <Predicate = true> <Delay = 0.00>
ST_1 : Operation 43 [1/1] (0.00ns)   --->   "%sum_4_loc = alloca i64 1"   --->   Operation 43 'alloca' 'sum_4_loc' <Predicate = true> <Delay = 0.00>
ST_1 : Operation 44 [1/1] (0.00ns)   --->   "%sum_5_loc = alloca i64 1"   --->   Operation 44 'alloca' 'sum_5_loc' <Predicate = true> <Delay = 0.00>
ST_1 : Operation 45 [1/1] (0.00ns)   --->   "%sum_6_loc = alloca i64 1"   --->   Operation 45 'alloca' 'sum_6_loc' <Predicate = true> <Delay = 0.00>
ST_1 : Operation 46 [1/1] (0.00ns)   --->   "%sum_7_loc = alloca i64 1"   --->   Operation 46 'alloca' 'sum_7_loc' <Predicate = true> <Delay = 0.00>
ST_1 : Operation 47 [1/1] (0.00ns)   --->   "%sum_8_loc = alloca i64 1"   --->   Operation 47 'alloca' 'sum_8_loc' <Predicate = true> <Delay = 0.00>
ST_1 : Operation 48 [1/1] (0.00ns)   --->   "%sum_9_loc = alloca i64 1"   --->   Operation 48 'alloca' 'sum_9_loc' <Predicate = true> <Delay = 0.00>
ST_1 : Operation 49 [2/2] (0.00ns)   --->   "%call_ln0 = call void @softmax<10u, 128u>_Pipeline_VITIS_LOOP_463_1, i32 %biases, i32 %sum_9_loc, i32 %sum_8_loc, i32 %sum_7_loc, i32 %sum_6_loc, i32 %sum_5_loc, i32 %sum_4_loc, i32 %sum_3_loc, i32 %sum_2_loc, i32 %sum_1_loc, i32 %sum_loc"   --->   Operation 49 'call' 'call_ln0' <Predicate = true> <Delay = 0.00> <CoreType = "Generic">   --->   Core 0 '' <Latency = 0> <II = 1> <Delay = 1.00> <Generic> <Opcode : >

State 2 <SV = 1> <Delay = 1.18>
ST_2 : Operation 50 [1/2] (1.18ns)   --->   "%call_ln0 = call void @softmax<10u, 128u>_Pipeline_VITIS_LOOP_463_1, i32 %biases, i32 %sum_9_loc, i32 %sum_8_loc, i32 %sum_7_loc, i32 %sum_6_loc, i32 %sum_5_loc, i32 %sum_4_loc, i32 %sum_3_loc, i32 %sum_2_loc, i32 %sum_1_loc, i32 %sum_loc"   --->   Operation 50 'call' 'call_ln0' <Predicate = true> <Delay = 1.18> <CoreType = "Generic">   --->   Core 0 '' <Latency = 0> <II = 1> <Delay = 1.00> <Generic> <Opcode : >

State 3 <SV = 2> <Delay = 0.46>
ST_3 : Operation 51 [1/1] (0.00ns)   --->   "%sum_9_loc_load = load i32 %sum_9_loc"   --->   Operation 51 'load' 'sum_9_loc_load' <Predicate = true> <Delay = 0.00>
ST_3 : Operation 52 [1/1] (0.00ns)   --->   "%sum_8_loc_load = load i32 %sum_8_loc"   --->   Operation 52 'load' 'sum_8_loc_load' <Predicate = true> <Delay = 0.00>
ST_3 : Operation 53 [1/1] (0.00ns)   --->   "%sum_7_loc_load = load i32 %sum_7_loc"   --->   Operation 53 'load' 'sum_7_loc_load' <Predicate = true> <Delay = 0.00>
ST_3 : Operation 54 [1/1] (0.00ns)   --->   "%sum_6_loc_load = load i32 %sum_6_loc"   --->   Operation 54 'load' 'sum_6_loc_load' <Predicate = true> <Delay = 0.00>
ST_3 : Operation 55 [1/1] (0.00ns)   --->   "%sum_5_loc_load = load i32 %sum_5_loc"   --->   Operation 55 'load' 'sum_5_loc_load' <Predicate = true> <Delay = 0.00>
ST_3 : Operation 56 [1/1] (0.00ns)   --->   "%sum_4_loc_load = load i32 %sum_4_loc"   --->   Operation 56 'load' 'sum_4_loc_load' <Predicate = true> <Delay = 0.00>
ST_3 : Operation 57 [1/1] (0.00ns)   --->   "%sum_3_loc_load = load i32 %sum_3_loc"   --->   Operation 57 'load' 'sum_3_loc_load' <Predicate = true> <Delay = 0.00>
ST_3 : Operation 58 [1/1] (0.00ns)   --->   "%sum_2_loc_load = load i32 %sum_2_loc"   --->   Operation 58 'load' 'sum_2_loc_load' <Predicate = true> <Delay = 0.00>
ST_3 : Operation 59 [1/1] (0.00ns)   --->   "%sum_1_loc_load = load i32 %sum_1_loc"   --->   Operation 59 'load' 'sum_1_loc_load' <Predicate = true> <Delay = 0.00>
ST_3 : Operation 60 [1/1] (0.00ns)   --->   "%sum_loc_load = load i32 %sum_loc"   --->   Operation 60 'load' 'sum_loc_load' <Predicate = true> <Delay = 0.00>
ST_3 : Operation 61 [1/1] (0.00ns)   --->   "%empty = wait i32 @_ssdm_op_Wait"   --->   Operation 61 'wait' 'empty' <Predicate = true> <Delay = 0.00>
ST_3 : Operation 62 [2/2] (0.46ns)   --->   "%call_ln0 = call void @softmax<10u, 128u>_Pipeline_calc_sums_and_max, i32 %sum_9_loc_load, i32 %sum_8_loc_load, i32 %sum_7_loc_load, i32 %sum_6_loc_load, i32 %sum_5_loc_load, i32 %sum_4_loc_load, i32 %sum_3_loc_load, i32 %sum_2_loc_load, i32 %sum_1_loc_load, i32 %sum_loc_load, i32 %dense_feature_map_stream128, i32 %weights_0, i32 %weights_1, i32 %weights_2, i32 %add18_945_loc, i32 %add18_843_loc, i32 %add18_741_loc, i32 %add18_639_loc, i32 %add18_537_loc, i32 %add18_435_loc, i32 %add18_333_loc, i32 %add18_231_loc, i32 %add18_129_loc, i32 %add1827_loc"   --->   Operation 62 'call' 'call_ln0' <Predicate = true> <Delay = 0.46> <CoreType = "Generic">   --->   Core 0 '' <Latency = 0> <II = 1> <Delay = 1.00> <Generic> <Opcode : >

State 4 <SV = 3> <Delay = 0.00>
ST_4 : Operation 63 [1/2] (0.00ns)   --->   "%call_ln0 = call void @softmax<10u, 128u>_Pipeline_calc_sums_and_max, i32 %sum_9_loc_load, i32 %sum_8_loc_load, i32 %sum_7_loc_load, i32 %sum_6_loc_load, i32 %sum_5_loc_load, i32 %sum_4_loc_load, i32 %sum_3_loc_load, i32 %sum_2_loc_load, i32 %sum_1_loc_load, i32 %sum_loc_load, i32 %dense_feature_map_stream128, i32 %weights_0, i32 %weights_1, i32 %weights_2, i32 %add18_945_loc, i32 %add18_843_loc, i32 %add18_741_loc, i32 %add18_639_loc, i32 %add18_537_loc, i32 %add18_435_loc, i32 %add18_333_loc, i32 %add18_231_loc, i32 %add18_129_loc, i32 %add1827_loc"   --->   Operation 63 'call' 'call_ln0' <Predicate = true> <Delay = 0.00> <CoreType = "Generic">   --->   Core 0 '' <Latency = 0> <II = 1> <Delay = 1.00> <Generic> <Opcode : >

State 5 <SV = 4> <Delay = 1.91>
ST_5 : Operation 64 [1/1] (0.00ns)   --->   "%add1827_loc_load = load i32 %add1827_loc"   --->   Operation 64 'load' 'add1827_loc_load' <Predicate = true> <Delay = 0.00>
ST_5 : Operation 65 [1/1] (0.00ns)   --->   "%empty_127 = wait i32 @_ssdm_op_Wait"   --->   Operation 65 'wait' 'empty_127' <Predicate = true> <Delay = 0.00>
ST_5 : Operation 66 [2/2] (1.91ns)   --->   "%cmp21_le = fcmp_ogt  i32 %add1827_loc_load, i32 -inf" [forward_prop/src/forward_prop.cpp:478]   --->   Operation 66 'fcmp' 'cmp21_le' <Predicate = true> <Delay = 1.91> <CoreInst = "FCompare">   --->   Core 19 'FCompare' <Latency = 1> <II = 1> <Delay = 1.91> <FuncUnit> <Opcode : 'fcmp'> <InPorts = 2> <OutPorts = 1>

State 6 <SV = 5> <Delay = 4.11>
ST_6 : Operation 67 [1/1] (0.00ns)   --->   "%add18_129_loc_load = load i32 %add18_129_loc"   --->   Operation 67 'load' 'add18_129_loc_load' <Predicate = true> <Delay = 0.00>
ST_6 : Operation 68 [1/2] (1.91ns)   --->   "%cmp21_le = fcmp_ogt  i32 %add1827_loc_load, i32 -inf" [forward_prop/src/forward_prop.cpp:478]   --->   Operation 68 'fcmp' 'cmp21_le' <Predicate = true> <Delay = 1.91> <CoreInst = "FCompare">   --->   Core 19 'FCompare' <Latency = 1> <II = 1> <Delay = 1.91> <FuncUnit> <Opcode : 'fcmp'> <InPorts = 2> <OutPorts = 1>
ST_6 : Operation 69 [1/1] (0.28ns)   --->   "%select_ln478 = select i1 %cmp21_le, i32 %add1827_loc_load, i32 -inf" [forward_prop/src/forward_prop.cpp:478]   --->   Operation 69 'select' 'select_ln478' <Predicate = true> <Delay = 0.28> <CoreInst = "Sel">   --->   Core 73 'Sel' <Latency = 0> <II = 1> <Delay = 0.28> <FuncUnit> <Opcode : 'select'> <InPorts = 3> <OutPorts = 1>
ST_6 : Operation 70 [2/2] (1.91ns)   --->   "%cmp21_1_le = fcmp_ogt  i32 %add18_129_loc_load, i32 %select_ln478" [forward_prop/src/forward_prop.cpp:478]   --->   Operation 70 'fcmp' 'cmp21_1_le' <Predicate = true> <Delay = 1.91> <CoreInst = "FCompare">   --->   Core 19 'FCompare' <Latency = 1> <II = 1> <Delay = 1.91> <FuncUnit> <Opcode : 'fcmp'> <InPorts = 2> <OutPorts = 1>
ST_6 : Operation 71 [1/1] (0.00ns)   --->   "%empty_128 = wait i32 @_ssdm_op_Wait"   --->   Operation 71 'wait' 'empty_128' <Predicate = true> <Delay = 0.00>

State 7 <SV = 6> <Delay = 4.11>
ST_7 : Operation 72 [1/1] (0.00ns)   --->   "%add18_231_loc_load = load i32 %add18_231_loc"   --->   Operation 72 'load' 'add18_231_loc_load' <Predicate = true> <Delay = 0.00>
ST_7 : Operation 73 [1/2] (1.91ns)   --->   "%cmp21_1_le = fcmp_ogt  i32 %add18_129_loc_load, i32 %select_ln478" [forward_prop/src/forward_prop.cpp:478]   --->   Operation 73 'fcmp' 'cmp21_1_le' <Predicate = true> <Delay = 1.91> <CoreInst = "FCompare">   --->   Core 19 'FCompare' <Latency = 1> <II = 1> <Delay = 1.91> <FuncUnit> <Opcode : 'fcmp'> <InPorts = 2> <OutPorts = 1>
ST_7 : Operation 74 [1/1] (0.28ns)   --->   "%select_ln478_1 = select i1 %cmp21_1_le, i32 %add18_129_loc_load, i32 %select_ln478" [forward_prop/src/forward_prop.cpp:478]   --->   Operation 74 'select' 'select_ln478_1' <Predicate = true> <Delay = 0.28> <CoreInst = "Sel">   --->   Core 73 'Sel' <Latency = 0> <II = 1> <Delay = 0.28> <FuncUnit> <Opcode : 'select'> <InPorts = 3> <OutPorts = 1>
ST_7 : Operation 75 [2/2] (1.91ns)   --->   "%cmp21_2_le = fcmp_ogt  i32 %add18_231_loc_load, i32 %select_ln478_1" [forward_prop/src/forward_prop.cpp:478]   --->   Operation 75 'fcmp' 'cmp21_2_le' <Predicate = true> <Delay = 1.91> <CoreInst = "FCompare">   --->   Core 19 'FCompare' <Latency = 1> <II = 1> <Delay = 1.91> <FuncUnit> <Opcode : 'fcmp'> <InPorts = 2> <OutPorts = 1>

State 8 <SV = 7> <Delay = 4.11>
ST_8 : Operation 76 [1/1] (0.00ns)   --->   "%add18_333_loc_load = load i32 %add18_333_loc"   --->   Operation 76 'load' 'add18_333_loc_load' <Predicate = true> <Delay = 0.00>
ST_8 : Operation 77 [1/2] (1.91ns)   --->   "%cmp21_2_le = fcmp_ogt  i32 %add18_231_loc_load, i32 %select_ln478_1" [forward_prop/src/forward_prop.cpp:478]   --->   Operation 77 'fcmp' 'cmp21_2_le' <Predicate = true> <Delay = 1.91> <CoreInst = "FCompare">   --->   Core 19 'FCompare' <Latency = 1> <II = 1> <Delay = 1.91> <FuncUnit> <Opcode : 'fcmp'> <InPorts = 2> <OutPorts = 1>
ST_8 : Operation 78 [1/1] (0.28ns)   --->   "%select_ln478_2 = select i1 %cmp21_2_le, i32 %add18_231_loc_load, i32 %select_ln478_1" [forward_prop/src/forward_prop.cpp:478]   --->   Operation 78 'select' 'select_ln478_2' <Predicate = true> <Delay = 0.28> <CoreInst = "Sel">   --->   Core 73 'Sel' <Latency = 0> <II = 1> <Delay = 0.28> <FuncUnit> <Opcode : 'select'> <InPorts = 3> <OutPorts = 1>
ST_8 : Operation 79 [2/2] (1.91ns)   --->   "%cmp21_3_le = fcmp_ogt  i32 %add18_333_loc_load, i32 %select_ln478_2" [forward_prop/src/forward_prop.cpp:478]   --->   Operation 79 'fcmp' 'cmp21_3_le' <Predicate = true> <Delay = 1.91> <CoreInst = "FCompare">   --->   Core 19 'FCompare' <Latency = 1> <II = 1> <Delay = 1.91> <FuncUnit> <Opcode : 'fcmp'> <InPorts = 2> <OutPorts = 1>

State 9 <SV = 8> <Delay = 4.11>
ST_9 : Operation 80 [1/1] (0.00ns)   --->   "%add18_435_loc_load = load i32 %add18_435_loc"   --->   Operation 80 'load' 'add18_435_loc_load' <Predicate = true> <Delay = 0.00>
ST_9 : Operation 81 [1/2] (1.91ns)   --->   "%cmp21_3_le = fcmp_ogt  i32 %add18_333_loc_load, i32 %select_ln478_2" [forward_prop/src/forward_prop.cpp:478]   --->   Operation 81 'fcmp' 'cmp21_3_le' <Predicate = true> <Delay = 1.91> <CoreInst = "FCompare">   --->   Core 19 'FCompare' <Latency = 1> <II = 1> <Delay = 1.91> <FuncUnit> <Opcode : 'fcmp'> <InPorts = 2> <OutPorts = 1>
ST_9 : Operation 82 [1/1] (0.28ns)   --->   "%select_ln478_3 = select i1 %cmp21_3_le, i32 %add18_333_loc_load, i32 %select_ln478_2" [forward_prop/src/forward_prop.cpp:478]   --->   Operation 82 'select' 'select_ln478_3' <Predicate = true> <Delay = 0.28> <CoreInst = "Sel">   --->   Core 73 'Sel' <Latency = 0> <II = 1> <Delay = 0.28> <FuncUnit> <Opcode : 'select'> <InPorts = 3> <OutPorts = 1>
ST_9 : Operation 83 [2/2] (1.91ns)   --->   "%cmp21_4_le = fcmp_ogt  i32 %add18_435_loc_load, i32 %select_ln478_3" [forward_prop/src/forward_prop.cpp:478]   --->   Operation 83 'fcmp' 'cmp21_4_le' <Predicate = true> <Delay = 1.91> <CoreInst = "FCompare">   --->   Core 19 'FCompare' <Latency = 1> <II = 1> <Delay = 1.91> <FuncUnit> <Opcode : 'fcmp'> <InPorts = 2> <OutPorts = 1>

State 10 <SV = 9> <Delay = 4.11>
ST_10 : Operation 84 [1/1] (0.00ns)   --->   "%add18_537_loc_load = load i32 %add18_537_loc"   --->   Operation 84 'load' 'add18_537_loc_load' <Predicate = true> <Delay = 0.00>
ST_10 : Operation 85 [1/2] (1.91ns)   --->   "%cmp21_4_le = fcmp_ogt  i32 %add18_435_loc_load, i32 %select_ln478_3" [forward_prop/src/forward_prop.cpp:478]   --->   Operation 85 'fcmp' 'cmp21_4_le' <Predicate = true> <Delay = 1.91> <CoreInst = "FCompare">   --->   Core 19 'FCompare' <Latency = 1> <II = 1> <Delay = 1.91> <FuncUnit> <Opcode : 'fcmp'> <InPorts = 2> <OutPorts = 1>
ST_10 : Operation 86 [1/1] (0.28ns)   --->   "%select_ln478_4 = select i1 %cmp21_4_le, i32 %add18_435_loc_load, i32 %select_ln478_3" [forward_prop/src/forward_prop.cpp:478]   --->   Operation 86 'select' 'select_ln478_4' <Predicate = true> <Delay = 0.28> <CoreInst = "Sel">   --->   Core 73 'Sel' <Latency = 0> <II = 1> <Delay = 0.28> <FuncUnit> <Opcode : 'select'> <InPorts = 3> <OutPorts = 1>
ST_10 : Operation 87 [2/2] (1.91ns)   --->   "%cmp21_5_le = fcmp_ogt  i32 %add18_537_loc_load, i32 %select_ln478_4" [forward_prop/src/forward_prop.cpp:478]   --->   Operation 87 'fcmp' 'cmp21_5_le' <Predicate = true> <Delay = 1.91> <CoreInst = "FCompare">   --->   Core 19 'FCompare' <Latency = 1> <II = 1> <Delay = 1.91> <FuncUnit> <Opcode : 'fcmp'> <InPorts = 2> <OutPorts = 1>

State 11 <SV = 10> <Delay = 4.11>
ST_11 : Operation 88 [1/1] (0.00ns)   --->   "%add18_639_loc_load = load i32 %add18_639_loc"   --->   Operation 88 'load' 'add18_639_loc_load' <Predicate = true> <Delay = 0.00>
ST_11 : Operation 89 [1/2] (1.91ns)   --->   "%cmp21_5_le = fcmp_ogt  i32 %add18_537_loc_load, i32 %select_ln478_4" [forward_prop/src/forward_prop.cpp:478]   --->   Operation 89 'fcmp' 'cmp21_5_le' <Predicate = true> <Delay = 1.91> <CoreInst = "FCompare">   --->   Core 19 'FCompare' <Latency = 1> <II = 1> <Delay = 1.91> <FuncUnit> <Opcode : 'fcmp'> <InPorts = 2> <OutPorts = 1>
ST_11 : Operation 90 [1/1] (0.28ns)   --->   "%select_ln478_5 = select i1 %cmp21_5_le, i32 %add18_537_loc_load, i32 %select_ln478_4" [forward_prop/src/forward_prop.cpp:478]   --->   Operation 90 'select' 'select_ln478_5' <Predicate = true> <Delay = 0.28> <CoreInst = "Sel">   --->   Core 73 'Sel' <Latency = 0> <II = 1> <Delay = 0.28> <FuncUnit> <Opcode : 'select'> <InPorts = 3> <OutPorts = 1>
ST_11 : Operation 91 [2/2] (1.91ns)   --->   "%cmp21_6_le = fcmp_ogt  i32 %add18_639_loc_load, i32 %select_ln478_5" [forward_prop/src/forward_prop.cpp:478]   --->   Operation 91 'fcmp' 'cmp21_6_le' <Predicate = true> <Delay = 1.91> <CoreInst = "FCompare">   --->   Core 19 'FCompare' <Latency = 1> <II = 1> <Delay = 1.91> <FuncUnit> <Opcode : 'fcmp'> <InPorts = 2> <OutPorts = 1>

State 12 <SV = 11> <Delay = 4.11>
ST_12 : Operation 92 [1/1] (0.00ns)   --->   "%add18_741_loc_load = load i32 %add18_741_loc"   --->   Operation 92 'load' 'add18_741_loc_load' <Predicate = true> <Delay = 0.00>
ST_12 : Operation 93 [1/2] (1.91ns)   --->   "%cmp21_6_le = fcmp_ogt  i32 %add18_639_loc_load, i32 %select_ln478_5" [forward_prop/src/forward_prop.cpp:478]   --->   Operation 93 'fcmp' 'cmp21_6_le' <Predicate = true> <Delay = 1.91> <CoreInst = "FCompare">   --->   Core 19 'FCompare' <Latency = 1> <II = 1> <Delay = 1.91> <FuncUnit> <Opcode : 'fcmp'> <InPorts = 2> <OutPorts = 1>
ST_12 : Operation 94 [1/1] (0.28ns)   --->   "%select_ln478_6 = select i1 %cmp21_6_le, i32 %add18_639_loc_load, i32 %select_ln478_5" [forward_prop/src/forward_prop.cpp:478]   --->   Operation 94 'select' 'select_ln478_6' <Predicate = true> <Delay = 0.28> <CoreInst = "Sel">   --->   Core 73 'Sel' <Latency = 0> <II = 1> <Delay = 0.28> <FuncUnit> <Opcode : 'select'> <InPorts = 3> <OutPorts = 1>
ST_12 : Operation 95 [2/2] (1.91ns)   --->   "%cmp21_7_le = fcmp_ogt  i32 %add18_741_loc_load, i32 %select_ln478_6" [forward_prop/src/forward_prop.cpp:478]   --->   Operation 95 'fcmp' 'cmp21_7_le' <Predicate = true> <Delay = 1.91> <CoreInst = "FCompare">   --->   Core 19 'FCompare' <Latency = 1> <II = 1> <Delay = 1.91> <FuncUnit> <Opcode : 'fcmp'> <InPorts = 2> <OutPorts = 1>

State 13 <SV = 12> <Delay = 4.11>
ST_13 : Operation 96 [1/1] (0.00ns)   --->   "%add18_843_loc_load = load i32 %add18_843_loc"   --->   Operation 96 'load' 'add18_843_loc_load' <Predicate = true> <Delay = 0.00>
ST_13 : Operation 97 [1/2] (1.91ns)   --->   "%cmp21_7_le = fcmp_ogt  i32 %add18_741_loc_load, i32 %select_ln478_6" [forward_prop/src/forward_prop.cpp:478]   --->   Operation 97 'fcmp' 'cmp21_7_le' <Predicate = true> <Delay = 1.91> <CoreInst = "FCompare">   --->   Core 19 'FCompare' <Latency = 1> <II = 1> <Delay = 1.91> <FuncUnit> <Opcode : 'fcmp'> <InPorts = 2> <OutPorts = 1>
ST_13 : Operation 98 [1/1] (0.28ns)   --->   "%select_ln478_7 = select i1 %cmp21_7_le, i32 %add18_741_loc_load, i32 %select_ln478_6" [forward_prop/src/forward_prop.cpp:478]   --->   Operation 98 'select' 'select_ln478_7' <Predicate = true> <Delay = 0.28> <CoreInst = "Sel">   --->   Core 73 'Sel' <Latency = 0> <II = 1> <Delay = 0.28> <FuncUnit> <Opcode : 'select'> <InPorts = 3> <OutPorts = 1>
ST_13 : Operation 99 [2/2] (1.91ns)   --->   "%cmp21_8_le = fcmp_ogt  i32 %add18_843_loc_load, i32 %select_ln478_7" [forward_prop/src/forward_prop.cpp:478]   --->   Operation 99 'fcmp' 'cmp21_8_le' <Predicate = true> <Delay = 1.91> <CoreInst = "FCompare">   --->   Core 19 'FCompare' <Latency = 1> <II = 1> <Delay = 1.91> <FuncUnit> <Opcode : 'fcmp'> <InPorts = 2> <OutPorts = 1>

State 14 <SV = 13> <Delay = 4.11>
ST_14 : Operation 100 [1/1] (0.00ns)   --->   "%add18_945_loc_load = load i32 %add18_945_loc"   --->   Operation 100 'load' 'add18_945_loc_load' <Predicate = true> <Delay = 0.00>
ST_14 : Operation 101 [1/2] (1.91ns)   --->   "%cmp21_8_le = fcmp_ogt  i32 %add18_843_loc_load, i32 %select_ln478_7" [forward_prop/src/forward_prop.cpp:478]   --->   Operation 101 'fcmp' 'cmp21_8_le' <Predicate = true> <Delay = 1.91> <CoreInst = "FCompare">   --->   Core 19 'FCompare' <Latency = 1> <II = 1> <Delay = 1.91> <FuncUnit> <Opcode : 'fcmp'> <InPorts = 2> <OutPorts = 1>
ST_14 : Operation 102 [1/1] (0.28ns)   --->   "%select_ln478_8 = select i1 %cmp21_8_le, i32 %add18_843_loc_load, i32 %select_ln478_7" [forward_prop/src/forward_prop.cpp:478]   --->   Operation 102 'select' 'select_ln478_8' <Predicate = true> <Delay = 0.28> <CoreInst = "Sel">   --->   Core 73 'Sel' <Latency = 0> <II = 1> <Delay = 0.28> <FuncUnit> <Opcode : 'select'> <InPorts = 3> <OutPorts = 1>
ST_14 : Operation 103 [2/2] (1.91ns)   --->   "%cmp21_9_le = fcmp_ogt  i32 %add18_945_loc_load, i32 %select_ln478_8" [forward_prop/src/forward_prop.cpp:478]   --->   Operation 103 'fcmp' 'cmp21_9_le' <Predicate = true> <Delay = 1.91> <CoreInst = "FCompare">   --->   Core 19 'FCompare' <Latency = 1> <II = 1> <Delay = 1.91> <FuncUnit> <Opcode : 'fcmp'> <InPorts = 2> <OutPorts = 1>

State 15 <SV = 14> <Delay = 2.95>
ST_15 : Operation 104 [1/2] (1.91ns)   --->   "%cmp21_9_le = fcmp_ogt  i32 %add18_945_loc_load, i32 %select_ln478_8" [forward_prop/src/forward_prop.cpp:478]   --->   Operation 104 'fcmp' 'cmp21_9_le' <Predicate = true> <Delay = 1.91> <CoreInst = "FCompare">   --->   Core 19 'FCompare' <Latency = 1> <II = 1> <Delay = 1.91> <FuncUnit> <Opcode : 'fcmp'> <InPorts = 2> <OutPorts = 1>
ST_15 : Operation 105 [1/1] (0.28ns)   --->   "%select_ln478_9 = select i1 %cmp21_9_le, i32 %add18_945_loc_load, i32 %select_ln478_8" [forward_prop/src/forward_prop.cpp:478]   --->   Operation 105 'select' 'select_ln478_9' <Predicate = true> <Delay = 0.28> <CoreInst = "Sel">   --->   Core 73 'Sel' <Latency = 0> <II = 1> <Delay = 0.28> <FuncUnit> <Opcode : 'select'> <InPorts = 3> <OutPorts = 1>
ST_15 : Operation 106 [2/2] (0.75ns)   --->   "%call_ln478 = call void @softmax<10u, 128u>_Pipeline_calc_exp_sum, i32 %add1827_loc_load, i32 %add18_129_loc_load, i32 %add18_231_loc_load, i32 %add18_333_loc_load, i32 %add18_435_loc_load, i32 %add18_537_loc_load, i32 %add18_639_loc_load, i32 %add18_741_loc_load, i32 %add18_843_loc_load, i32 %add18_945_loc_load, i32 %select_ln478_9, i32 %softmax_sum_loc" [forward_prop/src/forward_prop.cpp:478]   --->   Operation 106 'call' 'call_ln478' <Predicate = true> <Delay = 0.75> <CoreType = "Generic">   --->   Core 0 '' <Latency = 0> <II = 1> <Delay = 1.00> <Generic> <Opcode : >

State 16 <SV = 15> <Delay = 0.00>
ST_16 : Operation 107 [1/2] (0.00ns)   --->   "%call_ln478 = call void @softmax<10u, 128u>_Pipeline_calc_exp_sum, i32 %add1827_loc_load, i32 %add18_129_loc_load, i32 %add18_231_loc_load, i32 %add18_333_loc_load, i32 %add18_435_loc_load, i32 %add18_537_loc_load, i32 %add18_639_loc_load, i32 %add18_741_loc_load, i32 %add18_843_loc_load, i32 %add18_945_loc_load, i32 %select_ln478_9, i32 %softmax_sum_loc" [forward_prop/src/forward_prop.cpp:478]   --->   Operation 107 'call' 'call_ln478' <Predicate = true> <Delay = 0.00> <CoreType = "Generic">   --->   Core 0 '' <Latency = 0> <II = 1> <Delay = 1.00> <Generic> <Opcode : >

State 17 <SV = 16> <Delay = 6.23>
ST_17 : Operation 108 [1/1] (0.00ns)   --->   "%softmax_sum_loc_load = load i32 %softmax_sum_loc"   --->   Operation 108 'load' 'softmax_sum_loc_load' <Predicate = true> <Delay = 0.00>
ST_17 : Operation 109 [6/6] (6.23ns)   --->   "%tmp_5 = flog i32 @llvm.log.f32, i32 %softmax_sum_loc_load" [/wrk/ci/prod/2022.1/rdi_builds/continuous/2022_04_18_3526262/src/shared/hls/clib/hlsmath/src/common/hls_log_float.cpp:9]   --->   Operation 109 'flog' 'tmp_5' <Predicate = true> <Delay = 6.23> <CoreInst = "FLog_fulldsp">   --->   Core 26 'FLog_fulldsp' <Latency = 5> <II = 1> <Delay = 6.23> <FuncUnit> <Opcode : 'flog'> <InPorts = 1> <OutPorts = 1>

State 18 <SV = 17> <Delay = 6.23>
ST_18 : Operation 110 [5/6] (6.23ns)   --->   "%tmp_5 = flog i32 @llvm.log.f32, i32 %softmax_sum_loc_load" [/wrk/ci/prod/2022.1/rdi_builds/continuous/2022_04_18_3526262/src/shared/hls/clib/hlsmath/src/common/hls_log_float.cpp:9]   --->   Operation 110 'flog' 'tmp_5' <Predicate = true> <Delay = 6.23> <CoreInst = "FLog_fulldsp">   --->   Core 26 'FLog_fulldsp' <Latency = 5> <II = 1> <Delay = 6.23> <FuncUnit> <Opcode : 'flog'> <InPorts = 1> <OutPorts = 1>

State 19 <SV = 18> <Delay = 6.23>
ST_19 : Operation 111 [4/6] (6.23ns)   --->   "%tmp_5 = flog i32 @llvm.log.f32, i32 %softmax_sum_loc_load" [/wrk/ci/prod/2022.1/rdi_builds/continuous/2022_04_18_3526262/src/shared/hls/clib/hlsmath/src/common/hls_log_float.cpp:9]   --->   Operation 111 'flog' 'tmp_5' <Predicate = true> <Delay = 6.23> <CoreInst = "FLog_fulldsp">   --->   Core 26 'FLog_fulldsp' <Latency = 5> <II = 1> <Delay = 6.23> <FuncUnit> <Opcode : 'flog'> <InPorts = 1> <OutPorts = 1>

State 20 <SV = 19> <Delay = 6.23>
ST_20 : Operation 112 [3/6] (6.23ns)   --->   "%tmp_5 = flog i32 @llvm.log.f32, i32 %softmax_sum_loc_load" [/wrk/ci/prod/2022.1/rdi_builds/continuous/2022_04_18_3526262/src/shared/hls/clib/hlsmath/src/common/hls_log_float.cpp:9]   --->   Operation 112 'flog' 'tmp_5' <Predicate = true> <Delay = 6.23> <CoreInst = "FLog_fulldsp">   --->   Core 26 'FLog_fulldsp' <Latency = 5> <II = 1> <Delay = 6.23> <FuncUnit> <Opcode : 'flog'> <InPorts = 1> <OutPorts = 1>

State 21 <SV = 20> <Delay = 6.23>
ST_21 : Operation 113 [2/6] (6.23ns)   --->   "%tmp_5 = flog i32 @llvm.log.f32, i32 %softmax_sum_loc_load" [/wrk/ci/prod/2022.1/rdi_builds/continuous/2022_04_18_3526262/src/shared/hls/clib/hlsmath/src/common/hls_log_float.cpp:9]   --->   Operation 113 'flog' 'tmp_5' <Predicate = true> <Delay = 6.23> <CoreInst = "FLog_fulldsp">   --->   Core 26 'FLog_fulldsp' <Latency = 5> <II = 1> <Delay = 6.23> <FuncUnit> <Opcode : 'flog'> <InPorts = 1> <OutPorts = 1>

State 22 <SV = 21> <Delay = 6.23>
ST_22 : Operation 114 [1/6] (6.23ns)   --->   "%tmp_5 = flog i32 @llvm.log.f32, i32 %softmax_sum_loc_load" [/wrk/ci/prod/2022.1/rdi_builds/continuous/2022_04_18_3526262/src/shared/hls/clib/hlsmath/src/common/hls_log_float.cpp:9]   --->   Operation 114 'flog' 'tmp_5' <Predicate = true> <Delay = 6.23> <CoreInst = "FLog_fulldsp">   --->   Core 26 'FLog_fulldsp' <Latency = 5> <II = 1> <Delay = 6.23> <FuncUnit> <Opcode : 'flog'> <InPorts = 1> <OutPorts = 1>

State 23 <SV = 22> <Delay = 7.29>
ST_23 : Operation 115 [3/3] (7.29ns)   --->   "%constant = fadd i32 %select_ln478_9, i32 %tmp_5" [forward_prop/src/forward_prop.cpp:488]   --->   Operation 115 'fadd' 'constant' <Predicate = true> <Delay = 7.29> <CoreInst = "FAddSub_fulldsp">   --->   Core 18 'FAddSub_fulldsp' <Latency = 2> <II = 1> <Delay = 7.29> <FuncUnit> <Opcode : 'fadd' 'fsub'> <InPorts = 2> <OutPorts = 1>

State 24 <SV = 23> <Delay = 7.29>
ST_24 : Operation 116 [2/3] (7.29ns)   --->   "%constant = fadd i32 %select_ln478_9, i32 %tmp_5" [forward_prop/src/forward_prop.cpp:488]   --->   Operation 116 'fadd' 'constant' <Predicate = true> <Delay = 7.29> <CoreInst = "FAddSub_fulldsp">   --->   Core 18 'FAddSub_fulldsp' <Latency = 2> <II = 1> <Delay = 7.29> <FuncUnit> <Opcode : 'fadd' 'fsub'> <InPorts = 2> <OutPorts = 1>

State 25 <SV = 24> <Delay = 7.29>
ST_25 : Operation 117 [1/3] (7.29ns)   --->   "%constant = fadd i32 %select_ln478_9, i32 %tmp_5" [forward_prop/src/forward_prop.cpp:488]   --->   Operation 117 'fadd' 'constant' <Predicate = true> <Delay = 7.29> <CoreInst = "FAddSub_fulldsp">   --->   Core 18 'FAddSub_fulldsp' <Latency = 2> <II = 1> <Delay = 7.29> <FuncUnit> <Opcode : 'fadd' 'fsub'> <InPorts = 2> <OutPorts = 1>

State 26 <SV = 25> <Delay = 0.75>
ST_26 : Operation 118 [2/2] (0.75ns)   --->   "%call_ln488 = call void @softmax<10u, 128u>_Pipeline_feature_map, i32 %add1827_loc_load, i32 %add18_129_loc_load, i32 %add18_231_loc_load, i32 %add18_333_loc_load, i32 %add18_435_loc_load, i32 %add18_537_loc_load, i32 %add18_639_loc_load, i32 %add18_741_loc_load, i32 %add18_843_loc_load, i32 %add18_945_loc_load, i32 %constant, i32 %softmax_f_map_out135" [forward_prop/src/forward_prop.cpp:488]   --->   Operation 118 'call' 'call_ln488' <Predicate = true> <Delay = 0.75> <CoreType = "Generic">   --->   Core 0 '' <Latency = 0> <II = 1> <Delay = 1.00> <Generic> <Opcode : >

State 27 <SV = 26> <Delay = 0.00>
ST_27 : Operation 119 [1/1] (0.00ns)   --->   "%specinterface_ln0 = specinterface void @_ssdm_op_SpecInterface, i32 %softmax_f_map_out135, void @empty_39, i32 0, i32 0, void @empty_30, i32 0, i32 0, void @empty_30, void @empty_30, void @empty_30, i32 0, i32 0, i32 0, i32 0, void @empty_30, void @empty_30, i32 4294967295, i32 0"   --->   Operation 119 'specinterface' 'specinterface_ln0' <Predicate = true> <Delay = 0.00>
ST_27 : Operation 120 [1/1] (0.00ns)   --->   "%specinterface_ln0 = specinterface void @_ssdm_op_SpecInterface, i32 %dense_feature_map_stream128, void @empty_39, i32 0, i32 0, void @empty_30, i32 0, i32 0, void @empty_30, void @empty_30, void @empty_30, i32 0, i32 0, i32 0, i32 0, void @empty_30, void @empty_30, i32 4294967295, i32 0"   --->   Operation 120 'specinterface' 'specinterface_ln0' <Predicate = true> <Delay = 0.00>
ST_27 : Operation 121 [1/2] (0.00ns)   --->   "%call_ln488 = call void @softmax<10u, 128u>_Pipeline_feature_map, i32 %add1827_loc_load, i32 %add18_129_loc_load, i32 %add18_231_loc_load, i32 %add18_333_loc_load, i32 %add18_435_loc_load, i32 %add18_537_loc_load, i32 %add18_639_loc_load, i32 %add18_741_loc_load, i32 %add18_843_loc_load, i32 %add18_945_loc_load, i32 %constant, i32 %softmax_f_map_out135" [forward_prop/src/forward_prop.cpp:488]   --->   Operation 121 'call' 'call_ln488' <Predicate = true> <Delay = 0.00> <CoreType = "Generic">   --->   Core 0 '' <Latency = 0> <II = 1> <Delay = 1.00> <Generic> <Opcode : >
ST_27 : Operation 122 [1/1] (0.00ns)   --->   "%ret_ln494 = ret" [forward_prop/src/forward_prop.cpp:494]   --->   Operation 122 'ret' 'ret_ln494' <Predicate = true> <Delay = 0.00>


============================================================
+ Verbose Summary: Binding
============================================================
STG Binding: 
---------------- STG Properties BEGIN ----------------
- Is combinational: 0
- Is one-state seq: 0
- Is datapath-only: 0
- Is pipelined: 0
- Is top level: 0
Port [ Return ] is wired: 1; IO mode=ap_ctrl_hs:ce=0
Port [ dense_feature_map_stream128]:  wired=1; compound=1; hidden=0; nouse=0; global=0; static=0; extern=0; dir=0; type=3; pingpong=0; private_global=0; IO mode=ap_fifo:ce=0
Port [ weights_0]:  wired=1; compound=1; hidden=0; nouse=0; global=0; static=0; extern=0; dir=0; type=1; pingpong=1; private_global=0; MemPort=[11]; IO mode=ap_memory:ce=0
Port [ weights_1]:  wired=1; compound=1; hidden=0; nouse=0; global=0; static=0; extern=0; dir=0; type=1; pingpong=1; private_global=0; MemPort=[11]; IO mode=ap_memory:ce=0
Port [ weights_2]:  wired=1; compound=1; hidden=0; nouse=0; global=0; static=0; extern=0; dir=0; type=1; pingpong=1; private_global=0; MemPort=[11]; IO mode=ap_memory:ce=0
Port [ biases]:  wired=1; compound=1; hidden=0; nouse=0; global=0; static=0; extern=0; dir=0; type=1; pingpong=1; private_global=0; MemPort=[13]; IO mode=ap_memory:ce=0
Port [ softmax_f_map_out135]:  wired=1; compound=1; hidden=0; nouse=0; global=0; static=0; extern=0; dir=1; type=3; pingpong=0; private_global=0; IO mode=ap_fifo:ce=0
---------------- STG Properties END ------------------

---------------- Datapath Model BEGIN ----------------

<LifeTime>
<method=bitvector/>
softmax_sum_loc      (alloca       ) [ 0011111111111111110000000000]
add1827_loc          (alloca       ) [ 0011110000000000000000000000]
add18_129_loc        (alloca       ) [ 0011111000000000000000000000]
add18_231_loc        (alloca       ) [ 0011111100000000000000000000]
add18_333_loc        (alloca       ) [ 0011111110000000000000000000]
add18_435_loc        (alloca       ) [ 0011111111000000000000000000]
add18_537_loc        (alloca       ) [ 0011111111100000000000000000]
add18_639_loc        (alloca       ) [ 0011111111110000000000000000]
add18_741_loc        (alloca       ) [ 0011111111111000000000000000]
add18_843_loc        (alloca       ) [ 0011111111111100000000000000]
add18_945_loc        (alloca       ) [ 0011111111111110000000000000]
sum_loc              (alloca       ) [ 0111000000000000000000000000]
sum_1_loc            (alloca       ) [ 0111000000000000000000000000]
sum_2_loc            (alloca       ) [ 0111000000000000000000000000]
sum_3_loc            (alloca       ) [ 0111000000000000000000000000]
sum_4_loc            (alloca       ) [ 0111000000000000000000000000]
sum_5_loc            (alloca       ) [ 0111000000000000000000000000]
sum_6_loc            (alloca       ) [ 0111000000000000000000000000]
sum_7_loc            (alloca       ) [ 0111000000000000000000000000]
sum_8_loc            (alloca       ) [ 0111000000000000000000000000]
sum_9_loc            (alloca       ) [ 0111000000000000000000000000]
call_ln0             (call         ) [ 0000000000000000000000000000]
sum_9_loc_load       (load         ) [ 0000100000000000000000000000]
sum_8_loc_load       (load         ) [ 0000100000000000000000000000]
sum_7_loc_load       (load         ) [ 0000100000000000000000000000]
sum_6_loc_load       (load         ) [ 0000100000000000000000000000]
sum_5_loc_load       (load         ) [ 0000100000000000000000000000]
sum_4_loc_load       (load         ) [ 0000100000000000000000000000]
sum_3_loc_load       (load         ) [ 0000100000000000000000000000]
sum_2_loc_load       (load         ) [ 0000100000000000000000000000]
sum_1_loc_load       (load         ) [ 0000100000000000000000000000]
sum_loc_load         (load         ) [ 0000100000000000000000000000]
empty                (wait         ) [ 0000000000000000000000000000]
call_ln0             (call         ) [ 0000000000000000000000000000]
add1827_loc_load     (load         ) [ 0000001111111111111111111111]
empty_127            (wait         ) [ 0000000000000000000000000000]
add18_129_loc_load   (load         ) [ 0000000111111111111111111111]
cmp21_le             (fcmp         ) [ 0000000000000000000000000000]
select_ln478         (select       ) [ 0000000100000000000000000000]
empty_128            (wait         ) [ 0000000000000000000000000000]
add18_231_loc_load   (load         ) [ 0000000011111111111111111111]
cmp21_1_le           (fcmp         ) [ 0000000000000000000000000000]
select_ln478_1       (select       ) [ 0000000010000000000000000000]
add18_333_loc_load   (load         ) [ 0000000001111111111111111111]
cmp21_2_le           (fcmp         ) [ 0000000000000000000000000000]
select_ln478_2       (select       ) [ 0000000001000000000000000000]
add18_435_loc_load   (load         ) [ 0000000000111111111111111111]
cmp21_3_le           (fcmp         ) [ 0000000000000000000000000000]
select_ln478_3       (select       ) [ 0000000000100000000000000000]
add18_537_loc_load   (load         ) [ 0000000000011111111111111111]
cmp21_4_le           (fcmp         ) [ 0000000000000000000000000000]
select_ln478_4       (select       ) [ 0000000000010000000000000000]
add18_639_loc_load   (load         ) [ 0000000000001111111111111111]
cmp21_5_le           (fcmp         ) [ 0000000000000000000000000000]
select_ln478_5       (select       ) [ 0000000000001000000000000000]
add18_741_loc_load   (load         ) [ 0000000000000111111111111111]
cmp21_6_le           (fcmp         ) [ 0000000000000000000000000000]
select_ln478_6       (select       ) [ 0000000000000100000000000000]
add18_843_loc_load   (load         ) [ 0000000000000011111111111111]
cmp21_7_le           (fcmp         ) [ 0000000000000000000000000000]
select_ln478_7       (select       ) [ 0000000000000010000000000000]
add18_945_loc_load   (load         ) [ 0000000000000001111111111111]
cmp21_8_le           (fcmp         ) [ 0000000000000000000000000000]
select_ln478_8       (select       ) [ 0000000000000001000000000000]
cmp21_9_le           (fcmp         ) [ 0000000000000000000000000000]
select_ln478_9       (select       ) [ 0000000000000000111111111100]
call_ln478           (call         ) [ 0000000000000000000000000000]
softmax_sum_loc_load (load         ) [ 0000000000000000001111100000]
tmp_5                (flog         ) [ 0000000000000000000000011100]
constant             (fadd         ) [ 0000000000000000000000000011]
specinterface_ln0    (specinterface) [ 0000000000000000000000000000]
specinterface_ln0    (specinterface) [ 0000000000000000000000000000]
call_ln488           (call         ) [ 0000000000000000000000000000]
ret_ln494            (ret          ) [ 0000000000000000000000000000]
</LifeTime>

<model>

<comp_list>
<comp id="0" class="1000" name="dense_feature_map_stream128">
<pin_list>
<pin id="1" dir="1" index="0" bw="1" slack="0"/>
</pin_list>
<bind>
<StgValue><ssdm name="dense_feature_map_stream128"/></StgValue>
</bind>
</comp>

<comp id="2" class="1000" name="weights_0">
<pin_list>
<pin id="3" dir="1" index="0" bw="1" slack="0"/>
</pin_list>
<bind>
<StgValue><ssdm name="weights_0"/><MemPortTyVec>1 1 </MemPortTyVec>
</StgValue>
</bind>
</comp>

<comp id="4" class="1000" name="weights_1">
<pin_list>
<pin id="5" dir="1" index="0" bw="1" slack="0"/>
</pin_list>
<bind>
<StgValue><ssdm name="weights_1"/><MemPortTyVec>1 1 </MemPortTyVec>
</StgValue>
</bind>
</comp>

<comp id="6" class="1000" name="weights_2">
<pin_list>
<pin id="7" dir="1" index="0" bw="1" slack="0"/>
</pin_list>
<bind>
<StgValue><ssdm name="weights_2"/><MemPortTyVec>1 1 </MemPortTyVec>
</StgValue>
</bind>
</comp>

<comp id="8" class="1000" name="biases">
<pin_list>
<pin id="9" dir="1" index="0" bw="1" slack="0"/>
</pin_list>
<bind>
<StgValue><ssdm name="biases"/><MemPortTyVec>1 3 </MemPortTyVec>
</StgValue>
</bind>
</comp>

<comp id="10" class="1000" name="softmax_f_map_out135">
<pin_list>
<pin id="11" dir="1" index="0" bw="1" slack="0"/>
</pin_list>
<bind>
<StgValue><ssdm name="softmax_f_map_out135"/></StgValue>
</bind>
</comp>

<comp id="12" class="1001" name="const_12">
<pin_list>
<pin id="13" dir="1" index="0" bw="1" slack="0"/>
</pin_list>
<bind>
<StgValue><ssdm name=""/></StgValue>
</bind>
</comp>

<comp id="14" class="1001" name="const_14">
<pin_list>
<pin id="15" dir="1" index="0" bw="1" slack="0"/>
</pin_list>
<bind>
<StgValue><ssdm name="softmax<10u, 128u>_Pipeline_VITIS_LOOP_463_1"/></StgValue>
</bind>
</comp>

<comp id="16" class="1001" name="const_16">
<pin_list>
<pin id="17" dir="1" index="0" bw="1" slack="2147483647"/>
</pin_list>
<bind>
<StgValue><ssdm name="_ssdm_op_Wait"/></StgValue>
</bind>
</comp>

<comp id="18" class="1001" name="const_18">
<pin_list>
<pin id="19" dir="1" index="0" bw="1" slack="0"/>
</pin_list>
<bind>
<StgValue><ssdm name="softmax<10u, 128u>_Pipeline_calc_sums_and_max"/></StgValue>
</bind>
</comp>

<comp id="20" class="1001" name="const_20">
<pin_list>
<pin id="21" dir="1" index="0" bw="1" slack="0"/>
</pin_list>
<bind>
<StgValue><ssdm name=""/></StgValue>
</bind>
</comp>

<comp id="22" class="1001" name="const_22">
<pin_list>
<pin id="23" dir="1" index="0" bw="1" slack="0"/>
</pin_list>
<bind>
<StgValue><ssdm name="softmax<10u, 128u>_Pipeline_calc_exp_sum"/></StgValue>
</bind>
</comp>

<comp id="24" class="1001" name="const_24">
<pin_list>
<pin id="25" dir="1" index="0" bw="1" slack="0"/>
</pin_list>
<bind>
<StgValue><ssdm name="llvm.log.f32"/></StgValue>
</bind>
</comp>

<comp id="26" class="1001" name="const_26">
<pin_list>
<pin id="27" dir="1" index="0" bw="1" slack="0"/>
</pin_list>
<bind>
<StgValue><ssdm name="softmax<10u, 128u>_Pipeline_feature_map"/></StgValue>
</bind>
</comp>

<comp id="28" class="1001" name="const_28">
<pin_list>
<pin id="29" dir="1" index="0" bw="1" slack="2147483647"/>
</pin_list>
<bind>
<StgValue><ssdm name="_ssdm_op_SpecInterface"/></StgValue>
</bind>
</comp>

<comp id="30" class="1001" name="const_30">
<pin_list>
<pin id="31" dir="1" index="0" bw="1" slack="2147483647"/>
</pin_list>
<bind>
<StgValue><ssdm name="empty_39"/></StgValue>
</bind>
</comp>

<comp id="32" class="1001" name="const_32">
<pin_list>
<pin id="33" dir="1" index="0" bw="1" slack="2147483647"/>
</pin_list>
<bind>
<StgValue><ssdm name=""/></StgValue>
</bind>
</comp>

<comp id="34" class="1001" name="const_34">
<pin_list>
<pin id="35" dir="1" index="0" bw="1" slack="2147483647"/>
</pin_list>
<bind>
<StgValue><ssdm name="empty_30"/></StgValue>
</bind>
</comp>

<comp id="36" class="1001" name="const_36">
<pin_list>
<pin id="37" dir="1" index="0" bw="1" slack="2147483647"/>
</pin_list>
<bind>
<StgValue><ssdm name=""/></StgValue>
</bind>
</comp>

<comp id="38" class="1004" name="softmax_sum_loc_fu_38">
<pin_list>
<pin id="39" dir="0" index="0" bw="1" slack="0"/>
<pin id="40" dir="1" index="1" bw="32" slack="14"/>
</pin_list>
<bind>
<opcode="alloca(26) " fcode="alloca"/>
<opset="softmax_sum_loc/1 "/>
</bind>
</comp>

<comp id="42" class="1004" name="add1827_loc_fu_42">
<pin_list>
<pin id="43" dir="0" index="0" bw="1" slack="0"/>
<pin id="44" dir="1" index="1" bw="32" slack="2"/>
</pin_list>
<bind>
<opcode="alloca(26) " fcode="alloca"/>
<opset="add1827_loc/1 "/>
</bind>
</comp>

<comp id="46" class="1004" name="add18_129_loc_fu_46">
<pin_list>
<pin id="47" dir="0" index="0" bw="1" slack="0"/>
<pin id="48" dir="1" index="1" bw="32" slack="2"/>
</pin_list>
<bind>
<opcode="alloca(26) " fcode="alloca"/>
<opset="add18_129_loc/1 "/>
</bind>
</comp>

<comp id="50" class="1004" name="add18_231_loc_fu_50">
<pin_list>
<pin id="51" dir="0" index="0" bw="1" slack="0"/>
<pin id="52" dir="1" index="1" bw="32" slack="2"/>
</pin_list>
<bind>
<opcode="alloca(26) " fcode="alloca"/>
<opset="add18_231_loc/1 "/>
</bind>
</comp>

<comp id="54" class="1004" name="add18_333_loc_fu_54">
<pin_list>
<pin id="55" dir="0" index="0" bw="1" slack="0"/>
<pin id="56" dir="1" index="1" bw="32" slack="2"/>
</pin_list>
<bind>
<opcode="alloca(26) " fcode="alloca"/>
<opset="add18_333_loc/1 "/>
</bind>
</comp>

<comp id="58" class="1004" name="add18_435_loc_fu_58">
<pin_list>
<pin id="59" dir="0" index="0" bw="1" slack="0"/>
<pin id="60" dir="1" index="1" bw="32" slack="2"/>
</pin_list>
<bind>
<opcode="alloca(26) " fcode="alloca"/>
<opset="add18_435_loc/1 "/>
</bind>
</comp>

<comp id="62" class="1004" name="add18_537_loc_fu_62">
<pin_list>
<pin id="63" dir="0" index="0" bw="1" slack="0"/>
<pin id="64" dir="1" index="1" bw="32" slack="2"/>
</pin_list>
<bind>
<opcode="alloca(26) " fcode="alloca"/>
<opset="add18_537_loc/1 "/>
</bind>
</comp>

<comp id="66" class="1004" name="add18_639_loc_fu_66">
<pin_list>
<pin id="67" dir="0" index="0" bw="1" slack="0"/>
<pin id="68" dir="1" index="1" bw="32" slack="2"/>
</pin_list>
<bind>
<opcode="alloca(26) " fcode="alloca"/>
<opset="add18_639_loc/1 "/>
</bind>
</comp>

<comp id="70" class="1004" name="add18_741_loc_fu_70">
<pin_list>
<pin id="71" dir="0" index="0" bw="1" slack="0"/>
<pin id="72" dir="1" index="1" bw="32" slack="2"/>
</pin_list>
<bind>
<opcode="alloca(26) " fcode="alloca"/>
<opset="add18_741_loc/1 "/>
</bind>
</comp>

<comp id="74" class="1004" name="add18_843_loc_fu_74">
<pin_list>
<pin id="75" dir="0" index="0" bw="1" slack="0"/>
<pin id="76" dir="1" index="1" bw="32" slack="2"/>
</pin_list>
<bind>
<opcode="alloca(26) " fcode="alloca"/>
<opset="add18_843_loc/1 "/>
</bind>
</comp>

<comp id="78" class="1004" name="add18_945_loc_fu_78">
<pin_list>
<pin id="79" dir="0" index="0" bw="1" slack="0"/>
<pin id="80" dir="1" index="1" bw="32" slack="2"/>
</pin_list>
<bind>
<opcode="alloca(26) " fcode="alloca"/>
<opset="add18_945_loc/1 "/>
</bind>
</comp>

<comp id="82" class="1004" name="sum_loc_fu_82">
<pin_list>
<pin id="83" dir="0" index="0" bw="1" slack="0"/>
<pin id="84" dir="1" index="1" bw="32" slack="0"/>
</pin_list>
<bind>
<opcode="alloca(26) " fcode="alloca"/>
<opset="sum_loc/1 "/>
</bind>
</comp>

<comp id="86" class="1004" name="sum_1_loc_fu_86">
<pin_list>
<pin id="87" dir="0" index="0" bw="1" slack="0"/>
<pin id="88" dir="1" index="1" bw="32" slack="0"/>
</pin_list>
<bind>
<opcode="alloca(26) " fcode="alloca"/>
<opset="sum_1_loc/1 "/>
</bind>
</comp>

<comp id="90" class="1004" name="sum_2_loc_fu_90">
<pin_list>
<pin id="91" dir="0" index="0" bw="1" slack="0"/>
<pin id="92" dir="1" index="1" bw="32" slack="0"/>
</pin_list>
<bind>
<opcode="alloca(26) " fcode="alloca"/>
<opset="sum_2_loc/1 "/>
</bind>
</comp>

<comp id="94" class="1004" name="sum_3_loc_fu_94">
<pin_list>
<pin id="95" dir="0" index="0" bw="1" slack="0"/>
<pin id="96" dir="1" index="1" bw="32" slack="0"/>
</pin_list>
<bind>
<opcode="alloca(26) " fcode="alloca"/>
<opset="sum_3_loc/1 "/>
</bind>
</comp>

<comp id="98" class="1004" name="sum_4_loc_fu_98">
<pin_list>
<pin id="99" dir="0" index="0" bw="1" slack="0"/>
<pin id="100" dir="1" index="1" bw="32" slack="0"/>
</pin_list>
<bind>
<opcode="alloca(26) " fcode="alloca"/>
<opset="sum_4_loc/1 "/>
</bind>
</comp>

<comp id="102" class="1004" name="sum_5_loc_fu_102">
<pin_list>
<pin id="103" dir="0" index="0" bw="1" slack="0"/>
<pin id="104" dir="1" index="1" bw="32" slack="0"/>
</pin_list>
<bind>
<opcode="alloca(26) " fcode="alloca"/>
<opset="sum_5_loc/1 "/>
</bind>
</comp>

<comp id="106" class="1004" name="sum_6_loc_fu_106">
<pin_list>
<pin id="107" dir="0" index="0" bw="1" slack="0"/>
<pin id="108" dir="1" index="1" bw="32" slack="0"/>
</pin_list>
<bind>
<opcode="alloca(26) " fcode="alloca"/>
<opset="sum_6_loc/1 "/>
</bind>
</comp>

<comp id="110" class="1004" name="sum_7_loc_fu_110">
<pin_list>
<pin id="111" dir="0" index="0" bw="1" slack="0"/>
<pin id="112" dir="1" index="1" bw="32" slack="0"/>
</pin_list>
<bind>
<opcode="alloca(26) " fcode="alloca"/>
<opset="sum_7_loc/1 "/>
</bind>
</comp>

<comp id="114" class="1004" name="sum_8_loc_fu_114">
<pin_list>
<pin id="115" dir="0" index="0" bw="1" slack="0"/>
<pin id="116" dir="1" index="1" bw="32" slack="0"/>
</pin_list>
<bind>
<opcode="alloca(26) " fcode="alloca"/>
<opset="sum_8_loc/1 "/>
</bind>
</comp>

<comp id="118" class="1004" name="sum_9_loc_fu_118">
<pin_list>
<pin id="119" dir="0" index="0" bw="1" slack="0"/>
<pin id="120" dir="1" index="1" bw="32" slack="0"/>
</pin_list>
<bind>
<opcode="alloca(26) " fcode="alloca"/>
<opset="sum_9_loc/1 "/>
</bind>
</comp>

<comp id="122" class="1004" name="grp_softmax_10u_128u_Pipeline_VITIS_LOOP_463_1_fu_122">
<pin_list>
<pin id="123" dir="0" index="0" bw="0" slack="0"/>
<pin id="124" dir="0" index="1" bw="32" slack="0"/>
<pin id="125" dir="0" index="2" bw="32" slack="0"/>
<pin id="126" dir="0" index="3" bw="32" slack="0"/>
<pin id="127" dir="0" index="4" bw="32" slack="0"/>
<pin id="128" dir="0" index="5" bw="32" slack="0"/>
<pin id="129" dir="0" index="6" bw="32" slack="0"/>
<pin id="130" dir="0" index="7" bw="32" slack="0"/>
<pin id="131" dir="0" index="8" bw="32" slack="0"/>
<pin id="132" dir="0" index="9" bw="32" slack="0"/>
<pin id="133" dir="0" index="10" bw="32" slack="0"/>
<pin id="134" dir="0" index="11" bw="32" slack="0"/>
<pin id="135" dir="1" index="12" bw="0" slack="2147483647"/>
</pin_list>
<bind>
<opcode="call(48) " fcode="call"/>
<opset="call_ln0/1 "/>
</bind>
</comp>

<comp id="138" class="1004" name="grp_softmax_10u_128u_Pipeline_calc_sums_and_max_fu_138">
<pin_list>
<pin id="139" dir="0" index="0" bw="0" slack="0"/>
<pin id="140" dir="0" index="1" bw="32" slack="0"/>
<pin id="141" dir="0" index="2" bw="32" slack="0"/>
<pin id="142" dir="0" index="3" bw="32" slack="0"/>
<pin id="143" dir="0" index="4" bw="32" slack="0"/>
<pin id="144" dir="0" index="5" bw="32" slack="0"/>
<pin id="145" dir="0" index="6" bw="32" slack="0"/>
<pin id="146" dir="0" index="7" bw="32" slack="0"/>
<pin id="147" dir="0" index="8" bw="32" slack="0"/>
<pin id="148" dir="0" index="9" bw="32" slack="0"/>
<pin id="149" dir="0" index="10" bw="32" slack="0"/>
<pin id="150" dir="0" index="11" bw="32" slack="0"/>
<pin id="151" dir="0" index="12" bw="32" slack="0"/>
<pin id="152" dir="0" index="13" bw="32" slack="0"/>
<pin id="153" dir="0" index="14" bw="32" slack="0"/>
<pin id="154" dir="0" index="15" bw="32" slack="2"/>
<pin id="155" dir="0" index="16" bw="32" slack="2"/>
<pin id="156" dir="0" index="17" bw="32" slack="2"/>
<pin id="157" dir="0" index="18" bw="32" slack="2"/>
<pin id="158" dir="0" index="19" bw="32" slack="2"/>
<pin id="159" dir="0" index="20" bw="32" slack="2"/>
<pin id="160" dir="0" index="21" bw="32" slack="2"/>
<pin id="161" dir="0" index="22" bw="32" slack="2"/>
<pin id="162" dir="0" index="23" bw="32" slack="2"/>
<pin id="163" dir="0" index="24" bw="32" slack="2"/>
<pin id="164" dir="1" index="25" bw="0" slack="2147483647"/>
</pin_list>
<bind>
<opcode="call(48) " fcode="call"/>
<opset="call_ln0/3 "/>
</bind>
</comp>

<comp id="170" class="1004" name="grp_softmax_10u_128u_Pipeline_calc_exp_sum_fu_170">
<pin_list>
<pin id="171" dir="0" index="0" bw="0" slack="0"/>
<pin id="172" dir="0" index="1" bw="32" slack="2147483647"/>
<pin id="173" dir="0" index="2" bw="32" slack="2147483647"/>
<pin id="174" dir="0" index="3" bw="32" slack="2147483647"/>
<pin id="175" dir="0" index="4" bw="32" slack="2147483647"/>
<pin id="176" dir="0" index="5" bw="32" slack="2147483647"/>
<pin id="177" dir="0" index="6" bw="32" slack="2147483647"/>
<pin id="178" dir="0" index="7" bw="32" slack="2147483647"/>
<pin id="179" dir="0" index="8" bw="32" slack="2147483647"/>
<pin id="180" dir="0" index="9" bw="32" slack="2147483647"/>
<pin id="181" dir="0" index="10" bw="32" slack="2147483647"/>
<pin id="182" dir="0" index="11" bw="32" slack="0"/>
<pin id="183" dir="0" index="12" bw="32" slack="14"/>
<pin id="184" dir="1" index="13" bw="0" slack="2147483647"/>
</pin_list>
<bind>
<opcode="call(48) " fcode="call"/>
<opset="call_ln478/15 "/>
</bind>
</comp>

<comp id="186" class="1004" name="grp_softmax_10u_128u_Pipeline_feature_map_fu_186">
<pin_list>
<pin id="187" dir="0" index="0" bw="0" slack="0"/>
<pin id="188" dir="0" index="1" bw="32" slack="2147483647"/>
<pin id="189" dir="0" index="2" bw="32" slack="2147483647"/>
<pin id="190" dir="0" index="3" bw="32" slack="2147483647"/>
<pin id="191" dir="0" index="4" bw="32" slack="2147483647"/>
<pin id="192" dir="0" index="5" bw="32" slack="2147483647"/>
<pin id="193" dir="0" index="6" bw="32" slack="2147483647"/>
<pin id="194" dir="0" index="7" bw="32" slack="2147483647"/>
<pin id="195" dir="0" index="8" bw="32" slack="2147483647"/>
<pin id="196" dir="0" index="9" bw="32" slack="2147483647"/>
<pin id="197" dir="0" index="10" bw="32" slack="2147483647"/>
<pin id="198" dir="0" index="11" bw="32" slack="1"/>
<pin id="199" dir="0" index="12" bw="32" slack="0"/>
<pin id="200" dir="1" index="13" bw="0" slack="2147483647"/>
</pin_list>
<bind>
<opcode="call(48) " fcode="call"/>
<opset="call_ln488/26 "/>
</bind>
</comp>

<comp id="203" class="1004" name="grp_fu_203">
<pin_list>
<pin id="204" dir="0" index="0" bw="32" slack="8"/>
<pin id="205" dir="0" index="1" bw="32" slack="1"/>
<pin id="206" dir="1" index="2" bw="32" slack="1"/>
</pin_list>
<bind>
<opcode="fadd(9) " fcode="fadd"/>
<opset="constant/23 "/>
</bind>
</comp>

<comp id="207" class="1004" name="grp_fu_207">
<pin_list>
<pin id="208" dir="0" index="0" bw="32" slack="0"/>
<pin id="209" dir="0" index="1" bw="32" slack="0"/>
<pin id="210" dir="1" index="2" bw="1" slack="0"/>
</pin_list>
<bind>
<opcode="fcmp(46) " fcode="fcmp"/>
<opset="cmp21_le/5 cmp21_1_le/6 cmp21_2_le/7 cmp21_3_le/8 cmp21_4_le/9 cmp21_5_le/10 cmp21_6_le/11 cmp21_7_le/12 cmp21_8_le/13 cmp21_9_le/14 "/>
</bind>
</comp>

<comp id="212" class="1004" name="grp_fu_212">
<pin_list>
<pin id="213" dir="0" index="0" bw="32" slack="0"/>
<pin id="214" dir="0" index="1" bw="32" slack="0"/>
<pin id="215" dir="1" index="2" bw="32" slack="1"/>
</pin_list>
<bind>
<opcode="flog(506) " fcode="flog"/>
<opset="tmp_5/17 "/>
</bind>
</comp>

<comp id="217" class="1004" name="sum_9_loc_load_load_fu_217">
<pin_list>
<pin id="218" dir="0" index="0" bw="32" slack="2"/>
<pin id="219" dir="1" index="1" bw="32" slack="0"/>
</pin_list>
<bind>
<opcode="load(27) " fcode="load"/>
<opset="sum_9_loc_load/3 "/>
</bind>
</comp>

<comp id="221" class="1004" name="sum_8_loc_load_load_fu_221">
<pin_list>
<pin id="222" dir="0" index="0" bw="32" slack="2"/>
<pin id="223" dir="1" index="1" bw="32" slack="0"/>
</pin_list>
<bind>
<opcode="load(27) " fcode="load"/>
<opset="sum_8_loc_load/3 "/>
</bind>
</comp>

<comp id="225" class="1004" name="sum_7_loc_load_load_fu_225">
<pin_list>
<pin id="226" dir="0" index="0" bw="32" slack="2"/>
<pin id="227" dir="1" index="1" bw="32" slack="0"/>
</pin_list>
<bind>
<opcode="load(27) " fcode="load"/>
<opset="sum_7_loc_load/3 "/>
</bind>
</comp>

<comp id="229" class="1004" name="sum_6_loc_load_load_fu_229">
<pin_list>
<pin id="230" dir="0" index="0" bw="32" slack="2"/>
<pin id="231" dir="1" index="1" bw="32" slack="0"/>
</pin_list>
<bind>
<opcode="load(27) " fcode="load"/>
<opset="sum_6_loc_load/3 "/>
</bind>
</comp>

<comp id="233" class="1004" name="sum_5_loc_load_load_fu_233">
<pin_list>
<pin id="234" dir="0" index="0" bw="32" slack="2"/>
<pin id="235" dir="1" index="1" bw="32" slack="0"/>
</pin_list>
<bind>
<opcode="load(27) " fcode="load"/>
<opset="sum_5_loc_load/3 "/>
</bind>
</comp>

<comp id="237" class="1004" name="sum_4_loc_load_load_fu_237">
<pin_list>
<pin id="238" dir="0" index="0" bw="32" slack="2"/>
<pin id="239" dir="1" index="1" bw="32" slack="0"/>
</pin_list>
<bind>
<opcode="load(27) " fcode="load"/>
<opset="sum_4_loc_load/3 "/>
</bind>
</comp>

<comp id="241" class="1004" name="sum_3_loc_load_load_fu_241">
<pin_list>
<pin id="242" dir="0" index="0" bw="32" slack="2"/>
<pin id="243" dir="1" index="1" bw="32" slack="0"/>
</pin_list>
<bind>
<opcode="load(27) " fcode="load"/>
<opset="sum_3_loc_load/3 "/>
</bind>
</comp>

<comp id="245" class="1004" name="sum_2_loc_load_load_fu_245">
<pin_list>
<pin id="246" dir="0" index="0" bw="32" slack="2"/>
<pin id="247" dir="1" index="1" bw="32" slack="0"/>
</pin_list>
<bind>
<opcode="load(27) " fcode="load"/>
<opset="sum_2_loc_load/3 "/>
</bind>
</comp>

<comp id="249" class="1004" name="sum_1_loc_load_load_fu_249">
<pin_list>
<pin id="250" dir="0" index="0" bw="32" slack="2"/>
<pin id="251" dir="1" index="1" bw="32" slack="0"/>
</pin_list>
<bind>
<opcode="load(27) " fcode="load"/>
<opset="sum_1_loc_load/3 "/>
</bind>
</comp>

<comp id="253" class="1004" name="sum_loc_load_load_fu_253">
<pin_list>
<pin id="254" dir="0" index="0" bw="32" slack="2"/>
<pin id="255" dir="1" index="1" bw="32" slack="0"/>
</pin_list>
<bind>
<opcode="load(27) " fcode="load"/>
<opset="sum_loc_load/3 "/>
</bind>
</comp>

<comp id="257" class="1004" name="add1827_loc_load_load_fu_257">
<pin_list>
<pin id="258" dir="0" index="0" bw="32" slack="4"/>
<pin id="259" dir="1" index="1" bw="32" slack="0"/>
</pin_list>
<bind>
<opcode="load(27) " fcode="load"/>
<opset="add1827_loc_load/5 "/>
</bind>
</comp>

<comp id="261" class="1004" name="add18_129_loc_load_load_fu_261">
<pin_list>
<pin id="262" dir="0" index="0" bw="32" slack="5"/>
<pin id="263" dir="1" index="1" bw="32" slack="0"/>
</pin_list>
<bind>
<opcode="load(27) " fcode="load"/>
<opset="add18_129_loc_load/6 "/>
</bind>
</comp>

<comp id="265" class="1004" name="select_ln478_fu_265">
<pin_list>
<pin id="266" dir="0" index="0" bw="1" slack="0"/>
<pin id="267" dir="0" index="1" bw="32" slack="2147483647"/>
<pin id="268" dir="0" index="2" bw="32" slack="0"/>
<pin id="269" dir="1" index="3" bw="32" slack="0"/>
</pin_list>
<bind>
<opcode="select(49) " fcode="select"/>
<opset="select_ln478/6 "/>
</bind>
</comp>

<comp id="273" class="1004" name="add18_231_loc_load_load_fu_273">
<pin_list>
<pin id="274" dir="0" index="0" bw="32" slack="6"/>
<pin id="275" dir="1" index="1" bw="32" slack="0"/>
</pin_list>
<bind>
<opcode="load(27) " fcode="load"/>
<opset="add18_231_loc_load/7 "/>
</bind>
</comp>

<comp id="277" class="1004" name="select_ln478_1_fu_277">
<pin_list>
<pin id="278" dir="0" index="0" bw="1" slack="0"/>
<pin id="279" dir="0" index="1" bw="32" slack="2147483647"/>
<pin id="280" dir="0" index="2" bw="32" slack="1"/>
<pin id="281" dir="1" index="3" bw="32" slack="0"/>
</pin_list>
<bind>
<opcode="select(49) " fcode="select"/>
<opset="select_ln478_1/7 "/>
</bind>
</comp>

<comp id="284" class="1004" name="add18_333_loc_load_load_fu_284">
<pin_list>
<pin id="285" dir="0" index="0" bw="32" slack="7"/>
<pin id="286" dir="1" index="1" bw="32" slack="0"/>
</pin_list>
<bind>
<opcode="load(27) " fcode="load"/>
<opset="add18_333_loc_load/8 "/>
</bind>
</comp>

<comp id="288" class="1004" name="select_ln478_2_fu_288">
<pin_list>
<pin id="289" dir="0" index="0" bw="1" slack="0"/>
<pin id="290" dir="0" index="1" bw="32" slack="2147483647"/>
<pin id="291" dir="0" index="2" bw="32" slack="1"/>
<pin id="292" dir="1" index="3" bw="32" slack="0"/>
</pin_list>
<bind>
<opcode="select(49) " fcode="select"/>
<opset="select_ln478_2/8 "/>
</bind>
</comp>

<comp id="295" class="1004" name="add18_435_loc_load_load_fu_295">
<pin_list>
<pin id="296" dir="0" index="0" bw="32" slack="8"/>
<pin id="297" dir="1" index="1" bw="32" slack="0"/>
</pin_list>
<bind>
<opcode="load(27) " fcode="load"/>
<opset="add18_435_loc_load/9 "/>
</bind>
</comp>

<comp id="299" class="1004" name="select_ln478_3_fu_299">
<pin_list>
<pin id="300" dir="0" index="0" bw="1" slack="0"/>
<pin id="301" dir="0" index="1" bw="32" slack="2147483647"/>
<pin id="302" dir="0" index="2" bw="32" slack="1"/>
<pin id="303" dir="1" index="3" bw="32" slack="0"/>
</pin_list>
<bind>
<opcode="select(49) " fcode="select"/>
<opset="select_ln478_3/9 "/>
</bind>
</comp>

<comp id="306" class="1004" name="add18_537_loc_load_load_fu_306">
<pin_list>
<pin id="307" dir="0" index="0" bw="32" slack="9"/>
<pin id="308" dir="1" index="1" bw="32" slack="0"/>
</pin_list>
<bind>
<opcode="load(27) " fcode="load"/>
<opset="add18_537_loc_load/10 "/>
</bind>
</comp>

<comp id="310" class="1004" name="select_ln478_4_fu_310">
<pin_list>
<pin id="311" dir="0" index="0" bw="1" slack="0"/>
<pin id="312" dir="0" index="1" bw="32" slack="2147483647"/>
<pin id="313" dir="0" index="2" bw="32" slack="1"/>
<pin id="314" dir="1" index="3" bw="32" slack="0"/>
</pin_list>
<bind>
<opcode="select(49) " fcode="select"/>
<opset="select_ln478_4/10 "/>
</bind>
</comp>

<comp id="317" class="1004" name="add18_639_loc_load_load_fu_317">
<pin_list>
<pin id="318" dir="0" index="0" bw="32" slack="10"/>
<pin id="319" dir="1" index="1" bw="32" slack="0"/>
</pin_list>
<bind>
<opcode="load(27) " fcode="load"/>
<opset="add18_639_loc_load/11 "/>
</bind>
</comp>

<comp id="321" class="1004" name="select_ln478_5_fu_321">
<pin_list>
<pin id="322" dir="0" index="0" bw="1" slack="0"/>
<pin id="323" dir="0" index="1" bw="32" slack="2147483647"/>
<pin id="324" dir="0" index="2" bw="32" slack="1"/>
<pin id="325" dir="1" index="3" bw="32" slack="0"/>
</pin_list>
<bind>
<opcode="select(49) " fcode="select"/>
<opset="select_ln478_5/11 "/>
</bind>
</comp>

<comp id="328" class="1004" name="add18_741_loc_load_load_fu_328">
<pin_list>
<pin id="329" dir="0" index="0" bw="32" slack="11"/>
<pin id="330" dir="1" index="1" bw="32" slack="0"/>
</pin_list>
<bind>
<opcode="load(27) " fcode="load"/>
<opset="add18_741_loc_load/12 "/>
</bind>
</comp>

<comp id="332" class="1004" name="select_ln478_6_fu_332">
<pin_list>
<pin id="333" dir="0" index="0" bw="1" slack="0"/>
<pin id="334" dir="0" index="1" bw="32" slack="2147483647"/>
<pin id="335" dir="0" index="2" bw="32" slack="1"/>
<pin id="336" dir="1" index="3" bw="32" slack="0"/>
</pin_list>
<bind>
<opcode="select(49) " fcode="select"/>
<opset="select_ln478_6/12 "/>
</bind>
</comp>

<comp id="339" class="1004" name="add18_843_loc_load_load_fu_339">
<pin_list>
<pin id="340" dir="0" index="0" bw="32" slack="12"/>
<pin id="341" dir="1" index="1" bw="32" slack="0"/>
</pin_list>
<bind>
<opcode="load(27) " fcode="load"/>
<opset="add18_843_loc_load/13 "/>
</bind>
</comp>

<comp id="343" class="1004" name="select_ln478_7_fu_343">
<pin_list>
<pin id="344" dir="0" index="0" bw="1" slack="0"/>
<pin id="345" dir="0" index="1" bw="32" slack="2147483647"/>
<pin id="346" dir="0" index="2" bw="32" slack="1"/>
<pin id="347" dir="1" index="3" bw="32" slack="0"/>
</pin_list>
<bind>
<opcode="select(49) " fcode="select"/>
<opset="select_ln478_7/13 "/>
</bind>
</comp>

<comp id="350" class="1004" name="add18_945_loc_load_load_fu_350">
<pin_list>
<pin id="351" dir="0" index="0" bw="32" slack="13"/>
<pin id="352" dir="1" index="1" bw="32" slack="0"/>
</pin_list>
<bind>
<opcode="load(27) " fcode="load"/>
<opset="add18_945_loc_load/14 "/>
</bind>
</comp>

<comp id="354" class="1004" name="select_ln478_8_fu_354">
<pin_list>
<pin id="355" dir="0" index="0" bw="1" slack="0"/>
<pin id="356" dir="0" index="1" bw="32" slack="2147483647"/>
<pin id="357" dir="0" index="2" bw="32" slack="1"/>
<pin id="358" dir="1" index="3" bw="32" slack="0"/>
</pin_list>
<bind>
<opcode="select(49) " fcode="select"/>
<opset="select_ln478_8/14 "/>
</bind>
</comp>

<comp id="361" class="1004" name="select_ln478_9_fu_361">
<pin_list>
<pin id="362" dir="0" index="0" bw="1" slack="0"/>
<pin id="363" dir="0" index="1" bw="32" slack="2147483647"/>
<pin id="364" dir="0" index="2" bw="32" slack="1"/>
<pin id="365" dir="1" index="3" bw="32" slack="0"/>
</pin_list>
<bind>
<opcode="select(49) " fcode="select"/>
<opset="select_ln478_9/15 "/>
</bind>
</comp>

<comp id="368" class="1004" name="softmax_sum_loc_load_load_fu_368">
<pin_list>
<pin id="369" dir="0" index="0" bw="32" slack="16"/>
<pin id="370" dir="1" index="1" bw="32" slack="0"/>
</pin_list>
<bind>
<opcode="load(27) " fcode="load"/>
<opset="softmax_sum_loc_load/17 "/>
</bind>
</comp>

<comp id="372" class="1005" name="softmax_sum_loc_reg_372">
<pin_list>
<pin id="373" dir="0" index="0" bw="32" slack="14"/>
<pin id="374" dir="1" index="1" bw="32" slack="14"/>
</pin_list>
<bind>
<opset="softmax_sum_loc "/>
</bind>
</comp>

<comp id="378" class="1005" name="add1827_loc_reg_378">
<pin_list>
<pin id="379" dir="0" index="0" bw="32" slack="2"/>
<pin id="380" dir="1" index="1" bw="32" slack="2"/>
</pin_list>
<bind>
<opset="add1827_loc "/>
</bind>
</comp>

<comp id="384" class="1005" name="add18_129_loc_reg_384">
<pin_list>
<pin id="385" dir="0" index="0" bw="32" slack="2"/>
<pin id="386" dir="1" index="1" bw="32" slack="2"/>
</pin_list>
<bind>
<opset="add18_129_loc "/>
</bind>
</comp>

<comp id="390" class="1005" name="add18_231_loc_reg_390">
<pin_list>
<pin id="391" dir="0" index="0" bw="32" slack="2"/>
<pin id="392" dir="1" index="1" bw="32" slack="2"/>
</pin_list>
<bind>
<opset="add18_231_loc "/>
</bind>
</comp>

<comp id="396" class="1005" name="add18_333_loc_reg_396">
<pin_list>
<pin id="397" dir="0" index="0" bw="32" slack="2"/>
<pin id="398" dir="1" index="1" bw="32" slack="2"/>
</pin_list>
<bind>
<opset="add18_333_loc "/>
</bind>
</comp>

<comp id="402" class="1005" name="add18_435_loc_reg_402">
<pin_list>
<pin id="403" dir="0" index="0" bw="32" slack="2"/>
<pin id="404" dir="1" index="1" bw="32" slack="2"/>
</pin_list>
<bind>
<opset="add18_435_loc "/>
</bind>
</comp>

<comp id="408" class="1005" name="add18_537_loc_reg_408">
<pin_list>
<pin id="409" dir="0" index="0" bw="32" slack="2"/>
<pin id="410" dir="1" index="1" bw="32" slack="2"/>
</pin_list>
<bind>
<opset="add18_537_loc "/>
</bind>
</comp>

<comp id="414" class="1005" name="add18_639_loc_reg_414">
<pin_list>
<pin id="415" dir="0" index="0" bw="32" slack="2"/>
<pin id="416" dir="1" index="1" bw="32" slack="2"/>
</pin_list>
<bind>
<opset="add18_639_loc "/>
</bind>
</comp>

<comp id="420" class="1005" name="add18_741_loc_reg_420">
<pin_list>
<pin id="421" dir="0" index="0" bw="32" slack="2"/>
<pin id="422" dir="1" index="1" bw="32" slack="2"/>
</pin_list>
<bind>
<opset="add18_741_loc "/>
</bind>
</comp>

<comp id="426" class="1005" name="add18_843_loc_reg_426">
<pin_list>
<pin id="427" dir="0" index="0" bw="32" slack="2"/>
<pin id="428" dir="1" index="1" bw="32" slack="2"/>
</pin_list>
<bind>
<opset="add18_843_loc "/>
</bind>
</comp>

<comp id="432" class="1005" name="add18_945_loc_reg_432">
<pin_list>
<pin id="433" dir="0" index="0" bw="32" slack="2"/>
<pin id="434" dir="1" index="1" bw="32" slack="2"/>
</pin_list>
<bind>
<opset="add18_945_loc "/>
</bind>
</comp>

<comp id="438" class="1005" name="sum_loc_reg_438">
<pin_list>
<pin id="439" dir="0" index="0" bw="32" slack="0"/>
<pin id="440" dir="1" index="1" bw="32" slack="0"/>
</pin_list>
<bind>
<opset="sum_loc "/>
</bind>
</comp>

<comp id="444" class="1005" name="sum_1_loc_reg_444">
<pin_list>
<pin id="445" dir="0" index="0" bw="32" slack="0"/>
<pin id="446" dir="1" index="1" bw="32" slack="0"/>
</pin_list>
<bind>
<opset="sum_1_loc "/>
</bind>
</comp>

<comp id="450" class="1005" name="sum_2_loc_reg_450">
<pin_list>
<pin id="451" dir="0" index="0" bw="32" slack="0"/>
<pin id="452" dir="1" index="1" bw="32" slack="0"/>
</pin_list>
<bind>
<opset="sum_2_loc "/>
</bind>
</comp>

<comp id="456" class="1005" name="sum_3_loc_reg_456">
<pin_list>
<pin id="457" dir="0" index="0" bw="32" slack="0"/>
<pin id="458" dir="1" index="1" bw="32" slack="0"/>
</pin_list>
<bind>
<opset="sum_3_loc "/>
</bind>
</comp>

<comp id="462" class="1005" name="sum_4_loc_reg_462">
<pin_list>
<pin id="463" dir="0" index="0" bw="32" slack="0"/>
<pin id="464" dir="1" index="1" bw="32" slack="0"/>
</pin_list>
<bind>
<opset="sum_4_loc "/>
</bind>
</comp>

<comp id="468" class="1005" name="sum_5_loc_reg_468">
<pin_list>
<pin id="469" dir="0" index="0" bw="32" slack="0"/>
<pin id="470" dir="1" index="1" bw="32" slack="0"/>
</pin_list>
<bind>
<opset="sum_5_loc "/>
</bind>
</comp>

<comp id="474" class="1005" name="sum_6_loc_reg_474">
<pin_list>
<pin id="475" dir="0" index="0" bw="32" slack="0"/>
<pin id="476" dir="1" index="1" bw="32" slack="0"/>
</pin_list>
<bind>
<opset="sum_6_loc "/>
</bind>
</comp>

<comp id="480" class="1005" name="sum_7_loc_reg_480">
<pin_list>
<pin id="481" dir="0" index="0" bw="32" slack="0"/>
<pin id="482" dir="1" index="1" bw="32" slack="0"/>
</pin_list>
<bind>
<opset="sum_7_loc "/>
</bind>
</comp>

<comp id="486" class="1005" name="sum_8_loc_reg_486">
<pin_list>
<pin id="487" dir="0" index="0" bw="32" slack="0"/>
<pin id="488" dir="1" index="1" bw="32" slack="0"/>
</pin_list>
<bind>
<opset="sum_8_loc "/>
</bind>
</comp>

<comp id="492" class="1005" name="sum_9_loc_reg_492">
<pin_list>
<pin id="493" dir="0" index="0" bw="32" slack="0"/>
<pin id="494" dir="1" index="1" bw="32" slack="0"/>
</pin_list>
<bind>
<opset="sum_9_loc "/>
</bind>
</comp>

<comp id="534" class="1005" name="select_ln478_reg_534">
<pin_list>
<pin id="535" dir="0" index="0" bw="32" slack="1"/>
<pin id="536" dir="1" index="1" bw="32" slack="1"/>
</pin_list>
<bind>
<opset="select_ln478 "/>
</bind>
</comp>

<comp id="543" class="1005" name="select_ln478_1_reg_543">
<pin_list>
<pin id="544" dir="0" index="0" bw="32" slack="1"/>
<pin id="545" dir="1" index="1" bw="32" slack="1"/>
</pin_list>
<bind>
<opset="select_ln478_1 "/>
</bind>
</comp>

<comp id="552" class="1005" name="select_ln478_2_reg_552">
<pin_list>
<pin id="553" dir="0" index="0" bw="32" slack="1"/>
<pin id="554" dir="1" index="1" bw="32" slack="1"/>
</pin_list>
<bind>
<opset="select_ln478_2 "/>
</bind>
</comp>

<comp id="561" class="1005" name="select_ln478_3_reg_561">
<pin_list>
<pin id="562" dir="0" index="0" bw="32" slack="1"/>
<pin id="563" dir="1" index="1" bw="32" slack="1"/>
</pin_list>
<bind>
<opset="select_ln478_3 "/>
</bind>
</comp>

<comp id="570" class="1005" name="select_ln478_4_reg_570">
<pin_list>
<pin id="571" dir="0" index="0" bw="32" slack="1"/>
<pin id="572" dir="1" index="1" bw="32" slack="1"/>
</pin_list>
<bind>
<opset="select_ln478_4 "/>
</bind>
</comp>

<comp id="579" class="1005" name="select_ln478_5_reg_579">
<pin_list>
<pin id="580" dir="0" index="0" bw="32" slack="1"/>
<pin id="581" dir="1" index="1" bw="32" slack="1"/>
</pin_list>
<bind>
<opset="select_ln478_5 "/>
</bind>
</comp>

<comp id="588" class="1005" name="select_ln478_6_reg_588">
<pin_list>
<pin id="589" dir="0" index="0" bw="32" slack="1"/>
<pin id="590" dir="1" index="1" bw="32" slack="1"/>
</pin_list>
<bind>
<opset="select_ln478_6 "/>
</bind>
</comp>

<comp id="597" class="1005" name="select_ln478_7_reg_597">
<pin_list>
<pin id="598" dir="0" index="0" bw="32" slack="1"/>
<pin id="599" dir="1" index="1" bw="32" slack="1"/>
</pin_list>
<bind>
<opset="select_ln478_7 "/>
</bind>
</comp>

<comp id="606" class="1005" name="select_ln478_8_reg_606">
<pin_list>
<pin id="607" dir="0" index="0" bw="32" slack="1"/>
<pin id="608" dir="1" index="1" bw="32" slack="1"/>
</pin_list>
<bind>
<opset="select_ln478_8 "/>
</bind>
</comp>

<comp id="612" class="1005" name="select_ln478_9_reg_612">
<pin_list>
<pin id="613" dir="0" index="0" bw="32" slack="1"/>
<pin id="614" dir="1" index="1" bw="32" slack="1"/>
</pin_list>
<bind>
<opset="select_ln478_9 "/>
</bind>
</comp>

<comp id="621" class="1005" name="tmp_5_reg_621">
<pin_list>
<pin id="622" dir="0" index="0" bw="32" slack="1"/>
<pin id="623" dir="1" index="1" bw="32" slack="1"/>
</pin_list>
<bind>
<opset="tmp_5 "/>
</bind>
</comp>

<comp id="626" class="1005" name="constant_reg_626">
<pin_list>
<pin id="627" dir="0" index="0" bw="32" slack="1"/>
<pin id="628" dir="1" index="1" bw="32" slack="1"/>
</pin_list>
<bind>
<opset="constant "/>
</bind>
</comp>

</comp_list>

<net_list>
<net id="41"><net_src comp="12" pin="0"/><net_sink comp="38" pin=0"/></net>

<net id="45"><net_src comp="12" pin="0"/><net_sink comp="42" pin=0"/></net>

<net id="49"><net_src comp="12" pin="0"/><net_sink comp="46" pin=0"/></net>

<net id="53"><net_src comp="12" pin="0"/><net_sink comp="50" pin=0"/></net>

<net id="57"><net_src comp="12" pin="0"/><net_sink comp="54" pin=0"/></net>

<net id="61"><net_src comp="12" pin="0"/><net_sink comp="58" pin=0"/></net>

<net id="65"><net_src comp="12" pin="0"/><net_sink comp="62" pin=0"/></net>

<net id="69"><net_src comp="12" pin="0"/><net_sink comp="66" pin=0"/></net>

<net id="73"><net_src comp="12" pin="0"/><net_sink comp="70" pin=0"/></net>

<net id="77"><net_src comp="12" pin="0"/><net_sink comp="74" pin=0"/></net>

<net id="81"><net_src comp="12" pin="0"/><net_sink comp="78" pin=0"/></net>

<net id="85"><net_src comp="12" pin="0"/><net_sink comp="82" pin=0"/></net>

<net id="89"><net_src comp="12" pin="0"/><net_sink comp="86" pin=0"/></net>

<net id="93"><net_src comp="12" pin="0"/><net_sink comp="90" pin=0"/></net>

<net id="97"><net_src comp="12" pin="0"/><net_sink comp="94" pin=0"/></net>

<net id="101"><net_src comp="12" pin="0"/><net_sink comp="98" pin=0"/></net>

<net id="105"><net_src comp="12" pin="0"/><net_sink comp="102" pin=0"/></net>

<net id="109"><net_src comp="12" pin="0"/><net_sink comp="106" pin=0"/></net>

<net id="113"><net_src comp="12" pin="0"/><net_sink comp="110" pin=0"/></net>

<net id="117"><net_src comp="12" pin="0"/><net_sink comp="114" pin=0"/></net>

<net id="121"><net_src comp="12" pin="0"/><net_sink comp="118" pin=0"/></net>

<net id="136"><net_src comp="14" pin="0"/><net_sink comp="122" pin=0"/></net>

<net id="137"><net_src comp="8" pin="0"/><net_sink comp="122" pin=1"/></net>

<net id="165"><net_src comp="18" pin="0"/><net_sink comp="138" pin=0"/></net>

<net id="166"><net_src comp="0" pin="0"/><net_sink comp="138" pin=11"/></net>

<net id="167"><net_src comp="2" pin="0"/><net_sink comp="138" pin=12"/></net>

<net id="168"><net_src comp="4" pin="0"/><net_sink comp="138" pin=13"/></net>

<net id="169"><net_src comp="6" pin="0"/><net_sink comp="138" pin=14"/></net>

<net id="185"><net_src comp="22" pin="0"/><net_sink comp="170" pin=0"/></net>

<net id="201"><net_src comp="26" pin="0"/><net_sink comp="186" pin=0"/></net>

<net id="202"><net_src comp="10" pin="0"/><net_sink comp="186" pin=12"/></net>

<net id="211"><net_src comp="20" pin="0"/><net_sink comp="207" pin=1"/></net>

<net id="216"><net_src comp="24" pin="0"/><net_sink comp="212" pin=0"/></net>

<net id="220"><net_src comp="217" pin="1"/><net_sink comp="138" pin=1"/></net>

<net id="224"><net_src comp="221" pin="1"/><net_sink comp="138" pin=2"/></net>

<net id="228"><net_src comp="225" pin="1"/><net_sink comp="138" pin=3"/></net>

<net id="232"><net_src comp="229" pin="1"/><net_sink comp="138" pin=4"/></net>

<net id="236"><net_src comp="233" pin="1"/><net_sink comp="138" pin=5"/></net>

<net id="240"><net_src comp="237" pin="1"/><net_sink comp="138" pin=6"/></net>

<net id="244"><net_src comp="241" pin="1"/><net_sink comp="138" pin=7"/></net>

<net id="248"><net_src comp="245" pin="1"/><net_sink comp="138" pin=8"/></net>

<net id="252"><net_src comp="249" pin="1"/><net_sink comp="138" pin=9"/></net>

<net id="256"><net_src comp="253" pin="1"/><net_sink comp="138" pin=10"/></net>

<net id="260"><net_src comp="257" pin="1"/><net_sink comp="207" pin=0"/></net>

<net id="264"><net_src comp="261" pin="1"/><net_sink comp="207" pin=0"/></net>

<net id="270"><net_src comp="207" pin="2"/><net_sink comp="265" pin=0"/></net>

<net id="271"><net_src comp="20" pin="0"/><net_sink comp="265" pin=2"/></net>

<net id="272"><net_src comp="265" pin="3"/><net_sink comp="207" pin=1"/></net>

<net id="276"><net_src comp="273" pin="1"/><net_sink comp="207" pin=0"/></net>

<net id="282"><net_src comp="207" pin="2"/><net_sink comp="277" pin=0"/></net>

<net id="283"><net_src comp="277" pin="3"/><net_sink comp="207" pin=1"/></net>

<net id="287"><net_src comp="284" pin="1"/><net_sink comp="207" pin=0"/></net>

<net id="293"><net_src comp="207" pin="2"/><net_sink comp="288" pin=0"/></net>

<net id="294"><net_src comp="288" pin="3"/><net_sink comp="207" pin=1"/></net>

<net id="298"><net_src comp="295" pin="1"/><net_sink comp="207" pin=0"/></net>

<net id="304"><net_src comp="207" pin="2"/><net_sink comp="299" pin=0"/></net>

<net id="305"><net_src comp="299" pin="3"/><net_sink comp="207" pin=1"/></net>

<net id="309"><net_src comp="306" pin="1"/><net_sink comp="207" pin=0"/></net>

<net id="315"><net_src comp="207" pin="2"/><net_sink comp="310" pin=0"/></net>

<net id="316"><net_src comp="310" pin="3"/><net_sink comp="207" pin=1"/></net>

<net id="320"><net_src comp="317" pin="1"/><net_sink comp="207" pin=0"/></net>

<net id="326"><net_src comp="207" pin="2"/><net_sink comp="321" pin=0"/></net>

<net id="327"><net_src comp="321" pin="3"/><net_sink comp="207" pin=1"/></net>

<net id="331"><net_src comp="328" pin="1"/><net_sink comp="207" pin=0"/></net>

<net id="337"><net_src comp="207" pin="2"/><net_sink comp="332" pin=0"/></net>

<net id="338"><net_src comp="332" pin="3"/><net_sink comp="207" pin=1"/></net>

<net id="342"><net_src comp="339" pin="1"/><net_sink comp="207" pin=0"/></net>

<net id="348"><net_src comp="207" pin="2"/><net_sink comp="343" pin=0"/></net>

<net id="349"><net_src comp="343" pin="3"/><net_sink comp="207" pin=1"/></net>

<net id="353"><net_src comp="350" pin="1"/><net_sink comp="207" pin=0"/></net>

<net id="359"><net_src comp="207" pin="2"/><net_sink comp="354" pin=0"/></net>

<net id="360"><net_src comp="354" pin="3"/><net_sink comp="207" pin=1"/></net>

<net id="366"><net_src comp="207" pin="2"/><net_sink comp="361" pin=0"/></net>

<net id="367"><net_src comp="361" pin="3"/><net_sink comp="170" pin=11"/></net>

<net id="371"><net_src comp="368" pin="1"/><net_sink comp="212" pin=1"/></net>

<net id="375"><net_src comp="38" pin="1"/><net_sink comp="372" pin=0"/></net>

<net id="376"><net_src comp="372" pin="1"/><net_sink comp="170" pin=12"/></net>

<net id="377"><net_src comp="372" pin="1"/><net_sink comp="368" pin=0"/></net>

<net id="381"><net_src comp="42" pin="1"/><net_sink comp="378" pin=0"/></net>

<net id="382"><net_src comp="378" pin="1"/><net_sink comp="138" pin=24"/></net>

<net id="383"><net_src comp="378" pin="1"/><net_sink comp="257" pin=0"/></net>

<net id="387"><net_src comp="46" pin="1"/><net_sink comp="384" pin=0"/></net>

<net id="388"><net_src comp="384" pin="1"/><net_sink comp="138" pin=23"/></net>

<net id="389"><net_src comp="384" pin="1"/><net_sink comp="261" pin=0"/></net>

<net id="393"><net_src comp="50" pin="1"/><net_sink comp="390" pin=0"/></net>

<net id="394"><net_src comp="390" pin="1"/><net_sink comp="138" pin=22"/></net>

<net id="395"><net_src comp="390" pin="1"/><net_sink comp="273" pin=0"/></net>

<net id="399"><net_src comp="54" pin="1"/><net_sink comp="396" pin=0"/></net>

<net id="400"><net_src comp="396" pin="1"/><net_sink comp="138" pin=21"/></net>

<net id="401"><net_src comp="396" pin="1"/><net_sink comp="284" pin=0"/></net>

<net id="405"><net_src comp="58" pin="1"/><net_sink comp="402" pin=0"/></net>

<net id="406"><net_src comp="402" pin="1"/><net_sink comp="138" pin=20"/></net>

<net id="407"><net_src comp="402" pin="1"/><net_sink comp="295" pin=0"/></net>

<net id="411"><net_src comp="62" pin="1"/><net_sink comp="408" pin=0"/></net>

<net id="412"><net_src comp="408" pin="1"/><net_sink comp="138" pin=19"/></net>

<net id="413"><net_src comp="408" pin="1"/><net_sink comp="306" pin=0"/></net>

<net id="417"><net_src comp="66" pin="1"/><net_sink comp="414" pin=0"/></net>

<net id="418"><net_src comp="414" pin="1"/><net_sink comp="138" pin=18"/></net>

<net id="419"><net_src comp="414" pin="1"/><net_sink comp="317" pin=0"/></net>

<net id="423"><net_src comp="70" pin="1"/><net_sink comp="420" pin=0"/></net>

<net id="424"><net_src comp="420" pin="1"/><net_sink comp="138" pin=17"/></net>

<net id="425"><net_src comp="420" pin="1"/><net_sink comp="328" pin=0"/></net>

<net id="429"><net_src comp="74" pin="1"/><net_sink comp="426" pin=0"/></net>

<net id="430"><net_src comp="426" pin="1"/><net_sink comp="138" pin=16"/></net>

<net id="431"><net_src comp="426" pin="1"/><net_sink comp="339" pin=0"/></net>

<net id="435"><net_src comp="78" pin="1"/><net_sink comp="432" pin=0"/></net>

<net id="436"><net_src comp="432" pin="1"/><net_sink comp="138" pin=15"/></net>

<net id="437"><net_src comp="432" pin="1"/><net_sink comp="350" pin=0"/></net>

<net id="441"><net_src comp="82" pin="1"/><net_sink comp="438" pin=0"/></net>

<net id="442"><net_src comp="438" pin="1"/><net_sink comp="122" pin=11"/></net>

<net id="443"><net_src comp="438" pin="1"/><net_sink comp="253" pin=0"/></net>

<net id="447"><net_src comp="86" pin="1"/><net_sink comp="444" pin=0"/></net>

<net id="448"><net_src comp="444" pin="1"/><net_sink comp="122" pin=10"/></net>

<net id="449"><net_src comp="444" pin="1"/><net_sink comp="249" pin=0"/></net>

<net id="453"><net_src comp="90" pin="1"/><net_sink comp="450" pin=0"/></net>

<net id="454"><net_src comp="450" pin="1"/><net_sink comp="122" pin=9"/></net>

<net id="455"><net_src comp="450" pin="1"/><net_sink comp="245" pin=0"/></net>

<net id="459"><net_src comp="94" pin="1"/><net_sink comp="456" pin=0"/></net>

<net id="460"><net_src comp="456" pin="1"/><net_sink comp="122" pin=8"/></net>

<net id="461"><net_src comp="456" pin="1"/><net_sink comp="241" pin=0"/></net>

<net id="465"><net_src comp="98" pin="1"/><net_sink comp="462" pin=0"/></net>

<net id="466"><net_src comp="462" pin="1"/><net_sink comp="122" pin=7"/></net>

<net id="467"><net_src comp="462" pin="1"/><net_sink comp="237" pin=0"/></net>

<net id="471"><net_src comp="102" pin="1"/><net_sink comp="468" pin=0"/></net>

<net id="472"><net_src comp="468" pin="1"/><net_sink comp="122" pin=6"/></net>

<net id="473"><net_src comp="468" pin="1"/><net_sink comp="233" pin=0"/></net>

<net id="477"><net_src comp="106" pin="1"/><net_sink comp="474" pin=0"/></net>

<net id="478"><net_src comp="474" pin="1"/><net_sink comp="122" pin=5"/></net>

<net id="479"><net_src comp="474" pin="1"/><net_sink comp="229" pin=0"/></net>

<net id="483"><net_src comp="110" pin="1"/><net_sink comp="480" pin=0"/></net>

<net id="484"><net_src comp="480" pin="1"/><net_sink comp="122" pin=4"/></net>

<net id="485"><net_src comp="480" pin="1"/><net_sink comp="225" pin=0"/></net>

<net id="489"><net_src comp="114" pin="1"/><net_sink comp="486" pin=0"/></net>

<net id="490"><net_src comp="486" pin="1"/><net_sink comp="122" pin=3"/></net>

<net id="491"><net_src comp="486" pin="1"/><net_sink comp="221" pin=0"/></net>

<net id="495"><net_src comp="118" pin="1"/><net_sink comp="492" pin=0"/></net>

<net id="496"><net_src comp="492" pin="1"/><net_sink comp="122" pin=2"/></net>

<net id="497"><net_src comp="492" pin="1"/><net_sink comp="217" pin=0"/></net>

<net id="537"><net_src comp="265" pin="3"/><net_sink comp="534" pin=0"/></net>

<net id="538"><net_src comp="534" pin="1"/><net_sink comp="207" pin=1"/></net>

<net id="539"><net_src comp="534" pin="1"/><net_sink comp="277" pin=2"/></net>

<net id="546"><net_src comp="277" pin="3"/><net_sink comp="543" pin=0"/></net>

<net id="547"><net_src comp="543" pin="1"/><net_sink comp="207" pin=1"/></net>

<net id="548"><net_src comp="543" pin="1"/><net_sink comp="288" pin=2"/></net>

<net id="555"><net_src comp="288" pin="3"/><net_sink comp="552" pin=0"/></net>

<net id="556"><net_src comp="552" pin="1"/><net_sink comp="207" pin=1"/></net>

<net id="557"><net_src comp="552" pin="1"/><net_sink comp="299" pin=2"/></net>

<net id="564"><net_src comp="299" pin="3"/><net_sink comp="561" pin=0"/></net>

<net id="565"><net_src comp="561" pin="1"/><net_sink comp="207" pin=1"/></net>

<net id="566"><net_src comp="561" pin="1"/><net_sink comp="310" pin=2"/></net>

<net id="573"><net_src comp="310" pin="3"/><net_sink comp="570" pin=0"/></net>

<net id="574"><net_src comp="570" pin="1"/><net_sink comp="207" pin=1"/></net>

<net id="575"><net_src comp="570" pin="1"/><net_sink comp="321" pin=2"/></net>

<net id="582"><net_src comp="321" pin="3"/><net_sink comp="579" pin=0"/></net>

<net id="583"><net_src comp="579" pin="1"/><net_sink comp="207" pin=1"/></net>

<net id="584"><net_src comp="579" pin="1"/><net_sink comp="332" pin=2"/></net>

<net id="591"><net_src comp="332" pin="3"/><net_sink comp="588" pin=0"/></net>

<net id="592"><net_src comp="588" pin="1"/><net_sink comp="207" pin=1"/></net>

<net id="593"><net_src comp="588" pin="1"/><net_sink comp="343" pin=2"/></net>

<net id="600"><net_src comp="343" pin="3"/><net_sink comp="597" pin=0"/></net>

<net id="601"><net_src comp="597" pin="1"/><net_sink comp="207" pin=1"/></net>

<net id="602"><net_src comp="597" pin="1"/><net_sink comp="354" pin=2"/></net>

<net id="609"><net_src comp="354" pin="3"/><net_sink comp="606" pin=0"/></net>

<net id="610"><net_src comp="606" pin="1"/><net_sink comp="207" pin=1"/></net>

<net id="611"><net_src comp="606" pin="1"/><net_sink comp="361" pin=2"/></net>

<net id="615"><net_src comp="361" pin="3"/><net_sink comp="612" pin=0"/></net>

<net id="616"><net_src comp="612" pin="1"/><net_sink comp="170" pin=11"/></net>

<net id="617"><net_src comp="612" pin="1"/><net_sink comp="203" pin=0"/></net>

<net id="624"><net_src comp="212" pin="2"/><net_sink comp="621" pin=0"/></net>

<net id="625"><net_src comp="621" pin="1"/><net_sink comp="203" pin=1"/></net>

<net id="629"><net_src comp="203" pin="2"/><net_sink comp="626" pin=0"/></net>

<net id="630"><net_src comp="626" pin="1"/><net_sink comp="186" pin=11"/></net>

</net_list>

</model> 
---------------- Datapath Model END ------------------

* FSMD analyzer results:
  - Output states:
	Port: softmax_f_map_out135 | {26 27 }
 - Input state : 
	Port: softmax<10u, 128u> : dense_feature_map_stream128 | {3 4 }
	Port: softmax<10u, 128u> : weights_0 | {3 4 }
	Port: softmax<10u, 128u> : weights_1 | {3 4 }
	Port: softmax<10u, 128u> : weights_2 | {3 4 }
	Port: softmax<10u, 128u> : biases | {1 2 }
  - Chain level:
	State 1
		call_ln0 : 1
	State 2
	State 3
		call_ln0 : 1
	State 4
	State 5
		cmp21_le : 1
	State 6
		select_ln478 : 1
		cmp21_1_le : 2
	State 7
		select_ln478_1 : 1
		cmp21_2_le : 2
	State 8
		select_ln478_2 : 1
		cmp21_3_le : 2
	State 9
		select_ln478_3 : 1
		cmp21_4_le : 2
	State 10
		select_ln478_4 : 1
		cmp21_5_le : 2
	State 11
		select_ln478_5 : 1
		cmp21_6_le : 2
	State 12
		select_ln478_6 : 1
		cmp21_7_le : 2
	State 13
		select_ln478_7 : 1
		cmp21_8_le : 2
	State 14
		select_ln478_8 : 1
		cmp21_9_le : 2
	State 15
		select_ln478_9 : 1
		call_ln478 : 2
	State 16
	State 17
		tmp_5 : 1
	State 18
	State 19
	State 20
	State 21
	State 22
	State 23
	State 24
	State 25
	State 26
	State 27


============================================================
+ Verbose Summary: Datapath Resource usage 
============================================================

* Functional unit list:
|----------|--------------------------------------------------------|---------|---------|---------|---------|
| Operation|                     Functional Unit                    |   DSP   |  Delay  |    FF   |   LUT   |
|----------|--------------------------------------------------------|---------|---------|---------|---------|
|          |  grp_softmax_10u_128u_Pipeline_VITIS_LOOP_463_1_fu_122 |    0    |   0.46  |   332   |    30   |
|   call   | grp_softmax_10u_128u_Pipeline_calc_sums_and_max_fu_138 |    22   | 14.5307 |   3186  |   2044  |
|          |    grp_softmax_10u_128u_Pipeline_calc_exp_sum_fu_170   |    9    | 0.962143|   601   |   1058  |
|          |    grp_softmax_10u_128u_Pipeline_feature_map_fu_186    |    9    |    0    |   505   |   1035  |
|----------|--------------------------------------------------------|---------|---------|---------|---------|
|   flog   |                       grp_fu_212                       |    13   |    0    |   389   |   426   |
|----------|--------------------------------------------------------|---------|---------|---------|---------|
|   fadd   |                       grp_fu_203                       |    2    |    0    |   177   |   229   |
|----------|--------------------------------------------------------|---------|---------|---------|---------|
|          |                   select_ln478_fu_265                  |    0    |    0    |    0    |    32   |
|          |                  select_ln478_1_fu_277                 |    0    |    0    |    0    |    32   |
|          |                  select_ln478_2_fu_288                 |    0    |    0    |    0    |    32   |
|          |                  select_ln478_3_fu_299                 |    0    |    0    |    0    |    32   |
|  select  |                  select_ln478_4_fu_310                 |    0    |    0    |    0    |    32   |
|          |                  select_ln478_5_fu_321                 |    0    |    0    |    0    |    32   |
|          |                  select_ln478_6_fu_332                 |    0    |    0    |    0    |    32   |
|          |                  select_ln478_7_fu_343                 |    0    |    0    |    0    |    32   |
|          |                  select_ln478_8_fu_354                 |    0    |    0    |    0    |    32   |
|          |                  select_ln478_9_fu_361                 |    0    |    0    |    0    |    32   |
|----------|--------------------------------------------------------|---------|---------|---------|---------|
|   fcmp   |                       grp_fu_207                       |    0    |    0    |    0    |    0    |
|----------|--------------------------------------------------------|---------|---------|---------|---------|
|   Total  |                                                        |    55   | 15.9529 |   5190  |   5142  |
|----------|--------------------------------------------------------|---------|---------|---------|---------|

Memories:
N/A

* Register list:
+-----------------------+--------+
|                       |   FF   |
+-----------------------+--------+
|  add1827_loc_reg_378  |   32   |
| add18_129_loc_reg_384 |   32   |
| add18_231_loc_reg_390 |   32   |
| add18_333_loc_reg_396 |   32   |
| add18_435_loc_reg_402 |   32   |
| add18_537_loc_reg_408 |   32   |
| add18_639_loc_reg_414 |   32   |
| add18_741_loc_reg_420 |   32   |
| add18_843_loc_reg_426 |   32   |
| add18_945_loc_reg_432 |   32   |
|    constant_reg_626   |   32   |
| select_ln478_1_reg_543|   32   |
| select_ln478_2_reg_552|   32   |
| select_ln478_3_reg_561|   32   |
| select_ln478_4_reg_570|   32   |
| select_ln478_5_reg_579|   32   |
| select_ln478_6_reg_588|   32   |
| select_ln478_7_reg_597|   32   |
| select_ln478_8_reg_606|   32   |
| select_ln478_9_reg_612|   32   |
|  select_ln478_reg_534 |   32   |
|softmax_sum_loc_reg_372|   32   |
|   sum_1_loc_reg_444   |   32   |
|   sum_2_loc_reg_450   |   32   |
|   sum_3_loc_reg_456   |   32   |
|   sum_4_loc_reg_462   |   32   |
|   sum_5_loc_reg_468   |   32   |
|   sum_6_loc_reg_474   |   32   |
|   sum_7_loc_reg_480   |   32   |
|   sum_8_loc_reg_486   |   32   |
|   sum_9_loc_reg_492   |   32   |
|    sum_loc_reg_438    |   32   |
|     tmp_5_reg_621     |   32   |
+-----------------------+--------+
|         Total         |  1056  |
+-----------------------+--------+

* Multiplexer (MUX) list: 
|---------------------------------------------------|------|------|------|--------||---------||---------|
|                        Comp                       |  Pin | Size |  BW  | S x BW ||  Delay  ||   LUT   |
|---------------------------------------------------|------|------|------|--------||---------||---------|
| grp_softmax_10u_128u_Pipeline_calc_exp_sum_fu_170 |  p11 |   2  |  32  |   64   ||    9    |
|                     grp_fu_207                    |  p0  |  10  |  32  |   320  ||    54   |
|                     grp_fu_207                    |  p1  |  19  |  32  |   608  ||    97   |
|---------------------------------------------------|------|------|------|--------||---------||---------|
|                       Total                       |      |      |      |   992  ||  1.972  ||   160   |
|---------------------------------------------------|------|------|------|--------||---------||---------|



* Summary:
+-----------+--------+--------+--------+--------+
|           |   DSP  |  Delay |   FF   |   LUT  |
+-----------+--------+--------+--------+--------+
|  Function |   55   |   15   |  5190  |  5142  |
|   Memory  |    -   |    -   |    -   |    -   |
|Multiplexer|    -   |    1   |    -   |   160  |
|  Register |    -   |    -   |  1056  |    -   |
+-----------+--------+--------+--------+--------+
|   Total   |   55   |   17   |  6246  |  5302  |
+-----------+--------+--------+--------+--------+
