

================================================================
== Vitis HLS Report for 'write_gmem_Pipeline_VITIS_LOOP_533_6'
================================================================
* Date:           Tue Oct 18 21:15:26 2022

* Version:        2022.1 (Build 3526262 on Mon Apr 18 15:47:01 MDT 2022)
* Project:        forward_prop
* Solution:       solution1 (Vitis Kernel Flow Target)
* Product family: virtexuplus
* Target device:  xcvu5p-flva2104-1-e


================================================================
== Performance Estimates
================================================================
+ Timing: 
    * Summary: 
    +--------+----------+----------+------------+
    |  Clock |  Target  | Estimated| Uncertainty|
    +--------+----------+----------+------------+
    |ap_clk  |  10.00 ns|  7.300 ns|     2.70 ns|
    +--------+----------+----------+------------+

+ Latency: 
    * Summary: 
    +---------+---------+----------+----------+-----+-----+---------+
    |  Latency (cycles) |  Latency (absolute) |  Interval | Pipeline|
    |   min   |   max   |    min   |    max   | min | max |   Type  |
    +---------+---------+----------+----------+-----+-----+---------+
    |       81|       81|  0.810 us|  0.810 us|   81|   81|       no|
    +---------+---------+----------+----------+-----+-----+---------+

    + Detail: 
        * Instance: 
        N/A

        * Loop: 
        +--------------------+---------+---------+----------+-----------+-----------+------+----------+
        |                    |  Latency (cycles) | Iteration|  Initiation Interval  | Trip |          |
        |      Loop Name     |   min   |   max   |  Latency |  achieved |   target  | Count| Pipelined|
        +--------------------+---------+---------+----------+-----------+-----------+------+----------+
        |- VITIS_LOOP_533_6  |       79|       79|        71|          1|          1|    10|       yes|
        +--------------------+---------+---------+----------+-----------+-----------+------+----------+

============================================================
+ Verbose Summary: Synthesis Manager
============================================================
InlineROM: 1
ExposeGlobal: 0
============================================================
+ Verbose Summary: CDFG Model
============================================================
IsTopModel: 0
ResetActiveHigh: 1
IsCombinational: 0
IsDatapathOnly: 0
HasWiredReturn: 1
HasMFsm: 2
HasVarLatency: 1
IsPipeline: 0
IsRtlPipelined: 0
IsInstanceOverlapped: 0
IsDontTouch: 0
HasImplIP: 0
IsGatedGlobalClock: 0

+ Individual pipeline summary: 
  * Pipeline-0: initiation interval (II) = 1, depth = 71


============================================================
+ Verbose Summary: Schedule
============================================================
* Number of FSM states : 71
* Pipeline : 1
  Pipeline-0 : II = 1, D = 71, States = { 1 2 3 4 5 6 7 8 9 10 11 12 13 14 15 16 17 18 19 20 21 22 23 24 25 26 27 28 29 30 31 32 33 34 35 36 37 38 39 40 41 42 43 44 45 46 47 48 49 50 51 52 53 54 55 56 57 58 59 60 61 62 63 64 65 66 67 68 69 70 71 }
* Dataflow Pipeline: 0

* FSM state transitions: 
1 --> 2 
2 --> 3 
3 --> 4 
4 --> 5 
5 --> 6 
6 --> 7 
7 --> 8 
8 --> 9 
9 --> 10 
10 --> 11 
11 --> 12 
12 --> 13 
13 --> 14 
14 --> 15 
15 --> 16 
16 --> 17 
17 --> 18 
18 --> 19 
19 --> 20 
20 --> 21 
21 --> 22 
22 --> 23 
23 --> 24 
24 --> 25 
25 --> 26 
26 --> 27 
27 --> 28 
28 --> 29 
29 --> 30 
30 --> 31 
31 --> 32 
32 --> 33 
33 --> 34 
34 --> 35 
35 --> 36 
36 --> 37 
37 --> 38 
38 --> 39 
39 --> 40 
40 --> 41 
41 --> 42 
42 --> 43 
43 --> 44 
44 --> 45 
45 --> 46 
46 --> 47 
47 --> 48 
48 --> 49 
49 --> 50 
50 --> 51 
51 --> 52 
52 --> 53 
53 --> 54 
54 --> 55 
55 --> 56 
56 --> 57 
57 --> 58 
58 --> 59 
59 --> 60 
60 --> 61 
61 --> 62 
62 --> 63 
63 --> 64 
64 --> 65 
65 --> 66 
66 --> 67 
67 --> 68 
68 --> 69 
69 --> 70 
70 --> 71 
71 --> 

* FSM state operations: 

State 1 <SV = 0> <Delay = 1.36>
ST_1 : Operation 74 [1/1] (0.00ns)   --->   "%phi_ln534 = alloca i32 1"   --->   Operation 74 'alloca' 'phi_ln534' <Predicate = true> <Delay = 0.00>
ST_1 : Operation 75 [1/1] (0.00ns)   --->   "%i_5 = alloca i32 1"   --->   Operation 75 'alloca' 'i_5' <Predicate = true> <Delay = 0.00>
ST_1 : Operation 76 [1/1] (0.00ns)   --->   "%specinterface_ln0 = specinterface void @_ssdm_op_SpecInterface, i512 %gmem, void @empty_49, i32 0, i32 0, void @empty_30, i32 64, i32 0, void @empty_36, void @empty_35, void @empty_30, i32 16, i32 16, i32 16, i32 16, void @empty_30, void @empty_30, i32 4294967295, i32 0"   --->   Operation 76 'specinterface' 'specinterface_ln0' <Predicate = true> <Delay = 0.00>
ST_1 : Operation 77 [1/1] (0.00ns)   --->   "%specinterface_ln0 = specinterface void @_ssdm_op_SpecInterface, i32 %softmax_f_map_out135, void @empty_39, i32 0, i32 0, void @empty_30, i32 0, i32 0, void @empty_30, void @empty_30, void @empty_30, i32 0, i32 0, i32 0, i32 0, void @empty_30, void @empty_30, i32 4294967295, i32 0"   --->   Operation 77 'specinterface' 'specinterface_ln0' <Predicate = true> <Delay = 0.00>
ST_1 : Operation 78 [1/1] (0.00ns)   --->   "%trunc_ln534_1_read = read i6 @_ssdm_op_Read.ap_auto.i6, i6 %trunc_ln534_1" [forward_prop/src/forward_prop.cpp:498]   --->   Operation 78 'read' 'trunc_ln534_1_read' <Predicate = true> <Delay = 0.00>
ST_1 : Operation 79 [1/1] (0.00ns)   --->   "%gmem_softmax_feature_map_load_read = read i64 @_ssdm_op_Read.ap_auto.i64, i64 %gmem_softmax_feature_map_load" [forward_prop/src/forward_prop.cpp:498]   --->   Operation 79 'read' 'gmem_softmax_feature_map_load_read' <Predicate = true> <Delay = 0.00>
ST_1 : Operation 80 [1/1] (0.46ns)   --->   "%store_ln0 = store i4 0, i4 %i_5"   --->   Operation 80 'store' 'store_ln0' <Predicate = true> <Delay = 0.46>
ST_1 : Operation 81 [1/1] (0.46ns)   --->   "%store_ln0 = store i32 0, i32 %phi_ln534"   --->   Operation 81 'store' 'store_ln0' <Predicate = true> <Delay = 0.46>
ST_1 : Operation 82 [1/1] (0.00ns)   --->   "%br_ln0 = br void %for.inc53"   --->   Operation 82 'br' 'br_ln0' <Predicate = true> <Delay = 0.00>
ST_1 : Operation 83 [1/1] (0.00ns)   --->   "%i = load i4 %i_5"   --->   Operation 83 'load' 'i' <Predicate = true> <Delay = 0.00>
ST_1 : Operation 84 [1/1] (0.00ns)   --->   "%specpipeline_ln0 = specpipeline void @_ssdm_op_SpecPipeline, i32 4294967295, i32 0, i32 1, i32 0, void @p_str"   --->   Operation 84 'specpipeline' 'specpipeline_ln0' <Predicate = true> <Delay = 0.00>
ST_1 : Operation 85 [1/1] (0.72ns)   --->   "%icmp_ln533 = icmp_eq  i4 %i, i4 10" [forward_prop/src/forward_prop.cpp:533]   --->   Operation 85 'icmp' 'icmp_ln533' <Predicate = true> <Delay = 0.72> <CoreInst = "Cmp">   --->   Core 9 'Cmp' <Latency = 0> <II = 1> <Delay = 0.72> <FuncUnit> <Opcode : 'icmp'> <InPorts = 2> <OutPorts = 1>
ST_1 : Operation 86 [1/1] (0.00ns)   --->   "%empty = speclooptripcount i32 @_ssdm_op_SpecLoopTripCount, i64 10, i64 10, i64 10"   --->   Operation 86 'speclooptripcount' 'empty' <Predicate = true> <Delay = 0.00>
ST_1 : Operation 87 [1/1] (0.80ns)   --->   "%add_ln533 = add i4 %i, i4 1" [forward_prop/src/forward_prop.cpp:533]   --->   Operation 87 'add' 'add_ln533' <Predicate = true> <Delay = 0.80> <CoreInst = "Adder">   --->   Core 1 'Adder' <Latency = 0> <II = 1> <Delay = 0.80> <FuncUnit> <Opcode : 'add' 'sub'> <InPorts = 2> <OutPorts = 1>
ST_1 : Operation 88 [1/1] (0.00ns)   --->   "%br_ln533 = br i1 %icmp_ln533, void %for.inc53.split, void %for.inc62.preheader.exitStub" [forward_prop/src/forward_prop.cpp:533]   --->   Operation 88 'br' 'br_ln533' <Predicate = true> <Delay = 0.00>
ST_1 : Operation 89 [1/1] (0.00ns)   --->   "%empty_86 = trunc i4 %i"   --->   Operation 89 'trunc' 'empty_86' <Predicate = (!icmp_ln533)> <Delay = 0.00>
ST_1 : Operation 90 [1/1] (0.00ns)   --->   "%br_ln534 = br i1 %empty_86, void %for.inc53.split._crit_edge, void" [forward_prop/src/forward_prop.cpp:534]   --->   Operation 90 'br' 'br_ln534' <Predicate = (!icmp_ln533)> <Delay = 0.00>
ST_1 : Operation 91 [1/1] (0.00ns)   --->   "%tmp_s = partselect i3 @_ssdm_op_PartSelect.i3.i4.i32.i32, i4 %i, i32 1, i32 3" [forward_prop/src/forward_prop.cpp:534]   --->   Operation 91 'partselect' 'tmp_s' <Predicate = (!icmp_ln533 & empty_86)> <Delay = 0.00>
ST_1 : Operation 92 [1/1] (0.00ns)   --->   "%and_ln = bitconcatenate i6 @_ssdm_op_BitConcatenate.i6.i3.i3, i3 %tmp_s, i3 0" [forward_prop/src/forward_prop.cpp:534]   --->   Operation 92 'bitconcatenate' 'and_ln' <Predicate = (!icmp_ln533 & empty_86)> <Delay = 0.00>
ST_1 : Operation 93 [1/1] (0.00ns)   --->   "%zext_ln534 = zext i6 %and_ln" [forward_prop/src/forward_prop.cpp:534]   --->   Operation 93 'zext' 'zext_ln534' <Predicate = (!icmp_ln533 & empty_86)> <Delay = 0.00>
ST_1 : Operation 94 [1/1] (1.36ns)   --->   "%add_ln534 = add i64 %gmem_softmax_feature_map_load_read, i64 %zext_ln534" [forward_prop/src/forward_prop.cpp:534]   --->   Operation 94 'add' 'add_ln534' <Predicate = (!icmp_ln533 & empty_86)> <Delay = 1.36> <CoreInst = "Adder">   --->   Core 1 'Adder' <Latency = 0> <II = 1> <Delay = 1.36> <FuncUnit> <Opcode : 'add' 'sub'> <InPorts = 2> <OutPorts = 1>
ST_1 : Operation 95 [1/1] (0.84ns)   --->   "%add_ln534_1 = add i6 %and_ln, i6 %trunc_ln534_1_read" [forward_prop/src/forward_prop.cpp:534]   --->   Operation 95 'add' 'add_ln534_1' <Predicate = (!icmp_ln533 & empty_86)> <Delay = 0.84> <CoreInst = "Adder">   --->   Core 1 'Adder' <Latency = 0> <II = 1> <Delay = 0.84> <FuncUnit> <Opcode : 'add' 'sub'> <InPorts = 2> <OutPorts = 1>
ST_1 : Operation 96 [1/1] (0.00ns)   --->   "%trunc_ln5 = partselect i58 @_ssdm_op_PartSelect.i58.i64.i32.i32, i64 %add_ln534, i32 6, i32 63" [forward_prop/src/forward_prop.cpp:534]   --->   Operation 96 'partselect' 'trunc_ln5' <Predicate = (!icmp_ln533 & empty_86)> <Delay = 0.00>
ST_1 : Operation 97 [1/1] (0.46ns)   --->   "%store_ln533 = store i4 %add_ln533, i4 %i_5" [forward_prop/src/forward_prop.cpp:533]   --->   Operation 97 'store' 'store_ln533' <Predicate = (!icmp_ln533)> <Delay = 0.46>

State 2 <SV = 1> <Delay = 7.30>
ST_2 : Operation 98 [1/1] (0.00ns)   --->   "%phi_ln534_load = load i32 %phi_ln534" [forward_prop/src/forward_prop.cpp:534]   --->   Operation 98 'load' 'phi_ln534_load' <Predicate = true> <Delay = 0.00>
ST_2 : Operation 99 [1/1] (0.00ns)   --->   "%specloopname_ln0 = specloopname void @_ssdm_op_SpecLoopName, void @empty_27" [/media/msi/SSD/Xilinx/Vitis_HLS/2022.1/common/technology/autopilot/hls_stream_39.h:0]   --->   Operation 99 'specloopname' 'specloopname_ln0' <Predicate = true> <Delay = 0.00>
ST_2 : Operation 100 [1/1] (1.89ns)   --->   "%tmp = read i32 @_ssdm_op_Read.ap_fifo.volatile.i32P0A, i32 %softmax_f_map_out135" [/media/msi/SSD/Xilinx/Vitis_HLS/2022.1/common/technology/autopilot/hls_stream_39.h:145]   --->   Operation 100 'read' 'tmp' <Predicate = true> <Delay = 1.89> <CoreInst = "FIFO_SRL">   --->   Core 81 'FIFO_SRL' <Latency = 0> <II = 1> <Delay = 1.89> <Storage> <Opcode : 'read' 'write' 'nbread' 'nbwrite'> <Ports = 0> <Width = 32> <Depth = 10> <FIFO>
ST_2 : Operation 101 [1/1] (0.00ns)   --->   "%or_ln5 = bitconcatenate i64 @_ssdm_op_BitConcatenate.i64.i32.i32, i32 %tmp, i32 %phi_ln534_load" [forward_prop/src/forward_prop.cpp:534]   --->   Operation 101 'bitconcatenate' 'or_ln5' <Predicate = true> <Delay = 0.00>
ST_2 : Operation 102 [1/1] (0.00ns)   --->   "%zext_ln534_1 = zext i64 %or_ln5" [forward_prop/src/forward_prop.cpp:534]   --->   Operation 102 'zext' 'zext_ln534_1' <Predicate = (empty_86)> <Delay = 0.00>
ST_2 : Operation 103 [1/1] (0.00ns)   --->   "%zext_ln534_2 = zext i6 %add_ln534_1" [forward_prop/src/forward_prop.cpp:534]   --->   Operation 103 'zext' 'zext_ln534_2' <Predicate = (empty_86)> <Delay = 0.00>
ST_2 : Operation 104 [1/1] (0.82ns)   --->   "%shl_ln534 = shl i64 255, i64 %zext_ln534_2" [forward_prop/src/forward_prop.cpp:534]   --->   Operation 104 'shl' 'shl_ln534' <Predicate = (empty_86)> <Delay = 0.82> <CoreInst = "Shifter">   --->   Core 75 'Shifter' <Latency = 0> <II = 1> <Delay = 0.82> <FuncUnit> <Opcode : 'shl' 'lshr' 'ashr'> <InPorts = 2> <OutPorts = 1>
ST_2 : Operation 105 [1/1] (0.00ns)   --->   "%shl_ln534_2 = bitconcatenate i9 @_ssdm_op_BitConcatenate.i9.i6.i3, i6 %add_ln534_1, i3 0" [forward_prop/src/forward_prop.cpp:534]   --->   Operation 105 'bitconcatenate' 'shl_ln534_2' <Predicate = (empty_86)> <Delay = 0.00>
ST_2 : Operation 106 [1/1] (0.00ns)   --->   "%zext_ln534_3 = zext i9 %shl_ln534_2" [forward_prop/src/forward_prop.cpp:534]   --->   Operation 106 'zext' 'zext_ln534_3' <Predicate = (empty_86)> <Delay = 0.00>
ST_2 : Operation 107 [1/1] (1.30ns)   --->   "%shl_ln534_1 = shl i512 %zext_ln534_1, i512 %zext_ln534_3" [forward_prop/src/forward_prop.cpp:534]   --->   Operation 107 'shl' 'shl_ln534_1' <Predicate = (empty_86)> <Delay = 1.30> <CoreInst = "Shifter">   --->   Core 75 'Shifter' <Latency = 0> <II = 1> <Delay = 1.30> <FuncUnit> <Opcode : 'shl' 'lshr' 'ashr'> <InPorts = 2> <OutPorts = 1>
ST_2 : Operation 108 [1/1] (0.00ns)   --->   "%sext_ln534 = sext i58 %trunc_ln5" [forward_prop/src/forward_prop.cpp:534]   --->   Operation 108 'sext' 'sext_ln534' <Predicate = (empty_86)> <Delay = 0.00>
ST_2 : Operation 109 [1/1] (0.00ns)   --->   "%gmem_addr = getelementptr i512 %gmem, i64 %sext_ln534" [forward_prop/src/forward_prop.cpp:534]   --->   Operation 109 'getelementptr' 'gmem_addr' <Predicate = (empty_86)> <Delay = 0.00>
ST_2 : Operation 110 [1/1] (7.30ns)   --->   "%empty_87 = writereq i1 @_ssdm_op_WriteReq.m_axi.p1i512, i512 %gmem_addr, i32 1" [forward_prop/src/forward_prop.cpp:534]   --->   Operation 110 'writereq' 'empty_87' <Predicate = (empty_86)> <Delay = 7.30> <CoreInst = "m_axi">   --->   Core 121 'm_axi' <Latency = 0> <II = 1> <Delay = 1.00> <Adapter> <Opcode : 'read' 'write' 'readreq' 'writereq' 'writeresp'>
ST_2 : Operation 111 [1/1] (0.28ns)   --->   "%select_ln533 = select i1 %empty_86, i32 0, i32 %tmp" [forward_prop/src/forward_prop.cpp:533]   --->   Operation 111 'select' 'select_ln533' <Predicate = true> <Delay = 0.28> <CoreInst = "Sel">   --->   Core 73 'Sel' <Latency = 0> <II = 1> <Delay = 0.28> <FuncUnit> <Opcode : 'select'> <InPorts = 3> <OutPorts = 1>
ST_2 : Operation 112 [1/1] (0.46ns)   --->   "%store_ln533 = store i32 %select_ln533, i32 %phi_ln534" [forward_prop/src/forward_prop.cpp:533]   --->   Operation 112 'store' 'store_ln533' <Predicate = true> <Delay = 0.46>
ST_2 : Operation 113 [1/1] (0.00ns)   --->   "%br_ln533 = br void %for.inc53" [forward_prop/src/forward_prop.cpp:533]   --->   Operation 113 'br' 'br_ln533' <Predicate = true> <Delay = 0.00>

State 3 <SV = 2> <Delay = 7.30>
ST_3 : Operation 114 [1/1] (7.30ns)   --->   "%write_ln534 = write void @_ssdm_op_Write.m_axi.p1i512, i512 %gmem_addr, i512 %shl_ln534_1, i64 %shl_ln534" [forward_prop/src/forward_prop.cpp:534]   --->   Operation 114 'write' 'write_ln534' <Predicate = (empty_86)> <Delay = 7.30> <CoreInst = "m_axi">   --->   Core 121 'm_axi' <Latency = 0> <II = 1> <Delay = 1.00> <Adapter> <Opcode : 'read' 'write' 'readreq' 'writereq' 'writeresp'>

State 4 <SV = 3> <Delay = 7.30>
ST_4 : Operation 115 [68/68] (7.30ns)   --->   "%empty_88 = writeresp i1 @_ssdm_op_WriteResp.m_axi.p1i512, i512 %gmem_addr" [forward_prop/src/forward_prop.cpp:534]   --->   Operation 115 'writeresp' 'empty_88' <Predicate = (empty_86)> <Delay = 7.30> <CoreInst = "m_axi">   --->   Core 121 'm_axi' <Latency = 0> <II = 1> <Delay = 1.00> <Adapter> <Opcode : 'read' 'write' 'readreq' 'writereq' 'writeresp'>

State 5 <SV = 4> <Delay = 7.30>
ST_5 : Operation 116 [67/68] (7.30ns)   --->   "%empty_88 = writeresp i1 @_ssdm_op_WriteResp.m_axi.p1i512, i512 %gmem_addr" [forward_prop/src/forward_prop.cpp:534]   --->   Operation 116 'writeresp' 'empty_88' <Predicate = (empty_86)> <Delay = 7.30> <CoreInst = "m_axi">   --->   Core 121 'm_axi' <Latency = 0> <II = 1> <Delay = 1.00> <Adapter> <Opcode : 'read' 'write' 'readreq' 'writereq' 'writeresp'>

State 6 <SV = 5> <Delay = 7.30>
ST_6 : Operation 117 [66/68] (7.30ns)   --->   "%empty_88 = writeresp i1 @_ssdm_op_WriteResp.m_axi.p1i512, i512 %gmem_addr" [forward_prop/src/forward_prop.cpp:534]   --->   Operation 117 'writeresp' 'empty_88' <Predicate = (empty_86)> <Delay = 7.30> <CoreInst = "m_axi">   --->   Core 121 'm_axi' <Latency = 0> <II = 1> <Delay = 1.00> <Adapter> <Opcode : 'read' 'write' 'readreq' 'writereq' 'writeresp'>

State 7 <SV = 6> <Delay = 7.30>
ST_7 : Operation 118 [65/68] (7.30ns)   --->   "%empty_88 = writeresp i1 @_ssdm_op_WriteResp.m_axi.p1i512, i512 %gmem_addr" [forward_prop/src/forward_prop.cpp:534]   --->   Operation 118 'writeresp' 'empty_88' <Predicate = (empty_86)> <Delay = 7.30> <CoreInst = "m_axi">   --->   Core 121 'm_axi' <Latency = 0> <II = 1> <Delay = 1.00> <Adapter> <Opcode : 'read' 'write' 'readreq' 'writereq' 'writeresp'>

State 8 <SV = 7> <Delay = 7.30>
ST_8 : Operation 119 [64/68] (7.30ns)   --->   "%empty_88 = writeresp i1 @_ssdm_op_WriteResp.m_axi.p1i512, i512 %gmem_addr" [forward_prop/src/forward_prop.cpp:534]   --->   Operation 119 'writeresp' 'empty_88' <Predicate = (empty_86)> <Delay = 7.30> <CoreInst = "m_axi">   --->   Core 121 'm_axi' <Latency = 0> <II = 1> <Delay = 1.00> <Adapter> <Opcode : 'read' 'write' 'readreq' 'writereq' 'writeresp'>

State 9 <SV = 8> <Delay = 7.30>
ST_9 : Operation 120 [63/68] (7.30ns)   --->   "%empty_88 = writeresp i1 @_ssdm_op_WriteResp.m_axi.p1i512, i512 %gmem_addr" [forward_prop/src/forward_prop.cpp:534]   --->   Operation 120 'writeresp' 'empty_88' <Predicate = (empty_86)> <Delay = 7.30> <CoreInst = "m_axi">   --->   Core 121 'm_axi' <Latency = 0> <II = 1> <Delay = 1.00> <Adapter> <Opcode : 'read' 'write' 'readreq' 'writereq' 'writeresp'>

State 10 <SV = 9> <Delay = 7.30>
ST_10 : Operation 121 [62/68] (7.30ns)   --->   "%empty_88 = writeresp i1 @_ssdm_op_WriteResp.m_axi.p1i512, i512 %gmem_addr" [forward_prop/src/forward_prop.cpp:534]   --->   Operation 121 'writeresp' 'empty_88' <Predicate = (empty_86)> <Delay = 7.30> <CoreInst = "m_axi">   --->   Core 121 'm_axi' <Latency = 0> <II = 1> <Delay = 1.00> <Adapter> <Opcode : 'read' 'write' 'readreq' 'writereq' 'writeresp'>

State 11 <SV = 10> <Delay = 7.30>
ST_11 : Operation 122 [61/68] (7.30ns)   --->   "%empty_88 = writeresp i1 @_ssdm_op_WriteResp.m_axi.p1i512, i512 %gmem_addr" [forward_prop/src/forward_prop.cpp:534]   --->   Operation 122 'writeresp' 'empty_88' <Predicate = (empty_86)> <Delay = 7.30> <CoreInst = "m_axi">   --->   Core 121 'm_axi' <Latency = 0> <II = 1> <Delay = 1.00> <Adapter> <Opcode : 'read' 'write' 'readreq' 'writereq' 'writeresp'>

State 12 <SV = 11> <Delay = 7.30>
ST_12 : Operation 123 [60/68] (7.30ns)   --->   "%empty_88 = writeresp i1 @_ssdm_op_WriteResp.m_axi.p1i512, i512 %gmem_addr" [forward_prop/src/forward_prop.cpp:534]   --->   Operation 123 'writeresp' 'empty_88' <Predicate = (empty_86)> <Delay = 7.30> <CoreInst = "m_axi">   --->   Core 121 'm_axi' <Latency = 0> <II = 1> <Delay = 1.00> <Adapter> <Opcode : 'read' 'write' 'readreq' 'writereq' 'writeresp'>

State 13 <SV = 12> <Delay = 7.30>
ST_13 : Operation 124 [59/68] (7.30ns)   --->   "%empty_88 = writeresp i1 @_ssdm_op_WriteResp.m_axi.p1i512, i512 %gmem_addr" [forward_prop/src/forward_prop.cpp:534]   --->   Operation 124 'writeresp' 'empty_88' <Predicate = (empty_86)> <Delay = 7.30> <CoreInst = "m_axi">   --->   Core 121 'm_axi' <Latency = 0> <II = 1> <Delay = 1.00> <Adapter> <Opcode : 'read' 'write' 'readreq' 'writereq' 'writeresp'>

State 14 <SV = 13> <Delay = 7.30>
ST_14 : Operation 125 [58/68] (7.30ns)   --->   "%empty_88 = writeresp i1 @_ssdm_op_WriteResp.m_axi.p1i512, i512 %gmem_addr" [forward_prop/src/forward_prop.cpp:534]   --->   Operation 125 'writeresp' 'empty_88' <Predicate = (empty_86)> <Delay = 7.30> <CoreInst = "m_axi">   --->   Core 121 'm_axi' <Latency = 0> <II = 1> <Delay = 1.00> <Adapter> <Opcode : 'read' 'write' 'readreq' 'writereq' 'writeresp'>

State 15 <SV = 14> <Delay = 7.30>
ST_15 : Operation 126 [57/68] (7.30ns)   --->   "%empty_88 = writeresp i1 @_ssdm_op_WriteResp.m_axi.p1i512, i512 %gmem_addr" [forward_prop/src/forward_prop.cpp:534]   --->   Operation 126 'writeresp' 'empty_88' <Predicate = (empty_86)> <Delay = 7.30> <CoreInst = "m_axi">   --->   Core 121 'm_axi' <Latency = 0> <II = 1> <Delay = 1.00> <Adapter> <Opcode : 'read' 'write' 'readreq' 'writereq' 'writeresp'>

State 16 <SV = 15> <Delay = 7.30>
ST_16 : Operation 127 [56/68] (7.30ns)   --->   "%empty_88 = writeresp i1 @_ssdm_op_WriteResp.m_axi.p1i512, i512 %gmem_addr" [forward_prop/src/forward_prop.cpp:534]   --->   Operation 127 'writeresp' 'empty_88' <Predicate = (empty_86)> <Delay = 7.30> <CoreInst = "m_axi">   --->   Core 121 'm_axi' <Latency = 0> <II = 1> <Delay = 1.00> <Adapter> <Opcode : 'read' 'write' 'readreq' 'writereq' 'writeresp'>

State 17 <SV = 16> <Delay = 7.30>
ST_17 : Operation 128 [55/68] (7.30ns)   --->   "%empty_88 = writeresp i1 @_ssdm_op_WriteResp.m_axi.p1i512, i512 %gmem_addr" [forward_prop/src/forward_prop.cpp:534]   --->   Operation 128 'writeresp' 'empty_88' <Predicate = (empty_86)> <Delay = 7.30> <CoreInst = "m_axi">   --->   Core 121 'm_axi' <Latency = 0> <II = 1> <Delay = 1.00> <Adapter> <Opcode : 'read' 'write' 'readreq' 'writereq' 'writeresp'>

State 18 <SV = 17> <Delay = 7.30>
ST_18 : Operation 129 [54/68] (7.30ns)   --->   "%empty_88 = writeresp i1 @_ssdm_op_WriteResp.m_axi.p1i512, i512 %gmem_addr" [forward_prop/src/forward_prop.cpp:534]   --->   Operation 129 'writeresp' 'empty_88' <Predicate = (empty_86)> <Delay = 7.30> <CoreInst = "m_axi">   --->   Core 121 'm_axi' <Latency = 0> <II = 1> <Delay = 1.00> <Adapter> <Opcode : 'read' 'write' 'readreq' 'writereq' 'writeresp'>

State 19 <SV = 18> <Delay = 7.30>
ST_19 : Operation 130 [53/68] (7.30ns)   --->   "%empty_88 = writeresp i1 @_ssdm_op_WriteResp.m_axi.p1i512, i512 %gmem_addr" [forward_prop/src/forward_prop.cpp:534]   --->   Operation 130 'writeresp' 'empty_88' <Predicate = (empty_86)> <Delay = 7.30> <CoreInst = "m_axi">   --->   Core 121 'm_axi' <Latency = 0> <II = 1> <Delay = 1.00> <Adapter> <Opcode : 'read' 'write' 'readreq' 'writereq' 'writeresp'>

State 20 <SV = 19> <Delay = 7.30>
ST_20 : Operation 131 [52/68] (7.30ns)   --->   "%empty_88 = writeresp i1 @_ssdm_op_WriteResp.m_axi.p1i512, i512 %gmem_addr" [forward_prop/src/forward_prop.cpp:534]   --->   Operation 131 'writeresp' 'empty_88' <Predicate = (empty_86)> <Delay = 7.30> <CoreInst = "m_axi">   --->   Core 121 'm_axi' <Latency = 0> <II = 1> <Delay = 1.00> <Adapter> <Opcode : 'read' 'write' 'readreq' 'writereq' 'writeresp'>

State 21 <SV = 20> <Delay = 7.30>
ST_21 : Operation 132 [51/68] (7.30ns)   --->   "%empty_88 = writeresp i1 @_ssdm_op_WriteResp.m_axi.p1i512, i512 %gmem_addr" [forward_prop/src/forward_prop.cpp:534]   --->   Operation 132 'writeresp' 'empty_88' <Predicate = (empty_86)> <Delay = 7.30> <CoreInst = "m_axi">   --->   Core 121 'm_axi' <Latency = 0> <II = 1> <Delay = 1.00> <Adapter> <Opcode : 'read' 'write' 'readreq' 'writereq' 'writeresp'>

State 22 <SV = 21> <Delay = 7.30>
ST_22 : Operation 133 [50/68] (7.30ns)   --->   "%empty_88 = writeresp i1 @_ssdm_op_WriteResp.m_axi.p1i512, i512 %gmem_addr" [forward_prop/src/forward_prop.cpp:534]   --->   Operation 133 'writeresp' 'empty_88' <Predicate = (empty_86)> <Delay = 7.30> <CoreInst = "m_axi">   --->   Core 121 'm_axi' <Latency = 0> <II = 1> <Delay = 1.00> <Adapter> <Opcode : 'read' 'write' 'readreq' 'writereq' 'writeresp'>

State 23 <SV = 22> <Delay = 7.30>
ST_23 : Operation 134 [49/68] (7.30ns)   --->   "%empty_88 = writeresp i1 @_ssdm_op_WriteResp.m_axi.p1i512, i512 %gmem_addr" [forward_prop/src/forward_prop.cpp:534]   --->   Operation 134 'writeresp' 'empty_88' <Predicate = (empty_86)> <Delay = 7.30> <CoreInst = "m_axi">   --->   Core 121 'm_axi' <Latency = 0> <II = 1> <Delay = 1.00> <Adapter> <Opcode : 'read' 'write' 'readreq' 'writereq' 'writeresp'>

State 24 <SV = 23> <Delay = 7.30>
ST_24 : Operation 135 [48/68] (7.30ns)   --->   "%empty_88 = writeresp i1 @_ssdm_op_WriteResp.m_axi.p1i512, i512 %gmem_addr" [forward_prop/src/forward_prop.cpp:534]   --->   Operation 135 'writeresp' 'empty_88' <Predicate = (empty_86)> <Delay = 7.30> <CoreInst = "m_axi">   --->   Core 121 'm_axi' <Latency = 0> <II = 1> <Delay = 1.00> <Adapter> <Opcode : 'read' 'write' 'readreq' 'writereq' 'writeresp'>

State 25 <SV = 24> <Delay = 7.30>
ST_25 : Operation 136 [47/68] (7.30ns)   --->   "%empty_88 = writeresp i1 @_ssdm_op_WriteResp.m_axi.p1i512, i512 %gmem_addr" [forward_prop/src/forward_prop.cpp:534]   --->   Operation 136 'writeresp' 'empty_88' <Predicate = (empty_86)> <Delay = 7.30> <CoreInst = "m_axi">   --->   Core 121 'm_axi' <Latency = 0> <II = 1> <Delay = 1.00> <Adapter> <Opcode : 'read' 'write' 'readreq' 'writereq' 'writeresp'>

State 26 <SV = 25> <Delay = 7.30>
ST_26 : Operation 137 [46/68] (7.30ns)   --->   "%empty_88 = writeresp i1 @_ssdm_op_WriteResp.m_axi.p1i512, i512 %gmem_addr" [forward_prop/src/forward_prop.cpp:534]   --->   Operation 137 'writeresp' 'empty_88' <Predicate = (empty_86)> <Delay = 7.30> <CoreInst = "m_axi">   --->   Core 121 'm_axi' <Latency = 0> <II = 1> <Delay = 1.00> <Adapter> <Opcode : 'read' 'write' 'readreq' 'writereq' 'writeresp'>

State 27 <SV = 26> <Delay = 7.30>
ST_27 : Operation 138 [45/68] (7.30ns)   --->   "%empty_88 = writeresp i1 @_ssdm_op_WriteResp.m_axi.p1i512, i512 %gmem_addr" [forward_prop/src/forward_prop.cpp:534]   --->   Operation 138 'writeresp' 'empty_88' <Predicate = (empty_86)> <Delay = 7.30> <CoreInst = "m_axi">   --->   Core 121 'm_axi' <Latency = 0> <II = 1> <Delay = 1.00> <Adapter> <Opcode : 'read' 'write' 'readreq' 'writereq' 'writeresp'>

State 28 <SV = 27> <Delay = 7.30>
ST_28 : Operation 139 [44/68] (7.30ns)   --->   "%empty_88 = writeresp i1 @_ssdm_op_WriteResp.m_axi.p1i512, i512 %gmem_addr" [forward_prop/src/forward_prop.cpp:534]   --->   Operation 139 'writeresp' 'empty_88' <Predicate = (empty_86)> <Delay = 7.30> <CoreInst = "m_axi">   --->   Core 121 'm_axi' <Latency = 0> <II = 1> <Delay = 1.00> <Adapter> <Opcode : 'read' 'write' 'readreq' 'writereq' 'writeresp'>

State 29 <SV = 28> <Delay = 7.30>
ST_29 : Operation 140 [43/68] (7.30ns)   --->   "%empty_88 = writeresp i1 @_ssdm_op_WriteResp.m_axi.p1i512, i512 %gmem_addr" [forward_prop/src/forward_prop.cpp:534]   --->   Operation 140 'writeresp' 'empty_88' <Predicate = (empty_86)> <Delay = 7.30> <CoreInst = "m_axi">   --->   Core 121 'm_axi' <Latency = 0> <II = 1> <Delay = 1.00> <Adapter> <Opcode : 'read' 'write' 'readreq' 'writereq' 'writeresp'>

State 30 <SV = 29> <Delay = 7.30>
ST_30 : Operation 141 [42/68] (7.30ns)   --->   "%empty_88 = writeresp i1 @_ssdm_op_WriteResp.m_axi.p1i512, i512 %gmem_addr" [forward_prop/src/forward_prop.cpp:534]   --->   Operation 141 'writeresp' 'empty_88' <Predicate = (empty_86)> <Delay = 7.30> <CoreInst = "m_axi">   --->   Core 121 'm_axi' <Latency = 0> <II = 1> <Delay = 1.00> <Adapter> <Opcode : 'read' 'write' 'readreq' 'writereq' 'writeresp'>

State 31 <SV = 30> <Delay = 7.30>
ST_31 : Operation 142 [41/68] (7.30ns)   --->   "%empty_88 = writeresp i1 @_ssdm_op_WriteResp.m_axi.p1i512, i512 %gmem_addr" [forward_prop/src/forward_prop.cpp:534]   --->   Operation 142 'writeresp' 'empty_88' <Predicate = (empty_86)> <Delay = 7.30> <CoreInst = "m_axi">   --->   Core 121 'm_axi' <Latency = 0> <II = 1> <Delay = 1.00> <Adapter> <Opcode : 'read' 'write' 'readreq' 'writereq' 'writeresp'>

State 32 <SV = 31> <Delay = 7.30>
ST_32 : Operation 143 [40/68] (7.30ns)   --->   "%empty_88 = writeresp i1 @_ssdm_op_WriteResp.m_axi.p1i512, i512 %gmem_addr" [forward_prop/src/forward_prop.cpp:534]   --->   Operation 143 'writeresp' 'empty_88' <Predicate = (empty_86)> <Delay = 7.30> <CoreInst = "m_axi">   --->   Core 121 'm_axi' <Latency = 0> <II = 1> <Delay = 1.00> <Adapter> <Opcode : 'read' 'write' 'readreq' 'writereq' 'writeresp'>

State 33 <SV = 32> <Delay = 7.30>
ST_33 : Operation 144 [39/68] (7.30ns)   --->   "%empty_88 = writeresp i1 @_ssdm_op_WriteResp.m_axi.p1i512, i512 %gmem_addr" [forward_prop/src/forward_prop.cpp:534]   --->   Operation 144 'writeresp' 'empty_88' <Predicate = (empty_86)> <Delay = 7.30> <CoreInst = "m_axi">   --->   Core 121 'm_axi' <Latency = 0> <II = 1> <Delay = 1.00> <Adapter> <Opcode : 'read' 'write' 'readreq' 'writereq' 'writeresp'>

State 34 <SV = 33> <Delay = 7.30>
ST_34 : Operation 145 [38/68] (7.30ns)   --->   "%empty_88 = writeresp i1 @_ssdm_op_WriteResp.m_axi.p1i512, i512 %gmem_addr" [forward_prop/src/forward_prop.cpp:534]   --->   Operation 145 'writeresp' 'empty_88' <Predicate = (empty_86)> <Delay = 7.30> <CoreInst = "m_axi">   --->   Core 121 'm_axi' <Latency = 0> <II = 1> <Delay = 1.00> <Adapter> <Opcode : 'read' 'write' 'readreq' 'writereq' 'writeresp'>

State 35 <SV = 34> <Delay = 7.30>
ST_35 : Operation 146 [37/68] (7.30ns)   --->   "%empty_88 = writeresp i1 @_ssdm_op_WriteResp.m_axi.p1i512, i512 %gmem_addr" [forward_prop/src/forward_prop.cpp:534]   --->   Operation 146 'writeresp' 'empty_88' <Predicate = (empty_86)> <Delay = 7.30> <CoreInst = "m_axi">   --->   Core 121 'm_axi' <Latency = 0> <II = 1> <Delay = 1.00> <Adapter> <Opcode : 'read' 'write' 'readreq' 'writereq' 'writeresp'>

State 36 <SV = 35> <Delay = 7.30>
ST_36 : Operation 147 [36/68] (7.30ns)   --->   "%empty_88 = writeresp i1 @_ssdm_op_WriteResp.m_axi.p1i512, i512 %gmem_addr" [forward_prop/src/forward_prop.cpp:534]   --->   Operation 147 'writeresp' 'empty_88' <Predicate = (empty_86)> <Delay = 7.30> <CoreInst = "m_axi">   --->   Core 121 'm_axi' <Latency = 0> <II = 1> <Delay = 1.00> <Adapter> <Opcode : 'read' 'write' 'readreq' 'writereq' 'writeresp'>

State 37 <SV = 36> <Delay = 7.30>
ST_37 : Operation 148 [35/68] (7.30ns)   --->   "%empty_88 = writeresp i1 @_ssdm_op_WriteResp.m_axi.p1i512, i512 %gmem_addr" [forward_prop/src/forward_prop.cpp:534]   --->   Operation 148 'writeresp' 'empty_88' <Predicate = (empty_86)> <Delay = 7.30> <CoreInst = "m_axi">   --->   Core 121 'm_axi' <Latency = 0> <II = 1> <Delay = 1.00> <Adapter> <Opcode : 'read' 'write' 'readreq' 'writereq' 'writeresp'>

State 38 <SV = 37> <Delay = 7.30>
ST_38 : Operation 149 [34/68] (7.30ns)   --->   "%empty_88 = writeresp i1 @_ssdm_op_WriteResp.m_axi.p1i512, i512 %gmem_addr" [forward_prop/src/forward_prop.cpp:534]   --->   Operation 149 'writeresp' 'empty_88' <Predicate = (empty_86)> <Delay = 7.30> <CoreInst = "m_axi">   --->   Core 121 'm_axi' <Latency = 0> <II = 1> <Delay = 1.00> <Adapter> <Opcode : 'read' 'write' 'readreq' 'writereq' 'writeresp'>

State 39 <SV = 38> <Delay = 7.30>
ST_39 : Operation 150 [33/68] (7.30ns)   --->   "%empty_88 = writeresp i1 @_ssdm_op_WriteResp.m_axi.p1i512, i512 %gmem_addr" [forward_prop/src/forward_prop.cpp:534]   --->   Operation 150 'writeresp' 'empty_88' <Predicate = (empty_86)> <Delay = 7.30> <CoreInst = "m_axi">   --->   Core 121 'm_axi' <Latency = 0> <II = 1> <Delay = 1.00> <Adapter> <Opcode : 'read' 'write' 'readreq' 'writereq' 'writeresp'>

State 40 <SV = 39> <Delay = 7.30>
ST_40 : Operation 151 [32/68] (7.30ns)   --->   "%empty_88 = writeresp i1 @_ssdm_op_WriteResp.m_axi.p1i512, i512 %gmem_addr" [forward_prop/src/forward_prop.cpp:534]   --->   Operation 151 'writeresp' 'empty_88' <Predicate = (empty_86)> <Delay = 7.30> <CoreInst = "m_axi">   --->   Core 121 'm_axi' <Latency = 0> <II = 1> <Delay = 1.00> <Adapter> <Opcode : 'read' 'write' 'readreq' 'writereq' 'writeresp'>

State 41 <SV = 40> <Delay = 7.30>
ST_41 : Operation 152 [31/68] (7.30ns)   --->   "%empty_88 = writeresp i1 @_ssdm_op_WriteResp.m_axi.p1i512, i512 %gmem_addr" [forward_prop/src/forward_prop.cpp:534]   --->   Operation 152 'writeresp' 'empty_88' <Predicate = (empty_86)> <Delay = 7.30> <CoreInst = "m_axi">   --->   Core 121 'm_axi' <Latency = 0> <II = 1> <Delay = 1.00> <Adapter> <Opcode : 'read' 'write' 'readreq' 'writereq' 'writeresp'>

State 42 <SV = 41> <Delay = 7.30>
ST_42 : Operation 153 [30/68] (7.30ns)   --->   "%empty_88 = writeresp i1 @_ssdm_op_WriteResp.m_axi.p1i512, i512 %gmem_addr" [forward_prop/src/forward_prop.cpp:534]   --->   Operation 153 'writeresp' 'empty_88' <Predicate = (empty_86)> <Delay = 7.30> <CoreInst = "m_axi">   --->   Core 121 'm_axi' <Latency = 0> <II = 1> <Delay = 1.00> <Adapter> <Opcode : 'read' 'write' 'readreq' 'writereq' 'writeresp'>

State 43 <SV = 42> <Delay = 7.30>
ST_43 : Operation 154 [29/68] (7.30ns)   --->   "%empty_88 = writeresp i1 @_ssdm_op_WriteResp.m_axi.p1i512, i512 %gmem_addr" [forward_prop/src/forward_prop.cpp:534]   --->   Operation 154 'writeresp' 'empty_88' <Predicate = (empty_86)> <Delay = 7.30> <CoreInst = "m_axi">   --->   Core 121 'm_axi' <Latency = 0> <II = 1> <Delay = 1.00> <Adapter> <Opcode : 'read' 'write' 'readreq' 'writereq' 'writeresp'>

State 44 <SV = 43> <Delay = 7.30>
ST_44 : Operation 155 [28/68] (7.30ns)   --->   "%empty_88 = writeresp i1 @_ssdm_op_WriteResp.m_axi.p1i512, i512 %gmem_addr" [forward_prop/src/forward_prop.cpp:534]   --->   Operation 155 'writeresp' 'empty_88' <Predicate = (empty_86)> <Delay = 7.30> <CoreInst = "m_axi">   --->   Core 121 'm_axi' <Latency = 0> <II = 1> <Delay = 1.00> <Adapter> <Opcode : 'read' 'write' 'readreq' 'writereq' 'writeresp'>

State 45 <SV = 44> <Delay = 7.30>
ST_45 : Operation 156 [27/68] (7.30ns)   --->   "%empty_88 = writeresp i1 @_ssdm_op_WriteResp.m_axi.p1i512, i512 %gmem_addr" [forward_prop/src/forward_prop.cpp:534]   --->   Operation 156 'writeresp' 'empty_88' <Predicate = (empty_86)> <Delay = 7.30> <CoreInst = "m_axi">   --->   Core 121 'm_axi' <Latency = 0> <II = 1> <Delay = 1.00> <Adapter> <Opcode : 'read' 'write' 'readreq' 'writereq' 'writeresp'>

State 46 <SV = 45> <Delay = 7.30>
ST_46 : Operation 157 [26/68] (7.30ns)   --->   "%empty_88 = writeresp i1 @_ssdm_op_WriteResp.m_axi.p1i512, i512 %gmem_addr" [forward_prop/src/forward_prop.cpp:534]   --->   Operation 157 'writeresp' 'empty_88' <Predicate = (empty_86)> <Delay = 7.30> <CoreInst = "m_axi">   --->   Core 121 'm_axi' <Latency = 0> <II = 1> <Delay = 1.00> <Adapter> <Opcode : 'read' 'write' 'readreq' 'writereq' 'writeresp'>

State 47 <SV = 46> <Delay = 7.30>
ST_47 : Operation 158 [25/68] (7.30ns)   --->   "%empty_88 = writeresp i1 @_ssdm_op_WriteResp.m_axi.p1i512, i512 %gmem_addr" [forward_prop/src/forward_prop.cpp:534]   --->   Operation 158 'writeresp' 'empty_88' <Predicate = (empty_86)> <Delay = 7.30> <CoreInst = "m_axi">   --->   Core 121 'm_axi' <Latency = 0> <II = 1> <Delay = 1.00> <Adapter> <Opcode : 'read' 'write' 'readreq' 'writereq' 'writeresp'>

State 48 <SV = 47> <Delay = 7.30>
ST_48 : Operation 159 [24/68] (7.30ns)   --->   "%empty_88 = writeresp i1 @_ssdm_op_WriteResp.m_axi.p1i512, i512 %gmem_addr" [forward_prop/src/forward_prop.cpp:534]   --->   Operation 159 'writeresp' 'empty_88' <Predicate = (empty_86)> <Delay = 7.30> <CoreInst = "m_axi">   --->   Core 121 'm_axi' <Latency = 0> <II = 1> <Delay = 1.00> <Adapter> <Opcode : 'read' 'write' 'readreq' 'writereq' 'writeresp'>

State 49 <SV = 48> <Delay = 7.30>
ST_49 : Operation 160 [23/68] (7.30ns)   --->   "%empty_88 = writeresp i1 @_ssdm_op_WriteResp.m_axi.p1i512, i512 %gmem_addr" [forward_prop/src/forward_prop.cpp:534]   --->   Operation 160 'writeresp' 'empty_88' <Predicate = (empty_86)> <Delay = 7.30> <CoreInst = "m_axi">   --->   Core 121 'm_axi' <Latency = 0> <II = 1> <Delay = 1.00> <Adapter> <Opcode : 'read' 'write' 'readreq' 'writereq' 'writeresp'>

State 50 <SV = 49> <Delay = 7.30>
ST_50 : Operation 161 [22/68] (7.30ns)   --->   "%empty_88 = writeresp i1 @_ssdm_op_WriteResp.m_axi.p1i512, i512 %gmem_addr" [forward_prop/src/forward_prop.cpp:534]   --->   Operation 161 'writeresp' 'empty_88' <Predicate = (empty_86)> <Delay = 7.30> <CoreInst = "m_axi">   --->   Core 121 'm_axi' <Latency = 0> <II = 1> <Delay = 1.00> <Adapter> <Opcode : 'read' 'write' 'readreq' 'writereq' 'writeresp'>

State 51 <SV = 50> <Delay = 7.30>
ST_51 : Operation 162 [21/68] (7.30ns)   --->   "%empty_88 = writeresp i1 @_ssdm_op_WriteResp.m_axi.p1i512, i512 %gmem_addr" [forward_prop/src/forward_prop.cpp:534]   --->   Operation 162 'writeresp' 'empty_88' <Predicate = (empty_86)> <Delay = 7.30> <CoreInst = "m_axi">   --->   Core 121 'm_axi' <Latency = 0> <II = 1> <Delay = 1.00> <Adapter> <Opcode : 'read' 'write' 'readreq' 'writereq' 'writeresp'>

State 52 <SV = 51> <Delay = 7.30>
ST_52 : Operation 163 [20/68] (7.30ns)   --->   "%empty_88 = writeresp i1 @_ssdm_op_WriteResp.m_axi.p1i512, i512 %gmem_addr" [forward_prop/src/forward_prop.cpp:534]   --->   Operation 163 'writeresp' 'empty_88' <Predicate = (empty_86)> <Delay = 7.30> <CoreInst = "m_axi">   --->   Core 121 'm_axi' <Latency = 0> <II = 1> <Delay = 1.00> <Adapter> <Opcode : 'read' 'write' 'readreq' 'writereq' 'writeresp'>

State 53 <SV = 52> <Delay = 7.30>
ST_53 : Operation 164 [19/68] (7.30ns)   --->   "%empty_88 = writeresp i1 @_ssdm_op_WriteResp.m_axi.p1i512, i512 %gmem_addr" [forward_prop/src/forward_prop.cpp:534]   --->   Operation 164 'writeresp' 'empty_88' <Predicate = (empty_86)> <Delay = 7.30> <CoreInst = "m_axi">   --->   Core 121 'm_axi' <Latency = 0> <II = 1> <Delay = 1.00> <Adapter> <Opcode : 'read' 'write' 'readreq' 'writereq' 'writeresp'>

State 54 <SV = 53> <Delay = 7.30>
ST_54 : Operation 165 [18/68] (7.30ns)   --->   "%empty_88 = writeresp i1 @_ssdm_op_WriteResp.m_axi.p1i512, i512 %gmem_addr" [forward_prop/src/forward_prop.cpp:534]   --->   Operation 165 'writeresp' 'empty_88' <Predicate = (empty_86)> <Delay = 7.30> <CoreInst = "m_axi">   --->   Core 121 'm_axi' <Latency = 0> <II = 1> <Delay = 1.00> <Adapter> <Opcode : 'read' 'write' 'readreq' 'writereq' 'writeresp'>

State 55 <SV = 54> <Delay = 7.30>
ST_55 : Operation 166 [17/68] (7.30ns)   --->   "%empty_88 = writeresp i1 @_ssdm_op_WriteResp.m_axi.p1i512, i512 %gmem_addr" [forward_prop/src/forward_prop.cpp:534]   --->   Operation 166 'writeresp' 'empty_88' <Predicate = (empty_86)> <Delay = 7.30> <CoreInst = "m_axi">   --->   Core 121 'm_axi' <Latency = 0> <II = 1> <Delay = 1.00> <Adapter> <Opcode : 'read' 'write' 'readreq' 'writereq' 'writeresp'>

State 56 <SV = 55> <Delay = 7.30>
ST_56 : Operation 167 [16/68] (7.30ns)   --->   "%empty_88 = writeresp i1 @_ssdm_op_WriteResp.m_axi.p1i512, i512 %gmem_addr" [forward_prop/src/forward_prop.cpp:534]   --->   Operation 167 'writeresp' 'empty_88' <Predicate = (empty_86)> <Delay = 7.30> <CoreInst = "m_axi">   --->   Core 121 'm_axi' <Latency = 0> <II = 1> <Delay = 1.00> <Adapter> <Opcode : 'read' 'write' 'readreq' 'writereq' 'writeresp'>

State 57 <SV = 56> <Delay = 7.30>
ST_57 : Operation 168 [15/68] (7.30ns)   --->   "%empty_88 = writeresp i1 @_ssdm_op_WriteResp.m_axi.p1i512, i512 %gmem_addr" [forward_prop/src/forward_prop.cpp:534]   --->   Operation 168 'writeresp' 'empty_88' <Predicate = (empty_86)> <Delay = 7.30> <CoreInst = "m_axi">   --->   Core 121 'm_axi' <Latency = 0> <II = 1> <Delay = 1.00> <Adapter> <Opcode : 'read' 'write' 'readreq' 'writereq' 'writeresp'>

State 58 <SV = 57> <Delay = 7.30>
ST_58 : Operation 169 [14/68] (7.30ns)   --->   "%empty_88 = writeresp i1 @_ssdm_op_WriteResp.m_axi.p1i512, i512 %gmem_addr" [forward_prop/src/forward_prop.cpp:534]   --->   Operation 169 'writeresp' 'empty_88' <Predicate = (empty_86)> <Delay = 7.30> <CoreInst = "m_axi">   --->   Core 121 'm_axi' <Latency = 0> <II = 1> <Delay = 1.00> <Adapter> <Opcode : 'read' 'write' 'readreq' 'writereq' 'writeresp'>

State 59 <SV = 58> <Delay = 7.30>
ST_59 : Operation 170 [13/68] (7.30ns)   --->   "%empty_88 = writeresp i1 @_ssdm_op_WriteResp.m_axi.p1i512, i512 %gmem_addr" [forward_prop/src/forward_prop.cpp:534]   --->   Operation 170 'writeresp' 'empty_88' <Predicate = (empty_86)> <Delay = 7.30> <CoreInst = "m_axi">   --->   Core 121 'm_axi' <Latency = 0> <II = 1> <Delay = 1.00> <Adapter> <Opcode : 'read' 'write' 'readreq' 'writereq' 'writeresp'>

State 60 <SV = 59> <Delay = 7.30>
ST_60 : Operation 171 [12/68] (7.30ns)   --->   "%empty_88 = writeresp i1 @_ssdm_op_WriteResp.m_axi.p1i512, i512 %gmem_addr" [forward_prop/src/forward_prop.cpp:534]   --->   Operation 171 'writeresp' 'empty_88' <Predicate = (empty_86)> <Delay = 7.30> <CoreInst = "m_axi">   --->   Core 121 'm_axi' <Latency = 0> <II = 1> <Delay = 1.00> <Adapter> <Opcode : 'read' 'write' 'readreq' 'writereq' 'writeresp'>

State 61 <SV = 60> <Delay = 7.30>
ST_61 : Operation 172 [11/68] (7.30ns)   --->   "%empty_88 = writeresp i1 @_ssdm_op_WriteResp.m_axi.p1i512, i512 %gmem_addr" [forward_prop/src/forward_prop.cpp:534]   --->   Operation 172 'writeresp' 'empty_88' <Predicate = (empty_86)> <Delay = 7.30> <CoreInst = "m_axi">   --->   Core 121 'm_axi' <Latency = 0> <II = 1> <Delay = 1.00> <Adapter> <Opcode : 'read' 'write' 'readreq' 'writereq' 'writeresp'>

State 62 <SV = 61> <Delay = 7.30>
ST_62 : Operation 173 [10/68] (7.30ns)   --->   "%empty_88 = writeresp i1 @_ssdm_op_WriteResp.m_axi.p1i512, i512 %gmem_addr" [forward_prop/src/forward_prop.cpp:534]   --->   Operation 173 'writeresp' 'empty_88' <Predicate = (empty_86)> <Delay = 7.30> <CoreInst = "m_axi">   --->   Core 121 'm_axi' <Latency = 0> <II = 1> <Delay = 1.00> <Adapter> <Opcode : 'read' 'write' 'readreq' 'writereq' 'writeresp'>

State 63 <SV = 62> <Delay = 7.30>
ST_63 : Operation 174 [9/68] (7.30ns)   --->   "%empty_88 = writeresp i1 @_ssdm_op_WriteResp.m_axi.p1i512, i512 %gmem_addr" [forward_prop/src/forward_prop.cpp:534]   --->   Operation 174 'writeresp' 'empty_88' <Predicate = (empty_86)> <Delay = 7.30> <CoreInst = "m_axi">   --->   Core 121 'm_axi' <Latency = 0> <II = 1> <Delay = 1.00> <Adapter> <Opcode : 'read' 'write' 'readreq' 'writereq' 'writeresp'>

State 64 <SV = 63> <Delay = 7.30>
ST_64 : Operation 175 [8/68] (7.30ns)   --->   "%empty_88 = writeresp i1 @_ssdm_op_WriteResp.m_axi.p1i512, i512 %gmem_addr" [forward_prop/src/forward_prop.cpp:534]   --->   Operation 175 'writeresp' 'empty_88' <Predicate = (empty_86)> <Delay = 7.30> <CoreInst = "m_axi">   --->   Core 121 'm_axi' <Latency = 0> <II = 1> <Delay = 1.00> <Adapter> <Opcode : 'read' 'write' 'readreq' 'writereq' 'writeresp'>

State 65 <SV = 64> <Delay = 7.30>
ST_65 : Operation 176 [7/68] (7.30ns)   --->   "%empty_88 = writeresp i1 @_ssdm_op_WriteResp.m_axi.p1i512, i512 %gmem_addr" [forward_prop/src/forward_prop.cpp:534]   --->   Operation 176 'writeresp' 'empty_88' <Predicate = (empty_86)> <Delay = 7.30> <CoreInst = "m_axi">   --->   Core 121 'm_axi' <Latency = 0> <II = 1> <Delay = 1.00> <Adapter> <Opcode : 'read' 'write' 'readreq' 'writereq' 'writeresp'>

State 66 <SV = 65> <Delay = 7.30>
ST_66 : Operation 177 [6/68] (7.30ns)   --->   "%empty_88 = writeresp i1 @_ssdm_op_WriteResp.m_axi.p1i512, i512 %gmem_addr" [forward_prop/src/forward_prop.cpp:534]   --->   Operation 177 'writeresp' 'empty_88' <Predicate = (empty_86)> <Delay = 7.30> <CoreInst = "m_axi">   --->   Core 121 'm_axi' <Latency = 0> <II = 1> <Delay = 1.00> <Adapter> <Opcode : 'read' 'write' 'readreq' 'writereq' 'writeresp'>

State 67 <SV = 66> <Delay = 7.30>
ST_67 : Operation 178 [5/68] (7.30ns)   --->   "%empty_88 = writeresp i1 @_ssdm_op_WriteResp.m_axi.p1i512, i512 %gmem_addr" [forward_prop/src/forward_prop.cpp:534]   --->   Operation 178 'writeresp' 'empty_88' <Predicate = (empty_86)> <Delay = 7.30> <CoreInst = "m_axi">   --->   Core 121 'm_axi' <Latency = 0> <II = 1> <Delay = 1.00> <Adapter> <Opcode : 'read' 'write' 'readreq' 'writereq' 'writeresp'>

State 68 <SV = 67> <Delay = 7.30>
ST_68 : Operation 179 [4/68] (7.30ns)   --->   "%empty_88 = writeresp i1 @_ssdm_op_WriteResp.m_axi.p1i512, i512 %gmem_addr" [forward_prop/src/forward_prop.cpp:534]   --->   Operation 179 'writeresp' 'empty_88' <Predicate = (empty_86)> <Delay = 7.30> <CoreInst = "m_axi">   --->   Core 121 'm_axi' <Latency = 0> <II = 1> <Delay = 1.00> <Adapter> <Opcode : 'read' 'write' 'readreq' 'writereq' 'writeresp'>

State 69 <SV = 68> <Delay = 7.30>
ST_69 : Operation 180 [3/68] (7.30ns)   --->   "%empty_88 = writeresp i1 @_ssdm_op_WriteResp.m_axi.p1i512, i512 %gmem_addr" [forward_prop/src/forward_prop.cpp:534]   --->   Operation 180 'writeresp' 'empty_88' <Predicate = (empty_86)> <Delay = 7.30> <CoreInst = "m_axi">   --->   Core 121 'm_axi' <Latency = 0> <II = 1> <Delay = 1.00> <Adapter> <Opcode : 'read' 'write' 'readreq' 'writereq' 'writeresp'>

State 70 <SV = 69> <Delay = 7.30>
ST_70 : Operation 181 [2/68] (7.30ns)   --->   "%empty_88 = writeresp i1 @_ssdm_op_WriteResp.m_axi.p1i512, i512 %gmem_addr" [forward_prop/src/forward_prop.cpp:534]   --->   Operation 181 'writeresp' 'empty_88' <Predicate = (empty_86)> <Delay = 7.30> <CoreInst = "m_axi">   --->   Core 121 'm_axi' <Latency = 0> <II = 1> <Delay = 1.00> <Adapter> <Opcode : 'read' 'write' 'readreq' 'writereq' 'writeresp'>
ST_70 : Operation 184 [1/1] (0.00ns)   --->   "%ret_ln0 = ret"   --->   Operation 184 'ret' 'ret_ln0' <Predicate = (icmp_ln533)> <Delay = 0.00>

State 71 <SV = 70> <Delay = 7.30>
ST_71 : Operation 182 [1/68] (7.30ns)   --->   "%empty_88 = writeresp i1 @_ssdm_op_WriteResp.m_axi.p1i512, i512 %gmem_addr" [forward_prop/src/forward_prop.cpp:534]   --->   Operation 182 'writeresp' 'empty_88' <Predicate = (empty_86)> <Delay = 7.30> <CoreInst = "m_axi">   --->   Core 121 'm_axi' <Latency = 0> <II = 1> <Delay = 1.00> <Adapter> <Opcode : 'read' 'write' 'readreq' 'writereq' 'writeresp'>
ST_71 : Operation 183 [1/1] (0.00ns)   --->   "%br_ln534 = br void %for.inc53.split._crit_edge" [forward_prop/src/forward_prop.cpp:534]   --->   Operation 183 'br' 'br_ln534' <Predicate = (empty_86)> <Delay = 0.00>


============================================================
+ Verbose Summary: Timing violations
============================================================
Target clock period: 10ns, clock uncertainty: 2.7ns.

 <State 1>: 1.36ns
The critical path consists of the following:
	'alloca' operation ('i') [6]  (0 ns)
	'load' operation ('i') on local variable 'i' [15]  (0 ns)
	'add' operation ('add_ln534', forward_prop/src/forward_prop.cpp:534) [32]  (1.36 ns)

 <State 2>: 7.3ns
The critical path consists of the following:
	'getelementptr' operation ('gmem_addr', forward_prop/src/forward_prop.cpp:534) [42]  (0 ns)
	bus request operation ('empty_87', forward_prop/src/forward_prop.cpp:534) on port 'gmem' (forward_prop/src/forward_prop.cpp:534) [43]  (7.3 ns)

 <State 3>: 7.3ns
The critical path consists of the following:
	bus write operation ('write_ln534', forward_prop/src/forward_prop.cpp:534) on port 'gmem' (forward_prop/src/forward_prop.cpp:534) [44]  (7.3 ns)

 <State 4>: 7.3ns
The critical path consists of the following:
	bus response operation ('empty_88', forward_prop/src/forward_prop.cpp:534) on port 'gmem' (forward_prop/src/forward_prop.cpp:534) [45]  (7.3 ns)

 <State 5>: 7.3ns
The critical path consists of the following:
	bus response operation ('empty_88', forward_prop/src/forward_prop.cpp:534) on port 'gmem' (forward_prop/src/forward_prop.cpp:534) [45]  (7.3 ns)

 <State 6>: 7.3ns
The critical path consists of the following:
	bus response operation ('empty_88', forward_prop/src/forward_prop.cpp:534) on port 'gmem' (forward_prop/src/forward_prop.cpp:534) [45]  (7.3 ns)

 <State 7>: 7.3ns
The critical path consists of the following:
	bus response operation ('empty_88', forward_prop/src/forward_prop.cpp:534) on port 'gmem' (forward_prop/src/forward_prop.cpp:534) [45]  (7.3 ns)

 <State 8>: 7.3ns
The critical path consists of the following:
	bus response operation ('empty_88', forward_prop/src/forward_prop.cpp:534) on port 'gmem' (forward_prop/src/forward_prop.cpp:534) [45]  (7.3 ns)

 <State 9>: 7.3ns
The critical path consists of the following:
	bus response operation ('empty_88', forward_prop/src/forward_prop.cpp:534) on port 'gmem' (forward_prop/src/forward_prop.cpp:534) [45]  (7.3 ns)

 <State 10>: 7.3ns
The critical path consists of the following:
	bus response operation ('empty_88', forward_prop/src/forward_prop.cpp:534) on port 'gmem' (forward_prop/src/forward_prop.cpp:534) [45]  (7.3 ns)

 <State 11>: 7.3ns
The critical path consists of the following:
	bus response operation ('empty_88', forward_prop/src/forward_prop.cpp:534) on port 'gmem' (forward_prop/src/forward_prop.cpp:534) [45]  (7.3 ns)

 <State 12>: 7.3ns
The critical path consists of the following:
	bus response operation ('empty_88', forward_prop/src/forward_prop.cpp:534) on port 'gmem' (forward_prop/src/forward_prop.cpp:534) [45]  (7.3 ns)

 <State 13>: 7.3ns
The critical path consists of the following:
	bus response operation ('empty_88', forward_prop/src/forward_prop.cpp:534) on port 'gmem' (forward_prop/src/forward_prop.cpp:534) [45]  (7.3 ns)

 <State 14>: 7.3ns
The critical path consists of the following:
	bus response operation ('empty_88', forward_prop/src/forward_prop.cpp:534) on port 'gmem' (forward_prop/src/forward_prop.cpp:534) [45]  (7.3 ns)

 <State 15>: 7.3ns
The critical path consists of the following:
	bus response operation ('empty_88', forward_prop/src/forward_prop.cpp:534) on port 'gmem' (forward_prop/src/forward_prop.cpp:534) [45]  (7.3 ns)

 <State 16>: 7.3ns
The critical path consists of the following:
	bus response operation ('empty_88', forward_prop/src/forward_prop.cpp:534) on port 'gmem' (forward_prop/src/forward_prop.cpp:534) [45]  (7.3 ns)

 <State 17>: 7.3ns
The critical path consists of the following:
	bus response operation ('empty_88', forward_prop/src/forward_prop.cpp:534) on port 'gmem' (forward_prop/src/forward_prop.cpp:534) [45]  (7.3 ns)

 <State 18>: 7.3ns
The critical path consists of the following:
	bus response operation ('empty_88', forward_prop/src/forward_prop.cpp:534) on port 'gmem' (forward_prop/src/forward_prop.cpp:534) [45]  (7.3 ns)

 <State 19>: 7.3ns
The critical path consists of the following:
	bus response operation ('empty_88', forward_prop/src/forward_prop.cpp:534) on port 'gmem' (forward_prop/src/forward_prop.cpp:534) [45]  (7.3 ns)

 <State 20>: 7.3ns
The critical path consists of the following:
	bus response operation ('empty_88', forward_prop/src/forward_prop.cpp:534) on port 'gmem' (forward_prop/src/forward_prop.cpp:534) [45]  (7.3 ns)

 <State 21>: 7.3ns
The critical path consists of the following:
	bus response operation ('empty_88', forward_prop/src/forward_prop.cpp:534) on port 'gmem' (forward_prop/src/forward_prop.cpp:534) [45]  (7.3 ns)

 <State 22>: 7.3ns
The critical path consists of the following:
	bus response operation ('empty_88', forward_prop/src/forward_prop.cpp:534) on port 'gmem' (forward_prop/src/forward_prop.cpp:534) [45]  (7.3 ns)

 <State 23>: 7.3ns
The critical path consists of the following:
	bus response operation ('empty_88', forward_prop/src/forward_prop.cpp:534) on port 'gmem' (forward_prop/src/forward_prop.cpp:534) [45]  (7.3 ns)

 <State 24>: 7.3ns
The critical path consists of the following:
	bus response operation ('empty_88', forward_prop/src/forward_prop.cpp:534) on port 'gmem' (forward_prop/src/forward_prop.cpp:534) [45]  (7.3 ns)

 <State 25>: 7.3ns
The critical path consists of the following:
	bus response operation ('empty_88', forward_prop/src/forward_prop.cpp:534) on port 'gmem' (forward_prop/src/forward_prop.cpp:534) [45]  (7.3 ns)

 <State 26>: 7.3ns
The critical path consists of the following:
	bus response operation ('empty_88', forward_prop/src/forward_prop.cpp:534) on port 'gmem' (forward_prop/src/forward_prop.cpp:534) [45]  (7.3 ns)

 <State 27>: 7.3ns
The critical path consists of the following:
	bus response operation ('empty_88', forward_prop/src/forward_prop.cpp:534) on port 'gmem' (forward_prop/src/forward_prop.cpp:534) [45]  (7.3 ns)

 <State 28>: 7.3ns
The critical path consists of the following:
	bus response operation ('empty_88', forward_prop/src/forward_prop.cpp:534) on port 'gmem' (forward_prop/src/forward_prop.cpp:534) [45]  (7.3 ns)

 <State 29>: 7.3ns
The critical path consists of the following:
	bus response operation ('empty_88', forward_prop/src/forward_prop.cpp:534) on port 'gmem' (forward_prop/src/forward_prop.cpp:534) [45]  (7.3 ns)

 <State 30>: 7.3ns
The critical path consists of the following:
	bus response operation ('empty_88', forward_prop/src/forward_prop.cpp:534) on port 'gmem' (forward_prop/src/forward_prop.cpp:534) [45]  (7.3 ns)

 <State 31>: 7.3ns
The critical path consists of the following:
	bus response operation ('empty_88', forward_prop/src/forward_prop.cpp:534) on port 'gmem' (forward_prop/src/forward_prop.cpp:534) [45]  (7.3 ns)

 <State 32>: 7.3ns
The critical path consists of the following:
	bus response operation ('empty_88', forward_prop/src/forward_prop.cpp:534) on port 'gmem' (forward_prop/src/forward_prop.cpp:534) [45]  (7.3 ns)

 <State 33>: 7.3ns
The critical path consists of the following:
	bus response operation ('empty_88', forward_prop/src/forward_prop.cpp:534) on port 'gmem' (forward_prop/src/forward_prop.cpp:534) [45]  (7.3 ns)

 <State 34>: 7.3ns
The critical path consists of the following:
	bus response operation ('empty_88', forward_prop/src/forward_prop.cpp:534) on port 'gmem' (forward_prop/src/forward_prop.cpp:534) [45]  (7.3 ns)

 <State 35>: 7.3ns
The critical path consists of the following:
	bus response operation ('empty_88', forward_prop/src/forward_prop.cpp:534) on port 'gmem' (forward_prop/src/forward_prop.cpp:534) [45]  (7.3 ns)

 <State 36>: 7.3ns
The critical path consists of the following:
	bus response operation ('empty_88', forward_prop/src/forward_prop.cpp:534) on port 'gmem' (forward_prop/src/forward_prop.cpp:534) [45]  (7.3 ns)

 <State 37>: 7.3ns
The critical path consists of the following:
	bus response operation ('empty_88', forward_prop/src/forward_prop.cpp:534) on port 'gmem' (forward_prop/src/forward_prop.cpp:534) [45]  (7.3 ns)

 <State 38>: 7.3ns
The critical path consists of the following:
	bus response operation ('empty_88', forward_prop/src/forward_prop.cpp:534) on port 'gmem' (forward_prop/src/forward_prop.cpp:534) [45]  (7.3 ns)

 <State 39>: 7.3ns
The critical path consists of the following:
	bus response operation ('empty_88', forward_prop/src/forward_prop.cpp:534) on port 'gmem' (forward_prop/src/forward_prop.cpp:534) [45]  (7.3 ns)

 <State 40>: 7.3ns
The critical path consists of the following:
	bus response operation ('empty_88', forward_prop/src/forward_prop.cpp:534) on port 'gmem' (forward_prop/src/forward_prop.cpp:534) [45]  (7.3 ns)

 <State 41>: 7.3ns
The critical path consists of the following:
	bus response operation ('empty_88', forward_prop/src/forward_prop.cpp:534) on port 'gmem' (forward_prop/src/forward_prop.cpp:534) [45]  (7.3 ns)

 <State 42>: 7.3ns
The critical path consists of the following:
	bus response operation ('empty_88', forward_prop/src/forward_prop.cpp:534) on port 'gmem' (forward_prop/src/forward_prop.cpp:534) [45]  (7.3 ns)

 <State 43>: 7.3ns
The critical path consists of the following:
	bus response operation ('empty_88', forward_prop/src/forward_prop.cpp:534) on port 'gmem' (forward_prop/src/forward_prop.cpp:534) [45]  (7.3 ns)

 <State 44>: 7.3ns
The critical path consists of the following:
	bus response operation ('empty_88', forward_prop/src/forward_prop.cpp:534) on port 'gmem' (forward_prop/src/forward_prop.cpp:534) [45]  (7.3 ns)

 <State 45>: 7.3ns
The critical path consists of the following:
	bus response operation ('empty_88', forward_prop/src/forward_prop.cpp:534) on port 'gmem' (forward_prop/src/forward_prop.cpp:534) [45]  (7.3 ns)

 <State 46>: 7.3ns
The critical path consists of the following:
	bus response operation ('empty_88', forward_prop/src/forward_prop.cpp:534) on port 'gmem' (forward_prop/src/forward_prop.cpp:534) [45]  (7.3 ns)

 <State 47>: 7.3ns
The critical path consists of the following:
	bus response operation ('empty_88', forward_prop/src/forward_prop.cpp:534) on port 'gmem' (forward_prop/src/forward_prop.cpp:534) [45]  (7.3 ns)

 <State 48>: 7.3ns
The critical path consists of the following:
	bus response operation ('empty_88', forward_prop/src/forward_prop.cpp:534) on port 'gmem' (forward_prop/src/forward_prop.cpp:534) [45]  (7.3 ns)

 <State 49>: 7.3ns
The critical path consists of the following:
	bus response operation ('empty_88', forward_prop/src/forward_prop.cpp:534) on port 'gmem' (forward_prop/src/forward_prop.cpp:534) [45]  (7.3 ns)

 <State 50>: 7.3ns
The critical path consists of the following:
	bus response operation ('empty_88', forward_prop/src/forward_prop.cpp:534) on port 'gmem' (forward_prop/src/forward_prop.cpp:534) [45]  (7.3 ns)

 <State 51>: 7.3ns
The critical path consists of the following:
	bus response operation ('empty_88', forward_prop/src/forward_prop.cpp:534) on port 'gmem' (forward_prop/src/forward_prop.cpp:534) [45]  (7.3 ns)

 <State 52>: 7.3ns
The critical path consists of the following:
	bus response operation ('empty_88', forward_prop/src/forward_prop.cpp:534) on port 'gmem' (forward_prop/src/forward_prop.cpp:534) [45]  (7.3 ns)

 <State 53>: 7.3ns
The critical path consists of the following:
	bus response operation ('empty_88', forward_prop/src/forward_prop.cpp:534) on port 'gmem' (forward_prop/src/forward_prop.cpp:534) [45]  (7.3 ns)

 <State 54>: 7.3ns
The critical path consists of the following:
	bus response operation ('empty_88', forward_prop/src/forward_prop.cpp:534) on port 'gmem' (forward_prop/src/forward_prop.cpp:534) [45]  (7.3 ns)

 <State 55>: 7.3ns
The critical path consists of the following:
	bus response operation ('empty_88', forward_prop/src/forward_prop.cpp:534) on port 'gmem' (forward_prop/src/forward_prop.cpp:534) [45]  (7.3 ns)

 <State 56>: 7.3ns
The critical path consists of the following:
	bus response operation ('empty_88', forward_prop/src/forward_prop.cpp:534) on port 'gmem' (forward_prop/src/forward_prop.cpp:534) [45]  (7.3 ns)

 <State 57>: 7.3ns
The critical path consists of the following:
	bus response operation ('empty_88', forward_prop/src/forward_prop.cpp:534) on port 'gmem' (forward_prop/src/forward_prop.cpp:534) [45]  (7.3 ns)

 <State 58>: 7.3ns
The critical path consists of the following:
	bus response operation ('empty_88', forward_prop/src/forward_prop.cpp:534) on port 'gmem' (forward_prop/src/forward_prop.cpp:534) [45]  (7.3 ns)

 <State 59>: 7.3ns
The critical path consists of the following:
	bus response operation ('empty_88', forward_prop/src/forward_prop.cpp:534) on port 'gmem' (forward_prop/src/forward_prop.cpp:534) [45]  (7.3 ns)

 <State 60>: 7.3ns
The critical path consists of the following:
	bus response operation ('empty_88', forward_prop/src/forward_prop.cpp:534) on port 'gmem' (forward_prop/src/forward_prop.cpp:534) [45]  (7.3 ns)

 <State 61>: 7.3ns
The critical path consists of the following:
	bus response operation ('empty_88', forward_prop/src/forward_prop.cpp:534) on port 'gmem' (forward_prop/src/forward_prop.cpp:534) [45]  (7.3 ns)

 <State 62>: 7.3ns
The critical path consists of the following:
	bus response operation ('empty_88', forward_prop/src/forward_prop.cpp:534) on port 'gmem' (forward_prop/src/forward_prop.cpp:534) [45]  (7.3 ns)

 <State 63>: 7.3ns
The critical path consists of the following:
	bus response operation ('empty_88', forward_prop/src/forward_prop.cpp:534) on port 'gmem' (forward_prop/src/forward_prop.cpp:534) [45]  (7.3 ns)

 <State 64>: 7.3ns
The critical path consists of the following:
	bus response operation ('empty_88', forward_prop/src/forward_prop.cpp:534) on port 'gmem' (forward_prop/src/forward_prop.cpp:534) [45]  (7.3 ns)

 <State 65>: 7.3ns
The critical path consists of the following:
	bus response operation ('empty_88', forward_prop/src/forward_prop.cpp:534) on port 'gmem' (forward_prop/src/forward_prop.cpp:534) [45]  (7.3 ns)

 <State 66>: 7.3ns
The critical path consists of the following:
	bus response operation ('empty_88', forward_prop/src/forward_prop.cpp:534) on port 'gmem' (forward_prop/src/forward_prop.cpp:534) [45]  (7.3 ns)

 <State 67>: 7.3ns
The critical path consists of the following:
	bus response operation ('empty_88', forward_prop/src/forward_prop.cpp:534) on port 'gmem' (forward_prop/src/forward_prop.cpp:534) [45]  (7.3 ns)

 <State 68>: 7.3ns
The critical path consists of the following:
	bus response operation ('empty_88', forward_prop/src/forward_prop.cpp:534) on port 'gmem' (forward_prop/src/forward_prop.cpp:534) [45]  (7.3 ns)

 <State 69>: 7.3ns
The critical path consists of the following:
	bus response operation ('empty_88', forward_prop/src/forward_prop.cpp:534) on port 'gmem' (forward_prop/src/forward_prop.cpp:534) [45]  (7.3 ns)

 <State 70>: 7.3ns
The critical path consists of the following:
	bus response operation ('empty_88', forward_prop/src/forward_prop.cpp:534) on port 'gmem' (forward_prop/src/forward_prop.cpp:534) [45]  (7.3 ns)

 <State 71>: 7.3ns
The critical path consists of the following:
	bus response operation ('empty_88', forward_prop/src/forward_prop.cpp:534) on port 'gmem' (forward_prop/src/forward_prop.cpp:534) [45]  (7.3 ns)


============================================================
+ Verbose Summary: Binding
============================================================
N/A
* FSMD analyzer results:
  - Output states:
 - Input state : 
  - Chain level:
	State 1
	State 2
	State 3
	State 4
	State 5
	State 6
	State 7
	State 8
	State 9
	State 10
	State 11
	State 12
	State 13
	State 14
	State 15
	State 16
	State 17
	State 18
	State 19
	State 20
	State 21
	State 22
	State 23
	State 24
	State 25
	State 26
	State 27
	State 28
	State 29
	State 30
	State 31
	State 32
	State 33
	State 34
	State 35
	State 36
	State 37
	State 38
	State 39
	State 40
	State 41
	State 42
	State 43
	State 44
	State 45
	State 46
	State 47
	State 48
	State 49
	State 50
	State 51
	State 52
	State 53
	State 54
	State 55
	State 56
	State 57
	State 58
	State 59
	State 60
	State 61
	State 62
	State 63
	State 64
	State 65
	State 66
	State 67
	State 68
	State 69
	State 70
	State 71


============================================================
+ Verbose Summary: Datapath Resource usage 
============================================================
N/A
