

================================================================
== Vitis HLS Report for 'entry_proc'
================================================================
* Date:           Thu Oct 20 03:40:34 2022

* Version:        2022.1 (Build 3526262 on Mon Apr 18 15:47:01 MDT 2022)
* Project:        softmax_10_bp
* Solution:       solution1 (Vitis Kernel Flow Target)
* Product family: zynquplus
* Target device:  xczu9eg-ffvb1156-2-e


================================================================
== Performance Estimates
================================================================
+ Timing: 
    * Summary: 
    +--------+----------+----------+------------+
    |  Clock |  Target  | Estimated| Uncertainty|
    +--------+----------+----------+------------+
    |ap_clk  |  10.00 ns|  1.861 ns|     2.70 ns|
    +--------+----------+----------+------------+

+ Latency: 
    * Summary: 
    +---------+---------+----------+----------+-----+-----+---------+
    |  Latency (cycles) |  Latency (absolute) |  Interval | Pipeline|
    |   min   |   max   |    min   |    max   | min | max |   Type  |
    +---------+---------+----------+----------+-----+-----+---------+
    |        0|        0|      0 ns|      0 ns|    0|    0|       no|
    +---------+---------+----------+----------+-----+-----+---------+

    + Detail: 
        * Instance: 
        N/A

        * Loop: 
        N/A



================================================================
== Utilization Estimates
================================================================
* Summary: 
+-----------------+---------+------+--------+--------+-----+
|       Name      | BRAM_18K|  DSP |   FF   |   LUT  | URAM|
+-----------------+---------+------+--------+--------+-----+
|DSP              |        -|     -|       -|       -|    -|
|Expression       |        -|     -|       0|       2|    -|
|FIFO             |        -|     -|       -|       -|    -|
|Instance         |        -|     -|       -|       -|    -|
|Memory           |        -|     -|       -|       -|    -|
|Multiplexer      |        -|     -|       -|      36|    -|
|Register         |        -|     -|       3|       -|    -|
+-----------------+---------+------+--------+--------+-----+
|Total            |        0|     0|       3|      38|    0|
+-----------------+---------+------+--------+--------+-----+
|Available        |     1824|  2520|  548160|  274080|    0|
+-----------------+---------+------+--------+--------+-----+
|Utilization (%)  |        0|     0|      ~0|      ~0|    0|
+-----------------+---------+------+--------+--------+-----+

+ Detail: 
    * Instance: 
    N/A

    * DSP: 
    N/A

    * Memory: 
    N/A

    * FIFO: 
    N/A

    * Expression: 
    +-----------------+----------+----+---+----+------------+------------+
    |  Variable Name  | Operation| DSP| FF| LUT| Bitwidth P0| Bitwidth P1|
    +-----------------+----------+----+---+----+------------+------------+
    |ap_block_state1  |        or|   0|  0|   2|           1|           1|
    +-----------------+----------+----+---+----+------------+------------+
    |Total            |          |   0|  0|   2|           1|           1|
    +-----------------+----------+----+---+----+------------+------------+

    * Multiplexer: 
    +---------------------+----+-----------+-----+-----------+
    |         Name        | LUT| Input Size| Bits| Total Bits|
    +---------------------+----+-----------+-----+-----------+
    |ap_done              |   9|          2|    1|          2|
    |input_error_c_blk_n  |   9|          2|    1|          2|
    |label_r_c_blk_n      |   9|          2|    1|          2|
    |real_start           |   9|          2|    1|          2|
    +---------------------+----+-----------+-----+-----------+
    |Total                |  36|          8|    4|          8|
    +---------------------+----+-----------+-----+-----------+

    * Register: 
    +----------------+---+----+-----+-----------+
    |      Name      | FF| LUT| Bits| Const Bits|
    +----------------+---+----+-----+-----------+
    |ap_CS_fsm       |  1|   0|    1|          0|
    |ap_done_reg     |  1|   0|    1|          0|
    |start_once_reg  |  1|   0|    1|          0|
    +----------------+---+----+-----+-----------+
    |Total           |  3|   0|    3|          0|
    +----------------+---+----+-----+-----------+



================================================================
== Interface
================================================================
* Summary: 
+------------------------------+-----+-----+------------+---------------+--------------+
|           RTL Ports          | Dir | Bits|  Protocol  | Source Object |    C Type    |
+------------------------------+-----+-----+------------+---------------+--------------+
|ap_clk                        |   in|    1|  ap_ctrl_hs|     entry_proc|  return value|
|ap_rst                        |   in|    1|  ap_ctrl_hs|     entry_proc|  return value|
|ap_start                      |   in|    1|  ap_ctrl_hs|     entry_proc|  return value|
|start_full_n                  |   in|    1|  ap_ctrl_hs|     entry_proc|  return value|
|ap_done                       |  out|    1|  ap_ctrl_hs|     entry_proc|  return value|
|ap_continue                   |   in|    1|  ap_ctrl_hs|     entry_proc|  return value|
|ap_idle                       |  out|    1|  ap_ctrl_hs|     entry_proc|  return value|
|ap_ready                      |  out|    1|  ap_ctrl_hs|     entry_proc|  return value|
|start_out                     |  out|    1|  ap_ctrl_hs|     entry_proc|  return value|
|start_write                   |  out|    1|  ap_ctrl_hs|     entry_proc|  return value|
|label_r                       |   in|   32|     ap_none|        label_r|        scalar|
|label_r_c_din                 |  out|   32|     ap_fifo|      label_r_c|       pointer|
|label_r_c_num_data_valid      |   in|    3|     ap_fifo|      label_r_c|       pointer|
|label_r_c_fifo_cap            |   in|    3|     ap_fifo|      label_r_c|       pointer|
|label_r_c_full_n              |   in|    1|     ap_fifo|      label_r_c|       pointer|
|label_r_c_write               |  out|    1|     ap_fifo|      label_r_c|       pointer|
|input_error                   |   in|   64|     ap_none|    input_error|        scalar|
|input_error_c_din             |  out|   64|     ap_fifo|  input_error_c|       pointer|
|input_error_c_num_data_valid  |   in|    4|     ap_fifo|  input_error_c|       pointer|
|input_error_c_fifo_cap        |   in|    4|     ap_fifo|  input_error_c|       pointer|
|input_error_c_full_n          |   in|    1|     ap_fifo|  input_error_c|       pointer|
|input_error_c_write           |  out|    1|     ap_fifo|  input_error_c|       pointer|
+------------------------------+-----+-----+------------+---------------+--------------+

