

================================================================
== Vitis HLS Report for 'save_variables_locally_10u_128u_s'
================================================================
* Date:           Thu Oct 20 03:40:35 2022

* Version:        2022.1 (Build 3526262 on Mon Apr 18 15:47:01 MDT 2022)
* Project:        softmax_10_bp
* Solution:       solution1 (Vitis Kernel Flow Target)
* Product family: zynquplus
* Target device:  xczu9eg-ffvb1156-2-e


================================================================
== Performance Estimates
================================================================
+ Timing: 
    * Summary: 
    +--------+----------+----------+------------+
    |  Clock |  Target  | Estimated| Uncertainty|
    +--------+----------+----------+------------+
    |ap_clk  |  10.00 ns|  7.300 ns|     2.70 ns|
    +--------+----------+----------+------------+

+ Latency: 
    * Summary: 
    +---------+---------+-----------+-----------+------+------+---------+
    |  Latency (cycles) |   Latency (absolute)  |   Interval  | Pipeline|
    |   min   |   max   |    min    |    max    |  min |  max |   Type  |
    +---------+---------+-----------+-----------+------+------+---------+
    |     1439|     1439|  14.390 us|  14.390 us|  1439|  1439|       no|
    +---------+---------+-----------+-----------+------+------+---------+

    + Detail: 
        * Instance: 
        +-------------------------------------------------------------------+---------------------------------------------------------+---------+---------+-----------+-----------+------+------+---------+
        |                                                                   |                                                         |  Latency (cycles) |   Latency (absolute)  |   Interval  | Pipeline|
        |                              Instance                             |                          Module                         |   min   |   max   |    min    |    max    |  min |  max |   Type  |
        +-------------------------------------------------------------------+---------------------------------------------------------+---------+---------+-----------+-----------+------+------+---------+
        |grp_save_variables_locally_10u_128u_Pipeline_save_weights_L_fu_52  |save_variables_locally_10u_128u_Pipeline_save_weights_L  |     1353|     1353|  13.530 us|  13.530 us|  1353|  1353|       no|
        |grp_save_variables_locally_10u_128u_Pipeline_stream_input_fu_63    |save_variables_locally_10u_128u_Pipeline_stream_input    |       83|       83|   0.830 us|   0.830 us|    83|    83|       no|
        +-------------------------------------------------------------------+---------------------------------------------------------+---------+---------+-----------+-----------+------+------+---------+

        * Loop: 
        N/A



================================================================
== Utilization Estimates
================================================================
* Summary: 
+-----------------+---------+------+--------+--------+-----+
|       Name      | BRAM_18K|  DSP |   FF   |   LUT  | URAM|
+-----------------+---------+------+--------+--------+-----+
|DSP              |        -|     -|       -|       -|    -|
|Expression       |        -|     -|       0|       2|    -|
|FIFO             |        -|     -|       -|       -|    -|
|Instance         |        -|     -|    2123|    6584|    -|
|Memory           |        -|     -|       -|       -|    -|
|Multiplexer      |        -|     -|       -|     226|    -|
|Register         |        -|     -|      19|       -|    -|
+-----------------+---------+------+--------+--------+-----+
|Total            |        0|     0|    2142|    6812|    0|
+-----------------+---------+------+--------+--------+-----+
|Available        |     1824|  2520|  548160|  274080|    0|
+-----------------+---------+------+--------+--------+-----+
|Utilization (%)  |        0|     0|      ~0|       2|    0|
+-----------------+---------+------+--------+--------+-----+

+ Detail: 
    * Instance: 
    +-------------------------------------------------------------------+---------------------------------------------------------+---------+----+------+------+-----+
    |                              Instance                             |                          Module                         | BRAM_18K| DSP|  FF  |  LUT | URAM|
    +-------------------------------------------------------------------+---------------------------------------------------------+---------+----+------+------+-----+
    |grp_save_variables_locally_10u_128u_Pipeline_save_weights_L_fu_52  |save_variables_locally_10u_128u_Pipeline_save_weights_L  |        0|   0|  1172|  4112|    0|
    |grp_save_variables_locally_10u_128u_Pipeline_stream_input_fu_63    |save_variables_locally_10u_128u_Pipeline_stream_input    |        0|   0|   951|  2472|    0|
    +-------------------------------------------------------------------+---------------------------------------------------------+---------+----+------+------+-----+
    |Total                                                              |                                                         |        0|   0|  2123|  6584|    0|
    +-------------------------------------------------------------------+---------------------------------------------------------+---------+----+------+------+-----+

    * DSP: 
    N/A

    * Memory: 
    N/A

    * FIFO: 
    N/A

    * Expression: 
    +-----------------+----------+----+---+----+------------+------------+
    |  Variable Name  | Operation| DSP| FF| LUT| Bitwidth P0| Bitwidth P1|
    +-----------------+----------+----+---+----+------------+------------+
    |ap_block_state1  |        or|   0|  0|   2|           1|           1|
    +-----------------+----------+----+---+----+------------+------------+
    |Total            |          |   0|  0|   2|           1|           1|
    +-----------------+----------+----+---+----+------------+------------+

    * Multiplexer: 
    +------------------------------+----+-----------+-----+-----------+
    |             Name             | LUT| Input Size| Bits| Total Bits|
    +------------------------------+----+-----------+-----+-----------+
    |ap_NS_fsm                     |  26|          5|    1|          5|
    |ap_done                       |   9|          2|    1|          2|
    |m_axi_gmem_ARADDR             |  14|          3|   64|        192|
    |m_axi_gmem_ARBURST            |  14|          3|    2|          6|
    |m_axi_gmem_ARCACHE            |  14|          3|    4|         12|
    |m_axi_gmem_ARID               |  14|          3|    1|          3|
    |m_axi_gmem_ARLEN              |  14|          3|   32|         96|
    |m_axi_gmem_ARLOCK             |  14|          3|    2|          6|
    |m_axi_gmem_ARPROT             |  14|          3|    3|          9|
    |m_axi_gmem_ARQOS              |  14|          3|    4|         12|
    |m_axi_gmem_ARREGION           |  14|          3|    4|         12|
    |m_axi_gmem_ARSIZE             |  14|          3|    3|          9|
    |m_axi_gmem_ARUSER             |  14|          3|    1|          3|
    |m_axi_gmem_ARVALID            |  14|          3|    1|          3|
    |m_axi_gmem_RREADY             |  14|          3|    1|          3|
    |softmax_f_map_stream14_write  |   9|          2|    1|          2|
    +------------------------------+----+-----------+-----+-----------+
    |Total                         | 226|         48|  125|        375|
    +------------------------------+----+-----------+-----+-----------+

    * Register: 
    +--------------------------------------------------------------------------------+---+----+-----+-----------+
    |                                      Name                                      | FF| LUT| Bits| Const Bits|
    +--------------------------------------------------------------------------------+---+----+-----+-----------+
    |ap_CS_fsm                                                                       |  4|   0|    4|          0|
    |ap_done_reg                                                                     |  1|   0|    1|          0|
    |empty_reg_87                                                                    |  6|   0|    6|          0|
    |grp_save_variables_locally_10u_128u_Pipeline_save_weights_L_fu_52_ap_start_reg  |  1|   0|    1|          0|
    |grp_save_variables_locally_10u_128u_Pipeline_stream_input_fu_63_ap_start_reg    |  1|   0|    1|          0|
    |trunc_ln174_reg_97                                                              |  6|   0|    6|          0|
    +--------------------------------------------------------------------------------+---+----+-----+-----------+
    |Total                                                                           | 19|   0|   19|          0|
    +--------------------------------------------------------------------------------+---+----+-----+-----------+



================================================================
== Interface
================================================================
* Summary: 
+---------------------------------------+-----+-----+------------+-----------------------------------+--------------+
|               RTL Ports               | Dir | Bits|  Protocol  |           Source Object           |    C Type    |
+---------------------------------------+-----+-----+------------+-----------------------------------+--------------+
|ap_clk                                 |   in|    1|  ap_ctrl_hs|  save_variables_locally<10u, 128u>|  return value|
|ap_rst                                 |   in|    1|  ap_ctrl_hs|  save_variables_locally<10u, 128u>|  return value|
|ap_start                               |   in|    1|  ap_ctrl_hs|  save_variables_locally<10u, 128u>|  return value|
|ap_done                                |  out|    1|  ap_ctrl_hs|  save_variables_locally<10u, 128u>|  return value|
|ap_continue                            |   in|    1|  ap_ctrl_hs|  save_variables_locally<10u, 128u>|  return value|
|ap_idle                                |  out|    1|  ap_ctrl_hs|  save_variables_locally<10u, 128u>|  return value|
|ap_ready                               |  out|    1|  ap_ctrl_hs|  save_variables_locally<10u, 128u>|  return value|
|m_axi_gmem_AWVALID                     |  out|    1|       m_axi|                               gmem|       pointer|
|m_axi_gmem_AWREADY                     |   in|    1|       m_axi|                               gmem|       pointer|
|m_axi_gmem_AWADDR                      |  out|   64|       m_axi|                               gmem|       pointer|
|m_axi_gmem_AWID                        |  out|    1|       m_axi|                               gmem|       pointer|
|m_axi_gmem_AWLEN                       |  out|   32|       m_axi|                               gmem|       pointer|
|m_axi_gmem_AWSIZE                      |  out|    3|       m_axi|                               gmem|       pointer|
|m_axi_gmem_AWBURST                     |  out|    2|       m_axi|                               gmem|       pointer|
|m_axi_gmem_AWLOCK                      |  out|    2|       m_axi|                               gmem|       pointer|
|m_axi_gmem_AWCACHE                     |  out|    4|       m_axi|                               gmem|       pointer|
|m_axi_gmem_AWPROT                      |  out|    3|       m_axi|                               gmem|       pointer|
|m_axi_gmem_AWQOS                       |  out|    4|       m_axi|                               gmem|       pointer|
|m_axi_gmem_AWREGION                    |  out|    4|       m_axi|                               gmem|       pointer|
|m_axi_gmem_AWUSER                      |  out|    1|       m_axi|                               gmem|       pointer|
|m_axi_gmem_WVALID                      |  out|    1|       m_axi|                               gmem|       pointer|
|m_axi_gmem_WREADY                      |   in|    1|       m_axi|                               gmem|       pointer|
|m_axi_gmem_WDATA                       |  out|  512|       m_axi|                               gmem|       pointer|
|m_axi_gmem_WSTRB                       |  out|   64|       m_axi|                               gmem|       pointer|
|m_axi_gmem_WLAST                       |  out|    1|       m_axi|                               gmem|       pointer|
|m_axi_gmem_WID                         |  out|    1|       m_axi|                               gmem|       pointer|
|m_axi_gmem_WUSER                       |  out|    1|       m_axi|                               gmem|       pointer|
|m_axi_gmem_ARVALID                     |  out|    1|       m_axi|                               gmem|       pointer|
|m_axi_gmem_ARREADY                     |   in|    1|       m_axi|                               gmem|       pointer|
|m_axi_gmem_ARADDR                      |  out|   64|       m_axi|                               gmem|       pointer|
|m_axi_gmem_ARID                        |  out|    1|       m_axi|                               gmem|       pointer|
|m_axi_gmem_ARLEN                       |  out|   32|       m_axi|                               gmem|       pointer|
|m_axi_gmem_ARSIZE                      |  out|    3|       m_axi|                               gmem|       pointer|
|m_axi_gmem_ARBURST                     |  out|    2|       m_axi|                               gmem|       pointer|
|m_axi_gmem_ARLOCK                      |  out|    2|       m_axi|                               gmem|       pointer|
|m_axi_gmem_ARCACHE                     |  out|    4|       m_axi|                               gmem|       pointer|
|m_axi_gmem_ARPROT                      |  out|    3|       m_axi|                               gmem|       pointer|
|m_axi_gmem_ARQOS                       |  out|    4|       m_axi|                               gmem|       pointer|
|m_axi_gmem_ARREGION                    |  out|    4|       m_axi|                               gmem|       pointer|
|m_axi_gmem_ARUSER                      |  out|    1|       m_axi|                               gmem|       pointer|
|m_axi_gmem_RVALID                      |   in|    1|       m_axi|                               gmem|       pointer|
|m_axi_gmem_RREADY                      |  out|    1|       m_axi|                               gmem|       pointer|
|m_axi_gmem_RDATA                       |   in|  512|       m_axi|                               gmem|       pointer|
|m_axi_gmem_RLAST                       |   in|    1|       m_axi|                               gmem|       pointer|
|m_axi_gmem_RID                         |   in|    1|       m_axi|                               gmem|       pointer|
|m_axi_gmem_RFIFONUM                    |   in|    9|       m_axi|                               gmem|       pointer|
|m_axi_gmem_RUSER                       |   in|    1|       m_axi|                               gmem|       pointer|
|m_axi_gmem_RRESP                       |   in|    2|       m_axi|                               gmem|       pointer|
|m_axi_gmem_BVALID                      |   in|    1|       m_axi|                               gmem|       pointer|
|m_axi_gmem_BREADY                      |  out|    1|       m_axi|                               gmem|       pointer|
|m_axi_gmem_BRESP                       |   in|    2|       m_axi|                               gmem|       pointer|
|m_axi_gmem_BID                         |   in|    1|       m_axi|                               gmem|       pointer|
|m_axi_gmem_BUSER                       |   in|    1|       m_axi|                               gmem|       pointer|
|gmem_softmax_weights                   |   in|   64|     ap_none|               gmem_softmax_weights|        scalar|
|softmax_weights_address0               |  out|    7|   ap_memory|                    softmax_weights|         array|
|softmax_weights_ce0                    |  out|    1|   ap_memory|                    softmax_weights|         array|
|softmax_weights_we0                    |  out|   40|   ap_memory|                    softmax_weights|         array|
|softmax_weights_d0                     |  out|  320|   ap_memory|                    softmax_weights|         array|
|layer_output                           |   in|   64|     ap_none|                       layer_output|        scalar|
|softmax_f_map_stream14_din             |  out|   32|     ap_fifo|             softmax_f_map_stream14|       pointer|
|softmax_f_map_stream14_num_data_valid  |   in|    2|     ap_fifo|             softmax_f_map_stream14|       pointer|
|softmax_f_map_stream14_fifo_cap        |   in|    2|     ap_fifo|             softmax_f_map_stream14|       pointer|
|softmax_f_map_stream14_full_n          |   in|    1|     ap_fifo|             softmax_f_map_stream14|       pointer|
|softmax_f_map_stream14_write           |  out|    1|     ap_fifo|             softmax_f_map_stream14|       pointer|
+---------------------------------------+-----+-----+------------+-----------------------------------+--------------+

