

================================================================
== Vitis HLS Report for 'softmax_error_propagation_10u_128u_s'
================================================================
* Date:           Thu Oct 20 03:40:36 2022

* Version:        2022.1 (Build 3526262 on Mon Apr 18 15:47:01 MDT 2022)
* Project:        softmax_10_bp
* Solution:       solution1 (Vitis Kernel Flow Target)
* Product family: zynquplus
* Target device:  xczu9eg-ffvb1156-2-e


================================================================
== Performance Estimates
================================================================
+ Timing: 
    * Summary: 
    +--------+----------+----------+------------+
    |  Clock |  Target  | Estimated| Uncertainty|
    +--------+----------+----------+------------+
    |ap_clk  |  10.00 ns|  7.016 ns|     2.70 ns|
    +--------+----------+----------+------------+

+ Latency: 
    * Summary: 
    +---------+---------+----------+----------+-----+-----+---------+
    |  Latency (cycles) |  Latency (absolute) |  Interval | Pipeline|
    |   min   |   max   |    min   |    max   | min | max |   Type  |
    +---------+---------+----------+----------+-----+-----+---------+
    |      170|      170|  1.700 us|  1.700 us|  170|  170|       no|
    +---------+---------+----------+----------+-----+-----+---------+

    + Detail: 
        * Instance: 
        +---------------------------------------------------------------------------+----------------------------------------------------------------+---------+---------+----------+----------+-----+-----+---------+
        |                                                                           |                                                                |  Latency (cycles) |  Latency (absolute) |  Interval | Pipeline|
        |                                  Instance                                 |                             Module                             |   min   |   max   |    min   |    max   | min | max |   Type  |
        +---------------------------------------------------------------------------+----------------------------------------------------------------+---------+---------+----------+----------+-----+-----+---------+
        |grp_softmax_error_propagation_10u_128u_Pipeline_store_output_error_fu_137  |softmax_error_propagation_10u_128u_Pipeline_store_output_error  |       12|       12|  0.120 us|  0.120 us|   12|   12|       no|
        |grp_softmax_error_propagation_10u_128u_Pipeline_input_fu_145               |softmax_error_propagation_10u_128u_Pipeline_input               |      150|      150|  1.500 us|  1.500 us|  150|  150|       no|
        +---------------------------------------------------------------------------+----------------------------------------------------------------+---------+---------+----------+----------+-----+-----+---------+

        * Loop: 
        N/A



================================================================
== Utilization Estimates
================================================================
* Summary: 
+-----------------+---------+------+--------+--------+-----+
|       Name      | BRAM_18K|  DSP |   FF   |   LUT  | URAM|
+-----------------+---------+------+--------+--------+-----+
|DSP              |        -|     -|       -|       -|    -|
|Expression       |        -|     -|       0|       2|    -|
|FIFO             |        -|     -|       -|       -|    -|
|Instance         |        -|    48|    4569|    3549|    -|
|Memory           |        0|     -|      64|       5|    0|
|Multiplexer      |        -|     -|       -|     172|    -|
|Register         |        -|     -|     332|       -|    -|
+-----------------+---------+------+--------+--------+-----+
|Total            |        0|    48|    4965|    3728|    0|
+-----------------+---------+------+--------+--------+-----+
|Available        |     1824|  2520|  548160|  274080|    0|
+-----------------+---------+------+--------+--------+-----+
|Utilization (%)  |        0|     1|      ~0|       1|    0|
+-----------------+---------+------+--------+--------+-----+

+ Detail: 
    * Instance: 
    +---------------------------------------------------------------------------+----------------------------------------------------------------+---------+----+------+------+-----+
    |                                  Instance                                 |                             Module                             | BRAM_18K| DSP|  FF  |  LUT | URAM|
    +---------------------------------------------------------------------------+----------------------------------------------------------------+---------+----+------+------+-----+
    |grp_softmax_error_propagation_10u_128u_Pipeline_input_fu_145               |softmax_error_propagation_10u_128u_Pipeline_input               |        0|  48|  4558|  3479|    0|
    |grp_softmax_error_propagation_10u_128u_Pipeline_store_output_error_fu_137  |softmax_error_propagation_10u_128u_Pipeline_store_output_error  |        0|   0|    11|    70|    0|
    +---------------------------------------------------------------------------+----------------------------------------------------------------+---------+----+------+------+-----+
    |Total                                                                      |                                                                |        0|  48|  4569|  3549|    0|
    +---------------------------------------------------------------------------+----------------------------------------------------------------+---------+----+------+------+-----+

    * DSP: 
    N/A

    * Memory: 
    +----------------+-----------------------------------------------------------------+---------+----+----+-----+------+-----+------+-------------+
    |     Memory     |                              Module                             | BRAM_18K| FF | LUT| URAM| Words| Bits| Banks| W*Bits*Banks|
    +----------------+-----------------------------------------------------------------+---------+----+----+-----+------+-----+------+-------------+
    |output_error_U  |softmax_error_propagation_10u_128u_s_output_error_RAM_AUTO_1R1W  |        0|  64|   5|    0|    10|   32|     1|          320|
    +----------------+-----------------------------------------------------------------+---------+----+----+-----+------+-----+------+-------------+
    |Total           |                                                                 |        0|  64|   5|    0|    10|   32|     1|          320|
    +----------------+-----------------------------------------------------------------+---------+----+----+-----+------+-----+------+-------------+

    * FIFO: 
    N/A

    * Expression: 
    +-----------------+----------+----+---+----+------------+------------+
    |  Variable Name  | Operation| DSP| FF| LUT| Bitwidth P0| Bitwidth P1|
    +-----------------+----------+----+---+----+------------+------------+
    |ap_block_state1  |        or|   0|  0|   2|           1|           1|
    +-----------------+----------+----+---+----+------------+------------+
    |Total            |          |   0|  0|   2|           1|           1|
    +-----------------+----------+----+---+----+------------+------------+

    * Multiplexer: 
    +------------------------------------+----+-----------+-----+-----------+
    |                Name                | LUT| Input Size| Bits| Total Bits|
    +------------------------------------+----+-----------+-----+-----------+
    |ap_NS_fsm                           |  54|         10|    1|         10|
    |ap_done                             |   9|          2|    1|          2|
    |output_error_address0               |  37|          7|    4|         28|
    |output_error_address1               |  31|          6|    4|         24|
    |output_error_ce0                    |  14|          3|    1|          3|
    |output_error_we0                    |   9|          2|    1|          2|
    |softmax_input_error_stream16_write  |   9|          2|    1|          2|
    |softmax_output_error_stream15_read  |   9|          2|    1|          2|
    +------------------------------------+----+-----------+-----+-----------+
    |Total                               | 172|         34|   14|         73|
    +------------------------------------+----+-----------+-----+-----------+

    * Register: 
    +----------------------------------------------------------------------------------------+----+----+-----+-----------+
    |                                          Name                                          | FF | LUT| Bits| Const Bits|
    +----------------------------------------------------------------------------------------+----+----+-----+-----------+
    |ap_CS_fsm                                                                               |   9|   0|    9|          0|
    |ap_done_reg                                                                             |   1|   0|    1|          0|
    |grp_softmax_error_propagation_10u_128u_Pipeline_input_fu_145_ap_start_reg               |   1|   0|    1|          0|
    |grp_softmax_error_propagation_10u_128u_Pipeline_store_output_error_fu_137_ap_start_reg  |   1|   0|    1|          0|
    |output_error_load_1_reg_180                                                             |  32|   0|   32|          0|
    |output_error_load_2_reg_195                                                             |  32|   0|   32|          0|
    |output_error_load_3_reg_200                                                             |  32|   0|   32|          0|
    |output_error_load_4_reg_215                                                             |  32|   0|   32|          0|
    |output_error_load_5_reg_220                                                             |  32|   0|   32|          0|
    |output_error_load_6_reg_235                                                             |  32|   0|   32|          0|
    |output_error_load_7_reg_240                                                             |  32|   0|   32|          0|
    |output_error_load_8_reg_255                                                             |  32|   0|   32|          0|
    |output_error_load_9_reg_260                                                             |  32|   0|   32|          0|
    |output_error_load_reg_175                                                               |  32|   0|   32|          0|
    +----------------------------------------------------------------------------------------+----+----+-----+-----------+
    |Total                                                                                   | 332|   0|  332|          0|
    +----------------------------------------------------------------------------------------+----+----+-----+-----------+



================================================================
== Interface
================================================================
* Summary: 
+----------------------------------------------+-----+-----+------------+--------------------------------------+--------------+
|                   RTL Ports                  | Dir | Bits|  Protocol  |             Source Object            |    C Type    |
+----------------------------------------------+-----+-----+------------+--------------------------------------+--------------+
|ap_clk                                        |   in|    1|  ap_ctrl_hs|  softmax_error_propagation<10u, 128u>|  return value|
|ap_rst                                        |   in|    1|  ap_ctrl_hs|  softmax_error_propagation<10u, 128u>|  return value|
|ap_start                                      |   in|    1|  ap_ctrl_hs|  softmax_error_propagation<10u, 128u>|  return value|
|ap_done                                       |  out|    1|  ap_ctrl_hs|  softmax_error_propagation<10u, 128u>|  return value|
|ap_continue                                   |   in|    1|  ap_ctrl_hs|  softmax_error_propagation<10u, 128u>|  return value|
|ap_idle                                       |  out|    1|  ap_ctrl_hs|  softmax_error_propagation<10u, 128u>|  return value|
|ap_ready                                      |  out|    1|  ap_ctrl_hs|  softmax_error_propagation<10u, 128u>|  return value|
|softmax_output_error_stream15_dout            |   in|   32|     ap_fifo|         softmax_output_error_stream15|       pointer|
|softmax_output_error_stream15_num_data_valid  |   in|    4|     ap_fifo|         softmax_output_error_stream15|       pointer|
|softmax_output_error_stream15_fifo_cap        |   in|    4|     ap_fifo|         softmax_output_error_stream15|       pointer|
|softmax_output_error_stream15_empty_n         |   in|    1|     ap_fifo|         softmax_output_error_stream15|       pointer|
|softmax_output_error_stream15_read            |  out|    1|     ap_fifo|         softmax_output_error_stream15|       pointer|
|weights_address0                              |  out|    7|   ap_memory|                               weights|         array|
|weights_ce0                                   |  out|    1|   ap_memory|                               weights|         array|
|weights_q0                                    |   in|  320|   ap_memory|                               weights|         array|
|softmax_input_error_stream16_din              |  out|   32|     ap_fifo|          softmax_input_error_stream16|       pointer|
|softmax_input_error_stream16_num_data_valid   |   in|    2|     ap_fifo|          softmax_input_error_stream16|       pointer|
|softmax_input_error_stream16_fifo_cap         |   in|    2|     ap_fifo|          softmax_input_error_stream16|       pointer|
|softmax_input_error_stream16_full_n           |   in|    1|     ap_fifo|          softmax_input_error_stream16|       pointer|
|softmax_input_error_stream16_write            |  out|    1|     ap_fifo|          softmax_input_error_stream16|       pointer|
+----------------------------------------------+-----+-----+------------+--------------------------------------+--------------+

