

================================================================
== Vitis HLS Report for 'softmax_error_propagation_10u_128u_Pipeline_store_output_error'
================================================================
* Date:           Thu Oct 20 03:40:35 2022

* Version:        2022.1 (Build 3526262 on Mon Apr 18 15:47:01 MDT 2022)
* Project:        softmax_10_bp
* Solution:       solution1 (Vitis Kernel Flow Target)
* Product family: zynquplus
* Target device:  xczu9eg-ffvb1156-2-e


================================================================
== Performance Estimates
================================================================
+ Timing: 
    * Summary: 
    +--------+----------+----------+------------+
    |  Clock |  Target  | Estimated| Uncertainty|
    +--------+----------+----------+------------+
    |ap_clk  |  10.00 ns|  2.562 ns|     2.70 ns|
    +--------+----------+----------+------------+

+ Latency: 
    * Summary: 
    +---------+---------+----------+----------+-----+-----+---------+
    |  Latency (cycles) |  Latency (absolute) |  Interval | Pipeline|
    |   min   |   max   |    min   |    max   | min | max |   Type  |
    +---------+---------+----------+----------+-----+-----+---------+
    |       12|       12|  0.120 us|  0.120 us|   12|   12|       no|
    +---------+---------+----------+----------+-----+-----+---------+

    + Detail: 
        * Instance: 
        N/A

        * Loop: 
        +----------------------+---------+---------+----------+-----------+-----------+------+----------+
        |                      |  Latency (cycles) | Iteration|  Initiation Interval  | Trip |          |
        |       Loop Name      |   min   |   max   |  Latency |  achieved |   target  | Count| Pipelined|
        +----------------------+---------+---------+----------+-----------+-----------+------+----------+
        |- store_output_error  |       10|       10|         2|          1|          1|    10|       yes|
        +----------------------+---------+---------+----------+-----------+-----------+------+----------+



================================================================
== Utilization Estimates
================================================================
* Summary: 
+-----------------+---------+------+--------+--------+-----+
|       Name      | BRAM_18K|  DSP |   FF   |   LUT  | URAM|
+-----------------+---------+------+--------+--------+-----+
|DSP              |        -|     -|       -|       -|    -|
|Expression       |        -|     -|       0|      25|    -|
|FIFO             |        -|     -|       -|       -|    -|
|Instance         |        -|     -|       -|       -|    -|
|Memory           |        -|     -|       -|       -|    -|
|Multiplexer      |        -|     -|       -|      45|    -|
|Register         |        -|     -|      11|       -|    -|
+-----------------+---------+------+--------+--------+-----+
|Total            |        0|     0|      11|      70|    0|
+-----------------+---------+------+--------+--------+-----+
|Available        |     1824|  2520|  548160|  274080|    0|
+-----------------+---------+------+--------+--------+-----+
|Utilization (%)  |        0|     0|      ~0|      ~0|    0|
+-----------------+---------+------+--------+--------+-----+

+ Detail: 
    * Instance: 
    N/A

    * DSP: 
    N/A

    * Memory: 
    N/A

    * FIFO: 
    N/A

    * Expression: 
    +---------------------------+----------+----+---+----+------------+------------+
    |       Variable Name       | Operation| DSP| FF| LUT| Bitwidth P0| Bitwidth P1|
    +---------------------------+----------+----+---+----+------------+------------+
    |add_ln35_fu_73_p2          |         +|   0|  0|  12|           4|           1|
    |ap_block_pp0_stage0_11001  |       and|   0|  0|   2|           1|           1|
    |icmp_ln35_fu_67_p2         |      icmp|   0|  0|   9|           4|           4|
    |ap_enable_pp0              |       xor|   0|  0|   2|           1|           2|
    +---------------------------+----------+----+---+----+------------+------------+
    |Total                      |          |   0|  0|  25|          10|           8|
    +---------------------------+----------+----+---+----+------------+------------+

    * Multiplexer: 
    +-------------------------------------+----+-----------+-----+-----------+
    |                 Name                | LUT| Input Size| Bits| Total Bits|
    +-------------------------------------+----+-----------+-----+-----------+
    |ap_done_int                          |   9|          2|    1|          2|
    |ap_enable_reg_pp0_iter1              |   9|          2|    1|          2|
    |ap_sig_allocacmp_kernel_3            |   9|          2|    4|          8|
    |kernel_fu_36                         |   9|          2|    4|          8|
    |softmax_output_error_stream15_blk_n  |   9|          2|    1|          2|
    +-------------------------------------+----+-----------+-----+-----------+
    |Total                                |  45|         10|   11|         22|
    +-------------------------------------+----+-----------+-----+-----------+

    * Register: 
    +-------------------------+---+----+-----+-----------+
    |           Name          | FF| LUT| Bits| Const Bits|
    +-------------------------+---+----+-----+-----------+
    |ap_CS_fsm                |  1|   0|    1|          0|
    |ap_done_reg              |  1|   0|    1|          0|
    |ap_enable_reg_pp0_iter1  |  1|   0|    1|          0|
    |kernel_3_reg_100         |  4|   0|    4|          0|
    |kernel_fu_36             |  4|   0|    4|          0|
    +-------------------------+---+----+-----+-----------+
    |Total                    | 11|   0|   11|          0|
    +-------------------------+---+----+-----+-----------+



================================================================
== Interface
================================================================
* Summary: 
+----------------------------------------------+-----+-----+------------+------------------------------------------------------------------+--------------+
|                   RTL Ports                  | Dir | Bits|  Protocol  |                           Source Object                          |    C Type    |
+----------------------------------------------+-----+-----+------------+------------------------------------------------------------------+--------------+
|ap_clk                                        |   in|    1|  ap_ctrl_hs|  softmax_error_propagation<10u, 128u>_Pipeline_store_output_error|  return value|
|ap_rst                                        |   in|    1|  ap_ctrl_hs|  softmax_error_propagation<10u, 128u>_Pipeline_store_output_error|  return value|
|ap_start                                      |   in|    1|  ap_ctrl_hs|  softmax_error_propagation<10u, 128u>_Pipeline_store_output_error|  return value|
|ap_done                                       |  out|    1|  ap_ctrl_hs|  softmax_error_propagation<10u, 128u>_Pipeline_store_output_error|  return value|
|ap_idle                                       |  out|    1|  ap_ctrl_hs|  softmax_error_propagation<10u, 128u>_Pipeline_store_output_error|  return value|
|ap_ready                                      |  out|    1|  ap_ctrl_hs|  softmax_error_propagation<10u, 128u>_Pipeline_store_output_error|  return value|
|softmax_output_error_stream15_dout            |   in|   32|     ap_fifo|                                     softmax_output_error_stream15|       pointer|
|softmax_output_error_stream15_num_data_valid  |   in|    4|     ap_fifo|                                     softmax_output_error_stream15|       pointer|
|softmax_output_error_stream15_fifo_cap        |   in|    4|     ap_fifo|                                     softmax_output_error_stream15|       pointer|
|softmax_output_error_stream15_empty_n         |   in|    1|     ap_fifo|                                     softmax_output_error_stream15|       pointer|
|softmax_output_error_stream15_read            |  out|    1|     ap_fifo|                                     softmax_output_error_stream15|       pointer|
|output_error_address0                         |  out|    4|   ap_memory|                                                      output_error|         array|
|output_error_ce0                              |  out|    1|   ap_memory|                                                      output_error|         array|
|output_error_we0                              |  out|    1|   ap_memory|                                                      output_error|         array|
|output_error_d0                               |  out|   32|   ap_memory|                                                      output_error|         array|
+----------------------------------------------+-----+-----+------------+------------------------------------------------------------------+--------------+

