

================================================================
== Vitis HLS Report for 'sparce_categorical_cross_entropy_10u_s'
================================================================
* Date:           Thu Oct 20 03:40:35 2022

* Version:        2022.1 (Build 3526262 on Mon Apr 18 15:47:01 MDT 2022)
* Project:        softmax_10_bp
* Solution:       solution1 (Vitis Kernel Flow Target)
* Product family: zynquplus
* Target device:  xczu9eg-ffvb1156-2-e


================================================================
== Performance Estimates
================================================================
+ Timing: 
    * Summary: 
    +--------+----------+----------+------------+
    |  Clock |  Target  | Estimated| Uncertainty|
    +--------+----------+----------+------------+
    |ap_clk  |  10.00 ns|  6.437 ns|     2.70 ns|
    +--------+----------+----------+------------+

+ Latency: 
    * Summary: 
    +---------+---------+----------+----------+-----+-----+---------+
    |  Latency (cycles) |  Latency (absolute) |  Interval | Pipeline|
    |   min   |   max   |    min   |    max   | min | max |   Type  |
    +---------+---------+----------+----------+-----+-----+---------+
    |       21|       21|  0.210 us|  0.210 us|   21|   21|       no|
    +---------+---------+----------+----------+-----+-----+---------+

    + Detail: 
        * Instance: 
        +----------------------------------------------------------------------+------------------------------------------------------------+---------+---------+----------+----------+-----+-----+---------+
        |                                                                      |                                                            |  Latency (cycles) |  Latency (absolute) |  Interval | Pipeline|
        |                               Instance                               |                           Module                           |   min   |   max   |    min   |    max   | min | max |   Type  |
        +----------------------------------------------------------------------+------------------------------------------------------------+---------+---------+----------+----------+-----+-----+---------+
        |grp_sparce_categorical_cross_entropy_10u_Pipeline_output_error_fu_38  |sparce_categorical_cross_entropy_10u_Pipeline_output_error  |       19|       19|  0.190 us|  0.190 us|   19|   19|       no|
        +----------------------------------------------------------------------+------------------------------------------------------------+---------+---------+----------+----------+-----+-----+---------+

        * Loop: 
        N/A



================================================================
== Utilization Estimates
================================================================
* Summary: 
+-----------------+---------+------+--------+--------+-----+
|       Name      | BRAM_18K|  DSP |   FF   |   LUT  | URAM|
+-----------------+---------+------+--------+--------+-----+
|DSP              |        -|     -|       -|       -|    -|
|Expression       |        -|     -|       0|       2|    -|
|FIFO             |        -|     -|       -|       -|    -|
|Instance         |        -|     2|     344|     313|    -|
|Memory           |        -|     -|       -|       -|    -|
|Multiplexer      |        -|     -|       -|      56|    -|
|Register         |        -|     -|      37|       -|    -|
+-----------------+---------+------+--------+--------+-----+
|Total            |        0|     2|     381|     371|    0|
+-----------------+---------+------+--------+--------+-----+
|Available        |     1824|  2520|  548160|  274080|    0|
+-----------------+---------+------+--------+--------+-----+
|Utilization (%)  |        0|    ~0|      ~0|      ~0|    0|
+-----------------+---------+------+--------+--------+-----+

+ Detail: 
    * Instance: 
    +----------------------------------------------------------------------+------------------------------------------------------------+---------+----+-----+-----+-----+
    |                               Instance                               |                           Module                           | BRAM_18K| DSP|  FF | LUT | URAM|
    +----------------------------------------------------------------------+------------------------------------------------------------+---------+----+-----+-----+-----+
    |grp_sparce_categorical_cross_entropy_10u_Pipeline_output_error_fu_38  |sparce_categorical_cross_entropy_10u_Pipeline_output_error  |        0|   2|  344|  313|    0|
    +----------------------------------------------------------------------+------------------------------------------------------------+---------+----+-----+-----+-----+
    |Total                                                                 |                                                            |        0|   2|  344|  313|    0|
    +----------------------------------------------------------------------+------------------------------------------------------------+---------+----+-----+-----+-----+

    * DSP: 
    N/A

    * Memory: 
    N/A

    * FIFO: 
    N/A

    * Expression: 
    +-----------------+----------+----+---+----+------------+------------+
    |  Variable Name  | Operation| DSP| FF| LUT| Bitwidth P0| Bitwidth P1|
    +-----------------+----------+----+---+----+------------+------------+
    |ap_block_state1  |        or|   0|  0|   2|           1|           1|
    +-----------------+----------+----+---+----+------------+------------+
    |Total            |          |   0|  0|   2|           1|           1|
    +-----------------+----------+----+---+----+------------+------------+

    * Multiplexer: 
    +-------------------------------------+----+-----------+-----+-----------+
    |                 Name                | LUT| Input Size| Bits| Total Bits|
    +-------------------------------------+----+-----------+-----+-----------+
    |ap_NS_fsm                            |  20|          4|    1|          4|
    |ap_done                              |   9|          2|    1|          2|
    |label_r_blk_n                        |   9|          2|    1|          2|
    |softmax_f_map_stream14_read          |   9|          2|    1|          2|
    |softmax_output_error_stream15_write  |   9|          2|    1|          2|
    +-------------------------------------+----+-----------+-----+-----------+
    |Total                                |  56|         12|    5|         12|
    +-------------------------------------+----+-----------+-----+-----------+

    * Register: 
    +-----------------------------------------------------------------------------------+----+----+-----+-----------+
    |                                        Name                                       | FF | LUT| Bits| Const Bits|
    +-----------------------------------------------------------------------------------+----+----+-----+-----------+
    |ap_CS_fsm                                                                          |   3|   0|    3|          0|
    |ap_done_reg                                                                        |   1|   0|    1|          0|
    |grp_sparce_categorical_cross_entropy_10u_Pipeline_output_error_fu_38_ap_start_reg  |   1|   0|    1|          0|
    |label_read_reg_47                                                                  |  32|   0|   32|          0|
    +-----------------------------------------------------------------------------------+----+----+-----+-----------+
    |Total                                                                              |  37|   0|   37|          0|
    +-----------------------------------------------------------------------------------+----+----+-----+-----------+



================================================================
== Interface
================================================================
* Summary: 
+----------------------------------------------+-----+-----+------------+---------------------------------------+--------------+
|                   RTL Ports                  | Dir | Bits|  Protocol  |             Source Object             |    C Type    |
+----------------------------------------------+-----+-----+------------+---------------------------------------+--------------+
|ap_clk                                        |   in|    1|  ap_ctrl_hs|  sparce_categorical_cross_entropy<10u>|  return value|
|ap_rst                                        |   in|    1|  ap_ctrl_hs|  sparce_categorical_cross_entropy<10u>|  return value|
|ap_start                                      |   in|    1|  ap_ctrl_hs|  sparce_categorical_cross_entropy<10u>|  return value|
|ap_done                                       |  out|    1|  ap_ctrl_hs|  sparce_categorical_cross_entropy<10u>|  return value|
|ap_continue                                   |   in|    1|  ap_ctrl_hs|  sparce_categorical_cross_entropy<10u>|  return value|
|ap_idle                                       |  out|    1|  ap_ctrl_hs|  sparce_categorical_cross_entropy<10u>|  return value|
|ap_ready                                      |  out|    1|  ap_ctrl_hs|  sparce_categorical_cross_entropy<10u>|  return value|
|softmax_f_map_stream14_dout                   |   in|   32|     ap_fifo|                 softmax_f_map_stream14|       pointer|
|softmax_f_map_stream14_num_data_valid         |   in|    2|     ap_fifo|                 softmax_f_map_stream14|       pointer|
|softmax_f_map_stream14_fifo_cap               |   in|    2|     ap_fifo|                 softmax_f_map_stream14|       pointer|
|softmax_f_map_stream14_empty_n                |   in|    1|     ap_fifo|                 softmax_f_map_stream14|       pointer|
|softmax_f_map_stream14_read                   |  out|    1|     ap_fifo|                 softmax_f_map_stream14|       pointer|
|label_r_dout                                  |   in|   32|     ap_fifo|                                label_r|       pointer|
|label_r_num_data_valid                        |   in|    3|     ap_fifo|                                label_r|       pointer|
|label_r_fifo_cap                              |   in|    3|     ap_fifo|                                label_r|       pointer|
|label_r_empty_n                               |   in|    1|     ap_fifo|                                label_r|       pointer|
|label_r_read                                  |  out|    1|     ap_fifo|                                label_r|       pointer|
|softmax_output_error_stream15_din             |  out|   32|     ap_fifo|          softmax_output_error_stream15|       pointer|
|softmax_output_error_stream15_num_data_valid  |   in|    4|     ap_fifo|          softmax_output_error_stream15|       pointer|
|softmax_output_error_stream15_fifo_cap        |   in|    4|     ap_fifo|          softmax_output_error_stream15|       pointer|
|softmax_output_error_stream15_full_n          |   in|    1|     ap_fifo|          softmax_output_error_stream15|       pointer|
|softmax_output_error_stream15_write           |  out|    1|     ap_fifo|          softmax_output_error_stream15|       pointer|
+----------------------------------------------+-----+-----+------------+---------------------------------------+--------------+

