

================================================================
== Vitis HLS Report for 'write_mem_float_128u_s'
================================================================
* Date:           Thu Oct 20 03:40:36 2022

* Version:        2022.1 (Build 3526262 on Mon Apr 18 15:47:01 MDT 2022)
* Project:        softmax_10_bp
* Solution:       solution1 (Vitis Kernel Flow Target)
* Product family: zynquplus
* Target device:  xczu9eg-ffvb1156-2-e


================================================================
== Performance Estimates
================================================================
+ Timing: 
    * Summary: 
    +--------+----------+----------+------------+
    |  Clock |  Target  | Estimated| Uncertainty|
    +--------+----------+----------+------------+
    |ap_clk  |  10.00 ns|  7.300 ns|     2.70 ns|
    +--------+----------+----------+------------+

+ Latency: 
    * Summary: 
    +---------+---------+----------+----------+-----+-----+---------+
    |  Latency (cycles) |  Latency (absolute) |  Interval | Pipeline|
    |   min   |   max   |    min   |    max   | min | max |   Type  |
    +---------+---------+----------+----------+-----+-----+---------+
    |      202|      202|  2.020 us|  2.020 us|  202|  202|       no|
    +---------+---------+----------+----------+-----+-----+---------+

    + Detail: 
        * Instance: 
        +-------------------------------------------------------+---------------------------------------------+---------+---------+----------+----------+-----+-----+---------+
        |                                                       |                                             |  Latency (cycles) |  Latency (absolute) |  Interval | Pipeline|
        |                        Instance                       |                    Module                   |   min   |   max   |    min   |    max   | min | max |   Type  |
        +-------------------------------------------------------+---------------------------------------------+---------+---------+----------+----------+-----+-----+---------+
        |grp_write_mem_float_128u_Pipeline_write_out_mem_fu_66  |write_mem_float_128u_Pipeline_write_out_mem  |      131|      131|  1.310 us|  1.310 us|  131|  131|       no|
        +-------------------------------------------------------+---------------------------------------------+---------+---------+----------+----------+-----+-----+---------+

        * Loop: 
        N/A



================================================================
== Utilization Estimates
================================================================
* Summary: 
+-----------------+---------+------+--------+--------+-----+
|       Name      | BRAM_18K|  DSP |   FF   |   LUT  | URAM|
+-----------------+---------+------+--------+--------+-----+
|DSP              |        -|     -|       -|       -|    -|
|Expression       |        -|     -|       0|       2|    -|
|FIFO             |        -|     -|       -|       -|    -|
|Instance         |        -|     -|     528|     581|    -|
|Memory           |        -|     -|       -|       -|    -|
|Multiplexer      |        -|     -|       -|     568|    -|
|Register         |        -|     -|     132|       -|    -|
+-----------------+---------+------+--------+--------+-----+
|Total            |        0|     0|     660|    1151|    0|
+-----------------+---------+------+--------+--------+-----+
|Available        |     1824|  2520|  548160|  274080|    0|
+-----------------+---------+------+--------+--------+-----+
|Utilization (%)  |        0|     0|      ~0|      ~0|    0|
+-----------------+---------+------+--------+--------+-----+

+ Detail: 
    * Instance: 
    +-------------------------------------------------------+---------------------------------------------+---------+----+-----+-----+-----+
    |                        Instance                       |                    Module                   | BRAM_18K| DSP|  FF | LUT | URAM|
    +-------------------------------------------------------+---------------------------------------------+---------+----+-----+-----+-----+
    |grp_write_mem_float_128u_Pipeline_write_out_mem_fu_66  |write_mem_float_128u_Pipeline_write_out_mem  |        0|   0|  528|  581|    0|
    +-------------------------------------------------------+---------------------------------------------+---------+----+-----+-----+-----+
    |Total                                                  |                                             |        0|   0|  528|  581|    0|
    +-------------------------------------------------------+---------------------------------------------+---------+----+-----+-----+-----+

    * DSP: 
    N/A

    * Memory: 
    N/A

    * FIFO: 
    N/A

    * Expression: 
    +-----------------+----------+----+---+----+------------+------------+
    |  Variable Name  | Operation| DSP| FF| LUT| Bitwidth P0| Bitwidth P1|
    +-----------------+----------+----+---+----+------------+------------+
    |ap_block_state1  |        or|   0|  0|   2|           1|           1|
    +-----------------+----------+----+---+----+------------+------------+
    |Total            |          |   0|  0|   2|           1|           1|
    +-----------------+----------+----+---+----+------------+------------+

    * Multiplexer: 
    +-----------------------------------+-----+-----------+-----+-----------+
    |                Name               | LUT | Input Size| Bits| Total Bits|
    +-----------------------------------+-----+-----------+-----+-----------+
    |ap_NS_fsm                          |  377|         73|    1|         73|
    |ap_done                            |    9|          2|    1|          2|
    |gmem_blk_n_AW                      |    9|          2|    1|          2|
    |gmem_blk_n_B                       |    9|          2|    1|          2|
    |m_axi_gmem_AWADDR                  |   14|          3|   64|        192|
    |m_axi_gmem_AWBURST                 |    9|          2|    2|          4|
    |m_axi_gmem_AWCACHE                 |    9|          2|    4|          8|
    |m_axi_gmem_AWID                    |    9|          2|    1|          2|
    |m_axi_gmem_AWLEN                   |   14|          3|   32|         96|
    |m_axi_gmem_AWLOCK                  |    9|          2|    2|          4|
    |m_axi_gmem_AWPROT                  |    9|          2|    3|          6|
    |m_axi_gmem_AWQOS                   |    9|          2|    4|          8|
    |m_axi_gmem_AWREGION                |    9|          2|    4|          8|
    |m_axi_gmem_AWSIZE                  |    9|          2|    3|          6|
    |m_axi_gmem_AWUSER                  |    9|          2|    1|          2|
    |m_axi_gmem_AWVALID                 |   14|          3|    1|          3|
    |m_axi_gmem_BREADY                  |   14|          3|    1|          3|
    |m_axi_gmem_WVALID                  |    9|          2|    1|          2|
    |output_r_blk_n                     |    9|          2|    1|          2|
    |softmax_input_error_stream16_read  |    9|          2|    1|          2|
    +-----------------------------------+-----+-----------+-----+-----------+
    |Total                              |  568|        115|  129|        427|
    +-----------------------------------+-----+-----------+-----+-----------+

    * Register: 
    +--------------------------------------------------------------------+----+----+-----+-----------+
    |                                Name                                | FF | LUT| Bits| Const Bits|
    +--------------------------------------------------------------------+----+----+-----+-----------+
    |ap_CS_fsm                                                           |  72|   0|   72|          0|
    |ap_done_reg                                                         |   1|   0|    1|          0|
    |grp_write_mem_float_128u_Pipeline_write_out_mem_fu_66_ap_start_reg  |   1|   0|    1|          0|
    |trunc_ln_reg_95                                                     |  58|   0|   58|          0|
    +--------------------------------------------------------------------+----+----+-----+-----------+
    |Total                                                               | 132|   0|  132|          0|
    +--------------------------------------------------------------------+----+----+-----+-----------+



================================================================
== Interface
================================================================
* Summary: 
+---------------------------------------------+-----+-----+------------+------------------------------+--------------+
|                  RTL Ports                  | Dir | Bits|  Protocol  |         Source Object        |    C Type    |
+---------------------------------------------+-----+-----+------------+------------------------------+--------------+
|ap_clk                                       |   in|    1|  ap_ctrl_hs|        write_mem<float, 128u>|  return value|
|ap_rst                                       |   in|    1|  ap_ctrl_hs|        write_mem<float, 128u>|  return value|
|ap_start                                     |   in|    1|  ap_ctrl_hs|        write_mem<float, 128u>|  return value|
|ap_done                                      |  out|    1|  ap_ctrl_hs|        write_mem<float, 128u>|  return value|
|ap_continue                                  |   in|    1|  ap_ctrl_hs|        write_mem<float, 128u>|  return value|
|ap_idle                                      |  out|    1|  ap_ctrl_hs|        write_mem<float, 128u>|  return value|
|ap_ready                                     |  out|    1|  ap_ctrl_hs|        write_mem<float, 128u>|  return value|
|softmax_input_error_stream16_dout            |   in|   32|     ap_fifo|  softmax_input_error_stream16|       pointer|
|softmax_input_error_stream16_num_data_valid  |   in|    2|     ap_fifo|  softmax_input_error_stream16|       pointer|
|softmax_input_error_stream16_fifo_cap        |   in|    2|     ap_fifo|  softmax_input_error_stream16|       pointer|
|softmax_input_error_stream16_empty_n         |   in|    1|     ap_fifo|  softmax_input_error_stream16|       pointer|
|softmax_input_error_stream16_read            |  out|    1|     ap_fifo|  softmax_input_error_stream16|       pointer|
|m_axi_gmem_AWVALID                           |  out|    1|       m_axi|                          gmem|       pointer|
|m_axi_gmem_AWREADY                           |   in|    1|       m_axi|                          gmem|       pointer|
|m_axi_gmem_AWADDR                            |  out|   64|       m_axi|                          gmem|       pointer|
|m_axi_gmem_AWID                              |  out|    1|       m_axi|                          gmem|       pointer|
|m_axi_gmem_AWLEN                             |  out|   32|       m_axi|                          gmem|       pointer|
|m_axi_gmem_AWSIZE                            |  out|    3|       m_axi|                          gmem|       pointer|
|m_axi_gmem_AWBURST                           |  out|    2|       m_axi|                          gmem|       pointer|
|m_axi_gmem_AWLOCK                            |  out|    2|       m_axi|                          gmem|       pointer|
|m_axi_gmem_AWCACHE                           |  out|    4|       m_axi|                          gmem|       pointer|
|m_axi_gmem_AWPROT                            |  out|    3|       m_axi|                          gmem|       pointer|
|m_axi_gmem_AWQOS                             |  out|    4|       m_axi|                          gmem|       pointer|
|m_axi_gmem_AWREGION                          |  out|    4|       m_axi|                          gmem|       pointer|
|m_axi_gmem_AWUSER                            |  out|    1|       m_axi|                          gmem|       pointer|
|m_axi_gmem_WVALID                            |  out|    1|       m_axi|                          gmem|       pointer|
|m_axi_gmem_WREADY                            |   in|    1|       m_axi|                          gmem|       pointer|
|m_axi_gmem_WDATA                             |  out|  512|       m_axi|                          gmem|       pointer|
|m_axi_gmem_WSTRB                             |  out|   64|       m_axi|                          gmem|       pointer|
|m_axi_gmem_WLAST                             |  out|    1|       m_axi|                          gmem|       pointer|
|m_axi_gmem_WID                               |  out|    1|       m_axi|                          gmem|       pointer|
|m_axi_gmem_WUSER                             |  out|    1|       m_axi|                          gmem|       pointer|
|m_axi_gmem_ARVALID                           |  out|    1|       m_axi|                          gmem|       pointer|
|m_axi_gmem_ARREADY                           |   in|    1|       m_axi|                          gmem|       pointer|
|m_axi_gmem_ARADDR                            |  out|   64|       m_axi|                          gmem|       pointer|
|m_axi_gmem_ARID                              |  out|    1|       m_axi|                          gmem|       pointer|
|m_axi_gmem_ARLEN                             |  out|   32|       m_axi|                          gmem|       pointer|
|m_axi_gmem_ARSIZE                            |  out|    3|       m_axi|                          gmem|       pointer|
|m_axi_gmem_ARBURST                           |  out|    2|       m_axi|                          gmem|       pointer|
|m_axi_gmem_ARLOCK                            |  out|    2|       m_axi|                          gmem|       pointer|
|m_axi_gmem_ARCACHE                           |  out|    4|       m_axi|                          gmem|       pointer|
|m_axi_gmem_ARPROT                            |  out|    3|       m_axi|                          gmem|       pointer|
|m_axi_gmem_ARQOS                             |  out|    4|       m_axi|                          gmem|       pointer|
|m_axi_gmem_ARREGION                          |  out|    4|       m_axi|                          gmem|       pointer|
|m_axi_gmem_ARUSER                            |  out|    1|       m_axi|                          gmem|       pointer|
|m_axi_gmem_RVALID                            |   in|    1|       m_axi|                          gmem|       pointer|
|m_axi_gmem_RREADY                            |  out|    1|       m_axi|                          gmem|       pointer|
|m_axi_gmem_RDATA                             |   in|  512|       m_axi|                          gmem|       pointer|
|m_axi_gmem_RLAST                             |   in|    1|       m_axi|                          gmem|       pointer|
|m_axi_gmem_RID                               |   in|    1|       m_axi|                          gmem|       pointer|
|m_axi_gmem_RFIFONUM                          |   in|    9|       m_axi|                          gmem|       pointer|
|m_axi_gmem_RUSER                             |   in|    1|       m_axi|                          gmem|       pointer|
|m_axi_gmem_RRESP                             |   in|    2|       m_axi|                          gmem|       pointer|
|m_axi_gmem_BVALID                            |   in|    1|       m_axi|                          gmem|       pointer|
|m_axi_gmem_BREADY                            |  out|    1|       m_axi|                          gmem|       pointer|
|m_axi_gmem_BRESP                             |   in|    2|       m_axi|                          gmem|       pointer|
|m_axi_gmem_BID                               |   in|    1|       m_axi|                          gmem|       pointer|
|m_axi_gmem_BUSER                             |   in|    1|       m_axi|                          gmem|       pointer|
|output_r_dout                                |   in|   64|     ap_fifo|                      output_r|       pointer|
|output_r_num_data_valid                      |   in|    4|     ap_fifo|                      output_r|       pointer|
|output_r_fifo_cap                            |   in|    4|     ap_fifo|                      output_r|       pointer|
|output_r_empty_n                             |   in|    1|     ap_fifo|                      output_r|       pointer|
|output_r_read                                |  out|    1|     ap_fifo|                      output_r|       pointer|
+---------------------------------------------+-----+-----+------------+------------------------------+--------------+

