

================================================================
== Vitis HLS Report for 'conv2d_sum_mc_float_14u_14u_3u_3u_64u_31'
================================================================
* Date:           Tue Oct 18 21:21:00 2022

* Version:        2022.1 (Build 3526262 on Mon Apr 18 15:47:01 MDT 2022)
* Project:        forward_prop
* Solution:       solution1 (Vitis Kernel Flow Target)
* Product family: virtexuplus
* Target device:  xcvu5p-flva2104-1-e


================================================================
== Performance Estimates
================================================================
+ Timing: 
    * Summary: 
    +--------+----------+----------+------------+
    |  Clock |  Target  | Estimated| Uncertainty|
    +--------+----------+----------+------------+
    |ap_clk  |  10.00 ns|  7.725 ns|     2.70 ns|
    +--------+----------+----------+------------+

+ Latency: 
    * Summary: 
    +---------+---------+----------+----------+-------+-------+---------+
    |  Latency (cycles) |  Latency (absolute) |    Interval   | Pipeline|
    |   min   |   max   |    min   |    max   |  min  |  max  |   Type  |
    +---------+---------+----------+----------+-------+-------+---------+
    |    13138|    13138|  0.131 ms|  0.131 ms|  13138|  13138|       no|
    +---------+---------+----------+----------+-------+-------+---------+

    + Detail: 
        * Instance: 
        +----------------------------------------------------------------------+----------------------------------------------------------+---------+---------+----------+----------+-------+-------+---------+
        |                                                                      |                                                          |  Latency (cycles) |  Latency (absolute) |    Interval   | Pipeline|
        |                               Instance                               |                          Module                          |   min   |   max   |    min   |    max   |  min  |  max  |   Type  |
        +----------------------------------------------------------------------+----------------------------------------------------------+---------+---------+----------+----------+-------+-------+---------+
        |grp_conv2d_sum_mc_float_14u_14u_3u_3u_64u_31_Pipeline_inputs_fu_6371  |conv2d_sum_mc_float_14u_14u_3u_3u_64u_31_Pipeline_inputs  |    12561|    12561|  0.126 ms|  0.126 ms|  12561|  12561|       no|
        +----------------------------------------------------------------------+----------------------------------------------------------+---------+---------+----------+----------+-------+-------+---------+

        * Loop: 
        N/A



================================================================
== Utilization Estimates
================================================================
* Summary: 
+---------------------+---------+------+---------+--------+-----+
|         Name        | BRAM_18K|  DSP |    FF   |   LUT  | URAM|
+---------------------+---------+------+---------+--------+-----+
|DSP                  |        -|     -|        -|       -|    -|
|Expression           |        -|     -|        0|       2|    -|
|FIFO                 |        -|     -|        -|       -|    -|
|Instance             |        -|    43|     5780|    7090|    -|
|Memory               |        -|     -|        -|       -|    -|
|Multiplexer          |        -|     -|        -|    5413|    -|
|Register             |        -|     -|    19012|       -|    -|
+---------------------+---------+------+---------+--------+-----+
|Total                |        0|    43|    24792|   12505|    0|
+---------------------+---------+------+---------+--------+-----+
|Available SLR        |     1024|  1737|   600577|  300288|  235|
+---------------------+---------+------+---------+--------+-----+
|Utilization SLR (%)  |        0|     2|        4|       4|    0|
+---------------------+---------+------+---------+--------+-----+
|Available            |     2048|  3474|  1201154|  600577|  470|
+---------------------+---------+------+---------+--------+-----+
|Utilization (%)      |        0|     1|        2|       2|    0|
+---------------------+---------+------+---------+--------+-----+

+ Detail: 
    * Instance: 
    +----------------------------------------------------------------------+----------------------------------------------------------+---------+----+------+------+-----+
    |                               Instance                               |                          Module                          | BRAM_18K| DSP|  FF  |  LUT | URAM|
    +----------------------------------------------------------------------+----------------------------------------------------------+---------+----+------+------+-----+
    |grp_conv2d_sum_mc_float_14u_14u_3u_3u_64u_31_Pipeline_inputs_fu_6371  |conv2d_sum_mc_float_14u_14u_3u_3u_64u_31_Pipeline_inputs  |        0|  43|  5780|  7090|    0|
    +----------------------------------------------------------------------+----------------------------------------------------------+---------+----+------+------+-----+
    |Total                                                                 |                                                          |        0|  43|  5780|  7090|    0|
    +----------------------------------------------------------------------+----------------------------------------------------------+---------+----+------+------+-----+

    * DSP: 
    N/A

    * Memory: 
    N/A

    * FIFO: 
    N/A

    * Expression: 
    +-----------------+----------+----+---+----+------------+------------+
    |  Variable Name  | Operation| DSP| FF| LUT| Bitwidth P0| Bitwidth P1|
    +-----------------+----------+----+---+----+------------+------------+
    |ap_block_state1  |        or|   0|  0|   2|           1|           1|
    +-----------------+----------+----+---+----+------------+------------+
    |Total            |          |   0|  0|   2|           1|           1|
    +-----------------+----------+----+---+----+------------+------------+

    * Multiplexer: 
    +----------------------------------------+------+-----------+-----+-----------+
    |                  Name                  |  LUT | Input Size| Bits| Total Bits|
    +----------------------------------------+------+-----------+-----+-----------+
    |ap_NS_fsm                               |  2693|        579|    1|        579|
    |ap_done                                 |     9|          2|    1|          2|
    |conv2d_64_padded_window_stream_31_read  |     9|          2|    1|          2|
    |in_channel_map_stream_31_write          |     9|          2|    1|          2|
    |weights_address0                        |  2693|        577|   10|       5770|
    +----------------------------------------+------+-----------+-----+-----------+
    |Total                                   |  5413|       1162|   14|       6355|
    +----------------------------------------+------+-----------+-----+-----------+

    * Register: 
    +-----------------------------------------------------------------------------------+-----+----+-----+-----------+
    |                                        Name                                       |  FF | LUT| Bits| Const Bits|
    +-----------------------------------------------------------------------------------+-----+----+-----+-----------+
    |ap_CS_fsm                                                                          |  578|   0|  578|          0|
    |ap_done_reg                                                                        |    1|   0|    1|          0|
    |grp_conv2d_sum_mc_float_14u_14u_3u_3u_64u_31_Pipeline_inputs_fu_6371_ap_start_reg  |    1|   0|    1|          0|
    |weights_load_3451_reg_6976                                                         |   32|   0|   32|          0|
    |weights_load_3452_reg_6986                                                         |   32|   0|   32|          0|
    |weights_load_3453_reg_6996                                                         |   32|   0|   32|          0|
    |weights_load_3454_reg_7006                                                         |   32|   0|   32|          0|
    |weights_load_3455_reg_7016                                                         |   32|   0|   32|          0|
    |weights_load_3456_reg_7026                                                         |   32|   0|   32|          0|
    |weights_load_3457_reg_7036                                                         |   32|   0|   32|          0|
    |weights_load_3458_reg_7046                                                         |   32|   0|   32|          0|
    |weights_load_3459_reg_7056                                                         |   32|   0|   32|          0|
    |weights_load_3460_reg_7066                                                         |   32|   0|   32|          0|
    |weights_load_3461_reg_7076                                                         |   32|   0|   32|          0|
    |weights_load_3462_reg_7086                                                         |   32|   0|   32|          0|
    |weights_load_3463_reg_7096                                                         |   32|   0|   32|          0|
    |weights_load_3464_reg_7106                                                         |   32|   0|   32|          0|
    |weights_load_3465_reg_7116                                                         |   32|   0|   32|          0|
    |weights_load_3466_reg_7126                                                         |   32|   0|   32|          0|
    |weights_load_3467_reg_7136                                                         |   32|   0|   32|          0|
    |weights_load_3468_reg_7146                                                         |   32|   0|   32|          0|
    |weights_load_3469_reg_7156                                                         |   32|   0|   32|          0|
    |weights_load_3470_reg_7166                                                         |   32|   0|   32|          0|
    |weights_load_3471_reg_7176                                                         |   32|   0|   32|          0|
    |weights_load_3472_reg_7186                                                         |   32|   0|   32|          0|
    |weights_load_3473_reg_7196                                                         |   32|   0|   32|          0|
    |weights_load_3474_reg_7206                                                         |   32|   0|   32|          0|
    |weights_load_3475_reg_7216                                                         |   32|   0|   32|          0|
    |weights_load_3476_reg_7226                                                         |   32|   0|   32|          0|
    |weights_load_3477_reg_7236                                                         |   32|   0|   32|          0|
    |weights_load_3478_reg_7246                                                         |   32|   0|   32|          0|
    |weights_load_3479_reg_7256                                                         |   32|   0|   32|          0|
    |weights_load_3480_reg_7266                                                         |   32|   0|   32|          0|
    |weights_load_3481_reg_7276                                                         |   32|   0|   32|          0|
    |weights_load_3482_reg_7286                                                         |   32|   0|   32|          0|
    |weights_load_3483_reg_7296                                                         |   32|   0|   32|          0|
    |weights_load_3484_reg_7306                                                         |   32|   0|   32|          0|
    |weights_load_3485_reg_7316                                                         |   32|   0|   32|          0|
    |weights_load_3486_reg_7326                                                         |   32|   0|   32|          0|
    |weights_load_3487_reg_7336                                                         |   32|   0|   32|          0|
    |weights_load_3488_reg_7346                                                         |   32|   0|   32|          0|
    |weights_load_3489_reg_7356                                                         |   32|   0|   32|          0|
    |weights_load_3490_reg_7366                                                         |   32|   0|   32|          0|
    |weights_load_3491_reg_7376                                                         |   32|   0|   32|          0|
    |weights_load_3492_reg_7386                                                         |   32|   0|   32|          0|
    |weights_load_3493_reg_7396                                                         |   32|   0|   32|          0|
    |weights_load_3494_reg_7406                                                         |   32|   0|   32|          0|
    |weights_load_3495_reg_7416                                                         |   32|   0|   32|          0|
    |weights_load_3496_reg_7426                                                         |   32|   0|   32|          0|
    |weights_load_3497_reg_7436                                                         |   32|   0|   32|          0|
    |weights_load_3498_reg_7446                                                         |   32|   0|   32|          0|
    |weights_load_3499_reg_7456                                                         |   32|   0|   32|          0|
    |weights_load_3500_reg_7466                                                         |   32|   0|   32|          0|
    |weights_load_3501_reg_7476                                                         |   32|   0|   32|          0|
    |weights_load_3502_reg_7486                                                         |   32|   0|   32|          0|
    |weights_load_3503_reg_7496                                                         |   32|   0|   32|          0|
    |weights_load_3504_reg_7506                                                         |   32|   0|   32|          0|
    |weights_load_3505_reg_7516                                                         |   32|   0|   32|          0|
    |weights_load_3506_reg_7526                                                         |   32|   0|   32|          0|
    |weights_load_3507_reg_7536                                                         |   32|   0|   32|          0|
    |weights_load_3508_reg_7546                                                         |   32|   0|   32|          0|
    |weights_load_3509_reg_7556                                                         |   32|   0|   32|          0|
    |weights_load_3510_reg_7566                                                         |   32|   0|   32|          0|
    |weights_load_3511_reg_7576                                                         |   32|   0|   32|          0|
    |weights_load_3512_reg_7586                                                         |   32|   0|   32|          0|
    |weights_load_3513_reg_7596                                                         |   32|   0|   32|          0|
    |weights_load_3514_reg_7606                                                         |   32|   0|   32|          0|
    |weights_load_3515_reg_7616                                                         |   32|   0|   32|          0|
    |weights_load_3516_reg_7626                                                         |   32|   0|   32|          0|
    |weights_load_3517_reg_7636                                                         |   32|   0|   32|          0|
    |weights_load_3518_reg_7646                                                         |   32|   0|   32|          0|
    |weights_load_3519_reg_7656                                                         |   32|   0|   32|          0|
    |weights_load_3520_reg_7666                                                         |   32|   0|   32|          0|
    |weights_load_3521_reg_7676                                                         |   32|   0|   32|          0|
    |weights_load_3522_reg_7686                                                         |   32|   0|   32|          0|
    |weights_load_3523_reg_7696                                                         |   32|   0|   32|          0|
    |weights_load_3524_reg_7706                                                         |   32|   0|   32|          0|
    |weights_load_3525_reg_7716                                                         |   32|   0|   32|          0|
    |weights_load_3526_reg_7726                                                         |   32|   0|   32|          0|
    |weights_load_3527_reg_7736                                                         |   32|   0|   32|          0|
    |weights_load_3528_reg_7746                                                         |   32|   0|   32|          0|
    |weights_load_3529_reg_7756                                                         |   32|   0|   32|          0|
    |weights_load_3530_reg_7766                                                         |   32|   0|   32|          0|
    |weights_load_3531_reg_7776                                                         |   32|   0|   32|          0|
    |weights_load_3532_reg_7786                                                         |   32|   0|   32|          0|
    |weights_load_3533_reg_7796                                                         |   32|   0|   32|          0|
    |weights_load_3534_reg_7806                                                         |   32|   0|   32|          0|
    |weights_load_3535_reg_7816                                                         |   32|   0|   32|          0|
    |weights_load_3536_reg_7826                                                         |   32|   0|   32|          0|
    |weights_load_3537_reg_7836                                                         |   32|   0|   32|          0|
    |weights_load_3538_reg_7846                                                         |   32|   0|   32|          0|
    |weights_load_3539_reg_7856                                                         |   32|   0|   32|          0|
    |weights_load_3540_reg_7866                                                         |   32|   0|   32|          0|
    |weights_load_3541_reg_7876                                                         |   32|   0|   32|          0|
    |weights_load_3542_reg_7886                                                         |   32|   0|   32|          0|
    |weights_load_3543_reg_7896                                                         |   32|   0|   32|          0|
    |weights_load_3544_reg_7906                                                         |   32|   0|   32|          0|
    |weights_load_3545_reg_7916                                                         |   32|   0|   32|          0|
    |weights_load_3546_reg_7926                                                         |   32|   0|   32|          0|
    |weights_load_3547_reg_7936                                                         |   32|   0|   32|          0|
    |weights_load_3548_reg_7946                                                         |   32|   0|   32|          0|
    |weights_load_3549_reg_7956                                                         |   32|   0|   32|          0|
    |weights_load_3550_reg_7966                                                         |   32|   0|   32|          0|
    |weights_load_3551_reg_7976                                                         |   32|   0|   32|          0|
    |weights_load_3552_reg_7986                                                         |   32|   0|   32|          0|
    |weights_load_3553_reg_7996                                                         |   32|   0|   32|          0|
    |weights_load_3554_reg_8006                                                         |   32|   0|   32|          0|
    |weights_load_3555_reg_8016                                                         |   32|   0|   32|          0|
    |weights_load_3556_reg_8026                                                         |   32|   0|   32|          0|
    |weights_load_3557_reg_8036                                                         |   32|   0|   32|          0|
    |weights_load_3558_reg_8046                                                         |   32|   0|   32|          0|
    |weights_load_3559_reg_8056                                                         |   32|   0|   32|          0|
    |weights_load_3560_reg_8066                                                         |   32|   0|   32|          0|
    |weights_load_3561_reg_8076                                                         |   32|   0|   32|          0|
    |weights_load_3562_reg_8086                                                         |   32|   0|   32|          0|
    |weights_load_3563_reg_8096                                                         |   32|   0|   32|          0|
    |weights_load_3564_reg_8106                                                         |   32|   0|   32|          0|
    |weights_load_3565_reg_8116                                                         |   32|   0|   32|          0|
    |weights_load_3566_reg_8126                                                         |   32|   0|   32|          0|
    |weights_load_3567_reg_8136                                                         |   32|   0|   32|          0|
    |weights_load_3568_reg_8146                                                         |   32|   0|   32|          0|
    |weights_load_3569_reg_8156                                                         |   32|   0|   32|          0|
    |weights_load_3570_reg_8166                                                         |   32|   0|   32|          0|
    |weights_load_3571_reg_8176                                                         |   32|   0|   32|          0|
    |weights_load_3572_reg_8186                                                         |   32|   0|   32|          0|
    |weights_load_3573_reg_8196                                                         |   32|   0|   32|          0|
    |weights_load_3574_reg_8206                                                         |   32|   0|   32|          0|
    |weights_load_3575_reg_8216                                                         |   32|   0|   32|          0|
    |weights_load_3576_reg_8226                                                         |   32|   0|   32|          0|
    |weights_load_3577_reg_8236                                                         |   32|   0|   32|          0|
    |weights_load_3578_reg_8246                                                         |   32|   0|   32|          0|
    |weights_load_3579_reg_8256                                                         |   32|   0|   32|          0|
    |weights_load_3580_reg_8266                                                         |   32|   0|   32|          0|
    |weights_load_3581_reg_8276                                                         |   32|   0|   32|          0|
    |weights_load_3582_reg_8286                                                         |   32|   0|   32|          0|
    |weights_load_3583_reg_8296                                                         |   32|   0|   32|          0|
    |weights_load_3584_reg_8306                                                         |   32|   0|   32|          0|
    |weights_load_3585_reg_8316                                                         |   32|   0|   32|          0|
    |weights_load_3586_reg_8326                                                         |   32|   0|   32|          0|
    |weights_load_3587_reg_8336                                                         |   32|   0|   32|          0|
    |weights_load_3588_reg_8346                                                         |   32|   0|   32|          0|
    |weights_load_3589_reg_8356                                                         |   32|   0|   32|          0|
    |weights_load_3590_reg_8366                                                         |   32|   0|   32|          0|
    |weights_load_3591_reg_8376                                                         |   32|   0|   32|          0|
    |weights_load_3592_reg_8386                                                         |   32|   0|   32|          0|
    |weights_load_3593_reg_8396                                                         |   32|   0|   32|          0|
    |weights_load_3594_reg_8406                                                         |   32|   0|   32|          0|
    |weights_load_3595_reg_8416                                                         |   32|   0|   32|          0|
    |weights_load_3596_reg_8426                                                         |   32|   0|   32|          0|
    |weights_load_3597_reg_8436                                                         |   32|   0|   32|          0|
    |weights_load_3598_reg_8446                                                         |   32|   0|   32|          0|
    |weights_load_3599_reg_8456                                                         |   32|   0|   32|          0|
    |weights_load_3600_reg_8466                                                         |   32|   0|   32|          0|
    |weights_load_3601_reg_8476                                                         |   32|   0|   32|          0|
    |weights_load_3602_reg_8486                                                         |   32|   0|   32|          0|
    |weights_load_3603_reg_8496                                                         |   32|   0|   32|          0|
    |weights_load_3604_reg_8506                                                         |   32|   0|   32|          0|
    |weights_load_3605_reg_8516                                                         |   32|   0|   32|          0|
    |weights_load_3606_reg_8526                                                         |   32|   0|   32|          0|
    |weights_load_3607_reg_8536                                                         |   32|   0|   32|          0|
    |weights_load_3608_reg_8546                                                         |   32|   0|   32|          0|
    |weights_load_3609_reg_8556                                                         |   32|   0|   32|          0|
    |weights_load_3610_reg_8566                                                         |   32|   0|   32|          0|
    |weights_load_3611_reg_8576                                                         |   32|   0|   32|          0|
    |weights_load_3612_reg_8586                                                         |   32|   0|   32|          0|
    |weights_load_3613_reg_8596                                                         |   32|   0|   32|          0|
    |weights_load_3614_reg_8606                                                         |   32|   0|   32|          0|
    |weights_load_3615_reg_8616                                                         |   32|   0|   32|          0|
    |weights_load_3616_reg_8626                                                         |   32|   0|   32|          0|
    |weights_load_3617_reg_8636                                                         |   32|   0|   32|          0|
    |weights_load_3618_reg_8646                                                         |   32|   0|   32|          0|
    |weights_load_3619_reg_8656                                                         |   32|   0|   32|          0|
    |weights_load_3620_reg_8666                                                         |   32|   0|   32|          0|
    |weights_load_3621_reg_8676                                                         |   32|   0|   32|          0|
    |weights_load_3622_reg_8686                                                         |   32|   0|   32|          0|
    |weights_load_3623_reg_8696                                                         |   32|   0|   32|          0|
    |weights_load_3624_reg_8706                                                         |   32|   0|   32|          0|
    |weights_load_3625_reg_8716                                                         |   32|   0|   32|          0|
    |weights_load_3626_reg_8726                                                         |   32|   0|   32|          0|
    |weights_load_3627_reg_8736                                                         |   32|   0|   32|          0|
    |weights_load_3628_reg_8746                                                         |   32|   0|   32|          0|
    |weights_load_3629_reg_8756                                                         |   32|   0|   32|          0|
    |weights_load_3630_reg_8766                                                         |   32|   0|   32|          0|
    |weights_load_3631_reg_8776                                                         |   32|   0|   32|          0|
    |weights_load_3632_reg_8786                                                         |   32|   0|   32|          0|
    |weights_load_3633_reg_8796                                                         |   32|   0|   32|          0|
    |weights_load_3634_reg_8806                                                         |   32|   0|   32|          0|
    |weights_load_3635_reg_8816                                                         |   32|   0|   32|          0|
    |weights_load_3636_reg_8826                                                         |   32|   0|   32|          0|
    |weights_load_3637_reg_8836                                                         |   32|   0|   32|          0|
    |weights_load_3638_reg_8846                                                         |   32|   0|   32|          0|
    |weights_load_3639_reg_8856                                                         |   32|   0|   32|          0|
    |weights_load_3640_reg_8866                                                         |   32|   0|   32|          0|
    |weights_load_3641_reg_8876                                                         |   32|   0|   32|          0|
    |weights_load_3642_reg_8886                                                         |   32|   0|   32|          0|
    |weights_load_3643_reg_8896                                                         |   32|   0|   32|          0|
    |weights_load_3644_reg_8906                                                         |   32|   0|   32|          0|
    |weights_load_3645_reg_8916                                                         |   32|   0|   32|          0|
    |weights_load_3646_reg_8926                                                         |   32|   0|   32|          0|
    |weights_load_3647_reg_8936                                                         |   32|   0|   32|          0|
    |weights_load_3648_reg_8946                                                         |   32|   0|   32|          0|
    |weights_load_3649_reg_8956                                                         |   32|   0|   32|          0|
    |weights_load_3650_reg_8966                                                         |   32|   0|   32|          0|
    |weights_load_3651_reg_8976                                                         |   32|   0|   32|          0|
    |weights_load_3652_reg_8986                                                         |   32|   0|   32|          0|
    |weights_load_3653_reg_8996                                                         |   32|   0|   32|          0|
    |weights_load_3654_reg_9006                                                         |   32|   0|   32|          0|
    |weights_load_3655_reg_9016                                                         |   32|   0|   32|          0|
    |weights_load_3656_reg_9026                                                         |   32|   0|   32|          0|
    |weights_load_3657_reg_9036                                                         |   32|   0|   32|          0|
    |weights_load_3658_reg_9046                                                         |   32|   0|   32|          0|
    |weights_load_3659_reg_9056                                                         |   32|   0|   32|          0|
    |weights_load_3660_reg_9066                                                         |   32|   0|   32|          0|
    |weights_load_3661_reg_9076                                                         |   32|   0|   32|          0|
    |weights_load_3662_reg_9086                                                         |   32|   0|   32|          0|
    |weights_load_3663_reg_9096                                                         |   32|   0|   32|          0|
    |weights_load_3664_reg_9106                                                         |   32|   0|   32|          0|
    |weights_load_3665_reg_9116                                                         |   32|   0|   32|          0|
    |weights_load_3666_reg_9126                                                         |   32|   0|   32|          0|
    |weights_load_3667_reg_9136                                                         |   32|   0|   32|          0|
    |weights_load_3668_reg_9146                                                         |   32|   0|   32|          0|
    |weights_load_3669_reg_9156                                                         |   32|   0|   32|          0|
    |weights_load_3670_reg_9166                                                         |   32|   0|   32|          0|
    |weights_load_3671_reg_9176                                                         |   32|   0|   32|          0|
    |weights_load_3672_reg_9186                                                         |   32|   0|   32|          0|
    |weights_load_3673_reg_9196                                                         |   32|   0|   32|          0|
    |weights_load_3674_reg_9206                                                         |   32|   0|   32|          0|
    |weights_load_3675_reg_9216                                                         |   32|   0|   32|          0|
    |weights_load_3676_reg_9226                                                         |   32|   0|   32|          0|
    |weights_load_3677_reg_9236                                                         |   32|   0|   32|          0|
    |weights_load_3678_reg_9246                                                         |   32|   0|   32|          0|
    |weights_load_3679_reg_9256                                                         |   32|   0|   32|          0|
    |weights_load_3680_reg_9266                                                         |   32|   0|   32|          0|
    |weights_load_3681_reg_9276                                                         |   32|   0|   32|          0|
    |weights_load_3682_reg_9286                                                         |   32|   0|   32|          0|
    |weights_load_3683_reg_9296                                                         |   32|   0|   32|          0|
    |weights_load_3684_reg_9306                                                         |   32|   0|   32|          0|
    |weights_load_3685_reg_9316                                                         |   32|   0|   32|          0|
    |weights_load_3686_reg_9326                                                         |   32|   0|   32|          0|
    |weights_load_3687_reg_9336                                                         |   32|   0|   32|          0|
    |weights_load_3688_reg_9346                                                         |   32|   0|   32|          0|
    |weights_load_3689_reg_9356                                                         |   32|   0|   32|          0|
    |weights_load_3690_reg_9366                                                         |   32|   0|   32|          0|
    |weights_load_3691_reg_9376                                                         |   32|   0|   32|          0|
    |weights_load_3692_reg_9386                                                         |   32|   0|   32|          0|
    |weights_load_3693_reg_9396                                                         |   32|   0|   32|          0|
    |weights_load_3694_reg_9406                                                         |   32|   0|   32|          0|
    |weights_load_3695_reg_9416                                                         |   32|   0|   32|          0|
    |weights_load_3696_reg_9426                                                         |   32|   0|   32|          0|
    |weights_load_3697_reg_9436                                                         |   32|   0|   32|          0|
    |weights_load_3698_reg_9446                                                         |   32|   0|   32|          0|
    |weights_load_3699_reg_9456                                                         |   32|   0|   32|          0|
    |weights_load_3700_reg_9466                                                         |   32|   0|   32|          0|
    |weights_load_3701_reg_9476                                                         |   32|   0|   32|          0|
    |weights_load_3702_reg_9486                                                         |   32|   0|   32|          0|
    |weights_load_3703_reg_9496                                                         |   32|   0|   32|          0|
    |weights_load_3704_reg_9506                                                         |   32|   0|   32|          0|
    |weights_load_3705_reg_9516                                                         |   32|   0|   32|          0|
    |weights_load_3706_reg_9526                                                         |   32|   0|   32|          0|
    |weights_load_3707_reg_9536                                                         |   32|   0|   32|          0|
    |weights_load_3708_reg_9546                                                         |   32|   0|   32|          0|
    |weights_load_3709_reg_9556                                                         |   32|   0|   32|          0|
    |weights_load_3710_reg_9566                                                         |   32|   0|   32|          0|
    |weights_load_3711_reg_9576                                                         |   32|   0|   32|          0|
    |weights_load_3712_reg_9586                                                         |   32|   0|   32|          0|
    |weights_load_3713_reg_9596                                                         |   32|   0|   32|          0|
    |weights_load_3714_reg_9606                                                         |   32|   0|   32|          0|
    |weights_load_3715_reg_9616                                                         |   32|   0|   32|          0|
    |weights_load_3716_reg_9626                                                         |   32|   0|   32|          0|
    |weights_load_3717_reg_9636                                                         |   32|   0|   32|          0|
    |weights_load_3718_reg_9646                                                         |   32|   0|   32|          0|
    |weights_load_3719_reg_9656                                                         |   32|   0|   32|          0|
    |weights_load_3720_reg_9666                                                         |   32|   0|   32|          0|
    |weights_load_3721_reg_9676                                                         |   32|   0|   32|          0|
    |weights_load_3722_reg_9686                                                         |   32|   0|   32|          0|
    |weights_load_3723_reg_9696                                                         |   32|   0|   32|          0|
    |weights_load_3724_reg_9706                                                         |   32|   0|   32|          0|
    |weights_load_3725_reg_9716                                                         |   32|   0|   32|          0|
    |weights_load_3726_reg_9726                                                         |   32|   0|   32|          0|
    |weights_load_3727_reg_9736                                                         |   32|   0|   32|          0|
    |weights_load_3728_reg_9746                                                         |   32|   0|   32|          0|
    |weights_load_3729_reg_9756                                                         |   32|   0|   32|          0|
    |weights_load_3730_reg_9766                                                         |   32|   0|   32|          0|
    |weights_load_3731_reg_9776                                                         |   32|   0|   32|          0|
    |weights_load_3732_reg_9786                                                         |   32|   0|   32|          0|
    |weights_load_3733_reg_9796                                                         |   32|   0|   32|          0|
    |weights_load_3734_reg_9806                                                         |   32|   0|   32|          0|
    |weights_load_3735_reg_9816                                                         |   32|   0|   32|          0|
    |weights_load_3736_reg_9826                                                         |   32|   0|   32|          0|
    |weights_load_3737_reg_9836                                                         |   32|   0|   32|          0|
    |weights_load_3738_reg_9846                                                         |   32|   0|   32|          0|
    |weights_load_3739_reg_9856                                                         |   32|   0|   32|          0|
    |weights_load_3740_reg_9866                                                         |   32|   0|   32|          0|
    |weights_load_3741_reg_9876                                                         |   32|   0|   32|          0|
    |weights_load_3742_reg_9886                                                         |   32|   0|   32|          0|
    |weights_load_3743_reg_9896                                                         |   32|   0|   32|          0|
    |weights_load_3744_reg_9906                                                         |   32|   0|   32|          0|
    |weights_load_3745_reg_9916                                                         |   32|   0|   32|          0|
    |weights_load_3746_reg_9926                                                         |   32|   0|   32|          0|
    |weights_load_3747_reg_9936                                                         |   32|   0|   32|          0|
    |weights_load_3748_reg_9946                                                         |   32|   0|   32|          0|
    |weights_load_3749_reg_9956                                                         |   32|   0|   32|          0|
    |weights_load_3750_reg_9966                                                         |   32|   0|   32|          0|
    |weights_load_3751_reg_9976                                                         |   32|   0|   32|          0|
    |weights_load_3752_reg_9986                                                         |   32|   0|   32|          0|
    |weights_load_3753_reg_9996                                                         |   32|   0|   32|          0|
    |weights_load_3754_reg_10006                                                        |   32|   0|   32|          0|
    |weights_load_3755_reg_10016                                                        |   32|   0|   32|          0|
    |weights_load_3756_reg_10026                                                        |   32|   0|   32|          0|
    |weights_load_3757_reg_10036                                                        |   32|   0|   32|          0|
    |weights_load_3758_reg_10046                                                        |   32|   0|   32|          0|
    |weights_load_3759_reg_10056                                                        |   32|   0|   32|          0|
    |weights_load_3760_reg_10066                                                        |   32|   0|   32|          0|
    |weights_load_3761_reg_10076                                                        |   32|   0|   32|          0|
    |weights_load_3762_reg_10086                                                        |   32|   0|   32|          0|
    |weights_load_3763_reg_10096                                                        |   32|   0|   32|          0|
    |weights_load_3764_reg_10106                                                        |   32|   0|   32|          0|
    |weights_load_3765_reg_10116                                                        |   32|   0|   32|          0|
    |weights_load_3766_reg_10126                                                        |   32|   0|   32|          0|
    |weights_load_3767_reg_10136                                                        |   32|   0|   32|          0|
    |weights_load_3768_reg_10146                                                        |   32|   0|   32|          0|
    |weights_load_3769_reg_10156                                                        |   32|   0|   32|          0|
    |weights_load_3770_reg_10166                                                        |   32|   0|   32|          0|
    |weights_load_3771_reg_10176                                                        |   32|   0|   32|          0|
    |weights_load_3772_reg_10186                                                        |   32|   0|   32|          0|
    |weights_load_3773_reg_10196                                                        |   32|   0|   32|          0|
    |weights_load_3774_reg_10206                                                        |   32|   0|   32|          0|
    |weights_load_3775_reg_10216                                                        |   32|   0|   32|          0|
    |weights_load_3776_reg_10226                                                        |   32|   0|   32|          0|
    |weights_load_3777_reg_10236                                                        |   32|   0|   32|          0|
    |weights_load_3778_reg_10246                                                        |   32|   0|   32|          0|
    |weights_load_3779_reg_10256                                                        |   32|   0|   32|          0|
    |weights_load_3780_reg_10266                                                        |   32|   0|   32|          0|
    |weights_load_3781_reg_10276                                                        |   32|   0|   32|          0|
    |weights_load_3782_reg_10286                                                        |   32|   0|   32|          0|
    |weights_load_3783_reg_10296                                                        |   32|   0|   32|          0|
    |weights_load_3784_reg_10306                                                        |   32|   0|   32|          0|
    |weights_load_3785_reg_10316                                                        |   32|   0|   32|          0|
    |weights_load_3786_reg_10326                                                        |   32|   0|   32|          0|
    |weights_load_3787_reg_10336                                                        |   32|   0|   32|          0|
    |weights_load_3788_reg_10346                                                        |   32|   0|   32|          0|
    |weights_load_3789_reg_10356                                                        |   32|   0|   32|          0|
    |weights_load_3790_reg_10366                                                        |   32|   0|   32|          0|
    |weights_load_3791_reg_10376                                                        |   32|   0|   32|          0|
    |weights_load_3792_reg_10386                                                        |   32|   0|   32|          0|
    |weights_load_3793_reg_10396                                                        |   32|   0|   32|          0|
    |weights_load_3794_reg_10406                                                        |   32|   0|   32|          0|
    |weights_load_3795_reg_10416                                                        |   32|   0|   32|          0|
    |weights_load_3796_reg_10426                                                        |   32|   0|   32|          0|
    |weights_load_3797_reg_10436                                                        |   32|   0|   32|          0|
    |weights_load_3798_reg_10446                                                        |   32|   0|   32|          0|
    |weights_load_3799_reg_10456                                                        |   32|   0|   32|          0|
    |weights_load_3800_reg_10466                                                        |   32|   0|   32|          0|
    |weights_load_3801_reg_10476                                                        |   32|   0|   32|          0|
    |weights_load_3802_reg_10486                                                        |   32|   0|   32|          0|
    |weights_load_3803_reg_10496                                                        |   32|   0|   32|          0|
    |weights_load_3804_reg_10506                                                        |   32|   0|   32|          0|
    |weights_load_3805_reg_10516                                                        |   32|   0|   32|          0|
    |weights_load_3806_reg_10526                                                        |   32|   0|   32|          0|
    |weights_load_3807_reg_10536                                                        |   32|   0|   32|          0|
    |weights_load_3808_reg_10546                                                        |   32|   0|   32|          0|
    |weights_load_3809_reg_10556                                                        |   32|   0|   32|          0|
    |weights_load_3810_reg_10566                                                        |   32|   0|   32|          0|
    |weights_load_3811_reg_10576                                                        |   32|   0|   32|          0|
    |weights_load_3812_reg_10586                                                        |   32|   0|   32|          0|
    |weights_load_3813_reg_10596                                                        |   32|   0|   32|          0|
    |weights_load_3814_reg_10606                                                        |   32|   0|   32|          0|
    |weights_load_3815_reg_10616                                                        |   32|   0|   32|          0|
    |weights_load_3816_reg_10626                                                        |   32|   0|   32|          0|
    |weights_load_3817_reg_10636                                                        |   32|   0|   32|          0|
    |weights_load_3818_reg_10646                                                        |   32|   0|   32|          0|
    |weights_load_3819_reg_10656                                                        |   32|   0|   32|          0|
    |weights_load_3820_reg_10666                                                        |   32|   0|   32|          0|
    |weights_load_3821_reg_10676                                                        |   32|   0|   32|          0|
    |weights_load_3822_reg_10686                                                        |   32|   0|   32|          0|
    |weights_load_3823_reg_10696                                                        |   32|   0|   32|          0|
    |weights_load_3824_reg_10706                                                        |   32|   0|   32|          0|
    |weights_load_3825_reg_10716                                                        |   32|   0|   32|          0|
    |weights_load_3826_reg_10726                                                        |   32|   0|   32|          0|
    |weights_load_3827_reg_10736                                                        |   32|   0|   32|          0|
    |weights_load_3828_reg_10746                                                        |   32|   0|   32|          0|
    |weights_load_3829_reg_10756                                                        |   32|   0|   32|          0|
    |weights_load_3830_reg_10766                                                        |   32|   0|   32|          0|
    |weights_load_3831_reg_10776                                                        |   32|   0|   32|          0|
    |weights_load_3832_reg_10786                                                        |   32|   0|   32|          0|
    |weights_load_3833_reg_10796                                                        |   32|   0|   32|          0|
    |weights_load_3834_reg_10806                                                        |   32|   0|   32|          0|
    |weights_load_3835_reg_10816                                                        |   32|   0|   32|          0|
    |weights_load_3836_reg_10826                                                        |   32|   0|   32|          0|
    |weights_load_3837_reg_10836                                                        |   32|   0|   32|          0|
    |weights_load_3838_reg_10846                                                        |   32|   0|   32|          0|
    |weights_load_3839_reg_10856                                                        |   32|   0|   32|          0|
    |weights_load_3840_reg_10866                                                        |   32|   0|   32|          0|
    |weights_load_3841_reg_10876                                                        |   32|   0|   32|          0|
    |weights_load_3842_reg_10886                                                        |   32|   0|   32|          0|
    |weights_load_3843_reg_10896                                                        |   32|   0|   32|          0|
    |weights_load_3844_reg_10906                                                        |   32|   0|   32|          0|
    |weights_load_3845_reg_10916                                                        |   32|   0|   32|          0|
    |weights_load_3846_reg_10926                                                        |   32|   0|   32|          0|
    |weights_load_3847_reg_10936                                                        |   32|   0|   32|          0|
    |weights_load_3848_reg_10946                                                        |   32|   0|   32|          0|
    |weights_load_3849_reg_10956                                                        |   32|   0|   32|          0|
    |weights_load_3850_reg_10966                                                        |   32|   0|   32|          0|
    |weights_load_3851_reg_10976                                                        |   32|   0|   32|          0|
    |weights_load_3852_reg_10986                                                        |   32|   0|   32|          0|
    |weights_load_3853_reg_10996                                                        |   32|   0|   32|          0|
    |weights_load_3854_reg_11006                                                        |   32|   0|   32|          0|
    |weights_load_3855_reg_11016                                                        |   32|   0|   32|          0|
    |weights_load_3856_reg_11026                                                        |   32|   0|   32|          0|
    |weights_load_3857_reg_11036                                                        |   32|   0|   32|          0|
    |weights_load_3858_reg_11046                                                        |   32|   0|   32|          0|
    |weights_load_3859_reg_11056                                                        |   32|   0|   32|          0|
    |weights_load_3860_reg_11066                                                        |   32|   0|   32|          0|
    |weights_load_3861_reg_11076                                                        |   32|   0|   32|          0|
    |weights_load_3862_reg_11086                                                        |   32|   0|   32|          0|
    |weights_load_3863_reg_11096                                                        |   32|   0|   32|          0|
    |weights_load_3864_reg_11106                                                        |   32|   0|   32|          0|
    |weights_load_3865_reg_11116                                                        |   32|   0|   32|          0|
    |weights_load_3866_reg_11126                                                        |   32|   0|   32|          0|
    |weights_load_3867_reg_11136                                                        |   32|   0|   32|          0|
    |weights_load_3868_reg_11146                                                        |   32|   0|   32|          0|
    |weights_load_3869_reg_11156                                                        |   32|   0|   32|          0|
    |weights_load_3870_reg_11166                                                        |   32|   0|   32|          0|
    |weights_load_3871_reg_11176                                                        |   32|   0|   32|          0|
    |weights_load_3872_reg_11186                                                        |   32|   0|   32|          0|
    |weights_load_3873_reg_11196                                                        |   32|   0|   32|          0|
    |weights_load_3874_reg_11206                                                        |   32|   0|   32|          0|
    |weights_load_3875_reg_11216                                                        |   32|   0|   32|          0|
    |weights_load_3876_reg_11226                                                        |   32|   0|   32|          0|
    |weights_load_3877_reg_11236                                                        |   32|   0|   32|          0|
    |weights_load_3878_reg_11246                                                        |   32|   0|   32|          0|
    |weights_load_3879_reg_11256                                                        |   32|   0|   32|          0|
    |weights_load_3880_reg_11266                                                        |   32|   0|   32|          0|
    |weights_load_3881_reg_11276                                                        |   32|   0|   32|          0|
    |weights_load_3882_reg_11286                                                        |   32|   0|   32|          0|
    |weights_load_3883_reg_11296                                                        |   32|   0|   32|          0|
    |weights_load_3884_reg_11306                                                        |   32|   0|   32|          0|
    |weights_load_3885_reg_11316                                                        |   32|   0|   32|          0|
    |weights_load_3886_reg_11326                                                        |   32|   0|   32|          0|
    |weights_load_3887_reg_11336                                                        |   32|   0|   32|          0|
    |weights_load_3888_reg_11346                                                        |   32|   0|   32|          0|
    |weights_load_3889_reg_11356                                                        |   32|   0|   32|          0|
    |weights_load_3890_reg_11366                                                        |   32|   0|   32|          0|
    |weights_load_3891_reg_11376                                                        |   32|   0|   32|          0|
    |weights_load_3892_reg_11386                                                        |   32|   0|   32|          0|
    |weights_load_3893_reg_11396                                                        |   32|   0|   32|          0|
    |weights_load_3894_reg_11406                                                        |   32|   0|   32|          0|
    |weights_load_3895_reg_11416                                                        |   32|   0|   32|          0|
    |weights_load_3896_reg_11426                                                        |   32|   0|   32|          0|
    |weights_load_3897_reg_11436                                                        |   32|   0|   32|          0|
    |weights_load_3898_reg_11446                                                        |   32|   0|   32|          0|
    |weights_load_3899_reg_11456                                                        |   32|   0|   32|          0|
    |weights_load_3900_reg_11466                                                        |   32|   0|   32|          0|
    |weights_load_3901_reg_11476                                                        |   32|   0|   32|          0|
    |weights_load_3902_reg_11486                                                        |   32|   0|   32|          0|
    |weights_load_3903_reg_11496                                                        |   32|   0|   32|          0|
    |weights_load_3904_reg_11506                                                        |   32|   0|   32|          0|
    |weights_load_3905_reg_11516                                                        |   32|   0|   32|          0|
    |weights_load_3906_reg_11526                                                        |   32|   0|   32|          0|
    |weights_load_3907_reg_11536                                                        |   32|   0|   32|          0|
    |weights_load_3908_reg_11546                                                        |   32|   0|   32|          0|
    |weights_load_3909_reg_11556                                                        |   32|   0|   32|          0|
    |weights_load_3910_reg_11566                                                        |   32|   0|   32|          0|
    |weights_load_3911_reg_11576                                                        |   32|   0|   32|          0|
    |weights_load_3912_reg_11586                                                        |   32|   0|   32|          0|
    |weights_load_3913_reg_11596                                                        |   32|   0|   32|          0|
    |weights_load_3914_reg_11606                                                        |   32|   0|   32|          0|
    |weights_load_3915_reg_11616                                                        |   32|   0|   32|          0|
    |weights_load_3916_reg_11626                                                        |   32|   0|   32|          0|
    |weights_load_3917_reg_11636                                                        |   32|   0|   32|          0|
    |weights_load_3918_reg_11646                                                        |   32|   0|   32|          0|
    |weights_load_3919_reg_11656                                                        |   32|   0|   32|          0|
    |weights_load_3920_reg_11666                                                        |   32|   0|   32|          0|
    |weights_load_3921_reg_11676                                                        |   32|   0|   32|          0|
    |weights_load_3922_reg_11686                                                        |   32|   0|   32|          0|
    |weights_load_3923_reg_11696                                                        |   32|   0|   32|          0|
    |weights_load_3924_reg_11706                                                        |   32|   0|   32|          0|
    |weights_load_3925_reg_11716                                                        |   32|   0|   32|          0|
    |weights_load_3926_reg_11726                                                        |   32|   0|   32|          0|
    |weights_load_3927_reg_11736                                                        |   32|   0|   32|          0|
    |weights_load_3928_reg_11746                                                        |   32|   0|   32|          0|
    |weights_load_3929_reg_11756                                                        |   32|   0|   32|          0|
    |weights_load_3930_reg_11766                                                        |   32|   0|   32|          0|
    |weights_load_3931_reg_11776                                                        |   32|   0|   32|          0|
    |weights_load_3932_reg_11786                                                        |   32|   0|   32|          0|
    |weights_load_3933_reg_11796                                                        |   32|   0|   32|          0|
    |weights_load_3934_reg_11806                                                        |   32|   0|   32|          0|
    |weights_load_3935_reg_11816                                                        |   32|   0|   32|          0|
    |weights_load_3936_reg_11826                                                        |   32|   0|   32|          0|
    |weights_load_3937_reg_11836                                                        |   32|   0|   32|          0|
    |weights_load_3938_reg_11846                                                        |   32|   0|   32|          0|
    |weights_load_3939_reg_11856                                                        |   32|   0|   32|          0|
    |weights_load_3940_reg_11866                                                        |   32|   0|   32|          0|
    |weights_load_3941_reg_11876                                                        |   32|   0|   32|          0|
    |weights_load_3942_reg_11886                                                        |   32|   0|   32|          0|
    |weights_load_3943_reg_11896                                                        |   32|   0|   32|          0|
    |weights_load_3944_reg_11906                                                        |   32|   0|   32|          0|
    |weights_load_3945_reg_11916                                                        |   32|   0|   32|          0|
    |weights_load_3946_reg_11926                                                        |   32|   0|   32|          0|
    |weights_load_3947_reg_11936                                                        |   32|   0|   32|          0|
    |weights_load_3948_reg_11946                                                        |   32|   0|   32|          0|
    |weights_load_3949_reg_11956                                                        |   32|   0|   32|          0|
    |weights_load_3950_reg_11966                                                        |   32|   0|   32|          0|
    |weights_load_3951_reg_11976                                                        |   32|   0|   32|          0|
    |weights_load_3952_reg_11986                                                        |   32|   0|   32|          0|
    |weights_load_3953_reg_11996                                                        |   32|   0|   32|          0|
    |weights_load_3954_reg_12006                                                        |   32|   0|   32|          0|
    |weights_load_3955_reg_12016                                                        |   32|   0|   32|          0|
    |weights_load_3956_reg_12026                                                        |   32|   0|   32|          0|
    |weights_load_3957_reg_12036                                                        |   32|   0|   32|          0|
    |weights_load_3958_reg_12046                                                        |   32|   0|   32|          0|
    |weights_load_3959_reg_12056                                                        |   32|   0|   32|          0|
    |weights_load_3960_reg_12066                                                        |   32|   0|   32|          0|
    |weights_load_3961_reg_12076                                                        |   32|   0|   32|          0|
    |weights_load_3962_reg_12086                                                        |   32|   0|   32|          0|
    |weights_load_3963_reg_12096                                                        |   32|   0|   32|          0|
    |weights_load_3964_reg_12106                                                        |   32|   0|   32|          0|
    |weights_load_3965_reg_12116                                                        |   32|   0|   32|          0|
    |weights_load_3966_reg_12126                                                        |   32|   0|   32|          0|
    |weights_load_3967_reg_12136                                                        |   32|   0|   32|          0|
    |weights_load_3968_reg_12146                                                        |   32|   0|   32|          0|
    |weights_load_3969_reg_12156                                                        |   32|   0|   32|          0|
    |weights_load_3970_reg_12166                                                        |   32|   0|   32|          0|
    |weights_load_3971_reg_12176                                                        |   32|   0|   32|          0|
    |weights_load_3972_reg_12186                                                        |   32|   0|   32|          0|
    |weights_load_3973_reg_12196                                                        |   32|   0|   32|          0|
    |weights_load_3974_reg_12206                                                        |   32|   0|   32|          0|
    |weights_load_3975_reg_12216                                                        |   32|   0|   32|          0|
    |weights_load_3976_reg_12226                                                        |   32|   0|   32|          0|
    |weights_load_3977_reg_12236                                                        |   32|   0|   32|          0|
    |weights_load_3978_reg_12246                                                        |   32|   0|   32|          0|
    |weights_load_3979_reg_12256                                                        |   32|   0|   32|          0|
    |weights_load_3980_reg_12266                                                        |   32|   0|   32|          0|
    |weights_load_3981_reg_12276                                                        |   32|   0|   32|          0|
    |weights_load_3982_reg_12286                                                        |   32|   0|   32|          0|
    |weights_load_3983_reg_12296                                                        |   32|   0|   32|          0|
    |weights_load_3984_reg_12306                                                        |   32|   0|   32|          0|
    |weights_load_3985_reg_12316                                                        |   32|   0|   32|          0|
    |weights_load_3986_reg_12326                                                        |   32|   0|   32|          0|
    |weights_load_3987_reg_12336                                                        |   32|   0|   32|          0|
    |weights_load_3988_reg_12346                                                        |   32|   0|   32|          0|
    |weights_load_3989_reg_12356                                                        |   32|   0|   32|          0|
    |weights_load_3990_reg_12366                                                        |   32|   0|   32|          0|
    |weights_load_3991_reg_12376                                                        |   32|   0|   32|          0|
    |weights_load_3992_reg_12386                                                        |   32|   0|   32|          0|
    |weights_load_3993_reg_12396                                                        |   32|   0|   32|          0|
    |weights_load_3994_reg_12406                                                        |   32|   0|   32|          0|
    |weights_load_3995_reg_12416                                                        |   32|   0|   32|          0|
    |weights_load_3996_reg_12426                                                        |   32|   0|   32|          0|
    |weights_load_3997_reg_12436                                                        |   32|   0|   32|          0|
    |weights_load_3998_reg_12446                                                        |   32|   0|   32|          0|
    |weights_load_3999_reg_12456                                                        |   32|   0|   32|          0|
    |weights_load_4000_reg_12466                                                        |   32|   0|   32|          0|
    |weights_load_4001_reg_12476                                                        |   32|   0|   32|          0|
    |weights_load_4002_reg_12486                                                        |   32|   0|   32|          0|
    |weights_load_4003_reg_12496                                                        |   32|   0|   32|          0|
    |weights_load_4004_reg_12506                                                        |   32|   0|   32|          0|
    |weights_load_4005_reg_12516                                                        |   32|   0|   32|          0|
    |weights_load_4006_reg_12526                                                        |   32|   0|   32|          0|
    |weights_load_4007_reg_12536                                                        |   32|   0|   32|          0|
    |weights_load_4008_reg_12546                                                        |   32|   0|   32|          0|
    |weights_load_4009_reg_12556                                                        |   32|   0|   32|          0|
    |weights_load_4010_reg_12566                                                        |   32|   0|   32|          0|
    |weights_load_4011_reg_12576                                                        |   32|   0|   32|          0|
    |weights_load_4012_reg_12586                                                        |   32|   0|   32|          0|
    |weights_load_4013_reg_12596                                                        |   32|   0|   32|          0|
    |weights_load_4014_reg_12606                                                        |   32|   0|   32|          0|
    |weights_load_4015_reg_12616                                                        |   32|   0|   32|          0|
    |weights_load_4016_reg_12626                                                        |   32|   0|   32|          0|
    |weights_load_4017_reg_12636                                                        |   32|   0|   32|          0|
    |weights_load_4018_reg_12646                                                        |   32|   0|   32|          0|
    |weights_load_4019_reg_12656                                                        |   32|   0|   32|          0|
    |weights_load_4020_reg_12666                                                        |   32|   0|   32|          0|
    |weights_load_4021_reg_12676                                                        |   32|   0|   32|          0|
    |weights_load_4022_reg_12686                                                        |   32|   0|   32|          0|
    |weights_load_4023_reg_12696                                                        |   32|   0|   32|          0|
    |weights_load_4024_reg_12706                                                        |   32|   0|   32|          0|
    |weights_load_4025_reg_12711                                                        |   32|   0|   32|          0|
    |weights_load_reg_6966                                                              |   32|   0|   32|          0|
    +-----------------------------------------------------------------------------------+-----+----+-----+-----------+
    |Total                                                                              |19012|   0|19012|          0|
    +-----------------------------------------------------------------------------------+-----+----+-----+-----------+



================================================================
== Interface
================================================================
* Summary: 
+--------------------------------------------------+-----+-----+------------+------------------------------------------------+--------------+
|                     RTL Ports                    | Dir | Bits|  Protocol  |                  Source Object                 |    C Type    |
+--------------------------------------------------+-----+-----+------------+------------------------------------------------+--------------+
|ap_clk                                            |   in|    1|  ap_ctrl_hs|  conv2d_sum_mc<float, 14u, 14u, 3u, 3u, 64u>.31|  return value|
|ap_rst                                            |   in|    1|  ap_ctrl_hs|  conv2d_sum_mc<float, 14u, 14u, 3u, 3u, 64u>.31|  return value|
|ap_start                                          |   in|    1|  ap_ctrl_hs|  conv2d_sum_mc<float, 14u, 14u, 3u, 3u, 64u>.31|  return value|
|ap_done                                           |  out|    1|  ap_ctrl_hs|  conv2d_sum_mc<float, 14u, 14u, 3u, 3u, 64u>.31|  return value|
|ap_continue                                       |   in|    1|  ap_ctrl_hs|  conv2d_sum_mc<float, 14u, 14u, 3u, 3u, 64u>.31|  return value|
|ap_idle                                           |  out|    1|  ap_ctrl_hs|  conv2d_sum_mc<float, 14u, 14u, 3u, 3u, 64u>.31|  return value|
|ap_ready                                          |  out|    1|  ap_ctrl_hs|  conv2d_sum_mc<float, 14u, 14u, 3u, 3u, 64u>.31|  return value|
|conv2d_64_padded_window_stream_31_dout            |   in|  288|     ap_fifo|               conv2d_64_padded_window_stream_31|       pointer|
|conv2d_64_padded_window_stream_31_num_data_valid  |   in|    3|     ap_fifo|               conv2d_64_padded_window_stream_31|       pointer|
|conv2d_64_padded_window_stream_31_fifo_cap        |   in|    3|     ap_fifo|               conv2d_64_padded_window_stream_31|       pointer|
|conv2d_64_padded_window_stream_31_empty_n         |   in|    1|     ap_fifo|               conv2d_64_padded_window_stream_31|       pointer|
|conv2d_64_padded_window_stream_31_read            |  out|    1|     ap_fifo|               conv2d_64_padded_window_stream_31|       pointer|
|weights_address0                                  |  out|   10|   ap_memory|                                         weights|         array|
|weights_ce0                                       |  out|    1|   ap_memory|                                         weights|         array|
|weights_q0                                        |   in|   32|   ap_memory|                                         weights|         array|
|in_channel_map_stream_31_din                      |  out|   32|     ap_fifo|                        in_channel_map_stream_31|       pointer|
|in_channel_map_stream_31_num_data_valid           |   in|    3|     ap_fifo|                        in_channel_map_stream_31|       pointer|
|in_channel_map_stream_31_fifo_cap                 |   in|    3|     ap_fifo|                        in_channel_map_stream_31|       pointer|
|in_channel_map_stream_31_full_n                   |   in|    1|     ap_fifo|                        in_channel_map_stream_31|       pointer|
|in_channel_map_stream_31_write                    |  out|    1|     ap_fifo|                        in_channel_map_stream_31|       pointer|
+--------------------------------------------------+-----+-----+------------+------------------------------------------------+--------------+

