

================================================================
== Vitis HLS Report for 'conv2d_sum_mc_float_14u_14u_3u_3u_64u_26'
================================================================
* Date:           Tue Oct 18 21:20:08 2022

* Version:        2022.1 (Build 3526262 on Mon Apr 18 15:47:01 MDT 2022)
* Project:        forward_prop
* Solution:       solution1 (Vitis Kernel Flow Target)
* Product family: virtexuplus
* Target device:  xcvu5p-flva2104-1-e


================================================================
== Performance Estimates
================================================================
+ Timing: 
    * Summary: 
    +--------+----------+----------+------------+
    |  Clock |  Target  | Estimated| Uncertainty|
    +--------+----------+----------+------------+
    |ap_clk  |  10.00 ns|  7.725 ns|     2.70 ns|
    +--------+----------+----------+------------+

+ Latency: 
    * Summary: 
    +---------+---------+----------+----------+-------+-------+---------+
    |  Latency (cycles) |  Latency (absolute) |    Interval   | Pipeline|
    |   min   |   max   |    min   |    max   |  min  |  max  |   Type  |
    +---------+---------+----------+----------+-------+-------+---------+
    |    13138|    13138|  0.131 ms|  0.131 ms|  13138|  13138|       no|
    +---------+---------+----------+----------+-------+-------+---------+

    + Detail: 
        * Instance: 
        +----------------------------------------------------------------------+----------------------------------------------------------+---------+---------+----------+----------+-------+-------+---------+
        |                                                                      |                                                          |  Latency (cycles) |  Latency (absolute) |    Interval   | Pipeline|
        |                               Instance                               |                          Module                          |   min   |   max   |    min   |    max   |  min  |  max  |   Type  |
        +----------------------------------------------------------------------+----------------------------------------------------------+---------+---------+----------+----------+-------+-------+---------+
        |grp_conv2d_sum_mc_float_14u_14u_3u_3u_64u_26_Pipeline_inputs_fu_6371  |conv2d_sum_mc_float_14u_14u_3u_3u_64u_26_Pipeline_inputs  |    12561|    12561|  0.126 ms|  0.126 ms|  12561|  12561|       no|
        +----------------------------------------------------------------------+----------------------------------------------------------+---------+---------+----------+----------+-------+-------+---------+

        * Loop: 
        N/A



================================================================
== Utilization Estimates
================================================================
* Summary: 
+---------------------+---------+------+---------+--------+-----+
|         Name        | BRAM_18K|  DSP |    FF   |   LUT  | URAM|
+---------------------+---------+------+---------+--------+-----+
|DSP                  |        -|     -|        -|       -|    -|
|Expression           |        -|     -|        0|       2|    -|
|FIFO                 |        -|     -|        -|       -|    -|
|Instance             |        -|    43|     5780|    7090|    -|
|Memory               |        -|     -|        -|       -|    -|
|Multiplexer          |        -|     -|        -|    5413|    -|
|Register             |        -|     -|    19012|       -|    -|
+---------------------+---------+------+---------+--------+-----+
|Total                |        0|    43|    24792|   12505|    0|
+---------------------+---------+------+---------+--------+-----+
|Available SLR        |     1024|  1737|   600577|  300288|  235|
+---------------------+---------+------+---------+--------+-----+
|Utilization SLR (%)  |        0|     2|        4|       4|    0|
+---------------------+---------+------+---------+--------+-----+
|Available            |     2048|  3474|  1201154|  600577|  470|
+---------------------+---------+------+---------+--------+-----+
|Utilization (%)      |        0|     1|        2|       2|    0|
+---------------------+---------+------+---------+--------+-----+

+ Detail: 
    * Instance: 
    +----------------------------------------------------------------------+----------------------------------------------------------+---------+----+------+------+-----+
    |                               Instance                               |                          Module                          | BRAM_18K| DSP|  FF  |  LUT | URAM|
    +----------------------------------------------------------------------+----------------------------------------------------------+---------+----+------+------+-----+
    |grp_conv2d_sum_mc_float_14u_14u_3u_3u_64u_26_Pipeline_inputs_fu_6371  |conv2d_sum_mc_float_14u_14u_3u_3u_64u_26_Pipeline_inputs  |        0|  43|  5780|  7090|    0|
    +----------------------------------------------------------------------+----------------------------------------------------------+---------+----+------+------+-----+
    |Total                                                                 |                                                          |        0|  43|  5780|  7090|    0|
    +----------------------------------------------------------------------+----------------------------------------------------------+---------+----+------+------+-----+

    * DSP: 
    N/A

    * Memory: 
    N/A

    * FIFO: 
    N/A

    * Expression: 
    +-----------------+----------+----+---+----+------------+------------+
    |  Variable Name  | Operation| DSP| FF| LUT| Bitwidth P0| Bitwidth P1|
    +-----------------+----------+----+---+----+------------+------------+
    |ap_block_state1  |        or|   0|  0|   2|           1|           1|
    +-----------------+----------+----+---+----+------------+------------+
    |Total            |          |   0|  0|   2|           1|           1|
    +-----------------+----------+----+---+----+------------+------------+

    * Multiplexer: 
    +----------------------------------------+------+-----------+-----+-----------+
    |                  Name                  |  LUT | Input Size| Bits| Total Bits|
    +----------------------------------------+------+-----------+-----+-----------+
    |ap_NS_fsm                               |  2693|        579|    1|        579|
    |ap_done                                 |     9|          2|    1|          2|
    |conv2d_64_padded_window_stream_26_read  |     9|          2|    1|          2|
    |in_channel_map_stream_26_write          |     9|          2|    1|          2|
    |weights_address0                        |  2693|        577|   10|       5770|
    +----------------------------------------+------+-----------+-----+-----------+
    |Total                                   |  5413|       1162|   14|       6355|
    +----------------------------------------+------+-----------+-----+-----------+

    * Register: 
    +-----------------------------------------------------------------------------------+-----+----+-----+-----------+
    |                                        Name                                       |  FF | LUT| Bits| Const Bits|
    +-----------------------------------------------------------------------------------+-----+----+-----+-----------+
    |ap_CS_fsm                                                                          |  578|   0|  578|          0|
    |ap_done_reg                                                                        |    1|   0|    1|          0|
    |grp_conv2d_sum_mc_float_14u_14u_3u_3u_64u_26_Pipeline_inputs_fu_6371_ap_start_reg  |    1|   0|    1|          0|
    |weights_load_6901_reg_6976                                                         |   32|   0|   32|          0|
    |weights_load_6902_reg_6986                                                         |   32|   0|   32|          0|
    |weights_load_6903_reg_6996                                                         |   32|   0|   32|          0|
    |weights_load_6904_reg_7006                                                         |   32|   0|   32|          0|
    |weights_load_6905_reg_7016                                                         |   32|   0|   32|          0|
    |weights_load_6906_reg_7026                                                         |   32|   0|   32|          0|
    |weights_load_6907_reg_7036                                                         |   32|   0|   32|          0|
    |weights_load_6908_reg_7046                                                         |   32|   0|   32|          0|
    |weights_load_6909_reg_7056                                                         |   32|   0|   32|          0|
    |weights_load_6910_reg_7066                                                         |   32|   0|   32|          0|
    |weights_load_6911_reg_7076                                                         |   32|   0|   32|          0|
    |weights_load_6912_reg_7086                                                         |   32|   0|   32|          0|
    |weights_load_6913_reg_7096                                                         |   32|   0|   32|          0|
    |weights_load_6914_reg_7106                                                         |   32|   0|   32|          0|
    |weights_load_6915_reg_7116                                                         |   32|   0|   32|          0|
    |weights_load_6916_reg_7126                                                         |   32|   0|   32|          0|
    |weights_load_6917_reg_7136                                                         |   32|   0|   32|          0|
    |weights_load_6918_reg_7146                                                         |   32|   0|   32|          0|
    |weights_load_6919_reg_7156                                                         |   32|   0|   32|          0|
    |weights_load_6920_reg_7166                                                         |   32|   0|   32|          0|
    |weights_load_6921_reg_7176                                                         |   32|   0|   32|          0|
    |weights_load_6922_reg_7186                                                         |   32|   0|   32|          0|
    |weights_load_6923_reg_7196                                                         |   32|   0|   32|          0|
    |weights_load_6924_reg_7206                                                         |   32|   0|   32|          0|
    |weights_load_6925_reg_7216                                                         |   32|   0|   32|          0|
    |weights_load_6926_reg_7226                                                         |   32|   0|   32|          0|
    |weights_load_6927_reg_7236                                                         |   32|   0|   32|          0|
    |weights_load_6928_reg_7246                                                         |   32|   0|   32|          0|
    |weights_load_6929_reg_7256                                                         |   32|   0|   32|          0|
    |weights_load_6930_reg_7266                                                         |   32|   0|   32|          0|
    |weights_load_6931_reg_7276                                                         |   32|   0|   32|          0|
    |weights_load_6932_reg_7286                                                         |   32|   0|   32|          0|
    |weights_load_6933_reg_7296                                                         |   32|   0|   32|          0|
    |weights_load_6934_reg_7306                                                         |   32|   0|   32|          0|
    |weights_load_6935_reg_7316                                                         |   32|   0|   32|          0|
    |weights_load_6936_reg_7326                                                         |   32|   0|   32|          0|
    |weights_load_6937_reg_7336                                                         |   32|   0|   32|          0|
    |weights_load_6938_reg_7346                                                         |   32|   0|   32|          0|
    |weights_load_6939_reg_7356                                                         |   32|   0|   32|          0|
    |weights_load_6940_reg_7366                                                         |   32|   0|   32|          0|
    |weights_load_6941_reg_7376                                                         |   32|   0|   32|          0|
    |weights_load_6942_reg_7386                                                         |   32|   0|   32|          0|
    |weights_load_6943_reg_7396                                                         |   32|   0|   32|          0|
    |weights_load_6944_reg_7406                                                         |   32|   0|   32|          0|
    |weights_load_6945_reg_7416                                                         |   32|   0|   32|          0|
    |weights_load_6946_reg_7426                                                         |   32|   0|   32|          0|
    |weights_load_6947_reg_7436                                                         |   32|   0|   32|          0|
    |weights_load_6948_reg_7446                                                         |   32|   0|   32|          0|
    |weights_load_6949_reg_7456                                                         |   32|   0|   32|          0|
    |weights_load_6950_reg_7466                                                         |   32|   0|   32|          0|
    |weights_load_6951_reg_7476                                                         |   32|   0|   32|          0|
    |weights_load_6952_reg_7486                                                         |   32|   0|   32|          0|
    |weights_load_6953_reg_7496                                                         |   32|   0|   32|          0|
    |weights_load_6954_reg_7506                                                         |   32|   0|   32|          0|
    |weights_load_6955_reg_7516                                                         |   32|   0|   32|          0|
    |weights_load_6956_reg_7526                                                         |   32|   0|   32|          0|
    |weights_load_6957_reg_7536                                                         |   32|   0|   32|          0|
    |weights_load_6958_reg_7546                                                         |   32|   0|   32|          0|
    |weights_load_6959_reg_7556                                                         |   32|   0|   32|          0|
    |weights_load_6960_reg_7566                                                         |   32|   0|   32|          0|
    |weights_load_6961_reg_7576                                                         |   32|   0|   32|          0|
    |weights_load_6962_reg_7586                                                         |   32|   0|   32|          0|
    |weights_load_6963_reg_7596                                                         |   32|   0|   32|          0|
    |weights_load_6964_reg_7606                                                         |   32|   0|   32|          0|
    |weights_load_6965_reg_7616                                                         |   32|   0|   32|          0|
    |weights_load_6966_reg_7626                                                         |   32|   0|   32|          0|
    |weights_load_6967_reg_7636                                                         |   32|   0|   32|          0|
    |weights_load_6968_reg_7646                                                         |   32|   0|   32|          0|
    |weights_load_6969_reg_7656                                                         |   32|   0|   32|          0|
    |weights_load_6970_reg_7666                                                         |   32|   0|   32|          0|
    |weights_load_6971_reg_7676                                                         |   32|   0|   32|          0|
    |weights_load_6972_reg_7686                                                         |   32|   0|   32|          0|
    |weights_load_6973_reg_7696                                                         |   32|   0|   32|          0|
    |weights_load_6974_reg_7706                                                         |   32|   0|   32|          0|
    |weights_load_6975_reg_7716                                                         |   32|   0|   32|          0|
    |weights_load_6976_reg_7726                                                         |   32|   0|   32|          0|
    |weights_load_6977_reg_7736                                                         |   32|   0|   32|          0|
    |weights_load_6978_reg_7746                                                         |   32|   0|   32|          0|
    |weights_load_6979_reg_7756                                                         |   32|   0|   32|          0|
    |weights_load_6980_reg_7766                                                         |   32|   0|   32|          0|
    |weights_load_6981_reg_7776                                                         |   32|   0|   32|          0|
    |weights_load_6982_reg_7786                                                         |   32|   0|   32|          0|
    |weights_load_6983_reg_7796                                                         |   32|   0|   32|          0|
    |weights_load_6984_reg_7806                                                         |   32|   0|   32|          0|
    |weights_load_6985_reg_7816                                                         |   32|   0|   32|          0|
    |weights_load_6986_reg_7826                                                         |   32|   0|   32|          0|
    |weights_load_6987_reg_7836                                                         |   32|   0|   32|          0|
    |weights_load_6988_reg_7846                                                         |   32|   0|   32|          0|
    |weights_load_6989_reg_7856                                                         |   32|   0|   32|          0|
    |weights_load_6990_reg_7866                                                         |   32|   0|   32|          0|
    |weights_load_6991_reg_7876                                                         |   32|   0|   32|          0|
    |weights_load_6992_reg_7886                                                         |   32|   0|   32|          0|
    |weights_load_6993_reg_7896                                                         |   32|   0|   32|          0|
    |weights_load_6994_reg_7906                                                         |   32|   0|   32|          0|
    |weights_load_6995_reg_7916                                                         |   32|   0|   32|          0|
    |weights_load_6996_reg_7926                                                         |   32|   0|   32|          0|
    |weights_load_6997_reg_7936                                                         |   32|   0|   32|          0|
    |weights_load_6998_reg_7946                                                         |   32|   0|   32|          0|
    |weights_load_6999_reg_7956                                                         |   32|   0|   32|          0|
    |weights_load_7000_reg_7966                                                         |   32|   0|   32|          0|
    |weights_load_7001_reg_7976                                                         |   32|   0|   32|          0|
    |weights_load_7002_reg_7986                                                         |   32|   0|   32|          0|
    |weights_load_7003_reg_7996                                                         |   32|   0|   32|          0|
    |weights_load_7004_reg_8006                                                         |   32|   0|   32|          0|
    |weights_load_7005_reg_8016                                                         |   32|   0|   32|          0|
    |weights_load_7006_reg_8026                                                         |   32|   0|   32|          0|
    |weights_load_7007_reg_8036                                                         |   32|   0|   32|          0|
    |weights_load_7008_reg_8046                                                         |   32|   0|   32|          0|
    |weights_load_7009_reg_8056                                                         |   32|   0|   32|          0|
    |weights_load_7010_reg_8066                                                         |   32|   0|   32|          0|
    |weights_load_7011_reg_8076                                                         |   32|   0|   32|          0|
    |weights_load_7012_reg_8086                                                         |   32|   0|   32|          0|
    |weights_load_7013_reg_8096                                                         |   32|   0|   32|          0|
    |weights_load_7014_reg_8106                                                         |   32|   0|   32|          0|
    |weights_load_7015_reg_8116                                                         |   32|   0|   32|          0|
    |weights_load_7016_reg_8126                                                         |   32|   0|   32|          0|
    |weights_load_7017_reg_8136                                                         |   32|   0|   32|          0|
    |weights_load_7018_reg_8146                                                         |   32|   0|   32|          0|
    |weights_load_7019_reg_8156                                                         |   32|   0|   32|          0|
    |weights_load_7020_reg_8166                                                         |   32|   0|   32|          0|
    |weights_load_7021_reg_8176                                                         |   32|   0|   32|          0|
    |weights_load_7022_reg_8186                                                         |   32|   0|   32|          0|
    |weights_load_7023_reg_8196                                                         |   32|   0|   32|          0|
    |weights_load_7024_reg_8206                                                         |   32|   0|   32|          0|
    |weights_load_7025_reg_8216                                                         |   32|   0|   32|          0|
    |weights_load_7026_reg_8226                                                         |   32|   0|   32|          0|
    |weights_load_7027_reg_8236                                                         |   32|   0|   32|          0|
    |weights_load_7028_reg_8246                                                         |   32|   0|   32|          0|
    |weights_load_7029_reg_8256                                                         |   32|   0|   32|          0|
    |weights_load_7030_reg_8266                                                         |   32|   0|   32|          0|
    |weights_load_7031_reg_8276                                                         |   32|   0|   32|          0|
    |weights_load_7032_reg_8286                                                         |   32|   0|   32|          0|
    |weights_load_7033_reg_8296                                                         |   32|   0|   32|          0|
    |weights_load_7034_reg_8306                                                         |   32|   0|   32|          0|
    |weights_load_7035_reg_8316                                                         |   32|   0|   32|          0|
    |weights_load_7036_reg_8326                                                         |   32|   0|   32|          0|
    |weights_load_7037_reg_8336                                                         |   32|   0|   32|          0|
    |weights_load_7038_reg_8346                                                         |   32|   0|   32|          0|
    |weights_load_7039_reg_8356                                                         |   32|   0|   32|          0|
    |weights_load_7040_reg_8366                                                         |   32|   0|   32|          0|
    |weights_load_7041_reg_8376                                                         |   32|   0|   32|          0|
    |weights_load_7042_reg_8386                                                         |   32|   0|   32|          0|
    |weights_load_7043_reg_8396                                                         |   32|   0|   32|          0|
    |weights_load_7044_reg_8406                                                         |   32|   0|   32|          0|
    |weights_load_7045_reg_8416                                                         |   32|   0|   32|          0|
    |weights_load_7046_reg_8426                                                         |   32|   0|   32|          0|
    |weights_load_7047_reg_8436                                                         |   32|   0|   32|          0|
    |weights_load_7048_reg_8446                                                         |   32|   0|   32|          0|
    |weights_load_7049_reg_8456                                                         |   32|   0|   32|          0|
    |weights_load_7050_reg_8466                                                         |   32|   0|   32|          0|
    |weights_load_7051_reg_8476                                                         |   32|   0|   32|          0|
    |weights_load_7052_reg_8486                                                         |   32|   0|   32|          0|
    |weights_load_7053_reg_8496                                                         |   32|   0|   32|          0|
    |weights_load_7054_reg_8506                                                         |   32|   0|   32|          0|
    |weights_load_7055_reg_8516                                                         |   32|   0|   32|          0|
    |weights_load_7056_reg_8526                                                         |   32|   0|   32|          0|
    |weights_load_7057_reg_8536                                                         |   32|   0|   32|          0|
    |weights_load_7058_reg_8546                                                         |   32|   0|   32|          0|
    |weights_load_7059_reg_8556                                                         |   32|   0|   32|          0|
    |weights_load_7060_reg_8566                                                         |   32|   0|   32|          0|
    |weights_load_7061_reg_8576                                                         |   32|   0|   32|          0|
    |weights_load_7062_reg_8586                                                         |   32|   0|   32|          0|
    |weights_load_7063_reg_8596                                                         |   32|   0|   32|          0|
    |weights_load_7064_reg_8606                                                         |   32|   0|   32|          0|
    |weights_load_7065_reg_8616                                                         |   32|   0|   32|          0|
    |weights_load_7066_reg_8626                                                         |   32|   0|   32|          0|
    |weights_load_7067_reg_8636                                                         |   32|   0|   32|          0|
    |weights_load_7068_reg_8646                                                         |   32|   0|   32|          0|
    |weights_load_7069_reg_8656                                                         |   32|   0|   32|          0|
    |weights_load_7070_reg_8666                                                         |   32|   0|   32|          0|
    |weights_load_7071_reg_8676                                                         |   32|   0|   32|          0|
    |weights_load_7072_reg_8686                                                         |   32|   0|   32|          0|
    |weights_load_7073_reg_8696                                                         |   32|   0|   32|          0|
    |weights_load_7074_reg_8706                                                         |   32|   0|   32|          0|
    |weights_load_7075_reg_8716                                                         |   32|   0|   32|          0|
    |weights_load_7076_reg_8726                                                         |   32|   0|   32|          0|
    |weights_load_7077_reg_8736                                                         |   32|   0|   32|          0|
    |weights_load_7078_reg_8746                                                         |   32|   0|   32|          0|
    |weights_load_7079_reg_8756                                                         |   32|   0|   32|          0|
    |weights_load_7080_reg_8766                                                         |   32|   0|   32|          0|
    |weights_load_7081_reg_8776                                                         |   32|   0|   32|          0|
    |weights_load_7082_reg_8786                                                         |   32|   0|   32|          0|
    |weights_load_7083_reg_8796                                                         |   32|   0|   32|          0|
    |weights_load_7084_reg_8806                                                         |   32|   0|   32|          0|
    |weights_load_7085_reg_8816                                                         |   32|   0|   32|          0|
    |weights_load_7086_reg_8826                                                         |   32|   0|   32|          0|
    |weights_load_7087_reg_8836                                                         |   32|   0|   32|          0|
    |weights_load_7088_reg_8846                                                         |   32|   0|   32|          0|
    |weights_load_7089_reg_8856                                                         |   32|   0|   32|          0|
    |weights_load_7090_reg_8866                                                         |   32|   0|   32|          0|
    |weights_load_7091_reg_8876                                                         |   32|   0|   32|          0|
    |weights_load_7092_reg_8886                                                         |   32|   0|   32|          0|
    |weights_load_7093_reg_8896                                                         |   32|   0|   32|          0|
    |weights_load_7094_reg_8906                                                         |   32|   0|   32|          0|
    |weights_load_7095_reg_8916                                                         |   32|   0|   32|          0|
    |weights_load_7096_reg_8926                                                         |   32|   0|   32|          0|
    |weights_load_7097_reg_8936                                                         |   32|   0|   32|          0|
    |weights_load_7098_reg_8946                                                         |   32|   0|   32|          0|
    |weights_load_7099_reg_8956                                                         |   32|   0|   32|          0|
    |weights_load_7100_reg_8966                                                         |   32|   0|   32|          0|
    |weights_load_7101_reg_8976                                                         |   32|   0|   32|          0|
    |weights_load_7102_reg_8986                                                         |   32|   0|   32|          0|
    |weights_load_7103_reg_8996                                                         |   32|   0|   32|          0|
    |weights_load_7104_reg_9006                                                         |   32|   0|   32|          0|
    |weights_load_7105_reg_9016                                                         |   32|   0|   32|          0|
    |weights_load_7106_reg_9026                                                         |   32|   0|   32|          0|
    |weights_load_7107_reg_9036                                                         |   32|   0|   32|          0|
    |weights_load_7108_reg_9046                                                         |   32|   0|   32|          0|
    |weights_load_7109_reg_9056                                                         |   32|   0|   32|          0|
    |weights_load_7110_reg_9066                                                         |   32|   0|   32|          0|
    |weights_load_7111_reg_9076                                                         |   32|   0|   32|          0|
    |weights_load_7112_reg_9086                                                         |   32|   0|   32|          0|
    |weights_load_7113_reg_9096                                                         |   32|   0|   32|          0|
    |weights_load_7114_reg_9106                                                         |   32|   0|   32|          0|
    |weights_load_7115_reg_9116                                                         |   32|   0|   32|          0|
    |weights_load_7116_reg_9126                                                         |   32|   0|   32|          0|
    |weights_load_7117_reg_9136                                                         |   32|   0|   32|          0|
    |weights_load_7118_reg_9146                                                         |   32|   0|   32|          0|
    |weights_load_7119_reg_9156                                                         |   32|   0|   32|          0|
    |weights_load_7120_reg_9166                                                         |   32|   0|   32|          0|
    |weights_load_7121_reg_9176                                                         |   32|   0|   32|          0|
    |weights_load_7122_reg_9186                                                         |   32|   0|   32|          0|
    |weights_load_7123_reg_9196                                                         |   32|   0|   32|          0|
    |weights_load_7124_reg_9206                                                         |   32|   0|   32|          0|
    |weights_load_7125_reg_9216                                                         |   32|   0|   32|          0|
    |weights_load_7126_reg_9226                                                         |   32|   0|   32|          0|
    |weights_load_7127_reg_9236                                                         |   32|   0|   32|          0|
    |weights_load_7128_reg_9246                                                         |   32|   0|   32|          0|
    |weights_load_7129_reg_9256                                                         |   32|   0|   32|          0|
    |weights_load_7130_reg_9266                                                         |   32|   0|   32|          0|
    |weights_load_7131_reg_9276                                                         |   32|   0|   32|          0|
    |weights_load_7132_reg_9286                                                         |   32|   0|   32|          0|
    |weights_load_7133_reg_9296                                                         |   32|   0|   32|          0|
    |weights_load_7134_reg_9306                                                         |   32|   0|   32|          0|
    |weights_load_7135_reg_9316                                                         |   32|   0|   32|          0|
    |weights_load_7136_reg_9326                                                         |   32|   0|   32|          0|
    |weights_load_7137_reg_9336                                                         |   32|   0|   32|          0|
    |weights_load_7138_reg_9346                                                         |   32|   0|   32|          0|
    |weights_load_7139_reg_9356                                                         |   32|   0|   32|          0|
    |weights_load_7140_reg_9366                                                         |   32|   0|   32|          0|
    |weights_load_7141_reg_9376                                                         |   32|   0|   32|          0|
    |weights_load_7142_reg_9386                                                         |   32|   0|   32|          0|
    |weights_load_7143_reg_9396                                                         |   32|   0|   32|          0|
    |weights_load_7144_reg_9406                                                         |   32|   0|   32|          0|
    |weights_load_7145_reg_9416                                                         |   32|   0|   32|          0|
    |weights_load_7146_reg_9426                                                         |   32|   0|   32|          0|
    |weights_load_7147_reg_9436                                                         |   32|   0|   32|          0|
    |weights_load_7148_reg_9446                                                         |   32|   0|   32|          0|
    |weights_load_7149_reg_9456                                                         |   32|   0|   32|          0|
    |weights_load_7150_reg_9466                                                         |   32|   0|   32|          0|
    |weights_load_7151_reg_9476                                                         |   32|   0|   32|          0|
    |weights_load_7152_reg_9486                                                         |   32|   0|   32|          0|
    |weights_load_7153_reg_9496                                                         |   32|   0|   32|          0|
    |weights_load_7154_reg_9506                                                         |   32|   0|   32|          0|
    |weights_load_7155_reg_9516                                                         |   32|   0|   32|          0|
    |weights_load_7156_reg_9526                                                         |   32|   0|   32|          0|
    |weights_load_7157_reg_9536                                                         |   32|   0|   32|          0|
    |weights_load_7158_reg_9546                                                         |   32|   0|   32|          0|
    |weights_load_7159_reg_9556                                                         |   32|   0|   32|          0|
    |weights_load_7160_reg_9566                                                         |   32|   0|   32|          0|
    |weights_load_7161_reg_9576                                                         |   32|   0|   32|          0|
    |weights_load_7162_reg_9586                                                         |   32|   0|   32|          0|
    |weights_load_7163_reg_9596                                                         |   32|   0|   32|          0|
    |weights_load_7164_reg_9606                                                         |   32|   0|   32|          0|
    |weights_load_7165_reg_9616                                                         |   32|   0|   32|          0|
    |weights_load_7166_reg_9626                                                         |   32|   0|   32|          0|
    |weights_load_7167_reg_9636                                                         |   32|   0|   32|          0|
    |weights_load_7168_reg_9646                                                         |   32|   0|   32|          0|
    |weights_load_7169_reg_9656                                                         |   32|   0|   32|          0|
    |weights_load_7170_reg_9666                                                         |   32|   0|   32|          0|
    |weights_load_7171_reg_9676                                                         |   32|   0|   32|          0|
    |weights_load_7172_reg_9686                                                         |   32|   0|   32|          0|
    |weights_load_7173_reg_9696                                                         |   32|   0|   32|          0|
    |weights_load_7174_reg_9706                                                         |   32|   0|   32|          0|
    |weights_load_7175_reg_9716                                                         |   32|   0|   32|          0|
    |weights_load_7176_reg_9726                                                         |   32|   0|   32|          0|
    |weights_load_7177_reg_9736                                                         |   32|   0|   32|          0|
    |weights_load_7178_reg_9746                                                         |   32|   0|   32|          0|
    |weights_load_7179_reg_9756                                                         |   32|   0|   32|          0|
    |weights_load_7180_reg_9766                                                         |   32|   0|   32|          0|
    |weights_load_7181_reg_9776                                                         |   32|   0|   32|          0|
    |weights_load_7182_reg_9786                                                         |   32|   0|   32|          0|
    |weights_load_7183_reg_9796                                                         |   32|   0|   32|          0|
    |weights_load_7184_reg_9806                                                         |   32|   0|   32|          0|
    |weights_load_7185_reg_9816                                                         |   32|   0|   32|          0|
    |weights_load_7186_reg_9826                                                         |   32|   0|   32|          0|
    |weights_load_7187_reg_9836                                                         |   32|   0|   32|          0|
    |weights_load_7188_reg_9846                                                         |   32|   0|   32|          0|
    |weights_load_7189_reg_9856                                                         |   32|   0|   32|          0|
    |weights_load_7190_reg_9866                                                         |   32|   0|   32|          0|
    |weights_load_7191_reg_9876                                                         |   32|   0|   32|          0|
    |weights_load_7192_reg_9886                                                         |   32|   0|   32|          0|
    |weights_load_7193_reg_9896                                                         |   32|   0|   32|          0|
    |weights_load_7194_reg_9906                                                         |   32|   0|   32|          0|
    |weights_load_7195_reg_9916                                                         |   32|   0|   32|          0|
    |weights_load_7196_reg_9926                                                         |   32|   0|   32|          0|
    |weights_load_7197_reg_9936                                                         |   32|   0|   32|          0|
    |weights_load_7198_reg_9946                                                         |   32|   0|   32|          0|
    |weights_load_7199_reg_9956                                                         |   32|   0|   32|          0|
    |weights_load_7200_reg_9966                                                         |   32|   0|   32|          0|
    |weights_load_7201_reg_9976                                                         |   32|   0|   32|          0|
    |weights_load_7202_reg_9986                                                         |   32|   0|   32|          0|
    |weights_load_7203_reg_9996                                                         |   32|   0|   32|          0|
    |weights_load_7204_reg_10006                                                        |   32|   0|   32|          0|
    |weights_load_7205_reg_10016                                                        |   32|   0|   32|          0|
    |weights_load_7206_reg_10026                                                        |   32|   0|   32|          0|
    |weights_load_7207_reg_10036                                                        |   32|   0|   32|          0|
    |weights_load_7208_reg_10046                                                        |   32|   0|   32|          0|
    |weights_load_7209_reg_10056                                                        |   32|   0|   32|          0|
    |weights_load_7210_reg_10066                                                        |   32|   0|   32|          0|
    |weights_load_7211_reg_10076                                                        |   32|   0|   32|          0|
    |weights_load_7212_reg_10086                                                        |   32|   0|   32|          0|
    |weights_load_7213_reg_10096                                                        |   32|   0|   32|          0|
    |weights_load_7214_reg_10106                                                        |   32|   0|   32|          0|
    |weights_load_7215_reg_10116                                                        |   32|   0|   32|          0|
    |weights_load_7216_reg_10126                                                        |   32|   0|   32|          0|
    |weights_load_7217_reg_10136                                                        |   32|   0|   32|          0|
    |weights_load_7218_reg_10146                                                        |   32|   0|   32|          0|
    |weights_load_7219_reg_10156                                                        |   32|   0|   32|          0|
    |weights_load_7220_reg_10166                                                        |   32|   0|   32|          0|
    |weights_load_7221_reg_10176                                                        |   32|   0|   32|          0|
    |weights_load_7222_reg_10186                                                        |   32|   0|   32|          0|
    |weights_load_7223_reg_10196                                                        |   32|   0|   32|          0|
    |weights_load_7224_reg_10206                                                        |   32|   0|   32|          0|
    |weights_load_7225_reg_10216                                                        |   32|   0|   32|          0|
    |weights_load_7226_reg_10226                                                        |   32|   0|   32|          0|
    |weights_load_7227_reg_10236                                                        |   32|   0|   32|          0|
    |weights_load_7228_reg_10246                                                        |   32|   0|   32|          0|
    |weights_load_7229_reg_10256                                                        |   32|   0|   32|          0|
    |weights_load_7230_reg_10266                                                        |   32|   0|   32|          0|
    |weights_load_7231_reg_10276                                                        |   32|   0|   32|          0|
    |weights_load_7232_reg_10286                                                        |   32|   0|   32|          0|
    |weights_load_7233_reg_10296                                                        |   32|   0|   32|          0|
    |weights_load_7234_reg_10306                                                        |   32|   0|   32|          0|
    |weights_load_7235_reg_10316                                                        |   32|   0|   32|          0|
    |weights_load_7236_reg_10326                                                        |   32|   0|   32|          0|
    |weights_load_7237_reg_10336                                                        |   32|   0|   32|          0|
    |weights_load_7238_reg_10346                                                        |   32|   0|   32|          0|
    |weights_load_7239_reg_10356                                                        |   32|   0|   32|          0|
    |weights_load_7240_reg_10366                                                        |   32|   0|   32|          0|
    |weights_load_7241_reg_10376                                                        |   32|   0|   32|          0|
    |weights_load_7242_reg_10386                                                        |   32|   0|   32|          0|
    |weights_load_7243_reg_10396                                                        |   32|   0|   32|          0|
    |weights_load_7244_reg_10406                                                        |   32|   0|   32|          0|
    |weights_load_7245_reg_10416                                                        |   32|   0|   32|          0|
    |weights_load_7246_reg_10426                                                        |   32|   0|   32|          0|
    |weights_load_7247_reg_10436                                                        |   32|   0|   32|          0|
    |weights_load_7248_reg_10446                                                        |   32|   0|   32|          0|
    |weights_load_7249_reg_10456                                                        |   32|   0|   32|          0|
    |weights_load_7250_reg_10466                                                        |   32|   0|   32|          0|
    |weights_load_7251_reg_10476                                                        |   32|   0|   32|          0|
    |weights_load_7252_reg_10486                                                        |   32|   0|   32|          0|
    |weights_load_7253_reg_10496                                                        |   32|   0|   32|          0|
    |weights_load_7254_reg_10506                                                        |   32|   0|   32|          0|
    |weights_load_7255_reg_10516                                                        |   32|   0|   32|          0|
    |weights_load_7256_reg_10526                                                        |   32|   0|   32|          0|
    |weights_load_7257_reg_10536                                                        |   32|   0|   32|          0|
    |weights_load_7258_reg_10546                                                        |   32|   0|   32|          0|
    |weights_load_7259_reg_10556                                                        |   32|   0|   32|          0|
    |weights_load_7260_reg_10566                                                        |   32|   0|   32|          0|
    |weights_load_7261_reg_10576                                                        |   32|   0|   32|          0|
    |weights_load_7262_reg_10586                                                        |   32|   0|   32|          0|
    |weights_load_7263_reg_10596                                                        |   32|   0|   32|          0|
    |weights_load_7264_reg_10606                                                        |   32|   0|   32|          0|
    |weights_load_7265_reg_10616                                                        |   32|   0|   32|          0|
    |weights_load_7266_reg_10626                                                        |   32|   0|   32|          0|
    |weights_load_7267_reg_10636                                                        |   32|   0|   32|          0|
    |weights_load_7268_reg_10646                                                        |   32|   0|   32|          0|
    |weights_load_7269_reg_10656                                                        |   32|   0|   32|          0|
    |weights_load_7270_reg_10666                                                        |   32|   0|   32|          0|
    |weights_load_7271_reg_10676                                                        |   32|   0|   32|          0|
    |weights_load_7272_reg_10686                                                        |   32|   0|   32|          0|
    |weights_load_7273_reg_10696                                                        |   32|   0|   32|          0|
    |weights_load_7274_reg_10706                                                        |   32|   0|   32|          0|
    |weights_load_7275_reg_10716                                                        |   32|   0|   32|          0|
    |weights_load_7276_reg_10726                                                        |   32|   0|   32|          0|
    |weights_load_7277_reg_10736                                                        |   32|   0|   32|          0|
    |weights_load_7278_reg_10746                                                        |   32|   0|   32|          0|
    |weights_load_7279_reg_10756                                                        |   32|   0|   32|          0|
    |weights_load_7280_reg_10766                                                        |   32|   0|   32|          0|
    |weights_load_7281_reg_10776                                                        |   32|   0|   32|          0|
    |weights_load_7282_reg_10786                                                        |   32|   0|   32|          0|
    |weights_load_7283_reg_10796                                                        |   32|   0|   32|          0|
    |weights_load_7284_reg_10806                                                        |   32|   0|   32|          0|
    |weights_load_7285_reg_10816                                                        |   32|   0|   32|          0|
    |weights_load_7286_reg_10826                                                        |   32|   0|   32|          0|
    |weights_load_7287_reg_10836                                                        |   32|   0|   32|          0|
    |weights_load_7288_reg_10846                                                        |   32|   0|   32|          0|
    |weights_load_7289_reg_10856                                                        |   32|   0|   32|          0|
    |weights_load_7290_reg_10866                                                        |   32|   0|   32|          0|
    |weights_load_7291_reg_10876                                                        |   32|   0|   32|          0|
    |weights_load_7292_reg_10886                                                        |   32|   0|   32|          0|
    |weights_load_7293_reg_10896                                                        |   32|   0|   32|          0|
    |weights_load_7294_reg_10906                                                        |   32|   0|   32|          0|
    |weights_load_7295_reg_10916                                                        |   32|   0|   32|          0|
    |weights_load_7296_reg_10926                                                        |   32|   0|   32|          0|
    |weights_load_7297_reg_10936                                                        |   32|   0|   32|          0|
    |weights_load_7298_reg_10946                                                        |   32|   0|   32|          0|
    |weights_load_7299_reg_10956                                                        |   32|   0|   32|          0|
    |weights_load_7300_reg_10966                                                        |   32|   0|   32|          0|
    |weights_load_7301_reg_10976                                                        |   32|   0|   32|          0|
    |weights_load_7302_reg_10986                                                        |   32|   0|   32|          0|
    |weights_load_7303_reg_10996                                                        |   32|   0|   32|          0|
    |weights_load_7304_reg_11006                                                        |   32|   0|   32|          0|
    |weights_load_7305_reg_11016                                                        |   32|   0|   32|          0|
    |weights_load_7306_reg_11026                                                        |   32|   0|   32|          0|
    |weights_load_7307_reg_11036                                                        |   32|   0|   32|          0|
    |weights_load_7308_reg_11046                                                        |   32|   0|   32|          0|
    |weights_load_7309_reg_11056                                                        |   32|   0|   32|          0|
    |weights_load_7310_reg_11066                                                        |   32|   0|   32|          0|
    |weights_load_7311_reg_11076                                                        |   32|   0|   32|          0|
    |weights_load_7312_reg_11086                                                        |   32|   0|   32|          0|
    |weights_load_7313_reg_11096                                                        |   32|   0|   32|          0|
    |weights_load_7314_reg_11106                                                        |   32|   0|   32|          0|
    |weights_load_7315_reg_11116                                                        |   32|   0|   32|          0|
    |weights_load_7316_reg_11126                                                        |   32|   0|   32|          0|
    |weights_load_7317_reg_11136                                                        |   32|   0|   32|          0|
    |weights_load_7318_reg_11146                                                        |   32|   0|   32|          0|
    |weights_load_7319_reg_11156                                                        |   32|   0|   32|          0|
    |weights_load_7320_reg_11166                                                        |   32|   0|   32|          0|
    |weights_load_7321_reg_11176                                                        |   32|   0|   32|          0|
    |weights_load_7322_reg_11186                                                        |   32|   0|   32|          0|
    |weights_load_7323_reg_11196                                                        |   32|   0|   32|          0|
    |weights_load_7324_reg_11206                                                        |   32|   0|   32|          0|
    |weights_load_7325_reg_11216                                                        |   32|   0|   32|          0|
    |weights_load_7326_reg_11226                                                        |   32|   0|   32|          0|
    |weights_load_7327_reg_11236                                                        |   32|   0|   32|          0|
    |weights_load_7328_reg_11246                                                        |   32|   0|   32|          0|
    |weights_load_7329_reg_11256                                                        |   32|   0|   32|          0|
    |weights_load_7330_reg_11266                                                        |   32|   0|   32|          0|
    |weights_load_7331_reg_11276                                                        |   32|   0|   32|          0|
    |weights_load_7332_reg_11286                                                        |   32|   0|   32|          0|
    |weights_load_7333_reg_11296                                                        |   32|   0|   32|          0|
    |weights_load_7334_reg_11306                                                        |   32|   0|   32|          0|
    |weights_load_7335_reg_11316                                                        |   32|   0|   32|          0|
    |weights_load_7336_reg_11326                                                        |   32|   0|   32|          0|
    |weights_load_7337_reg_11336                                                        |   32|   0|   32|          0|
    |weights_load_7338_reg_11346                                                        |   32|   0|   32|          0|
    |weights_load_7339_reg_11356                                                        |   32|   0|   32|          0|
    |weights_load_7340_reg_11366                                                        |   32|   0|   32|          0|
    |weights_load_7341_reg_11376                                                        |   32|   0|   32|          0|
    |weights_load_7342_reg_11386                                                        |   32|   0|   32|          0|
    |weights_load_7343_reg_11396                                                        |   32|   0|   32|          0|
    |weights_load_7344_reg_11406                                                        |   32|   0|   32|          0|
    |weights_load_7345_reg_11416                                                        |   32|   0|   32|          0|
    |weights_load_7346_reg_11426                                                        |   32|   0|   32|          0|
    |weights_load_7347_reg_11436                                                        |   32|   0|   32|          0|
    |weights_load_7348_reg_11446                                                        |   32|   0|   32|          0|
    |weights_load_7349_reg_11456                                                        |   32|   0|   32|          0|
    |weights_load_7350_reg_11466                                                        |   32|   0|   32|          0|
    |weights_load_7351_reg_11476                                                        |   32|   0|   32|          0|
    |weights_load_7352_reg_11486                                                        |   32|   0|   32|          0|
    |weights_load_7353_reg_11496                                                        |   32|   0|   32|          0|
    |weights_load_7354_reg_11506                                                        |   32|   0|   32|          0|
    |weights_load_7355_reg_11516                                                        |   32|   0|   32|          0|
    |weights_load_7356_reg_11526                                                        |   32|   0|   32|          0|
    |weights_load_7357_reg_11536                                                        |   32|   0|   32|          0|
    |weights_load_7358_reg_11546                                                        |   32|   0|   32|          0|
    |weights_load_7359_reg_11556                                                        |   32|   0|   32|          0|
    |weights_load_7360_reg_11566                                                        |   32|   0|   32|          0|
    |weights_load_7361_reg_11576                                                        |   32|   0|   32|          0|
    |weights_load_7362_reg_11586                                                        |   32|   0|   32|          0|
    |weights_load_7363_reg_11596                                                        |   32|   0|   32|          0|
    |weights_load_7364_reg_11606                                                        |   32|   0|   32|          0|
    |weights_load_7365_reg_11616                                                        |   32|   0|   32|          0|
    |weights_load_7366_reg_11626                                                        |   32|   0|   32|          0|
    |weights_load_7367_reg_11636                                                        |   32|   0|   32|          0|
    |weights_load_7368_reg_11646                                                        |   32|   0|   32|          0|
    |weights_load_7369_reg_11656                                                        |   32|   0|   32|          0|
    |weights_load_7370_reg_11666                                                        |   32|   0|   32|          0|
    |weights_load_7371_reg_11676                                                        |   32|   0|   32|          0|
    |weights_load_7372_reg_11686                                                        |   32|   0|   32|          0|
    |weights_load_7373_reg_11696                                                        |   32|   0|   32|          0|
    |weights_load_7374_reg_11706                                                        |   32|   0|   32|          0|
    |weights_load_7375_reg_11716                                                        |   32|   0|   32|          0|
    |weights_load_7376_reg_11726                                                        |   32|   0|   32|          0|
    |weights_load_7377_reg_11736                                                        |   32|   0|   32|          0|
    |weights_load_7378_reg_11746                                                        |   32|   0|   32|          0|
    |weights_load_7379_reg_11756                                                        |   32|   0|   32|          0|
    |weights_load_7380_reg_11766                                                        |   32|   0|   32|          0|
    |weights_load_7381_reg_11776                                                        |   32|   0|   32|          0|
    |weights_load_7382_reg_11786                                                        |   32|   0|   32|          0|
    |weights_load_7383_reg_11796                                                        |   32|   0|   32|          0|
    |weights_load_7384_reg_11806                                                        |   32|   0|   32|          0|
    |weights_load_7385_reg_11816                                                        |   32|   0|   32|          0|
    |weights_load_7386_reg_11826                                                        |   32|   0|   32|          0|
    |weights_load_7387_reg_11836                                                        |   32|   0|   32|          0|
    |weights_load_7388_reg_11846                                                        |   32|   0|   32|          0|
    |weights_load_7389_reg_11856                                                        |   32|   0|   32|          0|
    |weights_load_7390_reg_11866                                                        |   32|   0|   32|          0|
    |weights_load_7391_reg_11876                                                        |   32|   0|   32|          0|
    |weights_load_7392_reg_11886                                                        |   32|   0|   32|          0|
    |weights_load_7393_reg_11896                                                        |   32|   0|   32|          0|
    |weights_load_7394_reg_11906                                                        |   32|   0|   32|          0|
    |weights_load_7395_reg_11916                                                        |   32|   0|   32|          0|
    |weights_load_7396_reg_11926                                                        |   32|   0|   32|          0|
    |weights_load_7397_reg_11936                                                        |   32|   0|   32|          0|
    |weights_load_7398_reg_11946                                                        |   32|   0|   32|          0|
    |weights_load_7399_reg_11956                                                        |   32|   0|   32|          0|
    |weights_load_7400_reg_11966                                                        |   32|   0|   32|          0|
    |weights_load_7401_reg_11976                                                        |   32|   0|   32|          0|
    |weights_load_7402_reg_11986                                                        |   32|   0|   32|          0|
    |weights_load_7403_reg_11996                                                        |   32|   0|   32|          0|
    |weights_load_7404_reg_12006                                                        |   32|   0|   32|          0|
    |weights_load_7405_reg_12016                                                        |   32|   0|   32|          0|
    |weights_load_7406_reg_12026                                                        |   32|   0|   32|          0|
    |weights_load_7407_reg_12036                                                        |   32|   0|   32|          0|
    |weights_load_7408_reg_12046                                                        |   32|   0|   32|          0|
    |weights_load_7409_reg_12056                                                        |   32|   0|   32|          0|
    |weights_load_7410_reg_12066                                                        |   32|   0|   32|          0|
    |weights_load_7411_reg_12076                                                        |   32|   0|   32|          0|
    |weights_load_7412_reg_12086                                                        |   32|   0|   32|          0|
    |weights_load_7413_reg_12096                                                        |   32|   0|   32|          0|
    |weights_load_7414_reg_12106                                                        |   32|   0|   32|          0|
    |weights_load_7415_reg_12116                                                        |   32|   0|   32|          0|
    |weights_load_7416_reg_12126                                                        |   32|   0|   32|          0|
    |weights_load_7417_reg_12136                                                        |   32|   0|   32|          0|
    |weights_load_7418_reg_12146                                                        |   32|   0|   32|          0|
    |weights_load_7419_reg_12156                                                        |   32|   0|   32|          0|
    |weights_load_7420_reg_12166                                                        |   32|   0|   32|          0|
    |weights_load_7421_reg_12176                                                        |   32|   0|   32|          0|
    |weights_load_7422_reg_12186                                                        |   32|   0|   32|          0|
    |weights_load_7423_reg_12196                                                        |   32|   0|   32|          0|
    |weights_load_7424_reg_12206                                                        |   32|   0|   32|          0|
    |weights_load_7425_reg_12216                                                        |   32|   0|   32|          0|
    |weights_load_7426_reg_12226                                                        |   32|   0|   32|          0|
    |weights_load_7427_reg_12236                                                        |   32|   0|   32|          0|
    |weights_load_7428_reg_12246                                                        |   32|   0|   32|          0|
    |weights_load_7429_reg_12256                                                        |   32|   0|   32|          0|
    |weights_load_7430_reg_12266                                                        |   32|   0|   32|          0|
    |weights_load_7431_reg_12276                                                        |   32|   0|   32|          0|
    |weights_load_7432_reg_12286                                                        |   32|   0|   32|          0|
    |weights_load_7433_reg_12296                                                        |   32|   0|   32|          0|
    |weights_load_7434_reg_12306                                                        |   32|   0|   32|          0|
    |weights_load_7435_reg_12316                                                        |   32|   0|   32|          0|
    |weights_load_7436_reg_12326                                                        |   32|   0|   32|          0|
    |weights_load_7437_reg_12336                                                        |   32|   0|   32|          0|
    |weights_load_7438_reg_12346                                                        |   32|   0|   32|          0|
    |weights_load_7439_reg_12356                                                        |   32|   0|   32|          0|
    |weights_load_7440_reg_12366                                                        |   32|   0|   32|          0|
    |weights_load_7441_reg_12376                                                        |   32|   0|   32|          0|
    |weights_load_7442_reg_12386                                                        |   32|   0|   32|          0|
    |weights_load_7443_reg_12396                                                        |   32|   0|   32|          0|
    |weights_load_7444_reg_12406                                                        |   32|   0|   32|          0|
    |weights_load_7445_reg_12416                                                        |   32|   0|   32|          0|
    |weights_load_7446_reg_12426                                                        |   32|   0|   32|          0|
    |weights_load_7447_reg_12436                                                        |   32|   0|   32|          0|
    |weights_load_7448_reg_12446                                                        |   32|   0|   32|          0|
    |weights_load_7449_reg_12456                                                        |   32|   0|   32|          0|
    |weights_load_7450_reg_12466                                                        |   32|   0|   32|          0|
    |weights_load_7451_reg_12476                                                        |   32|   0|   32|          0|
    |weights_load_7452_reg_12486                                                        |   32|   0|   32|          0|
    |weights_load_7453_reg_12496                                                        |   32|   0|   32|          0|
    |weights_load_7454_reg_12506                                                        |   32|   0|   32|          0|
    |weights_load_7455_reg_12516                                                        |   32|   0|   32|          0|
    |weights_load_7456_reg_12526                                                        |   32|   0|   32|          0|
    |weights_load_7457_reg_12536                                                        |   32|   0|   32|          0|
    |weights_load_7458_reg_12546                                                        |   32|   0|   32|          0|
    |weights_load_7459_reg_12556                                                        |   32|   0|   32|          0|
    |weights_load_7460_reg_12566                                                        |   32|   0|   32|          0|
    |weights_load_7461_reg_12576                                                        |   32|   0|   32|          0|
    |weights_load_7462_reg_12586                                                        |   32|   0|   32|          0|
    |weights_load_7463_reg_12596                                                        |   32|   0|   32|          0|
    |weights_load_7464_reg_12606                                                        |   32|   0|   32|          0|
    |weights_load_7465_reg_12616                                                        |   32|   0|   32|          0|
    |weights_load_7466_reg_12626                                                        |   32|   0|   32|          0|
    |weights_load_7467_reg_12636                                                        |   32|   0|   32|          0|
    |weights_load_7468_reg_12646                                                        |   32|   0|   32|          0|
    |weights_load_7469_reg_12656                                                        |   32|   0|   32|          0|
    |weights_load_7470_reg_12666                                                        |   32|   0|   32|          0|
    |weights_load_7471_reg_12676                                                        |   32|   0|   32|          0|
    |weights_load_7472_reg_12686                                                        |   32|   0|   32|          0|
    |weights_load_7473_reg_12696                                                        |   32|   0|   32|          0|
    |weights_load_7474_reg_12706                                                        |   32|   0|   32|          0|
    |weights_load_7475_reg_12711                                                        |   32|   0|   32|          0|
    |weights_load_reg_6966                                                              |   32|   0|   32|          0|
    +-----------------------------------------------------------------------------------+-----+----+-----+-----------+
    |Total                                                                              |19012|   0|19012|          0|
    +-----------------------------------------------------------------------------------+-----+----+-----+-----------+



================================================================
== Interface
================================================================
* Summary: 
+--------------------------------------------------+-----+-----+------------+------------------------------------------------+--------------+
|                     RTL Ports                    | Dir | Bits|  Protocol  |                  Source Object                 |    C Type    |
+--------------------------------------------------+-----+-----+------------+------------------------------------------------+--------------+
|ap_clk                                            |   in|    1|  ap_ctrl_hs|  conv2d_sum_mc<float, 14u, 14u, 3u, 3u, 64u>.26|  return value|
|ap_rst                                            |   in|    1|  ap_ctrl_hs|  conv2d_sum_mc<float, 14u, 14u, 3u, 3u, 64u>.26|  return value|
|ap_start                                          |   in|    1|  ap_ctrl_hs|  conv2d_sum_mc<float, 14u, 14u, 3u, 3u, 64u>.26|  return value|
|ap_done                                           |  out|    1|  ap_ctrl_hs|  conv2d_sum_mc<float, 14u, 14u, 3u, 3u, 64u>.26|  return value|
|ap_continue                                       |   in|    1|  ap_ctrl_hs|  conv2d_sum_mc<float, 14u, 14u, 3u, 3u, 64u>.26|  return value|
|ap_idle                                           |  out|    1|  ap_ctrl_hs|  conv2d_sum_mc<float, 14u, 14u, 3u, 3u, 64u>.26|  return value|
|ap_ready                                          |  out|    1|  ap_ctrl_hs|  conv2d_sum_mc<float, 14u, 14u, 3u, 3u, 64u>.26|  return value|
|conv2d_64_padded_window_stream_26_dout            |   in|  288|     ap_fifo|               conv2d_64_padded_window_stream_26|       pointer|
|conv2d_64_padded_window_stream_26_num_data_valid  |   in|    3|     ap_fifo|               conv2d_64_padded_window_stream_26|       pointer|
|conv2d_64_padded_window_stream_26_fifo_cap        |   in|    3|     ap_fifo|               conv2d_64_padded_window_stream_26|       pointer|
|conv2d_64_padded_window_stream_26_empty_n         |   in|    1|     ap_fifo|               conv2d_64_padded_window_stream_26|       pointer|
|conv2d_64_padded_window_stream_26_read            |  out|    1|     ap_fifo|               conv2d_64_padded_window_stream_26|       pointer|
|weights_address0                                  |  out|   10|   ap_memory|                                         weights|         array|
|weights_ce0                                       |  out|    1|   ap_memory|                                         weights|         array|
|weights_q0                                        |   in|   32|   ap_memory|                                         weights|         array|
|in_channel_map_stream_26_din                      |  out|   32|     ap_fifo|                        in_channel_map_stream_26|       pointer|
|in_channel_map_stream_26_num_data_valid           |   in|    3|     ap_fifo|                        in_channel_map_stream_26|       pointer|
|in_channel_map_stream_26_fifo_cap                 |   in|    3|     ap_fifo|                        in_channel_map_stream_26|       pointer|
|in_channel_map_stream_26_full_n                   |   in|    1|     ap_fifo|                        in_channel_map_stream_26|       pointer|
|in_channel_map_stream_26_write                    |  out|    1|     ap_fifo|                        in_channel_map_stream_26|       pointer|
+--------------------------------------------------+-----+-----+------------+------------------------------------------------+--------------+

