

================================================================
== Vitis HLS Report for 'conv2d_sum_mc_float_14u_14u_3u_3u_64u_25'
================================================================
* Date:           Tue Oct 18 21:19:58 2022

* Version:        2022.1 (Build 3526262 on Mon Apr 18 15:47:01 MDT 2022)
* Project:        forward_prop
* Solution:       solution1 (Vitis Kernel Flow Target)
* Product family: virtexuplus
* Target device:  xcvu5p-flva2104-1-e


================================================================
== Performance Estimates
================================================================
+ Timing: 
    * Summary: 
    +--------+----------+----------+------------+
    |  Clock |  Target  | Estimated| Uncertainty|
    +--------+----------+----------+------------+
    |ap_clk  |  10.00 ns|  7.725 ns|     2.70 ns|
    +--------+----------+----------+------------+

+ Latency: 
    * Summary: 
    +---------+---------+----------+----------+-------+-------+---------+
    |  Latency (cycles) |  Latency (absolute) |    Interval   | Pipeline|
    |   min   |   max   |    min   |    max   |  min  |  max  |   Type  |
    +---------+---------+----------+----------+-------+-------+---------+
    |    13138|    13138|  0.131 ms|  0.131 ms|  13138|  13138|       no|
    +---------+---------+----------+----------+-------+-------+---------+

    + Detail: 
        * Instance: 
        +----------------------------------------------------------------------+----------------------------------------------------------+---------+---------+----------+----------+-------+-------+---------+
        |                                                                      |                                                          |  Latency (cycles) |  Latency (absolute) |    Interval   | Pipeline|
        |                               Instance                               |                          Module                          |   min   |   max   |    min   |    max   |  min  |  max  |   Type  |
        +----------------------------------------------------------------------+----------------------------------------------------------+---------+---------+----------+----------+-------+-------+---------+
        |grp_conv2d_sum_mc_float_14u_14u_3u_3u_64u_25_Pipeline_inputs_fu_6371  |conv2d_sum_mc_float_14u_14u_3u_3u_64u_25_Pipeline_inputs  |    12561|    12561|  0.126 ms|  0.126 ms|  12561|  12561|       no|
        +----------------------------------------------------------------------+----------------------------------------------------------+---------+---------+----------+----------+-------+-------+---------+

        * Loop: 
        N/A



================================================================
== Utilization Estimates
================================================================
* Summary: 
+---------------------+---------+------+---------+--------+-----+
|         Name        | BRAM_18K|  DSP |    FF   |   LUT  | URAM|
+---------------------+---------+------+---------+--------+-----+
|DSP                  |        -|     -|        -|       -|    -|
|Expression           |        -|     -|        0|       2|    -|
|FIFO                 |        -|     -|        -|       -|    -|
|Instance             |        -|    43|     5780|    7090|    -|
|Memory               |        -|     -|        -|       -|    -|
|Multiplexer          |        -|     -|        -|    5413|    -|
|Register             |        -|     -|    19012|       -|    -|
+---------------------+---------+------+---------+--------+-----+
|Total                |        0|    43|    24792|   12505|    0|
+---------------------+---------+------+---------+--------+-----+
|Available SLR        |     1024|  1737|   600577|  300288|  235|
+---------------------+---------+------+---------+--------+-----+
|Utilization SLR (%)  |        0|     2|        4|       4|    0|
+---------------------+---------+------+---------+--------+-----+
|Available            |     2048|  3474|  1201154|  600577|  470|
+---------------------+---------+------+---------+--------+-----+
|Utilization (%)      |        0|     1|        2|       2|    0|
+---------------------+---------+------+---------+--------+-----+

+ Detail: 
    * Instance: 
    +----------------------------------------------------------------------+----------------------------------------------------------+---------+----+------+------+-----+
    |                               Instance                               |                          Module                          | BRAM_18K| DSP|  FF  |  LUT | URAM|
    +----------------------------------------------------------------------+----------------------------------------------------------+---------+----+------+------+-----+
    |grp_conv2d_sum_mc_float_14u_14u_3u_3u_64u_25_Pipeline_inputs_fu_6371  |conv2d_sum_mc_float_14u_14u_3u_3u_64u_25_Pipeline_inputs  |        0|  43|  5780|  7090|    0|
    +----------------------------------------------------------------------+----------------------------------------------------------+---------+----+------+------+-----+
    |Total                                                                 |                                                          |        0|  43|  5780|  7090|    0|
    +----------------------------------------------------------------------+----------------------------------------------------------+---------+----+------+------+-----+

    * DSP: 
    N/A

    * Memory: 
    N/A

    * FIFO: 
    N/A

    * Expression: 
    +-----------------+----------+----+---+----+------------+------------+
    |  Variable Name  | Operation| DSP| FF| LUT| Bitwidth P0| Bitwidth P1|
    +-----------------+----------+----+---+----+------------+------------+
    |ap_block_state1  |        or|   0|  0|   2|           1|           1|
    +-----------------+----------+----+---+----+------------+------------+
    |Total            |          |   0|  0|   2|           1|           1|
    +-----------------+----------+----+---+----+------------+------------+

    * Multiplexer: 
    +----------------------------------------+------+-----------+-----+-----------+
    |                  Name                  |  LUT | Input Size| Bits| Total Bits|
    +----------------------------------------+------+-----------+-----+-----------+
    |ap_NS_fsm                               |  2693|        579|    1|        579|
    |ap_done                                 |     9|          2|    1|          2|
    |conv2d_64_padded_window_stream_25_read  |     9|          2|    1|          2|
    |in_channel_map_stream_25_write          |     9|          2|    1|          2|
    |weights_address0                        |  2693|        577|   10|       5770|
    +----------------------------------------+------+-----------+-----+-----------+
    |Total                                   |  5413|       1162|   14|       6355|
    +----------------------------------------+------+-----------+-----+-----------+

    * Register: 
    +-----------------------------------------------------------------------------------+-----+----+-----+-----------+
    |                                        Name                                       |  FF | LUT| Bits| Const Bits|
    +-----------------------------------------------------------------------------------+-----+----+-----+-----------+
    |ap_CS_fsm                                                                          |  578|   0|  578|          0|
    |ap_done_reg                                                                        |    1|   0|    1|          0|
    |grp_conv2d_sum_mc_float_14u_14u_3u_3u_64u_25_Pipeline_inputs_fu_6371_ap_start_reg  |    1|   0|    1|          0|
    |weights_load_7476_reg_6976                                                         |   32|   0|   32|          0|
    |weights_load_7477_reg_6986                                                         |   32|   0|   32|          0|
    |weights_load_7478_reg_6996                                                         |   32|   0|   32|          0|
    |weights_load_7479_reg_7006                                                         |   32|   0|   32|          0|
    |weights_load_7480_reg_7016                                                         |   32|   0|   32|          0|
    |weights_load_7481_reg_7026                                                         |   32|   0|   32|          0|
    |weights_load_7482_reg_7036                                                         |   32|   0|   32|          0|
    |weights_load_7483_reg_7046                                                         |   32|   0|   32|          0|
    |weights_load_7484_reg_7056                                                         |   32|   0|   32|          0|
    |weights_load_7485_reg_7066                                                         |   32|   0|   32|          0|
    |weights_load_7486_reg_7076                                                         |   32|   0|   32|          0|
    |weights_load_7487_reg_7086                                                         |   32|   0|   32|          0|
    |weights_load_7488_reg_7096                                                         |   32|   0|   32|          0|
    |weights_load_7489_reg_7106                                                         |   32|   0|   32|          0|
    |weights_load_7490_reg_7116                                                         |   32|   0|   32|          0|
    |weights_load_7491_reg_7126                                                         |   32|   0|   32|          0|
    |weights_load_7492_reg_7136                                                         |   32|   0|   32|          0|
    |weights_load_7493_reg_7146                                                         |   32|   0|   32|          0|
    |weights_load_7494_reg_7156                                                         |   32|   0|   32|          0|
    |weights_load_7495_reg_7166                                                         |   32|   0|   32|          0|
    |weights_load_7496_reg_7176                                                         |   32|   0|   32|          0|
    |weights_load_7497_reg_7186                                                         |   32|   0|   32|          0|
    |weights_load_7498_reg_7196                                                         |   32|   0|   32|          0|
    |weights_load_7499_reg_7206                                                         |   32|   0|   32|          0|
    |weights_load_7500_reg_7216                                                         |   32|   0|   32|          0|
    |weights_load_7501_reg_7226                                                         |   32|   0|   32|          0|
    |weights_load_7502_reg_7236                                                         |   32|   0|   32|          0|
    |weights_load_7503_reg_7246                                                         |   32|   0|   32|          0|
    |weights_load_7504_reg_7256                                                         |   32|   0|   32|          0|
    |weights_load_7505_reg_7266                                                         |   32|   0|   32|          0|
    |weights_load_7506_reg_7276                                                         |   32|   0|   32|          0|
    |weights_load_7507_reg_7286                                                         |   32|   0|   32|          0|
    |weights_load_7508_reg_7296                                                         |   32|   0|   32|          0|
    |weights_load_7509_reg_7306                                                         |   32|   0|   32|          0|
    |weights_load_7510_reg_7316                                                         |   32|   0|   32|          0|
    |weights_load_7511_reg_7326                                                         |   32|   0|   32|          0|
    |weights_load_7512_reg_7336                                                         |   32|   0|   32|          0|
    |weights_load_7513_reg_7346                                                         |   32|   0|   32|          0|
    |weights_load_7514_reg_7356                                                         |   32|   0|   32|          0|
    |weights_load_7515_reg_7366                                                         |   32|   0|   32|          0|
    |weights_load_7516_reg_7376                                                         |   32|   0|   32|          0|
    |weights_load_7517_reg_7386                                                         |   32|   0|   32|          0|
    |weights_load_7518_reg_7396                                                         |   32|   0|   32|          0|
    |weights_load_7519_reg_7406                                                         |   32|   0|   32|          0|
    |weights_load_7520_reg_7416                                                         |   32|   0|   32|          0|
    |weights_load_7521_reg_7426                                                         |   32|   0|   32|          0|
    |weights_load_7522_reg_7436                                                         |   32|   0|   32|          0|
    |weights_load_7523_reg_7446                                                         |   32|   0|   32|          0|
    |weights_load_7524_reg_7456                                                         |   32|   0|   32|          0|
    |weights_load_7525_reg_7466                                                         |   32|   0|   32|          0|
    |weights_load_7526_reg_7476                                                         |   32|   0|   32|          0|
    |weights_load_7527_reg_7486                                                         |   32|   0|   32|          0|
    |weights_load_7528_reg_7496                                                         |   32|   0|   32|          0|
    |weights_load_7529_reg_7506                                                         |   32|   0|   32|          0|
    |weights_load_7530_reg_7516                                                         |   32|   0|   32|          0|
    |weights_load_7531_reg_7526                                                         |   32|   0|   32|          0|
    |weights_load_7532_reg_7536                                                         |   32|   0|   32|          0|
    |weights_load_7533_reg_7546                                                         |   32|   0|   32|          0|
    |weights_load_7534_reg_7556                                                         |   32|   0|   32|          0|
    |weights_load_7535_reg_7566                                                         |   32|   0|   32|          0|
    |weights_load_7536_reg_7576                                                         |   32|   0|   32|          0|
    |weights_load_7537_reg_7586                                                         |   32|   0|   32|          0|
    |weights_load_7538_reg_7596                                                         |   32|   0|   32|          0|
    |weights_load_7539_reg_7606                                                         |   32|   0|   32|          0|
    |weights_load_7540_reg_7616                                                         |   32|   0|   32|          0|
    |weights_load_7541_reg_7626                                                         |   32|   0|   32|          0|
    |weights_load_7542_reg_7636                                                         |   32|   0|   32|          0|
    |weights_load_7543_reg_7646                                                         |   32|   0|   32|          0|
    |weights_load_7544_reg_7656                                                         |   32|   0|   32|          0|
    |weights_load_7545_reg_7666                                                         |   32|   0|   32|          0|
    |weights_load_7546_reg_7676                                                         |   32|   0|   32|          0|
    |weights_load_7547_reg_7686                                                         |   32|   0|   32|          0|
    |weights_load_7548_reg_7696                                                         |   32|   0|   32|          0|
    |weights_load_7549_reg_7706                                                         |   32|   0|   32|          0|
    |weights_load_7550_reg_7716                                                         |   32|   0|   32|          0|
    |weights_load_7551_reg_7726                                                         |   32|   0|   32|          0|
    |weights_load_7552_reg_7736                                                         |   32|   0|   32|          0|
    |weights_load_7553_reg_7746                                                         |   32|   0|   32|          0|
    |weights_load_7554_reg_7756                                                         |   32|   0|   32|          0|
    |weights_load_7555_reg_7766                                                         |   32|   0|   32|          0|
    |weights_load_7556_reg_7776                                                         |   32|   0|   32|          0|
    |weights_load_7557_reg_7786                                                         |   32|   0|   32|          0|
    |weights_load_7558_reg_7796                                                         |   32|   0|   32|          0|
    |weights_load_7559_reg_7806                                                         |   32|   0|   32|          0|
    |weights_load_7560_reg_7816                                                         |   32|   0|   32|          0|
    |weights_load_7561_reg_7826                                                         |   32|   0|   32|          0|
    |weights_load_7562_reg_7836                                                         |   32|   0|   32|          0|
    |weights_load_7563_reg_7846                                                         |   32|   0|   32|          0|
    |weights_load_7564_reg_7856                                                         |   32|   0|   32|          0|
    |weights_load_7565_reg_7866                                                         |   32|   0|   32|          0|
    |weights_load_7566_reg_7876                                                         |   32|   0|   32|          0|
    |weights_load_7567_reg_7886                                                         |   32|   0|   32|          0|
    |weights_load_7568_reg_7896                                                         |   32|   0|   32|          0|
    |weights_load_7569_reg_7906                                                         |   32|   0|   32|          0|
    |weights_load_7570_reg_7916                                                         |   32|   0|   32|          0|
    |weights_load_7571_reg_7926                                                         |   32|   0|   32|          0|
    |weights_load_7572_reg_7936                                                         |   32|   0|   32|          0|
    |weights_load_7573_reg_7946                                                         |   32|   0|   32|          0|
    |weights_load_7574_reg_7956                                                         |   32|   0|   32|          0|
    |weights_load_7575_reg_7966                                                         |   32|   0|   32|          0|
    |weights_load_7576_reg_7976                                                         |   32|   0|   32|          0|
    |weights_load_7577_reg_7986                                                         |   32|   0|   32|          0|
    |weights_load_7578_reg_7996                                                         |   32|   0|   32|          0|
    |weights_load_7579_reg_8006                                                         |   32|   0|   32|          0|
    |weights_load_7580_reg_8016                                                         |   32|   0|   32|          0|
    |weights_load_7581_reg_8026                                                         |   32|   0|   32|          0|
    |weights_load_7582_reg_8036                                                         |   32|   0|   32|          0|
    |weights_load_7583_reg_8046                                                         |   32|   0|   32|          0|
    |weights_load_7584_reg_8056                                                         |   32|   0|   32|          0|
    |weights_load_7585_reg_8066                                                         |   32|   0|   32|          0|
    |weights_load_7586_reg_8076                                                         |   32|   0|   32|          0|
    |weights_load_7587_reg_8086                                                         |   32|   0|   32|          0|
    |weights_load_7588_reg_8096                                                         |   32|   0|   32|          0|
    |weights_load_7589_reg_8106                                                         |   32|   0|   32|          0|
    |weights_load_7590_reg_8116                                                         |   32|   0|   32|          0|
    |weights_load_7591_reg_8126                                                         |   32|   0|   32|          0|
    |weights_load_7592_reg_8136                                                         |   32|   0|   32|          0|
    |weights_load_7593_reg_8146                                                         |   32|   0|   32|          0|
    |weights_load_7594_reg_8156                                                         |   32|   0|   32|          0|
    |weights_load_7595_reg_8166                                                         |   32|   0|   32|          0|
    |weights_load_7596_reg_8176                                                         |   32|   0|   32|          0|
    |weights_load_7597_reg_8186                                                         |   32|   0|   32|          0|
    |weights_load_7598_reg_8196                                                         |   32|   0|   32|          0|
    |weights_load_7599_reg_8206                                                         |   32|   0|   32|          0|
    |weights_load_7600_reg_8216                                                         |   32|   0|   32|          0|
    |weights_load_7601_reg_8226                                                         |   32|   0|   32|          0|
    |weights_load_7602_reg_8236                                                         |   32|   0|   32|          0|
    |weights_load_7603_reg_8246                                                         |   32|   0|   32|          0|
    |weights_load_7604_reg_8256                                                         |   32|   0|   32|          0|
    |weights_load_7605_reg_8266                                                         |   32|   0|   32|          0|
    |weights_load_7606_reg_8276                                                         |   32|   0|   32|          0|
    |weights_load_7607_reg_8286                                                         |   32|   0|   32|          0|
    |weights_load_7608_reg_8296                                                         |   32|   0|   32|          0|
    |weights_load_7609_reg_8306                                                         |   32|   0|   32|          0|
    |weights_load_7610_reg_8316                                                         |   32|   0|   32|          0|
    |weights_load_7611_reg_8326                                                         |   32|   0|   32|          0|
    |weights_load_7612_reg_8336                                                         |   32|   0|   32|          0|
    |weights_load_7613_reg_8346                                                         |   32|   0|   32|          0|
    |weights_load_7614_reg_8356                                                         |   32|   0|   32|          0|
    |weights_load_7615_reg_8366                                                         |   32|   0|   32|          0|
    |weights_load_7616_reg_8376                                                         |   32|   0|   32|          0|
    |weights_load_7617_reg_8386                                                         |   32|   0|   32|          0|
    |weights_load_7618_reg_8396                                                         |   32|   0|   32|          0|
    |weights_load_7619_reg_8406                                                         |   32|   0|   32|          0|
    |weights_load_7620_reg_8416                                                         |   32|   0|   32|          0|
    |weights_load_7621_reg_8426                                                         |   32|   0|   32|          0|
    |weights_load_7622_reg_8436                                                         |   32|   0|   32|          0|
    |weights_load_7623_reg_8446                                                         |   32|   0|   32|          0|
    |weights_load_7624_reg_8456                                                         |   32|   0|   32|          0|
    |weights_load_7625_reg_8466                                                         |   32|   0|   32|          0|
    |weights_load_7626_reg_8476                                                         |   32|   0|   32|          0|
    |weights_load_7627_reg_8486                                                         |   32|   0|   32|          0|
    |weights_load_7628_reg_8496                                                         |   32|   0|   32|          0|
    |weights_load_7629_reg_8506                                                         |   32|   0|   32|          0|
    |weights_load_7630_reg_8516                                                         |   32|   0|   32|          0|
    |weights_load_7631_reg_8526                                                         |   32|   0|   32|          0|
    |weights_load_7632_reg_8536                                                         |   32|   0|   32|          0|
    |weights_load_7633_reg_8546                                                         |   32|   0|   32|          0|
    |weights_load_7634_reg_8556                                                         |   32|   0|   32|          0|
    |weights_load_7635_reg_8566                                                         |   32|   0|   32|          0|
    |weights_load_7636_reg_8576                                                         |   32|   0|   32|          0|
    |weights_load_7637_reg_8586                                                         |   32|   0|   32|          0|
    |weights_load_7638_reg_8596                                                         |   32|   0|   32|          0|
    |weights_load_7639_reg_8606                                                         |   32|   0|   32|          0|
    |weights_load_7640_reg_8616                                                         |   32|   0|   32|          0|
    |weights_load_7641_reg_8626                                                         |   32|   0|   32|          0|
    |weights_load_7642_reg_8636                                                         |   32|   0|   32|          0|
    |weights_load_7643_reg_8646                                                         |   32|   0|   32|          0|
    |weights_load_7644_reg_8656                                                         |   32|   0|   32|          0|
    |weights_load_7645_reg_8666                                                         |   32|   0|   32|          0|
    |weights_load_7646_reg_8676                                                         |   32|   0|   32|          0|
    |weights_load_7647_reg_8686                                                         |   32|   0|   32|          0|
    |weights_load_7648_reg_8696                                                         |   32|   0|   32|          0|
    |weights_load_7649_reg_8706                                                         |   32|   0|   32|          0|
    |weights_load_7650_reg_8716                                                         |   32|   0|   32|          0|
    |weights_load_7651_reg_8726                                                         |   32|   0|   32|          0|
    |weights_load_7652_reg_8736                                                         |   32|   0|   32|          0|
    |weights_load_7653_reg_8746                                                         |   32|   0|   32|          0|
    |weights_load_7654_reg_8756                                                         |   32|   0|   32|          0|
    |weights_load_7655_reg_8766                                                         |   32|   0|   32|          0|
    |weights_load_7656_reg_8776                                                         |   32|   0|   32|          0|
    |weights_load_7657_reg_8786                                                         |   32|   0|   32|          0|
    |weights_load_7658_reg_8796                                                         |   32|   0|   32|          0|
    |weights_load_7659_reg_8806                                                         |   32|   0|   32|          0|
    |weights_load_7660_reg_8816                                                         |   32|   0|   32|          0|
    |weights_load_7661_reg_8826                                                         |   32|   0|   32|          0|
    |weights_load_7662_reg_8836                                                         |   32|   0|   32|          0|
    |weights_load_7663_reg_8846                                                         |   32|   0|   32|          0|
    |weights_load_7664_reg_8856                                                         |   32|   0|   32|          0|
    |weights_load_7665_reg_8866                                                         |   32|   0|   32|          0|
    |weights_load_7666_reg_8876                                                         |   32|   0|   32|          0|
    |weights_load_7667_reg_8886                                                         |   32|   0|   32|          0|
    |weights_load_7668_reg_8896                                                         |   32|   0|   32|          0|
    |weights_load_7669_reg_8906                                                         |   32|   0|   32|          0|
    |weights_load_7670_reg_8916                                                         |   32|   0|   32|          0|
    |weights_load_7671_reg_8926                                                         |   32|   0|   32|          0|
    |weights_load_7672_reg_8936                                                         |   32|   0|   32|          0|
    |weights_load_7673_reg_8946                                                         |   32|   0|   32|          0|
    |weights_load_7674_reg_8956                                                         |   32|   0|   32|          0|
    |weights_load_7675_reg_8966                                                         |   32|   0|   32|          0|
    |weights_load_7676_reg_8976                                                         |   32|   0|   32|          0|
    |weights_load_7677_reg_8986                                                         |   32|   0|   32|          0|
    |weights_load_7678_reg_8996                                                         |   32|   0|   32|          0|
    |weights_load_7679_reg_9006                                                         |   32|   0|   32|          0|
    |weights_load_7680_reg_9016                                                         |   32|   0|   32|          0|
    |weights_load_7681_reg_9026                                                         |   32|   0|   32|          0|
    |weights_load_7682_reg_9036                                                         |   32|   0|   32|          0|
    |weights_load_7683_reg_9046                                                         |   32|   0|   32|          0|
    |weights_load_7684_reg_9056                                                         |   32|   0|   32|          0|
    |weights_load_7685_reg_9066                                                         |   32|   0|   32|          0|
    |weights_load_7686_reg_9076                                                         |   32|   0|   32|          0|
    |weights_load_7687_reg_9086                                                         |   32|   0|   32|          0|
    |weights_load_7688_reg_9096                                                         |   32|   0|   32|          0|
    |weights_load_7689_reg_9106                                                         |   32|   0|   32|          0|
    |weights_load_7690_reg_9116                                                         |   32|   0|   32|          0|
    |weights_load_7691_reg_9126                                                         |   32|   0|   32|          0|
    |weights_load_7692_reg_9136                                                         |   32|   0|   32|          0|
    |weights_load_7693_reg_9146                                                         |   32|   0|   32|          0|
    |weights_load_7694_reg_9156                                                         |   32|   0|   32|          0|
    |weights_load_7695_reg_9166                                                         |   32|   0|   32|          0|
    |weights_load_7696_reg_9176                                                         |   32|   0|   32|          0|
    |weights_load_7697_reg_9186                                                         |   32|   0|   32|          0|
    |weights_load_7698_reg_9196                                                         |   32|   0|   32|          0|
    |weights_load_7699_reg_9206                                                         |   32|   0|   32|          0|
    |weights_load_7700_reg_9216                                                         |   32|   0|   32|          0|
    |weights_load_7701_reg_9226                                                         |   32|   0|   32|          0|
    |weights_load_7702_reg_9236                                                         |   32|   0|   32|          0|
    |weights_load_7703_reg_9246                                                         |   32|   0|   32|          0|
    |weights_load_7704_reg_9256                                                         |   32|   0|   32|          0|
    |weights_load_7705_reg_9266                                                         |   32|   0|   32|          0|
    |weights_load_7706_reg_9276                                                         |   32|   0|   32|          0|
    |weights_load_7707_reg_9286                                                         |   32|   0|   32|          0|
    |weights_load_7708_reg_9296                                                         |   32|   0|   32|          0|
    |weights_load_7709_reg_9306                                                         |   32|   0|   32|          0|
    |weights_load_7710_reg_9316                                                         |   32|   0|   32|          0|
    |weights_load_7711_reg_9326                                                         |   32|   0|   32|          0|
    |weights_load_7712_reg_9336                                                         |   32|   0|   32|          0|
    |weights_load_7713_reg_9346                                                         |   32|   0|   32|          0|
    |weights_load_7714_reg_9356                                                         |   32|   0|   32|          0|
    |weights_load_7715_reg_9366                                                         |   32|   0|   32|          0|
    |weights_load_7716_reg_9376                                                         |   32|   0|   32|          0|
    |weights_load_7717_reg_9386                                                         |   32|   0|   32|          0|
    |weights_load_7718_reg_9396                                                         |   32|   0|   32|          0|
    |weights_load_7719_reg_9406                                                         |   32|   0|   32|          0|
    |weights_load_7720_reg_9416                                                         |   32|   0|   32|          0|
    |weights_load_7721_reg_9426                                                         |   32|   0|   32|          0|
    |weights_load_7722_reg_9436                                                         |   32|   0|   32|          0|
    |weights_load_7723_reg_9446                                                         |   32|   0|   32|          0|
    |weights_load_7724_reg_9456                                                         |   32|   0|   32|          0|
    |weights_load_7725_reg_9466                                                         |   32|   0|   32|          0|
    |weights_load_7726_reg_9476                                                         |   32|   0|   32|          0|
    |weights_load_7727_reg_9486                                                         |   32|   0|   32|          0|
    |weights_load_7728_reg_9496                                                         |   32|   0|   32|          0|
    |weights_load_7729_reg_9506                                                         |   32|   0|   32|          0|
    |weights_load_7730_reg_9516                                                         |   32|   0|   32|          0|
    |weights_load_7731_reg_9526                                                         |   32|   0|   32|          0|
    |weights_load_7732_reg_9536                                                         |   32|   0|   32|          0|
    |weights_load_7733_reg_9546                                                         |   32|   0|   32|          0|
    |weights_load_7734_reg_9556                                                         |   32|   0|   32|          0|
    |weights_load_7735_reg_9566                                                         |   32|   0|   32|          0|
    |weights_load_7736_reg_9576                                                         |   32|   0|   32|          0|
    |weights_load_7737_reg_9586                                                         |   32|   0|   32|          0|
    |weights_load_7738_reg_9596                                                         |   32|   0|   32|          0|
    |weights_load_7739_reg_9606                                                         |   32|   0|   32|          0|
    |weights_load_7740_reg_9616                                                         |   32|   0|   32|          0|
    |weights_load_7741_reg_9626                                                         |   32|   0|   32|          0|
    |weights_load_7742_reg_9636                                                         |   32|   0|   32|          0|
    |weights_load_7743_reg_9646                                                         |   32|   0|   32|          0|
    |weights_load_7744_reg_9656                                                         |   32|   0|   32|          0|
    |weights_load_7745_reg_9666                                                         |   32|   0|   32|          0|
    |weights_load_7746_reg_9676                                                         |   32|   0|   32|          0|
    |weights_load_7747_reg_9686                                                         |   32|   0|   32|          0|
    |weights_load_7748_reg_9696                                                         |   32|   0|   32|          0|
    |weights_load_7749_reg_9706                                                         |   32|   0|   32|          0|
    |weights_load_7750_reg_9716                                                         |   32|   0|   32|          0|
    |weights_load_7751_reg_9726                                                         |   32|   0|   32|          0|
    |weights_load_7752_reg_9736                                                         |   32|   0|   32|          0|
    |weights_load_7753_reg_9746                                                         |   32|   0|   32|          0|
    |weights_load_7754_reg_9756                                                         |   32|   0|   32|          0|
    |weights_load_7755_reg_9766                                                         |   32|   0|   32|          0|
    |weights_load_7756_reg_9776                                                         |   32|   0|   32|          0|
    |weights_load_7757_reg_9786                                                         |   32|   0|   32|          0|
    |weights_load_7758_reg_9796                                                         |   32|   0|   32|          0|
    |weights_load_7759_reg_9806                                                         |   32|   0|   32|          0|
    |weights_load_7760_reg_9816                                                         |   32|   0|   32|          0|
    |weights_load_7761_reg_9826                                                         |   32|   0|   32|          0|
    |weights_load_7762_reg_9836                                                         |   32|   0|   32|          0|
    |weights_load_7763_reg_9846                                                         |   32|   0|   32|          0|
    |weights_load_7764_reg_9856                                                         |   32|   0|   32|          0|
    |weights_load_7765_reg_9866                                                         |   32|   0|   32|          0|
    |weights_load_7766_reg_9876                                                         |   32|   0|   32|          0|
    |weights_load_7767_reg_9886                                                         |   32|   0|   32|          0|
    |weights_load_7768_reg_9896                                                         |   32|   0|   32|          0|
    |weights_load_7769_reg_9906                                                         |   32|   0|   32|          0|
    |weights_load_7770_reg_9916                                                         |   32|   0|   32|          0|
    |weights_load_7771_reg_9926                                                         |   32|   0|   32|          0|
    |weights_load_7772_reg_9936                                                         |   32|   0|   32|          0|
    |weights_load_7773_reg_9946                                                         |   32|   0|   32|          0|
    |weights_load_7774_reg_9956                                                         |   32|   0|   32|          0|
    |weights_load_7775_reg_9966                                                         |   32|   0|   32|          0|
    |weights_load_7776_reg_9976                                                         |   32|   0|   32|          0|
    |weights_load_7777_reg_9986                                                         |   32|   0|   32|          0|
    |weights_load_7778_reg_9996                                                         |   32|   0|   32|          0|
    |weights_load_7779_reg_10006                                                        |   32|   0|   32|          0|
    |weights_load_7780_reg_10016                                                        |   32|   0|   32|          0|
    |weights_load_7781_reg_10026                                                        |   32|   0|   32|          0|
    |weights_load_7782_reg_10036                                                        |   32|   0|   32|          0|
    |weights_load_7783_reg_10046                                                        |   32|   0|   32|          0|
    |weights_load_7784_reg_10056                                                        |   32|   0|   32|          0|
    |weights_load_7785_reg_10066                                                        |   32|   0|   32|          0|
    |weights_load_7786_reg_10076                                                        |   32|   0|   32|          0|
    |weights_load_7787_reg_10086                                                        |   32|   0|   32|          0|
    |weights_load_7788_reg_10096                                                        |   32|   0|   32|          0|
    |weights_load_7789_reg_10106                                                        |   32|   0|   32|          0|
    |weights_load_7790_reg_10116                                                        |   32|   0|   32|          0|
    |weights_load_7791_reg_10126                                                        |   32|   0|   32|          0|
    |weights_load_7792_reg_10136                                                        |   32|   0|   32|          0|
    |weights_load_7793_reg_10146                                                        |   32|   0|   32|          0|
    |weights_load_7794_reg_10156                                                        |   32|   0|   32|          0|
    |weights_load_7795_reg_10166                                                        |   32|   0|   32|          0|
    |weights_load_7796_reg_10176                                                        |   32|   0|   32|          0|
    |weights_load_7797_reg_10186                                                        |   32|   0|   32|          0|
    |weights_load_7798_reg_10196                                                        |   32|   0|   32|          0|
    |weights_load_7799_reg_10206                                                        |   32|   0|   32|          0|
    |weights_load_7800_reg_10216                                                        |   32|   0|   32|          0|
    |weights_load_7801_reg_10226                                                        |   32|   0|   32|          0|
    |weights_load_7802_reg_10236                                                        |   32|   0|   32|          0|
    |weights_load_7803_reg_10246                                                        |   32|   0|   32|          0|
    |weights_load_7804_reg_10256                                                        |   32|   0|   32|          0|
    |weights_load_7805_reg_10266                                                        |   32|   0|   32|          0|
    |weights_load_7806_reg_10276                                                        |   32|   0|   32|          0|
    |weights_load_7807_reg_10286                                                        |   32|   0|   32|          0|
    |weights_load_7808_reg_10296                                                        |   32|   0|   32|          0|
    |weights_load_7809_reg_10306                                                        |   32|   0|   32|          0|
    |weights_load_7810_reg_10316                                                        |   32|   0|   32|          0|
    |weights_load_7811_reg_10326                                                        |   32|   0|   32|          0|
    |weights_load_7812_reg_10336                                                        |   32|   0|   32|          0|
    |weights_load_7813_reg_10346                                                        |   32|   0|   32|          0|
    |weights_load_7814_reg_10356                                                        |   32|   0|   32|          0|
    |weights_load_7815_reg_10366                                                        |   32|   0|   32|          0|
    |weights_load_7816_reg_10376                                                        |   32|   0|   32|          0|
    |weights_load_7817_reg_10386                                                        |   32|   0|   32|          0|
    |weights_load_7818_reg_10396                                                        |   32|   0|   32|          0|
    |weights_load_7819_reg_10406                                                        |   32|   0|   32|          0|
    |weights_load_7820_reg_10416                                                        |   32|   0|   32|          0|
    |weights_load_7821_reg_10426                                                        |   32|   0|   32|          0|
    |weights_load_7822_reg_10436                                                        |   32|   0|   32|          0|
    |weights_load_7823_reg_10446                                                        |   32|   0|   32|          0|
    |weights_load_7824_reg_10456                                                        |   32|   0|   32|          0|
    |weights_load_7825_reg_10466                                                        |   32|   0|   32|          0|
    |weights_load_7826_reg_10476                                                        |   32|   0|   32|          0|
    |weights_load_7827_reg_10486                                                        |   32|   0|   32|          0|
    |weights_load_7828_reg_10496                                                        |   32|   0|   32|          0|
    |weights_load_7829_reg_10506                                                        |   32|   0|   32|          0|
    |weights_load_7830_reg_10516                                                        |   32|   0|   32|          0|
    |weights_load_7831_reg_10526                                                        |   32|   0|   32|          0|
    |weights_load_7832_reg_10536                                                        |   32|   0|   32|          0|
    |weights_load_7833_reg_10546                                                        |   32|   0|   32|          0|
    |weights_load_7834_reg_10556                                                        |   32|   0|   32|          0|
    |weights_load_7835_reg_10566                                                        |   32|   0|   32|          0|
    |weights_load_7836_reg_10576                                                        |   32|   0|   32|          0|
    |weights_load_7837_reg_10586                                                        |   32|   0|   32|          0|
    |weights_load_7838_reg_10596                                                        |   32|   0|   32|          0|
    |weights_load_7839_reg_10606                                                        |   32|   0|   32|          0|
    |weights_load_7840_reg_10616                                                        |   32|   0|   32|          0|
    |weights_load_7841_reg_10626                                                        |   32|   0|   32|          0|
    |weights_load_7842_reg_10636                                                        |   32|   0|   32|          0|
    |weights_load_7843_reg_10646                                                        |   32|   0|   32|          0|
    |weights_load_7844_reg_10656                                                        |   32|   0|   32|          0|
    |weights_load_7845_reg_10666                                                        |   32|   0|   32|          0|
    |weights_load_7846_reg_10676                                                        |   32|   0|   32|          0|
    |weights_load_7847_reg_10686                                                        |   32|   0|   32|          0|
    |weights_load_7848_reg_10696                                                        |   32|   0|   32|          0|
    |weights_load_7849_reg_10706                                                        |   32|   0|   32|          0|
    |weights_load_7850_reg_10716                                                        |   32|   0|   32|          0|
    |weights_load_7851_reg_10726                                                        |   32|   0|   32|          0|
    |weights_load_7852_reg_10736                                                        |   32|   0|   32|          0|
    |weights_load_7853_reg_10746                                                        |   32|   0|   32|          0|
    |weights_load_7854_reg_10756                                                        |   32|   0|   32|          0|
    |weights_load_7855_reg_10766                                                        |   32|   0|   32|          0|
    |weights_load_7856_reg_10776                                                        |   32|   0|   32|          0|
    |weights_load_7857_reg_10786                                                        |   32|   0|   32|          0|
    |weights_load_7858_reg_10796                                                        |   32|   0|   32|          0|
    |weights_load_7859_reg_10806                                                        |   32|   0|   32|          0|
    |weights_load_7860_reg_10816                                                        |   32|   0|   32|          0|
    |weights_load_7861_reg_10826                                                        |   32|   0|   32|          0|
    |weights_load_7862_reg_10836                                                        |   32|   0|   32|          0|
    |weights_load_7863_reg_10846                                                        |   32|   0|   32|          0|
    |weights_load_7864_reg_10856                                                        |   32|   0|   32|          0|
    |weights_load_7865_reg_10866                                                        |   32|   0|   32|          0|
    |weights_load_7866_reg_10876                                                        |   32|   0|   32|          0|
    |weights_load_7867_reg_10886                                                        |   32|   0|   32|          0|
    |weights_load_7868_reg_10896                                                        |   32|   0|   32|          0|
    |weights_load_7869_reg_10906                                                        |   32|   0|   32|          0|
    |weights_load_7870_reg_10916                                                        |   32|   0|   32|          0|
    |weights_load_7871_reg_10926                                                        |   32|   0|   32|          0|
    |weights_load_7872_reg_10936                                                        |   32|   0|   32|          0|
    |weights_load_7873_reg_10946                                                        |   32|   0|   32|          0|
    |weights_load_7874_reg_10956                                                        |   32|   0|   32|          0|
    |weights_load_7875_reg_10966                                                        |   32|   0|   32|          0|
    |weights_load_7876_reg_10976                                                        |   32|   0|   32|          0|
    |weights_load_7877_reg_10986                                                        |   32|   0|   32|          0|
    |weights_load_7878_reg_10996                                                        |   32|   0|   32|          0|
    |weights_load_7879_reg_11006                                                        |   32|   0|   32|          0|
    |weights_load_7880_reg_11016                                                        |   32|   0|   32|          0|
    |weights_load_7881_reg_11026                                                        |   32|   0|   32|          0|
    |weights_load_7882_reg_11036                                                        |   32|   0|   32|          0|
    |weights_load_7883_reg_11046                                                        |   32|   0|   32|          0|
    |weights_load_7884_reg_11056                                                        |   32|   0|   32|          0|
    |weights_load_7885_reg_11066                                                        |   32|   0|   32|          0|
    |weights_load_7886_reg_11076                                                        |   32|   0|   32|          0|
    |weights_load_7887_reg_11086                                                        |   32|   0|   32|          0|
    |weights_load_7888_reg_11096                                                        |   32|   0|   32|          0|
    |weights_load_7889_reg_11106                                                        |   32|   0|   32|          0|
    |weights_load_7890_reg_11116                                                        |   32|   0|   32|          0|
    |weights_load_7891_reg_11126                                                        |   32|   0|   32|          0|
    |weights_load_7892_reg_11136                                                        |   32|   0|   32|          0|
    |weights_load_7893_reg_11146                                                        |   32|   0|   32|          0|
    |weights_load_7894_reg_11156                                                        |   32|   0|   32|          0|
    |weights_load_7895_reg_11166                                                        |   32|   0|   32|          0|
    |weights_load_7896_reg_11176                                                        |   32|   0|   32|          0|
    |weights_load_7897_reg_11186                                                        |   32|   0|   32|          0|
    |weights_load_7898_reg_11196                                                        |   32|   0|   32|          0|
    |weights_load_7899_reg_11206                                                        |   32|   0|   32|          0|
    |weights_load_7900_reg_11216                                                        |   32|   0|   32|          0|
    |weights_load_7901_reg_11226                                                        |   32|   0|   32|          0|
    |weights_load_7902_reg_11236                                                        |   32|   0|   32|          0|
    |weights_load_7903_reg_11246                                                        |   32|   0|   32|          0|
    |weights_load_7904_reg_11256                                                        |   32|   0|   32|          0|
    |weights_load_7905_reg_11266                                                        |   32|   0|   32|          0|
    |weights_load_7906_reg_11276                                                        |   32|   0|   32|          0|
    |weights_load_7907_reg_11286                                                        |   32|   0|   32|          0|
    |weights_load_7908_reg_11296                                                        |   32|   0|   32|          0|
    |weights_load_7909_reg_11306                                                        |   32|   0|   32|          0|
    |weights_load_7910_reg_11316                                                        |   32|   0|   32|          0|
    |weights_load_7911_reg_11326                                                        |   32|   0|   32|          0|
    |weights_load_7912_reg_11336                                                        |   32|   0|   32|          0|
    |weights_load_7913_reg_11346                                                        |   32|   0|   32|          0|
    |weights_load_7914_reg_11356                                                        |   32|   0|   32|          0|
    |weights_load_7915_reg_11366                                                        |   32|   0|   32|          0|
    |weights_load_7916_reg_11376                                                        |   32|   0|   32|          0|
    |weights_load_7917_reg_11386                                                        |   32|   0|   32|          0|
    |weights_load_7918_reg_11396                                                        |   32|   0|   32|          0|
    |weights_load_7919_reg_11406                                                        |   32|   0|   32|          0|
    |weights_load_7920_reg_11416                                                        |   32|   0|   32|          0|
    |weights_load_7921_reg_11426                                                        |   32|   0|   32|          0|
    |weights_load_7922_reg_11436                                                        |   32|   0|   32|          0|
    |weights_load_7923_reg_11446                                                        |   32|   0|   32|          0|
    |weights_load_7924_reg_11456                                                        |   32|   0|   32|          0|
    |weights_load_7925_reg_11466                                                        |   32|   0|   32|          0|
    |weights_load_7926_reg_11476                                                        |   32|   0|   32|          0|
    |weights_load_7927_reg_11486                                                        |   32|   0|   32|          0|
    |weights_load_7928_reg_11496                                                        |   32|   0|   32|          0|
    |weights_load_7929_reg_11506                                                        |   32|   0|   32|          0|
    |weights_load_7930_reg_11516                                                        |   32|   0|   32|          0|
    |weights_load_7931_reg_11526                                                        |   32|   0|   32|          0|
    |weights_load_7932_reg_11536                                                        |   32|   0|   32|          0|
    |weights_load_7933_reg_11546                                                        |   32|   0|   32|          0|
    |weights_load_7934_reg_11556                                                        |   32|   0|   32|          0|
    |weights_load_7935_reg_11566                                                        |   32|   0|   32|          0|
    |weights_load_7936_reg_11576                                                        |   32|   0|   32|          0|
    |weights_load_7937_reg_11586                                                        |   32|   0|   32|          0|
    |weights_load_7938_reg_11596                                                        |   32|   0|   32|          0|
    |weights_load_7939_reg_11606                                                        |   32|   0|   32|          0|
    |weights_load_7940_reg_11616                                                        |   32|   0|   32|          0|
    |weights_load_7941_reg_11626                                                        |   32|   0|   32|          0|
    |weights_load_7942_reg_11636                                                        |   32|   0|   32|          0|
    |weights_load_7943_reg_11646                                                        |   32|   0|   32|          0|
    |weights_load_7944_reg_11656                                                        |   32|   0|   32|          0|
    |weights_load_7945_reg_11666                                                        |   32|   0|   32|          0|
    |weights_load_7946_reg_11676                                                        |   32|   0|   32|          0|
    |weights_load_7947_reg_11686                                                        |   32|   0|   32|          0|
    |weights_load_7948_reg_11696                                                        |   32|   0|   32|          0|
    |weights_load_7949_reg_11706                                                        |   32|   0|   32|          0|
    |weights_load_7950_reg_11716                                                        |   32|   0|   32|          0|
    |weights_load_7951_reg_11726                                                        |   32|   0|   32|          0|
    |weights_load_7952_reg_11736                                                        |   32|   0|   32|          0|
    |weights_load_7953_reg_11746                                                        |   32|   0|   32|          0|
    |weights_load_7954_reg_11756                                                        |   32|   0|   32|          0|
    |weights_load_7955_reg_11766                                                        |   32|   0|   32|          0|
    |weights_load_7956_reg_11776                                                        |   32|   0|   32|          0|
    |weights_load_7957_reg_11786                                                        |   32|   0|   32|          0|
    |weights_load_7958_reg_11796                                                        |   32|   0|   32|          0|
    |weights_load_7959_reg_11806                                                        |   32|   0|   32|          0|
    |weights_load_7960_reg_11816                                                        |   32|   0|   32|          0|
    |weights_load_7961_reg_11826                                                        |   32|   0|   32|          0|
    |weights_load_7962_reg_11836                                                        |   32|   0|   32|          0|
    |weights_load_7963_reg_11846                                                        |   32|   0|   32|          0|
    |weights_load_7964_reg_11856                                                        |   32|   0|   32|          0|
    |weights_load_7965_reg_11866                                                        |   32|   0|   32|          0|
    |weights_load_7966_reg_11876                                                        |   32|   0|   32|          0|
    |weights_load_7967_reg_11886                                                        |   32|   0|   32|          0|
    |weights_load_7968_reg_11896                                                        |   32|   0|   32|          0|
    |weights_load_7969_reg_11906                                                        |   32|   0|   32|          0|
    |weights_load_7970_reg_11916                                                        |   32|   0|   32|          0|
    |weights_load_7971_reg_11926                                                        |   32|   0|   32|          0|
    |weights_load_7972_reg_11936                                                        |   32|   0|   32|          0|
    |weights_load_7973_reg_11946                                                        |   32|   0|   32|          0|
    |weights_load_7974_reg_11956                                                        |   32|   0|   32|          0|
    |weights_load_7975_reg_11966                                                        |   32|   0|   32|          0|
    |weights_load_7976_reg_11976                                                        |   32|   0|   32|          0|
    |weights_load_7977_reg_11986                                                        |   32|   0|   32|          0|
    |weights_load_7978_reg_11996                                                        |   32|   0|   32|          0|
    |weights_load_7979_reg_12006                                                        |   32|   0|   32|          0|
    |weights_load_7980_reg_12016                                                        |   32|   0|   32|          0|
    |weights_load_7981_reg_12026                                                        |   32|   0|   32|          0|
    |weights_load_7982_reg_12036                                                        |   32|   0|   32|          0|
    |weights_load_7983_reg_12046                                                        |   32|   0|   32|          0|
    |weights_load_7984_reg_12056                                                        |   32|   0|   32|          0|
    |weights_load_7985_reg_12066                                                        |   32|   0|   32|          0|
    |weights_load_7986_reg_12076                                                        |   32|   0|   32|          0|
    |weights_load_7987_reg_12086                                                        |   32|   0|   32|          0|
    |weights_load_7988_reg_12096                                                        |   32|   0|   32|          0|
    |weights_load_7989_reg_12106                                                        |   32|   0|   32|          0|
    |weights_load_7990_reg_12116                                                        |   32|   0|   32|          0|
    |weights_load_7991_reg_12126                                                        |   32|   0|   32|          0|
    |weights_load_7992_reg_12136                                                        |   32|   0|   32|          0|
    |weights_load_7993_reg_12146                                                        |   32|   0|   32|          0|
    |weights_load_7994_reg_12156                                                        |   32|   0|   32|          0|
    |weights_load_7995_reg_12166                                                        |   32|   0|   32|          0|
    |weights_load_7996_reg_12176                                                        |   32|   0|   32|          0|
    |weights_load_7997_reg_12186                                                        |   32|   0|   32|          0|
    |weights_load_7998_reg_12196                                                        |   32|   0|   32|          0|
    |weights_load_7999_reg_12206                                                        |   32|   0|   32|          0|
    |weights_load_8000_reg_12216                                                        |   32|   0|   32|          0|
    |weights_load_8001_reg_12226                                                        |   32|   0|   32|          0|
    |weights_load_8002_reg_12236                                                        |   32|   0|   32|          0|
    |weights_load_8003_reg_12246                                                        |   32|   0|   32|          0|
    |weights_load_8004_reg_12256                                                        |   32|   0|   32|          0|
    |weights_load_8005_reg_12266                                                        |   32|   0|   32|          0|
    |weights_load_8006_reg_12276                                                        |   32|   0|   32|          0|
    |weights_load_8007_reg_12286                                                        |   32|   0|   32|          0|
    |weights_load_8008_reg_12296                                                        |   32|   0|   32|          0|
    |weights_load_8009_reg_12306                                                        |   32|   0|   32|          0|
    |weights_load_8010_reg_12316                                                        |   32|   0|   32|          0|
    |weights_load_8011_reg_12326                                                        |   32|   0|   32|          0|
    |weights_load_8012_reg_12336                                                        |   32|   0|   32|          0|
    |weights_load_8013_reg_12346                                                        |   32|   0|   32|          0|
    |weights_load_8014_reg_12356                                                        |   32|   0|   32|          0|
    |weights_load_8015_reg_12366                                                        |   32|   0|   32|          0|
    |weights_load_8016_reg_12376                                                        |   32|   0|   32|          0|
    |weights_load_8017_reg_12386                                                        |   32|   0|   32|          0|
    |weights_load_8018_reg_12396                                                        |   32|   0|   32|          0|
    |weights_load_8019_reg_12406                                                        |   32|   0|   32|          0|
    |weights_load_8020_reg_12416                                                        |   32|   0|   32|          0|
    |weights_load_8021_reg_12426                                                        |   32|   0|   32|          0|
    |weights_load_8022_reg_12436                                                        |   32|   0|   32|          0|
    |weights_load_8023_reg_12446                                                        |   32|   0|   32|          0|
    |weights_load_8024_reg_12456                                                        |   32|   0|   32|          0|
    |weights_load_8025_reg_12466                                                        |   32|   0|   32|          0|
    |weights_load_8026_reg_12476                                                        |   32|   0|   32|          0|
    |weights_load_8027_reg_12486                                                        |   32|   0|   32|          0|
    |weights_load_8028_reg_12496                                                        |   32|   0|   32|          0|
    |weights_load_8029_reg_12506                                                        |   32|   0|   32|          0|
    |weights_load_8030_reg_12516                                                        |   32|   0|   32|          0|
    |weights_load_8031_reg_12526                                                        |   32|   0|   32|          0|
    |weights_load_8032_reg_12536                                                        |   32|   0|   32|          0|
    |weights_load_8033_reg_12546                                                        |   32|   0|   32|          0|
    |weights_load_8034_reg_12556                                                        |   32|   0|   32|          0|
    |weights_load_8035_reg_12566                                                        |   32|   0|   32|          0|
    |weights_load_8036_reg_12576                                                        |   32|   0|   32|          0|
    |weights_load_8037_reg_12586                                                        |   32|   0|   32|          0|
    |weights_load_8038_reg_12596                                                        |   32|   0|   32|          0|
    |weights_load_8039_reg_12606                                                        |   32|   0|   32|          0|
    |weights_load_8040_reg_12616                                                        |   32|   0|   32|          0|
    |weights_load_8041_reg_12626                                                        |   32|   0|   32|          0|
    |weights_load_8042_reg_12636                                                        |   32|   0|   32|          0|
    |weights_load_8043_reg_12646                                                        |   32|   0|   32|          0|
    |weights_load_8044_reg_12656                                                        |   32|   0|   32|          0|
    |weights_load_8045_reg_12666                                                        |   32|   0|   32|          0|
    |weights_load_8046_reg_12676                                                        |   32|   0|   32|          0|
    |weights_load_8047_reg_12686                                                        |   32|   0|   32|          0|
    |weights_load_8048_reg_12696                                                        |   32|   0|   32|          0|
    |weights_load_8049_reg_12706                                                        |   32|   0|   32|          0|
    |weights_load_8050_reg_12711                                                        |   32|   0|   32|          0|
    |weights_load_reg_6966                                                              |   32|   0|   32|          0|
    +-----------------------------------------------------------------------------------+-----+----+-----+-----------+
    |Total                                                                              |19012|   0|19012|          0|
    +-----------------------------------------------------------------------------------+-----+----+-----+-----------+



================================================================
== Interface
================================================================
* Summary: 
+--------------------------------------------------+-----+-----+------------+------------------------------------------------+--------------+
|                     RTL Ports                    | Dir | Bits|  Protocol  |                  Source Object                 |    C Type    |
+--------------------------------------------------+-----+-----+------------+------------------------------------------------+--------------+
|ap_clk                                            |   in|    1|  ap_ctrl_hs|  conv2d_sum_mc<float, 14u, 14u, 3u, 3u, 64u>.25|  return value|
|ap_rst                                            |   in|    1|  ap_ctrl_hs|  conv2d_sum_mc<float, 14u, 14u, 3u, 3u, 64u>.25|  return value|
|ap_start                                          |   in|    1|  ap_ctrl_hs|  conv2d_sum_mc<float, 14u, 14u, 3u, 3u, 64u>.25|  return value|
|ap_done                                           |  out|    1|  ap_ctrl_hs|  conv2d_sum_mc<float, 14u, 14u, 3u, 3u, 64u>.25|  return value|
|ap_continue                                       |   in|    1|  ap_ctrl_hs|  conv2d_sum_mc<float, 14u, 14u, 3u, 3u, 64u>.25|  return value|
|ap_idle                                           |  out|    1|  ap_ctrl_hs|  conv2d_sum_mc<float, 14u, 14u, 3u, 3u, 64u>.25|  return value|
|ap_ready                                          |  out|    1|  ap_ctrl_hs|  conv2d_sum_mc<float, 14u, 14u, 3u, 3u, 64u>.25|  return value|
|conv2d_64_padded_window_stream_25_dout            |   in|  288|     ap_fifo|               conv2d_64_padded_window_stream_25|       pointer|
|conv2d_64_padded_window_stream_25_num_data_valid  |   in|    3|     ap_fifo|               conv2d_64_padded_window_stream_25|       pointer|
|conv2d_64_padded_window_stream_25_fifo_cap        |   in|    3|     ap_fifo|               conv2d_64_padded_window_stream_25|       pointer|
|conv2d_64_padded_window_stream_25_empty_n         |   in|    1|     ap_fifo|               conv2d_64_padded_window_stream_25|       pointer|
|conv2d_64_padded_window_stream_25_read            |  out|    1|     ap_fifo|               conv2d_64_padded_window_stream_25|       pointer|
|weights_address0                                  |  out|   10|   ap_memory|                                         weights|         array|
|weights_ce0                                       |  out|    1|   ap_memory|                                         weights|         array|
|weights_q0                                        |   in|   32|   ap_memory|                                         weights|         array|
|in_channel_map_stream_25_din                      |  out|   32|     ap_fifo|                        in_channel_map_stream_25|       pointer|
|in_channel_map_stream_25_num_data_valid           |   in|    3|     ap_fifo|                        in_channel_map_stream_25|       pointer|
|in_channel_map_stream_25_fifo_cap                 |   in|    3|     ap_fifo|                        in_channel_map_stream_25|       pointer|
|in_channel_map_stream_25_full_n                   |   in|    1|     ap_fifo|                        in_channel_map_stream_25|       pointer|
|in_channel_map_stream_25_write                    |  out|    1|     ap_fifo|                        in_channel_map_stream_25|       pointer|
+--------------------------------------------------+-----+-----+------------+------------------------------------------------+--------------+

