

================================================================
== Vitis HLS Report for 'conv2d_sum_mc_float_14u_14u_3u_3u_64u_8'
================================================================
* Date:           Tue Oct 18 21:17:14 2022

* Version:        2022.1 (Build 3526262 on Mon Apr 18 15:47:01 MDT 2022)
* Project:        forward_prop
* Solution:       solution1 (Vitis Kernel Flow Target)
* Product family: virtexuplus
* Target device:  xcvu5p-flva2104-1-e


================================================================
== Performance Estimates
================================================================
+ Timing: 
    * Summary: 
    +--------+----------+----------+------------+
    |  Clock |  Target  | Estimated| Uncertainty|
    +--------+----------+----------+------------+
    |ap_clk  |  10.00 ns|  7.725 ns|     2.70 ns|
    +--------+----------+----------+------------+

+ Latency: 
    * Summary: 
    +---------+---------+----------+----------+-------+-------+---------+
    |  Latency (cycles) |  Latency (absolute) |    Interval   | Pipeline|
    |   min   |   max   |    min   |    max   |  min  |  max  |   Type  |
    +---------+---------+----------+----------+-------+-------+---------+
    |    13138|    13138|  0.131 ms|  0.131 ms|  13138|  13138|       no|
    +---------+---------+----------+----------+-------+-------+---------+

    + Detail: 
        * Instance: 
        +---------------------------------------------------------------------+---------------------------------------------------------+---------+---------+----------+----------+-------+-------+---------+
        |                                                                     |                                                         |  Latency (cycles) |  Latency (absolute) |    Interval   | Pipeline|
        |                               Instance                              |                          Module                         |   min   |   max   |    min   |    max   |  min  |  max  |   Type  |
        +---------------------------------------------------------------------+---------------------------------------------------------+---------+---------+----------+----------+-------+-------+---------+
        |grp_conv2d_sum_mc_float_14u_14u_3u_3u_64u_8_Pipeline_inputs_fu_6371  |conv2d_sum_mc_float_14u_14u_3u_3u_64u_8_Pipeline_inputs  |    12561|    12561|  0.126 ms|  0.126 ms|  12561|  12561|       no|
        +---------------------------------------------------------------------+---------------------------------------------------------+---------+---------+----------+----------+-------+-------+---------+

        * Loop: 
        N/A



================================================================
== Utilization Estimates
================================================================
* Summary: 
+---------------------+---------+------+---------+--------+-----+
|         Name        | BRAM_18K|  DSP |    FF   |   LUT  | URAM|
+---------------------+---------+------+---------+--------+-----+
|DSP                  |        -|     -|        -|       -|    -|
|Expression           |        -|     -|        0|       2|    -|
|FIFO                 |        -|     -|        -|       -|    -|
|Instance             |        -|    43|     5780|    7090|    -|
|Memory               |        -|     -|        -|       -|    -|
|Multiplexer          |        -|     -|        -|    5413|    -|
|Register             |        -|     -|    19012|       -|    -|
+---------------------+---------+------+---------+--------+-----+
|Total                |        0|    43|    24792|   12505|    0|
+---------------------+---------+------+---------+--------+-----+
|Available SLR        |     1024|  1737|   600577|  300288|  235|
+---------------------+---------+------+---------+--------+-----+
|Utilization SLR (%)  |        0|     2|        4|       4|    0|
+---------------------+---------+------+---------+--------+-----+
|Available            |     2048|  3474|  1201154|  600577|  470|
+---------------------+---------+------+---------+--------+-----+
|Utilization (%)      |        0|     1|        2|       2|    0|
+---------------------+---------+------+---------+--------+-----+

+ Detail: 
    * Instance: 
    +---------------------------------------------------------------------+---------------------------------------------------------+---------+----+------+------+-----+
    |                               Instance                              |                          Module                         | BRAM_18K| DSP|  FF  |  LUT | URAM|
    +---------------------------------------------------------------------+---------------------------------------------------------+---------+----+------+------+-----+
    |grp_conv2d_sum_mc_float_14u_14u_3u_3u_64u_8_Pipeline_inputs_fu_6371  |conv2d_sum_mc_float_14u_14u_3u_3u_64u_8_Pipeline_inputs  |        0|  43|  5780|  7090|    0|
    +---------------------------------------------------------------------+---------------------------------------------------------+---------+----+------+------+-----+
    |Total                                                                |                                                         |        0|  43|  5780|  7090|    0|
    +---------------------------------------------------------------------+---------------------------------------------------------+---------+----+------+------+-----+

    * DSP: 
    N/A

    * Memory: 
    N/A

    * FIFO: 
    N/A

    * Expression: 
    +-----------------+----------+----+---+----+------------+------------+
    |  Variable Name  | Operation| DSP| FF| LUT| Bitwidth P0| Bitwidth P1|
    +-----------------+----------+----+---+----+------------+------------+
    |ap_block_state1  |        or|   0|  0|   2|           1|           1|
    +-----------------+----------+----+---+----+------------+------------+
    |Total            |          |   0|  0|   2|           1|           1|
    +-----------------+----------+----+---+----+------------+------------+

    * Multiplexer: 
    +---------------------------------------+------+-----------+-----+-----------+
    |                  Name                 |  LUT | Input Size| Bits| Total Bits|
    +---------------------------------------+------+-----------+-----+-----------+
    |ap_NS_fsm                              |  2693|        579|    1|        579|
    |ap_done                                |     9|          2|    1|          2|
    |conv2d_64_padded_window_stream_8_read  |     9|          2|    1|          2|
    |in_channel_map_stream_8_write          |     9|          2|    1|          2|
    |weights_address0                       |  2693|        577|   10|       5770|
    +---------------------------------------+------+-----------+-----+-----------+
    |Total                                  |  5413|       1162|   14|       6355|
    +---------------------------------------+------+-----------+-----+-----------+

    * Register: 
    +----------------------------------------------------------------------------------+-----+----+-----+-----------+
    |                                       Name                                       |  FF | LUT| Bits| Const Bits|
    +----------------------------------------------------------------------------------+-----+----+-----+-----------+
    |ap_CS_fsm                                                                         |  578|   0|  578|          0|
    |ap_done_reg                                                                       |    1|   0|    1|          0|
    |grp_conv2d_sum_mc_float_14u_14u_3u_3u_64u_8_Pipeline_inputs_fu_6371_ap_start_reg  |    1|   0|    1|          0|
    |weights_load_1000_reg_11216                                                       |   32|   0|   32|          0|
    |weights_load_1001_reg_11226                                                       |   32|   0|   32|          0|
    |weights_load_1002_reg_11236                                                       |   32|   0|   32|          0|
    |weights_load_1003_reg_11246                                                       |   32|   0|   32|          0|
    |weights_load_1004_reg_11256                                                       |   32|   0|   32|          0|
    |weights_load_1005_reg_11266                                                       |   32|   0|   32|          0|
    |weights_load_1006_reg_11276                                                       |   32|   0|   32|          0|
    |weights_load_1007_reg_11286                                                       |   32|   0|   32|          0|
    |weights_load_1008_reg_11296                                                       |   32|   0|   32|          0|
    |weights_load_1009_reg_11306                                                       |   32|   0|   32|          0|
    |weights_load_1010_reg_11316                                                       |   32|   0|   32|          0|
    |weights_load_1011_reg_11326                                                       |   32|   0|   32|          0|
    |weights_load_1012_reg_11336                                                       |   32|   0|   32|          0|
    |weights_load_1013_reg_11346                                                       |   32|   0|   32|          0|
    |weights_load_1014_reg_11356                                                       |   32|   0|   32|          0|
    |weights_load_1015_reg_11366                                                       |   32|   0|   32|          0|
    |weights_load_1016_reg_11376                                                       |   32|   0|   32|          0|
    |weights_load_1017_reg_11386                                                       |   32|   0|   32|          0|
    |weights_load_1018_reg_11396                                                       |   32|   0|   32|          0|
    |weights_load_1019_reg_11406                                                       |   32|   0|   32|          0|
    |weights_load_1020_reg_11416                                                       |   32|   0|   32|          0|
    |weights_load_1021_reg_11426                                                       |   32|   0|   32|          0|
    |weights_load_1022_reg_11436                                                       |   32|   0|   32|          0|
    |weights_load_1023_reg_11446                                                       |   32|   0|   32|          0|
    |weights_load_1024_reg_11456                                                       |   32|   0|   32|          0|
    |weights_load_1025_reg_11466                                                       |   32|   0|   32|          0|
    |weights_load_1026_reg_11476                                                       |   32|   0|   32|          0|
    |weights_load_1027_reg_11486                                                       |   32|   0|   32|          0|
    |weights_load_1028_reg_11496                                                       |   32|   0|   32|          0|
    |weights_load_1029_reg_11506                                                       |   32|   0|   32|          0|
    |weights_load_1030_reg_11516                                                       |   32|   0|   32|          0|
    |weights_load_1031_reg_11526                                                       |   32|   0|   32|          0|
    |weights_load_1032_reg_11536                                                       |   32|   0|   32|          0|
    |weights_load_1033_reg_11546                                                       |   32|   0|   32|          0|
    |weights_load_1034_reg_11556                                                       |   32|   0|   32|          0|
    |weights_load_1035_reg_11566                                                       |   32|   0|   32|          0|
    |weights_load_1036_reg_11576                                                       |   32|   0|   32|          0|
    |weights_load_1037_reg_11586                                                       |   32|   0|   32|          0|
    |weights_load_1038_reg_11596                                                       |   32|   0|   32|          0|
    |weights_load_1039_reg_11606                                                       |   32|   0|   32|          0|
    |weights_load_1040_reg_11616                                                       |   32|   0|   32|          0|
    |weights_load_1041_reg_11626                                                       |   32|   0|   32|          0|
    |weights_load_1042_reg_11636                                                       |   32|   0|   32|          0|
    |weights_load_1043_reg_11646                                                       |   32|   0|   32|          0|
    |weights_load_1044_reg_11656                                                       |   32|   0|   32|          0|
    |weights_load_1045_reg_11666                                                       |   32|   0|   32|          0|
    |weights_load_1046_reg_11676                                                       |   32|   0|   32|          0|
    |weights_load_1047_reg_11686                                                       |   32|   0|   32|          0|
    |weights_load_1048_reg_11696                                                       |   32|   0|   32|          0|
    |weights_load_1049_reg_11706                                                       |   32|   0|   32|          0|
    |weights_load_1050_reg_11716                                                       |   32|   0|   32|          0|
    |weights_load_1051_reg_11726                                                       |   32|   0|   32|          0|
    |weights_load_1052_reg_11736                                                       |   32|   0|   32|          0|
    |weights_load_1053_reg_11746                                                       |   32|   0|   32|          0|
    |weights_load_1054_reg_11756                                                       |   32|   0|   32|          0|
    |weights_load_1055_reg_11766                                                       |   32|   0|   32|          0|
    |weights_load_1056_reg_11776                                                       |   32|   0|   32|          0|
    |weights_load_1057_reg_11786                                                       |   32|   0|   32|          0|
    |weights_load_1058_reg_11796                                                       |   32|   0|   32|          0|
    |weights_load_1059_reg_11806                                                       |   32|   0|   32|          0|
    |weights_load_1060_reg_11816                                                       |   32|   0|   32|          0|
    |weights_load_1061_reg_11826                                                       |   32|   0|   32|          0|
    |weights_load_1062_reg_11836                                                       |   32|   0|   32|          0|
    |weights_load_1063_reg_11846                                                       |   32|   0|   32|          0|
    |weights_load_1064_reg_11856                                                       |   32|   0|   32|          0|
    |weights_load_1065_reg_11866                                                       |   32|   0|   32|          0|
    |weights_load_1066_reg_11876                                                       |   32|   0|   32|          0|
    |weights_load_1067_reg_11886                                                       |   32|   0|   32|          0|
    |weights_load_1068_reg_11896                                                       |   32|   0|   32|          0|
    |weights_load_1069_reg_11906                                                       |   32|   0|   32|          0|
    |weights_load_1070_reg_11916                                                       |   32|   0|   32|          0|
    |weights_load_1071_reg_11926                                                       |   32|   0|   32|          0|
    |weights_load_1072_reg_11936                                                       |   32|   0|   32|          0|
    |weights_load_1073_reg_11946                                                       |   32|   0|   32|          0|
    |weights_load_1074_reg_11956                                                       |   32|   0|   32|          0|
    |weights_load_1075_reg_11966                                                       |   32|   0|   32|          0|
    |weights_load_1076_reg_11976                                                       |   32|   0|   32|          0|
    |weights_load_1077_reg_11986                                                       |   32|   0|   32|          0|
    |weights_load_1078_reg_11996                                                       |   32|   0|   32|          0|
    |weights_load_1079_reg_12006                                                       |   32|   0|   32|          0|
    |weights_load_1080_reg_12016                                                       |   32|   0|   32|          0|
    |weights_load_1081_reg_12026                                                       |   32|   0|   32|          0|
    |weights_load_1082_reg_12036                                                       |   32|   0|   32|          0|
    |weights_load_1083_reg_12046                                                       |   32|   0|   32|          0|
    |weights_load_1084_reg_12056                                                       |   32|   0|   32|          0|
    |weights_load_1085_reg_12066                                                       |   32|   0|   32|          0|
    |weights_load_1086_reg_12076                                                       |   32|   0|   32|          0|
    |weights_load_1087_reg_12086                                                       |   32|   0|   32|          0|
    |weights_load_1088_reg_12096                                                       |   32|   0|   32|          0|
    |weights_load_1089_reg_12106                                                       |   32|   0|   32|          0|
    |weights_load_1090_reg_12116                                                       |   32|   0|   32|          0|
    |weights_load_1091_reg_12126                                                       |   32|   0|   32|          0|
    |weights_load_1092_reg_12136                                                       |   32|   0|   32|          0|
    |weights_load_1093_reg_12146                                                       |   32|   0|   32|          0|
    |weights_load_1094_reg_12156                                                       |   32|   0|   32|          0|
    |weights_load_1095_reg_12166                                                       |   32|   0|   32|          0|
    |weights_load_1096_reg_12176                                                       |   32|   0|   32|          0|
    |weights_load_1097_reg_12186                                                       |   32|   0|   32|          0|
    |weights_load_1098_reg_12196                                                       |   32|   0|   32|          0|
    |weights_load_1099_reg_12206                                                       |   32|   0|   32|          0|
    |weights_load_1100_reg_12216                                                       |   32|   0|   32|          0|
    |weights_load_1101_reg_12226                                                       |   32|   0|   32|          0|
    |weights_load_1102_reg_12236                                                       |   32|   0|   32|          0|
    |weights_load_1103_reg_12246                                                       |   32|   0|   32|          0|
    |weights_load_1104_reg_12256                                                       |   32|   0|   32|          0|
    |weights_load_1105_reg_12266                                                       |   32|   0|   32|          0|
    |weights_load_1106_reg_12276                                                       |   32|   0|   32|          0|
    |weights_load_1107_reg_12286                                                       |   32|   0|   32|          0|
    |weights_load_1108_reg_12296                                                       |   32|   0|   32|          0|
    |weights_load_1109_reg_12306                                                       |   32|   0|   32|          0|
    |weights_load_1110_reg_12316                                                       |   32|   0|   32|          0|
    |weights_load_1111_reg_12326                                                       |   32|   0|   32|          0|
    |weights_load_1112_reg_12336                                                       |   32|   0|   32|          0|
    |weights_load_1113_reg_12346                                                       |   32|   0|   32|          0|
    |weights_load_1114_reg_12356                                                       |   32|   0|   32|          0|
    |weights_load_1115_reg_12366                                                       |   32|   0|   32|          0|
    |weights_load_1116_reg_12376                                                       |   32|   0|   32|          0|
    |weights_load_1117_reg_12386                                                       |   32|   0|   32|          0|
    |weights_load_1118_reg_12396                                                       |   32|   0|   32|          0|
    |weights_load_1119_reg_12406                                                       |   32|   0|   32|          0|
    |weights_load_1120_reg_12416                                                       |   32|   0|   32|          0|
    |weights_load_1121_reg_12426                                                       |   32|   0|   32|          0|
    |weights_load_1122_reg_12436                                                       |   32|   0|   32|          0|
    |weights_load_1123_reg_12446                                                       |   32|   0|   32|          0|
    |weights_load_1124_reg_12456                                                       |   32|   0|   32|          0|
    |weights_load_1125_reg_12466                                                       |   32|   0|   32|          0|
    |weights_load_1126_reg_12476                                                       |   32|   0|   32|          0|
    |weights_load_1127_reg_12486                                                       |   32|   0|   32|          0|
    |weights_load_1128_reg_12496                                                       |   32|   0|   32|          0|
    |weights_load_1129_reg_12506                                                       |   32|   0|   32|          0|
    |weights_load_1130_reg_12516                                                       |   32|   0|   32|          0|
    |weights_load_1131_reg_12526                                                       |   32|   0|   32|          0|
    |weights_load_1132_reg_12536                                                       |   32|   0|   32|          0|
    |weights_load_1133_reg_12546                                                       |   32|   0|   32|          0|
    |weights_load_1134_reg_12556                                                       |   32|   0|   32|          0|
    |weights_load_1135_reg_12566                                                       |   32|   0|   32|          0|
    |weights_load_1136_reg_12576                                                       |   32|   0|   32|          0|
    |weights_load_1137_reg_12586                                                       |   32|   0|   32|          0|
    |weights_load_1138_reg_12596                                                       |   32|   0|   32|          0|
    |weights_load_1139_reg_12606                                                       |   32|   0|   32|          0|
    |weights_load_1140_reg_12616                                                       |   32|   0|   32|          0|
    |weights_load_1141_reg_12626                                                       |   32|   0|   32|          0|
    |weights_load_1142_reg_12636                                                       |   32|   0|   32|          0|
    |weights_load_1143_reg_12646                                                       |   32|   0|   32|          0|
    |weights_load_1144_reg_12656                                                       |   32|   0|   32|          0|
    |weights_load_1145_reg_12666                                                       |   32|   0|   32|          0|
    |weights_load_1146_reg_12676                                                       |   32|   0|   32|          0|
    |weights_load_1147_reg_12686                                                       |   32|   0|   32|          0|
    |weights_load_1148_reg_12696                                                       |   32|   0|   32|          0|
    |weights_load_1149_reg_12706                                                       |   32|   0|   32|          0|
    |weights_load_1150_reg_12711                                                       |   32|   0|   32|          0|
    |weights_load_576_reg_6976                                                         |   32|   0|   32|          0|
    |weights_load_577_reg_6986                                                         |   32|   0|   32|          0|
    |weights_load_578_reg_6996                                                         |   32|   0|   32|          0|
    |weights_load_579_reg_7006                                                         |   32|   0|   32|          0|
    |weights_load_580_reg_7016                                                         |   32|   0|   32|          0|
    |weights_load_581_reg_7026                                                         |   32|   0|   32|          0|
    |weights_load_582_reg_7036                                                         |   32|   0|   32|          0|
    |weights_load_583_reg_7046                                                         |   32|   0|   32|          0|
    |weights_load_584_reg_7056                                                         |   32|   0|   32|          0|
    |weights_load_585_reg_7066                                                         |   32|   0|   32|          0|
    |weights_load_586_reg_7076                                                         |   32|   0|   32|          0|
    |weights_load_587_reg_7086                                                         |   32|   0|   32|          0|
    |weights_load_588_reg_7096                                                         |   32|   0|   32|          0|
    |weights_load_589_reg_7106                                                         |   32|   0|   32|          0|
    |weights_load_590_reg_7116                                                         |   32|   0|   32|          0|
    |weights_load_591_reg_7126                                                         |   32|   0|   32|          0|
    |weights_load_592_reg_7136                                                         |   32|   0|   32|          0|
    |weights_load_593_reg_7146                                                         |   32|   0|   32|          0|
    |weights_load_594_reg_7156                                                         |   32|   0|   32|          0|
    |weights_load_595_reg_7166                                                         |   32|   0|   32|          0|
    |weights_load_596_reg_7176                                                         |   32|   0|   32|          0|
    |weights_load_597_reg_7186                                                         |   32|   0|   32|          0|
    |weights_load_598_reg_7196                                                         |   32|   0|   32|          0|
    |weights_load_599_reg_7206                                                         |   32|   0|   32|          0|
    |weights_load_600_reg_7216                                                         |   32|   0|   32|          0|
    |weights_load_601_reg_7226                                                         |   32|   0|   32|          0|
    |weights_load_602_reg_7236                                                         |   32|   0|   32|          0|
    |weights_load_603_reg_7246                                                         |   32|   0|   32|          0|
    |weights_load_604_reg_7256                                                         |   32|   0|   32|          0|
    |weights_load_605_reg_7266                                                         |   32|   0|   32|          0|
    |weights_load_606_reg_7276                                                         |   32|   0|   32|          0|
    |weights_load_607_reg_7286                                                         |   32|   0|   32|          0|
    |weights_load_608_reg_7296                                                         |   32|   0|   32|          0|
    |weights_load_609_reg_7306                                                         |   32|   0|   32|          0|
    |weights_load_610_reg_7316                                                         |   32|   0|   32|          0|
    |weights_load_611_reg_7326                                                         |   32|   0|   32|          0|
    |weights_load_612_reg_7336                                                         |   32|   0|   32|          0|
    |weights_load_613_reg_7346                                                         |   32|   0|   32|          0|
    |weights_load_614_reg_7356                                                         |   32|   0|   32|          0|
    |weights_load_615_reg_7366                                                         |   32|   0|   32|          0|
    |weights_load_616_reg_7376                                                         |   32|   0|   32|          0|
    |weights_load_617_reg_7386                                                         |   32|   0|   32|          0|
    |weights_load_618_reg_7396                                                         |   32|   0|   32|          0|
    |weights_load_619_reg_7406                                                         |   32|   0|   32|          0|
    |weights_load_620_reg_7416                                                         |   32|   0|   32|          0|
    |weights_load_621_reg_7426                                                         |   32|   0|   32|          0|
    |weights_load_622_reg_7436                                                         |   32|   0|   32|          0|
    |weights_load_623_reg_7446                                                         |   32|   0|   32|          0|
    |weights_load_624_reg_7456                                                         |   32|   0|   32|          0|
    |weights_load_625_reg_7466                                                         |   32|   0|   32|          0|
    |weights_load_626_reg_7476                                                         |   32|   0|   32|          0|
    |weights_load_627_reg_7486                                                         |   32|   0|   32|          0|
    |weights_load_628_reg_7496                                                         |   32|   0|   32|          0|
    |weights_load_629_reg_7506                                                         |   32|   0|   32|          0|
    |weights_load_630_reg_7516                                                         |   32|   0|   32|          0|
    |weights_load_631_reg_7526                                                         |   32|   0|   32|          0|
    |weights_load_632_reg_7536                                                         |   32|   0|   32|          0|
    |weights_load_633_reg_7546                                                         |   32|   0|   32|          0|
    |weights_load_634_reg_7556                                                         |   32|   0|   32|          0|
    |weights_load_635_reg_7566                                                         |   32|   0|   32|          0|
    |weights_load_636_reg_7576                                                         |   32|   0|   32|          0|
    |weights_load_637_reg_7586                                                         |   32|   0|   32|          0|
    |weights_load_638_reg_7596                                                         |   32|   0|   32|          0|
    |weights_load_639_reg_7606                                                         |   32|   0|   32|          0|
    |weights_load_640_reg_7616                                                         |   32|   0|   32|          0|
    |weights_load_641_reg_7626                                                         |   32|   0|   32|          0|
    |weights_load_642_reg_7636                                                         |   32|   0|   32|          0|
    |weights_load_643_reg_7646                                                         |   32|   0|   32|          0|
    |weights_load_644_reg_7656                                                         |   32|   0|   32|          0|
    |weights_load_645_reg_7666                                                         |   32|   0|   32|          0|
    |weights_load_646_reg_7676                                                         |   32|   0|   32|          0|
    |weights_load_647_reg_7686                                                         |   32|   0|   32|          0|
    |weights_load_648_reg_7696                                                         |   32|   0|   32|          0|
    |weights_load_649_reg_7706                                                         |   32|   0|   32|          0|
    |weights_load_650_reg_7716                                                         |   32|   0|   32|          0|
    |weights_load_651_reg_7726                                                         |   32|   0|   32|          0|
    |weights_load_652_reg_7736                                                         |   32|   0|   32|          0|
    |weights_load_653_reg_7746                                                         |   32|   0|   32|          0|
    |weights_load_654_reg_7756                                                         |   32|   0|   32|          0|
    |weights_load_655_reg_7766                                                         |   32|   0|   32|          0|
    |weights_load_656_reg_7776                                                         |   32|   0|   32|          0|
    |weights_load_657_reg_7786                                                         |   32|   0|   32|          0|
    |weights_load_658_reg_7796                                                         |   32|   0|   32|          0|
    |weights_load_659_reg_7806                                                         |   32|   0|   32|          0|
    |weights_load_660_reg_7816                                                         |   32|   0|   32|          0|
    |weights_load_661_reg_7826                                                         |   32|   0|   32|          0|
    |weights_load_662_reg_7836                                                         |   32|   0|   32|          0|
    |weights_load_663_reg_7846                                                         |   32|   0|   32|          0|
    |weights_load_664_reg_7856                                                         |   32|   0|   32|          0|
    |weights_load_665_reg_7866                                                         |   32|   0|   32|          0|
    |weights_load_666_reg_7876                                                         |   32|   0|   32|          0|
    |weights_load_667_reg_7886                                                         |   32|   0|   32|          0|
    |weights_load_668_reg_7896                                                         |   32|   0|   32|          0|
    |weights_load_669_reg_7906                                                         |   32|   0|   32|          0|
    |weights_load_670_reg_7916                                                         |   32|   0|   32|          0|
    |weights_load_671_reg_7926                                                         |   32|   0|   32|          0|
    |weights_load_672_reg_7936                                                         |   32|   0|   32|          0|
    |weights_load_673_reg_7946                                                         |   32|   0|   32|          0|
    |weights_load_674_reg_7956                                                         |   32|   0|   32|          0|
    |weights_load_675_reg_7966                                                         |   32|   0|   32|          0|
    |weights_load_676_reg_7976                                                         |   32|   0|   32|          0|
    |weights_load_677_reg_7986                                                         |   32|   0|   32|          0|
    |weights_load_678_reg_7996                                                         |   32|   0|   32|          0|
    |weights_load_679_reg_8006                                                         |   32|   0|   32|          0|
    |weights_load_680_reg_8016                                                         |   32|   0|   32|          0|
    |weights_load_681_reg_8026                                                         |   32|   0|   32|          0|
    |weights_load_682_reg_8036                                                         |   32|   0|   32|          0|
    |weights_load_683_reg_8046                                                         |   32|   0|   32|          0|
    |weights_load_684_reg_8056                                                         |   32|   0|   32|          0|
    |weights_load_685_reg_8066                                                         |   32|   0|   32|          0|
    |weights_load_686_reg_8076                                                         |   32|   0|   32|          0|
    |weights_load_687_reg_8086                                                         |   32|   0|   32|          0|
    |weights_load_688_reg_8096                                                         |   32|   0|   32|          0|
    |weights_load_689_reg_8106                                                         |   32|   0|   32|          0|
    |weights_load_690_reg_8116                                                         |   32|   0|   32|          0|
    |weights_load_691_reg_8126                                                         |   32|   0|   32|          0|
    |weights_load_692_reg_8136                                                         |   32|   0|   32|          0|
    |weights_load_693_reg_8146                                                         |   32|   0|   32|          0|
    |weights_load_694_reg_8156                                                         |   32|   0|   32|          0|
    |weights_load_695_reg_8166                                                         |   32|   0|   32|          0|
    |weights_load_696_reg_8176                                                         |   32|   0|   32|          0|
    |weights_load_697_reg_8186                                                         |   32|   0|   32|          0|
    |weights_load_698_reg_8196                                                         |   32|   0|   32|          0|
    |weights_load_699_reg_8206                                                         |   32|   0|   32|          0|
    |weights_load_700_reg_8216                                                         |   32|   0|   32|          0|
    |weights_load_701_reg_8226                                                         |   32|   0|   32|          0|
    |weights_load_702_reg_8236                                                         |   32|   0|   32|          0|
    |weights_load_703_reg_8246                                                         |   32|   0|   32|          0|
    |weights_load_704_reg_8256                                                         |   32|   0|   32|          0|
    |weights_load_705_reg_8266                                                         |   32|   0|   32|          0|
    |weights_load_706_reg_8276                                                         |   32|   0|   32|          0|
    |weights_load_707_reg_8286                                                         |   32|   0|   32|          0|
    |weights_load_708_reg_8296                                                         |   32|   0|   32|          0|
    |weights_load_709_reg_8306                                                         |   32|   0|   32|          0|
    |weights_load_710_reg_8316                                                         |   32|   0|   32|          0|
    |weights_load_711_reg_8326                                                         |   32|   0|   32|          0|
    |weights_load_712_reg_8336                                                         |   32|   0|   32|          0|
    |weights_load_713_reg_8346                                                         |   32|   0|   32|          0|
    |weights_load_714_reg_8356                                                         |   32|   0|   32|          0|
    |weights_load_715_reg_8366                                                         |   32|   0|   32|          0|
    |weights_load_716_reg_8376                                                         |   32|   0|   32|          0|
    |weights_load_717_reg_8386                                                         |   32|   0|   32|          0|
    |weights_load_718_reg_8396                                                         |   32|   0|   32|          0|
    |weights_load_719_reg_8406                                                         |   32|   0|   32|          0|
    |weights_load_720_reg_8416                                                         |   32|   0|   32|          0|
    |weights_load_721_reg_8426                                                         |   32|   0|   32|          0|
    |weights_load_722_reg_8436                                                         |   32|   0|   32|          0|
    |weights_load_723_reg_8446                                                         |   32|   0|   32|          0|
    |weights_load_724_reg_8456                                                         |   32|   0|   32|          0|
    |weights_load_725_reg_8466                                                         |   32|   0|   32|          0|
    |weights_load_726_reg_8476                                                         |   32|   0|   32|          0|
    |weights_load_727_reg_8486                                                         |   32|   0|   32|          0|
    |weights_load_728_reg_8496                                                         |   32|   0|   32|          0|
    |weights_load_729_reg_8506                                                         |   32|   0|   32|          0|
    |weights_load_730_reg_8516                                                         |   32|   0|   32|          0|
    |weights_load_731_reg_8526                                                         |   32|   0|   32|          0|
    |weights_load_732_reg_8536                                                         |   32|   0|   32|          0|
    |weights_load_733_reg_8546                                                         |   32|   0|   32|          0|
    |weights_load_734_reg_8556                                                         |   32|   0|   32|          0|
    |weights_load_735_reg_8566                                                         |   32|   0|   32|          0|
    |weights_load_736_reg_8576                                                         |   32|   0|   32|          0|
    |weights_load_737_reg_8586                                                         |   32|   0|   32|          0|
    |weights_load_738_reg_8596                                                         |   32|   0|   32|          0|
    |weights_load_739_reg_8606                                                         |   32|   0|   32|          0|
    |weights_load_740_reg_8616                                                         |   32|   0|   32|          0|
    |weights_load_741_reg_8626                                                         |   32|   0|   32|          0|
    |weights_load_742_reg_8636                                                         |   32|   0|   32|          0|
    |weights_load_743_reg_8646                                                         |   32|   0|   32|          0|
    |weights_load_744_reg_8656                                                         |   32|   0|   32|          0|
    |weights_load_745_reg_8666                                                         |   32|   0|   32|          0|
    |weights_load_746_reg_8676                                                         |   32|   0|   32|          0|
    |weights_load_747_reg_8686                                                         |   32|   0|   32|          0|
    |weights_load_748_reg_8696                                                         |   32|   0|   32|          0|
    |weights_load_749_reg_8706                                                         |   32|   0|   32|          0|
    |weights_load_750_reg_8716                                                         |   32|   0|   32|          0|
    |weights_load_751_reg_8726                                                         |   32|   0|   32|          0|
    |weights_load_752_reg_8736                                                         |   32|   0|   32|          0|
    |weights_load_753_reg_8746                                                         |   32|   0|   32|          0|
    |weights_load_754_reg_8756                                                         |   32|   0|   32|          0|
    |weights_load_755_reg_8766                                                         |   32|   0|   32|          0|
    |weights_load_756_reg_8776                                                         |   32|   0|   32|          0|
    |weights_load_757_reg_8786                                                         |   32|   0|   32|          0|
    |weights_load_758_reg_8796                                                         |   32|   0|   32|          0|
    |weights_load_759_reg_8806                                                         |   32|   0|   32|          0|
    |weights_load_760_reg_8816                                                         |   32|   0|   32|          0|
    |weights_load_761_reg_8826                                                         |   32|   0|   32|          0|
    |weights_load_762_reg_8836                                                         |   32|   0|   32|          0|
    |weights_load_763_reg_8846                                                         |   32|   0|   32|          0|
    |weights_load_764_reg_8856                                                         |   32|   0|   32|          0|
    |weights_load_765_reg_8866                                                         |   32|   0|   32|          0|
    |weights_load_766_reg_8876                                                         |   32|   0|   32|          0|
    |weights_load_767_reg_8886                                                         |   32|   0|   32|          0|
    |weights_load_768_reg_8896                                                         |   32|   0|   32|          0|
    |weights_load_769_reg_8906                                                         |   32|   0|   32|          0|
    |weights_load_770_reg_8916                                                         |   32|   0|   32|          0|
    |weights_load_771_reg_8926                                                         |   32|   0|   32|          0|
    |weights_load_772_reg_8936                                                         |   32|   0|   32|          0|
    |weights_load_773_reg_8946                                                         |   32|   0|   32|          0|
    |weights_load_774_reg_8956                                                         |   32|   0|   32|          0|
    |weights_load_775_reg_8966                                                         |   32|   0|   32|          0|
    |weights_load_776_reg_8976                                                         |   32|   0|   32|          0|
    |weights_load_777_reg_8986                                                         |   32|   0|   32|          0|
    |weights_load_778_reg_8996                                                         |   32|   0|   32|          0|
    |weights_load_779_reg_9006                                                         |   32|   0|   32|          0|
    |weights_load_780_reg_9016                                                         |   32|   0|   32|          0|
    |weights_load_781_reg_9026                                                         |   32|   0|   32|          0|
    |weights_load_782_reg_9036                                                         |   32|   0|   32|          0|
    |weights_load_783_reg_9046                                                         |   32|   0|   32|          0|
    |weights_load_784_reg_9056                                                         |   32|   0|   32|          0|
    |weights_load_785_reg_9066                                                         |   32|   0|   32|          0|
    |weights_load_786_reg_9076                                                         |   32|   0|   32|          0|
    |weights_load_787_reg_9086                                                         |   32|   0|   32|          0|
    |weights_load_788_reg_9096                                                         |   32|   0|   32|          0|
    |weights_load_789_reg_9106                                                         |   32|   0|   32|          0|
    |weights_load_790_reg_9116                                                         |   32|   0|   32|          0|
    |weights_load_791_reg_9126                                                         |   32|   0|   32|          0|
    |weights_load_792_reg_9136                                                         |   32|   0|   32|          0|
    |weights_load_793_reg_9146                                                         |   32|   0|   32|          0|
    |weights_load_794_reg_9156                                                         |   32|   0|   32|          0|
    |weights_load_795_reg_9166                                                         |   32|   0|   32|          0|
    |weights_load_796_reg_9176                                                         |   32|   0|   32|          0|
    |weights_load_797_reg_9186                                                         |   32|   0|   32|          0|
    |weights_load_798_reg_9196                                                         |   32|   0|   32|          0|
    |weights_load_799_reg_9206                                                         |   32|   0|   32|          0|
    |weights_load_800_reg_9216                                                         |   32|   0|   32|          0|
    |weights_load_801_reg_9226                                                         |   32|   0|   32|          0|
    |weights_load_802_reg_9236                                                         |   32|   0|   32|          0|
    |weights_load_803_reg_9246                                                         |   32|   0|   32|          0|
    |weights_load_804_reg_9256                                                         |   32|   0|   32|          0|
    |weights_load_805_reg_9266                                                         |   32|   0|   32|          0|
    |weights_load_806_reg_9276                                                         |   32|   0|   32|          0|
    |weights_load_807_reg_9286                                                         |   32|   0|   32|          0|
    |weights_load_808_reg_9296                                                         |   32|   0|   32|          0|
    |weights_load_809_reg_9306                                                         |   32|   0|   32|          0|
    |weights_load_810_reg_9316                                                         |   32|   0|   32|          0|
    |weights_load_811_reg_9326                                                         |   32|   0|   32|          0|
    |weights_load_812_reg_9336                                                         |   32|   0|   32|          0|
    |weights_load_813_reg_9346                                                         |   32|   0|   32|          0|
    |weights_load_814_reg_9356                                                         |   32|   0|   32|          0|
    |weights_load_815_reg_9366                                                         |   32|   0|   32|          0|
    |weights_load_816_reg_9376                                                         |   32|   0|   32|          0|
    |weights_load_817_reg_9386                                                         |   32|   0|   32|          0|
    |weights_load_818_reg_9396                                                         |   32|   0|   32|          0|
    |weights_load_819_reg_9406                                                         |   32|   0|   32|          0|
    |weights_load_820_reg_9416                                                         |   32|   0|   32|          0|
    |weights_load_821_reg_9426                                                         |   32|   0|   32|          0|
    |weights_load_822_reg_9436                                                         |   32|   0|   32|          0|
    |weights_load_823_reg_9446                                                         |   32|   0|   32|          0|
    |weights_load_824_reg_9456                                                         |   32|   0|   32|          0|
    |weights_load_825_reg_9466                                                         |   32|   0|   32|          0|
    |weights_load_826_reg_9476                                                         |   32|   0|   32|          0|
    |weights_load_827_reg_9486                                                         |   32|   0|   32|          0|
    |weights_load_828_reg_9496                                                         |   32|   0|   32|          0|
    |weights_load_829_reg_9506                                                         |   32|   0|   32|          0|
    |weights_load_830_reg_9516                                                         |   32|   0|   32|          0|
    |weights_load_831_reg_9526                                                         |   32|   0|   32|          0|
    |weights_load_832_reg_9536                                                         |   32|   0|   32|          0|
    |weights_load_833_reg_9546                                                         |   32|   0|   32|          0|
    |weights_load_834_reg_9556                                                         |   32|   0|   32|          0|
    |weights_load_835_reg_9566                                                         |   32|   0|   32|          0|
    |weights_load_836_reg_9576                                                         |   32|   0|   32|          0|
    |weights_load_837_reg_9586                                                         |   32|   0|   32|          0|
    |weights_load_838_reg_9596                                                         |   32|   0|   32|          0|
    |weights_load_839_reg_9606                                                         |   32|   0|   32|          0|
    |weights_load_840_reg_9616                                                         |   32|   0|   32|          0|
    |weights_load_841_reg_9626                                                         |   32|   0|   32|          0|
    |weights_load_842_reg_9636                                                         |   32|   0|   32|          0|
    |weights_load_843_reg_9646                                                         |   32|   0|   32|          0|
    |weights_load_844_reg_9656                                                         |   32|   0|   32|          0|
    |weights_load_845_reg_9666                                                         |   32|   0|   32|          0|
    |weights_load_846_reg_9676                                                         |   32|   0|   32|          0|
    |weights_load_847_reg_9686                                                         |   32|   0|   32|          0|
    |weights_load_848_reg_9696                                                         |   32|   0|   32|          0|
    |weights_load_849_reg_9706                                                         |   32|   0|   32|          0|
    |weights_load_850_reg_9716                                                         |   32|   0|   32|          0|
    |weights_load_851_reg_9726                                                         |   32|   0|   32|          0|
    |weights_load_852_reg_9736                                                         |   32|   0|   32|          0|
    |weights_load_853_reg_9746                                                         |   32|   0|   32|          0|
    |weights_load_854_reg_9756                                                         |   32|   0|   32|          0|
    |weights_load_855_reg_9766                                                         |   32|   0|   32|          0|
    |weights_load_856_reg_9776                                                         |   32|   0|   32|          0|
    |weights_load_857_reg_9786                                                         |   32|   0|   32|          0|
    |weights_load_858_reg_9796                                                         |   32|   0|   32|          0|
    |weights_load_859_reg_9806                                                         |   32|   0|   32|          0|
    |weights_load_860_reg_9816                                                         |   32|   0|   32|          0|
    |weights_load_861_reg_9826                                                         |   32|   0|   32|          0|
    |weights_load_862_reg_9836                                                         |   32|   0|   32|          0|
    |weights_load_863_reg_9846                                                         |   32|   0|   32|          0|
    |weights_load_864_reg_9856                                                         |   32|   0|   32|          0|
    |weights_load_865_reg_9866                                                         |   32|   0|   32|          0|
    |weights_load_866_reg_9876                                                         |   32|   0|   32|          0|
    |weights_load_867_reg_9886                                                         |   32|   0|   32|          0|
    |weights_load_868_reg_9896                                                         |   32|   0|   32|          0|
    |weights_load_869_reg_9906                                                         |   32|   0|   32|          0|
    |weights_load_870_reg_9916                                                         |   32|   0|   32|          0|
    |weights_load_871_reg_9926                                                         |   32|   0|   32|          0|
    |weights_load_872_reg_9936                                                         |   32|   0|   32|          0|
    |weights_load_873_reg_9946                                                         |   32|   0|   32|          0|
    |weights_load_874_reg_9956                                                         |   32|   0|   32|          0|
    |weights_load_875_reg_9966                                                         |   32|   0|   32|          0|
    |weights_load_876_reg_9976                                                         |   32|   0|   32|          0|
    |weights_load_877_reg_9986                                                         |   32|   0|   32|          0|
    |weights_load_878_reg_9996                                                         |   32|   0|   32|          0|
    |weights_load_879_reg_10006                                                        |   32|   0|   32|          0|
    |weights_load_880_reg_10016                                                        |   32|   0|   32|          0|
    |weights_load_881_reg_10026                                                        |   32|   0|   32|          0|
    |weights_load_882_reg_10036                                                        |   32|   0|   32|          0|
    |weights_load_883_reg_10046                                                        |   32|   0|   32|          0|
    |weights_load_884_reg_10056                                                        |   32|   0|   32|          0|
    |weights_load_885_reg_10066                                                        |   32|   0|   32|          0|
    |weights_load_886_reg_10076                                                        |   32|   0|   32|          0|
    |weights_load_887_reg_10086                                                        |   32|   0|   32|          0|
    |weights_load_888_reg_10096                                                        |   32|   0|   32|          0|
    |weights_load_889_reg_10106                                                        |   32|   0|   32|          0|
    |weights_load_890_reg_10116                                                        |   32|   0|   32|          0|
    |weights_load_891_reg_10126                                                        |   32|   0|   32|          0|
    |weights_load_892_reg_10136                                                        |   32|   0|   32|          0|
    |weights_load_893_reg_10146                                                        |   32|   0|   32|          0|
    |weights_load_894_reg_10156                                                        |   32|   0|   32|          0|
    |weights_load_895_reg_10166                                                        |   32|   0|   32|          0|
    |weights_load_896_reg_10176                                                        |   32|   0|   32|          0|
    |weights_load_897_reg_10186                                                        |   32|   0|   32|          0|
    |weights_load_898_reg_10196                                                        |   32|   0|   32|          0|
    |weights_load_899_reg_10206                                                        |   32|   0|   32|          0|
    |weights_load_900_reg_10216                                                        |   32|   0|   32|          0|
    |weights_load_901_reg_10226                                                        |   32|   0|   32|          0|
    |weights_load_902_reg_10236                                                        |   32|   0|   32|          0|
    |weights_load_903_reg_10246                                                        |   32|   0|   32|          0|
    |weights_load_904_reg_10256                                                        |   32|   0|   32|          0|
    |weights_load_905_reg_10266                                                        |   32|   0|   32|          0|
    |weights_load_906_reg_10276                                                        |   32|   0|   32|          0|
    |weights_load_907_reg_10286                                                        |   32|   0|   32|          0|
    |weights_load_908_reg_10296                                                        |   32|   0|   32|          0|
    |weights_load_909_reg_10306                                                        |   32|   0|   32|          0|
    |weights_load_910_reg_10316                                                        |   32|   0|   32|          0|
    |weights_load_911_reg_10326                                                        |   32|   0|   32|          0|
    |weights_load_912_reg_10336                                                        |   32|   0|   32|          0|
    |weights_load_913_reg_10346                                                        |   32|   0|   32|          0|
    |weights_load_914_reg_10356                                                        |   32|   0|   32|          0|
    |weights_load_915_reg_10366                                                        |   32|   0|   32|          0|
    |weights_load_916_reg_10376                                                        |   32|   0|   32|          0|
    |weights_load_917_reg_10386                                                        |   32|   0|   32|          0|
    |weights_load_918_reg_10396                                                        |   32|   0|   32|          0|
    |weights_load_919_reg_10406                                                        |   32|   0|   32|          0|
    |weights_load_920_reg_10416                                                        |   32|   0|   32|          0|
    |weights_load_921_reg_10426                                                        |   32|   0|   32|          0|
    |weights_load_922_reg_10436                                                        |   32|   0|   32|          0|
    |weights_load_923_reg_10446                                                        |   32|   0|   32|          0|
    |weights_load_924_reg_10456                                                        |   32|   0|   32|          0|
    |weights_load_925_reg_10466                                                        |   32|   0|   32|          0|
    |weights_load_926_reg_10476                                                        |   32|   0|   32|          0|
    |weights_load_927_reg_10486                                                        |   32|   0|   32|          0|
    |weights_load_928_reg_10496                                                        |   32|   0|   32|          0|
    |weights_load_929_reg_10506                                                        |   32|   0|   32|          0|
    |weights_load_930_reg_10516                                                        |   32|   0|   32|          0|
    |weights_load_931_reg_10526                                                        |   32|   0|   32|          0|
    |weights_load_932_reg_10536                                                        |   32|   0|   32|          0|
    |weights_load_933_reg_10546                                                        |   32|   0|   32|          0|
    |weights_load_934_reg_10556                                                        |   32|   0|   32|          0|
    |weights_load_935_reg_10566                                                        |   32|   0|   32|          0|
    |weights_load_936_reg_10576                                                        |   32|   0|   32|          0|
    |weights_load_937_reg_10586                                                        |   32|   0|   32|          0|
    |weights_load_938_reg_10596                                                        |   32|   0|   32|          0|
    |weights_load_939_reg_10606                                                        |   32|   0|   32|          0|
    |weights_load_940_reg_10616                                                        |   32|   0|   32|          0|
    |weights_load_941_reg_10626                                                        |   32|   0|   32|          0|
    |weights_load_942_reg_10636                                                        |   32|   0|   32|          0|
    |weights_load_943_reg_10646                                                        |   32|   0|   32|          0|
    |weights_load_944_reg_10656                                                        |   32|   0|   32|          0|
    |weights_load_945_reg_10666                                                        |   32|   0|   32|          0|
    |weights_load_946_reg_10676                                                        |   32|   0|   32|          0|
    |weights_load_947_reg_10686                                                        |   32|   0|   32|          0|
    |weights_load_948_reg_10696                                                        |   32|   0|   32|          0|
    |weights_load_949_reg_10706                                                        |   32|   0|   32|          0|
    |weights_load_950_reg_10716                                                        |   32|   0|   32|          0|
    |weights_load_951_reg_10726                                                        |   32|   0|   32|          0|
    |weights_load_952_reg_10736                                                        |   32|   0|   32|          0|
    |weights_load_953_reg_10746                                                        |   32|   0|   32|          0|
    |weights_load_954_reg_10756                                                        |   32|   0|   32|          0|
    |weights_load_955_reg_10766                                                        |   32|   0|   32|          0|
    |weights_load_956_reg_10776                                                        |   32|   0|   32|          0|
    |weights_load_957_reg_10786                                                        |   32|   0|   32|          0|
    |weights_load_958_reg_10796                                                        |   32|   0|   32|          0|
    |weights_load_959_reg_10806                                                        |   32|   0|   32|          0|
    |weights_load_960_reg_10816                                                        |   32|   0|   32|          0|
    |weights_load_961_reg_10826                                                        |   32|   0|   32|          0|
    |weights_load_962_reg_10836                                                        |   32|   0|   32|          0|
    |weights_load_963_reg_10846                                                        |   32|   0|   32|          0|
    |weights_load_964_reg_10856                                                        |   32|   0|   32|          0|
    |weights_load_965_reg_10866                                                        |   32|   0|   32|          0|
    |weights_load_966_reg_10876                                                        |   32|   0|   32|          0|
    |weights_load_967_reg_10886                                                        |   32|   0|   32|          0|
    |weights_load_968_reg_10896                                                        |   32|   0|   32|          0|
    |weights_load_969_reg_10906                                                        |   32|   0|   32|          0|
    |weights_load_970_reg_10916                                                        |   32|   0|   32|          0|
    |weights_load_971_reg_10926                                                        |   32|   0|   32|          0|
    |weights_load_972_reg_10936                                                        |   32|   0|   32|          0|
    |weights_load_973_reg_10946                                                        |   32|   0|   32|          0|
    |weights_load_974_reg_10956                                                        |   32|   0|   32|          0|
    |weights_load_975_reg_10966                                                        |   32|   0|   32|          0|
    |weights_load_976_reg_10976                                                        |   32|   0|   32|          0|
    |weights_load_977_reg_10986                                                        |   32|   0|   32|          0|
    |weights_load_978_reg_10996                                                        |   32|   0|   32|          0|
    |weights_load_979_reg_11006                                                        |   32|   0|   32|          0|
    |weights_load_980_reg_11016                                                        |   32|   0|   32|          0|
    |weights_load_981_reg_11026                                                        |   32|   0|   32|          0|
    |weights_load_982_reg_11036                                                        |   32|   0|   32|          0|
    |weights_load_983_reg_11046                                                        |   32|   0|   32|          0|
    |weights_load_984_reg_11056                                                        |   32|   0|   32|          0|
    |weights_load_985_reg_11066                                                        |   32|   0|   32|          0|
    |weights_load_986_reg_11076                                                        |   32|   0|   32|          0|
    |weights_load_987_reg_11086                                                        |   32|   0|   32|          0|
    |weights_load_988_reg_11096                                                        |   32|   0|   32|          0|
    |weights_load_989_reg_11106                                                        |   32|   0|   32|          0|
    |weights_load_990_reg_11116                                                        |   32|   0|   32|          0|
    |weights_load_991_reg_11126                                                        |   32|   0|   32|          0|
    |weights_load_992_reg_11136                                                        |   32|   0|   32|          0|
    |weights_load_993_reg_11146                                                        |   32|   0|   32|          0|
    |weights_load_994_reg_11156                                                        |   32|   0|   32|          0|
    |weights_load_995_reg_11166                                                        |   32|   0|   32|          0|
    |weights_load_996_reg_11176                                                        |   32|   0|   32|          0|
    |weights_load_997_reg_11186                                                        |   32|   0|   32|          0|
    |weights_load_998_reg_11196                                                        |   32|   0|   32|          0|
    |weights_load_999_reg_11206                                                        |   32|   0|   32|          0|
    |weights_load_reg_6966                                                             |   32|   0|   32|          0|
    +----------------------------------------------------------------------------------+-----+----+-----+-----------+
    |Total                                                                             |19012|   0|19012|          0|
    +----------------------------------------------------------------------------------+-----+----+-----+-----------+



================================================================
== Interface
================================================================
* Summary: 
+-------------------------------------------------+-----+-----+------------+-----------------------------------------------+--------------+
|                    RTL Ports                    | Dir | Bits|  Protocol  |                 Source Object                 |    C Type    |
+-------------------------------------------------+-----+-----+------------+-----------------------------------------------+--------------+
|ap_clk                                           |   in|    1|  ap_ctrl_hs|  conv2d_sum_mc<float, 14u, 14u, 3u, 3u, 64u>.8|  return value|
|ap_rst                                           |   in|    1|  ap_ctrl_hs|  conv2d_sum_mc<float, 14u, 14u, 3u, 3u, 64u>.8|  return value|
|ap_start                                         |   in|    1|  ap_ctrl_hs|  conv2d_sum_mc<float, 14u, 14u, 3u, 3u, 64u>.8|  return value|
|ap_done                                          |  out|    1|  ap_ctrl_hs|  conv2d_sum_mc<float, 14u, 14u, 3u, 3u, 64u>.8|  return value|
|ap_continue                                      |   in|    1|  ap_ctrl_hs|  conv2d_sum_mc<float, 14u, 14u, 3u, 3u, 64u>.8|  return value|
|ap_idle                                          |  out|    1|  ap_ctrl_hs|  conv2d_sum_mc<float, 14u, 14u, 3u, 3u, 64u>.8|  return value|
|ap_ready                                         |  out|    1|  ap_ctrl_hs|  conv2d_sum_mc<float, 14u, 14u, 3u, 3u, 64u>.8|  return value|
|conv2d_64_padded_window_stream_8_dout            |   in|  288|     ap_fifo|               conv2d_64_padded_window_stream_8|       pointer|
|conv2d_64_padded_window_stream_8_num_data_valid  |   in|    3|     ap_fifo|               conv2d_64_padded_window_stream_8|       pointer|
|conv2d_64_padded_window_stream_8_fifo_cap        |   in|    3|     ap_fifo|               conv2d_64_padded_window_stream_8|       pointer|
|conv2d_64_padded_window_stream_8_empty_n         |   in|    1|     ap_fifo|               conv2d_64_padded_window_stream_8|       pointer|
|conv2d_64_padded_window_stream_8_read            |  out|    1|     ap_fifo|               conv2d_64_padded_window_stream_8|       pointer|
|weights_address0                                 |  out|   10|   ap_memory|                                        weights|         array|
|weights_ce0                                      |  out|    1|   ap_memory|                                        weights|         array|
|weights_q0                                       |   in|   32|   ap_memory|                                        weights|         array|
|in_channel_map_stream_8_din                      |  out|   32|     ap_fifo|                        in_channel_map_stream_8|       pointer|
|in_channel_map_stream_8_num_data_valid           |   in|    3|     ap_fifo|                        in_channel_map_stream_8|       pointer|
|in_channel_map_stream_8_fifo_cap                 |   in|    3|     ap_fifo|                        in_channel_map_stream_8|       pointer|
|in_channel_map_stream_8_full_n                   |   in|    1|     ap_fifo|                        in_channel_map_stream_8|       pointer|
|in_channel_map_stream_8_write                    |  out|    1|     ap_fifo|                        in_channel_map_stream_8|       pointer|
+-------------------------------------------------+-----+-----+------------+-----------------------------------------------+--------------+

