

================================================================
== Vitis HLS Report for 'conv2d_sum_mc_float_14u_14u_3u_3u_64u_23'
================================================================
* Date:           Tue Oct 18 21:19:39 2022

* Version:        2022.1 (Build 3526262 on Mon Apr 18 15:47:01 MDT 2022)
* Project:        forward_prop
* Solution:       solution1 (Vitis Kernel Flow Target)
* Product family: virtexuplus
* Target device:  xcvu5p-flva2104-1-e


================================================================
== Performance Estimates
================================================================
+ Timing: 
    * Summary: 
    +--------+----------+----------+------------+
    |  Clock |  Target  | Estimated| Uncertainty|
    +--------+----------+----------+------------+
    |ap_clk  |  10.00 ns|  7.725 ns|     2.70 ns|
    +--------+----------+----------+------------+

+ Latency: 
    * Summary: 
    +---------+---------+----------+----------+-------+-------+---------+
    |  Latency (cycles) |  Latency (absolute) |    Interval   | Pipeline|
    |   min   |   max   |    min   |    max   |  min  |  max  |   Type  |
    +---------+---------+----------+----------+-------+-------+---------+
    |    13138|    13138|  0.131 ms|  0.131 ms|  13138|  13138|       no|
    +---------+---------+----------+----------+-------+-------+---------+

    + Detail: 
        * Instance: 
        +----------------------------------------------------------------------+----------------------------------------------------------+---------+---------+----------+----------+-------+-------+---------+
        |                                                                      |                                                          |  Latency (cycles) |  Latency (absolute) |    Interval   | Pipeline|
        |                               Instance                               |                          Module                          |   min   |   max   |    min   |    max   |  min  |  max  |   Type  |
        +----------------------------------------------------------------------+----------------------------------------------------------+---------+---------+----------+----------+-------+-------+---------+
        |grp_conv2d_sum_mc_float_14u_14u_3u_3u_64u_23_Pipeline_inputs_fu_6371  |conv2d_sum_mc_float_14u_14u_3u_3u_64u_23_Pipeline_inputs  |    12561|    12561|  0.126 ms|  0.126 ms|  12561|  12561|       no|
        +----------------------------------------------------------------------+----------------------------------------------------------+---------+---------+----------+----------+-------+-------+---------+

        * Loop: 
        N/A



================================================================
== Utilization Estimates
================================================================
* Summary: 
+---------------------+---------+------+---------+--------+-----+
|         Name        | BRAM_18K|  DSP |    FF   |   LUT  | URAM|
+---------------------+---------+------+---------+--------+-----+
|DSP                  |        -|     -|        -|       -|    -|
|Expression           |        -|     -|        0|       2|    -|
|FIFO                 |        -|     -|        -|       -|    -|
|Instance             |        -|    43|     5780|    7090|    -|
|Memory               |        -|     -|        -|       -|    -|
|Multiplexer          |        -|     -|        -|    5413|    -|
|Register             |        -|     -|    19012|       -|    -|
+---------------------+---------+------+---------+--------+-----+
|Total                |        0|    43|    24792|   12505|    0|
+---------------------+---------+------+---------+--------+-----+
|Available SLR        |     1024|  1737|   600577|  300288|  235|
+---------------------+---------+------+---------+--------+-----+
|Utilization SLR (%)  |        0|     2|        4|       4|    0|
+---------------------+---------+------+---------+--------+-----+
|Available            |     2048|  3474|  1201154|  600577|  470|
+---------------------+---------+------+---------+--------+-----+
|Utilization (%)      |        0|     1|        2|       2|    0|
+---------------------+---------+------+---------+--------+-----+

+ Detail: 
    * Instance: 
    +----------------------------------------------------------------------+----------------------------------------------------------+---------+----+------+------+-----+
    |                               Instance                               |                          Module                          | BRAM_18K| DSP|  FF  |  LUT | URAM|
    +----------------------------------------------------------------------+----------------------------------------------------------+---------+----+------+------+-----+
    |grp_conv2d_sum_mc_float_14u_14u_3u_3u_64u_23_Pipeline_inputs_fu_6371  |conv2d_sum_mc_float_14u_14u_3u_3u_64u_23_Pipeline_inputs  |        0|  43|  5780|  7090|    0|
    +----------------------------------------------------------------------+----------------------------------------------------------+---------+----+------+------+-----+
    |Total                                                                 |                                                          |        0|  43|  5780|  7090|    0|
    +----------------------------------------------------------------------+----------------------------------------------------------+---------+----+------+------+-----+

    * DSP: 
    N/A

    * Memory: 
    N/A

    * FIFO: 
    N/A

    * Expression: 
    +-----------------+----------+----+---+----+------------+------------+
    |  Variable Name  | Operation| DSP| FF| LUT| Bitwidth P0| Bitwidth P1|
    +-----------------+----------+----+---+----+------------+------------+
    |ap_block_state1  |        or|   0|  0|   2|           1|           1|
    +-----------------+----------+----+---+----+------------+------------+
    |Total            |          |   0|  0|   2|           1|           1|
    +-----------------+----------+----+---+----+------------+------------+

    * Multiplexer: 
    +----------------------------------------+------+-----------+-----+-----------+
    |                  Name                  |  LUT | Input Size| Bits| Total Bits|
    +----------------------------------------+------+-----------+-----+-----------+
    |ap_NS_fsm                               |  2693|        579|    1|        579|
    |ap_done                                 |     9|          2|    1|          2|
    |conv2d_64_padded_window_stream_23_read  |     9|          2|    1|          2|
    |in_channel_map_stream_23_write          |     9|          2|    1|          2|
    |weights_address0                        |  2693|        577|   10|       5770|
    +----------------------------------------+------+-----------+-----+-----------+
    |Total                                   |  5413|       1162|   14|       6355|
    +----------------------------------------+------+-----------+-----+-----------+

    * Register: 
    +-----------------------------------------------------------------------------------+-----+----+-----+-----------+
    |                                        Name                                       |  FF | LUT| Bits| Const Bits|
    +-----------------------------------------------------------------------------------+-----+----+-----+-----------+
    |ap_CS_fsm                                                                          |  578|   0|  578|          0|
    |ap_done_reg                                                                        |    1|   0|    1|          0|
    |grp_conv2d_sum_mc_float_14u_14u_3u_3u_64u_23_Pipeline_inputs_fu_6371_ap_start_reg  |    1|   0|    1|          0|
    |weights_load_8626_reg_6976                                                         |   32|   0|   32|          0|
    |weights_load_8627_reg_6986                                                         |   32|   0|   32|          0|
    |weights_load_8628_reg_6996                                                         |   32|   0|   32|          0|
    |weights_load_8629_reg_7006                                                         |   32|   0|   32|          0|
    |weights_load_8630_reg_7016                                                         |   32|   0|   32|          0|
    |weights_load_8631_reg_7026                                                         |   32|   0|   32|          0|
    |weights_load_8632_reg_7036                                                         |   32|   0|   32|          0|
    |weights_load_8633_reg_7046                                                         |   32|   0|   32|          0|
    |weights_load_8634_reg_7056                                                         |   32|   0|   32|          0|
    |weights_load_8635_reg_7066                                                         |   32|   0|   32|          0|
    |weights_load_8636_reg_7076                                                         |   32|   0|   32|          0|
    |weights_load_8637_reg_7086                                                         |   32|   0|   32|          0|
    |weights_load_8638_reg_7096                                                         |   32|   0|   32|          0|
    |weights_load_8639_reg_7106                                                         |   32|   0|   32|          0|
    |weights_load_8640_reg_7116                                                         |   32|   0|   32|          0|
    |weights_load_8641_reg_7126                                                         |   32|   0|   32|          0|
    |weights_load_8642_reg_7136                                                         |   32|   0|   32|          0|
    |weights_load_8643_reg_7146                                                         |   32|   0|   32|          0|
    |weights_load_8644_reg_7156                                                         |   32|   0|   32|          0|
    |weights_load_8645_reg_7166                                                         |   32|   0|   32|          0|
    |weights_load_8646_reg_7176                                                         |   32|   0|   32|          0|
    |weights_load_8647_reg_7186                                                         |   32|   0|   32|          0|
    |weights_load_8648_reg_7196                                                         |   32|   0|   32|          0|
    |weights_load_8649_reg_7206                                                         |   32|   0|   32|          0|
    |weights_load_8650_reg_7216                                                         |   32|   0|   32|          0|
    |weights_load_8651_reg_7226                                                         |   32|   0|   32|          0|
    |weights_load_8652_reg_7236                                                         |   32|   0|   32|          0|
    |weights_load_8653_reg_7246                                                         |   32|   0|   32|          0|
    |weights_load_8654_reg_7256                                                         |   32|   0|   32|          0|
    |weights_load_8655_reg_7266                                                         |   32|   0|   32|          0|
    |weights_load_8656_reg_7276                                                         |   32|   0|   32|          0|
    |weights_load_8657_reg_7286                                                         |   32|   0|   32|          0|
    |weights_load_8658_reg_7296                                                         |   32|   0|   32|          0|
    |weights_load_8659_reg_7306                                                         |   32|   0|   32|          0|
    |weights_load_8660_reg_7316                                                         |   32|   0|   32|          0|
    |weights_load_8661_reg_7326                                                         |   32|   0|   32|          0|
    |weights_load_8662_reg_7336                                                         |   32|   0|   32|          0|
    |weights_load_8663_reg_7346                                                         |   32|   0|   32|          0|
    |weights_load_8664_reg_7356                                                         |   32|   0|   32|          0|
    |weights_load_8665_reg_7366                                                         |   32|   0|   32|          0|
    |weights_load_8666_reg_7376                                                         |   32|   0|   32|          0|
    |weights_load_8667_reg_7386                                                         |   32|   0|   32|          0|
    |weights_load_8668_reg_7396                                                         |   32|   0|   32|          0|
    |weights_load_8669_reg_7406                                                         |   32|   0|   32|          0|
    |weights_load_8670_reg_7416                                                         |   32|   0|   32|          0|
    |weights_load_8671_reg_7426                                                         |   32|   0|   32|          0|
    |weights_load_8672_reg_7436                                                         |   32|   0|   32|          0|
    |weights_load_8673_reg_7446                                                         |   32|   0|   32|          0|
    |weights_load_8674_reg_7456                                                         |   32|   0|   32|          0|
    |weights_load_8675_reg_7466                                                         |   32|   0|   32|          0|
    |weights_load_8676_reg_7476                                                         |   32|   0|   32|          0|
    |weights_load_8677_reg_7486                                                         |   32|   0|   32|          0|
    |weights_load_8678_reg_7496                                                         |   32|   0|   32|          0|
    |weights_load_8679_reg_7506                                                         |   32|   0|   32|          0|
    |weights_load_8680_reg_7516                                                         |   32|   0|   32|          0|
    |weights_load_8681_reg_7526                                                         |   32|   0|   32|          0|
    |weights_load_8682_reg_7536                                                         |   32|   0|   32|          0|
    |weights_load_8683_reg_7546                                                         |   32|   0|   32|          0|
    |weights_load_8684_reg_7556                                                         |   32|   0|   32|          0|
    |weights_load_8685_reg_7566                                                         |   32|   0|   32|          0|
    |weights_load_8686_reg_7576                                                         |   32|   0|   32|          0|
    |weights_load_8687_reg_7586                                                         |   32|   0|   32|          0|
    |weights_load_8688_reg_7596                                                         |   32|   0|   32|          0|
    |weights_load_8689_reg_7606                                                         |   32|   0|   32|          0|
    |weights_load_8690_reg_7616                                                         |   32|   0|   32|          0|
    |weights_load_8691_reg_7626                                                         |   32|   0|   32|          0|
    |weights_load_8692_reg_7636                                                         |   32|   0|   32|          0|
    |weights_load_8693_reg_7646                                                         |   32|   0|   32|          0|
    |weights_load_8694_reg_7656                                                         |   32|   0|   32|          0|
    |weights_load_8695_reg_7666                                                         |   32|   0|   32|          0|
    |weights_load_8696_reg_7676                                                         |   32|   0|   32|          0|
    |weights_load_8697_reg_7686                                                         |   32|   0|   32|          0|
    |weights_load_8698_reg_7696                                                         |   32|   0|   32|          0|
    |weights_load_8699_reg_7706                                                         |   32|   0|   32|          0|
    |weights_load_8700_reg_7716                                                         |   32|   0|   32|          0|
    |weights_load_8701_reg_7726                                                         |   32|   0|   32|          0|
    |weights_load_8702_reg_7736                                                         |   32|   0|   32|          0|
    |weights_load_8703_reg_7746                                                         |   32|   0|   32|          0|
    |weights_load_8704_reg_7756                                                         |   32|   0|   32|          0|
    |weights_load_8705_reg_7766                                                         |   32|   0|   32|          0|
    |weights_load_8706_reg_7776                                                         |   32|   0|   32|          0|
    |weights_load_8707_reg_7786                                                         |   32|   0|   32|          0|
    |weights_load_8708_reg_7796                                                         |   32|   0|   32|          0|
    |weights_load_8709_reg_7806                                                         |   32|   0|   32|          0|
    |weights_load_8710_reg_7816                                                         |   32|   0|   32|          0|
    |weights_load_8711_reg_7826                                                         |   32|   0|   32|          0|
    |weights_load_8712_reg_7836                                                         |   32|   0|   32|          0|
    |weights_load_8713_reg_7846                                                         |   32|   0|   32|          0|
    |weights_load_8714_reg_7856                                                         |   32|   0|   32|          0|
    |weights_load_8715_reg_7866                                                         |   32|   0|   32|          0|
    |weights_load_8716_reg_7876                                                         |   32|   0|   32|          0|
    |weights_load_8717_reg_7886                                                         |   32|   0|   32|          0|
    |weights_load_8718_reg_7896                                                         |   32|   0|   32|          0|
    |weights_load_8719_reg_7906                                                         |   32|   0|   32|          0|
    |weights_load_8720_reg_7916                                                         |   32|   0|   32|          0|
    |weights_load_8721_reg_7926                                                         |   32|   0|   32|          0|
    |weights_load_8722_reg_7936                                                         |   32|   0|   32|          0|
    |weights_load_8723_reg_7946                                                         |   32|   0|   32|          0|
    |weights_load_8724_reg_7956                                                         |   32|   0|   32|          0|
    |weights_load_8725_reg_7966                                                         |   32|   0|   32|          0|
    |weights_load_8726_reg_7976                                                         |   32|   0|   32|          0|
    |weights_load_8727_reg_7986                                                         |   32|   0|   32|          0|
    |weights_load_8728_reg_7996                                                         |   32|   0|   32|          0|
    |weights_load_8729_reg_8006                                                         |   32|   0|   32|          0|
    |weights_load_8730_reg_8016                                                         |   32|   0|   32|          0|
    |weights_load_8731_reg_8026                                                         |   32|   0|   32|          0|
    |weights_load_8732_reg_8036                                                         |   32|   0|   32|          0|
    |weights_load_8733_reg_8046                                                         |   32|   0|   32|          0|
    |weights_load_8734_reg_8056                                                         |   32|   0|   32|          0|
    |weights_load_8735_reg_8066                                                         |   32|   0|   32|          0|
    |weights_load_8736_reg_8076                                                         |   32|   0|   32|          0|
    |weights_load_8737_reg_8086                                                         |   32|   0|   32|          0|
    |weights_load_8738_reg_8096                                                         |   32|   0|   32|          0|
    |weights_load_8739_reg_8106                                                         |   32|   0|   32|          0|
    |weights_load_8740_reg_8116                                                         |   32|   0|   32|          0|
    |weights_load_8741_reg_8126                                                         |   32|   0|   32|          0|
    |weights_load_8742_reg_8136                                                         |   32|   0|   32|          0|
    |weights_load_8743_reg_8146                                                         |   32|   0|   32|          0|
    |weights_load_8744_reg_8156                                                         |   32|   0|   32|          0|
    |weights_load_8745_reg_8166                                                         |   32|   0|   32|          0|
    |weights_load_8746_reg_8176                                                         |   32|   0|   32|          0|
    |weights_load_8747_reg_8186                                                         |   32|   0|   32|          0|
    |weights_load_8748_reg_8196                                                         |   32|   0|   32|          0|
    |weights_load_8749_reg_8206                                                         |   32|   0|   32|          0|
    |weights_load_8750_reg_8216                                                         |   32|   0|   32|          0|
    |weights_load_8751_reg_8226                                                         |   32|   0|   32|          0|
    |weights_load_8752_reg_8236                                                         |   32|   0|   32|          0|
    |weights_load_8753_reg_8246                                                         |   32|   0|   32|          0|
    |weights_load_8754_reg_8256                                                         |   32|   0|   32|          0|
    |weights_load_8755_reg_8266                                                         |   32|   0|   32|          0|
    |weights_load_8756_reg_8276                                                         |   32|   0|   32|          0|
    |weights_load_8757_reg_8286                                                         |   32|   0|   32|          0|
    |weights_load_8758_reg_8296                                                         |   32|   0|   32|          0|
    |weights_load_8759_reg_8306                                                         |   32|   0|   32|          0|
    |weights_load_8760_reg_8316                                                         |   32|   0|   32|          0|
    |weights_load_8761_reg_8326                                                         |   32|   0|   32|          0|
    |weights_load_8762_reg_8336                                                         |   32|   0|   32|          0|
    |weights_load_8763_reg_8346                                                         |   32|   0|   32|          0|
    |weights_load_8764_reg_8356                                                         |   32|   0|   32|          0|
    |weights_load_8765_reg_8366                                                         |   32|   0|   32|          0|
    |weights_load_8766_reg_8376                                                         |   32|   0|   32|          0|
    |weights_load_8767_reg_8386                                                         |   32|   0|   32|          0|
    |weights_load_8768_reg_8396                                                         |   32|   0|   32|          0|
    |weights_load_8769_reg_8406                                                         |   32|   0|   32|          0|
    |weights_load_8770_reg_8416                                                         |   32|   0|   32|          0|
    |weights_load_8771_reg_8426                                                         |   32|   0|   32|          0|
    |weights_load_8772_reg_8436                                                         |   32|   0|   32|          0|
    |weights_load_8773_reg_8446                                                         |   32|   0|   32|          0|
    |weights_load_8774_reg_8456                                                         |   32|   0|   32|          0|
    |weights_load_8775_reg_8466                                                         |   32|   0|   32|          0|
    |weights_load_8776_reg_8476                                                         |   32|   0|   32|          0|
    |weights_load_8777_reg_8486                                                         |   32|   0|   32|          0|
    |weights_load_8778_reg_8496                                                         |   32|   0|   32|          0|
    |weights_load_8779_reg_8506                                                         |   32|   0|   32|          0|
    |weights_load_8780_reg_8516                                                         |   32|   0|   32|          0|
    |weights_load_8781_reg_8526                                                         |   32|   0|   32|          0|
    |weights_load_8782_reg_8536                                                         |   32|   0|   32|          0|
    |weights_load_8783_reg_8546                                                         |   32|   0|   32|          0|
    |weights_load_8784_reg_8556                                                         |   32|   0|   32|          0|
    |weights_load_8785_reg_8566                                                         |   32|   0|   32|          0|
    |weights_load_8786_reg_8576                                                         |   32|   0|   32|          0|
    |weights_load_8787_reg_8586                                                         |   32|   0|   32|          0|
    |weights_load_8788_reg_8596                                                         |   32|   0|   32|          0|
    |weights_load_8789_reg_8606                                                         |   32|   0|   32|          0|
    |weights_load_8790_reg_8616                                                         |   32|   0|   32|          0|
    |weights_load_8791_reg_8626                                                         |   32|   0|   32|          0|
    |weights_load_8792_reg_8636                                                         |   32|   0|   32|          0|
    |weights_load_8793_reg_8646                                                         |   32|   0|   32|          0|
    |weights_load_8794_reg_8656                                                         |   32|   0|   32|          0|
    |weights_load_8795_reg_8666                                                         |   32|   0|   32|          0|
    |weights_load_8796_reg_8676                                                         |   32|   0|   32|          0|
    |weights_load_8797_reg_8686                                                         |   32|   0|   32|          0|
    |weights_load_8798_reg_8696                                                         |   32|   0|   32|          0|
    |weights_load_8799_reg_8706                                                         |   32|   0|   32|          0|
    |weights_load_8800_reg_8716                                                         |   32|   0|   32|          0|
    |weights_load_8801_reg_8726                                                         |   32|   0|   32|          0|
    |weights_load_8802_reg_8736                                                         |   32|   0|   32|          0|
    |weights_load_8803_reg_8746                                                         |   32|   0|   32|          0|
    |weights_load_8804_reg_8756                                                         |   32|   0|   32|          0|
    |weights_load_8805_reg_8766                                                         |   32|   0|   32|          0|
    |weights_load_8806_reg_8776                                                         |   32|   0|   32|          0|
    |weights_load_8807_reg_8786                                                         |   32|   0|   32|          0|
    |weights_load_8808_reg_8796                                                         |   32|   0|   32|          0|
    |weights_load_8809_reg_8806                                                         |   32|   0|   32|          0|
    |weights_load_8810_reg_8816                                                         |   32|   0|   32|          0|
    |weights_load_8811_reg_8826                                                         |   32|   0|   32|          0|
    |weights_load_8812_reg_8836                                                         |   32|   0|   32|          0|
    |weights_load_8813_reg_8846                                                         |   32|   0|   32|          0|
    |weights_load_8814_reg_8856                                                         |   32|   0|   32|          0|
    |weights_load_8815_reg_8866                                                         |   32|   0|   32|          0|
    |weights_load_8816_reg_8876                                                         |   32|   0|   32|          0|
    |weights_load_8817_reg_8886                                                         |   32|   0|   32|          0|
    |weights_load_8818_reg_8896                                                         |   32|   0|   32|          0|
    |weights_load_8819_reg_8906                                                         |   32|   0|   32|          0|
    |weights_load_8820_reg_8916                                                         |   32|   0|   32|          0|
    |weights_load_8821_reg_8926                                                         |   32|   0|   32|          0|
    |weights_load_8822_reg_8936                                                         |   32|   0|   32|          0|
    |weights_load_8823_reg_8946                                                         |   32|   0|   32|          0|
    |weights_load_8824_reg_8956                                                         |   32|   0|   32|          0|
    |weights_load_8825_reg_8966                                                         |   32|   0|   32|          0|
    |weights_load_8826_reg_8976                                                         |   32|   0|   32|          0|
    |weights_load_8827_reg_8986                                                         |   32|   0|   32|          0|
    |weights_load_8828_reg_8996                                                         |   32|   0|   32|          0|
    |weights_load_8829_reg_9006                                                         |   32|   0|   32|          0|
    |weights_load_8830_reg_9016                                                         |   32|   0|   32|          0|
    |weights_load_8831_reg_9026                                                         |   32|   0|   32|          0|
    |weights_load_8832_reg_9036                                                         |   32|   0|   32|          0|
    |weights_load_8833_reg_9046                                                         |   32|   0|   32|          0|
    |weights_load_8834_reg_9056                                                         |   32|   0|   32|          0|
    |weights_load_8835_reg_9066                                                         |   32|   0|   32|          0|
    |weights_load_8836_reg_9076                                                         |   32|   0|   32|          0|
    |weights_load_8837_reg_9086                                                         |   32|   0|   32|          0|
    |weights_load_8838_reg_9096                                                         |   32|   0|   32|          0|
    |weights_load_8839_reg_9106                                                         |   32|   0|   32|          0|
    |weights_load_8840_reg_9116                                                         |   32|   0|   32|          0|
    |weights_load_8841_reg_9126                                                         |   32|   0|   32|          0|
    |weights_load_8842_reg_9136                                                         |   32|   0|   32|          0|
    |weights_load_8843_reg_9146                                                         |   32|   0|   32|          0|
    |weights_load_8844_reg_9156                                                         |   32|   0|   32|          0|
    |weights_load_8845_reg_9166                                                         |   32|   0|   32|          0|
    |weights_load_8846_reg_9176                                                         |   32|   0|   32|          0|
    |weights_load_8847_reg_9186                                                         |   32|   0|   32|          0|
    |weights_load_8848_reg_9196                                                         |   32|   0|   32|          0|
    |weights_load_8849_reg_9206                                                         |   32|   0|   32|          0|
    |weights_load_8850_reg_9216                                                         |   32|   0|   32|          0|
    |weights_load_8851_reg_9226                                                         |   32|   0|   32|          0|
    |weights_load_8852_reg_9236                                                         |   32|   0|   32|          0|
    |weights_load_8853_reg_9246                                                         |   32|   0|   32|          0|
    |weights_load_8854_reg_9256                                                         |   32|   0|   32|          0|
    |weights_load_8855_reg_9266                                                         |   32|   0|   32|          0|
    |weights_load_8856_reg_9276                                                         |   32|   0|   32|          0|
    |weights_load_8857_reg_9286                                                         |   32|   0|   32|          0|
    |weights_load_8858_reg_9296                                                         |   32|   0|   32|          0|
    |weights_load_8859_reg_9306                                                         |   32|   0|   32|          0|
    |weights_load_8860_reg_9316                                                         |   32|   0|   32|          0|
    |weights_load_8861_reg_9326                                                         |   32|   0|   32|          0|
    |weights_load_8862_reg_9336                                                         |   32|   0|   32|          0|
    |weights_load_8863_reg_9346                                                         |   32|   0|   32|          0|
    |weights_load_8864_reg_9356                                                         |   32|   0|   32|          0|
    |weights_load_8865_reg_9366                                                         |   32|   0|   32|          0|
    |weights_load_8866_reg_9376                                                         |   32|   0|   32|          0|
    |weights_load_8867_reg_9386                                                         |   32|   0|   32|          0|
    |weights_load_8868_reg_9396                                                         |   32|   0|   32|          0|
    |weights_load_8869_reg_9406                                                         |   32|   0|   32|          0|
    |weights_load_8870_reg_9416                                                         |   32|   0|   32|          0|
    |weights_load_8871_reg_9426                                                         |   32|   0|   32|          0|
    |weights_load_8872_reg_9436                                                         |   32|   0|   32|          0|
    |weights_load_8873_reg_9446                                                         |   32|   0|   32|          0|
    |weights_load_8874_reg_9456                                                         |   32|   0|   32|          0|
    |weights_load_8875_reg_9466                                                         |   32|   0|   32|          0|
    |weights_load_8876_reg_9476                                                         |   32|   0|   32|          0|
    |weights_load_8877_reg_9486                                                         |   32|   0|   32|          0|
    |weights_load_8878_reg_9496                                                         |   32|   0|   32|          0|
    |weights_load_8879_reg_9506                                                         |   32|   0|   32|          0|
    |weights_load_8880_reg_9516                                                         |   32|   0|   32|          0|
    |weights_load_8881_reg_9526                                                         |   32|   0|   32|          0|
    |weights_load_8882_reg_9536                                                         |   32|   0|   32|          0|
    |weights_load_8883_reg_9546                                                         |   32|   0|   32|          0|
    |weights_load_8884_reg_9556                                                         |   32|   0|   32|          0|
    |weights_load_8885_reg_9566                                                         |   32|   0|   32|          0|
    |weights_load_8886_reg_9576                                                         |   32|   0|   32|          0|
    |weights_load_8887_reg_9586                                                         |   32|   0|   32|          0|
    |weights_load_8888_reg_9596                                                         |   32|   0|   32|          0|
    |weights_load_8889_reg_9606                                                         |   32|   0|   32|          0|
    |weights_load_8890_reg_9616                                                         |   32|   0|   32|          0|
    |weights_load_8891_reg_9626                                                         |   32|   0|   32|          0|
    |weights_load_8892_reg_9636                                                         |   32|   0|   32|          0|
    |weights_load_8893_reg_9646                                                         |   32|   0|   32|          0|
    |weights_load_8894_reg_9656                                                         |   32|   0|   32|          0|
    |weights_load_8895_reg_9666                                                         |   32|   0|   32|          0|
    |weights_load_8896_reg_9676                                                         |   32|   0|   32|          0|
    |weights_load_8897_reg_9686                                                         |   32|   0|   32|          0|
    |weights_load_8898_reg_9696                                                         |   32|   0|   32|          0|
    |weights_load_8899_reg_9706                                                         |   32|   0|   32|          0|
    |weights_load_8900_reg_9716                                                         |   32|   0|   32|          0|
    |weights_load_8901_reg_9726                                                         |   32|   0|   32|          0|
    |weights_load_8902_reg_9736                                                         |   32|   0|   32|          0|
    |weights_load_8903_reg_9746                                                         |   32|   0|   32|          0|
    |weights_load_8904_reg_9756                                                         |   32|   0|   32|          0|
    |weights_load_8905_reg_9766                                                         |   32|   0|   32|          0|
    |weights_load_8906_reg_9776                                                         |   32|   0|   32|          0|
    |weights_load_8907_reg_9786                                                         |   32|   0|   32|          0|
    |weights_load_8908_reg_9796                                                         |   32|   0|   32|          0|
    |weights_load_8909_reg_9806                                                         |   32|   0|   32|          0|
    |weights_load_8910_reg_9816                                                         |   32|   0|   32|          0|
    |weights_load_8911_reg_9826                                                         |   32|   0|   32|          0|
    |weights_load_8912_reg_9836                                                         |   32|   0|   32|          0|
    |weights_load_8913_reg_9846                                                         |   32|   0|   32|          0|
    |weights_load_8914_reg_9856                                                         |   32|   0|   32|          0|
    |weights_load_8915_reg_9866                                                         |   32|   0|   32|          0|
    |weights_load_8916_reg_9876                                                         |   32|   0|   32|          0|
    |weights_load_8917_reg_9886                                                         |   32|   0|   32|          0|
    |weights_load_8918_reg_9896                                                         |   32|   0|   32|          0|
    |weights_load_8919_reg_9906                                                         |   32|   0|   32|          0|
    |weights_load_8920_reg_9916                                                         |   32|   0|   32|          0|
    |weights_load_8921_reg_9926                                                         |   32|   0|   32|          0|
    |weights_load_8922_reg_9936                                                         |   32|   0|   32|          0|
    |weights_load_8923_reg_9946                                                         |   32|   0|   32|          0|
    |weights_load_8924_reg_9956                                                         |   32|   0|   32|          0|
    |weights_load_8925_reg_9966                                                         |   32|   0|   32|          0|
    |weights_load_8926_reg_9976                                                         |   32|   0|   32|          0|
    |weights_load_8927_reg_9986                                                         |   32|   0|   32|          0|
    |weights_load_8928_reg_9996                                                         |   32|   0|   32|          0|
    |weights_load_8929_reg_10006                                                        |   32|   0|   32|          0|
    |weights_load_8930_reg_10016                                                        |   32|   0|   32|          0|
    |weights_load_8931_reg_10026                                                        |   32|   0|   32|          0|
    |weights_load_8932_reg_10036                                                        |   32|   0|   32|          0|
    |weights_load_8933_reg_10046                                                        |   32|   0|   32|          0|
    |weights_load_8934_reg_10056                                                        |   32|   0|   32|          0|
    |weights_load_8935_reg_10066                                                        |   32|   0|   32|          0|
    |weights_load_8936_reg_10076                                                        |   32|   0|   32|          0|
    |weights_load_8937_reg_10086                                                        |   32|   0|   32|          0|
    |weights_load_8938_reg_10096                                                        |   32|   0|   32|          0|
    |weights_load_8939_reg_10106                                                        |   32|   0|   32|          0|
    |weights_load_8940_reg_10116                                                        |   32|   0|   32|          0|
    |weights_load_8941_reg_10126                                                        |   32|   0|   32|          0|
    |weights_load_8942_reg_10136                                                        |   32|   0|   32|          0|
    |weights_load_8943_reg_10146                                                        |   32|   0|   32|          0|
    |weights_load_8944_reg_10156                                                        |   32|   0|   32|          0|
    |weights_load_8945_reg_10166                                                        |   32|   0|   32|          0|
    |weights_load_8946_reg_10176                                                        |   32|   0|   32|          0|
    |weights_load_8947_reg_10186                                                        |   32|   0|   32|          0|
    |weights_load_8948_reg_10196                                                        |   32|   0|   32|          0|
    |weights_load_8949_reg_10206                                                        |   32|   0|   32|          0|
    |weights_load_8950_reg_10216                                                        |   32|   0|   32|          0|
    |weights_load_8951_reg_10226                                                        |   32|   0|   32|          0|
    |weights_load_8952_reg_10236                                                        |   32|   0|   32|          0|
    |weights_load_8953_reg_10246                                                        |   32|   0|   32|          0|
    |weights_load_8954_reg_10256                                                        |   32|   0|   32|          0|
    |weights_load_8955_reg_10266                                                        |   32|   0|   32|          0|
    |weights_load_8956_reg_10276                                                        |   32|   0|   32|          0|
    |weights_load_8957_reg_10286                                                        |   32|   0|   32|          0|
    |weights_load_8958_reg_10296                                                        |   32|   0|   32|          0|
    |weights_load_8959_reg_10306                                                        |   32|   0|   32|          0|
    |weights_load_8960_reg_10316                                                        |   32|   0|   32|          0|
    |weights_load_8961_reg_10326                                                        |   32|   0|   32|          0|
    |weights_load_8962_reg_10336                                                        |   32|   0|   32|          0|
    |weights_load_8963_reg_10346                                                        |   32|   0|   32|          0|
    |weights_load_8964_reg_10356                                                        |   32|   0|   32|          0|
    |weights_load_8965_reg_10366                                                        |   32|   0|   32|          0|
    |weights_load_8966_reg_10376                                                        |   32|   0|   32|          0|
    |weights_load_8967_reg_10386                                                        |   32|   0|   32|          0|
    |weights_load_8968_reg_10396                                                        |   32|   0|   32|          0|
    |weights_load_8969_reg_10406                                                        |   32|   0|   32|          0|
    |weights_load_8970_reg_10416                                                        |   32|   0|   32|          0|
    |weights_load_8971_reg_10426                                                        |   32|   0|   32|          0|
    |weights_load_8972_reg_10436                                                        |   32|   0|   32|          0|
    |weights_load_8973_reg_10446                                                        |   32|   0|   32|          0|
    |weights_load_8974_reg_10456                                                        |   32|   0|   32|          0|
    |weights_load_8975_reg_10466                                                        |   32|   0|   32|          0|
    |weights_load_8976_reg_10476                                                        |   32|   0|   32|          0|
    |weights_load_8977_reg_10486                                                        |   32|   0|   32|          0|
    |weights_load_8978_reg_10496                                                        |   32|   0|   32|          0|
    |weights_load_8979_reg_10506                                                        |   32|   0|   32|          0|
    |weights_load_8980_reg_10516                                                        |   32|   0|   32|          0|
    |weights_load_8981_reg_10526                                                        |   32|   0|   32|          0|
    |weights_load_8982_reg_10536                                                        |   32|   0|   32|          0|
    |weights_load_8983_reg_10546                                                        |   32|   0|   32|          0|
    |weights_load_8984_reg_10556                                                        |   32|   0|   32|          0|
    |weights_load_8985_reg_10566                                                        |   32|   0|   32|          0|
    |weights_load_8986_reg_10576                                                        |   32|   0|   32|          0|
    |weights_load_8987_reg_10586                                                        |   32|   0|   32|          0|
    |weights_load_8988_reg_10596                                                        |   32|   0|   32|          0|
    |weights_load_8989_reg_10606                                                        |   32|   0|   32|          0|
    |weights_load_8990_reg_10616                                                        |   32|   0|   32|          0|
    |weights_load_8991_reg_10626                                                        |   32|   0|   32|          0|
    |weights_load_8992_reg_10636                                                        |   32|   0|   32|          0|
    |weights_load_8993_reg_10646                                                        |   32|   0|   32|          0|
    |weights_load_8994_reg_10656                                                        |   32|   0|   32|          0|
    |weights_load_8995_reg_10666                                                        |   32|   0|   32|          0|
    |weights_load_8996_reg_10676                                                        |   32|   0|   32|          0|
    |weights_load_8997_reg_10686                                                        |   32|   0|   32|          0|
    |weights_load_8998_reg_10696                                                        |   32|   0|   32|          0|
    |weights_load_8999_reg_10706                                                        |   32|   0|   32|          0|
    |weights_load_9000_reg_10716                                                        |   32|   0|   32|          0|
    |weights_load_9001_reg_10726                                                        |   32|   0|   32|          0|
    |weights_load_9002_reg_10736                                                        |   32|   0|   32|          0|
    |weights_load_9003_reg_10746                                                        |   32|   0|   32|          0|
    |weights_load_9004_reg_10756                                                        |   32|   0|   32|          0|
    |weights_load_9005_reg_10766                                                        |   32|   0|   32|          0|
    |weights_load_9006_reg_10776                                                        |   32|   0|   32|          0|
    |weights_load_9007_reg_10786                                                        |   32|   0|   32|          0|
    |weights_load_9008_reg_10796                                                        |   32|   0|   32|          0|
    |weights_load_9009_reg_10806                                                        |   32|   0|   32|          0|
    |weights_load_9010_reg_10816                                                        |   32|   0|   32|          0|
    |weights_load_9011_reg_10826                                                        |   32|   0|   32|          0|
    |weights_load_9012_reg_10836                                                        |   32|   0|   32|          0|
    |weights_load_9013_reg_10846                                                        |   32|   0|   32|          0|
    |weights_load_9014_reg_10856                                                        |   32|   0|   32|          0|
    |weights_load_9015_reg_10866                                                        |   32|   0|   32|          0|
    |weights_load_9016_reg_10876                                                        |   32|   0|   32|          0|
    |weights_load_9017_reg_10886                                                        |   32|   0|   32|          0|
    |weights_load_9018_reg_10896                                                        |   32|   0|   32|          0|
    |weights_load_9019_reg_10906                                                        |   32|   0|   32|          0|
    |weights_load_9020_reg_10916                                                        |   32|   0|   32|          0|
    |weights_load_9021_reg_10926                                                        |   32|   0|   32|          0|
    |weights_load_9022_reg_10936                                                        |   32|   0|   32|          0|
    |weights_load_9023_reg_10946                                                        |   32|   0|   32|          0|
    |weights_load_9024_reg_10956                                                        |   32|   0|   32|          0|
    |weights_load_9025_reg_10966                                                        |   32|   0|   32|          0|
    |weights_load_9026_reg_10976                                                        |   32|   0|   32|          0|
    |weights_load_9027_reg_10986                                                        |   32|   0|   32|          0|
    |weights_load_9028_reg_10996                                                        |   32|   0|   32|          0|
    |weights_load_9029_reg_11006                                                        |   32|   0|   32|          0|
    |weights_load_9030_reg_11016                                                        |   32|   0|   32|          0|
    |weights_load_9031_reg_11026                                                        |   32|   0|   32|          0|
    |weights_load_9032_reg_11036                                                        |   32|   0|   32|          0|
    |weights_load_9033_reg_11046                                                        |   32|   0|   32|          0|
    |weights_load_9034_reg_11056                                                        |   32|   0|   32|          0|
    |weights_load_9035_reg_11066                                                        |   32|   0|   32|          0|
    |weights_load_9036_reg_11076                                                        |   32|   0|   32|          0|
    |weights_load_9037_reg_11086                                                        |   32|   0|   32|          0|
    |weights_load_9038_reg_11096                                                        |   32|   0|   32|          0|
    |weights_load_9039_reg_11106                                                        |   32|   0|   32|          0|
    |weights_load_9040_reg_11116                                                        |   32|   0|   32|          0|
    |weights_load_9041_reg_11126                                                        |   32|   0|   32|          0|
    |weights_load_9042_reg_11136                                                        |   32|   0|   32|          0|
    |weights_load_9043_reg_11146                                                        |   32|   0|   32|          0|
    |weights_load_9044_reg_11156                                                        |   32|   0|   32|          0|
    |weights_load_9045_reg_11166                                                        |   32|   0|   32|          0|
    |weights_load_9046_reg_11176                                                        |   32|   0|   32|          0|
    |weights_load_9047_reg_11186                                                        |   32|   0|   32|          0|
    |weights_load_9048_reg_11196                                                        |   32|   0|   32|          0|
    |weights_load_9049_reg_11206                                                        |   32|   0|   32|          0|
    |weights_load_9050_reg_11216                                                        |   32|   0|   32|          0|
    |weights_load_9051_reg_11226                                                        |   32|   0|   32|          0|
    |weights_load_9052_reg_11236                                                        |   32|   0|   32|          0|
    |weights_load_9053_reg_11246                                                        |   32|   0|   32|          0|
    |weights_load_9054_reg_11256                                                        |   32|   0|   32|          0|
    |weights_load_9055_reg_11266                                                        |   32|   0|   32|          0|
    |weights_load_9056_reg_11276                                                        |   32|   0|   32|          0|
    |weights_load_9057_reg_11286                                                        |   32|   0|   32|          0|
    |weights_load_9058_reg_11296                                                        |   32|   0|   32|          0|
    |weights_load_9059_reg_11306                                                        |   32|   0|   32|          0|
    |weights_load_9060_reg_11316                                                        |   32|   0|   32|          0|
    |weights_load_9061_reg_11326                                                        |   32|   0|   32|          0|
    |weights_load_9062_reg_11336                                                        |   32|   0|   32|          0|
    |weights_load_9063_reg_11346                                                        |   32|   0|   32|          0|
    |weights_load_9064_reg_11356                                                        |   32|   0|   32|          0|
    |weights_load_9065_reg_11366                                                        |   32|   0|   32|          0|
    |weights_load_9066_reg_11376                                                        |   32|   0|   32|          0|
    |weights_load_9067_reg_11386                                                        |   32|   0|   32|          0|
    |weights_load_9068_reg_11396                                                        |   32|   0|   32|          0|
    |weights_load_9069_reg_11406                                                        |   32|   0|   32|          0|
    |weights_load_9070_reg_11416                                                        |   32|   0|   32|          0|
    |weights_load_9071_reg_11426                                                        |   32|   0|   32|          0|
    |weights_load_9072_reg_11436                                                        |   32|   0|   32|          0|
    |weights_load_9073_reg_11446                                                        |   32|   0|   32|          0|
    |weights_load_9074_reg_11456                                                        |   32|   0|   32|          0|
    |weights_load_9075_reg_11466                                                        |   32|   0|   32|          0|
    |weights_load_9076_reg_11476                                                        |   32|   0|   32|          0|
    |weights_load_9077_reg_11486                                                        |   32|   0|   32|          0|
    |weights_load_9078_reg_11496                                                        |   32|   0|   32|          0|
    |weights_load_9079_reg_11506                                                        |   32|   0|   32|          0|
    |weights_load_9080_reg_11516                                                        |   32|   0|   32|          0|
    |weights_load_9081_reg_11526                                                        |   32|   0|   32|          0|
    |weights_load_9082_reg_11536                                                        |   32|   0|   32|          0|
    |weights_load_9083_reg_11546                                                        |   32|   0|   32|          0|
    |weights_load_9084_reg_11556                                                        |   32|   0|   32|          0|
    |weights_load_9085_reg_11566                                                        |   32|   0|   32|          0|
    |weights_load_9086_reg_11576                                                        |   32|   0|   32|          0|
    |weights_load_9087_reg_11586                                                        |   32|   0|   32|          0|
    |weights_load_9088_reg_11596                                                        |   32|   0|   32|          0|
    |weights_load_9089_reg_11606                                                        |   32|   0|   32|          0|
    |weights_load_9090_reg_11616                                                        |   32|   0|   32|          0|
    |weights_load_9091_reg_11626                                                        |   32|   0|   32|          0|
    |weights_load_9092_reg_11636                                                        |   32|   0|   32|          0|
    |weights_load_9093_reg_11646                                                        |   32|   0|   32|          0|
    |weights_load_9094_reg_11656                                                        |   32|   0|   32|          0|
    |weights_load_9095_reg_11666                                                        |   32|   0|   32|          0|
    |weights_load_9096_reg_11676                                                        |   32|   0|   32|          0|
    |weights_load_9097_reg_11686                                                        |   32|   0|   32|          0|
    |weights_load_9098_reg_11696                                                        |   32|   0|   32|          0|
    |weights_load_9099_reg_11706                                                        |   32|   0|   32|          0|
    |weights_load_9100_reg_11716                                                        |   32|   0|   32|          0|
    |weights_load_9101_reg_11726                                                        |   32|   0|   32|          0|
    |weights_load_9102_reg_11736                                                        |   32|   0|   32|          0|
    |weights_load_9103_reg_11746                                                        |   32|   0|   32|          0|
    |weights_load_9104_reg_11756                                                        |   32|   0|   32|          0|
    |weights_load_9105_reg_11766                                                        |   32|   0|   32|          0|
    |weights_load_9106_reg_11776                                                        |   32|   0|   32|          0|
    |weights_load_9107_reg_11786                                                        |   32|   0|   32|          0|
    |weights_load_9108_reg_11796                                                        |   32|   0|   32|          0|
    |weights_load_9109_reg_11806                                                        |   32|   0|   32|          0|
    |weights_load_9110_reg_11816                                                        |   32|   0|   32|          0|
    |weights_load_9111_reg_11826                                                        |   32|   0|   32|          0|
    |weights_load_9112_reg_11836                                                        |   32|   0|   32|          0|
    |weights_load_9113_reg_11846                                                        |   32|   0|   32|          0|
    |weights_load_9114_reg_11856                                                        |   32|   0|   32|          0|
    |weights_load_9115_reg_11866                                                        |   32|   0|   32|          0|
    |weights_load_9116_reg_11876                                                        |   32|   0|   32|          0|
    |weights_load_9117_reg_11886                                                        |   32|   0|   32|          0|
    |weights_load_9118_reg_11896                                                        |   32|   0|   32|          0|
    |weights_load_9119_reg_11906                                                        |   32|   0|   32|          0|
    |weights_load_9120_reg_11916                                                        |   32|   0|   32|          0|
    |weights_load_9121_reg_11926                                                        |   32|   0|   32|          0|
    |weights_load_9122_reg_11936                                                        |   32|   0|   32|          0|
    |weights_load_9123_reg_11946                                                        |   32|   0|   32|          0|
    |weights_load_9124_reg_11956                                                        |   32|   0|   32|          0|
    |weights_load_9125_reg_11966                                                        |   32|   0|   32|          0|
    |weights_load_9126_reg_11976                                                        |   32|   0|   32|          0|
    |weights_load_9127_reg_11986                                                        |   32|   0|   32|          0|
    |weights_load_9128_reg_11996                                                        |   32|   0|   32|          0|
    |weights_load_9129_reg_12006                                                        |   32|   0|   32|          0|
    |weights_load_9130_reg_12016                                                        |   32|   0|   32|          0|
    |weights_load_9131_reg_12026                                                        |   32|   0|   32|          0|
    |weights_load_9132_reg_12036                                                        |   32|   0|   32|          0|
    |weights_load_9133_reg_12046                                                        |   32|   0|   32|          0|
    |weights_load_9134_reg_12056                                                        |   32|   0|   32|          0|
    |weights_load_9135_reg_12066                                                        |   32|   0|   32|          0|
    |weights_load_9136_reg_12076                                                        |   32|   0|   32|          0|
    |weights_load_9137_reg_12086                                                        |   32|   0|   32|          0|
    |weights_load_9138_reg_12096                                                        |   32|   0|   32|          0|
    |weights_load_9139_reg_12106                                                        |   32|   0|   32|          0|
    |weights_load_9140_reg_12116                                                        |   32|   0|   32|          0|
    |weights_load_9141_reg_12126                                                        |   32|   0|   32|          0|
    |weights_load_9142_reg_12136                                                        |   32|   0|   32|          0|
    |weights_load_9143_reg_12146                                                        |   32|   0|   32|          0|
    |weights_load_9144_reg_12156                                                        |   32|   0|   32|          0|
    |weights_load_9145_reg_12166                                                        |   32|   0|   32|          0|
    |weights_load_9146_reg_12176                                                        |   32|   0|   32|          0|
    |weights_load_9147_reg_12186                                                        |   32|   0|   32|          0|
    |weights_load_9148_reg_12196                                                        |   32|   0|   32|          0|
    |weights_load_9149_reg_12206                                                        |   32|   0|   32|          0|
    |weights_load_9150_reg_12216                                                        |   32|   0|   32|          0|
    |weights_load_9151_reg_12226                                                        |   32|   0|   32|          0|
    |weights_load_9152_reg_12236                                                        |   32|   0|   32|          0|
    |weights_load_9153_reg_12246                                                        |   32|   0|   32|          0|
    |weights_load_9154_reg_12256                                                        |   32|   0|   32|          0|
    |weights_load_9155_reg_12266                                                        |   32|   0|   32|          0|
    |weights_load_9156_reg_12276                                                        |   32|   0|   32|          0|
    |weights_load_9157_reg_12286                                                        |   32|   0|   32|          0|
    |weights_load_9158_reg_12296                                                        |   32|   0|   32|          0|
    |weights_load_9159_reg_12306                                                        |   32|   0|   32|          0|
    |weights_load_9160_reg_12316                                                        |   32|   0|   32|          0|
    |weights_load_9161_reg_12326                                                        |   32|   0|   32|          0|
    |weights_load_9162_reg_12336                                                        |   32|   0|   32|          0|
    |weights_load_9163_reg_12346                                                        |   32|   0|   32|          0|
    |weights_load_9164_reg_12356                                                        |   32|   0|   32|          0|
    |weights_load_9165_reg_12366                                                        |   32|   0|   32|          0|
    |weights_load_9166_reg_12376                                                        |   32|   0|   32|          0|
    |weights_load_9167_reg_12386                                                        |   32|   0|   32|          0|
    |weights_load_9168_reg_12396                                                        |   32|   0|   32|          0|
    |weights_load_9169_reg_12406                                                        |   32|   0|   32|          0|
    |weights_load_9170_reg_12416                                                        |   32|   0|   32|          0|
    |weights_load_9171_reg_12426                                                        |   32|   0|   32|          0|
    |weights_load_9172_reg_12436                                                        |   32|   0|   32|          0|
    |weights_load_9173_reg_12446                                                        |   32|   0|   32|          0|
    |weights_load_9174_reg_12456                                                        |   32|   0|   32|          0|
    |weights_load_9175_reg_12466                                                        |   32|   0|   32|          0|
    |weights_load_9176_reg_12476                                                        |   32|   0|   32|          0|
    |weights_load_9177_reg_12486                                                        |   32|   0|   32|          0|
    |weights_load_9178_reg_12496                                                        |   32|   0|   32|          0|
    |weights_load_9179_reg_12506                                                        |   32|   0|   32|          0|
    |weights_load_9180_reg_12516                                                        |   32|   0|   32|          0|
    |weights_load_9181_reg_12526                                                        |   32|   0|   32|          0|
    |weights_load_9182_reg_12536                                                        |   32|   0|   32|          0|
    |weights_load_9183_reg_12546                                                        |   32|   0|   32|          0|
    |weights_load_9184_reg_12556                                                        |   32|   0|   32|          0|
    |weights_load_9185_reg_12566                                                        |   32|   0|   32|          0|
    |weights_load_9186_reg_12576                                                        |   32|   0|   32|          0|
    |weights_load_9187_reg_12586                                                        |   32|   0|   32|          0|
    |weights_load_9188_reg_12596                                                        |   32|   0|   32|          0|
    |weights_load_9189_reg_12606                                                        |   32|   0|   32|          0|
    |weights_load_9190_reg_12616                                                        |   32|   0|   32|          0|
    |weights_load_9191_reg_12626                                                        |   32|   0|   32|          0|
    |weights_load_9192_reg_12636                                                        |   32|   0|   32|          0|
    |weights_load_9193_reg_12646                                                        |   32|   0|   32|          0|
    |weights_load_9194_reg_12656                                                        |   32|   0|   32|          0|
    |weights_load_9195_reg_12666                                                        |   32|   0|   32|          0|
    |weights_load_9196_reg_12676                                                        |   32|   0|   32|          0|
    |weights_load_9197_reg_12686                                                        |   32|   0|   32|          0|
    |weights_load_9198_reg_12696                                                        |   32|   0|   32|          0|
    |weights_load_9199_reg_12706                                                        |   32|   0|   32|          0|
    |weights_load_9200_reg_12711                                                        |   32|   0|   32|          0|
    |weights_load_reg_6966                                                              |   32|   0|   32|          0|
    +-----------------------------------------------------------------------------------+-----+----+-----+-----------+
    |Total                                                                              |19012|   0|19012|          0|
    +-----------------------------------------------------------------------------------+-----+----+-----+-----------+



================================================================
== Interface
================================================================
* Summary: 
+--------------------------------------------------+-----+-----+------------+------------------------------------------------+--------------+
|                     RTL Ports                    | Dir | Bits|  Protocol  |                  Source Object                 |    C Type    |
+--------------------------------------------------+-----+-----+------------+------------------------------------------------+--------------+
|ap_clk                                            |   in|    1|  ap_ctrl_hs|  conv2d_sum_mc<float, 14u, 14u, 3u, 3u, 64u>.23|  return value|
|ap_rst                                            |   in|    1|  ap_ctrl_hs|  conv2d_sum_mc<float, 14u, 14u, 3u, 3u, 64u>.23|  return value|
|ap_start                                          |   in|    1|  ap_ctrl_hs|  conv2d_sum_mc<float, 14u, 14u, 3u, 3u, 64u>.23|  return value|
|ap_done                                           |  out|    1|  ap_ctrl_hs|  conv2d_sum_mc<float, 14u, 14u, 3u, 3u, 64u>.23|  return value|
|ap_continue                                       |   in|    1|  ap_ctrl_hs|  conv2d_sum_mc<float, 14u, 14u, 3u, 3u, 64u>.23|  return value|
|ap_idle                                           |  out|    1|  ap_ctrl_hs|  conv2d_sum_mc<float, 14u, 14u, 3u, 3u, 64u>.23|  return value|
|ap_ready                                          |  out|    1|  ap_ctrl_hs|  conv2d_sum_mc<float, 14u, 14u, 3u, 3u, 64u>.23|  return value|
|conv2d_64_padded_window_stream_23_dout            |   in|  288|     ap_fifo|               conv2d_64_padded_window_stream_23|       pointer|
|conv2d_64_padded_window_stream_23_num_data_valid  |   in|    3|     ap_fifo|               conv2d_64_padded_window_stream_23|       pointer|
|conv2d_64_padded_window_stream_23_fifo_cap        |   in|    3|     ap_fifo|               conv2d_64_padded_window_stream_23|       pointer|
|conv2d_64_padded_window_stream_23_empty_n         |   in|    1|     ap_fifo|               conv2d_64_padded_window_stream_23|       pointer|
|conv2d_64_padded_window_stream_23_read            |  out|    1|     ap_fifo|               conv2d_64_padded_window_stream_23|       pointer|
|weights_address0                                  |  out|   10|   ap_memory|                                         weights|         array|
|weights_ce0                                       |  out|    1|   ap_memory|                                         weights|         array|
|weights_q0                                        |   in|   32|   ap_memory|                                         weights|         array|
|in_channel_map_stream_23_din                      |  out|   32|     ap_fifo|                        in_channel_map_stream_23|       pointer|
|in_channel_map_stream_23_num_data_valid           |   in|    3|     ap_fifo|                        in_channel_map_stream_23|       pointer|
|in_channel_map_stream_23_fifo_cap                 |   in|    3|     ap_fifo|                        in_channel_map_stream_23|       pointer|
|in_channel_map_stream_23_full_n                   |   in|    1|     ap_fifo|                        in_channel_map_stream_23|       pointer|
|in_channel_map_stream_23_write                    |  out|    1|     ap_fifo|                        in_channel_map_stream_23|       pointer|
+--------------------------------------------------+-----+-----+------------+------------------------------------------------+--------------+

