

================================================================
== Vitis HLS Report for 'conv2d_sum_mc_float_14u_14u_3u_3u_64u_1'
================================================================
* Date:           Tue Oct 18 21:16:11 2022

* Version:        2022.1 (Build 3526262 on Mon Apr 18 15:47:01 MDT 2022)
* Project:        forward_prop
* Solution:       solution1 (Vitis Kernel Flow Target)
* Product family: virtexuplus
* Target device:  xcvu5p-flva2104-1-e


================================================================
== Performance Estimates
================================================================
+ Timing: 
    * Summary: 
    +--------+----------+----------+------------+
    |  Clock |  Target  | Estimated| Uncertainty|
    +--------+----------+----------+------------+
    |ap_clk  |  10.00 ns|  7.725 ns|     2.70 ns|
    +--------+----------+----------+------------+

+ Latency: 
    * Summary: 
    +---------+---------+----------+----------+-------+-------+---------+
    |  Latency (cycles) |  Latency (absolute) |    Interval   | Pipeline|
    |   min   |   max   |    min   |    max   |  min  |  max  |   Type  |
    +---------+---------+----------+----------+-------+-------+---------+
    |    13138|    13138|  0.131 ms|  0.131 ms|  13138|  13138|       no|
    +---------+---------+----------+----------+-------+-------+---------+

    + Detail: 
        * Instance: 
        +---------------------------------------------------------------------+---------------------------------------------------------+---------+---------+----------+----------+-------+-------+---------+
        |                                                                     |                                                         |  Latency (cycles) |  Latency (absolute) |    Interval   | Pipeline|
        |                               Instance                              |                          Module                         |   min   |   max   |    min   |    max   |  min  |  max  |   Type  |
        +---------------------------------------------------------------------+---------------------------------------------------------+---------+---------+----------+----------+-------+-------+---------+
        |grp_conv2d_sum_mc_float_14u_14u_3u_3u_64u_1_Pipeline_inputs_fu_6371  |conv2d_sum_mc_float_14u_14u_3u_3u_64u_1_Pipeline_inputs  |    12561|    12561|  0.126 ms|  0.126 ms|  12561|  12561|       no|
        +---------------------------------------------------------------------+---------------------------------------------------------+---------+---------+----------+----------+-------+-------+---------+

        * Loop: 
        N/A



================================================================
== Utilization Estimates
================================================================
* Summary: 
+---------------------+---------+------+---------+--------+-----+
|         Name        | BRAM_18K|  DSP |    FF   |   LUT  | URAM|
+---------------------+---------+------+---------+--------+-----+
|DSP                  |        -|     -|        -|       -|    -|
|Expression           |        -|     -|        0|       2|    -|
|FIFO                 |        -|     -|        -|       -|    -|
|Instance             |        -|    43|     5780|    7090|    -|
|Memory               |        -|     -|        -|       -|    -|
|Multiplexer          |        -|     -|        -|    5413|    -|
|Register             |        -|     -|    19012|       -|    -|
+---------------------+---------+------+---------+--------+-----+
|Total                |        0|    43|    24792|   12505|    0|
+---------------------+---------+------+---------+--------+-----+
|Available SLR        |     1024|  1737|   600577|  300288|  235|
+---------------------+---------+------+---------+--------+-----+
|Utilization SLR (%)  |        0|     2|        4|       4|    0|
+---------------------+---------+------+---------+--------+-----+
|Available            |     2048|  3474|  1201154|  600577|  470|
+---------------------+---------+------+---------+--------+-----+
|Utilization (%)      |        0|     1|        2|       2|    0|
+---------------------+---------+------+---------+--------+-----+

+ Detail: 
    * Instance: 
    +---------------------------------------------------------------------+---------------------------------------------------------+---------+----+------+------+-----+
    |                               Instance                              |                          Module                         | BRAM_18K| DSP|  FF  |  LUT | URAM|
    +---------------------------------------------------------------------+---------------------------------------------------------+---------+----+------+------+-----+
    |grp_conv2d_sum_mc_float_14u_14u_3u_3u_64u_1_Pipeline_inputs_fu_6371  |conv2d_sum_mc_float_14u_14u_3u_3u_64u_1_Pipeline_inputs  |        0|  43|  5780|  7090|    0|
    +---------------------------------------------------------------------+---------------------------------------------------------+---------+----+------+------+-----+
    |Total                                                                |                                                         |        0|  43|  5780|  7090|    0|
    +---------------------------------------------------------------------+---------------------------------------------------------+---------+----+------+------+-----+

    * DSP: 
    N/A

    * Memory: 
    N/A

    * FIFO: 
    N/A

    * Expression: 
    +-----------------+----------+----+---+----+------------+------------+
    |  Variable Name  | Operation| DSP| FF| LUT| Bitwidth P0| Bitwidth P1|
    +-----------------+----------+----+---+----+------------+------------+
    |ap_block_state1  |        or|   0|  0|   2|           1|           1|
    +-----------------+----------+----+---+----+------------+------------+
    |Total            |          |   0|  0|   2|           1|           1|
    +-----------------+----------+----+---+----+------------+------------+

    * Multiplexer: 
    +---------------------------------------+------+-----------+-----+-----------+
    |                  Name                 |  LUT | Input Size| Bits| Total Bits|
    +---------------------------------------+------+-----------+-----+-----------+
    |ap_NS_fsm                              |  2693|        579|    1|        579|
    |ap_done                                |     9|          2|    1|          2|
    |conv2d_64_padded_window_stream_1_read  |     9|          2|    1|          2|
    |in_channel_map_stream_1_write          |     9|          2|    1|          2|
    |weights_address0                       |  2693|        577|   10|       5770|
    +---------------------------------------+------+-----------+-----+-----------+
    |Total                                  |  5413|       1162|   14|       6355|
    +---------------------------------------+------+-----------+-----+-----------+

    * Register: 
    +----------------------------------------------------------------------------------+-----+----+-----+-----------+
    |                                       Name                                       |  FF | LUT| Bits| Const Bits|
    +----------------------------------------------------------------------------------+-----+----+-----+-----------+
    |ap_CS_fsm                                                                         |  578|   0|  578|          0|
    |ap_done_reg                                                                       |    1|   0|    1|          0|
    |grp_conv2d_sum_mc_float_14u_14u_3u_3u_64u_1_Pipeline_inputs_fu_6371_ap_start_reg  |    1|   0|    1|          0|
    |weights_load_17251_reg_6976                                                       |   32|   0|   32|          0|
    |weights_load_17252_reg_6986                                                       |   32|   0|   32|          0|
    |weights_load_17253_reg_6996                                                       |   32|   0|   32|          0|
    |weights_load_17254_reg_7006                                                       |   32|   0|   32|          0|
    |weights_load_17255_reg_7016                                                       |   32|   0|   32|          0|
    |weights_load_17256_reg_7026                                                       |   32|   0|   32|          0|
    |weights_load_17257_reg_7036                                                       |   32|   0|   32|          0|
    |weights_load_17258_reg_7046                                                       |   32|   0|   32|          0|
    |weights_load_17259_reg_7056                                                       |   32|   0|   32|          0|
    |weights_load_17260_reg_7066                                                       |   32|   0|   32|          0|
    |weights_load_17261_reg_7076                                                       |   32|   0|   32|          0|
    |weights_load_17262_reg_7086                                                       |   32|   0|   32|          0|
    |weights_load_17263_reg_7096                                                       |   32|   0|   32|          0|
    |weights_load_17264_reg_7106                                                       |   32|   0|   32|          0|
    |weights_load_17265_reg_7116                                                       |   32|   0|   32|          0|
    |weights_load_17266_reg_7126                                                       |   32|   0|   32|          0|
    |weights_load_17267_reg_7136                                                       |   32|   0|   32|          0|
    |weights_load_17268_reg_7146                                                       |   32|   0|   32|          0|
    |weights_load_17269_reg_7156                                                       |   32|   0|   32|          0|
    |weights_load_17270_reg_7166                                                       |   32|   0|   32|          0|
    |weights_load_17271_reg_7176                                                       |   32|   0|   32|          0|
    |weights_load_17272_reg_7186                                                       |   32|   0|   32|          0|
    |weights_load_17273_reg_7196                                                       |   32|   0|   32|          0|
    |weights_load_17274_reg_7206                                                       |   32|   0|   32|          0|
    |weights_load_17275_reg_7216                                                       |   32|   0|   32|          0|
    |weights_load_17276_reg_7226                                                       |   32|   0|   32|          0|
    |weights_load_17277_reg_7236                                                       |   32|   0|   32|          0|
    |weights_load_17278_reg_7246                                                       |   32|   0|   32|          0|
    |weights_load_17279_reg_7256                                                       |   32|   0|   32|          0|
    |weights_load_17280_reg_7266                                                       |   32|   0|   32|          0|
    |weights_load_17281_reg_7276                                                       |   32|   0|   32|          0|
    |weights_load_17282_reg_7286                                                       |   32|   0|   32|          0|
    |weights_load_17283_reg_7296                                                       |   32|   0|   32|          0|
    |weights_load_17284_reg_7306                                                       |   32|   0|   32|          0|
    |weights_load_17285_reg_7316                                                       |   32|   0|   32|          0|
    |weights_load_17286_reg_7326                                                       |   32|   0|   32|          0|
    |weights_load_17287_reg_7336                                                       |   32|   0|   32|          0|
    |weights_load_17288_reg_7346                                                       |   32|   0|   32|          0|
    |weights_load_17289_reg_7356                                                       |   32|   0|   32|          0|
    |weights_load_17290_reg_7366                                                       |   32|   0|   32|          0|
    |weights_load_17291_reg_7376                                                       |   32|   0|   32|          0|
    |weights_load_17292_reg_7386                                                       |   32|   0|   32|          0|
    |weights_load_17293_reg_7396                                                       |   32|   0|   32|          0|
    |weights_load_17294_reg_7406                                                       |   32|   0|   32|          0|
    |weights_load_17295_reg_7416                                                       |   32|   0|   32|          0|
    |weights_load_17296_reg_7426                                                       |   32|   0|   32|          0|
    |weights_load_17297_reg_7436                                                       |   32|   0|   32|          0|
    |weights_load_17298_reg_7446                                                       |   32|   0|   32|          0|
    |weights_load_17299_reg_7456                                                       |   32|   0|   32|          0|
    |weights_load_17300_reg_7466                                                       |   32|   0|   32|          0|
    |weights_load_17301_reg_7476                                                       |   32|   0|   32|          0|
    |weights_load_17302_reg_7486                                                       |   32|   0|   32|          0|
    |weights_load_17303_reg_7496                                                       |   32|   0|   32|          0|
    |weights_load_17304_reg_7506                                                       |   32|   0|   32|          0|
    |weights_load_17305_reg_7516                                                       |   32|   0|   32|          0|
    |weights_load_17306_reg_7526                                                       |   32|   0|   32|          0|
    |weights_load_17307_reg_7536                                                       |   32|   0|   32|          0|
    |weights_load_17308_reg_7546                                                       |   32|   0|   32|          0|
    |weights_load_17309_reg_7556                                                       |   32|   0|   32|          0|
    |weights_load_17310_reg_7566                                                       |   32|   0|   32|          0|
    |weights_load_17311_reg_7576                                                       |   32|   0|   32|          0|
    |weights_load_17312_reg_7586                                                       |   32|   0|   32|          0|
    |weights_load_17313_reg_7596                                                       |   32|   0|   32|          0|
    |weights_load_17314_reg_7606                                                       |   32|   0|   32|          0|
    |weights_load_17315_reg_7616                                                       |   32|   0|   32|          0|
    |weights_load_17316_reg_7626                                                       |   32|   0|   32|          0|
    |weights_load_17317_reg_7636                                                       |   32|   0|   32|          0|
    |weights_load_17318_reg_7646                                                       |   32|   0|   32|          0|
    |weights_load_17319_reg_7656                                                       |   32|   0|   32|          0|
    |weights_load_17320_reg_7666                                                       |   32|   0|   32|          0|
    |weights_load_17321_reg_7676                                                       |   32|   0|   32|          0|
    |weights_load_17322_reg_7686                                                       |   32|   0|   32|          0|
    |weights_load_17323_reg_7696                                                       |   32|   0|   32|          0|
    |weights_load_17324_reg_7706                                                       |   32|   0|   32|          0|
    |weights_load_17325_reg_7716                                                       |   32|   0|   32|          0|
    |weights_load_17326_reg_7726                                                       |   32|   0|   32|          0|
    |weights_load_17327_reg_7736                                                       |   32|   0|   32|          0|
    |weights_load_17328_reg_7746                                                       |   32|   0|   32|          0|
    |weights_load_17329_reg_7756                                                       |   32|   0|   32|          0|
    |weights_load_17330_reg_7766                                                       |   32|   0|   32|          0|
    |weights_load_17331_reg_7776                                                       |   32|   0|   32|          0|
    |weights_load_17332_reg_7786                                                       |   32|   0|   32|          0|
    |weights_load_17333_reg_7796                                                       |   32|   0|   32|          0|
    |weights_load_17334_reg_7806                                                       |   32|   0|   32|          0|
    |weights_load_17335_reg_7816                                                       |   32|   0|   32|          0|
    |weights_load_17336_reg_7826                                                       |   32|   0|   32|          0|
    |weights_load_17337_reg_7836                                                       |   32|   0|   32|          0|
    |weights_load_17338_reg_7846                                                       |   32|   0|   32|          0|
    |weights_load_17339_reg_7856                                                       |   32|   0|   32|          0|
    |weights_load_17340_reg_7866                                                       |   32|   0|   32|          0|
    |weights_load_17341_reg_7876                                                       |   32|   0|   32|          0|
    |weights_load_17342_reg_7886                                                       |   32|   0|   32|          0|
    |weights_load_17343_reg_7896                                                       |   32|   0|   32|          0|
    |weights_load_17344_reg_7906                                                       |   32|   0|   32|          0|
    |weights_load_17345_reg_7916                                                       |   32|   0|   32|          0|
    |weights_load_17346_reg_7926                                                       |   32|   0|   32|          0|
    |weights_load_17347_reg_7936                                                       |   32|   0|   32|          0|
    |weights_load_17348_reg_7946                                                       |   32|   0|   32|          0|
    |weights_load_17349_reg_7956                                                       |   32|   0|   32|          0|
    |weights_load_17350_reg_7966                                                       |   32|   0|   32|          0|
    |weights_load_17351_reg_7976                                                       |   32|   0|   32|          0|
    |weights_load_17352_reg_7986                                                       |   32|   0|   32|          0|
    |weights_load_17353_reg_7996                                                       |   32|   0|   32|          0|
    |weights_load_17354_reg_8006                                                       |   32|   0|   32|          0|
    |weights_load_17355_reg_8016                                                       |   32|   0|   32|          0|
    |weights_load_17356_reg_8026                                                       |   32|   0|   32|          0|
    |weights_load_17357_reg_8036                                                       |   32|   0|   32|          0|
    |weights_load_17358_reg_8046                                                       |   32|   0|   32|          0|
    |weights_load_17359_reg_8056                                                       |   32|   0|   32|          0|
    |weights_load_17360_reg_8066                                                       |   32|   0|   32|          0|
    |weights_load_17361_reg_8076                                                       |   32|   0|   32|          0|
    |weights_load_17362_reg_8086                                                       |   32|   0|   32|          0|
    |weights_load_17363_reg_8096                                                       |   32|   0|   32|          0|
    |weights_load_17364_reg_8106                                                       |   32|   0|   32|          0|
    |weights_load_17365_reg_8116                                                       |   32|   0|   32|          0|
    |weights_load_17366_reg_8126                                                       |   32|   0|   32|          0|
    |weights_load_17367_reg_8136                                                       |   32|   0|   32|          0|
    |weights_load_17368_reg_8146                                                       |   32|   0|   32|          0|
    |weights_load_17369_reg_8156                                                       |   32|   0|   32|          0|
    |weights_load_17370_reg_8166                                                       |   32|   0|   32|          0|
    |weights_load_17371_reg_8176                                                       |   32|   0|   32|          0|
    |weights_load_17372_reg_8186                                                       |   32|   0|   32|          0|
    |weights_load_17373_reg_8196                                                       |   32|   0|   32|          0|
    |weights_load_17374_reg_8206                                                       |   32|   0|   32|          0|
    |weights_load_17375_reg_8216                                                       |   32|   0|   32|          0|
    |weights_load_17376_reg_8226                                                       |   32|   0|   32|          0|
    |weights_load_17377_reg_8236                                                       |   32|   0|   32|          0|
    |weights_load_17378_reg_8246                                                       |   32|   0|   32|          0|
    |weights_load_17379_reg_8256                                                       |   32|   0|   32|          0|
    |weights_load_17380_reg_8266                                                       |   32|   0|   32|          0|
    |weights_load_17381_reg_8276                                                       |   32|   0|   32|          0|
    |weights_load_17382_reg_8286                                                       |   32|   0|   32|          0|
    |weights_load_17383_reg_8296                                                       |   32|   0|   32|          0|
    |weights_load_17384_reg_8306                                                       |   32|   0|   32|          0|
    |weights_load_17385_reg_8316                                                       |   32|   0|   32|          0|
    |weights_load_17386_reg_8326                                                       |   32|   0|   32|          0|
    |weights_load_17387_reg_8336                                                       |   32|   0|   32|          0|
    |weights_load_17388_reg_8346                                                       |   32|   0|   32|          0|
    |weights_load_17389_reg_8356                                                       |   32|   0|   32|          0|
    |weights_load_17390_reg_8366                                                       |   32|   0|   32|          0|
    |weights_load_17391_reg_8376                                                       |   32|   0|   32|          0|
    |weights_load_17392_reg_8386                                                       |   32|   0|   32|          0|
    |weights_load_17393_reg_8396                                                       |   32|   0|   32|          0|
    |weights_load_17394_reg_8406                                                       |   32|   0|   32|          0|
    |weights_load_17395_reg_8416                                                       |   32|   0|   32|          0|
    |weights_load_17396_reg_8426                                                       |   32|   0|   32|          0|
    |weights_load_17397_reg_8436                                                       |   32|   0|   32|          0|
    |weights_load_17398_reg_8446                                                       |   32|   0|   32|          0|
    |weights_load_17399_reg_8456                                                       |   32|   0|   32|          0|
    |weights_load_17400_reg_8466                                                       |   32|   0|   32|          0|
    |weights_load_17401_reg_8476                                                       |   32|   0|   32|          0|
    |weights_load_17402_reg_8486                                                       |   32|   0|   32|          0|
    |weights_load_17403_reg_8496                                                       |   32|   0|   32|          0|
    |weights_load_17404_reg_8506                                                       |   32|   0|   32|          0|
    |weights_load_17405_reg_8516                                                       |   32|   0|   32|          0|
    |weights_load_17406_reg_8526                                                       |   32|   0|   32|          0|
    |weights_load_17407_reg_8536                                                       |   32|   0|   32|          0|
    |weights_load_17408_reg_8546                                                       |   32|   0|   32|          0|
    |weights_load_17409_reg_8556                                                       |   32|   0|   32|          0|
    |weights_load_17410_reg_8566                                                       |   32|   0|   32|          0|
    |weights_load_17411_reg_8576                                                       |   32|   0|   32|          0|
    |weights_load_17412_reg_8586                                                       |   32|   0|   32|          0|
    |weights_load_17413_reg_8596                                                       |   32|   0|   32|          0|
    |weights_load_17414_reg_8606                                                       |   32|   0|   32|          0|
    |weights_load_17415_reg_8616                                                       |   32|   0|   32|          0|
    |weights_load_17416_reg_8626                                                       |   32|   0|   32|          0|
    |weights_load_17417_reg_8636                                                       |   32|   0|   32|          0|
    |weights_load_17418_reg_8646                                                       |   32|   0|   32|          0|
    |weights_load_17419_reg_8656                                                       |   32|   0|   32|          0|
    |weights_load_17420_reg_8666                                                       |   32|   0|   32|          0|
    |weights_load_17421_reg_8676                                                       |   32|   0|   32|          0|
    |weights_load_17422_reg_8686                                                       |   32|   0|   32|          0|
    |weights_load_17423_reg_8696                                                       |   32|   0|   32|          0|
    |weights_load_17424_reg_8706                                                       |   32|   0|   32|          0|
    |weights_load_17425_reg_8716                                                       |   32|   0|   32|          0|
    |weights_load_17426_reg_8726                                                       |   32|   0|   32|          0|
    |weights_load_17427_reg_8736                                                       |   32|   0|   32|          0|
    |weights_load_17428_reg_8746                                                       |   32|   0|   32|          0|
    |weights_load_17429_reg_8756                                                       |   32|   0|   32|          0|
    |weights_load_17430_reg_8766                                                       |   32|   0|   32|          0|
    |weights_load_17431_reg_8776                                                       |   32|   0|   32|          0|
    |weights_load_17432_reg_8786                                                       |   32|   0|   32|          0|
    |weights_load_17433_reg_8796                                                       |   32|   0|   32|          0|
    |weights_load_17434_reg_8806                                                       |   32|   0|   32|          0|
    |weights_load_17435_reg_8816                                                       |   32|   0|   32|          0|
    |weights_load_17436_reg_8826                                                       |   32|   0|   32|          0|
    |weights_load_17437_reg_8836                                                       |   32|   0|   32|          0|
    |weights_load_17438_reg_8846                                                       |   32|   0|   32|          0|
    |weights_load_17439_reg_8856                                                       |   32|   0|   32|          0|
    |weights_load_17440_reg_8866                                                       |   32|   0|   32|          0|
    |weights_load_17441_reg_8876                                                       |   32|   0|   32|          0|
    |weights_load_17442_reg_8886                                                       |   32|   0|   32|          0|
    |weights_load_17443_reg_8896                                                       |   32|   0|   32|          0|
    |weights_load_17444_reg_8906                                                       |   32|   0|   32|          0|
    |weights_load_17445_reg_8916                                                       |   32|   0|   32|          0|
    |weights_load_17446_reg_8926                                                       |   32|   0|   32|          0|
    |weights_load_17447_reg_8936                                                       |   32|   0|   32|          0|
    |weights_load_17448_reg_8946                                                       |   32|   0|   32|          0|
    |weights_load_17449_reg_8956                                                       |   32|   0|   32|          0|
    |weights_load_17450_reg_8966                                                       |   32|   0|   32|          0|
    |weights_load_17451_reg_8976                                                       |   32|   0|   32|          0|
    |weights_load_17452_reg_8986                                                       |   32|   0|   32|          0|
    |weights_load_17453_reg_8996                                                       |   32|   0|   32|          0|
    |weights_load_17454_reg_9006                                                       |   32|   0|   32|          0|
    |weights_load_17455_reg_9016                                                       |   32|   0|   32|          0|
    |weights_load_17456_reg_9026                                                       |   32|   0|   32|          0|
    |weights_load_17457_reg_9036                                                       |   32|   0|   32|          0|
    |weights_load_17458_reg_9046                                                       |   32|   0|   32|          0|
    |weights_load_17459_reg_9056                                                       |   32|   0|   32|          0|
    |weights_load_17460_reg_9066                                                       |   32|   0|   32|          0|
    |weights_load_17461_reg_9076                                                       |   32|   0|   32|          0|
    |weights_load_17462_reg_9086                                                       |   32|   0|   32|          0|
    |weights_load_17463_reg_9096                                                       |   32|   0|   32|          0|
    |weights_load_17464_reg_9106                                                       |   32|   0|   32|          0|
    |weights_load_17465_reg_9116                                                       |   32|   0|   32|          0|
    |weights_load_17466_reg_9126                                                       |   32|   0|   32|          0|
    |weights_load_17467_reg_9136                                                       |   32|   0|   32|          0|
    |weights_load_17468_reg_9146                                                       |   32|   0|   32|          0|
    |weights_load_17469_reg_9156                                                       |   32|   0|   32|          0|
    |weights_load_17470_reg_9166                                                       |   32|   0|   32|          0|
    |weights_load_17471_reg_9176                                                       |   32|   0|   32|          0|
    |weights_load_17472_reg_9186                                                       |   32|   0|   32|          0|
    |weights_load_17473_reg_9196                                                       |   32|   0|   32|          0|
    |weights_load_17474_reg_9206                                                       |   32|   0|   32|          0|
    |weights_load_17475_reg_9216                                                       |   32|   0|   32|          0|
    |weights_load_17476_reg_9226                                                       |   32|   0|   32|          0|
    |weights_load_17477_reg_9236                                                       |   32|   0|   32|          0|
    |weights_load_17478_reg_9246                                                       |   32|   0|   32|          0|
    |weights_load_17479_reg_9256                                                       |   32|   0|   32|          0|
    |weights_load_17480_reg_9266                                                       |   32|   0|   32|          0|
    |weights_load_17481_reg_9276                                                       |   32|   0|   32|          0|
    |weights_load_17482_reg_9286                                                       |   32|   0|   32|          0|
    |weights_load_17483_reg_9296                                                       |   32|   0|   32|          0|
    |weights_load_17484_reg_9306                                                       |   32|   0|   32|          0|
    |weights_load_17485_reg_9316                                                       |   32|   0|   32|          0|
    |weights_load_17486_reg_9326                                                       |   32|   0|   32|          0|
    |weights_load_17487_reg_9336                                                       |   32|   0|   32|          0|
    |weights_load_17488_reg_9346                                                       |   32|   0|   32|          0|
    |weights_load_17489_reg_9356                                                       |   32|   0|   32|          0|
    |weights_load_17490_reg_9366                                                       |   32|   0|   32|          0|
    |weights_load_17491_reg_9376                                                       |   32|   0|   32|          0|
    |weights_load_17492_reg_9386                                                       |   32|   0|   32|          0|
    |weights_load_17493_reg_9396                                                       |   32|   0|   32|          0|
    |weights_load_17494_reg_9406                                                       |   32|   0|   32|          0|
    |weights_load_17495_reg_9416                                                       |   32|   0|   32|          0|
    |weights_load_17496_reg_9426                                                       |   32|   0|   32|          0|
    |weights_load_17497_reg_9436                                                       |   32|   0|   32|          0|
    |weights_load_17498_reg_9446                                                       |   32|   0|   32|          0|
    |weights_load_17499_reg_9456                                                       |   32|   0|   32|          0|
    |weights_load_17500_reg_9466                                                       |   32|   0|   32|          0|
    |weights_load_17501_reg_9476                                                       |   32|   0|   32|          0|
    |weights_load_17502_reg_9486                                                       |   32|   0|   32|          0|
    |weights_load_17503_reg_9496                                                       |   32|   0|   32|          0|
    |weights_load_17504_reg_9506                                                       |   32|   0|   32|          0|
    |weights_load_17505_reg_9516                                                       |   32|   0|   32|          0|
    |weights_load_17506_reg_9526                                                       |   32|   0|   32|          0|
    |weights_load_17507_reg_9536                                                       |   32|   0|   32|          0|
    |weights_load_17508_reg_9546                                                       |   32|   0|   32|          0|
    |weights_load_17509_reg_9556                                                       |   32|   0|   32|          0|
    |weights_load_17510_reg_9566                                                       |   32|   0|   32|          0|
    |weights_load_17511_reg_9576                                                       |   32|   0|   32|          0|
    |weights_load_17512_reg_9586                                                       |   32|   0|   32|          0|
    |weights_load_17513_reg_9596                                                       |   32|   0|   32|          0|
    |weights_load_17514_reg_9606                                                       |   32|   0|   32|          0|
    |weights_load_17515_reg_9616                                                       |   32|   0|   32|          0|
    |weights_load_17516_reg_9626                                                       |   32|   0|   32|          0|
    |weights_load_17517_reg_9636                                                       |   32|   0|   32|          0|
    |weights_load_17518_reg_9646                                                       |   32|   0|   32|          0|
    |weights_load_17519_reg_9656                                                       |   32|   0|   32|          0|
    |weights_load_17520_reg_9666                                                       |   32|   0|   32|          0|
    |weights_load_17521_reg_9676                                                       |   32|   0|   32|          0|
    |weights_load_17522_reg_9686                                                       |   32|   0|   32|          0|
    |weights_load_17523_reg_9696                                                       |   32|   0|   32|          0|
    |weights_load_17524_reg_9706                                                       |   32|   0|   32|          0|
    |weights_load_17525_reg_9716                                                       |   32|   0|   32|          0|
    |weights_load_17526_reg_9726                                                       |   32|   0|   32|          0|
    |weights_load_17527_reg_9736                                                       |   32|   0|   32|          0|
    |weights_load_17528_reg_9746                                                       |   32|   0|   32|          0|
    |weights_load_17529_reg_9756                                                       |   32|   0|   32|          0|
    |weights_load_17530_reg_9766                                                       |   32|   0|   32|          0|
    |weights_load_17531_reg_9776                                                       |   32|   0|   32|          0|
    |weights_load_17532_reg_9786                                                       |   32|   0|   32|          0|
    |weights_load_17533_reg_9796                                                       |   32|   0|   32|          0|
    |weights_load_17534_reg_9806                                                       |   32|   0|   32|          0|
    |weights_load_17535_reg_9816                                                       |   32|   0|   32|          0|
    |weights_load_17536_reg_9826                                                       |   32|   0|   32|          0|
    |weights_load_17537_reg_9836                                                       |   32|   0|   32|          0|
    |weights_load_17538_reg_9846                                                       |   32|   0|   32|          0|
    |weights_load_17539_reg_9856                                                       |   32|   0|   32|          0|
    |weights_load_17540_reg_9866                                                       |   32|   0|   32|          0|
    |weights_load_17541_reg_9876                                                       |   32|   0|   32|          0|
    |weights_load_17542_reg_9886                                                       |   32|   0|   32|          0|
    |weights_load_17543_reg_9896                                                       |   32|   0|   32|          0|
    |weights_load_17544_reg_9906                                                       |   32|   0|   32|          0|
    |weights_load_17545_reg_9916                                                       |   32|   0|   32|          0|
    |weights_load_17546_reg_9926                                                       |   32|   0|   32|          0|
    |weights_load_17547_reg_9936                                                       |   32|   0|   32|          0|
    |weights_load_17548_reg_9946                                                       |   32|   0|   32|          0|
    |weights_load_17549_reg_9956                                                       |   32|   0|   32|          0|
    |weights_load_17550_reg_9966                                                       |   32|   0|   32|          0|
    |weights_load_17551_reg_9976                                                       |   32|   0|   32|          0|
    |weights_load_17552_reg_9986                                                       |   32|   0|   32|          0|
    |weights_load_17553_reg_9996                                                       |   32|   0|   32|          0|
    |weights_load_17554_reg_10006                                                      |   32|   0|   32|          0|
    |weights_load_17555_reg_10016                                                      |   32|   0|   32|          0|
    |weights_load_17556_reg_10026                                                      |   32|   0|   32|          0|
    |weights_load_17557_reg_10036                                                      |   32|   0|   32|          0|
    |weights_load_17558_reg_10046                                                      |   32|   0|   32|          0|
    |weights_load_17559_reg_10056                                                      |   32|   0|   32|          0|
    |weights_load_17560_reg_10066                                                      |   32|   0|   32|          0|
    |weights_load_17561_reg_10076                                                      |   32|   0|   32|          0|
    |weights_load_17562_reg_10086                                                      |   32|   0|   32|          0|
    |weights_load_17563_reg_10096                                                      |   32|   0|   32|          0|
    |weights_load_17564_reg_10106                                                      |   32|   0|   32|          0|
    |weights_load_17565_reg_10116                                                      |   32|   0|   32|          0|
    |weights_load_17566_reg_10126                                                      |   32|   0|   32|          0|
    |weights_load_17567_reg_10136                                                      |   32|   0|   32|          0|
    |weights_load_17568_reg_10146                                                      |   32|   0|   32|          0|
    |weights_load_17569_reg_10156                                                      |   32|   0|   32|          0|
    |weights_load_17570_reg_10166                                                      |   32|   0|   32|          0|
    |weights_load_17571_reg_10176                                                      |   32|   0|   32|          0|
    |weights_load_17572_reg_10186                                                      |   32|   0|   32|          0|
    |weights_load_17573_reg_10196                                                      |   32|   0|   32|          0|
    |weights_load_17574_reg_10206                                                      |   32|   0|   32|          0|
    |weights_load_17575_reg_10216                                                      |   32|   0|   32|          0|
    |weights_load_17576_reg_10226                                                      |   32|   0|   32|          0|
    |weights_load_17577_reg_10236                                                      |   32|   0|   32|          0|
    |weights_load_17578_reg_10246                                                      |   32|   0|   32|          0|
    |weights_load_17579_reg_10256                                                      |   32|   0|   32|          0|
    |weights_load_17580_reg_10266                                                      |   32|   0|   32|          0|
    |weights_load_17581_reg_10276                                                      |   32|   0|   32|          0|
    |weights_load_17582_reg_10286                                                      |   32|   0|   32|          0|
    |weights_load_17583_reg_10296                                                      |   32|   0|   32|          0|
    |weights_load_17584_reg_10306                                                      |   32|   0|   32|          0|
    |weights_load_17585_reg_10316                                                      |   32|   0|   32|          0|
    |weights_load_17586_reg_10326                                                      |   32|   0|   32|          0|
    |weights_load_17587_reg_10336                                                      |   32|   0|   32|          0|
    |weights_load_17588_reg_10346                                                      |   32|   0|   32|          0|
    |weights_load_17589_reg_10356                                                      |   32|   0|   32|          0|
    |weights_load_17590_reg_10366                                                      |   32|   0|   32|          0|
    |weights_load_17591_reg_10376                                                      |   32|   0|   32|          0|
    |weights_load_17592_reg_10386                                                      |   32|   0|   32|          0|
    |weights_load_17593_reg_10396                                                      |   32|   0|   32|          0|
    |weights_load_17594_reg_10406                                                      |   32|   0|   32|          0|
    |weights_load_17595_reg_10416                                                      |   32|   0|   32|          0|
    |weights_load_17596_reg_10426                                                      |   32|   0|   32|          0|
    |weights_load_17597_reg_10436                                                      |   32|   0|   32|          0|
    |weights_load_17598_reg_10446                                                      |   32|   0|   32|          0|
    |weights_load_17599_reg_10456                                                      |   32|   0|   32|          0|
    |weights_load_17600_reg_10466                                                      |   32|   0|   32|          0|
    |weights_load_17601_reg_10476                                                      |   32|   0|   32|          0|
    |weights_load_17602_reg_10486                                                      |   32|   0|   32|          0|
    |weights_load_17603_reg_10496                                                      |   32|   0|   32|          0|
    |weights_load_17604_reg_10506                                                      |   32|   0|   32|          0|
    |weights_load_17605_reg_10516                                                      |   32|   0|   32|          0|
    |weights_load_17606_reg_10526                                                      |   32|   0|   32|          0|
    |weights_load_17607_reg_10536                                                      |   32|   0|   32|          0|
    |weights_load_17608_reg_10546                                                      |   32|   0|   32|          0|
    |weights_load_17609_reg_10556                                                      |   32|   0|   32|          0|
    |weights_load_17610_reg_10566                                                      |   32|   0|   32|          0|
    |weights_load_17611_reg_10576                                                      |   32|   0|   32|          0|
    |weights_load_17612_reg_10586                                                      |   32|   0|   32|          0|
    |weights_load_17613_reg_10596                                                      |   32|   0|   32|          0|
    |weights_load_17614_reg_10606                                                      |   32|   0|   32|          0|
    |weights_load_17615_reg_10616                                                      |   32|   0|   32|          0|
    |weights_load_17616_reg_10626                                                      |   32|   0|   32|          0|
    |weights_load_17617_reg_10636                                                      |   32|   0|   32|          0|
    |weights_load_17618_reg_10646                                                      |   32|   0|   32|          0|
    |weights_load_17619_reg_10656                                                      |   32|   0|   32|          0|
    |weights_load_17620_reg_10666                                                      |   32|   0|   32|          0|
    |weights_load_17621_reg_10676                                                      |   32|   0|   32|          0|
    |weights_load_17622_reg_10686                                                      |   32|   0|   32|          0|
    |weights_load_17623_reg_10696                                                      |   32|   0|   32|          0|
    |weights_load_17624_reg_10706                                                      |   32|   0|   32|          0|
    |weights_load_17625_reg_10716                                                      |   32|   0|   32|          0|
    |weights_load_17626_reg_10726                                                      |   32|   0|   32|          0|
    |weights_load_17627_reg_10736                                                      |   32|   0|   32|          0|
    |weights_load_17628_reg_10746                                                      |   32|   0|   32|          0|
    |weights_load_17629_reg_10756                                                      |   32|   0|   32|          0|
    |weights_load_17630_reg_10766                                                      |   32|   0|   32|          0|
    |weights_load_17631_reg_10776                                                      |   32|   0|   32|          0|
    |weights_load_17632_reg_10786                                                      |   32|   0|   32|          0|
    |weights_load_17633_reg_10796                                                      |   32|   0|   32|          0|
    |weights_load_17634_reg_10806                                                      |   32|   0|   32|          0|
    |weights_load_17635_reg_10816                                                      |   32|   0|   32|          0|
    |weights_load_17636_reg_10826                                                      |   32|   0|   32|          0|
    |weights_load_17637_reg_10836                                                      |   32|   0|   32|          0|
    |weights_load_17638_reg_10846                                                      |   32|   0|   32|          0|
    |weights_load_17639_reg_10856                                                      |   32|   0|   32|          0|
    |weights_load_17640_reg_10866                                                      |   32|   0|   32|          0|
    |weights_load_17641_reg_10876                                                      |   32|   0|   32|          0|
    |weights_load_17642_reg_10886                                                      |   32|   0|   32|          0|
    |weights_load_17643_reg_10896                                                      |   32|   0|   32|          0|
    |weights_load_17644_reg_10906                                                      |   32|   0|   32|          0|
    |weights_load_17645_reg_10916                                                      |   32|   0|   32|          0|
    |weights_load_17646_reg_10926                                                      |   32|   0|   32|          0|
    |weights_load_17647_reg_10936                                                      |   32|   0|   32|          0|
    |weights_load_17648_reg_10946                                                      |   32|   0|   32|          0|
    |weights_load_17649_reg_10956                                                      |   32|   0|   32|          0|
    |weights_load_17650_reg_10966                                                      |   32|   0|   32|          0|
    |weights_load_17651_reg_10976                                                      |   32|   0|   32|          0|
    |weights_load_17652_reg_10986                                                      |   32|   0|   32|          0|
    |weights_load_17653_reg_10996                                                      |   32|   0|   32|          0|
    |weights_load_17654_reg_11006                                                      |   32|   0|   32|          0|
    |weights_load_17655_reg_11016                                                      |   32|   0|   32|          0|
    |weights_load_17656_reg_11026                                                      |   32|   0|   32|          0|
    |weights_load_17657_reg_11036                                                      |   32|   0|   32|          0|
    |weights_load_17658_reg_11046                                                      |   32|   0|   32|          0|
    |weights_load_17659_reg_11056                                                      |   32|   0|   32|          0|
    |weights_load_17660_reg_11066                                                      |   32|   0|   32|          0|
    |weights_load_17661_reg_11076                                                      |   32|   0|   32|          0|
    |weights_load_17662_reg_11086                                                      |   32|   0|   32|          0|
    |weights_load_17663_reg_11096                                                      |   32|   0|   32|          0|
    |weights_load_17664_reg_11106                                                      |   32|   0|   32|          0|
    |weights_load_17665_reg_11116                                                      |   32|   0|   32|          0|
    |weights_load_17666_reg_11126                                                      |   32|   0|   32|          0|
    |weights_load_17667_reg_11136                                                      |   32|   0|   32|          0|
    |weights_load_17668_reg_11146                                                      |   32|   0|   32|          0|
    |weights_load_17669_reg_11156                                                      |   32|   0|   32|          0|
    |weights_load_17670_reg_11166                                                      |   32|   0|   32|          0|
    |weights_load_17671_reg_11176                                                      |   32|   0|   32|          0|
    |weights_load_17672_reg_11186                                                      |   32|   0|   32|          0|
    |weights_load_17673_reg_11196                                                      |   32|   0|   32|          0|
    |weights_load_17674_reg_11206                                                      |   32|   0|   32|          0|
    |weights_load_17675_reg_11216                                                      |   32|   0|   32|          0|
    |weights_load_17676_reg_11226                                                      |   32|   0|   32|          0|
    |weights_load_17677_reg_11236                                                      |   32|   0|   32|          0|
    |weights_load_17678_reg_11246                                                      |   32|   0|   32|          0|
    |weights_load_17679_reg_11256                                                      |   32|   0|   32|          0|
    |weights_load_17680_reg_11266                                                      |   32|   0|   32|          0|
    |weights_load_17681_reg_11276                                                      |   32|   0|   32|          0|
    |weights_load_17682_reg_11286                                                      |   32|   0|   32|          0|
    |weights_load_17683_reg_11296                                                      |   32|   0|   32|          0|
    |weights_load_17684_reg_11306                                                      |   32|   0|   32|          0|
    |weights_load_17685_reg_11316                                                      |   32|   0|   32|          0|
    |weights_load_17686_reg_11326                                                      |   32|   0|   32|          0|
    |weights_load_17687_reg_11336                                                      |   32|   0|   32|          0|
    |weights_load_17688_reg_11346                                                      |   32|   0|   32|          0|
    |weights_load_17689_reg_11356                                                      |   32|   0|   32|          0|
    |weights_load_17690_reg_11366                                                      |   32|   0|   32|          0|
    |weights_load_17691_reg_11376                                                      |   32|   0|   32|          0|
    |weights_load_17692_reg_11386                                                      |   32|   0|   32|          0|
    |weights_load_17693_reg_11396                                                      |   32|   0|   32|          0|
    |weights_load_17694_reg_11406                                                      |   32|   0|   32|          0|
    |weights_load_17695_reg_11416                                                      |   32|   0|   32|          0|
    |weights_load_17696_reg_11426                                                      |   32|   0|   32|          0|
    |weights_load_17697_reg_11436                                                      |   32|   0|   32|          0|
    |weights_load_17698_reg_11446                                                      |   32|   0|   32|          0|
    |weights_load_17699_reg_11456                                                      |   32|   0|   32|          0|
    |weights_load_17700_reg_11466                                                      |   32|   0|   32|          0|
    |weights_load_17701_reg_11476                                                      |   32|   0|   32|          0|
    |weights_load_17702_reg_11486                                                      |   32|   0|   32|          0|
    |weights_load_17703_reg_11496                                                      |   32|   0|   32|          0|
    |weights_load_17704_reg_11506                                                      |   32|   0|   32|          0|
    |weights_load_17705_reg_11516                                                      |   32|   0|   32|          0|
    |weights_load_17706_reg_11526                                                      |   32|   0|   32|          0|
    |weights_load_17707_reg_11536                                                      |   32|   0|   32|          0|
    |weights_load_17708_reg_11546                                                      |   32|   0|   32|          0|
    |weights_load_17709_reg_11556                                                      |   32|   0|   32|          0|
    |weights_load_17710_reg_11566                                                      |   32|   0|   32|          0|
    |weights_load_17711_reg_11576                                                      |   32|   0|   32|          0|
    |weights_load_17712_reg_11586                                                      |   32|   0|   32|          0|
    |weights_load_17713_reg_11596                                                      |   32|   0|   32|          0|
    |weights_load_17714_reg_11606                                                      |   32|   0|   32|          0|
    |weights_load_17715_reg_11616                                                      |   32|   0|   32|          0|
    |weights_load_17716_reg_11626                                                      |   32|   0|   32|          0|
    |weights_load_17717_reg_11636                                                      |   32|   0|   32|          0|
    |weights_load_17718_reg_11646                                                      |   32|   0|   32|          0|
    |weights_load_17719_reg_11656                                                      |   32|   0|   32|          0|
    |weights_load_17720_reg_11666                                                      |   32|   0|   32|          0|
    |weights_load_17721_reg_11676                                                      |   32|   0|   32|          0|
    |weights_load_17722_reg_11686                                                      |   32|   0|   32|          0|
    |weights_load_17723_reg_11696                                                      |   32|   0|   32|          0|
    |weights_load_17724_reg_11706                                                      |   32|   0|   32|          0|
    |weights_load_17725_reg_11716                                                      |   32|   0|   32|          0|
    |weights_load_17726_reg_11726                                                      |   32|   0|   32|          0|
    |weights_load_17727_reg_11736                                                      |   32|   0|   32|          0|
    |weights_load_17728_reg_11746                                                      |   32|   0|   32|          0|
    |weights_load_17729_reg_11756                                                      |   32|   0|   32|          0|
    |weights_load_17730_reg_11766                                                      |   32|   0|   32|          0|
    |weights_load_17731_reg_11776                                                      |   32|   0|   32|          0|
    |weights_load_17732_reg_11786                                                      |   32|   0|   32|          0|
    |weights_load_17733_reg_11796                                                      |   32|   0|   32|          0|
    |weights_load_17734_reg_11806                                                      |   32|   0|   32|          0|
    |weights_load_17735_reg_11816                                                      |   32|   0|   32|          0|
    |weights_load_17736_reg_11826                                                      |   32|   0|   32|          0|
    |weights_load_17737_reg_11836                                                      |   32|   0|   32|          0|
    |weights_load_17738_reg_11846                                                      |   32|   0|   32|          0|
    |weights_load_17739_reg_11856                                                      |   32|   0|   32|          0|
    |weights_load_17740_reg_11866                                                      |   32|   0|   32|          0|
    |weights_load_17741_reg_11876                                                      |   32|   0|   32|          0|
    |weights_load_17742_reg_11886                                                      |   32|   0|   32|          0|
    |weights_load_17743_reg_11896                                                      |   32|   0|   32|          0|
    |weights_load_17744_reg_11906                                                      |   32|   0|   32|          0|
    |weights_load_17745_reg_11916                                                      |   32|   0|   32|          0|
    |weights_load_17746_reg_11926                                                      |   32|   0|   32|          0|
    |weights_load_17747_reg_11936                                                      |   32|   0|   32|          0|
    |weights_load_17748_reg_11946                                                      |   32|   0|   32|          0|
    |weights_load_17749_reg_11956                                                      |   32|   0|   32|          0|
    |weights_load_17750_reg_11966                                                      |   32|   0|   32|          0|
    |weights_load_17751_reg_11976                                                      |   32|   0|   32|          0|
    |weights_load_17752_reg_11986                                                      |   32|   0|   32|          0|
    |weights_load_17753_reg_11996                                                      |   32|   0|   32|          0|
    |weights_load_17754_reg_12006                                                      |   32|   0|   32|          0|
    |weights_load_17755_reg_12016                                                      |   32|   0|   32|          0|
    |weights_load_17756_reg_12026                                                      |   32|   0|   32|          0|
    |weights_load_17757_reg_12036                                                      |   32|   0|   32|          0|
    |weights_load_17758_reg_12046                                                      |   32|   0|   32|          0|
    |weights_load_17759_reg_12056                                                      |   32|   0|   32|          0|
    |weights_load_17760_reg_12066                                                      |   32|   0|   32|          0|
    |weights_load_17761_reg_12076                                                      |   32|   0|   32|          0|
    |weights_load_17762_reg_12086                                                      |   32|   0|   32|          0|
    |weights_load_17763_reg_12096                                                      |   32|   0|   32|          0|
    |weights_load_17764_reg_12106                                                      |   32|   0|   32|          0|
    |weights_load_17765_reg_12116                                                      |   32|   0|   32|          0|
    |weights_load_17766_reg_12126                                                      |   32|   0|   32|          0|
    |weights_load_17767_reg_12136                                                      |   32|   0|   32|          0|
    |weights_load_17768_reg_12146                                                      |   32|   0|   32|          0|
    |weights_load_17769_reg_12156                                                      |   32|   0|   32|          0|
    |weights_load_17770_reg_12166                                                      |   32|   0|   32|          0|
    |weights_load_17771_reg_12176                                                      |   32|   0|   32|          0|
    |weights_load_17772_reg_12186                                                      |   32|   0|   32|          0|
    |weights_load_17773_reg_12196                                                      |   32|   0|   32|          0|
    |weights_load_17774_reg_12206                                                      |   32|   0|   32|          0|
    |weights_load_17775_reg_12216                                                      |   32|   0|   32|          0|
    |weights_load_17776_reg_12226                                                      |   32|   0|   32|          0|
    |weights_load_17777_reg_12236                                                      |   32|   0|   32|          0|
    |weights_load_17778_reg_12246                                                      |   32|   0|   32|          0|
    |weights_load_17779_reg_12256                                                      |   32|   0|   32|          0|
    |weights_load_17780_reg_12266                                                      |   32|   0|   32|          0|
    |weights_load_17781_reg_12276                                                      |   32|   0|   32|          0|
    |weights_load_17782_reg_12286                                                      |   32|   0|   32|          0|
    |weights_load_17783_reg_12296                                                      |   32|   0|   32|          0|
    |weights_load_17784_reg_12306                                                      |   32|   0|   32|          0|
    |weights_load_17785_reg_12316                                                      |   32|   0|   32|          0|
    |weights_load_17786_reg_12326                                                      |   32|   0|   32|          0|
    |weights_load_17787_reg_12336                                                      |   32|   0|   32|          0|
    |weights_load_17788_reg_12346                                                      |   32|   0|   32|          0|
    |weights_load_17789_reg_12356                                                      |   32|   0|   32|          0|
    |weights_load_17790_reg_12366                                                      |   32|   0|   32|          0|
    |weights_load_17791_reg_12376                                                      |   32|   0|   32|          0|
    |weights_load_17792_reg_12386                                                      |   32|   0|   32|          0|
    |weights_load_17793_reg_12396                                                      |   32|   0|   32|          0|
    |weights_load_17794_reg_12406                                                      |   32|   0|   32|          0|
    |weights_load_17795_reg_12416                                                      |   32|   0|   32|          0|
    |weights_load_17796_reg_12426                                                      |   32|   0|   32|          0|
    |weights_load_17797_reg_12436                                                      |   32|   0|   32|          0|
    |weights_load_17798_reg_12446                                                      |   32|   0|   32|          0|
    |weights_load_17799_reg_12456                                                      |   32|   0|   32|          0|
    |weights_load_17800_reg_12466                                                      |   32|   0|   32|          0|
    |weights_load_17801_reg_12476                                                      |   32|   0|   32|          0|
    |weights_load_17802_reg_12486                                                      |   32|   0|   32|          0|
    |weights_load_17803_reg_12496                                                      |   32|   0|   32|          0|
    |weights_load_17804_reg_12506                                                      |   32|   0|   32|          0|
    |weights_load_17805_reg_12516                                                      |   32|   0|   32|          0|
    |weights_load_17806_reg_12526                                                      |   32|   0|   32|          0|
    |weights_load_17807_reg_12536                                                      |   32|   0|   32|          0|
    |weights_load_17808_reg_12546                                                      |   32|   0|   32|          0|
    |weights_load_17809_reg_12556                                                      |   32|   0|   32|          0|
    |weights_load_17810_reg_12566                                                      |   32|   0|   32|          0|
    |weights_load_17811_reg_12576                                                      |   32|   0|   32|          0|
    |weights_load_17812_reg_12586                                                      |   32|   0|   32|          0|
    |weights_load_17813_reg_12596                                                      |   32|   0|   32|          0|
    |weights_load_17814_reg_12606                                                      |   32|   0|   32|          0|
    |weights_load_17815_reg_12616                                                      |   32|   0|   32|          0|
    |weights_load_17816_reg_12626                                                      |   32|   0|   32|          0|
    |weights_load_17817_reg_12636                                                      |   32|   0|   32|          0|
    |weights_load_17818_reg_12646                                                      |   32|   0|   32|          0|
    |weights_load_17819_reg_12656                                                      |   32|   0|   32|          0|
    |weights_load_17820_reg_12666                                                      |   32|   0|   32|          0|
    |weights_load_17821_reg_12676                                                      |   32|   0|   32|          0|
    |weights_load_17822_reg_12686                                                      |   32|   0|   32|          0|
    |weights_load_17823_reg_12696                                                      |   32|   0|   32|          0|
    |weights_load_17824_reg_12706                                                      |   32|   0|   32|          0|
    |weights_load_17825_reg_12711                                                      |   32|   0|   32|          0|
    |weights_load_reg_6966                                                             |   32|   0|   32|          0|
    +----------------------------------------------------------------------------------+-----+----+-----+-----------+
    |Total                                                                             |19012|   0|19012|          0|
    +----------------------------------------------------------------------------------+-----+----+-----+-----------+



================================================================
== Interface
================================================================
* Summary: 
+-------------------------------------------------+-----+-----+------------+-----------------------------------------------+--------------+
|                    RTL Ports                    | Dir | Bits|  Protocol  |                 Source Object                 |    C Type    |
+-------------------------------------------------+-----+-----+------------+-----------------------------------------------+--------------+
|ap_clk                                           |   in|    1|  ap_ctrl_hs|  conv2d_sum_mc<float, 14u, 14u, 3u, 3u, 64u>.1|  return value|
|ap_rst                                           |   in|    1|  ap_ctrl_hs|  conv2d_sum_mc<float, 14u, 14u, 3u, 3u, 64u>.1|  return value|
|ap_start                                         |   in|    1|  ap_ctrl_hs|  conv2d_sum_mc<float, 14u, 14u, 3u, 3u, 64u>.1|  return value|
|ap_done                                          |  out|    1|  ap_ctrl_hs|  conv2d_sum_mc<float, 14u, 14u, 3u, 3u, 64u>.1|  return value|
|ap_continue                                      |   in|    1|  ap_ctrl_hs|  conv2d_sum_mc<float, 14u, 14u, 3u, 3u, 64u>.1|  return value|
|ap_idle                                          |  out|    1|  ap_ctrl_hs|  conv2d_sum_mc<float, 14u, 14u, 3u, 3u, 64u>.1|  return value|
|ap_ready                                         |  out|    1|  ap_ctrl_hs|  conv2d_sum_mc<float, 14u, 14u, 3u, 3u, 64u>.1|  return value|
|conv2d_64_padded_window_stream_1_dout            |   in|  288|     ap_fifo|               conv2d_64_padded_window_stream_1|       pointer|
|conv2d_64_padded_window_stream_1_num_data_valid  |   in|    3|     ap_fifo|               conv2d_64_padded_window_stream_1|       pointer|
|conv2d_64_padded_window_stream_1_fifo_cap        |   in|    3|     ap_fifo|               conv2d_64_padded_window_stream_1|       pointer|
|conv2d_64_padded_window_stream_1_empty_n         |   in|    1|     ap_fifo|               conv2d_64_padded_window_stream_1|       pointer|
|conv2d_64_padded_window_stream_1_read            |  out|    1|     ap_fifo|               conv2d_64_padded_window_stream_1|       pointer|
|weights_address0                                 |  out|   10|   ap_memory|                                        weights|         array|
|weights_ce0                                      |  out|    1|   ap_memory|                                        weights|         array|
|weights_q0                                       |   in|   32|   ap_memory|                                        weights|         array|
|in_channel_map_stream_1_din                      |  out|   32|     ap_fifo|                        in_channel_map_stream_1|       pointer|
|in_channel_map_stream_1_num_data_valid           |   in|    3|     ap_fifo|                        in_channel_map_stream_1|       pointer|
|in_channel_map_stream_1_fifo_cap                 |   in|    3|     ap_fifo|                        in_channel_map_stream_1|       pointer|
|in_channel_map_stream_1_full_n                   |   in|    1|     ap_fifo|                        in_channel_map_stream_1|       pointer|
|in_channel_map_stream_1_write                    |  out|    1|     ap_fifo|                        in_channel_map_stream_1|       pointer|
+-------------------------------------------------+-----+-----+------------+-----------------------------------------------+--------------+

