

================================================================
== Vitis HLS Report for 'conv2d_sum_mc_float_14u_14u_3u_3u_64u_16'
================================================================
* Date:           Tue Oct 18 21:18:29 2022

* Version:        2022.1 (Build 3526262 on Mon Apr 18 15:47:01 MDT 2022)
* Project:        forward_prop
* Solution:       solution1 (Vitis Kernel Flow Target)
* Product family: virtexuplus
* Target device:  xcvu5p-flva2104-1-e


================================================================
== Performance Estimates
================================================================
+ Timing: 
    * Summary: 
    +--------+----------+----------+------------+
    |  Clock |  Target  | Estimated| Uncertainty|
    +--------+----------+----------+------------+
    |ap_clk  |  10.00 ns|  7.725 ns|     2.70 ns|
    +--------+----------+----------+------------+

+ Latency: 
    * Summary: 
    +---------+---------+----------+----------+-------+-------+---------+
    |  Latency (cycles) |  Latency (absolute) |    Interval   | Pipeline|
    |   min   |   max   |    min   |    max   |  min  |  max  |   Type  |
    +---------+---------+----------+----------+-------+-------+---------+
    |    13138|    13138|  0.131 ms|  0.131 ms|  13138|  13138|       no|
    +---------+---------+----------+----------+-------+-------+---------+

    + Detail: 
        * Instance: 
        +----------------------------------------------------------------------+----------------------------------------------------------+---------+---------+----------+----------+-------+-------+---------+
        |                                                                      |                                                          |  Latency (cycles) |  Latency (absolute) |    Interval   | Pipeline|
        |                               Instance                               |                          Module                          |   min   |   max   |    min   |    max   |  min  |  max  |   Type  |
        +----------------------------------------------------------------------+----------------------------------------------------------+---------+---------+----------+----------+-------+-------+---------+
        |grp_conv2d_sum_mc_float_14u_14u_3u_3u_64u_16_Pipeline_inputs_fu_6371  |conv2d_sum_mc_float_14u_14u_3u_3u_64u_16_Pipeline_inputs  |    12561|    12561|  0.126 ms|  0.126 ms|  12561|  12561|       no|
        +----------------------------------------------------------------------+----------------------------------------------------------+---------+---------+----------+----------+-------+-------+---------+

        * Loop: 
        N/A



================================================================
== Utilization Estimates
================================================================
* Summary: 
+---------------------+---------+------+---------+--------+-----+
|         Name        | BRAM_18K|  DSP |    FF   |   LUT  | URAM|
+---------------------+---------+------+---------+--------+-----+
|DSP                  |        -|     -|        -|       -|    -|
|Expression           |        -|     -|        0|       2|    -|
|FIFO                 |        -|     -|        -|       -|    -|
|Instance             |        -|    43|     5780|    7090|    -|
|Memory               |        -|     -|        -|       -|    -|
|Multiplexer          |        -|     -|        -|    5413|    -|
|Register             |        -|     -|    19012|       -|    -|
+---------------------+---------+------+---------+--------+-----+
|Total                |        0|    43|    24792|   12505|    0|
+---------------------+---------+------+---------+--------+-----+
|Available SLR        |     1024|  1737|   600577|  300288|  235|
+---------------------+---------+------+---------+--------+-----+
|Utilization SLR (%)  |        0|     2|        4|       4|    0|
+---------------------+---------+------+---------+--------+-----+
|Available            |     2048|  3474|  1201154|  600577|  470|
+---------------------+---------+------+---------+--------+-----+
|Utilization (%)      |        0|     1|        2|       2|    0|
+---------------------+---------+------+---------+--------+-----+

+ Detail: 
    * Instance: 
    +----------------------------------------------------------------------+----------------------------------------------------------+---------+----+------+------+-----+
    |                               Instance                               |                          Module                          | BRAM_18K| DSP|  FF  |  LUT | URAM|
    +----------------------------------------------------------------------+----------------------------------------------------------+---------+----+------+------+-----+
    |grp_conv2d_sum_mc_float_14u_14u_3u_3u_64u_16_Pipeline_inputs_fu_6371  |conv2d_sum_mc_float_14u_14u_3u_3u_64u_16_Pipeline_inputs  |        0|  43|  5780|  7090|    0|
    +----------------------------------------------------------------------+----------------------------------------------------------+---------+----+------+------+-----+
    |Total                                                                 |                                                          |        0|  43|  5780|  7090|    0|
    +----------------------------------------------------------------------+----------------------------------------------------------+---------+----+------+------+-----+

    * DSP: 
    N/A

    * Memory: 
    N/A

    * FIFO: 
    N/A

    * Expression: 
    +-----------------+----------+----+---+----+------------+------------+
    |  Variable Name  | Operation| DSP| FF| LUT| Bitwidth P0| Bitwidth P1|
    +-----------------+----------+----+---+----+------------+------------+
    |ap_block_state1  |        or|   0|  0|   2|           1|           1|
    +-----------------+----------+----+---+----+------------+------------+
    |Total            |          |   0|  0|   2|           1|           1|
    +-----------------+----------+----+---+----+------------+------------+

    * Multiplexer: 
    +----------------------------------------+------+-----------+-----+-----------+
    |                  Name                  |  LUT | Input Size| Bits| Total Bits|
    +----------------------------------------+------+-----------+-----+-----------+
    |ap_NS_fsm                               |  2693|        579|    1|        579|
    |ap_done                                 |     9|          2|    1|          2|
    |conv2d_64_padded_window_stream_16_read  |     9|          2|    1|          2|
    |in_channel_map_stream_16_write          |     9|          2|    1|          2|
    |weights_address0                        |  2693|        577|   10|       5770|
    +----------------------------------------+------+-----------+-----+-----------+
    |Total                                   |  5413|       1162|   14|       6355|
    +----------------------------------------+------+-----------+-----+-----------+

    * Register: 
    +-----------------------------------------------------------------------------------+-----+----+-----+-----------+
    |                                        Name                                       |  FF | LUT| Bits| Const Bits|
    +-----------------------------------------------------------------------------------+-----+----+-----+-----------+
    |ap_CS_fsm                                                                          |  578|   0|  578|          0|
    |ap_done_reg                                                                        |    1|   0|    1|          0|
    |grp_conv2d_sum_mc_float_14u_14u_3u_3u_64u_16_Pipeline_inputs_fu_6371_ap_start_reg  |    1|   0|    1|          0|
    |weights_load_13226_reg_6976                                                        |   32|   0|   32|          0|
    |weights_load_13227_reg_6986                                                        |   32|   0|   32|          0|
    |weights_load_13228_reg_6996                                                        |   32|   0|   32|          0|
    |weights_load_13229_reg_7006                                                        |   32|   0|   32|          0|
    |weights_load_13230_reg_7016                                                        |   32|   0|   32|          0|
    |weights_load_13231_reg_7026                                                        |   32|   0|   32|          0|
    |weights_load_13232_reg_7036                                                        |   32|   0|   32|          0|
    |weights_load_13233_reg_7046                                                        |   32|   0|   32|          0|
    |weights_load_13234_reg_7056                                                        |   32|   0|   32|          0|
    |weights_load_13235_reg_7066                                                        |   32|   0|   32|          0|
    |weights_load_13236_reg_7076                                                        |   32|   0|   32|          0|
    |weights_load_13237_reg_7086                                                        |   32|   0|   32|          0|
    |weights_load_13238_reg_7096                                                        |   32|   0|   32|          0|
    |weights_load_13239_reg_7106                                                        |   32|   0|   32|          0|
    |weights_load_13240_reg_7116                                                        |   32|   0|   32|          0|
    |weights_load_13241_reg_7126                                                        |   32|   0|   32|          0|
    |weights_load_13242_reg_7136                                                        |   32|   0|   32|          0|
    |weights_load_13243_reg_7146                                                        |   32|   0|   32|          0|
    |weights_load_13244_reg_7156                                                        |   32|   0|   32|          0|
    |weights_load_13245_reg_7166                                                        |   32|   0|   32|          0|
    |weights_load_13246_reg_7176                                                        |   32|   0|   32|          0|
    |weights_load_13247_reg_7186                                                        |   32|   0|   32|          0|
    |weights_load_13248_reg_7196                                                        |   32|   0|   32|          0|
    |weights_load_13249_reg_7206                                                        |   32|   0|   32|          0|
    |weights_load_13250_reg_7216                                                        |   32|   0|   32|          0|
    |weights_load_13251_reg_7226                                                        |   32|   0|   32|          0|
    |weights_load_13252_reg_7236                                                        |   32|   0|   32|          0|
    |weights_load_13253_reg_7246                                                        |   32|   0|   32|          0|
    |weights_load_13254_reg_7256                                                        |   32|   0|   32|          0|
    |weights_load_13255_reg_7266                                                        |   32|   0|   32|          0|
    |weights_load_13256_reg_7276                                                        |   32|   0|   32|          0|
    |weights_load_13257_reg_7286                                                        |   32|   0|   32|          0|
    |weights_load_13258_reg_7296                                                        |   32|   0|   32|          0|
    |weights_load_13259_reg_7306                                                        |   32|   0|   32|          0|
    |weights_load_13260_reg_7316                                                        |   32|   0|   32|          0|
    |weights_load_13261_reg_7326                                                        |   32|   0|   32|          0|
    |weights_load_13262_reg_7336                                                        |   32|   0|   32|          0|
    |weights_load_13263_reg_7346                                                        |   32|   0|   32|          0|
    |weights_load_13264_reg_7356                                                        |   32|   0|   32|          0|
    |weights_load_13265_reg_7366                                                        |   32|   0|   32|          0|
    |weights_load_13266_reg_7376                                                        |   32|   0|   32|          0|
    |weights_load_13267_reg_7386                                                        |   32|   0|   32|          0|
    |weights_load_13268_reg_7396                                                        |   32|   0|   32|          0|
    |weights_load_13269_reg_7406                                                        |   32|   0|   32|          0|
    |weights_load_13270_reg_7416                                                        |   32|   0|   32|          0|
    |weights_load_13271_reg_7426                                                        |   32|   0|   32|          0|
    |weights_load_13272_reg_7436                                                        |   32|   0|   32|          0|
    |weights_load_13273_reg_7446                                                        |   32|   0|   32|          0|
    |weights_load_13274_reg_7456                                                        |   32|   0|   32|          0|
    |weights_load_13275_reg_7466                                                        |   32|   0|   32|          0|
    |weights_load_13276_reg_7476                                                        |   32|   0|   32|          0|
    |weights_load_13277_reg_7486                                                        |   32|   0|   32|          0|
    |weights_load_13278_reg_7496                                                        |   32|   0|   32|          0|
    |weights_load_13279_reg_7506                                                        |   32|   0|   32|          0|
    |weights_load_13280_reg_7516                                                        |   32|   0|   32|          0|
    |weights_load_13281_reg_7526                                                        |   32|   0|   32|          0|
    |weights_load_13282_reg_7536                                                        |   32|   0|   32|          0|
    |weights_load_13283_reg_7546                                                        |   32|   0|   32|          0|
    |weights_load_13284_reg_7556                                                        |   32|   0|   32|          0|
    |weights_load_13285_reg_7566                                                        |   32|   0|   32|          0|
    |weights_load_13286_reg_7576                                                        |   32|   0|   32|          0|
    |weights_load_13287_reg_7586                                                        |   32|   0|   32|          0|
    |weights_load_13288_reg_7596                                                        |   32|   0|   32|          0|
    |weights_load_13289_reg_7606                                                        |   32|   0|   32|          0|
    |weights_load_13290_reg_7616                                                        |   32|   0|   32|          0|
    |weights_load_13291_reg_7626                                                        |   32|   0|   32|          0|
    |weights_load_13292_reg_7636                                                        |   32|   0|   32|          0|
    |weights_load_13293_reg_7646                                                        |   32|   0|   32|          0|
    |weights_load_13294_reg_7656                                                        |   32|   0|   32|          0|
    |weights_load_13295_reg_7666                                                        |   32|   0|   32|          0|
    |weights_load_13296_reg_7676                                                        |   32|   0|   32|          0|
    |weights_load_13297_reg_7686                                                        |   32|   0|   32|          0|
    |weights_load_13298_reg_7696                                                        |   32|   0|   32|          0|
    |weights_load_13299_reg_7706                                                        |   32|   0|   32|          0|
    |weights_load_13300_reg_7716                                                        |   32|   0|   32|          0|
    |weights_load_13301_reg_7726                                                        |   32|   0|   32|          0|
    |weights_load_13302_reg_7736                                                        |   32|   0|   32|          0|
    |weights_load_13303_reg_7746                                                        |   32|   0|   32|          0|
    |weights_load_13304_reg_7756                                                        |   32|   0|   32|          0|
    |weights_load_13305_reg_7766                                                        |   32|   0|   32|          0|
    |weights_load_13306_reg_7776                                                        |   32|   0|   32|          0|
    |weights_load_13307_reg_7786                                                        |   32|   0|   32|          0|
    |weights_load_13308_reg_7796                                                        |   32|   0|   32|          0|
    |weights_load_13309_reg_7806                                                        |   32|   0|   32|          0|
    |weights_load_13310_reg_7816                                                        |   32|   0|   32|          0|
    |weights_load_13311_reg_7826                                                        |   32|   0|   32|          0|
    |weights_load_13312_reg_7836                                                        |   32|   0|   32|          0|
    |weights_load_13313_reg_7846                                                        |   32|   0|   32|          0|
    |weights_load_13314_reg_7856                                                        |   32|   0|   32|          0|
    |weights_load_13315_reg_7866                                                        |   32|   0|   32|          0|
    |weights_load_13316_reg_7876                                                        |   32|   0|   32|          0|
    |weights_load_13317_reg_7886                                                        |   32|   0|   32|          0|
    |weights_load_13318_reg_7896                                                        |   32|   0|   32|          0|
    |weights_load_13319_reg_7906                                                        |   32|   0|   32|          0|
    |weights_load_13320_reg_7916                                                        |   32|   0|   32|          0|
    |weights_load_13321_reg_7926                                                        |   32|   0|   32|          0|
    |weights_load_13322_reg_7936                                                        |   32|   0|   32|          0|
    |weights_load_13323_reg_7946                                                        |   32|   0|   32|          0|
    |weights_load_13324_reg_7956                                                        |   32|   0|   32|          0|
    |weights_load_13325_reg_7966                                                        |   32|   0|   32|          0|
    |weights_load_13326_reg_7976                                                        |   32|   0|   32|          0|
    |weights_load_13327_reg_7986                                                        |   32|   0|   32|          0|
    |weights_load_13328_reg_7996                                                        |   32|   0|   32|          0|
    |weights_load_13329_reg_8006                                                        |   32|   0|   32|          0|
    |weights_load_13330_reg_8016                                                        |   32|   0|   32|          0|
    |weights_load_13331_reg_8026                                                        |   32|   0|   32|          0|
    |weights_load_13332_reg_8036                                                        |   32|   0|   32|          0|
    |weights_load_13333_reg_8046                                                        |   32|   0|   32|          0|
    |weights_load_13334_reg_8056                                                        |   32|   0|   32|          0|
    |weights_load_13335_reg_8066                                                        |   32|   0|   32|          0|
    |weights_load_13336_reg_8076                                                        |   32|   0|   32|          0|
    |weights_load_13337_reg_8086                                                        |   32|   0|   32|          0|
    |weights_load_13338_reg_8096                                                        |   32|   0|   32|          0|
    |weights_load_13339_reg_8106                                                        |   32|   0|   32|          0|
    |weights_load_13340_reg_8116                                                        |   32|   0|   32|          0|
    |weights_load_13341_reg_8126                                                        |   32|   0|   32|          0|
    |weights_load_13342_reg_8136                                                        |   32|   0|   32|          0|
    |weights_load_13343_reg_8146                                                        |   32|   0|   32|          0|
    |weights_load_13344_reg_8156                                                        |   32|   0|   32|          0|
    |weights_load_13345_reg_8166                                                        |   32|   0|   32|          0|
    |weights_load_13346_reg_8176                                                        |   32|   0|   32|          0|
    |weights_load_13347_reg_8186                                                        |   32|   0|   32|          0|
    |weights_load_13348_reg_8196                                                        |   32|   0|   32|          0|
    |weights_load_13349_reg_8206                                                        |   32|   0|   32|          0|
    |weights_load_13350_reg_8216                                                        |   32|   0|   32|          0|
    |weights_load_13351_reg_8226                                                        |   32|   0|   32|          0|
    |weights_load_13352_reg_8236                                                        |   32|   0|   32|          0|
    |weights_load_13353_reg_8246                                                        |   32|   0|   32|          0|
    |weights_load_13354_reg_8256                                                        |   32|   0|   32|          0|
    |weights_load_13355_reg_8266                                                        |   32|   0|   32|          0|
    |weights_load_13356_reg_8276                                                        |   32|   0|   32|          0|
    |weights_load_13357_reg_8286                                                        |   32|   0|   32|          0|
    |weights_load_13358_reg_8296                                                        |   32|   0|   32|          0|
    |weights_load_13359_reg_8306                                                        |   32|   0|   32|          0|
    |weights_load_13360_reg_8316                                                        |   32|   0|   32|          0|
    |weights_load_13361_reg_8326                                                        |   32|   0|   32|          0|
    |weights_load_13362_reg_8336                                                        |   32|   0|   32|          0|
    |weights_load_13363_reg_8346                                                        |   32|   0|   32|          0|
    |weights_load_13364_reg_8356                                                        |   32|   0|   32|          0|
    |weights_load_13365_reg_8366                                                        |   32|   0|   32|          0|
    |weights_load_13366_reg_8376                                                        |   32|   0|   32|          0|
    |weights_load_13367_reg_8386                                                        |   32|   0|   32|          0|
    |weights_load_13368_reg_8396                                                        |   32|   0|   32|          0|
    |weights_load_13369_reg_8406                                                        |   32|   0|   32|          0|
    |weights_load_13370_reg_8416                                                        |   32|   0|   32|          0|
    |weights_load_13371_reg_8426                                                        |   32|   0|   32|          0|
    |weights_load_13372_reg_8436                                                        |   32|   0|   32|          0|
    |weights_load_13373_reg_8446                                                        |   32|   0|   32|          0|
    |weights_load_13374_reg_8456                                                        |   32|   0|   32|          0|
    |weights_load_13375_reg_8466                                                        |   32|   0|   32|          0|
    |weights_load_13376_reg_8476                                                        |   32|   0|   32|          0|
    |weights_load_13377_reg_8486                                                        |   32|   0|   32|          0|
    |weights_load_13378_reg_8496                                                        |   32|   0|   32|          0|
    |weights_load_13379_reg_8506                                                        |   32|   0|   32|          0|
    |weights_load_13380_reg_8516                                                        |   32|   0|   32|          0|
    |weights_load_13381_reg_8526                                                        |   32|   0|   32|          0|
    |weights_load_13382_reg_8536                                                        |   32|   0|   32|          0|
    |weights_load_13383_reg_8546                                                        |   32|   0|   32|          0|
    |weights_load_13384_reg_8556                                                        |   32|   0|   32|          0|
    |weights_load_13385_reg_8566                                                        |   32|   0|   32|          0|
    |weights_load_13386_reg_8576                                                        |   32|   0|   32|          0|
    |weights_load_13387_reg_8586                                                        |   32|   0|   32|          0|
    |weights_load_13388_reg_8596                                                        |   32|   0|   32|          0|
    |weights_load_13389_reg_8606                                                        |   32|   0|   32|          0|
    |weights_load_13390_reg_8616                                                        |   32|   0|   32|          0|
    |weights_load_13391_reg_8626                                                        |   32|   0|   32|          0|
    |weights_load_13392_reg_8636                                                        |   32|   0|   32|          0|
    |weights_load_13393_reg_8646                                                        |   32|   0|   32|          0|
    |weights_load_13394_reg_8656                                                        |   32|   0|   32|          0|
    |weights_load_13395_reg_8666                                                        |   32|   0|   32|          0|
    |weights_load_13396_reg_8676                                                        |   32|   0|   32|          0|
    |weights_load_13397_reg_8686                                                        |   32|   0|   32|          0|
    |weights_load_13398_reg_8696                                                        |   32|   0|   32|          0|
    |weights_load_13399_reg_8706                                                        |   32|   0|   32|          0|
    |weights_load_13400_reg_8716                                                        |   32|   0|   32|          0|
    |weights_load_13401_reg_8726                                                        |   32|   0|   32|          0|
    |weights_load_13402_reg_8736                                                        |   32|   0|   32|          0|
    |weights_load_13403_reg_8746                                                        |   32|   0|   32|          0|
    |weights_load_13404_reg_8756                                                        |   32|   0|   32|          0|
    |weights_load_13405_reg_8766                                                        |   32|   0|   32|          0|
    |weights_load_13406_reg_8776                                                        |   32|   0|   32|          0|
    |weights_load_13407_reg_8786                                                        |   32|   0|   32|          0|
    |weights_load_13408_reg_8796                                                        |   32|   0|   32|          0|
    |weights_load_13409_reg_8806                                                        |   32|   0|   32|          0|
    |weights_load_13410_reg_8816                                                        |   32|   0|   32|          0|
    |weights_load_13411_reg_8826                                                        |   32|   0|   32|          0|
    |weights_load_13412_reg_8836                                                        |   32|   0|   32|          0|
    |weights_load_13413_reg_8846                                                        |   32|   0|   32|          0|
    |weights_load_13414_reg_8856                                                        |   32|   0|   32|          0|
    |weights_load_13415_reg_8866                                                        |   32|   0|   32|          0|
    |weights_load_13416_reg_8876                                                        |   32|   0|   32|          0|
    |weights_load_13417_reg_8886                                                        |   32|   0|   32|          0|
    |weights_load_13418_reg_8896                                                        |   32|   0|   32|          0|
    |weights_load_13419_reg_8906                                                        |   32|   0|   32|          0|
    |weights_load_13420_reg_8916                                                        |   32|   0|   32|          0|
    |weights_load_13421_reg_8926                                                        |   32|   0|   32|          0|
    |weights_load_13422_reg_8936                                                        |   32|   0|   32|          0|
    |weights_load_13423_reg_8946                                                        |   32|   0|   32|          0|
    |weights_load_13424_reg_8956                                                        |   32|   0|   32|          0|
    |weights_load_13425_reg_8966                                                        |   32|   0|   32|          0|
    |weights_load_13426_reg_8976                                                        |   32|   0|   32|          0|
    |weights_load_13427_reg_8986                                                        |   32|   0|   32|          0|
    |weights_load_13428_reg_8996                                                        |   32|   0|   32|          0|
    |weights_load_13429_reg_9006                                                        |   32|   0|   32|          0|
    |weights_load_13430_reg_9016                                                        |   32|   0|   32|          0|
    |weights_load_13431_reg_9026                                                        |   32|   0|   32|          0|
    |weights_load_13432_reg_9036                                                        |   32|   0|   32|          0|
    |weights_load_13433_reg_9046                                                        |   32|   0|   32|          0|
    |weights_load_13434_reg_9056                                                        |   32|   0|   32|          0|
    |weights_load_13435_reg_9066                                                        |   32|   0|   32|          0|
    |weights_load_13436_reg_9076                                                        |   32|   0|   32|          0|
    |weights_load_13437_reg_9086                                                        |   32|   0|   32|          0|
    |weights_load_13438_reg_9096                                                        |   32|   0|   32|          0|
    |weights_load_13439_reg_9106                                                        |   32|   0|   32|          0|
    |weights_load_13440_reg_9116                                                        |   32|   0|   32|          0|
    |weights_load_13441_reg_9126                                                        |   32|   0|   32|          0|
    |weights_load_13442_reg_9136                                                        |   32|   0|   32|          0|
    |weights_load_13443_reg_9146                                                        |   32|   0|   32|          0|
    |weights_load_13444_reg_9156                                                        |   32|   0|   32|          0|
    |weights_load_13445_reg_9166                                                        |   32|   0|   32|          0|
    |weights_load_13446_reg_9176                                                        |   32|   0|   32|          0|
    |weights_load_13447_reg_9186                                                        |   32|   0|   32|          0|
    |weights_load_13448_reg_9196                                                        |   32|   0|   32|          0|
    |weights_load_13449_reg_9206                                                        |   32|   0|   32|          0|
    |weights_load_13450_reg_9216                                                        |   32|   0|   32|          0|
    |weights_load_13451_reg_9226                                                        |   32|   0|   32|          0|
    |weights_load_13452_reg_9236                                                        |   32|   0|   32|          0|
    |weights_load_13453_reg_9246                                                        |   32|   0|   32|          0|
    |weights_load_13454_reg_9256                                                        |   32|   0|   32|          0|
    |weights_load_13455_reg_9266                                                        |   32|   0|   32|          0|
    |weights_load_13456_reg_9276                                                        |   32|   0|   32|          0|
    |weights_load_13457_reg_9286                                                        |   32|   0|   32|          0|
    |weights_load_13458_reg_9296                                                        |   32|   0|   32|          0|
    |weights_load_13459_reg_9306                                                        |   32|   0|   32|          0|
    |weights_load_13460_reg_9316                                                        |   32|   0|   32|          0|
    |weights_load_13461_reg_9326                                                        |   32|   0|   32|          0|
    |weights_load_13462_reg_9336                                                        |   32|   0|   32|          0|
    |weights_load_13463_reg_9346                                                        |   32|   0|   32|          0|
    |weights_load_13464_reg_9356                                                        |   32|   0|   32|          0|
    |weights_load_13465_reg_9366                                                        |   32|   0|   32|          0|
    |weights_load_13466_reg_9376                                                        |   32|   0|   32|          0|
    |weights_load_13467_reg_9386                                                        |   32|   0|   32|          0|
    |weights_load_13468_reg_9396                                                        |   32|   0|   32|          0|
    |weights_load_13469_reg_9406                                                        |   32|   0|   32|          0|
    |weights_load_13470_reg_9416                                                        |   32|   0|   32|          0|
    |weights_load_13471_reg_9426                                                        |   32|   0|   32|          0|
    |weights_load_13472_reg_9436                                                        |   32|   0|   32|          0|
    |weights_load_13473_reg_9446                                                        |   32|   0|   32|          0|
    |weights_load_13474_reg_9456                                                        |   32|   0|   32|          0|
    |weights_load_13475_reg_9466                                                        |   32|   0|   32|          0|
    |weights_load_13476_reg_9476                                                        |   32|   0|   32|          0|
    |weights_load_13477_reg_9486                                                        |   32|   0|   32|          0|
    |weights_load_13478_reg_9496                                                        |   32|   0|   32|          0|
    |weights_load_13479_reg_9506                                                        |   32|   0|   32|          0|
    |weights_load_13480_reg_9516                                                        |   32|   0|   32|          0|
    |weights_load_13481_reg_9526                                                        |   32|   0|   32|          0|
    |weights_load_13482_reg_9536                                                        |   32|   0|   32|          0|
    |weights_load_13483_reg_9546                                                        |   32|   0|   32|          0|
    |weights_load_13484_reg_9556                                                        |   32|   0|   32|          0|
    |weights_load_13485_reg_9566                                                        |   32|   0|   32|          0|
    |weights_load_13486_reg_9576                                                        |   32|   0|   32|          0|
    |weights_load_13487_reg_9586                                                        |   32|   0|   32|          0|
    |weights_load_13488_reg_9596                                                        |   32|   0|   32|          0|
    |weights_load_13489_reg_9606                                                        |   32|   0|   32|          0|
    |weights_load_13490_reg_9616                                                        |   32|   0|   32|          0|
    |weights_load_13491_reg_9626                                                        |   32|   0|   32|          0|
    |weights_load_13492_reg_9636                                                        |   32|   0|   32|          0|
    |weights_load_13493_reg_9646                                                        |   32|   0|   32|          0|
    |weights_load_13494_reg_9656                                                        |   32|   0|   32|          0|
    |weights_load_13495_reg_9666                                                        |   32|   0|   32|          0|
    |weights_load_13496_reg_9676                                                        |   32|   0|   32|          0|
    |weights_load_13497_reg_9686                                                        |   32|   0|   32|          0|
    |weights_load_13498_reg_9696                                                        |   32|   0|   32|          0|
    |weights_load_13499_reg_9706                                                        |   32|   0|   32|          0|
    |weights_load_13500_reg_9716                                                        |   32|   0|   32|          0|
    |weights_load_13501_reg_9726                                                        |   32|   0|   32|          0|
    |weights_load_13502_reg_9736                                                        |   32|   0|   32|          0|
    |weights_load_13503_reg_9746                                                        |   32|   0|   32|          0|
    |weights_load_13504_reg_9756                                                        |   32|   0|   32|          0|
    |weights_load_13505_reg_9766                                                        |   32|   0|   32|          0|
    |weights_load_13506_reg_9776                                                        |   32|   0|   32|          0|
    |weights_load_13507_reg_9786                                                        |   32|   0|   32|          0|
    |weights_load_13508_reg_9796                                                        |   32|   0|   32|          0|
    |weights_load_13509_reg_9806                                                        |   32|   0|   32|          0|
    |weights_load_13510_reg_9816                                                        |   32|   0|   32|          0|
    |weights_load_13511_reg_9826                                                        |   32|   0|   32|          0|
    |weights_load_13512_reg_9836                                                        |   32|   0|   32|          0|
    |weights_load_13513_reg_9846                                                        |   32|   0|   32|          0|
    |weights_load_13514_reg_9856                                                        |   32|   0|   32|          0|
    |weights_load_13515_reg_9866                                                        |   32|   0|   32|          0|
    |weights_load_13516_reg_9876                                                        |   32|   0|   32|          0|
    |weights_load_13517_reg_9886                                                        |   32|   0|   32|          0|
    |weights_load_13518_reg_9896                                                        |   32|   0|   32|          0|
    |weights_load_13519_reg_9906                                                        |   32|   0|   32|          0|
    |weights_load_13520_reg_9916                                                        |   32|   0|   32|          0|
    |weights_load_13521_reg_9926                                                        |   32|   0|   32|          0|
    |weights_load_13522_reg_9936                                                        |   32|   0|   32|          0|
    |weights_load_13523_reg_9946                                                        |   32|   0|   32|          0|
    |weights_load_13524_reg_9956                                                        |   32|   0|   32|          0|
    |weights_load_13525_reg_9966                                                        |   32|   0|   32|          0|
    |weights_load_13526_reg_9976                                                        |   32|   0|   32|          0|
    |weights_load_13527_reg_9986                                                        |   32|   0|   32|          0|
    |weights_load_13528_reg_9996                                                        |   32|   0|   32|          0|
    |weights_load_13529_reg_10006                                                       |   32|   0|   32|          0|
    |weights_load_13530_reg_10016                                                       |   32|   0|   32|          0|
    |weights_load_13531_reg_10026                                                       |   32|   0|   32|          0|
    |weights_load_13532_reg_10036                                                       |   32|   0|   32|          0|
    |weights_load_13533_reg_10046                                                       |   32|   0|   32|          0|
    |weights_load_13534_reg_10056                                                       |   32|   0|   32|          0|
    |weights_load_13535_reg_10066                                                       |   32|   0|   32|          0|
    |weights_load_13536_reg_10076                                                       |   32|   0|   32|          0|
    |weights_load_13537_reg_10086                                                       |   32|   0|   32|          0|
    |weights_load_13538_reg_10096                                                       |   32|   0|   32|          0|
    |weights_load_13539_reg_10106                                                       |   32|   0|   32|          0|
    |weights_load_13540_reg_10116                                                       |   32|   0|   32|          0|
    |weights_load_13541_reg_10126                                                       |   32|   0|   32|          0|
    |weights_load_13542_reg_10136                                                       |   32|   0|   32|          0|
    |weights_load_13543_reg_10146                                                       |   32|   0|   32|          0|
    |weights_load_13544_reg_10156                                                       |   32|   0|   32|          0|
    |weights_load_13545_reg_10166                                                       |   32|   0|   32|          0|
    |weights_load_13546_reg_10176                                                       |   32|   0|   32|          0|
    |weights_load_13547_reg_10186                                                       |   32|   0|   32|          0|
    |weights_load_13548_reg_10196                                                       |   32|   0|   32|          0|
    |weights_load_13549_reg_10206                                                       |   32|   0|   32|          0|
    |weights_load_13550_reg_10216                                                       |   32|   0|   32|          0|
    |weights_load_13551_reg_10226                                                       |   32|   0|   32|          0|
    |weights_load_13552_reg_10236                                                       |   32|   0|   32|          0|
    |weights_load_13553_reg_10246                                                       |   32|   0|   32|          0|
    |weights_load_13554_reg_10256                                                       |   32|   0|   32|          0|
    |weights_load_13555_reg_10266                                                       |   32|   0|   32|          0|
    |weights_load_13556_reg_10276                                                       |   32|   0|   32|          0|
    |weights_load_13557_reg_10286                                                       |   32|   0|   32|          0|
    |weights_load_13558_reg_10296                                                       |   32|   0|   32|          0|
    |weights_load_13559_reg_10306                                                       |   32|   0|   32|          0|
    |weights_load_13560_reg_10316                                                       |   32|   0|   32|          0|
    |weights_load_13561_reg_10326                                                       |   32|   0|   32|          0|
    |weights_load_13562_reg_10336                                                       |   32|   0|   32|          0|
    |weights_load_13563_reg_10346                                                       |   32|   0|   32|          0|
    |weights_load_13564_reg_10356                                                       |   32|   0|   32|          0|
    |weights_load_13565_reg_10366                                                       |   32|   0|   32|          0|
    |weights_load_13566_reg_10376                                                       |   32|   0|   32|          0|
    |weights_load_13567_reg_10386                                                       |   32|   0|   32|          0|
    |weights_load_13568_reg_10396                                                       |   32|   0|   32|          0|
    |weights_load_13569_reg_10406                                                       |   32|   0|   32|          0|
    |weights_load_13570_reg_10416                                                       |   32|   0|   32|          0|
    |weights_load_13571_reg_10426                                                       |   32|   0|   32|          0|
    |weights_load_13572_reg_10436                                                       |   32|   0|   32|          0|
    |weights_load_13573_reg_10446                                                       |   32|   0|   32|          0|
    |weights_load_13574_reg_10456                                                       |   32|   0|   32|          0|
    |weights_load_13575_reg_10466                                                       |   32|   0|   32|          0|
    |weights_load_13576_reg_10476                                                       |   32|   0|   32|          0|
    |weights_load_13577_reg_10486                                                       |   32|   0|   32|          0|
    |weights_load_13578_reg_10496                                                       |   32|   0|   32|          0|
    |weights_load_13579_reg_10506                                                       |   32|   0|   32|          0|
    |weights_load_13580_reg_10516                                                       |   32|   0|   32|          0|
    |weights_load_13581_reg_10526                                                       |   32|   0|   32|          0|
    |weights_load_13582_reg_10536                                                       |   32|   0|   32|          0|
    |weights_load_13583_reg_10546                                                       |   32|   0|   32|          0|
    |weights_load_13584_reg_10556                                                       |   32|   0|   32|          0|
    |weights_load_13585_reg_10566                                                       |   32|   0|   32|          0|
    |weights_load_13586_reg_10576                                                       |   32|   0|   32|          0|
    |weights_load_13587_reg_10586                                                       |   32|   0|   32|          0|
    |weights_load_13588_reg_10596                                                       |   32|   0|   32|          0|
    |weights_load_13589_reg_10606                                                       |   32|   0|   32|          0|
    |weights_load_13590_reg_10616                                                       |   32|   0|   32|          0|
    |weights_load_13591_reg_10626                                                       |   32|   0|   32|          0|
    |weights_load_13592_reg_10636                                                       |   32|   0|   32|          0|
    |weights_load_13593_reg_10646                                                       |   32|   0|   32|          0|
    |weights_load_13594_reg_10656                                                       |   32|   0|   32|          0|
    |weights_load_13595_reg_10666                                                       |   32|   0|   32|          0|
    |weights_load_13596_reg_10676                                                       |   32|   0|   32|          0|
    |weights_load_13597_reg_10686                                                       |   32|   0|   32|          0|
    |weights_load_13598_reg_10696                                                       |   32|   0|   32|          0|
    |weights_load_13599_reg_10706                                                       |   32|   0|   32|          0|
    |weights_load_13600_reg_10716                                                       |   32|   0|   32|          0|
    |weights_load_13601_reg_10726                                                       |   32|   0|   32|          0|
    |weights_load_13602_reg_10736                                                       |   32|   0|   32|          0|
    |weights_load_13603_reg_10746                                                       |   32|   0|   32|          0|
    |weights_load_13604_reg_10756                                                       |   32|   0|   32|          0|
    |weights_load_13605_reg_10766                                                       |   32|   0|   32|          0|
    |weights_load_13606_reg_10776                                                       |   32|   0|   32|          0|
    |weights_load_13607_reg_10786                                                       |   32|   0|   32|          0|
    |weights_load_13608_reg_10796                                                       |   32|   0|   32|          0|
    |weights_load_13609_reg_10806                                                       |   32|   0|   32|          0|
    |weights_load_13610_reg_10816                                                       |   32|   0|   32|          0|
    |weights_load_13611_reg_10826                                                       |   32|   0|   32|          0|
    |weights_load_13612_reg_10836                                                       |   32|   0|   32|          0|
    |weights_load_13613_reg_10846                                                       |   32|   0|   32|          0|
    |weights_load_13614_reg_10856                                                       |   32|   0|   32|          0|
    |weights_load_13615_reg_10866                                                       |   32|   0|   32|          0|
    |weights_load_13616_reg_10876                                                       |   32|   0|   32|          0|
    |weights_load_13617_reg_10886                                                       |   32|   0|   32|          0|
    |weights_load_13618_reg_10896                                                       |   32|   0|   32|          0|
    |weights_load_13619_reg_10906                                                       |   32|   0|   32|          0|
    |weights_load_13620_reg_10916                                                       |   32|   0|   32|          0|
    |weights_load_13621_reg_10926                                                       |   32|   0|   32|          0|
    |weights_load_13622_reg_10936                                                       |   32|   0|   32|          0|
    |weights_load_13623_reg_10946                                                       |   32|   0|   32|          0|
    |weights_load_13624_reg_10956                                                       |   32|   0|   32|          0|
    |weights_load_13625_reg_10966                                                       |   32|   0|   32|          0|
    |weights_load_13626_reg_10976                                                       |   32|   0|   32|          0|
    |weights_load_13627_reg_10986                                                       |   32|   0|   32|          0|
    |weights_load_13628_reg_10996                                                       |   32|   0|   32|          0|
    |weights_load_13629_reg_11006                                                       |   32|   0|   32|          0|
    |weights_load_13630_reg_11016                                                       |   32|   0|   32|          0|
    |weights_load_13631_reg_11026                                                       |   32|   0|   32|          0|
    |weights_load_13632_reg_11036                                                       |   32|   0|   32|          0|
    |weights_load_13633_reg_11046                                                       |   32|   0|   32|          0|
    |weights_load_13634_reg_11056                                                       |   32|   0|   32|          0|
    |weights_load_13635_reg_11066                                                       |   32|   0|   32|          0|
    |weights_load_13636_reg_11076                                                       |   32|   0|   32|          0|
    |weights_load_13637_reg_11086                                                       |   32|   0|   32|          0|
    |weights_load_13638_reg_11096                                                       |   32|   0|   32|          0|
    |weights_load_13639_reg_11106                                                       |   32|   0|   32|          0|
    |weights_load_13640_reg_11116                                                       |   32|   0|   32|          0|
    |weights_load_13641_reg_11126                                                       |   32|   0|   32|          0|
    |weights_load_13642_reg_11136                                                       |   32|   0|   32|          0|
    |weights_load_13643_reg_11146                                                       |   32|   0|   32|          0|
    |weights_load_13644_reg_11156                                                       |   32|   0|   32|          0|
    |weights_load_13645_reg_11166                                                       |   32|   0|   32|          0|
    |weights_load_13646_reg_11176                                                       |   32|   0|   32|          0|
    |weights_load_13647_reg_11186                                                       |   32|   0|   32|          0|
    |weights_load_13648_reg_11196                                                       |   32|   0|   32|          0|
    |weights_load_13649_reg_11206                                                       |   32|   0|   32|          0|
    |weights_load_13650_reg_11216                                                       |   32|   0|   32|          0|
    |weights_load_13651_reg_11226                                                       |   32|   0|   32|          0|
    |weights_load_13652_reg_11236                                                       |   32|   0|   32|          0|
    |weights_load_13653_reg_11246                                                       |   32|   0|   32|          0|
    |weights_load_13654_reg_11256                                                       |   32|   0|   32|          0|
    |weights_load_13655_reg_11266                                                       |   32|   0|   32|          0|
    |weights_load_13656_reg_11276                                                       |   32|   0|   32|          0|
    |weights_load_13657_reg_11286                                                       |   32|   0|   32|          0|
    |weights_load_13658_reg_11296                                                       |   32|   0|   32|          0|
    |weights_load_13659_reg_11306                                                       |   32|   0|   32|          0|
    |weights_load_13660_reg_11316                                                       |   32|   0|   32|          0|
    |weights_load_13661_reg_11326                                                       |   32|   0|   32|          0|
    |weights_load_13662_reg_11336                                                       |   32|   0|   32|          0|
    |weights_load_13663_reg_11346                                                       |   32|   0|   32|          0|
    |weights_load_13664_reg_11356                                                       |   32|   0|   32|          0|
    |weights_load_13665_reg_11366                                                       |   32|   0|   32|          0|
    |weights_load_13666_reg_11376                                                       |   32|   0|   32|          0|
    |weights_load_13667_reg_11386                                                       |   32|   0|   32|          0|
    |weights_load_13668_reg_11396                                                       |   32|   0|   32|          0|
    |weights_load_13669_reg_11406                                                       |   32|   0|   32|          0|
    |weights_load_13670_reg_11416                                                       |   32|   0|   32|          0|
    |weights_load_13671_reg_11426                                                       |   32|   0|   32|          0|
    |weights_load_13672_reg_11436                                                       |   32|   0|   32|          0|
    |weights_load_13673_reg_11446                                                       |   32|   0|   32|          0|
    |weights_load_13674_reg_11456                                                       |   32|   0|   32|          0|
    |weights_load_13675_reg_11466                                                       |   32|   0|   32|          0|
    |weights_load_13676_reg_11476                                                       |   32|   0|   32|          0|
    |weights_load_13677_reg_11486                                                       |   32|   0|   32|          0|
    |weights_load_13678_reg_11496                                                       |   32|   0|   32|          0|
    |weights_load_13679_reg_11506                                                       |   32|   0|   32|          0|
    |weights_load_13680_reg_11516                                                       |   32|   0|   32|          0|
    |weights_load_13681_reg_11526                                                       |   32|   0|   32|          0|
    |weights_load_13682_reg_11536                                                       |   32|   0|   32|          0|
    |weights_load_13683_reg_11546                                                       |   32|   0|   32|          0|
    |weights_load_13684_reg_11556                                                       |   32|   0|   32|          0|
    |weights_load_13685_reg_11566                                                       |   32|   0|   32|          0|
    |weights_load_13686_reg_11576                                                       |   32|   0|   32|          0|
    |weights_load_13687_reg_11586                                                       |   32|   0|   32|          0|
    |weights_load_13688_reg_11596                                                       |   32|   0|   32|          0|
    |weights_load_13689_reg_11606                                                       |   32|   0|   32|          0|
    |weights_load_13690_reg_11616                                                       |   32|   0|   32|          0|
    |weights_load_13691_reg_11626                                                       |   32|   0|   32|          0|
    |weights_load_13692_reg_11636                                                       |   32|   0|   32|          0|
    |weights_load_13693_reg_11646                                                       |   32|   0|   32|          0|
    |weights_load_13694_reg_11656                                                       |   32|   0|   32|          0|
    |weights_load_13695_reg_11666                                                       |   32|   0|   32|          0|
    |weights_load_13696_reg_11676                                                       |   32|   0|   32|          0|
    |weights_load_13697_reg_11686                                                       |   32|   0|   32|          0|
    |weights_load_13698_reg_11696                                                       |   32|   0|   32|          0|
    |weights_load_13699_reg_11706                                                       |   32|   0|   32|          0|
    |weights_load_13700_reg_11716                                                       |   32|   0|   32|          0|
    |weights_load_13701_reg_11726                                                       |   32|   0|   32|          0|
    |weights_load_13702_reg_11736                                                       |   32|   0|   32|          0|
    |weights_load_13703_reg_11746                                                       |   32|   0|   32|          0|
    |weights_load_13704_reg_11756                                                       |   32|   0|   32|          0|
    |weights_load_13705_reg_11766                                                       |   32|   0|   32|          0|
    |weights_load_13706_reg_11776                                                       |   32|   0|   32|          0|
    |weights_load_13707_reg_11786                                                       |   32|   0|   32|          0|
    |weights_load_13708_reg_11796                                                       |   32|   0|   32|          0|
    |weights_load_13709_reg_11806                                                       |   32|   0|   32|          0|
    |weights_load_13710_reg_11816                                                       |   32|   0|   32|          0|
    |weights_load_13711_reg_11826                                                       |   32|   0|   32|          0|
    |weights_load_13712_reg_11836                                                       |   32|   0|   32|          0|
    |weights_load_13713_reg_11846                                                       |   32|   0|   32|          0|
    |weights_load_13714_reg_11856                                                       |   32|   0|   32|          0|
    |weights_load_13715_reg_11866                                                       |   32|   0|   32|          0|
    |weights_load_13716_reg_11876                                                       |   32|   0|   32|          0|
    |weights_load_13717_reg_11886                                                       |   32|   0|   32|          0|
    |weights_load_13718_reg_11896                                                       |   32|   0|   32|          0|
    |weights_load_13719_reg_11906                                                       |   32|   0|   32|          0|
    |weights_load_13720_reg_11916                                                       |   32|   0|   32|          0|
    |weights_load_13721_reg_11926                                                       |   32|   0|   32|          0|
    |weights_load_13722_reg_11936                                                       |   32|   0|   32|          0|
    |weights_load_13723_reg_11946                                                       |   32|   0|   32|          0|
    |weights_load_13724_reg_11956                                                       |   32|   0|   32|          0|
    |weights_load_13725_reg_11966                                                       |   32|   0|   32|          0|
    |weights_load_13726_reg_11976                                                       |   32|   0|   32|          0|
    |weights_load_13727_reg_11986                                                       |   32|   0|   32|          0|
    |weights_load_13728_reg_11996                                                       |   32|   0|   32|          0|
    |weights_load_13729_reg_12006                                                       |   32|   0|   32|          0|
    |weights_load_13730_reg_12016                                                       |   32|   0|   32|          0|
    |weights_load_13731_reg_12026                                                       |   32|   0|   32|          0|
    |weights_load_13732_reg_12036                                                       |   32|   0|   32|          0|
    |weights_load_13733_reg_12046                                                       |   32|   0|   32|          0|
    |weights_load_13734_reg_12056                                                       |   32|   0|   32|          0|
    |weights_load_13735_reg_12066                                                       |   32|   0|   32|          0|
    |weights_load_13736_reg_12076                                                       |   32|   0|   32|          0|
    |weights_load_13737_reg_12086                                                       |   32|   0|   32|          0|
    |weights_load_13738_reg_12096                                                       |   32|   0|   32|          0|
    |weights_load_13739_reg_12106                                                       |   32|   0|   32|          0|
    |weights_load_13740_reg_12116                                                       |   32|   0|   32|          0|
    |weights_load_13741_reg_12126                                                       |   32|   0|   32|          0|
    |weights_load_13742_reg_12136                                                       |   32|   0|   32|          0|
    |weights_load_13743_reg_12146                                                       |   32|   0|   32|          0|
    |weights_load_13744_reg_12156                                                       |   32|   0|   32|          0|
    |weights_load_13745_reg_12166                                                       |   32|   0|   32|          0|
    |weights_load_13746_reg_12176                                                       |   32|   0|   32|          0|
    |weights_load_13747_reg_12186                                                       |   32|   0|   32|          0|
    |weights_load_13748_reg_12196                                                       |   32|   0|   32|          0|
    |weights_load_13749_reg_12206                                                       |   32|   0|   32|          0|
    |weights_load_13750_reg_12216                                                       |   32|   0|   32|          0|
    |weights_load_13751_reg_12226                                                       |   32|   0|   32|          0|
    |weights_load_13752_reg_12236                                                       |   32|   0|   32|          0|
    |weights_load_13753_reg_12246                                                       |   32|   0|   32|          0|
    |weights_load_13754_reg_12256                                                       |   32|   0|   32|          0|
    |weights_load_13755_reg_12266                                                       |   32|   0|   32|          0|
    |weights_load_13756_reg_12276                                                       |   32|   0|   32|          0|
    |weights_load_13757_reg_12286                                                       |   32|   0|   32|          0|
    |weights_load_13758_reg_12296                                                       |   32|   0|   32|          0|
    |weights_load_13759_reg_12306                                                       |   32|   0|   32|          0|
    |weights_load_13760_reg_12316                                                       |   32|   0|   32|          0|
    |weights_load_13761_reg_12326                                                       |   32|   0|   32|          0|
    |weights_load_13762_reg_12336                                                       |   32|   0|   32|          0|
    |weights_load_13763_reg_12346                                                       |   32|   0|   32|          0|
    |weights_load_13764_reg_12356                                                       |   32|   0|   32|          0|
    |weights_load_13765_reg_12366                                                       |   32|   0|   32|          0|
    |weights_load_13766_reg_12376                                                       |   32|   0|   32|          0|
    |weights_load_13767_reg_12386                                                       |   32|   0|   32|          0|
    |weights_load_13768_reg_12396                                                       |   32|   0|   32|          0|
    |weights_load_13769_reg_12406                                                       |   32|   0|   32|          0|
    |weights_load_13770_reg_12416                                                       |   32|   0|   32|          0|
    |weights_load_13771_reg_12426                                                       |   32|   0|   32|          0|
    |weights_load_13772_reg_12436                                                       |   32|   0|   32|          0|
    |weights_load_13773_reg_12446                                                       |   32|   0|   32|          0|
    |weights_load_13774_reg_12456                                                       |   32|   0|   32|          0|
    |weights_load_13775_reg_12466                                                       |   32|   0|   32|          0|
    |weights_load_13776_reg_12476                                                       |   32|   0|   32|          0|
    |weights_load_13777_reg_12486                                                       |   32|   0|   32|          0|
    |weights_load_13778_reg_12496                                                       |   32|   0|   32|          0|
    |weights_load_13779_reg_12506                                                       |   32|   0|   32|          0|
    |weights_load_13780_reg_12516                                                       |   32|   0|   32|          0|
    |weights_load_13781_reg_12526                                                       |   32|   0|   32|          0|
    |weights_load_13782_reg_12536                                                       |   32|   0|   32|          0|
    |weights_load_13783_reg_12546                                                       |   32|   0|   32|          0|
    |weights_load_13784_reg_12556                                                       |   32|   0|   32|          0|
    |weights_load_13785_reg_12566                                                       |   32|   0|   32|          0|
    |weights_load_13786_reg_12576                                                       |   32|   0|   32|          0|
    |weights_load_13787_reg_12586                                                       |   32|   0|   32|          0|
    |weights_load_13788_reg_12596                                                       |   32|   0|   32|          0|
    |weights_load_13789_reg_12606                                                       |   32|   0|   32|          0|
    |weights_load_13790_reg_12616                                                       |   32|   0|   32|          0|
    |weights_load_13791_reg_12626                                                       |   32|   0|   32|          0|
    |weights_load_13792_reg_12636                                                       |   32|   0|   32|          0|
    |weights_load_13793_reg_12646                                                       |   32|   0|   32|          0|
    |weights_load_13794_reg_12656                                                       |   32|   0|   32|          0|
    |weights_load_13795_reg_12666                                                       |   32|   0|   32|          0|
    |weights_load_13796_reg_12676                                                       |   32|   0|   32|          0|
    |weights_load_13797_reg_12686                                                       |   32|   0|   32|          0|
    |weights_load_13798_reg_12696                                                       |   32|   0|   32|          0|
    |weights_load_13799_reg_12706                                                       |   32|   0|   32|          0|
    |weights_load_13800_reg_12711                                                       |   32|   0|   32|          0|
    |weights_load_reg_6966                                                              |   32|   0|   32|          0|
    +-----------------------------------------------------------------------------------+-----+----+-----+-----------+
    |Total                                                                              |19012|   0|19012|          0|
    +-----------------------------------------------------------------------------------+-----+----+-----+-----------+



================================================================
== Interface
================================================================
* Summary: 
+--------------------------------------------------+-----+-----+------------+------------------------------------------------+--------------+
|                     RTL Ports                    | Dir | Bits|  Protocol  |                  Source Object                 |    C Type    |
+--------------------------------------------------+-----+-----+------------+------------------------------------------------+--------------+
|ap_clk                                            |   in|    1|  ap_ctrl_hs|  conv2d_sum_mc<float, 14u, 14u, 3u, 3u, 64u>.16|  return value|
|ap_rst                                            |   in|    1|  ap_ctrl_hs|  conv2d_sum_mc<float, 14u, 14u, 3u, 3u, 64u>.16|  return value|
|ap_start                                          |   in|    1|  ap_ctrl_hs|  conv2d_sum_mc<float, 14u, 14u, 3u, 3u, 64u>.16|  return value|
|ap_done                                           |  out|    1|  ap_ctrl_hs|  conv2d_sum_mc<float, 14u, 14u, 3u, 3u, 64u>.16|  return value|
|ap_continue                                       |   in|    1|  ap_ctrl_hs|  conv2d_sum_mc<float, 14u, 14u, 3u, 3u, 64u>.16|  return value|
|ap_idle                                           |  out|    1|  ap_ctrl_hs|  conv2d_sum_mc<float, 14u, 14u, 3u, 3u, 64u>.16|  return value|
|ap_ready                                          |  out|    1|  ap_ctrl_hs|  conv2d_sum_mc<float, 14u, 14u, 3u, 3u, 64u>.16|  return value|
|conv2d_64_padded_window_stream_16_dout            |   in|  288|     ap_fifo|               conv2d_64_padded_window_stream_16|       pointer|
|conv2d_64_padded_window_stream_16_num_data_valid  |   in|    3|     ap_fifo|               conv2d_64_padded_window_stream_16|       pointer|
|conv2d_64_padded_window_stream_16_fifo_cap        |   in|    3|     ap_fifo|               conv2d_64_padded_window_stream_16|       pointer|
|conv2d_64_padded_window_stream_16_empty_n         |   in|    1|     ap_fifo|               conv2d_64_padded_window_stream_16|       pointer|
|conv2d_64_padded_window_stream_16_read            |  out|    1|     ap_fifo|               conv2d_64_padded_window_stream_16|       pointer|
|weights_address0                                  |  out|   10|   ap_memory|                                         weights|         array|
|weights_ce0                                       |  out|    1|   ap_memory|                                         weights|         array|
|weights_q0                                        |   in|   32|   ap_memory|                                         weights|         array|
|in_channel_map_stream_16_din                      |  out|   32|     ap_fifo|                        in_channel_map_stream_16|       pointer|
|in_channel_map_stream_16_num_data_valid           |   in|    3|     ap_fifo|                        in_channel_map_stream_16|       pointer|
|in_channel_map_stream_16_fifo_cap                 |   in|    3|     ap_fifo|                        in_channel_map_stream_16|       pointer|
|in_channel_map_stream_16_full_n                   |   in|    1|     ap_fifo|                        in_channel_map_stream_16|       pointer|
|in_channel_map_stream_16_write                    |  out|    1|     ap_fifo|                        in_channel_map_stream_16|       pointer|
+--------------------------------------------------+-----+-----+------------+------------------------------------------------+--------------+

