

================================================================
== Vitis HLS Report for 'conv2d_sum_mc_float_14u_14u_3u_3u_64u_13'
================================================================
* Date:           Tue Oct 18 21:18:00 2022

* Version:        2022.1 (Build 3526262 on Mon Apr 18 15:47:01 MDT 2022)
* Project:        forward_prop
* Solution:       solution1 (Vitis Kernel Flow Target)
* Product family: virtexuplus
* Target device:  xcvu5p-flva2104-1-e


================================================================
== Performance Estimates
================================================================
+ Timing: 
    * Summary: 
    +--------+----------+----------+------------+
    |  Clock |  Target  | Estimated| Uncertainty|
    +--------+----------+----------+------------+
    |ap_clk  |  10.00 ns|  7.725 ns|     2.70 ns|
    +--------+----------+----------+------------+

+ Latency: 
    * Summary: 
    +---------+---------+----------+----------+-------+-------+---------+
    |  Latency (cycles) |  Latency (absolute) |    Interval   | Pipeline|
    |   min   |   max   |    min   |    max   |  min  |  max  |   Type  |
    +---------+---------+----------+----------+-------+-------+---------+
    |    13138|    13138|  0.131 ms|  0.131 ms|  13138|  13138|       no|
    +---------+---------+----------+----------+-------+-------+---------+

    + Detail: 
        * Instance: 
        +----------------------------------------------------------------------+----------------------------------------------------------+---------+---------+----------+----------+-------+-------+---------+
        |                                                                      |                                                          |  Latency (cycles) |  Latency (absolute) |    Interval   | Pipeline|
        |                               Instance                               |                          Module                          |   min   |   max   |    min   |    max   |  min  |  max  |   Type  |
        +----------------------------------------------------------------------+----------------------------------------------------------+---------+---------+----------+----------+-------+-------+---------+
        |grp_conv2d_sum_mc_float_14u_14u_3u_3u_64u_13_Pipeline_inputs_fu_6371  |conv2d_sum_mc_float_14u_14u_3u_3u_64u_13_Pipeline_inputs  |    12561|    12561|  0.126 ms|  0.126 ms|  12561|  12561|       no|
        +----------------------------------------------------------------------+----------------------------------------------------------+---------+---------+----------+----------+-------+-------+---------+

        * Loop: 
        N/A



================================================================
== Utilization Estimates
================================================================
* Summary: 
+---------------------+---------+------+---------+--------+-----+
|         Name        | BRAM_18K|  DSP |    FF   |   LUT  | URAM|
+---------------------+---------+------+---------+--------+-----+
|DSP                  |        -|     -|        -|       -|    -|
|Expression           |        -|     -|        0|       2|    -|
|FIFO                 |        -|     -|        -|       -|    -|
|Instance             |        -|    43|     5780|    7090|    -|
|Memory               |        -|     -|        -|       -|    -|
|Multiplexer          |        -|     -|        -|    5413|    -|
|Register             |        -|     -|    19012|       -|    -|
+---------------------+---------+------+---------+--------+-----+
|Total                |        0|    43|    24792|   12505|    0|
+---------------------+---------+------+---------+--------+-----+
|Available SLR        |     1024|  1737|   600577|  300288|  235|
+---------------------+---------+------+---------+--------+-----+
|Utilization SLR (%)  |        0|     2|        4|       4|    0|
+---------------------+---------+------+---------+--------+-----+
|Available            |     2048|  3474|  1201154|  600577|  470|
+---------------------+---------+------+---------+--------+-----+
|Utilization (%)      |        0|     1|        2|       2|    0|
+---------------------+---------+------+---------+--------+-----+

+ Detail: 
    * Instance: 
    +----------------------------------------------------------------------+----------------------------------------------------------+---------+----+------+------+-----+
    |                               Instance                               |                          Module                          | BRAM_18K| DSP|  FF  |  LUT | URAM|
    +----------------------------------------------------------------------+----------------------------------------------------------+---------+----+------+------+-----+
    |grp_conv2d_sum_mc_float_14u_14u_3u_3u_64u_13_Pipeline_inputs_fu_6371  |conv2d_sum_mc_float_14u_14u_3u_3u_64u_13_Pipeline_inputs  |        0|  43|  5780|  7090|    0|
    +----------------------------------------------------------------------+----------------------------------------------------------+---------+----+------+------+-----+
    |Total                                                                 |                                                          |        0|  43|  5780|  7090|    0|
    +----------------------------------------------------------------------+----------------------------------------------------------+---------+----+------+------+-----+

    * DSP: 
    N/A

    * Memory: 
    N/A

    * FIFO: 
    N/A

    * Expression: 
    +-----------------+----------+----+---+----+------------+------------+
    |  Variable Name  | Operation| DSP| FF| LUT| Bitwidth P0| Bitwidth P1|
    +-----------------+----------+----+---+----+------------+------------+
    |ap_block_state1  |        or|   0|  0|   2|           1|           1|
    +-----------------+----------+----+---+----+------------+------------+
    |Total            |          |   0|  0|   2|           1|           1|
    +-----------------+----------+----+---+----+------------+------------+

    * Multiplexer: 
    +----------------------------------------+------+-----------+-----+-----------+
    |                  Name                  |  LUT | Input Size| Bits| Total Bits|
    +----------------------------------------+------+-----------+-----+-----------+
    |ap_NS_fsm                               |  2693|        579|    1|        579|
    |ap_done                                 |     9|          2|    1|          2|
    |conv2d_64_padded_window_stream_13_read  |     9|          2|    1|          2|
    |in_channel_map_stream_13_write          |     9|          2|    1|          2|
    |weights_address0                        |  2693|        577|   10|       5770|
    +----------------------------------------+------+-----------+-----+-----------+
    |Total                                   |  5413|       1162|   14|       6355|
    +----------------------------------------+------+-----------+-----+-----------+

    * Register: 
    +-----------------------------------------------------------------------------------+-----+----+-----+-----------+
    |                                        Name                                       |  FF | LUT| Bits| Const Bits|
    +-----------------------------------------------------------------------------------+-----+----+-----+-----------+
    |ap_CS_fsm                                                                          |  578|   0|  578|          0|
    |ap_done_reg                                                                        |    1|   0|    1|          0|
    |grp_conv2d_sum_mc_float_14u_14u_3u_3u_64u_13_Pipeline_inputs_fu_6371_ap_start_reg  |    1|   0|    1|          0|
    |weights_load_14951_reg_6976                                                        |   32|   0|   32|          0|
    |weights_load_14952_reg_6986                                                        |   32|   0|   32|          0|
    |weights_load_14953_reg_6996                                                        |   32|   0|   32|          0|
    |weights_load_14954_reg_7006                                                        |   32|   0|   32|          0|
    |weights_load_14955_reg_7016                                                        |   32|   0|   32|          0|
    |weights_load_14956_reg_7026                                                        |   32|   0|   32|          0|
    |weights_load_14957_reg_7036                                                        |   32|   0|   32|          0|
    |weights_load_14958_reg_7046                                                        |   32|   0|   32|          0|
    |weights_load_14959_reg_7056                                                        |   32|   0|   32|          0|
    |weights_load_14960_reg_7066                                                        |   32|   0|   32|          0|
    |weights_load_14961_reg_7076                                                        |   32|   0|   32|          0|
    |weights_load_14962_reg_7086                                                        |   32|   0|   32|          0|
    |weights_load_14963_reg_7096                                                        |   32|   0|   32|          0|
    |weights_load_14964_reg_7106                                                        |   32|   0|   32|          0|
    |weights_load_14965_reg_7116                                                        |   32|   0|   32|          0|
    |weights_load_14966_reg_7126                                                        |   32|   0|   32|          0|
    |weights_load_14967_reg_7136                                                        |   32|   0|   32|          0|
    |weights_load_14968_reg_7146                                                        |   32|   0|   32|          0|
    |weights_load_14969_reg_7156                                                        |   32|   0|   32|          0|
    |weights_load_14970_reg_7166                                                        |   32|   0|   32|          0|
    |weights_load_14971_reg_7176                                                        |   32|   0|   32|          0|
    |weights_load_14972_reg_7186                                                        |   32|   0|   32|          0|
    |weights_load_14973_reg_7196                                                        |   32|   0|   32|          0|
    |weights_load_14974_reg_7206                                                        |   32|   0|   32|          0|
    |weights_load_14975_reg_7216                                                        |   32|   0|   32|          0|
    |weights_load_14976_reg_7226                                                        |   32|   0|   32|          0|
    |weights_load_14977_reg_7236                                                        |   32|   0|   32|          0|
    |weights_load_14978_reg_7246                                                        |   32|   0|   32|          0|
    |weights_load_14979_reg_7256                                                        |   32|   0|   32|          0|
    |weights_load_14980_reg_7266                                                        |   32|   0|   32|          0|
    |weights_load_14981_reg_7276                                                        |   32|   0|   32|          0|
    |weights_load_14982_reg_7286                                                        |   32|   0|   32|          0|
    |weights_load_14983_reg_7296                                                        |   32|   0|   32|          0|
    |weights_load_14984_reg_7306                                                        |   32|   0|   32|          0|
    |weights_load_14985_reg_7316                                                        |   32|   0|   32|          0|
    |weights_load_14986_reg_7326                                                        |   32|   0|   32|          0|
    |weights_load_14987_reg_7336                                                        |   32|   0|   32|          0|
    |weights_load_14988_reg_7346                                                        |   32|   0|   32|          0|
    |weights_load_14989_reg_7356                                                        |   32|   0|   32|          0|
    |weights_load_14990_reg_7366                                                        |   32|   0|   32|          0|
    |weights_load_14991_reg_7376                                                        |   32|   0|   32|          0|
    |weights_load_14992_reg_7386                                                        |   32|   0|   32|          0|
    |weights_load_14993_reg_7396                                                        |   32|   0|   32|          0|
    |weights_load_14994_reg_7406                                                        |   32|   0|   32|          0|
    |weights_load_14995_reg_7416                                                        |   32|   0|   32|          0|
    |weights_load_14996_reg_7426                                                        |   32|   0|   32|          0|
    |weights_load_14997_reg_7436                                                        |   32|   0|   32|          0|
    |weights_load_14998_reg_7446                                                        |   32|   0|   32|          0|
    |weights_load_14999_reg_7456                                                        |   32|   0|   32|          0|
    |weights_load_15000_reg_7466                                                        |   32|   0|   32|          0|
    |weights_load_15001_reg_7476                                                        |   32|   0|   32|          0|
    |weights_load_15002_reg_7486                                                        |   32|   0|   32|          0|
    |weights_load_15003_reg_7496                                                        |   32|   0|   32|          0|
    |weights_load_15004_reg_7506                                                        |   32|   0|   32|          0|
    |weights_load_15005_reg_7516                                                        |   32|   0|   32|          0|
    |weights_load_15006_reg_7526                                                        |   32|   0|   32|          0|
    |weights_load_15007_reg_7536                                                        |   32|   0|   32|          0|
    |weights_load_15008_reg_7546                                                        |   32|   0|   32|          0|
    |weights_load_15009_reg_7556                                                        |   32|   0|   32|          0|
    |weights_load_15010_reg_7566                                                        |   32|   0|   32|          0|
    |weights_load_15011_reg_7576                                                        |   32|   0|   32|          0|
    |weights_load_15012_reg_7586                                                        |   32|   0|   32|          0|
    |weights_load_15013_reg_7596                                                        |   32|   0|   32|          0|
    |weights_load_15014_reg_7606                                                        |   32|   0|   32|          0|
    |weights_load_15015_reg_7616                                                        |   32|   0|   32|          0|
    |weights_load_15016_reg_7626                                                        |   32|   0|   32|          0|
    |weights_load_15017_reg_7636                                                        |   32|   0|   32|          0|
    |weights_load_15018_reg_7646                                                        |   32|   0|   32|          0|
    |weights_load_15019_reg_7656                                                        |   32|   0|   32|          0|
    |weights_load_15020_reg_7666                                                        |   32|   0|   32|          0|
    |weights_load_15021_reg_7676                                                        |   32|   0|   32|          0|
    |weights_load_15022_reg_7686                                                        |   32|   0|   32|          0|
    |weights_load_15023_reg_7696                                                        |   32|   0|   32|          0|
    |weights_load_15024_reg_7706                                                        |   32|   0|   32|          0|
    |weights_load_15025_reg_7716                                                        |   32|   0|   32|          0|
    |weights_load_15026_reg_7726                                                        |   32|   0|   32|          0|
    |weights_load_15027_reg_7736                                                        |   32|   0|   32|          0|
    |weights_load_15028_reg_7746                                                        |   32|   0|   32|          0|
    |weights_load_15029_reg_7756                                                        |   32|   0|   32|          0|
    |weights_load_15030_reg_7766                                                        |   32|   0|   32|          0|
    |weights_load_15031_reg_7776                                                        |   32|   0|   32|          0|
    |weights_load_15032_reg_7786                                                        |   32|   0|   32|          0|
    |weights_load_15033_reg_7796                                                        |   32|   0|   32|          0|
    |weights_load_15034_reg_7806                                                        |   32|   0|   32|          0|
    |weights_load_15035_reg_7816                                                        |   32|   0|   32|          0|
    |weights_load_15036_reg_7826                                                        |   32|   0|   32|          0|
    |weights_load_15037_reg_7836                                                        |   32|   0|   32|          0|
    |weights_load_15038_reg_7846                                                        |   32|   0|   32|          0|
    |weights_load_15039_reg_7856                                                        |   32|   0|   32|          0|
    |weights_load_15040_reg_7866                                                        |   32|   0|   32|          0|
    |weights_load_15041_reg_7876                                                        |   32|   0|   32|          0|
    |weights_load_15042_reg_7886                                                        |   32|   0|   32|          0|
    |weights_load_15043_reg_7896                                                        |   32|   0|   32|          0|
    |weights_load_15044_reg_7906                                                        |   32|   0|   32|          0|
    |weights_load_15045_reg_7916                                                        |   32|   0|   32|          0|
    |weights_load_15046_reg_7926                                                        |   32|   0|   32|          0|
    |weights_load_15047_reg_7936                                                        |   32|   0|   32|          0|
    |weights_load_15048_reg_7946                                                        |   32|   0|   32|          0|
    |weights_load_15049_reg_7956                                                        |   32|   0|   32|          0|
    |weights_load_15050_reg_7966                                                        |   32|   0|   32|          0|
    |weights_load_15051_reg_7976                                                        |   32|   0|   32|          0|
    |weights_load_15052_reg_7986                                                        |   32|   0|   32|          0|
    |weights_load_15053_reg_7996                                                        |   32|   0|   32|          0|
    |weights_load_15054_reg_8006                                                        |   32|   0|   32|          0|
    |weights_load_15055_reg_8016                                                        |   32|   0|   32|          0|
    |weights_load_15056_reg_8026                                                        |   32|   0|   32|          0|
    |weights_load_15057_reg_8036                                                        |   32|   0|   32|          0|
    |weights_load_15058_reg_8046                                                        |   32|   0|   32|          0|
    |weights_load_15059_reg_8056                                                        |   32|   0|   32|          0|
    |weights_load_15060_reg_8066                                                        |   32|   0|   32|          0|
    |weights_load_15061_reg_8076                                                        |   32|   0|   32|          0|
    |weights_load_15062_reg_8086                                                        |   32|   0|   32|          0|
    |weights_load_15063_reg_8096                                                        |   32|   0|   32|          0|
    |weights_load_15064_reg_8106                                                        |   32|   0|   32|          0|
    |weights_load_15065_reg_8116                                                        |   32|   0|   32|          0|
    |weights_load_15066_reg_8126                                                        |   32|   0|   32|          0|
    |weights_load_15067_reg_8136                                                        |   32|   0|   32|          0|
    |weights_load_15068_reg_8146                                                        |   32|   0|   32|          0|
    |weights_load_15069_reg_8156                                                        |   32|   0|   32|          0|
    |weights_load_15070_reg_8166                                                        |   32|   0|   32|          0|
    |weights_load_15071_reg_8176                                                        |   32|   0|   32|          0|
    |weights_load_15072_reg_8186                                                        |   32|   0|   32|          0|
    |weights_load_15073_reg_8196                                                        |   32|   0|   32|          0|
    |weights_load_15074_reg_8206                                                        |   32|   0|   32|          0|
    |weights_load_15075_reg_8216                                                        |   32|   0|   32|          0|
    |weights_load_15076_reg_8226                                                        |   32|   0|   32|          0|
    |weights_load_15077_reg_8236                                                        |   32|   0|   32|          0|
    |weights_load_15078_reg_8246                                                        |   32|   0|   32|          0|
    |weights_load_15079_reg_8256                                                        |   32|   0|   32|          0|
    |weights_load_15080_reg_8266                                                        |   32|   0|   32|          0|
    |weights_load_15081_reg_8276                                                        |   32|   0|   32|          0|
    |weights_load_15082_reg_8286                                                        |   32|   0|   32|          0|
    |weights_load_15083_reg_8296                                                        |   32|   0|   32|          0|
    |weights_load_15084_reg_8306                                                        |   32|   0|   32|          0|
    |weights_load_15085_reg_8316                                                        |   32|   0|   32|          0|
    |weights_load_15086_reg_8326                                                        |   32|   0|   32|          0|
    |weights_load_15087_reg_8336                                                        |   32|   0|   32|          0|
    |weights_load_15088_reg_8346                                                        |   32|   0|   32|          0|
    |weights_load_15089_reg_8356                                                        |   32|   0|   32|          0|
    |weights_load_15090_reg_8366                                                        |   32|   0|   32|          0|
    |weights_load_15091_reg_8376                                                        |   32|   0|   32|          0|
    |weights_load_15092_reg_8386                                                        |   32|   0|   32|          0|
    |weights_load_15093_reg_8396                                                        |   32|   0|   32|          0|
    |weights_load_15094_reg_8406                                                        |   32|   0|   32|          0|
    |weights_load_15095_reg_8416                                                        |   32|   0|   32|          0|
    |weights_load_15096_reg_8426                                                        |   32|   0|   32|          0|
    |weights_load_15097_reg_8436                                                        |   32|   0|   32|          0|
    |weights_load_15098_reg_8446                                                        |   32|   0|   32|          0|
    |weights_load_15099_reg_8456                                                        |   32|   0|   32|          0|
    |weights_load_15100_reg_8466                                                        |   32|   0|   32|          0|
    |weights_load_15101_reg_8476                                                        |   32|   0|   32|          0|
    |weights_load_15102_reg_8486                                                        |   32|   0|   32|          0|
    |weights_load_15103_reg_8496                                                        |   32|   0|   32|          0|
    |weights_load_15104_reg_8506                                                        |   32|   0|   32|          0|
    |weights_load_15105_reg_8516                                                        |   32|   0|   32|          0|
    |weights_load_15106_reg_8526                                                        |   32|   0|   32|          0|
    |weights_load_15107_reg_8536                                                        |   32|   0|   32|          0|
    |weights_load_15108_reg_8546                                                        |   32|   0|   32|          0|
    |weights_load_15109_reg_8556                                                        |   32|   0|   32|          0|
    |weights_load_15110_reg_8566                                                        |   32|   0|   32|          0|
    |weights_load_15111_reg_8576                                                        |   32|   0|   32|          0|
    |weights_load_15112_reg_8586                                                        |   32|   0|   32|          0|
    |weights_load_15113_reg_8596                                                        |   32|   0|   32|          0|
    |weights_load_15114_reg_8606                                                        |   32|   0|   32|          0|
    |weights_load_15115_reg_8616                                                        |   32|   0|   32|          0|
    |weights_load_15116_reg_8626                                                        |   32|   0|   32|          0|
    |weights_load_15117_reg_8636                                                        |   32|   0|   32|          0|
    |weights_load_15118_reg_8646                                                        |   32|   0|   32|          0|
    |weights_load_15119_reg_8656                                                        |   32|   0|   32|          0|
    |weights_load_15120_reg_8666                                                        |   32|   0|   32|          0|
    |weights_load_15121_reg_8676                                                        |   32|   0|   32|          0|
    |weights_load_15122_reg_8686                                                        |   32|   0|   32|          0|
    |weights_load_15123_reg_8696                                                        |   32|   0|   32|          0|
    |weights_load_15124_reg_8706                                                        |   32|   0|   32|          0|
    |weights_load_15125_reg_8716                                                        |   32|   0|   32|          0|
    |weights_load_15126_reg_8726                                                        |   32|   0|   32|          0|
    |weights_load_15127_reg_8736                                                        |   32|   0|   32|          0|
    |weights_load_15128_reg_8746                                                        |   32|   0|   32|          0|
    |weights_load_15129_reg_8756                                                        |   32|   0|   32|          0|
    |weights_load_15130_reg_8766                                                        |   32|   0|   32|          0|
    |weights_load_15131_reg_8776                                                        |   32|   0|   32|          0|
    |weights_load_15132_reg_8786                                                        |   32|   0|   32|          0|
    |weights_load_15133_reg_8796                                                        |   32|   0|   32|          0|
    |weights_load_15134_reg_8806                                                        |   32|   0|   32|          0|
    |weights_load_15135_reg_8816                                                        |   32|   0|   32|          0|
    |weights_load_15136_reg_8826                                                        |   32|   0|   32|          0|
    |weights_load_15137_reg_8836                                                        |   32|   0|   32|          0|
    |weights_load_15138_reg_8846                                                        |   32|   0|   32|          0|
    |weights_load_15139_reg_8856                                                        |   32|   0|   32|          0|
    |weights_load_15140_reg_8866                                                        |   32|   0|   32|          0|
    |weights_load_15141_reg_8876                                                        |   32|   0|   32|          0|
    |weights_load_15142_reg_8886                                                        |   32|   0|   32|          0|
    |weights_load_15143_reg_8896                                                        |   32|   0|   32|          0|
    |weights_load_15144_reg_8906                                                        |   32|   0|   32|          0|
    |weights_load_15145_reg_8916                                                        |   32|   0|   32|          0|
    |weights_load_15146_reg_8926                                                        |   32|   0|   32|          0|
    |weights_load_15147_reg_8936                                                        |   32|   0|   32|          0|
    |weights_load_15148_reg_8946                                                        |   32|   0|   32|          0|
    |weights_load_15149_reg_8956                                                        |   32|   0|   32|          0|
    |weights_load_15150_reg_8966                                                        |   32|   0|   32|          0|
    |weights_load_15151_reg_8976                                                        |   32|   0|   32|          0|
    |weights_load_15152_reg_8986                                                        |   32|   0|   32|          0|
    |weights_load_15153_reg_8996                                                        |   32|   0|   32|          0|
    |weights_load_15154_reg_9006                                                        |   32|   0|   32|          0|
    |weights_load_15155_reg_9016                                                        |   32|   0|   32|          0|
    |weights_load_15156_reg_9026                                                        |   32|   0|   32|          0|
    |weights_load_15157_reg_9036                                                        |   32|   0|   32|          0|
    |weights_load_15158_reg_9046                                                        |   32|   0|   32|          0|
    |weights_load_15159_reg_9056                                                        |   32|   0|   32|          0|
    |weights_load_15160_reg_9066                                                        |   32|   0|   32|          0|
    |weights_load_15161_reg_9076                                                        |   32|   0|   32|          0|
    |weights_load_15162_reg_9086                                                        |   32|   0|   32|          0|
    |weights_load_15163_reg_9096                                                        |   32|   0|   32|          0|
    |weights_load_15164_reg_9106                                                        |   32|   0|   32|          0|
    |weights_load_15165_reg_9116                                                        |   32|   0|   32|          0|
    |weights_load_15166_reg_9126                                                        |   32|   0|   32|          0|
    |weights_load_15167_reg_9136                                                        |   32|   0|   32|          0|
    |weights_load_15168_reg_9146                                                        |   32|   0|   32|          0|
    |weights_load_15169_reg_9156                                                        |   32|   0|   32|          0|
    |weights_load_15170_reg_9166                                                        |   32|   0|   32|          0|
    |weights_load_15171_reg_9176                                                        |   32|   0|   32|          0|
    |weights_load_15172_reg_9186                                                        |   32|   0|   32|          0|
    |weights_load_15173_reg_9196                                                        |   32|   0|   32|          0|
    |weights_load_15174_reg_9206                                                        |   32|   0|   32|          0|
    |weights_load_15175_reg_9216                                                        |   32|   0|   32|          0|
    |weights_load_15176_reg_9226                                                        |   32|   0|   32|          0|
    |weights_load_15177_reg_9236                                                        |   32|   0|   32|          0|
    |weights_load_15178_reg_9246                                                        |   32|   0|   32|          0|
    |weights_load_15179_reg_9256                                                        |   32|   0|   32|          0|
    |weights_load_15180_reg_9266                                                        |   32|   0|   32|          0|
    |weights_load_15181_reg_9276                                                        |   32|   0|   32|          0|
    |weights_load_15182_reg_9286                                                        |   32|   0|   32|          0|
    |weights_load_15183_reg_9296                                                        |   32|   0|   32|          0|
    |weights_load_15184_reg_9306                                                        |   32|   0|   32|          0|
    |weights_load_15185_reg_9316                                                        |   32|   0|   32|          0|
    |weights_load_15186_reg_9326                                                        |   32|   0|   32|          0|
    |weights_load_15187_reg_9336                                                        |   32|   0|   32|          0|
    |weights_load_15188_reg_9346                                                        |   32|   0|   32|          0|
    |weights_load_15189_reg_9356                                                        |   32|   0|   32|          0|
    |weights_load_15190_reg_9366                                                        |   32|   0|   32|          0|
    |weights_load_15191_reg_9376                                                        |   32|   0|   32|          0|
    |weights_load_15192_reg_9386                                                        |   32|   0|   32|          0|
    |weights_load_15193_reg_9396                                                        |   32|   0|   32|          0|
    |weights_load_15194_reg_9406                                                        |   32|   0|   32|          0|
    |weights_load_15195_reg_9416                                                        |   32|   0|   32|          0|
    |weights_load_15196_reg_9426                                                        |   32|   0|   32|          0|
    |weights_load_15197_reg_9436                                                        |   32|   0|   32|          0|
    |weights_load_15198_reg_9446                                                        |   32|   0|   32|          0|
    |weights_load_15199_reg_9456                                                        |   32|   0|   32|          0|
    |weights_load_15200_reg_9466                                                        |   32|   0|   32|          0|
    |weights_load_15201_reg_9476                                                        |   32|   0|   32|          0|
    |weights_load_15202_reg_9486                                                        |   32|   0|   32|          0|
    |weights_load_15203_reg_9496                                                        |   32|   0|   32|          0|
    |weights_load_15204_reg_9506                                                        |   32|   0|   32|          0|
    |weights_load_15205_reg_9516                                                        |   32|   0|   32|          0|
    |weights_load_15206_reg_9526                                                        |   32|   0|   32|          0|
    |weights_load_15207_reg_9536                                                        |   32|   0|   32|          0|
    |weights_load_15208_reg_9546                                                        |   32|   0|   32|          0|
    |weights_load_15209_reg_9556                                                        |   32|   0|   32|          0|
    |weights_load_15210_reg_9566                                                        |   32|   0|   32|          0|
    |weights_load_15211_reg_9576                                                        |   32|   0|   32|          0|
    |weights_load_15212_reg_9586                                                        |   32|   0|   32|          0|
    |weights_load_15213_reg_9596                                                        |   32|   0|   32|          0|
    |weights_load_15214_reg_9606                                                        |   32|   0|   32|          0|
    |weights_load_15215_reg_9616                                                        |   32|   0|   32|          0|
    |weights_load_15216_reg_9626                                                        |   32|   0|   32|          0|
    |weights_load_15217_reg_9636                                                        |   32|   0|   32|          0|
    |weights_load_15218_reg_9646                                                        |   32|   0|   32|          0|
    |weights_load_15219_reg_9656                                                        |   32|   0|   32|          0|
    |weights_load_15220_reg_9666                                                        |   32|   0|   32|          0|
    |weights_load_15221_reg_9676                                                        |   32|   0|   32|          0|
    |weights_load_15222_reg_9686                                                        |   32|   0|   32|          0|
    |weights_load_15223_reg_9696                                                        |   32|   0|   32|          0|
    |weights_load_15224_reg_9706                                                        |   32|   0|   32|          0|
    |weights_load_15225_reg_9716                                                        |   32|   0|   32|          0|
    |weights_load_15226_reg_9726                                                        |   32|   0|   32|          0|
    |weights_load_15227_reg_9736                                                        |   32|   0|   32|          0|
    |weights_load_15228_reg_9746                                                        |   32|   0|   32|          0|
    |weights_load_15229_reg_9756                                                        |   32|   0|   32|          0|
    |weights_load_15230_reg_9766                                                        |   32|   0|   32|          0|
    |weights_load_15231_reg_9776                                                        |   32|   0|   32|          0|
    |weights_load_15232_reg_9786                                                        |   32|   0|   32|          0|
    |weights_load_15233_reg_9796                                                        |   32|   0|   32|          0|
    |weights_load_15234_reg_9806                                                        |   32|   0|   32|          0|
    |weights_load_15235_reg_9816                                                        |   32|   0|   32|          0|
    |weights_load_15236_reg_9826                                                        |   32|   0|   32|          0|
    |weights_load_15237_reg_9836                                                        |   32|   0|   32|          0|
    |weights_load_15238_reg_9846                                                        |   32|   0|   32|          0|
    |weights_load_15239_reg_9856                                                        |   32|   0|   32|          0|
    |weights_load_15240_reg_9866                                                        |   32|   0|   32|          0|
    |weights_load_15241_reg_9876                                                        |   32|   0|   32|          0|
    |weights_load_15242_reg_9886                                                        |   32|   0|   32|          0|
    |weights_load_15243_reg_9896                                                        |   32|   0|   32|          0|
    |weights_load_15244_reg_9906                                                        |   32|   0|   32|          0|
    |weights_load_15245_reg_9916                                                        |   32|   0|   32|          0|
    |weights_load_15246_reg_9926                                                        |   32|   0|   32|          0|
    |weights_load_15247_reg_9936                                                        |   32|   0|   32|          0|
    |weights_load_15248_reg_9946                                                        |   32|   0|   32|          0|
    |weights_load_15249_reg_9956                                                        |   32|   0|   32|          0|
    |weights_load_15250_reg_9966                                                        |   32|   0|   32|          0|
    |weights_load_15251_reg_9976                                                        |   32|   0|   32|          0|
    |weights_load_15252_reg_9986                                                        |   32|   0|   32|          0|
    |weights_load_15253_reg_9996                                                        |   32|   0|   32|          0|
    |weights_load_15254_reg_10006                                                       |   32|   0|   32|          0|
    |weights_load_15255_reg_10016                                                       |   32|   0|   32|          0|
    |weights_load_15256_reg_10026                                                       |   32|   0|   32|          0|
    |weights_load_15257_reg_10036                                                       |   32|   0|   32|          0|
    |weights_load_15258_reg_10046                                                       |   32|   0|   32|          0|
    |weights_load_15259_reg_10056                                                       |   32|   0|   32|          0|
    |weights_load_15260_reg_10066                                                       |   32|   0|   32|          0|
    |weights_load_15261_reg_10076                                                       |   32|   0|   32|          0|
    |weights_load_15262_reg_10086                                                       |   32|   0|   32|          0|
    |weights_load_15263_reg_10096                                                       |   32|   0|   32|          0|
    |weights_load_15264_reg_10106                                                       |   32|   0|   32|          0|
    |weights_load_15265_reg_10116                                                       |   32|   0|   32|          0|
    |weights_load_15266_reg_10126                                                       |   32|   0|   32|          0|
    |weights_load_15267_reg_10136                                                       |   32|   0|   32|          0|
    |weights_load_15268_reg_10146                                                       |   32|   0|   32|          0|
    |weights_load_15269_reg_10156                                                       |   32|   0|   32|          0|
    |weights_load_15270_reg_10166                                                       |   32|   0|   32|          0|
    |weights_load_15271_reg_10176                                                       |   32|   0|   32|          0|
    |weights_load_15272_reg_10186                                                       |   32|   0|   32|          0|
    |weights_load_15273_reg_10196                                                       |   32|   0|   32|          0|
    |weights_load_15274_reg_10206                                                       |   32|   0|   32|          0|
    |weights_load_15275_reg_10216                                                       |   32|   0|   32|          0|
    |weights_load_15276_reg_10226                                                       |   32|   0|   32|          0|
    |weights_load_15277_reg_10236                                                       |   32|   0|   32|          0|
    |weights_load_15278_reg_10246                                                       |   32|   0|   32|          0|
    |weights_load_15279_reg_10256                                                       |   32|   0|   32|          0|
    |weights_load_15280_reg_10266                                                       |   32|   0|   32|          0|
    |weights_load_15281_reg_10276                                                       |   32|   0|   32|          0|
    |weights_load_15282_reg_10286                                                       |   32|   0|   32|          0|
    |weights_load_15283_reg_10296                                                       |   32|   0|   32|          0|
    |weights_load_15284_reg_10306                                                       |   32|   0|   32|          0|
    |weights_load_15285_reg_10316                                                       |   32|   0|   32|          0|
    |weights_load_15286_reg_10326                                                       |   32|   0|   32|          0|
    |weights_load_15287_reg_10336                                                       |   32|   0|   32|          0|
    |weights_load_15288_reg_10346                                                       |   32|   0|   32|          0|
    |weights_load_15289_reg_10356                                                       |   32|   0|   32|          0|
    |weights_load_15290_reg_10366                                                       |   32|   0|   32|          0|
    |weights_load_15291_reg_10376                                                       |   32|   0|   32|          0|
    |weights_load_15292_reg_10386                                                       |   32|   0|   32|          0|
    |weights_load_15293_reg_10396                                                       |   32|   0|   32|          0|
    |weights_load_15294_reg_10406                                                       |   32|   0|   32|          0|
    |weights_load_15295_reg_10416                                                       |   32|   0|   32|          0|
    |weights_load_15296_reg_10426                                                       |   32|   0|   32|          0|
    |weights_load_15297_reg_10436                                                       |   32|   0|   32|          0|
    |weights_load_15298_reg_10446                                                       |   32|   0|   32|          0|
    |weights_load_15299_reg_10456                                                       |   32|   0|   32|          0|
    |weights_load_15300_reg_10466                                                       |   32|   0|   32|          0|
    |weights_load_15301_reg_10476                                                       |   32|   0|   32|          0|
    |weights_load_15302_reg_10486                                                       |   32|   0|   32|          0|
    |weights_load_15303_reg_10496                                                       |   32|   0|   32|          0|
    |weights_load_15304_reg_10506                                                       |   32|   0|   32|          0|
    |weights_load_15305_reg_10516                                                       |   32|   0|   32|          0|
    |weights_load_15306_reg_10526                                                       |   32|   0|   32|          0|
    |weights_load_15307_reg_10536                                                       |   32|   0|   32|          0|
    |weights_load_15308_reg_10546                                                       |   32|   0|   32|          0|
    |weights_load_15309_reg_10556                                                       |   32|   0|   32|          0|
    |weights_load_15310_reg_10566                                                       |   32|   0|   32|          0|
    |weights_load_15311_reg_10576                                                       |   32|   0|   32|          0|
    |weights_load_15312_reg_10586                                                       |   32|   0|   32|          0|
    |weights_load_15313_reg_10596                                                       |   32|   0|   32|          0|
    |weights_load_15314_reg_10606                                                       |   32|   0|   32|          0|
    |weights_load_15315_reg_10616                                                       |   32|   0|   32|          0|
    |weights_load_15316_reg_10626                                                       |   32|   0|   32|          0|
    |weights_load_15317_reg_10636                                                       |   32|   0|   32|          0|
    |weights_load_15318_reg_10646                                                       |   32|   0|   32|          0|
    |weights_load_15319_reg_10656                                                       |   32|   0|   32|          0|
    |weights_load_15320_reg_10666                                                       |   32|   0|   32|          0|
    |weights_load_15321_reg_10676                                                       |   32|   0|   32|          0|
    |weights_load_15322_reg_10686                                                       |   32|   0|   32|          0|
    |weights_load_15323_reg_10696                                                       |   32|   0|   32|          0|
    |weights_load_15324_reg_10706                                                       |   32|   0|   32|          0|
    |weights_load_15325_reg_10716                                                       |   32|   0|   32|          0|
    |weights_load_15326_reg_10726                                                       |   32|   0|   32|          0|
    |weights_load_15327_reg_10736                                                       |   32|   0|   32|          0|
    |weights_load_15328_reg_10746                                                       |   32|   0|   32|          0|
    |weights_load_15329_reg_10756                                                       |   32|   0|   32|          0|
    |weights_load_15330_reg_10766                                                       |   32|   0|   32|          0|
    |weights_load_15331_reg_10776                                                       |   32|   0|   32|          0|
    |weights_load_15332_reg_10786                                                       |   32|   0|   32|          0|
    |weights_load_15333_reg_10796                                                       |   32|   0|   32|          0|
    |weights_load_15334_reg_10806                                                       |   32|   0|   32|          0|
    |weights_load_15335_reg_10816                                                       |   32|   0|   32|          0|
    |weights_load_15336_reg_10826                                                       |   32|   0|   32|          0|
    |weights_load_15337_reg_10836                                                       |   32|   0|   32|          0|
    |weights_load_15338_reg_10846                                                       |   32|   0|   32|          0|
    |weights_load_15339_reg_10856                                                       |   32|   0|   32|          0|
    |weights_load_15340_reg_10866                                                       |   32|   0|   32|          0|
    |weights_load_15341_reg_10876                                                       |   32|   0|   32|          0|
    |weights_load_15342_reg_10886                                                       |   32|   0|   32|          0|
    |weights_load_15343_reg_10896                                                       |   32|   0|   32|          0|
    |weights_load_15344_reg_10906                                                       |   32|   0|   32|          0|
    |weights_load_15345_reg_10916                                                       |   32|   0|   32|          0|
    |weights_load_15346_reg_10926                                                       |   32|   0|   32|          0|
    |weights_load_15347_reg_10936                                                       |   32|   0|   32|          0|
    |weights_load_15348_reg_10946                                                       |   32|   0|   32|          0|
    |weights_load_15349_reg_10956                                                       |   32|   0|   32|          0|
    |weights_load_15350_reg_10966                                                       |   32|   0|   32|          0|
    |weights_load_15351_reg_10976                                                       |   32|   0|   32|          0|
    |weights_load_15352_reg_10986                                                       |   32|   0|   32|          0|
    |weights_load_15353_reg_10996                                                       |   32|   0|   32|          0|
    |weights_load_15354_reg_11006                                                       |   32|   0|   32|          0|
    |weights_load_15355_reg_11016                                                       |   32|   0|   32|          0|
    |weights_load_15356_reg_11026                                                       |   32|   0|   32|          0|
    |weights_load_15357_reg_11036                                                       |   32|   0|   32|          0|
    |weights_load_15358_reg_11046                                                       |   32|   0|   32|          0|
    |weights_load_15359_reg_11056                                                       |   32|   0|   32|          0|
    |weights_load_15360_reg_11066                                                       |   32|   0|   32|          0|
    |weights_load_15361_reg_11076                                                       |   32|   0|   32|          0|
    |weights_load_15362_reg_11086                                                       |   32|   0|   32|          0|
    |weights_load_15363_reg_11096                                                       |   32|   0|   32|          0|
    |weights_load_15364_reg_11106                                                       |   32|   0|   32|          0|
    |weights_load_15365_reg_11116                                                       |   32|   0|   32|          0|
    |weights_load_15366_reg_11126                                                       |   32|   0|   32|          0|
    |weights_load_15367_reg_11136                                                       |   32|   0|   32|          0|
    |weights_load_15368_reg_11146                                                       |   32|   0|   32|          0|
    |weights_load_15369_reg_11156                                                       |   32|   0|   32|          0|
    |weights_load_15370_reg_11166                                                       |   32|   0|   32|          0|
    |weights_load_15371_reg_11176                                                       |   32|   0|   32|          0|
    |weights_load_15372_reg_11186                                                       |   32|   0|   32|          0|
    |weights_load_15373_reg_11196                                                       |   32|   0|   32|          0|
    |weights_load_15374_reg_11206                                                       |   32|   0|   32|          0|
    |weights_load_15375_reg_11216                                                       |   32|   0|   32|          0|
    |weights_load_15376_reg_11226                                                       |   32|   0|   32|          0|
    |weights_load_15377_reg_11236                                                       |   32|   0|   32|          0|
    |weights_load_15378_reg_11246                                                       |   32|   0|   32|          0|
    |weights_load_15379_reg_11256                                                       |   32|   0|   32|          0|
    |weights_load_15380_reg_11266                                                       |   32|   0|   32|          0|
    |weights_load_15381_reg_11276                                                       |   32|   0|   32|          0|
    |weights_load_15382_reg_11286                                                       |   32|   0|   32|          0|
    |weights_load_15383_reg_11296                                                       |   32|   0|   32|          0|
    |weights_load_15384_reg_11306                                                       |   32|   0|   32|          0|
    |weights_load_15385_reg_11316                                                       |   32|   0|   32|          0|
    |weights_load_15386_reg_11326                                                       |   32|   0|   32|          0|
    |weights_load_15387_reg_11336                                                       |   32|   0|   32|          0|
    |weights_load_15388_reg_11346                                                       |   32|   0|   32|          0|
    |weights_load_15389_reg_11356                                                       |   32|   0|   32|          0|
    |weights_load_15390_reg_11366                                                       |   32|   0|   32|          0|
    |weights_load_15391_reg_11376                                                       |   32|   0|   32|          0|
    |weights_load_15392_reg_11386                                                       |   32|   0|   32|          0|
    |weights_load_15393_reg_11396                                                       |   32|   0|   32|          0|
    |weights_load_15394_reg_11406                                                       |   32|   0|   32|          0|
    |weights_load_15395_reg_11416                                                       |   32|   0|   32|          0|
    |weights_load_15396_reg_11426                                                       |   32|   0|   32|          0|
    |weights_load_15397_reg_11436                                                       |   32|   0|   32|          0|
    |weights_load_15398_reg_11446                                                       |   32|   0|   32|          0|
    |weights_load_15399_reg_11456                                                       |   32|   0|   32|          0|
    |weights_load_15400_reg_11466                                                       |   32|   0|   32|          0|
    |weights_load_15401_reg_11476                                                       |   32|   0|   32|          0|
    |weights_load_15402_reg_11486                                                       |   32|   0|   32|          0|
    |weights_load_15403_reg_11496                                                       |   32|   0|   32|          0|
    |weights_load_15404_reg_11506                                                       |   32|   0|   32|          0|
    |weights_load_15405_reg_11516                                                       |   32|   0|   32|          0|
    |weights_load_15406_reg_11526                                                       |   32|   0|   32|          0|
    |weights_load_15407_reg_11536                                                       |   32|   0|   32|          0|
    |weights_load_15408_reg_11546                                                       |   32|   0|   32|          0|
    |weights_load_15409_reg_11556                                                       |   32|   0|   32|          0|
    |weights_load_15410_reg_11566                                                       |   32|   0|   32|          0|
    |weights_load_15411_reg_11576                                                       |   32|   0|   32|          0|
    |weights_load_15412_reg_11586                                                       |   32|   0|   32|          0|
    |weights_load_15413_reg_11596                                                       |   32|   0|   32|          0|
    |weights_load_15414_reg_11606                                                       |   32|   0|   32|          0|
    |weights_load_15415_reg_11616                                                       |   32|   0|   32|          0|
    |weights_load_15416_reg_11626                                                       |   32|   0|   32|          0|
    |weights_load_15417_reg_11636                                                       |   32|   0|   32|          0|
    |weights_load_15418_reg_11646                                                       |   32|   0|   32|          0|
    |weights_load_15419_reg_11656                                                       |   32|   0|   32|          0|
    |weights_load_15420_reg_11666                                                       |   32|   0|   32|          0|
    |weights_load_15421_reg_11676                                                       |   32|   0|   32|          0|
    |weights_load_15422_reg_11686                                                       |   32|   0|   32|          0|
    |weights_load_15423_reg_11696                                                       |   32|   0|   32|          0|
    |weights_load_15424_reg_11706                                                       |   32|   0|   32|          0|
    |weights_load_15425_reg_11716                                                       |   32|   0|   32|          0|
    |weights_load_15426_reg_11726                                                       |   32|   0|   32|          0|
    |weights_load_15427_reg_11736                                                       |   32|   0|   32|          0|
    |weights_load_15428_reg_11746                                                       |   32|   0|   32|          0|
    |weights_load_15429_reg_11756                                                       |   32|   0|   32|          0|
    |weights_load_15430_reg_11766                                                       |   32|   0|   32|          0|
    |weights_load_15431_reg_11776                                                       |   32|   0|   32|          0|
    |weights_load_15432_reg_11786                                                       |   32|   0|   32|          0|
    |weights_load_15433_reg_11796                                                       |   32|   0|   32|          0|
    |weights_load_15434_reg_11806                                                       |   32|   0|   32|          0|
    |weights_load_15435_reg_11816                                                       |   32|   0|   32|          0|
    |weights_load_15436_reg_11826                                                       |   32|   0|   32|          0|
    |weights_load_15437_reg_11836                                                       |   32|   0|   32|          0|
    |weights_load_15438_reg_11846                                                       |   32|   0|   32|          0|
    |weights_load_15439_reg_11856                                                       |   32|   0|   32|          0|
    |weights_load_15440_reg_11866                                                       |   32|   0|   32|          0|
    |weights_load_15441_reg_11876                                                       |   32|   0|   32|          0|
    |weights_load_15442_reg_11886                                                       |   32|   0|   32|          0|
    |weights_load_15443_reg_11896                                                       |   32|   0|   32|          0|
    |weights_load_15444_reg_11906                                                       |   32|   0|   32|          0|
    |weights_load_15445_reg_11916                                                       |   32|   0|   32|          0|
    |weights_load_15446_reg_11926                                                       |   32|   0|   32|          0|
    |weights_load_15447_reg_11936                                                       |   32|   0|   32|          0|
    |weights_load_15448_reg_11946                                                       |   32|   0|   32|          0|
    |weights_load_15449_reg_11956                                                       |   32|   0|   32|          0|
    |weights_load_15450_reg_11966                                                       |   32|   0|   32|          0|
    |weights_load_15451_reg_11976                                                       |   32|   0|   32|          0|
    |weights_load_15452_reg_11986                                                       |   32|   0|   32|          0|
    |weights_load_15453_reg_11996                                                       |   32|   0|   32|          0|
    |weights_load_15454_reg_12006                                                       |   32|   0|   32|          0|
    |weights_load_15455_reg_12016                                                       |   32|   0|   32|          0|
    |weights_load_15456_reg_12026                                                       |   32|   0|   32|          0|
    |weights_load_15457_reg_12036                                                       |   32|   0|   32|          0|
    |weights_load_15458_reg_12046                                                       |   32|   0|   32|          0|
    |weights_load_15459_reg_12056                                                       |   32|   0|   32|          0|
    |weights_load_15460_reg_12066                                                       |   32|   0|   32|          0|
    |weights_load_15461_reg_12076                                                       |   32|   0|   32|          0|
    |weights_load_15462_reg_12086                                                       |   32|   0|   32|          0|
    |weights_load_15463_reg_12096                                                       |   32|   0|   32|          0|
    |weights_load_15464_reg_12106                                                       |   32|   0|   32|          0|
    |weights_load_15465_reg_12116                                                       |   32|   0|   32|          0|
    |weights_load_15466_reg_12126                                                       |   32|   0|   32|          0|
    |weights_load_15467_reg_12136                                                       |   32|   0|   32|          0|
    |weights_load_15468_reg_12146                                                       |   32|   0|   32|          0|
    |weights_load_15469_reg_12156                                                       |   32|   0|   32|          0|
    |weights_load_15470_reg_12166                                                       |   32|   0|   32|          0|
    |weights_load_15471_reg_12176                                                       |   32|   0|   32|          0|
    |weights_load_15472_reg_12186                                                       |   32|   0|   32|          0|
    |weights_load_15473_reg_12196                                                       |   32|   0|   32|          0|
    |weights_load_15474_reg_12206                                                       |   32|   0|   32|          0|
    |weights_load_15475_reg_12216                                                       |   32|   0|   32|          0|
    |weights_load_15476_reg_12226                                                       |   32|   0|   32|          0|
    |weights_load_15477_reg_12236                                                       |   32|   0|   32|          0|
    |weights_load_15478_reg_12246                                                       |   32|   0|   32|          0|
    |weights_load_15479_reg_12256                                                       |   32|   0|   32|          0|
    |weights_load_15480_reg_12266                                                       |   32|   0|   32|          0|
    |weights_load_15481_reg_12276                                                       |   32|   0|   32|          0|
    |weights_load_15482_reg_12286                                                       |   32|   0|   32|          0|
    |weights_load_15483_reg_12296                                                       |   32|   0|   32|          0|
    |weights_load_15484_reg_12306                                                       |   32|   0|   32|          0|
    |weights_load_15485_reg_12316                                                       |   32|   0|   32|          0|
    |weights_load_15486_reg_12326                                                       |   32|   0|   32|          0|
    |weights_load_15487_reg_12336                                                       |   32|   0|   32|          0|
    |weights_load_15488_reg_12346                                                       |   32|   0|   32|          0|
    |weights_load_15489_reg_12356                                                       |   32|   0|   32|          0|
    |weights_load_15490_reg_12366                                                       |   32|   0|   32|          0|
    |weights_load_15491_reg_12376                                                       |   32|   0|   32|          0|
    |weights_load_15492_reg_12386                                                       |   32|   0|   32|          0|
    |weights_load_15493_reg_12396                                                       |   32|   0|   32|          0|
    |weights_load_15494_reg_12406                                                       |   32|   0|   32|          0|
    |weights_load_15495_reg_12416                                                       |   32|   0|   32|          0|
    |weights_load_15496_reg_12426                                                       |   32|   0|   32|          0|
    |weights_load_15497_reg_12436                                                       |   32|   0|   32|          0|
    |weights_load_15498_reg_12446                                                       |   32|   0|   32|          0|
    |weights_load_15499_reg_12456                                                       |   32|   0|   32|          0|
    |weights_load_15500_reg_12466                                                       |   32|   0|   32|          0|
    |weights_load_15501_reg_12476                                                       |   32|   0|   32|          0|
    |weights_load_15502_reg_12486                                                       |   32|   0|   32|          0|
    |weights_load_15503_reg_12496                                                       |   32|   0|   32|          0|
    |weights_load_15504_reg_12506                                                       |   32|   0|   32|          0|
    |weights_load_15505_reg_12516                                                       |   32|   0|   32|          0|
    |weights_load_15506_reg_12526                                                       |   32|   0|   32|          0|
    |weights_load_15507_reg_12536                                                       |   32|   0|   32|          0|
    |weights_load_15508_reg_12546                                                       |   32|   0|   32|          0|
    |weights_load_15509_reg_12556                                                       |   32|   0|   32|          0|
    |weights_load_15510_reg_12566                                                       |   32|   0|   32|          0|
    |weights_load_15511_reg_12576                                                       |   32|   0|   32|          0|
    |weights_load_15512_reg_12586                                                       |   32|   0|   32|          0|
    |weights_load_15513_reg_12596                                                       |   32|   0|   32|          0|
    |weights_load_15514_reg_12606                                                       |   32|   0|   32|          0|
    |weights_load_15515_reg_12616                                                       |   32|   0|   32|          0|
    |weights_load_15516_reg_12626                                                       |   32|   0|   32|          0|
    |weights_load_15517_reg_12636                                                       |   32|   0|   32|          0|
    |weights_load_15518_reg_12646                                                       |   32|   0|   32|          0|
    |weights_load_15519_reg_12656                                                       |   32|   0|   32|          0|
    |weights_load_15520_reg_12666                                                       |   32|   0|   32|          0|
    |weights_load_15521_reg_12676                                                       |   32|   0|   32|          0|
    |weights_load_15522_reg_12686                                                       |   32|   0|   32|          0|
    |weights_load_15523_reg_12696                                                       |   32|   0|   32|          0|
    |weights_load_15524_reg_12706                                                       |   32|   0|   32|          0|
    |weights_load_15525_reg_12711                                                       |   32|   0|   32|          0|
    |weights_load_reg_6966                                                              |   32|   0|   32|          0|
    +-----------------------------------------------------------------------------------+-----+----+-----+-----------+
    |Total                                                                              |19012|   0|19012|          0|
    +-----------------------------------------------------------------------------------+-----+----+-----+-----------+



================================================================
== Interface
================================================================
* Summary: 
+--------------------------------------------------+-----+-----+------------+------------------------------------------------+--------------+
|                     RTL Ports                    | Dir | Bits|  Protocol  |                  Source Object                 |    C Type    |
+--------------------------------------------------+-----+-----+------------+------------------------------------------------+--------------+
|ap_clk                                            |   in|    1|  ap_ctrl_hs|  conv2d_sum_mc<float, 14u, 14u, 3u, 3u, 64u>.13|  return value|
|ap_rst                                            |   in|    1|  ap_ctrl_hs|  conv2d_sum_mc<float, 14u, 14u, 3u, 3u, 64u>.13|  return value|
|ap_start                                          |   in|    1|  ap_ctrl_hs|  conv2d_sum_mc<float, 14u, 14u, 3u, 3u, 64u>.13|  return value|
|ap_done                                           |  out|    1|  ap_ctrl_hs|  conv2d_sum_mc<float, 14u, 14u, 3u, 3u, 64u>.13|  return value|
|ap_continue                                       |   in|    1|  ap_ctrl_hs|  conv2d_sum_mc<float, 14u, 14u, 3u, 3u, 64u>.13|  return value|
|ap_idle                                           |  out|    1|  ap_ctrl_hs|  conv2d_sum_mc<float, 14u, 14u, 3u, 3u, 64u>.13|  return value|
|ap_ready                                          |  out|    1|  ap_ctrl_hs|  conv2d_sum_mc<float, 14u, 14u, 3u, 3u, 64u>.13|  return value|
|conv2d_64_padded_window_stream_13_dout            |   in|  288|     ap_fifo|               conv2d_64_padded_window_stream_13|       pointer|
|conv2d_64_padded_window_stream_13_num_data_valid  |   in|    3|     ap_fifo|               conv2d_64_padded_window_stream_13|       pointer|
|conv2d_64_padded_window_stream_13_fifo_cap        |   in|    3|     ap_fifo|               conv2d_64_padded_window_stream_13|       pointer|
|conv2d_64_padded_window_stream_13_empty_n         |   in|    1|     ap_fifo|               conv2d_64_padded_window_stream_13|       pointer|
|conv2d_64_padded_window_stream_13_read            |  out|    1|     ap_fifo|               conv2d_64_padded_window_stream_13|       pointer|
|weights_address0                                  |  out|   10|   ap_memory|                                         weights|         array|
|weights_ce0                                       |  out|    1|   ap_memory|                                         weights|         array|
|weights_q0                                        |   in|   32|   ap_memory|                                         weights|         array|
|in_channel_map_stream_13_din                      |  out|   32|     ap_fifo|                        in_channel_map_stream_13|       pointer|
|in_channel_map_stream_13_num_data_valid           |   in|    3|     ap_fifo|                        in_channel_map_stream_13|       pointer|
|in_channel_map_stream_13_fifo_cap                 |   in|    3|     ap_fifo|                        in_channel_map_stream_13|       pointer|
|in_channel_map_stream_13_full_n                   |   in|    1|     ap_fifo|                        in_channel_map_stream_13|       pointer|
|in_channel_map_stream_13_write                    |  out|    1|     ap_fifo|                        in_channel_map_stream_13|       pointer|
+--------------------------------------------------+-----+-----+------------+------------------------------------------------+--------------+

