

================================================================
== Vitis HLS Report for 'conv2d_sum_1c_float_28u_28u_3u_3u_32u_Pipeline_inputs'
================================================================
* Date:           Tue Oct 18 21:15:47 2022

* Version:        2022.1 (Build 3526262 on Mon Apr 18 15:47:01 MDT 2022)
* Project:        forward_prop
* Solution:       solution1 (Vitis Kernel Flow Target)
* Product family: virtexuplus
* Target device:  xcvu5p-flva2104-1-e


================================================================
== Performance Estimates
================================================================
+ Timing: 
    * Summary: 
    +--------+----------+----------+------------+
    |  Clock |  Target  | Estimated| Uncertainty|
    +--------+----------+----------+------------+
    |ap_clk  |  10.00 ns|  7.624 ns|     2.70 ns|
    +--------+----------+----------+------------+

+ Latency: 
    * Summary: 
    +---------+---------+----------+----------+-------+-------+---------+
    |  Latency (cycles) |  Latency (absolute) |    Interval   | Pipeline|
    |   min   |   max   |    min   |    max   |  min  |  max  |   Type  |
    +---------+---------+----------+----------+-------+-------+---------+
    |    25131|    25131|  0.251 ms|  0.251 ms|  25131|  25131|       no|
    +---------+---------+----------+----------+-------+-------+---------+

    + Detail: 
        * Instance: 
        N/A

        * Loop: 
        +----------+---------+---------+----------+-----------+-----------+------+----------+
        |          |  Latency (cycles) | Iteration|  Initiation Interval  | Trip |          |
        | Loop Name|   min   |   max   |  Latency |  achieved |   target  | Count| Pipelined|
        +----------+---------+---------+----------+-----------+-----------+------+----------+
        |- inputs  |    25129|    25129|        74|         32|         32|   784|       yes|
        +----------+---------+---------+----------+-----------+-----------+------+----------+



================================================================
== Utilization Estimates
================================================================
* Summary: 
+---------------------+---------+------+---------+--------+-----+
|         Name        | BRAM_18K|  DSP |    FF   |   LUT  | URAM|
+---------------------+---------+------+---------+--------+-----+
|DSP                  |        -|     -|        -|       -|    -|
|Expression           |        -|     -|        0|      38|    -|
|FIFO                 |        -|     -|        -|       -|    -|
|Instance             |        -|    45|     2745|    2754|    -|
|Memory               |        -|     -|        -|       -|    -|
|Multiplexer          |        -|     -|        -|    3238|    -|
|Register             |        -|     -|     4401|       -|    -|
+---------------------+---------+------+---------+--------+-----+
|Total                |        0|    45|     7146|    6030|    0|
+---------------------+---------+------+---------+--------+-----+
|Available SLR        |     1024|  1737|   600577|  300288|  235|
+---------------------+---------+------+---------+--------+-----+
|Utilization SLR (%)  |        0|     2|        1|       2|    0|
+---------------------+---------+------+---------+--------+-----+
|Available            |     2048|  3474|  1201154|  600577|  470|
+---------------------+---------+------+---------+--------+-----+
|Utilization (%)      |        0|     1|       ~0|       1|    0|
+---------------------+---------+------+---------+--------+-----+

+ Detail: 
    * Instance: 
    +-------------------------------------+--------------------------------+---------+----+-----+-----+-----+
    |               Instance              |             Module             | BRAM_18K| DSP|  FF | LUT | URAM|
    +-------------------------------------+--------------------------------+---------+----+-----+-----+-----+
    |fadd_32ns_32ns_32_3_full_dsp_1_U150  |fadd_32ns_32ns_32_3_full_dsp_1  |        0|   2|  177|  229|    0|
    |fadd_32ns_32ns_32_3_full_dsp_1_U151  |fadd_32ns_32ns_32_3_full_dsp_1  |        0|   2|  177|  229|    0|
    |fadd_32ns_32ns_32_3_full_dsp_1_U152  |fadd_32ns_32ns_32_3_full_dsp_1  |        0|   2|  177|  229|    0|
    |fadd_32ns_32ns_32_3_full_dsp_1_U153  |fadd_32ns_32ns_32_3_full_dsp_1  |        0|   2|  177|  229|    0|
    |fadd_32ns_32ns_32_3_full_dsp_1_U154  |fadd_32ns_32ns_32_3_full_dsp_1  |        0|   2|  177|  229|    0|
    |fadd_32ns_32ns_32_3_full_dsp_1_U155  |fadd_32ns_32ns_32_3_full_dsp_1  |        0|   2|  177|  229|    0|
    |fadd_32ns_32ns_32_3_full_dsp_1_U156  |fadd_32ns_32ns_32_3_full_dsp_1  |        0|   2|  177|  229|    0|
    |fadd_32ns_32ns_32_3_full_dsp_1_U157  |fadd_32ns_32ns_32_3_full_dsp_1  |        0|   2|  177|  229|    0|
    |fadd_32ns_32ns_32_3_full_dsp_1_U158  |fadd_32ns_32ns_32_3_full_dsp_1  |        0|   2|  177|  229|    0|
    |fmul_32ns_32ns_32_2_max_dsp_1_U159   |fmul_32ns_32ns_32_2_max_dsp_1   |        0|   3|  128|   77|    0|
    |fmul_32ns_32ns_32_2_max_dsp_1_U160   |fmul_32ns_32ns_32_2_max_dsp_1   |        0|   3|  128|   77|    0|
    |fmul_32ns_32ns_32_2_max_dsp_1_U161   |fmul_32ns_32ns_32_2_max_dsp_1   |        0|   3|  128|   77|    0|
    |fmul_32ns_32ns_32_2_max_dsp_1_U162   |fmul_32ns_32ns_32_2_max_dsp_1   |        0|   3|  128|   77|    0|
    |fmul_32ns_32ns_32_2_max_dsp_1_U163   |fmul_32ns_32ns_32_2_max_dsp_1   |        0|   3|  128|   77|    0|
    |fmul_32ns_32ns_32_2_max_dsp_1_U164   |fmul_32ns_32ns_32_2_max_dsp_1   |        0|   3|  128|   77|    0|
    |fmul_32ns_32ns_32_2_max_dsp_1_U165   |fmul_32ns_32ns_32_2_max_dsp_1   |        0|   3|  128|   77|    0|
    |fmul_32ns_32ns_32_2_max_dsp_1_U166   |fmul_32ns_32ns_32_2_max_dsp_1   |        0|   3|  128|   77|    0|
    |fmul_32ns_32ns_32_2_max_dsp_1_U167   |fmul_32ns_32ns_32_2_max_dsp_1   |        0|   3|  128|   77|    0|
    +-------------------------------------+--------------------------------+---------+----+-----+-----+-----+
    |Total                                |                                |        0|  45| 2745| 2754|    0|
    +-------------------------------------+--------------------------------+---------+----+-----+-----+-----+

    * DSP: 
    N/A

    * Memory: 
    N/A

    * FIFO: 
    N/A

    * Expression: 
    +----------------------------------+----------+----+---+----+------------+------------+
    |           Variable Name          | Operation| DSP| FF| LUT| Bitwidth P0| Bitwidth P1|
    +----------------------------------+----------+----+---+----+------------+------------+
    |input_counter_46_fu_3231_p2       |         +|   0|  0|  17|          10|           1|
    |ap_block_pp0_stage0_01001         |       and|   0|  0|   2|           1|           1|
    |ap_block_pp0_stage10_01001        |       and|   0|  0|   2|           1|           1|
    |ap_block_state2_pp0_stage1_iter0  |       and|   0|  0|   2|           1|           1|
    |icmp_ln139_fu_3225_p2             |      icmp|   0|  0|  11|          10|           9|
    |ap_block_pp0_stage1_01001         |        or|   0|  0|   2|           1|           1|
    |ap_enable_pp0                     |       xor|   0|  0|   2|           1|           2|
    +----------------------------------+----------+----+---+----+------------+------------+
    |Total                             |          |   0|  0|  38|          25|          16|
    +----------------------------------+----------+----+---+----+------------+------------+

    * Multiplexer: 
    +--------------------------------------+-----+-----------+-----+-----------+
    |                 Name                 | LUT | Input Size| Bits| Total Bits|
    +--------------------------------------+-----+-----------+-----+-----------+
    |ap_NS_fsm                             |  150|         33|    1|         33|
    |ap_done_int                           |    9|          2|    1|          2|
    |ap_enable_reg_pp0_iter0               |    9|          2|    1|          2|
    |ap_enable_reg_pp0_iter1               |    9|          2|    1|          2|
    |ap_enable_reg_pp0_iter2               |    9|          2|    1|          2|
    |ap_loop_exit_ready_pp0_iter1_reg      |    9|          2|    1|          2|
    |ap_sig_allocacmp_input_counter        |    9|          2|   10|         20|
    |conv2d_32_padded_window_stream_blk_n  |    9|          2|    1|          2|
    |grp_fu_2649_p0                        |   65|         14|   32|        448|
    |grp_fu_2649_p1                        |   65|         15|   32|        480|
    |grp_fu_2653_p0                        |   65|         13|   32|        416|
    |grp_fu_2653_p1                        |   65|         16|   32|        512|
    |grp_fu_2657_p0                        |   65|         16|   32|        512|
    |grp_fu_2657_p1                        |   89|         18|   32|        576|
    |grp_fu_2661_p0                        |   65|         14|   32|        448|
    |grp_fu_2661_p1                        |   65|         16|   32|        512|
    |grp_fu_2665_p0                        |   65|         16|   32|        512|
    |grp_fu_2665_p1                        |   65|         16|   32|        512|
    |grp_fu_2669_p0                        |   65|         14|   32|        448|
    |grp_fu_2669_p1                        |   65|         14|   32|        448|
    |grp_fu_2673_p0                        |  150|         33|   32|       1056|
    |grp_fu_2673_p1                        |   65|         13|   32|        416|
    |grp_fu_2677_p0                        |   65|         13|   32|        416|
    |grp_fu_2677_p1                        |   65|         13|   32|        416|
    |grp_fu_2681_p0                        |   59|         11|   32|        352|
    |grp_fu_2681_p1                        |   65|         13|   32|        416|
    |grp_fu_2685_p0                        |  150|         33|   32|       1056|
    |grp_fu_2685_p1                        |   26|          5|   32|        160|
    |grp_fu_2689_p0                        |  150|         33|   32|       1056|
    |grp_fu_2689_p1                        |   26|          5|   32|        160|
    |grp_fu_2693_p0                        |  150|         33|   32|       1056|
    |grp_fu_2693_p1                        |   26|          5|   32|        160|
    |grp_fu_2697_p0                        |  150|         33|   32|       1056|
    |grp_fu_2697_p1                        |   26|          5|   32|        160|
    |grp_fu_2701_p0                        |  150|         33|   32|       1056|
    |grp_fu_2701_p1                        |   26|          5|   32|        160|
    |grp_fu_2705_p0                        |  150|         33|   32|       1056|
    |grp_fu_2705_p1                        |   26|          5|   32|        160|
    |grp_fu_2709_p0                        |  150|         33|   32|       1056|
    |grp_fu_2709_p1                        |   26|          5|   32|        160|
    |grp_fu_2713_p0                        |  150|         33|   32|       1056|
    |grp_fu_2713_p1                        |   26|          5|   32|        160|
    |grp_fu_2717_p0                        |  150|         33|   32|       1056|
    |grp_fu_2717_p1                        |   26|          5|   32|        160|
    |input_counter_012_fu_712              |    9|          2|   10|         20|
    |kernel_sums136_blk_n                  |    9|          2|    1|          2|
    |kernel_sums136_din                    |  150|         33|   32|       1056|
    +--------------------------------------+-----+-----------+-----+-----------+
    |Total                                 | 3238|        704| 1212|      20983|
    +--------------------------------------+-----+-----------+-----+-----------+

    * Register: 
    +-----------------------------------+----+----+-----+-----------+
    |                Name               | FF | LUT| Bits| Const Bits|
    +-----------------------------------+----+----+-----+-----------+
    |ap_CS_fsm                          |  32|   0|   32|          0|
    |ap_done_reg                        |   1|   0|    1|          0|
    |ap_enable_reg_pp0_iter0_reg        |   1|   0|    1|          0|
    |ap_enable_reg_pp0_iter1            |   1|   0|    1|          0|
    |ap_enable_reg_pp0_iter2            |   1|   0|    1|          0|
    |ap_loop_exit_ready_pp0_iter1_reg   |   1|   0|    1|          0|
    |bitcast_ln145_252_reg_5157         |  32|   0|   32|          0|
    |bitcast_ln145_253_reg_5164         |  32|   0|   32|          0|
    |bitcast_ln145_254_reg_5199         |  32|   0|   32|          0|
    |bitcast_ln145_255_reg_5206         |  32|   0|   32|          0|
    |bitcast_ln145_256_reg_5213         |  32|   0|   32|          0|
    |bitcast_ln145_257_reg_5171         |  32|   0|   32|          0|
    |bitcast_ln145_258_reg_5178         |  32|   0|   32|          0|
    |icmp_ln139_reg_5108                |   1|   0|    1|          0|
    |icmp_ln139_reg_5108_pp0_iter1_reg  |   1|   0|    1|          0|
    |input_counter_012_fu_712           |  10|   0|   10|          0|
    |mul23_29_1_1_reg_5320              |  32|   0|   32|          0|
    |mul23_29_1_2_reg_5325              |  32|   0|   32|          0|
    |mul23_29_reg_5315                  |  32|   0|   32|          0|
    |mul23_30_1_1_reg_5355              |  32|   0|   32|          0|
    |mul23_30_1_2_reg_5360              |  32|   0|   32|          0|
    |mul23_30_2_reg_5365                |  32|   0|   32|          0|
    |mul23_30_reg_5330                  |  32|   0|   32|          0|
    |mul23_30_s_reg_5350                |  32|   0|   32|          0|
    |mul23_31_1_1_reg_5380              |  32|   0|   32|          0|
    |mul23_31_1_2_reg_5385              |  32|   0|   32|          0|
    |mul23_31_1_reg_5335                |  32|   0|   32|          0|
    |mul23_31_2_1_reg_5340              |  32|   0|   32|          0|
    |mul23_31_2_reg_5390                |  32|   0|   32|          0|
    |mul23_31_reg_5370                  |  32|   0|   32|          0|
    |mul23_31_s_reg_5375                |  32|   0|   32|          0|
    |reg_2721                           |  32|   0|   32|          0|
    |reg_2728                           |  32|   0|   32|          0|
    |reg_2735                           |  32|   0|   32|          0|
    |reg_2743                           |  32|   0|   32|          0|
    |reg_2751                           |  32|   0|   32|          0|
    |reg_2759                           |  32|   0|   32|          0|
    |reg_2766                           |  32|   0|   32|          0|
    |reg_2773                           |  32|   0|   32|          0|
    |reg_2780                           |  32|   0|   32|          0|
    |reg_2787                           |  32|   0|   32|          0|
    |reg_2795                           |  32|   0|   32|          0|
    |reg_2802                           |  32|   0|   32|          0|
    |reg_2810                           |  32|   0|   32|          0|
    |reg_2818                           |  32|   0|   32|          0|
    |reg_2825                           |  32|   0|   32|          0|
    |reg_2832                           |  32|   0|   32|          0|
    |reg_2839                           |  32|   0|   32|          0|
    |reg_2846                           |  32|   0|   32|          0|
    |reg_2852                           |  32|   0|   32|          0|
    |reg_2860                           |  32|   0|   32|          0|
    |reg_2867                           |  32|   0|   32|          0|
    |reg_2875                           |  32|   0|   32|          0|
    |reg_2883                           |  32|   0|   32|          0|
    |reg_2889                           |  32|   0|   32|          0|
    |reg_2897                           |  32|   0|   32|          0|
    |reg_2905                           |  32|   0|   32|          0|
    |reg_2913                           |  32|   0|   32|          0|
    |reg_2920                           |  32|   0|   32|          0|
    |reg_2926                           |  32|   0|   32|          0|
    |reg_2933                           |  32|   0|   32|          0|
    |reg_2941                           |  32|   0|   32|          0|
    |reg_2948                           |  32|   0|   32|          0|
    |reg_2955                           |  32|   0|   32|          0|
    |reg_2960                           |  32|   0|   32|          0|
    |reg_2968                           |  32|   0|   32|          0|
    |reg_2976                           |  32|   0|   32|          0|
    |reg_2984                           |  32|   0|   32|          0|
    |reg_2990                           |  32|   0|   32|          0|
    |reg_2996                           |  32|   0|   32|          0|
    |reg_3002                           |  32|   0|   32|          0|
    |reg_3010                           |  32|   0|   32|          0|
    |reg_3017                           |  32|   0|   32|          0|
    |reg_3024                           |  32|   0|   32|          0|
    |reg_3030                           |  32|   0|   32|          0|
    |reg_3035                           |  32|   0|   32|          0|
    |reg_3043                           |  32|   0|   32|          0|
    |reg_3050                           |  32|   0|   32|          0|
    |reg_3057                           |  32|   0|   32|          0|
    |reg_3065                           |  32|   0|   32|          0|
    |reg_3070                           |  32|   0|   32|          0|
    |reg_3076                           |  32|   0|   32|          0|
    |reg_3084                           |  32|   0|   32|          0|
    |reg_3092                           |  32|   0|   32|          0|
    |reg_3097                           |  32|   0|   32|          0|
    |reg_3105                           |  32|   0|   32|          0|
    |reg_3112                           |  32|   0|   32|          0|
    |reg_3118                           |  32|   0|   32|          0|
    |reg_3125                           |  32|   0|   32|          0|
    |reg_3131                           |  32|   0|   32|          0|
    |reg_3136                           |  32|   0|   32|          0|
    |reg_3141                           |  32|   0|   32|          0|
    |reg_3147                           |  32|   0|   32|          0|
    |reg_3153                           |  32|   0|   32|          0|
    |reg_3160                           |  32|   0|   32|          0|
    |reg_3166                           |  32|   0|   32|          0|
    |reg_3172                           |  32|   0|   32|          0|
    |reg_3180                           |  32|   0|   32|          0|
    |reg_3188                           |  32|   0|   32|          0|
    |reg_3195                           |  32|   0|   32|          0|
    |reg_3202                           |  32|   0|   32|          0|
    |reg_3207                           |  32|   0|   32|          0|
    |reg_3212                           |  32|   0|   32|          0|
    |temp_sum_4069_reg_5225             |  32|   0|   32|          0|
    |temp_sum_4071_reg_5230             |  32|   0|   32|          0|
    |temp_sum_4073_reg_5235             |  32|   0|   32|          0|
    |temp_sum_4075_reg_5240             |  32|   0|   32|          0|
    |temp_sum_4077_reg_5245             |  32|   0|   32|          0|
    |temp_sum_4079_reg_5250             |  32|   0|   32|          0|
    |temp_sum_4081_reg_5255             |  32|   0|   32|          0|
    |temp_sum_4083_reg_5260             |  32|   0|   32|          0|
    |temp_sum_4085_reg_5265             |  32|   0|   32|          0|
    |temp_sum_4087_reg_5270             |  32|   0|   32|          0|
    |temp_sum_4089_reg_5275             |  32|   0|   32|          0|
    |temp_sum_4091_reg_5280             |  32|   0|   32|          0|
    |temp_sum_4093_reg_5285             |  32|   0|   32|          0|
    |temp_sum_4095_reg_5290             |  32|   0|   32|          0|
    |temp_sum_4097_reg_5295             |  32|   0|   32|          0|
    |temp_sum_4099_reg_5300             |  32|   0|   32|          0|
    |temp_sum_4101_reg_5305             |  32|   0|   32|          0|
    |temp_sum_4103_reg_5310             |  32|   0|   32|          0|
    |temp_sum_4105_reg_5345             |  32|   0|   32|          0|
    |temp_sum_4107_reg_5395             |  32|   0|   32|          0|
    |temp_sum_4109_reg_5400             |  32|   0|   32|          0|
    |temp_sum_4111_reg_5405             |  32|   0|   32|          0|
    |temp_sum_4113_reg_5410             |  32|   0|   32|          0|
    |temp_sum_4115_reg_5420             |  32|   0|   32|          0|
    |temp_sum_4117_reg_5425             |  32|   0|   32|          0|
    |temp_sum_4119_reg_5435             |  32|   0|   32|          0|
    |temp_window_elements_37_reg_5192   |  32|   0|   32|          0|
    |temp_window_elements_reg_5185      |  32|   0|   32|          0|
    |tmp228_reg_5415                    |  32|   0|   32|          0|
    |tmp236_reg_5430                    |  32|   0|   32|          0|
    |tmp248_reg_5440                    |  32|   0|   32|          0|
    |tmp252_reg_5445                    |  32|   0|   32|          0|
    |tmp26_reg_5220                     |  32|   0|   32|          0|
    |trunc_ln145_228_reg_5122           |  32|   0|   32|          0|
    |trunc_ln145_229_reg_5127           |  32|   0|   32|          0|
    |trunc_ln145_230_reg_5132           |  32|   0|   32|          0|
    |trunc_ln145_231_reg_5137           |  32|   0|   32|          0|
    |trunc_ln145_232_reg_5142           |  32|   0|   32|          0|
    |trunc_ln145_233_reg_5147           |  32|   0|   32|          0|
    |trunc_ln145_234_reg_5152           |  32|   0|   32|          0|
    |trunc_ln145_reg_5112               |  32|   0|   32|          0|
    |trunc_ln145_s_reg_5117             |  32|   0|   32|          0|
    +-----------------------------------+----+----+-----+-----------+
    |Total                              |4401|   0| 4401|          0|
    +-----------------------------------+----+----+-----+-----------+



================================================================
== Interface
================================================================
* Summary: 
+-----------------------------------------------+-----+-----+------------+-------------------------------------------------------------+--------------+
|                   RTL Ports                   | Dir | Bits|  Protocol  |                        Source Object                        |    C Type    |
+-----------------------------------------------+-----+-----+------------+-------------------------------------------------------------+--------------+
|ap_clk                                         |   in|    1|  ap_ctrl_hs|  conv2d_sum_1c<float, 28u, 28u, 3u, 3u, 32u>_Pipeline_inputs|  return value|
|ap_rst                                         |   in|    1|  ap_ctrl_hs|  conv2d_sum_1c<float, 28u, 28u, 3u, 3u, 32u>_Pipeline_inputs|  return value|
|ap_start                                       |   in|    1|  ap_ctrl_hs|  conv2d_sum_1c<float, 28u, 28u, 3u, 3u, 32u>_Pipeline_inputs|  return value|
|ap_done                                        |  out|    1|  ap_ctrl_hs|  conv2d_sum_1c<float, 28u, 28u, 3u, 3u, 32u>_Pipeline_inputs|  return value|
|ap_idle                                        |  out|    1|  ap_ctrl_hs|  conv2d_sum_1c<float, 28u, 28u, 3u, 3u, 32u>_Pipeline_inputs|  return value|
|ap_ready                                       |  out|    1|  ap_ctrl_hs|  conv2d_sum_1c<float, 28u, 28u, 3u, 3u, 32u>_Pipeline_inputs|  return value|
|kernel_sums136_din                             |  out|   32|     ap_fifo|                                               kernel_sums136|       pointer|
|kernel_sums136_num_data_valid                  |   in|    3|     ap_fifo|                                               kernel_sums136|       pointer|
|kernel_sums136_fifo_cap                        |   in|    3|     ap_fifo|                                               kernel_sums136|       pointer|
|kernel_sums136_full_n                          |   in|    1|     ap_fifo|                                               kernel_sums136|       pointer|
|kernel_sums136_write                           |  out|    1|     ap_fifo|                                               kernel_sums136|       pointer|
|conv2d_32_padded_window_stream_dout            |   in|  288|     ap_fifo|                               conv2d_32_padded_window_stream|       pointer|
|conv2d_32_padded_window_stream_num_data_valid  |   in|    3|     ap_fifo|                               conv2d_32_padded_window_stream|       pointer|
|conv2d_32_padded_window_stream_fifo_cap        |   in|    3|     ap_fifo|                               conv2d_32_padded_window_stream|       pointer|
|conv2d_32_padded_window_stream_empty_n         |   in|    1|     ap_fifo|                               conv2d_32_padded_window_stream|       pointer|
|conv2d_32_padded_window_stream_read            |  out|    1|     ap_fifo|                               conv2d_32_padded_window_stream|       pointer|
|weights_load                                   |   in|   32|     ap_none|                                                 weights_load|        scalar|
|weights_load_18401                             |   in|   32|     ap_none|                                           weights_load_18401|        scalar|
|weights_load_18402                             |   in|   32|     ap_none|                                           weights_load_18402|        scalar|
|weights_load_18403                             |   in|   32|     ap_none|                                           weights_load_18403|        scalar|
|weights_load_18404                             |   in|   32|     ap_none|                                           weights_load_18404|        scalar|
|weights_load_18405                             |   in|   32|     ap_none|                                           weights_load_18405|        scalar|
|weights_load_18406                             |   in|   32|     ap_none|                                           weights_load_18406|        scalar|
|weights_load_18407                             |   in|   32|     ap_none|                                           weights_load_18407|        scalar|
|weights_load_18408                             |   in|   32|     ap_none|                                           weights_load_18408|        scalar|
|temp_sum                                       |   in|   32|     ap_none|                                                     temp_sum|        scalar|
|weights_load_18409                             |   in|   32|     ap_none|                                           weights_load_18409|        scalar|
|weights_load_18410                             |   in|   32|     ap_none|                                           weights_load_18410|        scalar|
|weights_load_18411                             |   in|   32|     ap_none|                                           weights_load_18411|        scalar|
|weights_load_18412                             |   in|   32|     ap_none|                                           weights_load_18412|        scalar|
|weights_load_18413                             |   in|   32|     ap_none|                                           weights_load_18413|        scalar|
|weights_load_18414                             |   in|   32|     ap_none|                                           weights_load_18414|        scalar|
|weights_load_18415                             |   in|   32|     ap_none|                                           weights_load_18415|        scalar|
|weights_load_18416                             |   in|   32|     ap_none|                                           weights_load_18416|        scalar|
|weights_load_18417                             |   in|   32|     ap_none|                                           weights_load_18417|        scalar|
|temp_sum_4066                                  |   in|   32|     ap_none|                                                temp_sum_4066|        scalar|
|weights_load_18418                             |   in|   32|     ap_none|                                           weights_load_18418|        scalar|
|weights_load_18419                             |   in|   32|     ap_none|                                           weights_load_18419|        scalar|
|weights_load_18420                             |   in|   32|     ap_none|                                           weights_load_18420|        scalar|
|weights_load_18421                             |   in|   32|     ap_none|                                           weights_load_18421|        scalar|
|weights_load_18422                             |   in|   32|     ap_none|                                           weights_load_18422|        scalar|
|weights_load_18423                             |   in|   32|     ap_none|                                           weights_load_18423|        scalar|
|weights_load_18424                             |   in|   32|     ap_none|                                           weights_load_18424|        scalar|
|weights_load_18425                             |   in|   32|     ap_none|                                           weights_load_18425|        scalar|
|weights_load_18426                             |   in|   32|     ap_none|                                           weights_load_18426|        scalar|
|temp_sum_4068                                  |   in|   32|     ap_none|                                                temp_sum_4068|        scalar|
|weights_load_18427                             |   in|   32|     ap_none|                                           weights_load_18427|        scalar|
|weights_load_18428                             |   in|   32|     ap_none|                                           weights_load_18428|        scalar|
|weights_load_18429                             |   in|   32|     ap_none|                                           weights_load_18429|        scalar|
|weights_load_18430                             |   in|   32|     ap_none|                                           weights_load_18430|        scalar|
|weights_load_18431                             |   in|   32|     ap_none|                                           weights_load_18431|        scalar|
|weights_load_18432                             |   in|   32|     ap_none|                                           weights_load_18432|        scalar|
|weights_load_18433                             |   in|   32|     ap_none|                                           weights_load_18433|        scalar|
|weights_load_18434                             |   in|   32|     ap_none|                                           weights_load_18434|        scalar|
|weights_load_18435                             |   in|   32|     ap_none|                                           weights_load_18435|        scalar|
|temp_sum_4070                                  |   in|   32|     ap_none|                                                temp_sum_4070|        scalar|
|weights_load_18436                             |   in|   32|     ap_none|                                           weights_load_18436|        scalar|
|weights_load_18437                             |   in|   32|     ap_none|                                           weights_load_18437|        scalar|
|weights_load_18438                             |   in|   32|     ap_none|                                           weights_load_18438|        scalar|
|weights_load_18439                             |   in|   32|     ap_none|                                           weights_load_18439|        scalar|
|weights_load_18440                             |   in|   32|     ap_none|                                           weights_load_18440|        scalar|
|weights_load_18441                             |   in|   32|     ap_none|                                           weights_load_18441|        scalar|
|weights_load_18442                             |   in|   32|     ap_none|                                           weights_load_18442|        scalar|
|weights_load_18443                             |   in|   32|     ap_none|                                           weights_load_18443|        scalar|
|weights_load_18444                             |   in|   32|     ap_none|                                           weights_load_18444|        scalar|
|temp_sum_4072                                  |   in|   32|     ap_none|                                                temp_sum_4072|        scalar|
|weights_load_18445                             |   in|   32|     ap_none|                                           weights_load_18445|        scalar|
|weights_load_18446                             |   in|   32|     ap_none|                                           weights_load_18446|        scalar|
|weights_load_18447                             |   in|   32|     ap_none|                                           weights_load_18447|        scalar|
|weights_load_18448                             |   in|   32|     ap_none|                                           weights_load_18448|        scalar|
|weights_load_18449                             |   in|   32|     ap_none|                                           weights_load_18449|        scalar|
|weights_load_18450                             |   in|   32|     ap_none|                                           weights_load_18450|        scalar|
|weights_load_18451                             |   in|   32|     ap_none|                                           weights_load_18451|        scalar|
|weights_load_18452                             |   in|   32|     ap_none|                                           weights_load_18452|        scalar|
|weights_load_18453                             |   in|   32|     ap_none|                                           weights_load_18453|        scalar|
|temp_sum_4074                                  |   in|   32|     ap_none|                                                temp_sum_4074|        scalar|
|weights_load_18454                             |   in|   32|     ap_none|                                           weights_load_18454|        scalar|
|weights_load_18455                             |   in|   32|     ap_none|                                           weights_load_18455|        scalar|
|weights_load_18456                             |   in|   32|     ap_none|                                           weights_load_18456|        scalar|
|weights_load_18457                             |   in|   32|     ap_none|                                           weights_load_18457|        scalar|
|weights_load_18458                             |   in|   32|     ap_none|                                           weights_load_18458|        scalar|
|weights_load_18459                             |   in|   32|     ap_none|                                           weights_load_18459|        scalar|
|weights_load_18460                             |   in|   32|     ap_none|                                           weights_load_18460|        scalar|
|weights_load_18461                             |   in|   32|     ap_none|                                           weights_load_18461|        scalar|
|weights_load_18462                             |   in|   32|     ap_none|                                           weights_load_18462|        scalar|
|temp_sum_4076                                  |   in|   32|     ap_none|                                                temp_sum_4076|        scalar|
|weights_load_18463                             |   in|   32|     ap_none|                                           weights_load_18463|        scalar|
|weights_load_18464                             |   in|   32|     ap_none|                                           weights_load_18464|        scalar|
|weights_load_18465                             |   in|   32|     ap_none|                                           weights_load_18465|        scalar|
|weights_load_18466                             |   in|   32|     ap_none|                                           weights_load_18466|        scalar|
|weights_load_18467                             |   in|   32|     ap_none|                                           weights_load_18467|        scalar|
|weights_load_18468                             |   in|   32|     ap_none|                                           weights_load_18468|        scalar|
|weights_load_18469                             |   in|   32|     ap_none|                                           weights_load_18469|        scalar|
|weights_load_18470                             |   in|   32|     ap_none|                                           weights_load_18470|        scalar|
|weights_load_18471                             |   in|   32|     ap_none|                                           weights_load_18471|        scalar|
|temp_sum_4078                                  |   in|   32|     ap_none|                                                temp_sum_4078|        scalar|
|weights_load_18472                             |   in|   32|     ap_none|                                           weights_load_18472|        scalar|
|weights_load_18473                             |   in|   32|     ap_none|                                           weights_load_18473|        scalar|
|weights_load_18474                             |   in|   32|     ap_none|                                           weights_load_18474|        scalar|
|weights_load_18475                             |   in|   32|     ap_none|                                           weights_load_18475|        scalar|
|weights_load_18476                             |   in|   32|     ap_none|                                           weights_load_18476|        scalar|
|weights_load_18477                             |   in|   32|     ap_none|                                           weights_load_18477|        scalar|
|weights_load_18478                             |   in|   32|     ap_none|                                           weights_load_18478|        scalar|
|weights_load_18479                             |   in|   32|     ap_none|                                           weights_load_18479|        scalar|
|weights_load_18480                             |   in|   32|     ap_none|                                           weights_load_18480|        scalar|
|temp_sum_4080                                  |   in|   32|     ap_none|                                                temp_sum_4080|        scalar|
|weights_load_18481                             |   in|   32|     ap_none|                                           weights_load_18481|        scalar|
|weights_load_18482                             |   in|   32|     ap_none|                                           weights_load_18482|        scalar|
|weights_load_18483                             |   in|   32|     ap_none|                                           weights_load_18483|        scalar|
|weights_load_18484                             |   in|   32|     ap_none|                                           weights_load_18484|        scalar|
|weights_load_18485                             |   in|   32|     ap_none|                                           weights_load_18485|        scalar|
|weights_load_18486                             |   in|   32|     ap_none|                                           weights_load_18486|        scalar|
|weights_load_18487                             |   in|   32|     ap_none|                                           weights_load_18487|        scalar|
|weights_load_18488                             |   in|   32|     ap_none|                                           weights_load_18488|        scalar|
|weights_load_18489                             |   in|   32|     ap_none|                                           weights_load_18489|        scalar|
|temp_sum_4082                                  |   in|   32|     ap_none|                                                temp_sum_4082|        scalar|
|weights_load_18490                             |   in|   32|     ap_none|                                           weights_load_18490|        scalar|
|weights_load_18491                             |   in|   32|     ap_none|                                           weights_load_18491|        scalar|
|weights_load_18492                             |   in|   32|     ap_none|                                           weights_load_18492|        scalar|
|weights_load_18493                             |   in|   32|     ap_none|                                           weights_load_18493|        scalar|
|weights_load_18494                             |   in|   32|     ap_none|                                           weights_load_18494|        scalar|
|weights_load_18495                             |   in|   32|     ap_none|                                           weights_load_18495|        scalar|
|weights_load_18496                             |   in|   32|     ap_none|                                           weights_load_18496|        scalar|
|weights_load_18497                             |   in|   32|     ap_none|                                           weights_load_18497|        scalar|
|weights_load_18498                             |   in|   32|     ap_none|                                           weights_load_18498|        scalar|
|temp_sum_4084                                  |   in|   32|     ap_none|                                                temp_sum_4084|        scalar|
|weights_load_18499                             |   in|   32|     ap_none|                                           weights_load_18499|        scalar|
|weights_load_18500                             |   in|   32|     ap_none|                                           weights_load_18500|        scalar|
|weights_load_18501                             |   in|   32|     ap_none|                                           weights_load_18501|        scalar|
|weights_load_18502                             |   in|   32|     ap_none|                                           weights_load_18502|        scalar|
|weights_load_18503                             |   in|   32|     ap_none|                                           weights_load_18503|        scalar|
|weights_load_18504                             |   in|   32|     ap_none|                                           weights_load_18504|        scalar|
|weights_load_18505                             |   in|   32|     ap_none|                                           weights_load_18505|        scalar|
|weights_load_18506                             |   in|   32|     ap_none|                                           weights_load_18506|        scalar|
|weights_load_18507                             |   in|   32|     ap_none|                                           weights_load_18507|        scalar|
|temp_sum_4086                                  |   in|   32|     ap_none|                                                temp_sum_4086|        scalar|
|weights_load_18508                             |   in|   32|     ap_none|                                           weights_load_18508|        scalar|
|weights_load_18509                             |   in|   32|     ap_none|                                           weights_load_18509|        scalar|
|weights_load_18510                             |   in|   32|     ap_none|                                           weights_load_18510|        scalar|
|weights_load_18511                             |   in|   32|     ap_none|                                           weights_load_18511|        scalar|
|weights_load_18512                             |   in|   32|     ap_none|                                           weights_load_18512|        scalar|
|weights_load_18513                             |   in|   32|     ap_none|                                           weights_load_18513|        scalar|
|weights_load_18514                             |   in|   32|     ap_none|                                           weights_load_18514|        scalar|
|weights_load_18515                             |   in|   32|     ap_none|                                           weights_load_18515|        scalar|
|weights_load_18516                             |   in|   32|     ap_none|                                           weights_load_18516|        scalar|
|temp_sum_4088                                  |   in|   32|     ap_none|                                                temp_sum_4088|        scalar|
|weights_load_18517                             |   in|   32|     ap_none|                                           weights_load_18517|        scalar|
|weights_load_18518                             |   in|   32|     ap_none|                                           weights_load_18518|        scalar|
|weights_load_18519                             |   in|   32|     ap_none|                                           weights_load_18519|        scalar|
|weights_load_18520                             |   in|   32|     ap_none|                                           weights_load_18520|        scalar|
|weights_load_18521                             |   in|   32|     ap_none|                                           weights_load_18521|        scalar|
|weights_load_18522                             |   in|   32|     ap_none|                                           weights_load_18522|        scalar|
|weights_load_18523                             |   in|   32|     ap_none|                                           weights_load_18523|        scalar|
|weights_load_18524                             |   in|   32|     ap_none|                                           weights_load_18524|        scalar|
|weights_load_18525                             |   in|   32|     ap_none|                                           weights_load_18525|        scalar|
|temp_sum_4090                                  |   in|   32|     ap_none|                                                temp_sum_4090|        scalar|
|weights_load_18526                             |   in|   32|     ap_none|                                           weights_load_18526|        scalar|
|weights_load_18527                             |   in|   32|     ap_none|                                           weights_load_18527|        scalar|
|weights_load_18528                             |   in|   32|     ap_none|                                           weights_load_18528|        scalar|
|weights_load_18529                             |   in|   32|     ap_none|                                           weights_load_18529|        scalar|
|weights_load_18530                             |   in|   32|     ap_none|                                           weights_load_18530|        scalar|
|weights_load_18531                             |   in|   32|     ap_none|                                           weights_load_18531|        scalar|
|weights_load_18532                             |   in|   32|     ap_none|                                           weights_load_18532|        scalar|
|weights_load_18533                             |   in|   32|     ap_none|                                           weights_load_18533|        scalar|
|weights_load_18534                             |   in|   32|     ap_none|                                           weights_load_18534|        scalar|
|temp_sum_4092                                  |   in|   32|     ap_none|                                                temp_sum_4092|        scalar|
|weights_load_18535                             |   in|   32|     ap_none|                                           weights_load_18535|        scalar|
|weights_load_18536                             |   in|   32|     ap_none|                                           weights_load_18536|        scalar|
|weights_load_18537                             |   in|   32|     ap_none|                                           weights_load_18537|        scalar|
|weights_load_18538                             |   in|   32|     ap_none|                                           weights_load_18538|        scalar|
|weights_load_18539                             |   in|   32|     ap_none|                                           weights_load_18539|        scalar|
|weights_load_18540                             |   in|   32|     ap_none|                                           weights_load_18540|        scalar|
|weights_load_18541                             |   in|   32|     ap_none|                                           weights_load_18541|        scalar|
|weights_load_18542                             |   in|   32|     ap_none|                                           weights_load_18542|        scalar|
|weights_load_18543                             |   in|   32|     ap_none|                                           weights_load_18543|        scalar|
|temp_sum_4094                                  |   in|   32|     ap_none|                                                temp_sum_4094|        scalar|
|weights_load_18544                             |   in|   32|     ap_none|                                           weights_load_18544|        scalar|
|weights_load_18545                             |   in|   32|     ap_none|                                           weights_load_18545|        scalar|
|weights_load_18546                             |   in|   32|     ap_none|                                           weights_load_18546|        scalar|
|weights_load_18547                             |   in|   32|     ap_none|                                           weights_load_18547|        scalar|
|weights_load_18548                             |   in|   32|     ap_none|                                           weights_load_18548|        scalar|
|weights_load_18549                             |   in|   32|     ap_none|                                           weights_load_18549|        scalar|
|weights_load_18550                             |   in|   32|     ap_none|                                           weights_load_18550|        scalar|
|weights_load_18551                             |   in|   32|     ap_none|                                           weights_load_18551|        scalar|
|weights_load_18552                             |   in|   32|     ap_none|                                           weights_load_18552|        scalar|
|temp_sum_4096                                  |   in|   32|     ap_none|                                                temp_sum_4096|        scalar|
|weights_load_18553                             |   in|   32|     ap_none|                                           weights_load_18553|        scalar|
|weights_load_18554                             |   in|   32|     ap_none|                                           weights_load_18554|        scalar|
|weights_load_18555                             |   in|   32|     ap_none|                                           weights_load_18555|        scalar|
|weights_load_18556                             |   in|   32|     ap_none|                                           weights_load_18556|        scalar|
|weights_load_18557                             |   in|   32|     ap_none|                                           weights_load_18557|        scalar|
|weights_load_18558                             |   in|   32|     ap_none|                                           weights_load_18558|        scalar|
|weights_load_18559                             |   in|   32|     ap_none|                                           weights_load_18559|        scalar|
|weights_load_18560                             |   in|   32|     ap_none|                                           weights_load_18560|        scalar|
|weights_load_18561                             |   in|   32|     ap_none|                                           weights_load_18561|        scalar|
|temp_sum_4098                                  |   in|   32|     ap_none|                                                temp_sum_4098|        scalar|
|weights_load_18562                             |   in|   32|     ap_none|                                           weights_load_18562|        scalar|
|weights_load_18563                             |   in|   32|     ap_none|                                           weights_load_18563|        scalar|
|weights_load_18564                             |   in|   32|     ap_none|                                           weights_load_18564|        scalar|
|weights_load_18565                             |   in|   32|     ap_none|                                           weights_load_18565|        scalar|
|weights_load_18566                             |   in|   32|     ap_none|                                           weights_load_18566|        scalar|
|weights_load_18567                             |   in|   32|     ap_none|                                           weights_load_18567|        scalar|
|weights_load_18568                             |   in|   32|     ap_none|                                           weights_load_18568|        scalar|
|weights_load_18569                             |   in|   32|     ap_none|                                           weights_load_18569|        scalar|
|weights_load_18570                             |   in|   32|     ap_none|                                           weights_load_18570|        scalar|
|temp_sum_4100                                  |   in|   32|     ap_none|                                                temp_sum_4100|        scalar|
|weights_load_18571                             |   in|   32|     ap_none|                                           weights_load_18571|        scalar|
|weights_load_18572                             |   in|   32|     ap_none|                                           weights_load_18572|        scalar|
|weights_load_18573                             |   in|   32|     ap_none|                                           weights_load_18573|        scalar|
|weights_load_18574                             |   in|   32|     ap_none|                                           weights_load_18574|        scalar|
|weights_load_18575                             |   in|   32|     ap_none|                                           weights_load_18575|        scalar|
|weights_load_18576                             |   in|   32|     ap_none|                                           weights_load_18576|        scalar|
|weights_load_18577                             |   in|   32|     ap_none|                                           weights_load_18577|        scalar|
|weights_load_18578                             |   in|   32|     ap_none|                                           weights_load_18578|        scalar|
|weights_load_18579                             |   in|   32|     ap_none|                                           weights_load_18579|        scalar|
|temp_sum_4102                                  |   in|   32|     ap_none|                                                temp_sum_4102|        scalar|
|weights_load_18580                             |   in|   32|     ap_none|                                           weights_load_18580|        scalar|
|weights_load_18581                             |   in|   32|     ap_none|                                           weights_load_18581|        scalar|
|weights_load_18582                             |   in|   32|     ap_none|                                           weights_load_18582|        scalar|
|weights_load_18583                             |   in|   32|     ap_none|                                           weights_load_18583|        scalar|
|weights_load_18584                             |   in|   32|     ap_none|                                           weights_load_18584|        scalar|
|weights_load_18585                             |   in|   32|     ap_none|                                           weights_load_18585|        scalar|
|weights_load_18586                             |   in|   32|     ap_none|                                           weights_load_18586|        scalar|
|weights_load_18587                             |   in|   32|     ap_none|                                           weights_load_18587|        scalar|
|weights_load_18588                             |   in|   32|     ap_none|                                           weights_load_18588|        scalar|
|temp_sum_4104                                  |   in|   32|     ap_none|                                                temp_sum_4104|        scalar|
|weights_load_18589                             |   in|   32|     ap_none|                                           weights_load_18589|        scalar|
|weights_load_18590                             |   in|   32|     ap_none|                                           weights_load_18590|        scalar|
|weights_load_18591                             |   in|   32|     ap_none|                                           weights_load_18591|        scalar|
|weights_load_18592                             |   in|   32|     ap_none|                                           weights_load_18592|        scalar|
|weights_load_18593                             |   in|   32|     ap_none|                                           weights_load_18593|        scalar|
|weights_load_18594                             |   in|   32|     ap_none|                                           weights_load_18594|        scalar|
|weights_load_18595                             |   in|   32|     ap_none|                                           weights_load_18595|        scalar|
|weights_load_18596                             |   in|   32|     ap_none|                                           weights_load_18596|        scalar|
|weights_load_18597                             |   in|   32|     ap_none|                                           weights_load_18597|        scalar|
|temp_sum_4106                                  |   in|   32|     ap_none|                                                temp_sum_4106|        scalar|
|weights_load_18598                             |   in|   32|     ap_none|                                           weights_load_18598|        scalar|
|weights_load_18599                             |   in|   32|     ap_none|                                           weights_load_18599|        scalar|
|weights_load_18600                             |   in|   32|     ap_none|                                           weights_load_18600|        scalar|
|weights_load_18601                             |   in|   32|     ap_none|                                           weights_load_18601|        scalar|
|weights_load_18602                             |   in|   32|     ap_none|                                           weights_load_18602|        scalar|
|weights_load_18603                             |   in|   32|     ap_none|                                           weights_load_18603|        scalar|
|weights_load_18604                             |   in|   32|     ap_none|                                           weights_load_18604|        scalar|
|weights_load_18605                             |   in|   32|     ap_none|                                           weights_load_18605|        scalar|
|weights_load_18606                             |   in|   32|     ap_none|                                           weights_load_18606|        scalar|
|temp_sum_4108                                  |   in|   32|     ap_none|                                                temp_sum_4108|        scalar|
|weights_load_18607                             |   in|   32|     ap_none|                                           weights_load_18607|        scalar|
|weights_load_18608                             |   in|   32|     ap_none|                                           weights_load_18608|        scalar|
|weights_load_18609                             |   in|   32|     ap_none|                                           weights_load_18609|        scalar|
|weights_load_18610                             |   in|   32|     ap_none|                                           weights_load_18610|        scalar|
|weights_load_18611                             |   in|   32|     ap_none|                                           weights_load_18611|        scalar|
|weights_load_18612                             |   in|   32|     ap_none|                                           weights_load_18612|        scalar|
|weights_load_18613                             |   in|   32|     ap_none|                                           weights_load_18613|        scalar|
|weights_load_18614                             |   in|   32|     ap_none|                                           weights_load_18614|        scalar|
|weights_load_18615                             |   in|   32|     ap_none|                                           weights_load_18615|        scalar|
|temp_sum_4110                                  |   in|   32|     ap_none|                                                temp_sum_4110|        scalar|
|weights_load_18616                             |   in|   32|     ap_none|                                           weights_load_18616|        scalar|
|weights_load_18617                             |   in|   32|     ap_none|                                           weights_load_18617|        scalar|
|weights_load_18618                             |   in|   32|     ap_none|                                           weights_load_18618|        scalar|
|weights_load_18619                             |   in|   32|     ap_none|                                           weights_load_18619|        scalar|
|weights_load_18620                             |   in|   32|     ap_none|                                           weights_load_18620|        scalar|
|weights_load_18621                             |   in|   32|     ap_none|                                           weights_load_18621|        scalar|
|weights_load_18622                             |   in|   32|     ap_none|                                           weights_load_18622|        scalar|
|weights_load_18623                             |   in|   32|     ap_none|                                           weights_load_18623|        scalar|
|weights_load_18624                             |   in|   32|     ap_none|                                           weights_load_18624|        scalar|
|temp_sum_4112                                  |   in|   32|     ap_none|                                                temp_sum_4112|        scalar|
|weights_load_18625                             |   in|   32|     ap_none|                                           weights_load_18625|        scalar|
|weights_load_18626                             |   in|   32|     ap_none|                                           weights_load_18626|        scalar|
|weights_load_18627                             |   in|   32|     ap_none|                                           weights_load_18627|        scalar|
|weights_load_18628                             |   in|   32|     ap_none|                                           weights_load_18628|        scalar|
|weights_load_18629                             |   in|   32|     ap_none|                                           weights_load_18629|        scalar|
|weights_load_18630                             |   in|   32|     ap_none|                                           weights_load_18630|        scalar|
|weights_load_18631                             |   in|   32|     ap_none|                                           weights_load_18631|        scalar|
|weights_load_18632                             |   in|   32|     ap_none|                                           weights_load_18632|        scalar|
|weights_load_18633                             |   in|   32|     ap_none|                                           weights_load_18633|        scalar|
|temp_sum_4114                                  |   in|   32|     ap_none|                                                temp_sum_4114|        scalar|
|weights_load_18634                             |   in|   32|     ap_none|                                           weights_load_18634|        scalar|
|weights_load_18635                             |   in|   32|     ap_none|                                           weights_load_18635|        scalar|
|weights_load_18636                             |   in|   32|     ap_none|                                           weights_load_18636|        scalar|
|weights_load_18637                             |   in|   32|     ap_none|                                           weights_load_18637|        scalar|
|weights_load_18638                             |   in|   32|     ap_none|                                           weights_load_18638|        scalar|
|weights_load_18639                             |   in|   32|     ap_none|                                           weights_load_18639|        scalar|
|weights_load_18640                             |   in|   32|     ap_none|                                           weights_load_18640|        scalar|
|weights_load_18641                             |   in|   32|     ap_none|                                           weights_load_18641|        scalar|
|weights_load_18642                             |   in|   32|     ap_none|                                           weights_load_18642|        scalar|
|temp_sum_4116                                  |   in|   32|     ap_none|                                                temp_sum_4116|        scalar|
|weights_load_18643                             |   in|   32|     ap_none|                                           weights_load_18643|        scalar|
|weights_load_18644                             |   in|   32|     ap_none|                                           weights_load_18644|        scalar|
|weights_load_18645                             |   in|   32|     ap_none|                                           weights_load_18645|        scalar|
|weights_load_18646                             |   in|   32|     ap_none|                                           weights_load_18646|        scalar|
|weights_load_18647                             |   in|   32|     ap_none|                                           weights_load_18647|        scalar|
|weights_load_18648                             |   in|   32|     ap_none|                                           weights_load_18648|        scalar|
|weights_load_18649                             |   in|   32|     ap_none|                                           weights_load_18649|        scalar|
|weights_load_18650                             |   in|   32|     ap_none|                                           weights_load_18650|        scalar|
|weights_load_18651                             |   in|   32|     ap_none|                                           weights_load_18651|        scalar|
|temp_sum_4118                                  |   in|   32|     ap_none|                                                temp_sum_4118|        scalar|
|weights_load_18652                             |   in|   32|     ap_none|                                           weights_load_18652|        scalar|
|weights_load_18653                             |   in|   32|     ap_none|                                           weights_load_18653|        scalar|
|weights_load_18654                             |   in|   32|     ap_none|                                           weights_load_18654|        scalar|
|weights_load_18655                             |   in|   32|     ap_none|                                           weights_load_18655|        scalar|
|weights_load_18656                             |   in|   32|     ap_none|                                           weights_load_18656|        scalar|
|weights_load_18657                             |   in|   32|     ap_none|                                           weights_load_18657|        scalar|
|weights_load_18658                             |   in|   32|     ap_none|                                           weights_load_18658|        scalar|
|weights_load_18659                             |   in|   32|     ap_none|                                           weights_load_18659|        scalar|
|weights_load_18660                             |   in|   32|     ap_none|                                           weights_load_18660|        scalar|
|temp_sum_4120                                  |   in|   32|     ap_none|                                                temp_sum_4120|        scalar|
|weights_load_18661                             |   in|   32|     ap_none|                                           weights_load_18661|        scalar|
|weights_load_18662                             |   in|   32|     ap_none|                                           weights_load_18662|        scalar|
|weights_load_18663                             |   in|   32|     ap_none|                                           weights_load_18663|        scalar|
|weights_load_18664                             |   in|   32|     ap_none|                                           weights_load_18664|        scalar|
|weights_load_18665                             |   in|   32|     ap_none|                                           weights_load_18665|        scalar|
|weights_load_18666                             |   in|   32|     ap_none|                                           weights_load_18666|        scalar|
|weights_load_18667                             |   in|   32|     ap_none|                                           weights_load_18667|        scalar|
|weights_load_18668                             |   in|   32|     ap_none|                                           weights_load_18668|        scalar|
|weights_load_18669                             |   in|   32|     ap_none|                                           weights_load_18669|        scalar|
|temp_sum_4122                                  |   in|   32|     ap_none|                                                temp_sum_4122|        scalar|
|weights_load_18670                             |   in|   32|     ap_none|                                           weights_load_18670|        scalar|
|weights_load_18671                             |   in|   32|     ap_none|                                           weights_load_18671|        scalar|
|weights_load_18672                             |   in|   32|     ap_none|                                           weights_load_18672|        scalar|
|weights_load_18673                             |   in|   32|     ap_none|                                           weights_load_18673|        scalar|
|weights_load_18674                             |   in|   32|     ap_none|                                           weights_load_18674|        scalar|
|weights_load_18675                             |   in|   32|     ap_none|                                           weights_load_18675|        scalar|
|weights_load_18676                             |   in|   32|     ap_none|                                           weights_load_18676|        scalar|
|weights_load_18677                             |   in|   32|     ap_none|                                           weights_load_18677|        scalar|
|weights_load_18678                             |   in|   32|     ap_none|                                           weights_load_18678|        scalar|
|temp_sum_4124                                  |   in|   32|     ap_none|                                                temp_sum_4124|        scalar|
|weights_load_18679                             |   in|   32|     ap_none|                                           weights_load_18679|        scalar|
|weights_load_18680                             |   in|   32|     ap_none|                                           weights_load_18680|        scalar|
|weights_load_18681                             |   in|   32|     ap_none|                                           weights_load_18681|        scalar|
|weights_load_18682                             |   in|   32|     ap_none|                                           weights_load_18682|        scalar|
|weights_load_18683                             |   in|   32|     ap_none|                                           weights_load_18683|        scalar|
|weights_load_18684                             |   in|   32|     ap_none|                                           weights_load_18684|        scalar|
|weights_load_18685                             |   in|   32|     ap_none|                                           weights_load_18685|        scalar|
|weights_load_18686                             |   in|   32|     ap_none|                                           weights_load_18686|        scalar|
|weights_load_18687                             |   in|   32|     ap_none|                                           weights_load_18687|        scalar|
|temp_sum_4126                                  |   in|   32|     ap_none|                                                temp_sum_4126|        scalar|
+-----------------------------------------------+-----+-----+------------+-------------------------------------------------------------+--------------+

