

================================================================
== Vitis HLS Report for 'conv2d_sum_mc_float_14u_14u_3u_3u_64u_3'
================================================================
* Date:           Tue Oct 18 21:16:29 2022

* Version:        2022.1 (Build 3526262 on Mon Apr 18 15:47:01 MDT 2022)
* Project:        forward_prop
* Solution:       solution1 (Vitis Kernel Flow Target)
* Product family: virtexuplus
* Target device:  xcvu5p-flva2104-1-e


================================================================
== Performance Estimates
================================================================
+ Timing: 
    * Summary: 
    +--------+----------+----------+------------+
    |  Clock |  Target  | Estimated| Uncertainty|
    +--------+----------+----------+------------+
    |ap_clk  |  10.00 ns|  7.725 ns|     2.70 ns|
    +--------+----------+----------+------------+

+ Latency: 
    * Summary: 
    +---------+---------+----------+----------+-------+-------+---------+
    |  Latency (cycles) |  Latency (absolute) |    Interval   | Pipeline|
    |   min   |   max   |    min   |    max   |  min  |  max  |   Type  |
    +---------+---------+----------+----------+-------+-------+---------+
    |    13138|    13138|  0.131 ms|  0.131 ms|  13138|  13138|       no|
    +---------+---------+----------+----------+-------+-------+---------+

    + Detail: 
        * Instance: 
        +---------------------------------------------------------------------+---------------------------------------------------------+---------+---------+----------+----------+-------+-------+---------+
        |                                                                     |                                                         |  Latency (cycles) |  Latency (absolute) |    Interval   | Pipeline|
        |                               Instance                              |                          Module                         |   min   |   max   |    min   |    max   |  min  |  max  |   Type  |
        +---------------------------------------------------------------------+---------------------------------------------------------+---------+---------+----------+----------+-------+-------+---------+
        |grp_conv2d_sum_mc_float_14u_14u_3u_3u_64u_3_Pipeline_inputs_fu_6371  |conv2d_sum_mc_float_14u_14u_3u_3u_64u_3_Pipeline_inputs  |    12561|    12561|  0.126 ms|  0.126 ms|  12561|  12561|       no|
        +---------------------------------------------------------------------+---------------------------------------------------------+---------+---------+----------+----------+-------+-------+---------+

        * Loop: 
        N/A



================================================================
== Utilization Estimates
================================================================
* Summary: 
+---------------------+---------+------+---------+--------+-----+
|         Name        | BRAM_18K|  DSP |    FF   |   LUT  | URAM|
+---------------------+---------+------+---------+--------+-----+
|DSP                  |        -|     -|        -|       -|    -|
|Expression           |        -|     -|        0|       2|    -|
|FIFO                 |        -|     -|        -|       -|    -|
|Instance             |        -|    43|     5780|    7090|    -|
|Memory               |        -|     -|        -|       -|    -|
|Multiplexer          |        -|     -|        -|    5413|    -|
|Register             |        -|     -|    19012|       -|    -|
+---------------------+---------+------+---------+--------+-----+
|Total                |        0|    43|    24792|   12505|    0|
+---------------------+---------+------+---------+--------+-----+
|Available SLR        |     1024|  1737|   600577|  300288|  235|
+---------------------+---------+------+---------+--------+-----+
|Utilization SLR (%)  |        0|     2|        4|       4|    0|
+---------------------+---------+------+---------+--------+-----+
|Available            |     2048|  3474|  1201154|  600577|  470|
+---------------------+---------+------+---------+--------+-----+
|Utilization (%)      |        0|     1|        2|       2|    0|
+---------------------+---------+------+---------+--------+-----+

+ Detail: 
    * Instance: 
    +---------------------------------------------------------------------+---------------------------------------------------------+---------+----+------+------+-----+
    |                               Instance                              |                          Module                         | BRAM_18K| DSP|  FF  |  LUT | URAM|
    +---------------------------------------------------------------------+---------------------------------------------------------+---------+----+------+------+-----+
    |grp_conv2d_sum_mc_float_14u_14u_3u_3u_64u_3_Pipeline_inputs_fu_6371  |conv2d_sum_mc_float_14u_14u_3u_3u_64u_3_Pipeline_inputs  |        0|  43|  5780|  7090|    0|
    +---------------------------------------------------------------------+---------------------------------------------------------+---------+----+------+------+-----+
    |Total                                                                |                                                         |        0|  43|  5780|  7090|    0|
    +---------------------------------------------------------------------+---------------------------------------------------------+---------+----+------+------+-----+

    * DSP: 
    N/A

    * Memory: 
    N/A

    * FIFO: 
    N/A

    * Expression: 
    +-----------------+----------+----+---+----+------------+------------+
    |  Variable Name  | Operation| DSP| FF| LUT| Bitwidth P0| Bitwidth P1|
    +-----------------+----------+----+---+----+------------+------------+
    |ap_block_state1  |        or|   0|  0|   2|           1|           1|
    +-----------------+----------+----+---+----+------------+------------+
    |Total            |          |   0|  0|   2|           1|           1|
    +-----------------+----------+----+---+----+------------+------------+

    * Multiplexer: 
    +---------------------------------------+------+-----------+-----+-----------+
    |                  Name                 |  LUT | Input Size| Bits| Total Bits|
    +---------------------------------------+------+-----------+-----+-----------+
    |ap_NS_fsm                              |  2693|        579|    1|        579|
    |ap_done                                |     9|          2|    1|          2|
    |conv2d_64_padded_window_stream_3_read  |     9|          2|    1|          2|
    |in_channel_map_stream_3_write          |     9|          2|    1|          2|
    |weights_address0                       |  2693|        577|   10|       5770|
    +---------------------------------------+------+-----------+-----+-----------+
    |Total                                  |  5413|       1162|   14|       6355|
    +---------------------------------------+------+-----------+-----+-----------+

    * Register: 
    +----------------------------------------------------------------------------------+-----+----+-----+-----------+
    |                                       Name                                       |  FF | LUT| Bits| Const Bits|
    +----------------------------------------------------------------------------------+-----+----+-----+-----------+
    |ap_CS_fsm                                                                         |  578|   0|  578|          0|
    |ap_done_reg                                                                       |    1|   0|    1|          0|
    |grp_conv2d_sum_mc_float_14u_14u_3u_3u_64u_3_Pipeline_inputs_fu_6371_ap_start_reg  |    1|   0|    1|          0|
    |weights_load_4601_reg_6976                                                        |   32|   0|   32|          0|
    |weights_load_4602_reg_6986                                                        |   32|   0|   32|          0|
    |weights_load_4603_reg_6996                                                        |   32|   0|   32|          0|
    |weights_load_4604_reg_7006                                                        |   32|   0|   32|          0|
    |weights_load_4605_reg_7016                                                        |   32|   0|   32|          0|
    |weights_load_4606_reg_7026                                                        |   32|   0|   32|          0|
    |weights_load_4607_reg_7036                                                        |   32|   0|   32|          0|
    |weights_load_4608_reg_7046                                                        |   32|   0|   32|          0|
    |weights_load_4609_reg_7056                                                        |   32|   0|   32|          0|
    |weights_load_4610_reg_7066                                                        |   32|   0|   32|          0|
    |weights_load_4611_reg_7076                                                        |   32|   0|   32|          0|
    |weights_load_4612_reg_7086                                                        |   32|   0|   32|          0|
    |weights_load_4613_reg_7096                                                        |   32|   0|   32|          0|
    |weights_load_4614_reg_7106                                                        |   32|   0|   32|          0|
    |weights_load_4615_reg_7116                                                        |   32|   0|   32|          0|
    |weights_load_4616_reg_7126                                                        |   32|   0|   32|          0|
    |weights_load_4617_reg_7136                                                        |   32|   0|   32|          0|
    |weights_load_4618_reg_7146                                                        |   32|   0|   32|          0|
    |weights_load_4619_reg_7156                                                        |   32|   0|   32|          0|
    |weights_load_4620_reg_7166                                                        |   32|   0|   32|          0|
    |weights_load_4621_reg_7176                                                        |   32|   0|   32|          0|
    |weights_load_4622_reg_7186                                                        |   32|   0|   32|          0|
    |weights_load_4623_reg_7196                                                        |   32|   0|   32|          0|
    |weights_load_4624_reg_7206                                                        |   32|   0|   32|          0|
    |weights_load_4625_reg_7216                                                        |   32|   0|   32|          0|
    |weights_load_4626_reg_7226                                                        |   32|   0|   32|          0|
    |weights_load_4627_reg_7236                                                        |   32|   0|   32|          0|
    |weights_load_4628_reg_7246                                                        |   32|   0|   32|          0|
    |weights_load_4629_reg_7256                                                        |   32|   0|   32|          0|
    |weights_load_4630_reg_7266                                                        |   32|   0|   32|          0|
    |weights_load_4631_reg_7276                                                        |   32|   0|   32|          0|
    |weights_load_4632_reg_7286                                                        |   32|   0|   32|          0|
    |weights_load_4633_reg_7296                                                        |   32|   0|   32|          0|
    |weights_load_4634_reg_7306                                                        |   32|   0|   32|          0|
    |weights_load_4635_reg_7316                                                        |   32|   0|   32|          0|
    |weights_load_4636_reg_7326                                                        |   32|   0|   32|          0|
    |weights_load_4637_reg_7336                                                        |   32|   0|   32|          0|
    |weights_load_4638_reg_7346                                                        |   32|   0|   32|          0|
    |weights_load_4639_reg_7356                                                        |   32|   0|   32|          0|
    |weights_load_4640_reg_7366                                                        |   32|   0|   32|          0|
    |weights_load_4641_reg_7376                                                        |   32|   0|   32|          0|
    |weights_load_4642_reg_7386                                                        |   32|   0|   32|          0|
    |weights_load_4643_reg_7396                                                        |   32|   0|   32|          0|
    |weights_load_4644_reg_7406                                                        |   32|   0|   32|          0|
    |weights_load_4645_reg_7416                                                        |   32|   0|   32|          0|
    |weights_load_4646_reg_7426                                                        |   32|   0|   32|          0|
    |weights_load_4647_reg_7436                                                        |   32|   0|   32|          0|
    |weights_load_4648_reg_7446                                                        |   32|   0|   32|          0|
    |weights_load_4649_reg_7456                                                        |   32|   0|   32|          0|
    |weights_load_4650_reg_7466                                                        |   32|   0|   32|          0|
    |weights_load_4651_reg_7476                                                        |   32|   0|   32|          0|
    |weights_load_4652_reg_7486                                                        |   32|   0|   32|          0|
    |weights_load_4653_reg_7496                                                        |   32|   0|   32|          0|
    |weights_load_4654_reg_7506                                                        |   32|   0|   32|          0|
    |weights_load_4655_reg_7516                                                        |   32|   0|   32|          0|
    |weights_load_4656_reg_7526                                                        |   32|   0|   32|          0|
    |weights_load_4657_reg_7536                                                        |   32|   0|   32|          0|
    |weights_load_4658_reg_7546                                                        |   32|   0|   32|          0|
    |weights_load_4659_reg_7556                                                        |   32|   0|   32|          0|
    |weights_load_4660_reg_7566                                                        |   32|   0|   32|          0|
    |weights_load_4661_reg_7576                                                        |   32|   0|   32|          0|
    |weights_load_4662_reg_7586                                                        |   32|   0|   32|          0|
    |weights_load_4663_reg_7596                                                        |   32|   0|   32|          0|
    |weights_load_4664_reg_7606                                                        |   32|   0|   32|          0|
    |weights_load_4665_reg_7616                                                        |   32|   0|   32|          0|
    |weights_load_4666_reg_7626                                                        |   32|   0|   32|          0|
    |weights_load_4667_reg_7636                                                        |   32|   0|   32|          0|
    |weights_load_4668_reg_7646                                                        |   32|   0|   32|          0|
    |weights_load_4669_reg_7656                                                        |   32|   0|   32|          0|
    |weights_load_4670_reg_7666                                                        |   32|   0|   32|          0|
    |weights_load_4671_reg_7676                                                        |   32|   0|   32|          0|
    |weights_load_4672_reg_7686                                                        |   32|   0|   32|          0|
    |weights_load_4673_reg_7696                                                        |   32|   0|   32|          0|
    |weights_load_4674_reg_7706                                                        |   32|   0|   32|          0|
    |weights_load_4675_reg_7716                                                        |   32|   0|   32|          0|
    |weights_load_4676_reg_7726                                                        |   32|   0|   32|          0|
    |weights_load_4677_reg_7736                                                        |   32|   0|   32|          0|
    |weights_load_4678_reg_7746                                                        |   32|   0|   32|          0|
    |weights_load_4679_reg_7756                                                        |   32|   0|   32|          0|
    |weights_load_4680_reg_7766                                                        |   32|   0|   32|          0|
    |weights_load_4681_reg_7776                                                        |   32|   0|   32|          0|
    |weights_load_4682_reg_7786                                                        |   32|   0|   32|          0|
    |weights_load_4683_reg_7796                                                        |   32|   0|   32|          0|
    |weights_load_4684_reg_7806                                                        |   32|   0|   32|          0|
    |weights_load_4685_reg_7816                                                        |   32|   0|   32|          0|
    |weights_load_4686_reg_7826                                                        |   32|   0|   32|          0|
    |weights_load_4687_reg_7836                                                        |   32|   0|   32|          0|
    |weights_load_4688_reg_7846                                                        |   32|   0|   32|          0|
    |weights_load_4689_reg_7856                                                        |   32|   0|   32|          0|
    |weights_load_4690_reg_7866                                                        |   32|   0|   32|          0|
    |weights_load_4691_reg_7876                                                        |   32|   0|   32|          0|
    |weights_load_4692_reg_7886                                                        |   32|   0|   32|          0|
    |weights_load_4693_reg_7896                                                        |   32|   0|   32|          0|
    |weights_load_4694_reg_7906                                                        |   32|   0|   32|          0|
    |weights_load_4695_reg_7916                                                        |   32|   0|   32|          0|
    |weights_load_4696_reg_7926                                                        |   32|   0|   32|          0|
    |weights_load_4697_reg_7936                                                        |   32|   0|   32|          0|
    |weights_load_4698_reg_7946                                                        |   32|   0|   32|          0|
    |weights_load_4699_reg_7956                                                        |   32|   0|   32|          0|
    |weights_load_4700_reg_7966                                                        |   32|   0|   32|          0|
    |weights_load_4701_reg_7976                                                        |   32|   0|   32|          0|
    |weights_load_4702_reg_7986                                                        |   32|   0|   32|          0|
    |weights_load_4703_reg_7996                                                        |   32|   0|   32|          0|
    |weights_load_4704_reg_8006                                                        |   32|   0|   32|          0|
    |weights_load_4705_reg_8016                                                        |   32|   0|   32|          0|
    |weights_load_4706_reg_8026                                                        |   32|   0|   32|          0|
    |weights_load_4707_reg_8036                                                        |   32|   0|   32|          0|
    |weights_load_4708_reg_8046                                                        |   32|   0|   32|          0|
    |weights_load_4709_reg_8056                                                        |   32|   0|   32|          0|
    |weights_load_4710_reg_8066                                                        |   32|   0|   32|          0|
    |weights_load_4711_reg_8076                                                        |   32|   0|   32|          0|
    |weights_load_4712_reg_8086                                                        |   32|   0|   32|          0|
    |weights_load_4713_reg_8096                                                        |   32|   0|   32|          0|
    |weights_load_4714_reg_8106                                                        |   32|   0|   32|          0|
    |weights_load_4715_reg_8116                                                        |   32|   0|   32|          0|
    |weights_load_4716_reg_8126                                                        |   32|   0|   32|          0|
    |weights_load_4717_reg_8136                                                        |   32|   0|   32|          0|
    |weights_load_4718_reg_8146                                                        |   32|   0|   32|          0|
    |weights_load_4719_reg_8156                                                        |   32|   0|   32|          0|
    |weights_load_4720_reg_8166                                                        |   32|   0|   32|          0|
    |weights_load_4721_reg_8176                                                        |   32|   0|   32|          0|
    |weights_load_4722_reg_8186                                                        |   32|   0|   32|          0|
    |weights_load_4723_reg_8196                                                        |   32|   0|   32|          0|
    |weights_load_4724_reg_8206                                                        |   32|   0|   32|          0|
    |weights_load_4725_reg_8216                                                        |   32|   0|   32|          0|
    |weights_load_4726_reg_8226                                                        |   32|   0|   32|          0|
    |weights_load_4727_reg_8236                                                        |   32|   0|   32|          0|
    |weights_load_4728_reg_8246                                                        |   32|   0|   32|          0|
    |weights_load_4729_reg_8256                                                        |   32|   0|   32|          0|
    |weights_load_4730_reg_8266                                                        |   32|   0|   32|          0|
    |weights_load_4731_reg_8276                                                        |   32|   0|   32|          0|
    |weights_load_4732_reg_8286                                                        |   32|   0|   32|          0|
    |weights_load_4733_reg_8296                                                        |   32|   0|   32|          0|
    |weights_load_4734_reg_8306                                                        |   32|   0|   32|          0|
    |weights_load_4735_reg_8316                                                        |   32|   0|   32|          0|
    |weights_load_4736_reg_8326                                                        |   32|   0|   32|          0|
    |weights_load_4737_reg_8336                                                        |   32|   0|   32|          0|
    |weights_load_4738_reg_8346                                                        |   32|   0|   32|          0|
    |weights_load_4739_reg_8356                                                        |   32|   0|   32|          0|
    |weights_load_4740_reg_8366                                                        |   32|   0|   32|          0|
    |weights_load_4741_reg_8376                                                        |   32|   0|   32|          0|
    |weights_load_4742_reg_8386                                                        |   32|   0|   32|          0|
    |weights_load_4743_reg_8396                                                        |   32|   0|   32|          0|
    |weights_load_4744_reg_8406                                                        |   32|   0|   32|          0|
    |weights_load_4745_reg_8416                                                        |   32|   0|   32|          0|
    |weights_load_4746_reg_8426                                                        |   32|   0|   32|          0|
    |weights_load_4747_reg_8436                                                        |   32|   0|   32|          0|
    |weights_load_4748_reg_8446                                                        |   32|   0|   32|          0|
    |weights_load_4749_reg_8456                                                        |   32|   0|   32|          0|
    |weights_load_4750_reg_8466                                                        |   32|   0|   32|          0|
    |weights_load_4751_reg_8476                                                        |   32|   0|   32|          0|
    |weights_load_4752_reg_8486                                                        |   32|   0|   32|          0|
    |weights_load_4753_reg_8496                                                        |   32|   0|   32|          0|
    |weights_load_4754_reg_8506                                                        |   32|   0|   32|          0|
    |weights_load_4755_reg_8516                                                        |   32|   0|   32|          0|
    |weights_load_4756_reg_8526                                                        |   32|   0|   32|          0|
    |weights_load_4757_reg_8536                                                        |   32|   0|   32|          0|
    |weights_load_4758_reg_8546                                                        |   32|   0|   32|          0|
    |weights_load_4759_reg_8556                                                        |   32|   0|   32|          0|
    |weights_load_4760_reg_8566                                                        |   32|   0|   32|          0|
    |weights_load_4761_reg_8576                                                        |   32|   0|   32|          0|
    |weights_load_4762_reg_8586                                                        |   32|   0|   32|          0|
    |weights_load_4763_reg_8596                                                        |   32|   0|   32|          0|
    |weights_load_4764_reg_8606                                                        |   32|   0|   32|          0|
    |weights_load_4765_reg_8616                                                        |   32|   0|   32|          0|
    |weights_load_4766_reg_8626                                                        |   32|   0|   32|          0|
    |weights_load_4767_reg_8636                                                        |   32|   0|   32|          0|
    |weights_load_4768_reg_8646                                                        |   32|   0|   32|          0|
    |weights_load_4769_reg_8656                                                        |   32|   0|   32|          0|
    |weights_load_4770_reg_8666                                                        |   32|   0|   32|          0|
    |weights_load_4771_reg_8676                                                        |   32|   0|   32|          0|
    |weights_load_4772_reg_8686                                                        |   32|   0|   32|          0|
    |weights_load_4773_reg_8696                                                        |   32|   0|   32|          0|
    |weights_load_4774_reg_8706                                                        |   32|   0|   32|          0|
    |weights_load_4775_reg_8716                                                        |   32|   0|   32|          0|
    |weights_load_4776_reg_8726                                                        |   32|   0|   32|          0|
    |weights_load_4777_reg_8736                                                        |   32|   0|   32|          0|
    |weights_load_4778_reg_8746                                                        |   32|   0|   32|          0|
    |weights_load_4779_reg_8756                                                        |   32|   0|   32|          0|
    |weights_load_4780_reg_8766                                                        |   32|   0|   32|          0|
    |weights_load_4781_reg_8776                                                        |   32|   0|   32|          0|
    |weights_load_4782_reg_8786                                                        |   32|   0|   32|          0|
    |weights_load_4783_reg_8796                                                        |   32|   0|   32|          0|
    |weights_load_4784_reg_8806                                                        |   32|   0|   32|          0|
    |weights_load_4785_reg_8816                                                        |   32|   0|   32|          0|
    |weights_load_4786_reg_8826                                                        |   32|   0|   32|          0|
    |weights_load_4787_reg_8836                                                        |   32|   0|   32|          0|
    |weights_load_4788_reg_8846                                                        |   32|   0|   32|          0|
    |weights_load_4789_reg_8856                                                        |   32|   0|   32|          0|
    |weights_load_4790_reg_8866                                                        |   32|   0|   32|          0|
    |weights_load_4791_reg_8876                                                        |   32|   0|   32|          0|
    |weights_load_4792_reg_8886                                                        |   32|   0|   32|          0|
    |weights_load_4793_reg_8896                                                        |   32|   0|   32|          0|
    |weights_load_4794_reg_8906                                                        |   32|   0|   32|          0|
    |weights_load_4795_reg_8916                                                        |   32|   0|   32|          0|
    |weights_load_4796_reg_8926                                                        |   32|   0|   32|          0|
    |weights_load_4797_reg_8936                                                        |   32|   0|   32|          0|
    |weights_load_4798_reg_8946                                                        |   32|   0|   32|          0|
    |weights_load_4799_reg_8956                                                        |   32|   0|   32|          0|
    |weights_load_4800_reg_8966                                                        |   32|   0|   32|          0|
    |weights_load_4801_reg_8976                                                        |   32|   0|   32|          0|
    |weights_load_4802_reg_8986                                                        |   32|   0|   32|          0|
    |weights_load_4803_reg_8996                                                        |   32|   0|   32|          0|
    |weights_load_4804_reg_9006                                                        |   32|   0|   32|          0|
    |weights_load_4805_reg_9016                                                        |   32|   0|   32|          0|
    |weights_load_4806_reg_9026                                                        |   32|   0|   32|          0|
    |weights_load_4807_reg_9036                                                        |   32|   0|   32|          0|
    |weights_load_4808_reg_9046                                                        |   32|   0|   32|          0|
    |weights_load_4809_reg_9056                                                        |   32|   0|   32|          0|
    |weights_load_4810_reg_9066                                                        |   32|   0|   32|          0|
    |weights_load_4811_reg_9076                                                        |   32|   0|   32|          0|
    |weights_load_4812_reg_9086                                                        |   32|   0|   32|          0|
    |weights_load_4813_reg_9096                                                        |   32|   0|   32|          0|
    |weights_load_4814_reg_9106                                                        |   32|   0|   32|          0|
    |weights_load_4815_reg_9116                                                        |   32|   0|   32|          0|
    |weights_load_4816_reg_9126                                                        |   32|   0|   32|          0|
    |weights_load_4817_reg_9136                                                        |   32|   0|   32|          0|
    |weights_load_4818_reg_9146                                                        |   32|   0|   32|          0|
    |weights_load_4819_reg_9156                                                        |   32|   0|   32|          0|
    |weights_load_4820_reg_9166                                                        |   32|   0|   32|          0|
    |weights_load_4821_reg_9176                                                        |   32|   0|   32|          0|
    |weights_load_4822_reg_9186                                                        |   32|   0|   32|          0|
    |weights_load_4823_reg_9196                                                        |   32|   0|   32|          0|
    |weights_load_4824_reg_9206                                                        |   32|   0|   32|          0|
    |weights_load_4825_reg_9216                                                        |   32|   0|   32|          0|
    |weights_load_4826_reg_9226                                                        |   32|   0|   32|          0|
    |weights_load_4827_reg_9236                                                        |   32|   0|   32|          0|
    |weights_load_4828_reg_9246                                                        |   32|   0|   32|          0|
    |weights_load_4829_reg_9256                                                        |   32|   0|   32|          0|
    |weights_load_4830_reg_9266                                                        |   32|   0|   32|          0|
    |weights_load_4831_reg_9276                                                        |   32|   0|   32|          0|
    |weights_load_4832_reg_9286                                                        |   32|   0|   32|          0|
    |weights_load_4833_reg_9296                                                        |   32|   0|   32|          0|
    |weights_load_4834_reg_9306                                                        |   32|   0|   32|          0|
    |weights_load_4835_reg_9316                                                        |   32|   0|   32|          0|
    |weights_load_4836_reg_9326                                                        |   32|   0|   32|          0|
    |weights_load_4837_reg_9336                                                        |   32|   0|   32|          0|
    |weights_load_4838_reg_9346                                                        |   32|   0|   32|          0|
    |weights_load_4839_reg_9356                                                        |   32|   0|   32|          0|
    |weights_load_4840_reg_9366                                                        |   32|   0|   32|          0|
    |weights_load_4841_reg_9376                                                        |   32|   0|   32|          0|
    |weights_load_4842_reg_9386                                                        |   32|   0|   32|          0|
    |weights_load_4843_reg_9396                                                        |   32|   0|   32|          0|
    |weights_load_4844_reg_9406                                                        |   32|   0|   32|          0|
    |weights_load_4845_reg_9416                                                        |   32|   0|   32|          0|
    |weights_load_4846_reg_9426                                                        |   32|   0|   32|          0|
    |weights_load_4847_reg_9436                                                        |   32|   0|   32|          0|
    |weights_load_4848_reg_9446                                                        |   32|   0|   32|          0|
    |weights_load_4849_reg_9456                                                        |   32|   0|   32|          0|
    |weights_load_4850_reg_9466                                                        |   32|   0|   32|          0|
    |weights_load_4851_reg_9476                                                        |   32|   0|   32|          0|
    |weights_load_4852_reg_9486                                                        |   32|   0|   32|          0|
    |weights_load_4853_reg_9496                                                        |   32|   0|   32|          0|
    |weights_load_4854_reg_9506                                                        |   32|   0|   32|          0|
    |weights_load_4855_reg_9516                                                        |   32|   0|   32|          0|
    |weights_load_4856_reg_9526                                                        |   32|   0|   32|          0|
    |weights_load_4857_reg_9536                                                        |   32|   0|   32|          0|
    |weights_load_4858_reg_9546                                                        |   32|   0|   32|          0|
    |weights_load_4859_reg_9556                                                        |   32|   0|   32|          0|
    |weights_load_4860_reg_9566                                                        |   32|   0|   32|          0|
    |weights_load_4861_reg_9576                                                        |   32|   0|   32|          0|
    |weights_load_4862_reg_9586                                                        |   32|   0|   32|          0|
    |weights_load_4863_reg_9596                                                        |   32|   0|   32|          0|
    |weights_load_4864_reg_9606                                                        |   32|   0|   32|          0|
    |weights_load_4865_reg_9616                                                        |   32|   0|   32|          0|
    |weights_load_4866_reg_9626                                                        |   32|   0|   32|          0|
    |weights_load_4867_reg_9636                                                        |   32|   0|   32|          0|
    |weights_load_4868_reg_9646                                                        |   32|   0|   32|          0|
    |weights_load_4869_reg_9656                                                        |   32|   0|   32|          0|
    |weights_load_4870_reg_9666                                                        |   32|   0|   32|          0|
    |weights_load_4871_reg_9676                                                        |   32|   0|   32|          0|
    |weights_load_4872_reg_9686                                                        |   32|   0|   32|          0|
    |weights_load_4873_reg_9696                                                        |   32|   0|   32|          0|
    |weights_load_4874_reg_9706                                                        |   32|   0|   32|          0|
    |weights_load_4875_reg_9716                                                        |   32|   0|   32|          0|
    |weights_load_4876_reg_9726                                                        |   32|   0|   32|          0|
    |weights_load_4877_reg_9736                                                        |   32|   0|   32|          0|
    |weights_load_4878_reg_9746                                                        |   32|   0|   32|          0|
    |weights_load_4879_reg_9756                                                        |   32|   0|   32|          0|
    |weights_load_4880_reg_9766                                                        |   32|   0|   32|          0|
    |weights_load_4881_reg_9776                                                        |   32|   0|   32|          0|
    |weights_load_4882_reg_9786                                                        |   32|   0|   32|          0|
    |weights_load_4883_reg_9796                                                        |   32|   0|   32|          0|
    |weights_load_4884_reg_9806                                                        |   32|   0|   32|          0|
    |weights_load_4885_reg_9816                                                        |   32|   0|   32|          0|
    |weights_load_4886_reg_9826                                                        |   32|   0|   32|          0|
    |weights_load_4887_reg_9836                                                        |   32|   0|   32|          0|
    |weights_load_4888_reg_9846                                                        |   32|   0|   32|          0|
    |weights_load_4889_reg_9856                                                        |   32|   0|   32|          0|
    |weights_load_4890_reg_9866                                                        |   32|   0|   32|          0|
    |weights_load_4891_reg_9876                                                        |   32|   0|   32|          0|
    |weights_load_4892_reg_9886                                                        |   32|   0|   32|          0|
    |weights_load_4893_reg_9896                                                        |   32|   0|   32|          0|
    |weights_load_4894_reg_9906                                                        |   32|   0|   32|          0|
    |weights_load_4895_reg_9916                                                        |   32|   0|   32|          0|
    |weights_load_4896_reg_9926                                                        |   32|   0|   32|          0|
    |weights_load_4897_reg_9936                                                        |   32|   0|   32|          0|
    |weights_load_4898_reg_9946                                                        |   32|   0|   32|          0|
    |weights_load_4899_reg_9956                                                        |   32|   0|   32|          0|
    |weights_load_4900_reg_9966                                                        |   32|   0|   32|          0|
    |weights_load_4901_reg_9976                                                        |   32|   0|   32|          0|
    |weights_load_4902_reg_9986                                                        |   32|   0|   32|          0|
    |weights_load_4903_reg_9996                                                        |   32|   0|   32|          0|
    |weights_load_4904_reg_10006                                                       |   32|   0|   32|          0|
    |weights_load_4905_reg_10016                                                       |   32|   0|   32|          0|
    |weights_load_4906_reg_10026                                                       |   32|   0|   32|          0|
    |weights_load_4907_reg_10036                                                       |   32|   0|   32|          0|
    |weights_load_4908_reg_10046                                                       |   32|   0|   32|          0|
    |weights_load_4909_reg_10056                                                       |   32|   0|   32|          0|
    |weights_load_4910_reg_10066                                                       |   32|   0|   32|          0|
    |weights_load_4911_reg_10076                                                       |   32|   0|   32|          0|
    |weights_load_4912_reg_10086                                                       |   32|   0|   32|          0|
    |weights_load_4913_reg_10096                                                       |   32|   0|   32|          0|
    |weights_load_4914_reg_10106                                                       |   32|   0|   32|          0|
    |weights_load_4915_reg_10116                                                       |   32|   0|   32|          0|
    |weights_load_4916_reg_10126                                                       |   32|   0|   32|          0|
    |weights_load_4917_reg_10136                                                       |   32|   0|   32|          0|
    |weights_load_4918_reg_10146                                                       |   32|   0|   32|          0|
    |weights_load_4919_reg_10156                                                       |   32|   0|   32|          0|
    |weights_load_4920_reg_10166                                                       |   32|   0|   32|          0|
    |weights_load_4921_reg_10176                                                       |   32|   0|   32|          0|
    |weights_load_4922_reg_10186                                                       |   32|   0|   32|          0|
    |weights_load_4923_reg_10196                                                       |   32|   0|   32|          0|
    |weights_load_4924_reg_10206                                                       |   32|   0|   32|          0|
    |weights_load_4925_reg_10216                                                       |   32|   0|   32|          0|
    |weights_load_4926_reg_10226                                                       |   32|   0|   32|          0|
    |weights_load_4927_reg_10236                                                       |   32|   0|   32|          0|
    |weights_load_4928_reg_10246                                                       |   32|   0|   32|          0|
    |weights_load_4929_reg_10256                                                       |   32|   0|   32|          0|
    |weights_load_4930_reg_10266                                                       |   32|   0|   32|          0|
    |weights_load_4931_reg_10276                                                       |   32|   0|   32|          0|
    |weights_load_4932_reg_10286                                                       |   32|   0|   32|          0|
    |weights_load_4933_reg_10296                                                       |   32|   0|   32|          0|
    |weights_load_4934_reg_10306                                                       |   32|   0|   32|          0|
    |weights_load_4935_reg_10316                                                       |   32|   0|   32|          0|
    |weights_load_4936_reg_10326                                                       |   32|   0|   32|          0|
    |weights_load_4937_reg_10336                                                       |   32|   0|   32|          0|
    |weights_load_4938_reg_10346                                                       |   32|   0|   32|          0|
    |weights_load_4939_reg_10356                                                       |   32|   0|   32|          0|
    |weights_load_4940_reg_10366                                                       |   32|   0|   32|          0|
    |weights_load_4941_reg_10376                                                       |   32|   0|   32|          0|
    |weights_load_4942_reg_10386                                                       |   32|   0|   32|          0|
    |weights_load_4943_reg_10396                                                       |   32|   0|   32|          0|
    |weights_load_4944_reg_10406                                                       |   32|   0|   32|          0|
    |weights_load_4945_reg_10416                                                       |   32|   0|   32|          0|
    |weights_load_4946_reg_10426                                                       |   32|   0|   32|          0|
    |weights_load_4947_reg_10436                                                       |   32|   0|   32|          0|
    |weights_load_4948_reg_10446                                                       |   32|   0|   32|          0|
    |weights_load_4949_reg_10456                                                       |   32|   0|   32|          0|
    |weights_load_4950_reg_10466                                                       |   32|   0|   32|          0|
    |weights_load_4951_reg_10476                                                       |   32|   0|   32|          0|
    |weights_load_4952_reg_10486                                                       |   32|   0|   32|          0|
    |weights_load_4953_reg_10496                                                       |   32|   0|   32|          0|
    |weights_load_4954_reg_10506                                                       |   32|   0|   32|          0|
    |weights_load_4955_reg_10516                                                       |   32|   0|   32|          0|
    |weights_load_4956_reg_10526                                                       |   32|   0|   32|          0|
    |weights_load_4957_reg_10536                                                       |   32|   0|   32|          0|
    |weights_load_4958_reg_10546                                                       |   32|   0|   32|          0|
    |weights_load_4959_reg_10556                                                       |   32|   0|   32|          0|
    |weights_load_4960_reg_10566                                                       |   32|   0|   32|          0|
    |weights_load_4961_reg_10576                                                       |   32|   0|   32|          0|
    |weights_load_4962_reg_10586                                                       |   32|   0|   32|          0|
    |weights_load_4963_reg_10596                                                       |   32|   0|   32|          0|
    |weights_load_4964_reg_10606                                                       |   32|   0|   32|          0|
    |weights_load_4965_reg_10616                                                       |   32|   0|   32|          0|
    |weights_load_4966_reg_10626                                                       |   32|   0|   32|          0|
    |weights_load_4967_reg_10636                                                       |   32|   0|   32|          0|
    |weights_load_4968_reg_10646                                                       |   32|   0|   32|          0|
    |weights_load_4969_reg_10656                                                       |   32|   0|   32|          0|
    |weights_load_4970_reg_10666                                                       |   32|   0|   32|          0|
    |weights_load_4971_reg_10676                                                       |   32|   0|   32|          0|
    |weights_load_4972_reg_10686                                                       |   32|   0|   32|          0|
    |weights_load_4973_reg_10696                                                       |   32|   0|   32|          0|
    |weights_load_4974_reg_10706                                                       |   32|   0|   32|          0|
    |weights_load_4975_reg_10716                                                       |   32|   0|   32|          0|
    |weights_load_4976_reg_10726                                                       |   32|   0|   32|          0|
    |weights_load_4977_reg_10736                                                       |   32|   0|   32|          0|
    |weights_load_4978_reg_10746                                                       |   32|   0|   32|          0|
    |weights_load_4979_reg_10756                                                       |   32|   0|   32|          0|
    |weights_load_4980_reg_10766                                                       |   32|   0|   32|          0|
    |weights_load_4981_reg_10776                                                       |   32|   0|   32|          0|
    |weights_load_4982_reg_10786                                                       |   32|   0|   32|          0|
    |weights_load_4983_reg_10796                                                       |   32|   0|   32|          0|
    |weights_load_4984_reg_10806                                                       |   32|   0|   32|          0|
    |weights_load_4985_reg_10816                                                       |   32|   0|   32|          0|
    |weights_load_4986_reg_10826                                                       |   32|   0|   32|          0|
    |weights_load_4987_reg_10836                                                       |   32|   0|   32|          0|
    |weights_load_4988_reg_10846                                                       |   32|   0|   32|          0|
    |weights_load_4989_reg_10856                                                       |   32|   0|   32|          0|
    |weights_load_4990_reg_10866                                                       |   32|   0|   32|          0|
    |weights_load_4991_reg_10876                                                       |   32|   0|   32|          0|
    |weights_load_4992_reg_10886                                                       |   32|   0|   32|          0|
    |weights_load_4993_reg_10896                                                       |   32|   0|   32|          0|
    |weights_load_4994_reg_10906                                                       |   32|   0|   32|          0|
    |weights_load_4995_reg_10916                                                       |   32|   0|   32|          0|
    |weights_load_4996_reg_10926                                                       |   32|   0|   32|          0|
    |weights_load_4997_reg_10936                                                       |   32|   0|   32|          0|
    |weights_load_4998_reg_10946                                                       |   32|   0|   32|          0|
    |weights_load_4999_reg_10956                                                       |   32|   0|   32|          0|
    |weights_load_5000_reg_10966                                                       |   32|   0|   32|          0|
    |weights_load_5001_reg_10976                                                       |   32|   0|   32|          0|
    |weights_load_5002_reg_10986                                                       |   32|   0|   32|          0|
    |weights_load_5003_reg_10996                                                       |   32|   0|   32|          0|
    |weights_load_5004_reg_11006                                                       |   32|   0|   32|          0|
    |weights_load_5005_reg_11016                                                       |   32|   0|   32|          0|
    |weights_load_5006_reg_11026                                                       |   32|   0|   32|          0|
    |weights_load_5007_reg_11036                                                       |   32|   0|   32|          0|
    |weights_load_5008_reg_11046                                                       |   32|   0|   32|          0|
    |weights_load_5009_reg_11056                                                       |   32|   0|   32|          0|
    |weights_load_5010_reg_11066                                                       |   32|   0|   32|          0|
    |weights_load_5011_reg_11076                                                       |   32|   0|   32|          0|
    |weights_load_5012_reg_11086                                                       |   32|   0|   32|          0|
    |weights_load_5013_reg_11096                                                       |   32|   0|   32|          0|
    |weights_load_5014_reg_11106                                                       |   32|   0|   32|          0|
    |weights_load_5015_reg_11116                                                       |   32|   0|   32|          0|
    |weights_load_5016_reg_11126                                                       |   32|   0|   32|          0|
    |weights_load_5017_reg_11136                                                       |   32|   0|   32|          0|
    |weights_load_5018_reg_11146                                                       |   32|   0|   32|          0|
    |weights_load_5019_reg_11156                                                       |   32|   0|   32|          0|
    |weights_load_5020_reg_11166                                                       |   32|   0|   32|          0|
    |weights_load_5021_reg_11176                                                       |   32|   0|   32|          0|
    |weights_load_5022_reg_11186                                                       |   32|   0|   32|          0|
    |weights_load_5023_reg_11196                                                       |   32|   0|   32|          0|
    |weights_load_5024_reg_11206                                                       |   32|   0|   32|          0|
    |weights_load_5025_reg_11216                                                       |   32|   0|   32|          0|
    |weights_load_5026_reg_11226                                                       |   32|   0|   32|          0|
    |weights_load_5027_reg_11236                                                       |   32|   0|   32|          0|
    |weights_load_5028_reg_11246                                                       |   32|   0|   32|          0|
    |weights_load_5029_reg_11256                                                       |   32|   0|   32|          0|
    |weights_load_5030_reg_11266                                                       |   32|   0|   32|          0|
    |weights_load_5031_reg_11276                                                       |   32|   0|   32|          0|
    |weights_load_5032_reg_11286                                                       |   32|   0|   32|          0|
    |weights_load_5033_reg_11296                                                       |   32|   0|   32|          0|
    |weights_load_5034_reg_11306                                                       |   32|   0|   32|          0|
    |weights_load_5035_reg_11316                                                       |   32|   0|   32|          0|
    |weights_load_5036_reg_11326                                                       |   32|   0|   32|          0|
    |weights_load_5037_reg_11336                                                       |   32|   0|   32|          0|
    |weights_load_5038_reg_11346                                                       |   32|   0|   32|          0|
    |weights_load_5039_reg_11356                                                       |   32|   0|   32|          0|
    |weights_load_5040_reg_11366                                                       |   32|   0|   32|          0|
    |weights_load_5041_reg_11376                                                       |   32|   0|   32|          0|
    |weights_load_5042_reg_11386                                                       |   32|   0|   32|          0|
    |weights_load_5043_reg_11396                                                       |   32|   0|   32|          0|
    |weights_load_5044_reg_11406                                                       |   32|   0|   32|          0|
    |weights_load_5045_reg_11416                                                       |   32|   0|   32|          0|
    |weights_load_5046_reg_11426                                                       |   32|   0|   32|          0|
    |weights_load_5047_reg_11436                                                       |   32|   0|   32|          0|
    |weights_load_5048_reg_11446                                                       |   32|   0|   32|          0|
    |weights_load_5049_reg_11456                                                       |   32|   0|   32|          0|
    |weights_load_5050_reg_11466                                                       |   32|   0|   32|          0|
    |weights_load_5051_reg_11476                                                       |   32|   0|   32|          0|
    |weights_load_5052_reg_11486                                                       |   32|   0|   32|          0|
    |weights_load_5053_reg_11496                                                       |   32|   0|   32|          0|
    |weights_load_5054_reg_11506                                                       |   32|   0|   32|          0|
    |weights_load_5055_reg_11516                                                       |   32|   0|   32|          0|
    |weights_load_5056_reg_11526                                                       |   32|   0|   32|          0|
    |weights_load_5057_reg_11536                                                       |   32|   0|   32|          0|
    |weights_load_5058_reg_11546                                                       |   32|   0|   32|          0|
    |weights_load_5059_reg_11556                                                       |   32|   0|   32|          0|
    |weights_load_5060_reg_11566                                                       |   32|   0|   32|          0|
    |weights_load_5061_reg_11576                                                       |   32|   0|   32|          0|
    |weights_load_5062_reg_11586                                                       |   32|   0|   32|          0|
    |weights_load_5063_reg_11596                                                       |   32|   0|   32|          0|
    |weights_load_5064_reg_11606                                                       |   32|   0|   32|          0|
    |weights_load_5065_reg_11616                                                       |   32|   0|   32|          0|
    |weights_load_5066_reg_11626                                                       |   32|   0|   32|          0|
    |weights_load_5067_reg_11636                                                       |   32|   0|   32|          0|
    |weights_load_5068_reg_11646                                                       |   32|   0|   32|          0|
    |weights_load_5069_reg_11656                                                       |   32|   0|   32|          0|
    |weights_load_5070_reg_11666                                                       |   32|   0|   32|          0|
    |weights_load_5071_reg_11676                                                       |   32|   0|   32|          0|
    |weights_load_5072_reg_11686                                                       |   32|   0|   32|          0|
    |weights_load_5073_reg_11696                                                       |   32|   0|   32|          0|
    |weights_load_5074_reg_11706                                                       |   32|   0|   32|          0|
    |weights_load_5075_reg_11716                                                       |   32|   0|   32|          0|
    |weights_load_5076_reg_11726                                                       |   32|   0|   32|          0|
    |weights_load_5077_reg_11736                                                       |   32|   0|   32|          0|
    |weights_load_5078_reg_11746                                                       |   32|   0|   32|          0|
    |weights_load_5079_reg_11756                                                       |   32|   0|   32|          0|
    |weights_load_5080_reg_11766                                                       |   32|   0|   32|          0|
    |weights_load_5081_reg_11776                                                       |   32|   0|   32|          0|
    |weights_load_5082_reg_11786                                                       |   32|   0|   32|          0|
    |weights_load_5083_reg_11796                                                       |   32|   0|   32|          0|
    |weights_load_5084_reg_11806                                                       |   32|   0|   32|          0|
    |weights_load_5085_reg_11816                                                       |   32|   0|   32|          0|
    |weights_load_5086_reg_11826                                                       |   32|   0|   32|          0|
    |weights_load_5087_reg_11836                                                       |   32|   0|   32|          0|
    |weights_load_5088_reg_11846                                                       |   32|   0|   32|          0|
    |weights_load_5089_reg_11856                                                       |   32|   0|   32|          0|
    |weights_load_5090_reg_11866                                                       |   32|   0|   32|          0|
    |weights_load_5091_reg_11876                                                       |   32|   0|   32|          0|
    |weights_load_5092_reg_11886                                                       |   32|   0|   32|          0|
    |weights_load_5093_reg_11896                                                       |   32|   0|   32|          0|
    |weights_load_5094_reg_11906                                                       |   32|   0|   32|          0|
    |weights_load_5095_reg_11916                                                       |   32|   0|   32|          0|
    |weights_load_5096_reg_11926                                                       |   32|   0|   32|          0|
    |weights_load_5097_reg_11936                                                       |   32|   0|   32|          0|
    |weights_load_5098_reg_11946                                                       |   32|   0|   32|          0|
    |weights_load_5099_reg_11956                                                       |   32|   0|   32|          0|
    |weights_load_5100_reg_11966                                                       |   32|   0|   32|          0|
    |weights_load_5101_reg_11976                                                       |   32|   0|   32|          0|
    |weights_load_5102_reg_11986                                                       |   32|   0|   32|          0|
    |weights_load_5103_reg_11996                                                       |   32|   0|   32|          0|
    |weights_load_5104_reg_12006                                                       |   32|   0|   32|          0|
    |weights_load_5105_reg_12016                                                       |   32|   0|   32|          0|
    |weights_load_5106_reg_12026                                                       |   32|   0|   32|          0|
    |weights_load_5107_reg_12036                                                       |   32|   0|   32|          0|
    |weights_load_5108_reg_12046                                                       |   32|   0|   32|          0|
    |weights_load_5109_reg_12056                                                       |   32|   0|   32|          0|
    |weights_load_5110_reg_12066                                                       |   32|   0|   32|          0|
    |weights_load_5111_reg_12076                                                       |   32|   0|   32|          0|
    |weights_load_5112_reg_12086                                                       |   32|   0|   32|          0|
    |weights_load_5113_reg_12096                                                       |   32|   0|   32|          0|
    |weights_load_5114_reg_12106                                                       |   32|   0|   32|          0|
    |weights_load_5115_reg_12116                                                       |   32|   0|   32|          0|
    |weights_load_5116_reg_12126                                                       |   32|   0|   32|          0|
    |weights_load_5117_reg_12136                                                       |   32|   0|   32|          0|
    |weights_load_5118_reg_12146                                                       |   32|   0|   32|          0|
    |weights_load_5119_reg_12156                                                       |   32|   0|   32|          0|
    |weights_load_5120_reg_12166                                                       |   32|   0|   32|          0|
    |weights_load_5121_reg_12176                                                       |   32|   0|   32|          0|
    |weights_load_5122_reg_12186                                                       |   32|   0|   32|          0|
    |weights_load_5123_reg_12196                                                       |   32|   0|   32|          0|
    |weights_load_5124_reg_12206                                                       |   32|   0|   32|          0|
    |weights_load_5125_reg_12216                                                       |   32|   0|   32|          0|
    |weights_load_5126_reg_12226                                                       |   32|   0|   32|          0|
    |weights_load_5127_reg_12236                                                       |   32|   0|   32|          0|
    |weights_load_5128_reg_12246                                                       |   32|   0|   32|          0|
    |weights_load_5129_reg_12256                                                       |   32|   0|   32|          0|
    |weights_load_5130_reg_12266                                                       |   32|   0|   32|          0|
    |weights_load_5131_reg_12276                                                       |   32|   0|   32|          0|
    |weights_load_5132_reg_12286                                                       |   32|   0|   32|          0|
    |weights_load_5133_reg_12296                                                       |   32|   0|   32|          0|
    |weights_load_5134_reg_12306                                                       |   32|   0|   32|          0|
    |weights_load_5135_reg_12316                                                       |   32|   0|   32|          0|
    |weights_load_5136_reg_12326                                                       |   32|   0|   32|          0|
    |weights_load_5137_reg_12336                                                       |   32|   0|   32|          0|
    |weights_load_5138_reg_12346                                                       |   32|   0|   32|          0|
    |weights_load_5139_reg_12356                                                       |   32|   0|   32|          0|
    |weights_load_5140_reg_12366                                                       |   32|   0|   32|          0|
    |weights_load_5141_reg_12376                                                       |   32|   0|   32|          0|
    |weights_load_5142_reg_12386                                                       |   32|   0|   32|          0|
    |weights_load_5143_reg_12396                                                       |   32|   0|   32|          0|
    |weights_load_5144_reg_12406                                                       |   32|   0|   32|          0|
    |weights_load_5145_reg_12416                                                       |   32|   0|   32|          0|
    |weights_load_5146_reg_12426                                                       |   32|   0|   32|          0|
    |weights_load_5147_reg_12436                                                       |   32|   0|   32|          0|
    |weights_load_5148_reg_12446                                                       |   32|   0|   32|          0|
    |weights_load_5149_reg_12456                                                       |   32|   0|   32|          0|
    |weights_load_5150_reg_12466                                                       |   32|   0|   32|          0|
    |weights_load_5151_reg_12476                                                       |   32|   0|   32|          0|
    |weights_load_5152_reg_12486                                                       |   32|   0|   32|          0|
    |weights_load_5153_reg_12496                                                       |   32|   0|   32|          0|
    |weights_load_5154_reg_12506                                                       |   32|   0|   32|          0|
    |weights_load_5155_reg_12516                                                       |   32|   0|   32|          0|
    |weights_load_5156_reg_12526                                                       |   32|   0|   32|          0|
    |weights_load_5157_reg_12536                                                       |   32|   0|   32|          0|
    |weights_load_5158_reg_12546                                                       |   32|   0|   32|          0|
    |weights_load_5159_reg_12556                                                       |   32|   0|   32|          0|
    |weights_load_5160_reg_12566                                                       |   32|   0|   32|          0|
    |weights_load_5161_reg_12576                                                       |   32|   0|   32|          0|
    |weights_load_5162_reg_12586                                                       |   32|   0|   32|          0|
    |weights_load_5163_reg_12596                                                       |   32|   0|   32|          0|
    |weights_load_5164_reg_12606                                                       |   32|   0|   32|          0|
    |weights_load_5165_reg_12616                                                       |   32|   0|   32|          0|
    |weights_load_5166_reg_12626                                                       |   32|   0|   32|          0|
    |weights_load_5167_reg_12636                                                       |   32|   0|   32|          0|
    |weights_load_5168_reg_12646                                                       |   32|   0|   32|          0|
    |weights_load_5169_reg_12656                                                       |   32|   0|   32|          0|
    |weights_load_5170_reg_12666                                                       |   32|   0|   32|          0|
    |weights_load_5171_reg_12676                                                       |   32|   0|   32|          0|
    |weights_load_5172_reg_12686                                                       |   32|   0|   32|          0|
    |weights_load_5173_reg_12696                                                       |   32|   0|   32|          0|
    |weights_load_5174_reg_12706                                                       |   32|   0|   32|          0|
    |weights_load_5175_reg_12711                                                       |   32|   0|   32|          0|
    |weights_load_reg_6966                                                             |   32|   0|   32|          0|
    +----------------------------------------------------------------------------------+-----+----+-----+-----------+
    |Total                                                                             |19012|   0|19012|          0|
    +----------------------------------------------------------------------------------+-----+----+-----+-----------+



================================================================
== Interface
================================================================
* Summary: 
+-------------------------------------------------+-----+-----+------------+-----------------------------------------------+--------------+
|                    RTL Ports                    | Dir | Bits|  Protocol  |                 Source Object                 |    C Type    |
+-------------------------------------------------+-----+-----+------------+-----------------------------------------------+--------------+
|ap_clk                                           |   in|    1|  ap_ctrl_hs|  conv2d_sum_mc<float, 14u, 14u, 3u, 3u, 64u>.3|  return value|
|ap_rst                                           |   in|    1|  ap_ctrl_hs|  conv2d_sum_mc<float, 14u, 14u, 3u, 3u, 64u>.3|  return value|
|ap_start                                         |   in|    1|  ap_ctrl_hs|  conv2d_sum_mc<float, 14u, 14u, 3u, 3u, 64u>.3|  return value|
|ap_done                                          |  out|    1|  ap_ctrl_hs|  conv2d_sum_mc<float, 14u, 14u, 3u, 3u, 64u>.3|  return value|
|ap_continue                                      |   in|    1|  ap_ctrl_hs|  conv2d_sum_mc<float, 14u, 14u, 3u, 3u, 64u>.3|  return value|
|ap_idle                                          |  out|    1|  ap_ctrl_hs|  conv2d_sum_mc<float, 14u, 14u, 3u, 3u, 64u>.3|  return value|
|ap_ready                                         |  out|    1|  ap_ctrl_hs|  conv2d_sum_mc<float, 14u, 14u, 3u, 3u, 64u>.3|  return value|
|conv2d_64_padded_window_stream_3_dout            |   in|  288|     ap_fifo|               conv2d_64_padded_window_stream_3|       pointer|
|conv2d_64_padded_window_stream_3_num_data_valid  |   in|    3|     ap_fifo|               conv2d_64_padded_window_stream_3|       pointer|
|conv2d_64_padded_window_stream_3_fifo_cap        |   in|    3|     ap_fifo|               conv2d_64_padded_window_stream_3|       pointer|
|conv2d_64_padded_window_stream_3_empty_n         |   in|    1|     ap_fifo|               conv2d_64_padded_window_stream_3|       pointer|
|conv2d_64_padded_window_stream_3_read            |  out|    1|     ap_fifo|               conv2d_64_padded_window_stream_3|       pointer|
|weights_address0                                 |  out|   10|   ap_memory|                                        weights|         array|
|weights_ce0                                      |  out|    1|   ap_memory|                                        weights|         array|
|weights_q0                                       |   in|   32|   ap_memory|                                        weights|         array|
|in_channel_map_stream_3_din                      |  out|   32|     ap_fifo|                        in_channel_map_stream_3|       pointer|
|in_channel_map_stream_3_num_data_valid           |   in|    3|     ap_fifo|                        in_channel_map_stream_3|       pointer|
|in_channel_map_stream_3_fifo_cap                 |   in|    3|     ap_fifo|                        in_channel_map_stream_3|       pointer|
|in_channel_map_stream_3_full_n                   |   in|    1|     ap_fifo|                        in_channel_map_stream_3|       pointer|
|in_channel_map_stream_3_write                    |  out|    1|     ap_fifo|                        in_channel_map_stream_3|       pointer|
+-------------------------------------------------+-----+-----+------------+-----------------------------------------------+--------------+

