

================================================================
== Vitis HLS Report for 'conv2d_sum_mc_float_14u_14u_3u_3u_64u_27'
================================================================
* Date:           Tue Oct 18 21:20:18 2022

* Version:        2022.1 (Build 3526262 on Mon Apr 18 15:47:01 MDT 2022)
* Project:        forward_prop
* Solution:       solution1 (Vitis Kernel Flow Target)
* Product family: virtexuplus
* Target device:  xcvu5p-flva2104-1-e


================================================================
== Performance Estimates
================================================================
+ Timing: 
    * Summary: 
    +--------+----------+----------+------------+
    |  Clock |  Target  | Estimated| Uncertainty|
    +--------+----------+----------+------------+
    |ap_clk  |  10.00 ns|  7.725 ns|     2.70 ns|
    +--------+----------+----------+------------+

+ Latency: 
    * Summary: 
    +---------+---------+----------+----------+-------+-------+---------+
    |  Latency (cycles) |  Latency (absolute) |    Interval   | Pipeline|
    |   min   |   max   |    min   |    max   |  min  |  max  |   Type  |
    +---------+---------+----------+----------+-------+-------+---------+
    |    13138|    13138|  0.131 ms|  0.131 ms|  13138|  13138|       no|
    +---------+---------+----------+----------+-------+-------+---------+

    + Detail: 
        * Instance: 
        +----------------------------------------------------------------------+----------------------------------------------------------+---------+---------+----------+----------+-------+-------+---------+
        |                                                                      |                                                          |  Latency (cycles) |  Latency (absolute) |    Interval   | Pipeline|
        |                               Instance                               |                          Module                          |   min   |   max   |    min   |    max   |  min  |  max  |   Type  |
        +----------------------------------------------------------------------+----------------------------------------------------------+---------+---------+----------+----------+-------+-------+---------+
        |grp_conv2d_sum_mc_float_14u_14u_3u_3u_64u_27_Pipeline_inputs_fu_6371  |conv2d_sum_mc_float_14u_14u_3u_3u_64u_27_Pipeline_inputs  |    12561|    12561|  0.126 ms|  0.126 ms|  12561|  12561|       no|
        +----------------------------------------------------------------------+----------------------------------------------------------+---------+---------+----------+----------+-------+-------+---------+

        * Loop: 
        N/A



================================================================
== Utilization Estimates
================================================================
* Summary: 
+---------------------+---------+------+---------+--------+-----+
|         Name        | BRAM_18K|  DSP |    FF   |   LUT  | URAM|
+---------------------+---------+------+---------+--------+-----+
|DSP                  |        -|     -|        -|       -|    -|
|Expression           |        -|     -|        0|       2|    -|
|FIFO                 |        -|     -|        -|       -|    -|
|Instance             |        -|    43|     5780|    7090|    -|
|Memory               |        -|     -|        -|       -|    -|
|Multiplexer          |        -|     -|        -|    5413|    -|
|Register             |        -|     -|    19012|       -|    -|
+---------------------+---------+------+---------+--------+-----+
|Total                |        0|    43|    24792|   12505|    0|
+---------------------+---------+------+---------+--------+-----+
|Available SLR        |     1024|  1737|   600577|  300288|  235|
+---------------------+---------+------+---------+--------+-----+
|Utilization SLR (%)  |        0|     2|        4|       4|    0|
+---------------------+---------+------+---------+--------+-----+
|Available            |     2048|  3474|  1201154|  600577|  470|
+---------------------+---------+------+---------+--------+-----+
|Utilization (%)      |        0|     1|        2|       2|    0|
+---------------------+---------+------+---------+--------+-----+

+ Detail: 
    * Instance: 
    +----------------------------------------------------------------------+----------------------------------------------------------+---------+----+------+------+-----+
    |                               Instance                               |                          Module                          | BRAM_18K| DSP|  FF  |  LUT | URAM|
    +----------------------------------------------------------------------+----------------------------------------------------------+---------+----+------+------+-----+
    |grp_conv2d_sum_mc_float_14u_14u_3u_3u_64u_27_Pipeline_inputs_fu_6371  |conv2d_sum_mc_float_14u_14u_3u_3u_64u_27_Pipeline_inputs  |        0|  43|  5780|  7090|    0|
    +----------------------------------------------------------------------+----------------------------------------------------------+---------+----+------+------+-----+
    |Total                                                                 |                                                          |        0|  43|  5780|  7090|    0|
    +----------------------------------------------------------------------+----------------------------------------------------------+---------+----+------+------+-----+

    * DSP: 
    N/A

    * Memory: 
    N/A

    * FIFO: 
    N/A

    * Expression: 
    +-----------------+----------+----+---+----+------------+------------+
    |  Variable Name  | Operation| DSP| FF| LUT| Bitwidth P0| Bitwidth P1|
    +-----------------+----------+----+---+----+------------+------------+
    |ap_block_state1  |        or|   0|  0|   2|           1|           1|
    +-----------------+----------+----+---+----+------------+------------+
    |Total            |          |   0|  0|   2|           1|           1|
    +-----------------+----------+----+---+----+------------+------------+

    * Multiplexer: 
    +----------------------------------------+------+-----------+-----+-----------+
    |                  Name                  |  LUT | Input Size| Bits| Total Bits|
    +----------------------------------------+------+-----------+-----+-----------+
    |ap_NS_fsm                               |  2693|        579|    1|        579|
    |ap_done                                 |     9|          2|    1|          2|
    |conv2d_64_padded_window_stream_27_read  |     9|          2|    1|          2|
    |in_channel_map_stream_27_write          |     9|          2|    1|          2|
    |weights_address0                        |  2693|        577|   10|       5770|
    +----------------------------------------+------+-----------+-----+-----------+
    |Total                                   |  5413|       1162|   14|       6355|
    +----------------------------------------+------+-----------+-----+-----------+

    * Register: 
    +-----------------------------------------------------------------------------------+-----+----+-----+-----------+
    |                                        Name                                       |  FF | LUT| Bits| Const Bits|
    +-----------------------------------------------------------------------------------+-----+----+-----+-----------+
    |ap_CS_fsm                                                                          |  578|   0|  578|          0|
    |ap_done_reg                                                                        |    1|   0|    1|          0|
    |grp_conv2d_sum_mc_float_14u_14u_3u_3u_64u_27_Pipeline_inputs_fu_6371_ap_start_reg  |    1|   0|    1|          0|
    |weights_load_6326_reg_6976                                                         |   32|   0|   32|          0|
    |weights_load_6327_reg_6986                                                         |   32|   0|   32|          0|
    |weights_load_6328_reg_6996                                                         |   32|   0|   32|          0|
    |weights_load_6329_reg_7006                                                         |   32|   0|   32|          0|
    |weights_load_6330_reg_7016                                                         |   32|   0|   32|          0|
    |weights_load_6331_reg_7026                                                         |   32|   0|   32|          0|
    |weights_load_6332_reg_7036                                                         |   32|   0|   32|          0|
    |weights_load_6333_reg_7046                                                         |   32|   0|   32|          0|
    |weights_load_6334_reg_7056                                                         |   32|   0|   32|          0|
    |weights_load_6335_reg_7066                                                         |   32|   0|   32|          0|
    |weights_load_6336_reg_7076                                                         |   32|   0|   32|          0|
    |weights_load_6337_reg_7086                                                         |   32|   0|   32|          0|
    |weights_load_6338_reg_7096                                                         |   32|   0|   32|          0|
    |weights_load_6339_reg_7106                                                         |   32|   0|   32|          0|
    |weights_load_6340_reg_7116                                                         |   32|   0|   32|          0|
    |weights_load_6341_reg_7126                                                         |   32|   0|   32|          0|
    |weights_load_6342_reg_7136                                                         |   32|   0|   32|          0|
    |weights_load_6343_reg_7146                                                         |   32|   0|   32|          0|
    |weights_load_6344_reg_7156                                                         |   32|   0|   32|          0|
    |weights_load_6345_reg_7166                                                         |   32|   0|   32|          0|
    |weights_load_6346_reg_7176                                                         |   32|   0|   32|          0|
    |weights_load_6347_reg_7186                                                         |   32|   0|   32|          0|
    |weights_load_6348_reg_7196                                                         |   32|   0|   32|          0|
    |weights_load_6349_reg_7206                                                         |   32|   0|   32|          0|
    |weights_load_6350_reg_7216                                                         |   32|   0|   32|          0|
    |weights_load_6351_reg_7226                                                         |   32|   0|   32|          0|
    |weights_load_6352_reg_7236                                                         |   32|   0|   32|          0|
    |weights_load_6353_reg_7246                                                         |   32|   0|   32|          0|
    |weights_load_6354_reg_7256                                                         |   32|   0|   32|          0|
    |weights_load_6355_reg_7266                                                         |   32|   0|   32|          0|
    |weights_load_6356_reg_7276                                                         |   32|   0|   32|          0|
    |weights_load_6357_reg_7286                                                         |   32|   0|   32|          0|
    |weights_load_6358_reg_7296                                                         |   32|   0|   32|          0|
    |weights_load_6359_reg_7306                                                         |   32|   0|   32|          0|
    |weights_load_6360_reg_7316                                                         |   32|   0|   32|          0|
    |weights_load_6361_reg_7326                                                         |   32|   0|   32|          0|
    |weights_load_6362_reg_7336                                                         |   32|   0|   32|          0|
    |weights_load_6363_reg_7346                                                         |   32|   0|   32|          0|
    |weights_load_6364_reg_7356                                                         |   32|   0|   32|          0|
    |weights_load_6365_reg_7366                                                         |   32|   0|   32|          0|
    |weights_load_6366_reg_7376                                                         |   32|   0|   32|          0|
    |weights_load_6367_reg_7386                                                         |   32|   0|   32|          0|
    |weights_load_6368_reg_7396                                                         |   32|   0|   32|          0|
    |weights_load_6369_reg_7406                                                         |   32|   0|   32|          0|
    |weights_load_6370_reg_7416                                                         |   32|   0|   32|          0|
    |weights_load_6371_reg_7426                                                         |   32|   0|   32|          0|
    |weights_load_6372_reg_7436                                                         |   32|   0|   32|          0|
    |weights_load_6373_reg_7446                                                         |   32|   0|   32|          0|
    |weights_load_6374_reg_7456                                                         |   32|   0|   32|          0|
    |weights_load_6375_reg_7466                                                         |   32|   0|   32|          0|
    |weights_load_6376_reg_7476                                                         |   32|   0|   32|          0|
    |weights_load_6377_reg_7486                                                         |   32|   0|   32|          0|
    |weights_load_6378_reg_7496                                                         |   32|   0|   32|          0|
    |weights_load_6379_reg_7506                                                         |   32|   0|   32|          0|
    |weights_load_6380_reg_7516                                                         |   32|   0|   32|          0|
    |weights_load_6381_reg_7526                                                         |   32|   0|   32|          0|
    |weights_load_6382_reg_7536                                                         |   32|   0|   32|          0|
    |weights_load_6383_reg_7546                                                         |   32|   0|   32|          0|
    |weights_load_6384_reg_7556                                                         |   32|   0|   32|          0|
    |weights_load_6385_reg_7566                                                         |   32|   0|   32|          0|
    |weights_load_6386_reg_7576                                                         |   32|   0|   32|          0|
    |weights_load_6387_reg_7586                                                         |   32|   0|   32|          0|
    |weights_load_6388_reg_7596                                                         |   32|   0|   32|          0|
    |weights_load_6389_reg_7606                                                         |   32|   0|   32|          0|
    |weights_load_6390_reg_7616                                                         |   32|   0|   32|          0|
    |weights_load_6391_reg_7626                                                         |   32|   0|   32|          0|
    |weights_load_6392_reg_7636                                                         |   32|   0|   32|          0|
    |weights_load_6393_reg_7646                                                         |   32|   0|   32|          0|
    |weights_load_6394_reg_7656                                                         |   32|   0|   32|          0|
    |weights_load_6395_reg_7666                                                         |   32|   0|   32|          0|
    |weights_load_6396_reg_7676                                                         |   32|   0|   32|          0|
    |weights_load_6397_reg_7686                                                         |   32|   0|   32|          0|
    |weights_load_6398_reg_7696                                                         |   32|   0|   32|          0|
    |weights_load_6399_reg_7706                                                         |   32|   0|   32|          0|
    |weights_load_6400_reg_7716                                                         |   32|   0|   32|          0|
    |weights_load_6401_reg_7726                                                         |   32|   0|   32|          0|
    |weights_load_6402_reg_7736                                                         |   32|   0|   32|          0|
    |weights_load_6403_reg_7746                                                         |   32|   0|   32|          0|
    |weights_load_6404_reg_7756                                                         |   32|   0|   32|          0|
    |weights_load_6405_reg_7766                                                         |   32|   0|   32|          0|
    |weights_load_6406_reg_7776                                                         |   32|   0|   32|          0|
    |weights_load_6407_reg_7786                                                         |   32|   0|   32|          0|
    |weights_load_6408_reg_7796                                                         |   32|   0|   32|          0|
    |weights_load_6409_reg_7806                                                         |   32|   0|   32|          0|
    |weights_load_6410_reg_7816                                                         |   32|   0|   32|          0|
    |weights_load_6411_reg_7826                                                         |   32|   0|   32|          0|
    |weights_load_6412_reg_7836                                                         |   32|   0|   32|          0|
    |weights_load_6413_reg_7846                                                         |   32|   0|   32|          0|
    |weights_load_6414_reg_7856                                                         |   32|   0|   32|          0|
    |weights_load_6415_reg_7866                                                         |   32|   0|   32|          0|
    |weights_load_6416_reg_7876                                                         |   32|   0|   32|          0|
    |weights_load_6417_reg_7886                                                         |   32|   0|   32|          0|
    |weights_load_6418_reg_7896                                                         |   32|   0|   32|          0|
    |weights_load_6419_reg_7906                                                         |   32|   0|   32|          0|
    |weights_load_6420_reg_7916                                                         |   32|   0|   32|          0|
    |weights_load_6421_reg_7926                                                         |   32|   0|   32|          0|
    |weights_load_6422_reg_7936                                                         |   32|   0|   32|          0|
    |weights_load_6423_reg_7946                                                         |   32|   0|   32|          0|
    |weights_load_6424_reg_7956                                                         |   32|   0|   32|          0|
    |weights_load_6425_reg_7966                                                         |   32|   0|   32|          0|
    |weights_load_6426_reg_7976                                                         |   32|   0|   32|          0|
    |weights_load_6427_reg_7986                                                         |   32|   0|   32|          0|
    |weights_load_6428_reg_7996                                                         |   32|   0|   32|          0|
    |weights_load_6429_reg_8006                                                         |   32|   0|   32|          0|
    |weights_load_6430_reg_8016                                                         |   32|   0|   32|          0|
    |weights_load_6431_reg_8026                                                         |   32|   0|   32|          0|
    |weights_load_6432_reg_8036                                                         |   32|   0|   32|          0|
    |weights_load_6433_reg_8046                                                         |   32|   0|   32|          0|
    |weights_load_6434_reg_8056                                                         |   32|   0|   32|          0|
    |weights_load_6435_reg_8066                                                         |   32|   0|   32|          0|
    |weights_load_6436_reg_8076                                                         |   32|   0|   32|          0|
    |weights_load_6437_reg_8086                                                         |   32|   0|   32|          0|
    |weights_load_6438_reg_8096                                                         |   32|   0|   32|          0|
    |weights_load_6439_reg_8106                                                         |   32|   0|   32|          0|
    |weights_load_6440_reg_8116                                                         |   32|   0|   32|          0|
    |weights_load_6441_reg_8126                                                         |   32|   0|   32|          0|
    |weights_load_6442_reg_8136                                                         |   32|   0|   32|          0|
    |weights_load_6443_reg_8146                                                         |   32|   0|   32|          0|
    |weights_load_6444_reg_8156                                                         |   32|   0|   32|          0|
    |weights_load_6445_reg_8166                                                         |   32|   0|   32|          0|
    |weights_load_6446_reg_8176                                                         |   32|   0|   32|          0|
    |weights_load_6447_reg_8186                                                         |   32|   0|   32|          0|
    |weights_load_6448_reg_8196                                                         |   32|   0|   32|          0|
    |weights_load_6449_reg_8206                                                         |   32|   0|   32|          0|
    |weights_load_6450_reg_8216                                                         |   32|   0|   32|          0|
    |weights_load_6451_reg_8226                                                         |   32|   0|   32|          0|
    |weights_load_6452_reg_8236                                                         |   32|   0|   32|          0|
    |weights_load_6453_reg_8246                                                         |   32|   0|   32|          0|
    |weights_load_6454_reg_8256                                                         |   32|   0|   32|          0|
    |weights_load_6455_reg_8266                                                         |   32|   0|   32|          0|
    |weights_load_6456_reg_8276                                                         |   32|   0|   32|          0|
    |weights_load_6457_reg_8286                                                         |   32|   0|   32|          0|
    |weights_load_6458_reg_8296                                                         |   32|   0|   32|          0|
    |weights_load_6459_reg_8306                                                         |   32|   0|   32|          0|
    |weights_load_6460_reg_8316                                                         |   32|   0|   32|          0|
    |weights_load_6461_reg_8326                                                         |   32|   0|   32|          0|
    |weights_load_6462_reg_8336                                                         |   32|   0|   32|          0|
    |weights_load_6463_reg_8346                                                         |   32|   0|   32|          0|
    |weights_load_6464_reg_8356                                                         |   32|   0|   32|          0|
    |weights_load_6465_reg_8366                                                         |   32|   0|   32|          0|
    |weights_load_6466_reg_8376                                                         |   32|   0|   32|          0|
    |weights_load_6467_reg_8386                                                         |   32|   0|   32|          0|
    |weights_load_6468_reg_8396                                                         |   32|   0|   32|          0|
    |weights_load_6469_reg_8406                                                         |   32|   0|   32|          0|
    |weights_load_6470_reg_8416                                                         |   32|   0|   32|          0|
    |weights_load_6471_reg_8426                                                         |   32|   0|   32|          0|
    |weights_load_6472_reg_8436                                                         |   32|   0|   32|          0|
    |weights_load_6473_reg_8446                                                         |   32|   0|   32|          0|
    |weights_load_6474_reg_8456                                                         |   32|   0|   32|          0|
    |weights_load_6475_reg_8466                                                         |   32|   0|   32|          0|
    |weights_load_6476_reg_8476                                                         |   32|   0|   32|          0|
    |weights_load_6477_reg_8486                                                         |   32|   0|   32|          0|
    |weights_load_6478_reg_8496                                                         |   32|   0|   32|          0|
    |weights_load_6479_reg_8506                                                         |   32|   0|   32|          0|
    |weights_load_6480_reg_8516                                                         |   32|   0|   32|          0|
    |weights_load_6481_reg_8526                                                         |   32|   0|   32|          0|
    |weights_load_6482_reg_8536                                                         |   32|   0|   32|          0|
    |weights_load_6483_reg_8546                                                         |   32|   0|   32|          0|
    |weights_load_6484_reg_8556                                                         |   32|   0|   32|          0|
    |weights_load_6485_reg_8566                                                         |   32|   0|   32|          0|
    |weights_load_6486_reg_8576                                                         |   32|   0|   32|          0|
    |weights_load_6487_reg_8586                                                         |   32|   0|   32|          0|
    |weights_load_6488_reg_8596                                                         |   32|   0|   32|          0|
    |weights_load_6489_reg_8606                                                         |   32|   0|   32|          0|
    |weights_load_6490_reg_8616                                                         |   32|   0|   32|          0|
    |weights_load_6491_reg_8626                                                         |   32|   0|   32|          0|
    |weights_load_6492_reg_8636                                                         |   32|   0|   32|          0|
    |weights_load_6493_reg_8646                                                         |   32|   0|   32|          0|
    |weights_load_6494_reg_8656                                                         |   32|   0|   32|          0|
    |weights_load_6495_reg_8666                                                         |   32|   0|   32|          0|
    |weights_load_6496_reg_8676                                                         |   32|   0|   32|          0|
    |weights_load_6497_reg_8686                                                         |   32|   0|   32|          0|
    |weights_load_6498_reg_8696                                                         |   32|   0|   32|          0|
    |weights_load_6499_reg_8706                                                         |   32|   0|   32|          0|
    |weights_load_6500_reg_8716                                                         |   32|   0|   32|          0|
    |weights_load_6501_reg_8726                                                         |   32|   0|   32|          0|
    |weights_load_6502_reg_8736                                                         |   32|   0|   32|          0|
    |weights_load_6503_reg_8746                                                         |   32|   0|   32|          0|
    |weights_load_6504_reg_8756                                                         |   32|   0|   32|          0|
    |weights_load_6505_reg_8766                                                         |   32|   0|   32|          0|
    |weights_load_6506_reg_8776                                                         |   32|   0|   32|          0|
    |weights_load_6507_reg_8786                                                         |   32|   0|   32|          0|
    |weights_load_6508_reg_8796                                                         |   32|   0|   32|          0|
    |weights_load_6509_reg_8806                                                         |   32|   0|   32|          0|
    |weights_load_6510_reg_8816                                                         |   32|   0|   32|          0|
    |weights_load_6511_reg_8826                                                         |   32|   0|   32|          0|
    |weights_load_6512_reg_8836                                                         |   32|   0|   32|          0|
    |weights_load_6513_reg_8846                                                         |   32|   0|   32|          0|
    |weights_load_6514_reg_8856                                                         |   32|   0|   32|          0|
    |weights_load_6515_reg_8866                                                         |   32|   0|   32|          0|
    |weights_load_6516_reg_8876                                                         |   32|   0|   32|          0|
    |weights_load_6517_reg_8886                                                         |   32|   0|   32|          0|
    |weights_load_6518_reg_8896                                                         |   32|   0|   32|          0|
    |weights_load_6519_reg_8906                                                         |   32|   0|   32|          0|
    |weights_load_6520_reg_8916                                                         |   32|   0|   32|          0|
    |weights_load_6521_reg_8926                                                         |   32|   0|   32|          0|
    |weights_load_6522_reg_8936                                                         |   32|   0|   32|          0|
    |weights_load_6523_reg_8946                                                         |   32|   0|   32|          0|
    |weights_load_6524_reg_8956                                                         |   32|   0|   32|          0|
    |weights_load_6525_reg_8966                                                         |   32|   0|   32|          0|
    |weights_load_6526_reg_8976                                                         |   32|   0|   32|          0|
    |weights_load_6527_reg_8986                                                         |   32|   0|   32|          0|
    |weights_load_6528_reg_8996                                                         |   32|   0|   32|          0|
    |weights_load_6529_reg_9006                                                         |   32|   0|   32|          0|
    |weights_load_6530_reg_9016                                                         |   32|   0|   32|          0|
    |weights_load_6531_reg_9026                                                         |   32|   0|   32|          0|
    |weights_load_6532_reg_9036                                                         |   32|   0|   32|          0|
    |weights_load_6533_reg_9046                                                         |   32|   0|   32|          0|
    |weights_load_6534_reg_9056                                                         |   32|   0|   32|          0|
    |weights_load_6535_reg_9066                                                         |   32|   0|   32|          0|
    |weights_load_6536_reg_9076                                                         |   32|   0|   32|          0|
    |weights_load_6537_reg_9086                                                         |   32|   0|   32|          0|
    |weights_load_6538_reg_9096                                                         |   32|   0|   32|          0|
    |weights_load_6539_reg_9106                                                         |   32|   0|   32|          0|
    |weights_load_6540_reg_9116                                                         |   32|   0|   32|          0|
    |weights_load_6541_reg_9126                                                         |   32|   0|   32|          0|
    |weights_load_6542_reg_9136                                                         |   32|   0|   32|          0|
    |weights_load_6543_reg_9146                                                         |   32|   0|   32|          0|
    |weights_load_6544_reg_9156                                                         |   32|   0|   32|          0|
    |weights_load_6545_reg_9166                                                         |   32|   0|   32|          0|
    |weights_load_6546_reg_9176                                                         |   32|   0|   32|          0|
    |weights_load_6547_reg_9186                                                         |   32|   0|   32|          0|
    |weights_load_6548_reg_9196                                                         |   32|   0|   32|          0|
    |weights_load_6549_reg_9206                                                         |   32|   0|   32|          0|
    |weights_load_6550_reg_9216                                                         |   32|   0|   32|          0|
    |weights_load_6551_reg_9226                                                         |   32|   0|   32|          0|
    |weights_load_6552_reg_9236                                                         |   32|   0|   32|          0|
    |weights_load_6553_reg_9246                                                         |   32|   0|   32|          0|
    |weights_load_6554_reg_9256                                                         |   32|   0|   32|          0|
    |weights_load_6555_reg_9266                                                         |   32|   0|   32|          0|
    |weights_load_6556_reg_9276                                                         |   32|   0|   32|          0|
    |weights_load_6557_reg_9286                                                         |   32|   0|   32|          0|
    |weights_load_6558_reg_9296                                                         |   32|   0|   32|          0|
    |weights_load_6559_reg_9306                                                         |   32|   0|   32|          0|
    |weights_load_6560_reg_9316                                                         |   32|   0|   32|          0|
    |weights_load_6561_reg_9326                                                         |   32|   0|   32|          0|
    |weights_load_6562_reg_9336                                                         |   32|   0|   32|          0|
    |weights_load_6563_reg_9346                                                         |   32|   0|   32|          0|
    |weights_load_6564_reg_9356                                                         |   32|   0|   32|          0|
    |weights_load_6565_reg_9366                                                         |   32|   0|   32|          0|
    |weights_load_6566_reg_9376                                                         |   32|   0|   32|          0|
    |weights_load_6567_reg_9386                                                         |   32|   0|   32|          0|
    |weights_load_6568_reg_9396                                                         |   32|   0|   32|          0|
    |weights_load_6569_reg_9406                                                         |   32|   0|   32|          0|
    |weights_load_6570_reg_9416                                                         |   32|   0|   32|          0|
    |weights_load_6571_reg_9426                                                         |   32|   0|   32|          0|
    |weights_load_6572_reg_9436                                                         |   32|   0|   32|          0|
    |weights_load_6573_reg_9446                                                         |   32|   0|   32|          0|
    |weights_load_6574_reg_9456                                                         |   32|   0|   32|          0|
    |weights_load_6575_reg_9466                                                         |   32|   0|   32|          0|
    |weights_load_6576_reg_9476                                                         |   32|   0|   32|          0|
    |weights_load_6577_reg_9486                                                         |   32|   0|   32|          0|
    |weights_load_6578_reg_9496                                                         |   32|   0|   32|          0|
    |weights_load_6579_reg_9506                                                         |   32|   0|   32|          0|
    |weights_load_6580_reg_9516                                                         |   32|   0|   32|          0|
    |weights_load_6581_reg_9526                                                         |   32|   0|   32|          0|
    |weights_load_6582_reg_9536                                                         |   32|   0|   32|          0|
    |weights_load_6583_reg_9546                                                         |   32|   0|   32|          0|
    |weights_load_6584_reg_9556                                                         |   32|   0|   32|          0|
    |weights_load_6585_reg_9566                                                         |   32|   0|   32|          0|
    |weights_load_6586_reg_9576                                                         |   32|   0|   32|          0|
    |weights_load_6587_reg_9586                                                         |   32|   0|   32|          0|
    |weights_load_6588_reg_9596                                                         |   32|   0|   32|          0|
    |weights_load_6589_reg_9606                                                         |   32|   0|   32|          0|
    |weights_load_6590_reg_9616                                                         |   32|   0|   32|          0|
    |weights_load_6591_reg_9626                                                         |   32|   0|   32|          0|
    |weights_load_6592_reg_9636                                                         |   32|   0|   32|          0|
    |weights_load_6593_reg_9646                                                         |   32|   0|   32|          0|
    |weights_load_6594_reg_9656                                                         |   32|   0|   32|          0|
    |weights_load_6595_reg_9666                                                         |   32|   0|   32|          0|
    |weights_load_6596_reg_9676                                                         |   32|   0|   32|          0|
    |weights_load_6597_reg_9686                                                         |   32|   0|   32|          0|
    |weights_load_6598_reg_9696                                                         |   32|   0|   32|          0|
    |weights_load_6599_reg_9706                                                         |   32|   0|   32|          0|
    |weights_load_6600_reg_9716                                                         |   32|   0|   32|          0|
    |weights_load_6601_reg_9726                                                         |   32|   0|   32|          0|
    |weights_load_6602_reg_9736                                                         |   32|   0|   32|          0|
    |weights_load_6603_reg_9746                                                         |   32|   0|   32|          0|
    |weights_load_6604_reg_9756                                                         |   32|   0|   32|          0|
    |weights_load_6605_reg_9766                                                         |   32|   0|   32|          0|
    |weights_load_6606_reg_9776                                                         |   32|   0|   32|          0|
    |weights_load_6607_reg_9786                                                         |   32|   0|   32|          0|
    |weights_load_6608_reg_9796                                                         |   32|   0|   32|          0|
    |weights_load_6609_reg_9806                                                         |   32|   0|   32|          0|
    |weights_load_6610_reg_9816                                                         |   32|   0|   32|          0|
    |weights_load_6611_reg_9826                                                         |   32|   0|   32|          0|
    |weights_load_6612_reg_9836                                                         |   32|   0|   32|          0|
    |weights_load_6613_reg_9846                                                         |   32|   0|   32|          0|
    |weights_load_6614_reg_9856                                                         |   32|   0|   32|          0|
    |weights_load_6615_reg_9866                                                         |   32|   0|   32|          0|
    |weights_load_6616_reg_9876                                                         |   32|   0|   32|          0|
    |weights_load_6617_reg_9886                                                         |   32|   0|   32|          0|
    |weights_load_6618_reg_9896                                                         |   32|   0|   32|          0|
    |weights_load_6619_reg_9906                                                         |   32|   0|   32|          0|
    |weights_load_6620_reg_9916                                                         |   32|   0|   32|          0|
    |weights_load_6621_reg_9926                                                         |   32|   0|   32|          0|
    |weights_load_6622_reg_9936                                                         |   32|   0|   32|          0|
    |weights_load_6623_reg_9946                                                         |   32|   0|   32|          0|
    |weights_load_6624_reg_9956                                                         |   32|   0|   32|          0|
    |weights_load_6625_reg_9966                                                         |   32|   0|   32|          0|
    |weights_load_6626_reg_9976                                                         |   32|   0|   32|          0|
    |weights_load_6627_reg_9986                                                         |   32|   0|   32|          0|
    |weights_load_6628_reg_9996                                                         |   32|   0|   32|          0|
    |weights_load_6629_reg_10006                                                        |   32|   0|   32|          0|
    |weights_load_6630_reg_10016                                                        |   32|   0|   32|          0|
    |weights_load_6631_reg_10026                                                        |   32|   0|   32|          0|
    |weights_load_6632_reg_10036                                                        |   32|   0|   32|          0|
    |weights_load_6633_reg_10046                                                        |   32|   0|   32|          0|
    |weights_load_6634_reg_10056                                                        |   32|   0|   32|          0|
    |weights_load_6635_reg_10066                                                        |   32|   0|   32|          0|
    |weights_load_6636_reg_10076                                                        |   32|   0|   32|          0|
    |weights_load_6637_reg_10086                                                        |   32|   0|   32|          0|
    |weights_load_6638_reg_10096                                                        |   32|   0|   32|          0|
    |weights_load_6639_reg_10106                                                        |   32|   0|   32|          0|
    |weights_load_6640_reg_10116                                                        |   32|   0|   32|          0|
    |weights_load_6641_reg_10126                                                        |   32|   0|   32|          0|
    |weights_load_6642_reg_10136                                                        |   32|   0|   32|          0|
    |weights_load_6643_reg_10146                                                        |   32|   0|   32|          0|
    |weights_load_6644_reg_10156                                                        |   32|   0|   32|          0|
    |weights_load_6645_reg_10166                                                        |   32|   0|   32|          0|
    |weights_load_6646_reg_10176                                                        |   32|   0|   32|          0|
    |weights_load_6647_reg_10186                                                        |   32|   0|   32|          0|
    |weights_load_6648_reg_10196                                                        |   32|   0|   32|          0|
    |weights_load_6649_reg_10206                                                        |   32|   0|   32|          0|
    |weights_load_6650_reg_10216                                                        |   32|   0|   32|          0|
    |weights_load_6651_reg_10226                                                        |   32|   0|   32|          0|
    |weights_load_6652_reg_10236                                                        |   32|   0|   32|          0|
    |weights_load_6653_reg_10246                                                        |   32|   0|   32|          0|
    |weights_load_6654_reg_10256                                                        |   32|   0|   32|          0|
    |weights_load_6655_reg_10266                                                        |   32|   0|   32|          0|
    |weights_load_6656_reg_10276                                                        |   32|   0|   32|          0|
    |weights_load_6657_reg_10286                                                        |   32|   0|   32|          0|
    |weights_load_6658_reg_10296                                                        |   32|   0|   32|          0|
    |weights_load_6659_reg_10306                                                        |   32|   0|   32|          0|
    |weights_load_6660_reg_10316                                                        |   32|   0|   32|          0|
    |weights_load_6661_reg_10326                                                        |   32|   0|   32|          0|
    |weights_load_6662_reg_10336                                                        |   32|   0|   32|          0|
    |weights_load_6663_reg_10346                                                        |   32|   0|   32|          0|
    |weights_load_6664_reg_10356                                                        |   32|   0|   32|          0|
    |weights_load_6665_reg_10366                                                        |   32|   0|   32|          0|
    |weights_load_6666_reg_10376                                                        |   32|   0|   32|          0|
    |weights_load_6667_reg_10386                                                        |   32|   0|   32|          0|
    |weights_load_6668_reg_10396                                                        |   32|   0|   32|          0|
    |weights_load_6669_reg_10406                                                        |   32|   0|   32|          0|
    |weights_load_6670_reg_10416                                                        |   32|   0|   32|          0|
    |weights_load_6671_reg_10426                                                        |   32|   0|   32|          0|
    |weights_load_6672_reg_10436                                                        |   32|   0|   32|          0|
    |weights_load_6673_reg_10446                                                        |   32|   0|   32|          0|
    |weights_load_6674_reg_10456                                                        |   32|   0|   32|          0|
    |weights_load_6675_reg_10466                                                        |   32|   0|   32|          0|
    |weights_load_6676_reg_10476                                                        |   32|   0|   32|          0|
    |weights_load_6677_reg_10486                                                        |   32|   0|   32|          0|
    |weights_load_6678_reg_10496                                                        |   32|   0|   32|          0|
    |weights_load_6679_reg_10506                                                        |   32|   0|   32|          0|
    |weights_load_6680_reg_10516                                                        |   32|   0|   32|          0|
    |weights_load_6681_reg_10526                                                        |   32|   0|   32|          0|
    |weights_load_6682_reg_10536                                                        |   32|   0|   32|          0|
    |weights_load_6683_reg_10546                                                        |   32|   0|   32|          0|
    |weights_load_6684_reg_10556                                                        |   32|   0|   32|          0|
    |weights_load_6685_reg_10566                                                        |   32|   0|   32|          0|
    |weights_load_6686_reg_10576                                                        |   32|   0|   32|          0|
    |weights_load_6687_reg_10586                                                        |   32|   0|   32|          0|
    |weights_load_6688_reg_10596                                                        |   32|   0|   32|          0|
    |weights_load_6689_reg_10606                                                        |   32|   0|   32|          0|
    |weights_load_6690_reg_10616                                                        |   32|   0|   32|          0|
    |weights_load_6691_reg_10626                                                        |   32|   0|   32|          0|
    |weights_load_6692_reg_10636                                                        |   32|   0|   32|          0|
    |weights_load_6693_reg_10646                                                        |   32|   0|   32|          0|
    |weights_load_6694_reg_10656                                                        |   32|   0|   32|          0|
    |weights_load_6695_reg_10666                                                        |   32|   0|   32|          0|
    |weights_load_6696_reg_10676                                                        |   32|   0|   32|          0|
    |weights_load_6697_reg_10686                                                        |   32|   0|   32|          0|
    |weights_load_6698_reg_10696                                                        |   32|   0|   32|          0|
    |weights_load_6699_reg_10706                                                        |   32|   0|   32|          0|
    |weights_load_6700_reg_10716                                                        |   32|   0|   32|          0|
    |weights_load_6701_reg_10726                                                        |   32|   0|   32|          0|
    |weights_load_6702_reg_10736                                                        |   32|   0|   32|          0|
    |weights_load_6703_reg_10746                                                        |   32|   0|   32|          0|
    |weights_load_6704_reg_10756                                                        |   32|   0|   32|          0|
    |weights_load_6705_reg_10766                                                        |   32|   0|   32|          0|
    |weights_load_6706_reg_10776                                                        |   32|   0|   32|          0|
    |weights_load_6707_reg_10786                                                        |   32|   0|   32|          0|
    |weights_load_6708_reg_10796                                                        |   32|   0|   32|          0|
    |weights_load_6709_reg_10806                                                        |   32|   0|   32|          0|
    |weights_load_6710_reg_10816                                                        |   32|   0|   32|          0|
    |weights_load_6711_reg_10826                                                        |   32|   0|   32|          0|
    |weights_load_6712_reg_10836                                                        |   32|   0|   32|          0|
    |weights_load_6713_reg_10846                                                        |   32|   0|   32|          0|
    |weights_load_6714_reg_10856                                                        |   32|   0|   32|          0|
    |weights_load_6715_reg_10866                                                        |   32|   0|   32|          0|
    |weights_load_6716_reg_10876                                                        |   32|   0|   32|          0|
    |weights_load_6717_reg_10886                                                        |   32|   0|   32|          0|
    |weights_load_6718_reg_10896                                                        |   32|   0|   32|          0|
    |weights_load_6719_reg_10906                                                        |   32|   0|   32|          0|
    |weights_load_6720_reg_10916                                                        |   32|   0|   32|          0|
    |weights_load_6721_reg_10926                                                        |   32|   0|   32|          0|
    |weights_load_6722_reg_10936                                                        |   32|   0|   32|          0|
    |weights_load_6723_reg_10946                                                        |   32|   0|   32|          0|
    |weights_load_6724_reg_10956                                                        |   32|   0|   32|          0|
    |weights_load_6725_reg_10966                                                        |   32|   0|   32|          0|
    |weights_load_6726_reg_10976                                                        |   32|   0|   32|          0|
    |weights_load_6727_reg_10986                                                        |   32|   0|   32|          0|
    |weights_load_6728_reg_10996                                                        |   32|   0|   32|          0|
    |weights_load_6729_reg_11006                                                        |   32|   0|   32|          0|
    |weights_load_6730_reg_11016                                                        |   32|   0|   32|          0|
    |weights_load_6731_reg_11026                                                        |   32|   0|   32|          0|
    |weights_load_6732_reg_11036                                                        |   32|   0|   32|          0|
    |weights_load_6733_reg_11046                                                        |   32|   0|   32|          0|
    |weights_load_6734_reg_11056                                                        |   32|   0|   32|          0|
    |weights_load_6735_reg_11066                                                        |   32|   0|   32|          0|
    |weights_load_6736_reg_11076                                                        |   32|   0|   32|          0|
    |weights_load_6737_reg_11086                                                        |   32|   0|   32|          0|
    |weights_load_6738_reg_11096                                                        |   32|   0|   32|          0|
    |weights_load_6739_reg_11106                                                        |   32|   0|   32|          0|
    |weights_load_6740_reg_11116                                                        |   32|   0|   32|          0|
    |weights_load_6741_reg_11126                                                        |   32|   0|   32|          0|
    |weights_load_6742_reg_11136                                                        |   32|   0|   32|          0|
    |weights_load_6743_reg_11146                                                        |   32|   0|   32|          0|
    |weights_load_6744_reg_11156                                                        |   32|   0|   32|          0|
    |weights_load_6745_reg_11166                                                        |   32|   0|   32|          0|
    |weights_load_6746_reg_11176                                                        |   32|   0|   32|          0|
    |weights_load_6747_reg_11186                                                        |   32|   0|   32|          0|
    |weights_load_6748_reg_11196                                                        |   32|   0|   32|          0|
    |weights_load_6749_reg_11206                                                        |   32|   0|   32|          0|
    |weights_load_6750_reg_11216                                                        |   32|   0|   32|          0|
    |weights_load_6751_reg_11226                                                        |   32|   0|   32|          0|
    |weights_load_6752_reg_11236                                                        |   32|   0|   32|          0|
    |weights_load_6753_reg_11246                                                        |   32|   0|   32|          0|
    |weights_load_6754_reg_11256                                                        |   32|   0|   32|          0|
    |weights_load_6755_reg_11266                                                        |   32|   0|   32|          0|
    |weights_load_6756_reg_11276                                                        |   32|   0|   32|          0|
    |weights_load_6757_reg_11286                                                        |   32|   0|   32|          0|
    |weights_load_6758_reg_11296                                                        |   32|   0|   32|          0|
    |weights_load_6759_reg_11306                                                        |   32|   0|   32|          0|
    |weights_load_6760_reg_11316                                                        |   32|   0|   32|          0|
    |weights_load_6761_reg_11326                                                        |   32|   0|   32|          0|
    |weights_load_6762_reg_11336                                                        |   32|   0|   32|          0|
    |weights_load_6763_reg_11346                                                        |   32|   0|   32|          0|
    |weights_load_6764_reg_11356                                                        |   32|   0|   32|          0|
    |weights_load_6765_reg_11366                                                        |   32|   0|   32|          0|
    |weights_load_6766_reg_11376                                                        |   32|   0|   32|          0|
    |weights_load_6767_reg_11386                                                        |   32|   0|   32|          0|
    |weights_load_6768_reg_11396                                                        |   32|   0|   32|          0|
    |weights_load_6769_reg_11406                                                        |   32|   0|   32|          0|
    |weights_load_6770_reg_11416                                                        |   32|   0|   32|          0|
    |weights_load_6771_reg_11426                                                        |   32|   0|   32|          0|
    |weights_load_6772_reg_11436                                                        |   32|   0|   32|          0|
    |weights_load_6773_reg_11446                                                        |   32|   0|   32|          0|
    |weights_load_6774_reg_11456                                                        |   32|   0|   32|          0|
    |weights_load_6775_reg_11466                                                        |   32|   0|   32|          0|
    |weights_load_6776_reg_11476                                                        |   32|   0|   32|          0|
    |weights_load_6777_reg_11486                                                        |   32|   0|   32|          0|
    |weights_load_6778_reg_11496                                                        |   32|   0|   32|          0|
    |weights_load_6779_reg_11506                                                        |   32|   0|   32|          0|
    |weights_load_6780_reg_11516                                                        |   32|   0|   32|          0|
    |weights_load_6781_reg_11526                                                        |   32|   0|   32|          0|
    |weights_load_6782_reg_11536                                                        |   32|   0|   32|          0|
    |weights_load_6783_reg_11546                                                        |   32|   0|   32|          0|
    |weights_load_6784_reg_11556                                                        |   32|   0|   32|          0|
    |weights_load_6785_reg_11566                                                        |   32|   0|   32|          0|
    |weights_load_6786_reg_11576                                                        |   32|   0|   32|          0|
    |weights_load_6787_reg_11586                                                        |   32|   0|   32|          0|
    |weights_load_6788_reg_11596                                                        |   32|   0|   32|          0|
    |weights_load_6789_reg_11606                                                        |   32|   0|   32|          0|
    |weights_load_6790_reg_11616                                                        |   32|   0|   32|          0|
    |weights_load_6791_reg_11626                                                        |   32|   0|   32|          0|
    |weights_load_6792_reg_11636                                                        |   32|   0|   32|          0|
    |weights_load_6793_reg_11646                                                        |   32|   0|   32|          0|
    |weights_load_6794_reg_11656                                                        |   32|   0|   32|          0|
    |weights_load_6795_reg_11666                                                        |   32|   0|   32|          0|
    |weights_load_6796_reg_11676                                                        |   32|   0|   32|          0|
    |weights_load_6797_reg_11686                                                        |   32|   0|   32|          0|
    |weights_load_6798_reg_11696                                                        |   32|   0|   32|          0|
    |weights_load_6799_reg_11706                                                        |   32|   0|   32|          0|
    |weights_load_6800_reg_11716                                                        |   32|   0|   32|          0|
    |weights_load_6801_reg_11726                                                        |   32|   0|   32|          0|
    |weights_load_6802_reg_11736                                                        |   32|   0|   32|          0|
    |weights_load_6803_reg_11746                                                        |   32|   0|   32|          0|
    |weights_load_6804_reg_11756                                                        |   32|   0|   32|          0|
    |weights_load_6805_reg_11766                                                        |   32|   0|   32|          0|
    |weights_load_6806_reg_11776                                                        |   32|   0|   32|          0|
    |weights_load_6807_reg_11786                                                        |   32|   0|   32|          0|
    |weights_load_6808_reg_11796                                                        |   32|   0|   32|          0|
    |weights_load_6809_reg_11806                                                        |   32|   0|   32|          0|
    |weights_load_6810_reg_11816                                                        |   32|   0|   32|          0|
    |weights_load_6811_reg_11826                                                        |   32|   0|   32|          0|
    |weights_load_6812_reg_11836                                                        |   32|   0|   32|          0|
    |weights_load_6813_reg_11846                                                        |   32|   0|   32|          0|
    |weights_load_6814_reg_11856                                                        |   32|   0|   32|          0|
    |weights_load_6815_reg_11866                                                        |   32|   0|   32|          0|
    |weights_load_6816_reg_11876                                                        |   32|   0|   32|          0|
    |weights_load_6817_reg_11886                                                        |   32|   0|   32|          0|
    |weights_load_6818_reg_11896                                                        |   32|   0|   32|          0|
    |weights_load_6819_reg_11906                                                        |   32|   0|   32|          0|
    |weights_load_6820_reg_11916                                                        |   32|   0|   32|          0|
    |weights_load_6821_reg_11926                                                        |   32|   0|   32|          0|
    |weights_load_6822_reg_11936                                                        |   32|   0|   32|          0|
    |weights_load_6823_reg_11946                                                        |   32|   0|   32|          0|
    |weights_load_6824_reg_11956                                                        |   32|   0|   32|          0|
    |weights_load_6825_reg_11966                                                        |   32|   0|   32|          0|
    |weights_load_6826_reg_11976                                                        |   32|   0|   32|          0|
    |weights_load_6827_reg_11986                                                        |   32|   0|   32|          0|
    |weights_load_6828_reg_11996                                                        |   32|   0|   32|          0|
    |weights_load_6829_reg_12006                                                        |   32|   0|   32|          0|
    |weights_load_6830_reg_12016                                                        |   32|   0|   32|          0|
    |weights_load_6831_reg_12026                                                        |   32|   0|   32|          0|
    |weights_load_6832_reg_12036                                                        |   32|   0|   32|          0|
    |weights_load_6833_reg_12046                                                        |   32|   0|   32|          0|
    |weights_load_6834_reg_12056                                                        |   32|   0|   32|          0|
    |weights_load_6835_reg_12066                                                        |   32|   0|   32|          0|
    |weights_load_6836_reg_12076                                                        |   32|   0|   32|          0|
    |weights_load_6837_reg_12086                                                        |   32|   0|   32|          0|
    |weights_load_6838_reg_12096                                                        |   32|   0|   32|          0|
    |weights_load_6839_reg_12106                                                        |   32|   0|   32|          0|
    |weights_load_6840_reg_12116                                                        |   32|   0|   32|          0|
    |weights_load_6841_reg_12126                                                        |   32|   0|   32|          0|
    |weights_load_6842_reg_12136                                                        |   32|   0|   32|          0|
    |weights_load_6843_reg_12146                                                        |   32|   0|   32|          0|
    |weights_load_6844_reg_12156                                                        |   32|   0|   32|          0|
    |weights_load_6845_reg_12166                                                        |   32|   0|   32|          0|
    |weights_load_6846_reg_12176                                                        |   32|   0|   32|          0|
    |weights_load_6847_reg_12186                                                        |   32|   0|   32|          0|
    |weights_load_6848_reg_12196                                                        |   32|   0|   32|          0|
    |weights_load_6849_reg_12206                                                        |   32|   0|   32|          0|
    |weights_load_6850_reg_12216                                                        |   32|   0|   32|          0|
    |weights_load_6851_reg_12226                                                        |   32|   0|   32|          0|
    |weights_load_6852_reg_12236                                                        |   32|   0|   32|          0|
    |weights_load_6853_reg_12246                                                        |   32|   0|   32|          0|
    |weights_load_6854_reg_12256                                                        |   32|   0|   32|          0|
    |weights_load_6855_reg_12266                                                        |   32|   0|   32|          0|
    |weights_load_6856_reg_12276                                                        |   32|   0|   32|          0|
    |weights_load_6857_reg_12286                                                        |   32|   0|   32|          0|
    |weights_load_6858_reg_12296                                                        |   32|   0|   32|          0|
    |weights_load_6859_reg_12306                                                        |   32|   0|   32|          0|
    |weights_load_6860_reg_12316                                                        |   32|   0|   32|          0|
    |weights_load_6861_reg_12326                                                        |   32|   0|   32|          0|
    |weights_load_6862_reg_12336                                                        |   32|   0|   32|          0|
    |weights_load_6863_reg_12346                                                        |   32|   0|   32|          0|
    |weights_load_6864_reg_12356                                                        |   32|   0|   32|          0|
    |weights_load_6865_reg_12366                                                        |   32|   0|   32|          0|
    |weights_load_6866_reg_12376                                                        |   32|   0|   32|          0|
    |weights_load_6867_reg_12386                                                        |   32|   0|   32|          0|
    |weights_load_6868_reg_12396                                                        |   32|   0|   32|          0|
    |weights_load_6869_reg_12406                                                        |   32|   0|   32|          0|
    |weights_load_6870_reg_12416                                                        |   32|   0|   32|          0|
    |weights_load_6871_reg_12426                                                        |   32|   0|   32|          0|
    |weights_load_6872_reg_12436                                                        |   32|   0|   32|          0|
    |weights_load_6873_reg_12446                                                        |   32|   0|   32|          0|
    |weights_load_6874_reg_12456                                                        |   32|   0|   32|          0|
    |weights_load_6875_reg_12466                                                        |   32|   0|   32|          0|
    |weights_load_6876_reg_12476                                                        |   32|   0|   32|          0|
    |weights_load_6877_reg_12486                                                        |   32|   0|   32|          0|
    |weights_load_6878_reg_12496                                                        |   32|   0|   32|          0|
    |weights_load_6879_reg_12506                                                        |   32|   0|   32|          0|
    |weights_load_6880_reg_12516                                                        |   32|   0|   32|          0|
    |weights_load_6881_reg_12526                                                        |   32|   0|   32|          0|
    |weights_load_6882_reg_12536                                                        |   32|   0|   32|          0|
    |weights_load_6883_reg_12546                                                        |   32|   0|   32|          0|
    |weights_load_6884_reg_12556                                                        |   32|   0|   32|          0|
    |weights_load_6885_reg_12566                                                        |   32|   0|   32|          0|
    |weights_load_6886_reg_12576                                                        |   32|   0|   32|          0|
    |weights_load_6887_reg_12586                                                        |   32|   0|   32|          0|
    |weights_load_6888_reg_12596                                                        |   32|   0|   32|          0|
    |weights_load_6889_reg_12606                                                        |   32|   0|   32|          0|
    |weights_load_6890_reg_12616                                                        |   32|   0|   32|          0|
    |weights_load_6891_reg_12626                                                        |   32|   0|   32|          0|
    |weights_load_6892_reg_12636                                                        |   32|   0|   32|          0|
    |weights_load_6893_reg_12646                                                        |   32|   0|   32|          0|
    |weights_load_6894_reg_12656                                                        |   32|   0|   32|          0|
    |weights_load_6895_reg_12666                                                        |   32|   0|   32|          0|
    |weights_load_6896_reg_12676                                                        |   32|   0|   32|          0|
    |weights_load_6897_reg_12686                                                        |   32|   0|   32|          0|
    |weights_load_6898_reg_12696                                                        |   32|   0|   32|          0|
    |weights_load_6899_reg_12706                                                        |   32|   0|   32|          0|
    |weights_load_6900_reg_12711                                                        |   32|   0|   32|          0|
    |weights_load_reg_6966                                                              |   32|   0|   32|          0|
    +-----------------------------------------------------------------------------------+-----+----+-----+-----------+
    |Total                                                                              |19012|   0|19012|          0|
    +-----------------------------------------------------------------------------------+-----+----+-----+-----------+



================================================================
== Interface
================================================================
* Summary: 
+--------------------------------------------------+-----+-----+------------+------------------------------------------------+--------------+
|                     RTL Ports                    | Dir | Bits|  Protocol  |                  Source Object                 |    C Type    |
+--------------------------------------------------+-----+-----+------------+------------------------------------------------+--------------+
|ap_clk                                            |   in|    1|  ap_ctrl_hs|  conv2d_sum_mc<float, 14u, 14u, 3u, 3u, 64u>.27|  return value|
|ap_rst                                            |   in|    1|  ap_ctrl_hs|  conv2d_sum_mc<float, 14u, 14u, 3u, 3u, 64u>.27|  return value|
|ap_start                                          |   in|    1|  ap_ctrl_hs|  conv2d_sum_mc<float, 14u, 14u, 3u, 3u, 64u>.27|  return value|
|ap_done                                           |  out|    1|  ap_ctrl_hs|  conv2d_sum_mc<float, 14u, 14u, 3u, 3u, 64u>.27|  return value|
|ap_continue                                       |   in|    1|  ap_ctrl_hs|  conv2d_sum_mc<float, 14u, 14u, 3u, 3u, 64u>.27|  return value|
|ap_idle                                           |  out|    1|  ap_ctrl_hs|  conv2d_sum_mc<float, 14u, 14u, 3u, 3u, 64u>.27|  return value|
|ap_ready                                          |  out|    1|  ap_ctrl_hs|  conv2d_sum_mc<float, 14u, 14u, 3u, 3u, 64u>.27|  return value|
|conv2d_64_padded_window_stream_27_dout            |   in|  288|     ap_fifo|               conv2d_64_padded_window_stream_27|       pointer|
|conv2d_64_padded_window_stream_27_num_data_valid  |   in|    3|     ap_fifo|               conv2d_64_padded_window_stream_27|       pointer|
|conv2d_64_padded_window_stream_27_fifo_cap        |   in|    3|     ap_fifo|               conv2d_64_padded_window_stream_27|       pointer|
|conv2d_64_padded_window_stream_27_empty_n         |   in|    1|     ap_fifo|               conv2d_64_padded_window_stream_27|       pointer|
|conv2d_64_padded_window_stream_27_read            |  out|    1|     ap_fifo|               conv2d_64_padded_window_stream_27|       pointer|
|weights_address0                                  |  out|   10|   ap_memory|                                         weights|         array|
|weights_ce0                                       |  out|    1|   ap_memory|                                         weights|         array|
|weights_q0                                        |   in|   32|   ap_memory|                                         weights|         array|
|in_channel_map_stream_27_din                      |  out|   32|     ap_fifo|                        in_channel_map_stream_27|       pointer|
|in_channel_map_stream_27_num_data_valid           |   in|    3|     ap_fifo|                        in_channel_map_stream_27|       pointer|
|in_channel_map_stream_27_fifo_cap                 |   in|    3|     ap_fifo|                        in_channel_map_stream_27|       pointer|
|in_channel_map_stream_27_full_n                   |   in|    1|     ap_fifo|                        in_channel_map_stream_27|       pointer|
|in_channel_map_stream_27_write                    |  out|    1|     ap_fifo|                        in_channel_map_stream_27|       pointer|
+--------------------------------------------------+-----+-----+------------+------------------------------------------------+--------------+

