

================================================================
== Vitis HLS Report for 'conv2d_sum_mc_float_14u_14u_3u_3u_64u_10'
================================================================
* Date:           Tue Oct 18 21:17:33 2022

* Version:        2022.1 (Build 3526262 on Mon Apr 18 15:47:01 MDT 2022)
* Project:        forward_prop
* Solution:       solution1 (Vitis Kernel Flow Target)
* Product family: virtexuplus
* Target device:  xcvu5p-flva2104-1-e


================================================================
== Performance Estimates
================================================================
+ Timing: 
    * Summary: 
    +--------+----------+----------+------------+
    |  Clock |  Target  | Estimated| Uncertainty|
    +--------+----------+----------+------------+
    |ap_clk  |  10.00 ns|  7.725 ns|     2.70 ns|
    +--------+----------+----------+------------+

+ Latency: 
    * Summary: 
    +---------+---------+----------+----------+-------+-------+---------+
    |  Latency (cycles) |  Latency (absolute) |    Interval   | Pipeline|
    |   min   |   max   |    min   |    max   |  min  |  max  |   Type  |
    +---------+---------+----------+----------+-------+-------+---------+
    |    13138|    13138|  0.131 ms|  0.131 ms|  13138|  13138|       no|
    +---------+---------+----------+----------+-------+-------+---------+

    + Detail: 
        * Instance: 
        +----------------------------------------------------------------------+----------------------------------------------------------+---------+---------+----------+----------+-------+-------+---------+
        |                                                                      |                                                          |  Latency (cycles) |  Latency (absolute) |    Interval   | Pipeline|
        |                               Instance                               |                          Module                          |   min   |   max   |    min   |    max   |  min  |  max  |   Type  |
        +----------------------------------------------------------------------+----------------------------------------------------------+---------+---------+----------+----------+-------+-------+---------+
        |grp_conv2d_sum_mc_float_14u_14u_3u_3u_64u_10_Pipeline_inputs_fu_6371  |conv2d_sum_mc_float_14u_14u_3u_3u_64u_10_Pipeline_inputs  |    12561|    12561|  0.126 ms|  0.126 ms|  12561|  12561|       no|
        +----------------------------------------------------------------------+----------------------------------------------------------+---------+---------+----------+----------+-------+-------+---------+

        * Loop: 
        N/A



================================================================
== Utilization Estimates
================================================================
* Summary: 
+---------------------+---------+------+---------+--------+-----+
|         Name        | BRAM_18K|  DSP |    FF   |   LUT  | URAM|
+---------------------+---------+------+---------+--------+-----+
|DSP                  |        -|     -|        -|       -|    -|
|Expression           |        -|     -|        0|       2|    -|
|FIFO                 |        -|     -|        -|       -|    -|
|Instance             |        -|    43|     5780|    7090|    -|
|Memory               |        -|     -|        -|       -|    -|
|Multiplexer          |        -|     -|        -|    5413|    -|
|Register             |        -|     -|    19012|       -|    -|
+---------------------+---------+------+---------+--------+-----+
|Total                |        0|    43|    24792|   12505|    0|
+---------------------+---------+------+---------+--------+-----+
|Available SLR        |     1024|  1737|   600577|  300288|  235|
+---------------------+---------+------+---------+--------+-----+
|Utilization SLR (%)  |        0|     2|        4|       4|    0|
+---------------------+---------+------+---------+--------+-----+
|Available            |     2048|  3474|  1201154|  600577|  470|
+---------------------+---------+------+---------+--------+-----+
|Utilization (%)      |        0|     1|        2|       2|    0|
+---------------------+---------+------+---------+--------+-----+

+ Detail: 
    * Instance: 
    +----------------------------------------------------------------------+----------------------------------------------------------+---------+----+------+------+-----+
    |                               Instance                               |                          Module                          | BRAM_18K| DSP|  FF  |  LUT | URAM|
    +----------------------------------------------------------------------+----------------------------------------------------------+---------+----+------+------+-----+
    |grp_conv2d_sum_mc_float_14u_14u_3u_3u_64u_10_Pipeline_inputs_fu_6371  |conv2d_sum_mc_float_14u_14u_3u_3u_64u_10_Pipeline_inputs  |        0|  43|  5780|  7090|    0|
    +----------------------------------------------------------------------+----------------------------------------------------------+---------+----+------+------+-----+
    |Total                                                                 |                                                          |        0|  43|  5780|  7090|    0|
    +----------------------------------------------------------------------+----------------------------------------------------------+---------+----+------+------+-----+

    * DSP: 
    N/A

    * Memory: 
    N/A

    * FIFO: 
    N/A

    * Expression: 
    +-----------------+----------+----+---+----+------------+------------+
    |  Variable Name  | Operation| DSP| FF| LUT| Bitwidth P0| Bitwidth P1|
    +-----------------+----------+----+---+----+------------+------------+
    |ap_block_state1  |        or|   0|  0|   2|           1|           1|
    +-----------------+----------+----+---+----+------------+------------+
    |Total            |          |   0|  0|   2|           1|           1|
    +-----------------+----------+----+---+----+------------+------------+

    * Multiplexer: 
    +----------------------------------------+------+-----------+-----+-----------+
    |                  Name                  |  LUT | Input Size| Bits| Total Bits|
    +----------------------------------------+------+-----------+-----+-----------+
    |ap_NS_fsm                               |  2693|        579|    1|        579|
    |ap_done                                 |     9|          2|    1|          2|
    |conv2d_64_padded_window_stream_10_read  |     9|          2|    1|          2|
    |in_channel_map_stream_10_write          |     9|          2|    1|          2|
    |weights_address0                        |  2693|        577|   10|       5770|
    +----------------------------------------+------+-----------+-----+-----------+
    |Total                                   |  5413|       1162|   14|       6355|
    +----------------------------------------+------+-----------+-----+-----------+

    * Register: 
    +-----------------------------------------------------------------------------------+-----+----+-----+-----------+
    |                                        Name                                       |  FF | LUT| Bits| Const Bits|
    +-----------------------------------------------------------------------------------+-----+----+-----+-----------+
    |ap_CS_fsm                                                                          |  578|   0|  578|          0|
    |ap_done_reg                                                                        |    1|   0|    1|          0|
    |grp_conv2d_sum_mc_float_14u_14u_3u_3u_64u_10_Pipeline_inputs_fu_6371_ap_start_reg  |    1|   0|    1|          0|
    |weights_load_16676_reg_6976                                                        |   32|   0|   32|          0|
    |weights_load_16677_reg_6986                                                        |   32|   0|   32|          0|
    |weights_load_16678_reg_6996                                                        |   32|   0|   32|          0|
    |weights_load_16679_reg_7006                                                        |   32|   0|   32|          0|
    |weights_load_16680_reg_7016                                                        |   32|   0|   32|          0|
    |weights_load_16681_reg_7026                                                        |   32|   0|   32|          0|
    |weights_load_16682_reg_7036                                                        |   32|   0|   32|          0|
    |weights_load_16683_reg_7046                                                        |   32|   0|   32|          0|
    |weights_load_16684_reg_7056                                                        |   32|   0|   32|          0|
    |weights_load_16685_reg_7066                                                        |   32|   0|   32|          0|
    |weights_load_16686_reg_7076                                                        |   32|   0|   32|          0|
    |weights_load_16687_reg_7086                                                        |   32|   0|   32|          0|
    |weights_load_16688_reg_7096                                                        |   32|   0|   32|          0|
    |weights_load_16689_reg_7106                                                        |   32|   0|   32|          0|
    |weights_load_16690_reg_7116                                                        |   32|   0|   32|          0|
    |weights_load_16691_reg_7126                                                        |   32|   0|   32|          0|
    |weights_load_16692_reg_7136                                                        |   32|   0|   32|          0|
    |weights_load_16693_reg_7146                                                        |   32|   0|   32|          0|
    |weights_load_16694_reg_7156                                                        |   32|   0|   32|          0|
    |weights_load_16695_reg_7166                                                        |   32|   0|   32|          0|
    |weights_load_16696_reg_7176                                                        |   32|   0|   32|          0|
    |weights_load_16697_reg_7186                                                        |   32|   0|   32|          0|
    |weights_load_16698_reg_7196                                                        |   32|   0|   32|          0|
    |weights_load_16699_reg_7206                                                        |   32|   0|   32|          0|
    |weights_load_16700_reg_7216                                                        |   32|   0|   32|          0|
    |weights_load_16701_reg_7226                                                        |   32|   0|   32|          0|
    |weights_load_16702_reg_7236                                                        |   32|   0|   32|          0|
    |weights_load_16703_reg_7246                                                        |   32|   0|   32|          0|
    |weights_load_16704_reg_7256                                                        |   32|   0|   32|          0|
    |weights_load_16705_reg_7266                                                        |   32|   0|   32|          0|
    |weights_load_16706_reg_7276                                                        |   32|   0|   32|          0|
    |weights_load_16707_reg_7286                                                        |   32|   0|   32|          0|
    |weights_load_16708_reg_7296                                                        |   32|   0|   32|          0|
    |weights_load_16709_reg_7306                                                        |   32|   0|   32|          0|
    |weights_load_16710_reg_7316                                                        |   32|   0|   32|          0|
    |weights_load_16711_reg_7326                                                        |   32|   0|   32|          0|
    |weights_load_16712_reg_7336                                                        |   32|   0|   32|          0|
    |weights_load_16713_reg_7346                                                        |   32|   0|   32|          0|
    |weights_load_16714_reg_7356                                                        |   32|   0|   32|          0|
    |weights_load_16715_reg_7366                                                        |   32|   0|   32|          0|
    |weights_load_16716_reg_7376                                                        |   32|   0|   32|          0|
    |weights_load_16717_reg_7386                                                        |   32|   0|   32|          0|
    |weights_load_16718_reg_7396                                                        |   32|   0|   32|          0|
    |weights_load_16719_reg_7406                                                        |   32|   0|   32|          0|
    |weights_load_16720_reg_7416                                                        |   32|   0|   32|          0|
    |weights_load_16721_reg_7426                                                        |   32|   0|   32|          0|
    |weights_load_16722_reg_7436                                                        |   32|   0|   32|          0|
    |weights_load_16723_reg_7446                                                        |   32|   0|   32|          0|
    |weights_load_16724_reg_7456                                                        |   32|   0|   32|          0|
    |weights_load_16725_reg_7466                                                        |   32|   0|   32|          0|
    |weights_load_16726_reg_7476                                                        |   32|   0|   32|          0|
    |weights_load_16727_reg_7486                                                        |   32|   0|   32|          0|
    |weights_load_16728_reg_7496                                                        |   32|   0|   32|          0|
    |weights_load_16729_reg_7506                                                        |   32|   0|   32|          0|
    |weights_load_16730_reg_7516                                                        |   32|   0|   32|          0|
    |weights_load_16731_reg_7526                                                        |   32|   0|   32|          0|
    |weights_load_16732_reg_7536                                                        |   32|   0|   32|          0|
    |weights_load_16733_reg_7546                                                        |   32|   0|   32|          0|
    |weights_load_16734_reg_7556                                                        |   32|   0|   32|          0|
    |weights_load_16735_reg_7566                                                        |   32|   0|   32|          0|
    |weights_load_16736_reg_7576                                                        |   32|   0|   32|          0|
    |weights_load_16737_reg_7586                                                        |   32|   0|   32|          0|
    |weights_load_16738_reg_7596                                                        |   32|   0|   32|          0|
    |weights_load_16739_reg_7606                                                        |   32|   0|   32|          0|
    |weights_load_16740_reg_7616                                                        |   32|   0|   32|          0|
    |weights_load_16741_reg_7626                                                        |   32|   0|   32|          0|
    |weights_load_16742_reg_7636                                                        |   32|   0|   32|          0|
    |weights_load_16743_reg_7646                                                        |   32|   0|   32|          0|
    |weights_load_16744_reg_7656                                                        |   32|   0|   32|          0|
    |weights_load_16745_reg_7666                                                        |   32|   0|   32|          0|
    |weights_load_16746_reg_7676                                                        |   32|   0|   32|          0|
    |weights_load_16747_reg_7686                                                        |   32|   0|   32|          0|
    |weights_load_16748_reg_7696                                                        |   32|   0|   32|          0|
    |weights_load_16749_reg_7706                                                        |   32|   0|   32|          0|
    |weights_load_16750_reg_7716                                                        |   32|   0|   32|          0|
    |weights_load_16751_reg_7726                                                        |   32|   0|   32|          0|
    |weights_load_16752_reg_7736                                                        |   32|   0|   32|          0|
    |weights_load_16753_reg_7746                                                        |   32|   0|   32|          0|
    |weights_load_16754_reg_7756                                                        |   32|   0|   32|          0|
    |weights_load_16755_reg_7766                                                        |   32|   0|   32|          0|
    |weights_load_16756_reg_7776                                                        |   32|   0|   32|          0|
    |weights_load_16757_reg_7786                                                        |   32|   0|   32|          0|
    |weights_load_16758_reg_7796                                                        |   32|   0|   32|          0|
    |weights_load_16759_reg_7806                                                        |   32|   0|   32|          0|
    |weights_load_16760_reg_7816                                                        |   32|   0|   32|          0|
    |weights_load_16761_reg_7826                                                        |   32|   0|   32|          0|
    |weights_load_16762_reg_7836                                                        |   32|   0|   32|          0|
    |weights_load_16763_reg_7846                                                        |   32|   0|   32|          0|
    |weights_load_16764_reg_7856                                                        |   32|   0|   32|          0|
    |weights_load_16765_reg_7866                                                        |   32|   0|   32|          0|
    |weights_load_16766_reg_7876                                                        |   32|   0|   32|          0|
    |weights_load_16767_reg_7886                                                        |   32|   0|   32|          0|
    |weights_load_16768_reg_7896                                                        |   32|   0|   32|          0|
    |weights_load_16769_reg_7906                                                        |   32|   0|   32|          0|
    |weights_load_16770_reg_7916                                                        |   32|   0|   32|          0|
    |weights_load_16771_reg_7926                                                        |   32|   0|   32|          0|
    |weights_load_16772_reg_7936                                                        |   32|   0|   32|          0|
    |weights_load_16773_reg_7946                                                        |   32|   0|   32|          0|
    |weights_load_16774_reg_7956                                                        |   32|   0|   32|          0|
    |weights_load_16775_reg_7966                                                        |   32|   0|   32|          0|
    |weights_load_16776_reg_7976                                                        |   32|   0|   32|          0|
    |weights_load_16777_reg_7986                                                        |   32|   0|   32|          0|
    |weights_load_16778_reg_7996                                                        |   32|   0|   32|          0|
    |weights_load_16779_reg_8006                                                        |   32|   0|   32|          0|
    |weights_load_16780_reg_8016                                                        |   32|   0|   32|          0|
    |weights_load_16781_reg_8026                                                        |   32|   0|   32|          0|
    |weights_load_16782_reg_8036                                                        |   32|   0|   32|          0|
    |weights_load_16783_reg_8046                                                        |   32|   0|   32|          0|
    |weights_load_16784_reg_8056                                                        |   32|   0|   32|          0|
    |weights_load_16785_reg_8066                                                        |   32|   0|   32|          0|
    |weights_load_16786_reg_8076                                                        |   32|   0|   32|          0|
    |weights_load_16787_reg_8086                                                        |   32|   0|   32|          0|
    |weights_load_16788_reg_8096                                                        |   32|   0|   32|          0|
    |weights_load_16789_reg_8106                                                        |   32|   0|   32|          0|
    |weights_load_16790_reg_8116                                                        |   32|   0|   32|          0|
    |weights_load_16791_reg_8126                                                        |   32|   0|   32|          0|
    |weights_load_16792_reg_8136                                                        |   32|   0|   32|          0|
    |weights_load_16793_reg_8146                                                        |   32|   0|   32|          0|
    |weights_load_16794_reg_8156                                                        |   32|   0|   32|          0|
    |weights_load_16795_reg_8166                                                        |   32|   0|   32|          0|
    |weights_load_16796_reg_8176                                                        |   32|   0|   32|          0|
    |weights_load_16797_reg_8186                                                        |   32|   0|   32|          0|
    |weights_load_16798_reg_8196                                                        |   32|   0|   32|          0|
    |weights_load_16799_reg_8206                                                        |   32|   0|   32|          0|
    |weights_load_16800_reg_8216                                                        |   32|   0|   32|          0|
    |weights_load_16801_reg_8226                                                        |   32|   0|   32|          0|
    |weights_load_16802_reg_8236                                                        |   32|   0|   32|          0|
    |weights_load_16803_reg_8246                                                        |   32|   0|   32|          0|
    |weights_load_16804_reg_8256                                                        |   32|   0|   32|          0|
    |weights_load_16805_reg_8266                                                        |   32|   0|   32|          0|
    |weights_load_16806_reg_8276                                                        |   32|   0|   32|          0|
    |weights_load_16807_reg_8286                                                        |   32|   0|   32|          0|
    |weights_load_16808_reg_8296                                                        |   32|   0|   32|          0|
    |weights_load_16809_reg_8306                                                        |   32|   0|   32|          0|
    |weights_load_16810_reg_8316                                                        |   32|   0|   32|          0|
    |weights_load_16811_reg_8326                                                        |   32|   0|   32|          0|
    |weights_load_16812_reg_8336                                                        |   32|   0|   32|          0|
    |weights_load_16813_reg_8346                                                        |   32|   0|   32|          0|
    |weights_load_16814_reg_8356                                                        |   32|   0|   32|          0|
    |weights_load_16815_reg_8366                                                        |   32|   0|   32|          0|
    |weights_load_16816_reg_8376                                                        |   32|   0|   32|          0|
    |weights_load_16817_reg_8386                                                        |   32|   0|   32|          0|
    |weights_load_16818_reg_8396                                                        |   32|   0|   32|          0|
    |weights_load_16819_reg_8406                                                        |   32|   0|   32|          0|
    |weights_load_16820_reg_8416                                                        |   32|   0|   32|          0|
    |weights_load_16821_reg_8426                                                        |   32|   0|   32|          0|
    |weights_load_16822_reg_8436                                                        |   32|   0|   32|          0|
    |weights_load_16823_reg_8446                                                        |   32|   0|   32|          0|
    |weights_load_16824_reg_8456                                                        |   32|   0|   32|          0|
    |weights_load_16825_reg_8466                                                        |   32|   0|   32|          0|
    |weights_load_16826_reg_8476                                                        |   32|   0|   32|          0|
    |weights_load_16827_reg_8486                                                        |   32|   0|   32|          0|
    |weights_load_16828_reg_8496                                                        |   32|   0|   32|          0|
    |weights_load_16829_reg_8506                                                        |   32|   0|   32|          0|
    |weights_load_16830_reg_8516                                                        |   32|   0|   32|          0|
    |weights_load_16831_reg_8526                                                        |   32|   0|   32|          0|
    |weights_load_16832_reg_8536                                                        |   32|   0|   32|          0|
    |weights_load_16833_reg_8546                                                        |   32|   0|   32|          0|
    |weights_load_16834_reg_8556                                                        |   32|   0|   32|          0|
    |weights_load_16835_reg_8566                                                        |   32|   0|   32|          0|
    |weights_load_16836_reg_8576                                                        |   32|   0|   32|          0|
    |weights_load_16837_reg_8586                                                        |   32|   0|   32|          0|
    |weights_load_16838_reg_8596                                                        |   32|   0|   32|          0|
    |weights_load_16839_reg_8606                                                        |   32|   0|   32|          0|
    |weights_load_16840_reg_8616                                                        |   32|   0|   32|          0|
    |weights_load_16841_reg_8626                                                        |   32|   0|   32|          0|
    |weights_load_16842_reg_8636                                                        |   32|   0|   32|          0|
    |weights_load_16843_reg_8646                                                        |   32|   0|   32|          0|
    |weights_load_16844_reg_8656                                                        |   32|   0|   32|          0|
    |weights_load_16845_reg_8666                                                        |   32|   0|   32|          0|
    |weights_load_16846_reg_8676                                                        |   32|   0|   32|          0|
    |weights_load_16847_reg_8686                                                        |   32|   0|   32|          0|
    |weights_load_16848_reg_8696                                                        |   32|   0|   32|          0|
    |weights_load_16849_reg_8706                                                        |   32|   0|   32|          0|
    |weights_load_16850_reg_8716                                                        |   32|   0|   32|          0|
    |weights_load_16851_reg_8726                                                        |   32|   0|   32|          0|
    |weights_load_16852_reg_8736                                                        |   32|   0|   32|          0|
    |weights_load_16853_reg_8746                                                        |   32|   0|   32|          0|
    |weights_load_16854_reg_8756                                                        |   32|   0|   32|          0|
    |weights_load_16855_reg_8766                                                        |   32|   0|   32|          0|
    |weights_load_16856_reg_8776                                                        |   32|   0|   32|          0|
    |weights_load_16857_reg_8786                                                        |   32|   0|   32|          0|
    |weights_load_16858_reg_8796                                                        |   32|   0|   32|          0|
    |weights_load_16859_reg_8806                                                        |   32|   0|   32|          0|
    |weights_load_16860_reg_8816                                                        |   32|   0|   32|          0|
    |weights_load_16861_reg_8826                                                        |   32|   0|   32|          0|
    |weights_load_16862_reg_8836                                                        |   32|   0|   32|          0|
    |weights_load_16863_reg_8846                                                        |   32|   0|   32|          0|
    |weights_load_16864_reg_8856                                                        |   32|   0|   32|          0|
    |weights_load_16865_reg_8866                                                        |   32|   0|   32|          0|
    |weights_load_16866_reg_8876                                                        |   32|   0|   32|          0|
    |weights_load_16867_reg_8886                                                        |   32|   0|   32|          0|
    |weights_load_16868_reg_8896                                                        |   32|   0|   32|          0|
    |weights_load_16869_reg_8906                                                        |   32|   0|   32|          0|
    |weights_load_16870_reg_8916                                                        |   32|   0|   32|          0|
    |weights_load_16871_reg_8926                                                        |   32|   0|   32|          0|
    |weights_load_16872_reg_8936                                                        |   32|   0|   32|          0|
    |weights_load_16873_reg_8946                                                        |   32|   0|   32|          0|
    |weights_load_16874_reg_8956                                                        |   32|   0|   32|          0|
    |weights_load_16875_reg_8966                                                        |   32|   0|   32|          0|
    |weights_load_16876_reg_8976                                                        |   32|   0|   32|          0|
    |weights_load_16877_reg_8986                                                        |   32|   0|   32|          0|
    |weights_load_16878_reg_8996                                                        |   32|   0|   32|          0|
    |weights_load_16879_reg_9006                                                        |   32|   0|   32|          0|
    |weights_load_16880_reg_9016                                                        |   32|   0|   32|          0|
    |weights_load_16881_reg_9026                                                        |   32|   0|   32|          0|
    |weights_load_16882_reg_9036                                                        |   32|   0|   32|          0|
    |weights_load_16883_reg_9046                                                        |   32|   0|   32|          0|
    |weights_load_16884_reg_9056                                                        |   32|   0|   32|          0|
    |weights_load_16885_reg_9066                                                        |   32|   0|   32|          0|
    |weights_load_16886_reg_9076                                                        |   32|   0|   32|          0|
    |weights_load_16887_reg_9086                                                        |   32|   0|   32|          0|
    |weights_load_16888_reg_9096                                                        |   32|   0|   32|          0|
    |weights_load_16889_reg_9106                                                        |   32|   0|   32|          0|
    |weights_load_16890_reg_9116                                                        |   32|   0|   32|          0|
    |weights_load_16891_reg_9126                                                        |   32|   0|   32|          0|
    |weights_load_16892_reg_9136                                                        |   32|   0|   32|          0|
    |weights_load_16893_reg_9146                                                        |   32|   0|   32|          0|
    |weights_load_16894_reg_9156                                                        |   32|   0|   32|          0|
    |weights_load_16895_reg_9166                                                        |   32|   0|   32|          0|
    |weights_load_16896_reg_9176                                                        |   32|   0|   32|          0|
    |weights_load_16897_reg_9186                                                        |   32|   0|   32|          0|
    |weights_load_16898_reg_9196                                                        |   32|   0|   32|          0|
    |weights_load_16899_reg_9206                                                        |   32|   0|   32|          0|
    |weights_load_16900_reg_9216                                                        |   32|   0|   32|          0|
    |weights_load_16901_reg_9226                                                        |   32|   0|   32|          0|
    |weights_load_16902_reg_9236                                                        |   32|   0|   32|          0|
    |weights_load_16903_reg_9246                                                        |   32|   0|   32|          0|
    |weights_load_16904_reg_9256                                                        |   32|   0|   32|          0|
    |weights_load_16905_reg_9266                                                        |   32|   0|   32|          0|
    |weights_load_16906_reg_9276                                                        |   32|   0|   32|          0|
    |weights_load_16907_reg_9286                                                        |   32|   0|   32|          0|
    |weights_load_16908_reg_9296                                                        |   32|   0|   32|          0|
    |weights_load_16909_reg_9306                                                        |   32|   0|   32|          0|
    |weights_load_16910_reg_9316                                                        |   32|   0|   32|          0|
    |weights_load_16911_reg_9326                                                        |   32|   0|   32|          0|
    |weights_load_16912_reg_9336                                                        |   32|   0|   32|          0|
    |weights_load_16913_reg_9346                                                        |   32|   0|   32|          0|
    |weights_load_16914_reg_9356                                                        |   32|   0|   32|          0|
    |weights_load_16915_reg_9366                                                        |   32|   0|   32|          0|
    |weights_load_16916_reg_9376                                                        |   32|   0|   32|          0|
    |weights_load_16917_reg_9386                                                        |   32|   0|   32|          0|
    |weights_load_16918_reg_9396                                                        |   32|   0|   32|          0|
    |weights_load_16919_reg_9406                                                        |   32|   0|   32|          0|
    |weights_load_16920_reg_9416                                                        |   32|   0|   32|          0|
    |weights_load_16921_reg_9426                                                        |   32|   0|   32|          0|
    |weights_load_16922_reg_9436                                                        |   32|   0|   32|          0|
    |weights_load_16923_reg_9446                                                        |   32|   0|   32|          0|
    |weights_load_16924_reg_9456                                                        |   32|   0|   32|          0|
    |weights_load_16925_reg_9466                                                        |   32|   0|   32|          0|
    |weights_load_16926_reg_9476                                                        |   32|   0|   32|          0|
    |weights_load_16927_reg_9486                                                        |   32|   0|   32|          0|
    |weights_load_16928_reg_9496                                                        |   32|   0|   32|          0|
    |weights_load_16929_reg_9506                                                        |   32|   0|   32|          0|
    |weights_load_16930_reg_9516                                                        |   32|   0|   32|          0|
    |weights_load_16931_reg_9526                                                        |   32|   0|   32|          0|
    |weights_load_16932_reg_9536                                                        |   32|   0|   32|          0|
    |weights_load_16933_reg_9546                                                        |   32|   0|   32|          0|
    |weights_load_16934_reg_9556                                                        |   32|   0|   32|          0|
    |weights_load_16935_reg_9566                                                        |   32|   0|   32|          0|
    |weights_load_16936_reg_9576                                                        |   32|   0|   32|          0|
    |weights_load_16937_reg_9586                                                        |   32|   0|   32|          0|
    |weights_load_16938_reg_9596                                                        |   32|   0|   32|          0|
    |weights_load_16939_reg_9606                                                        |   32|   0|   32|          0|
    |weights_load_16940_reg_9616                                                        |   32|   0|   32|          0|
    |weights_load_16941_reg_9626                                                        |   32|   0|   32|          0|
    |weights_load_16942_reg_9636                                                        |   32|   0|   32|          0|
    |weights_load_16943_reg_9646                                                        |   32|   0|   32|          0|
    |weights_load_16944_reg_9656                                                        |   32|   0|   32|          0|
    |weights_load_16945_reg_9666                                                        |   32|   0|   32|          0|
    |weights_load_16946_reg_9676                                                        |   32|   0|   32|          0|
    |weights_load_16947_reg_9686                                                        |   32|   0|   32|          0|
    |weights_load_16948_reg_9696                                                        |   32|   0|   32|          0|
    |weights_load_16949_reg_9706                                                        |   32|   0|   32|          0|
    |weights_load_16950_reg_9716                                                        |   32|   0|   32|          0|
    |weights_load_16951_reg_9726                                                        |   32|   0|   32|          0|
    |weights_load_16952_reg_9736                                                        |   32|   0|   32|          0|
    |weights_load_16953_reg_9746                                                        |   32|   0|   32|          0|
    |weights_load_16954_reg_9756                                                        |   32|   0|   32|          0|
    |weights_load_16955_reg_9766                                                        |   32|   0|   32|          0|
    |weights_load_16956_reg_9776                                                        |   32|   0|   32|          0|
    |weights_load_16957_reg_9786                                                        |   32|   0|   32|          0|
    |weights_load_16958_reg_9796                                                        |   32|   0|   32|          0|
    |weights_load_16959_reg_9806                                                        |   32|   0|   32|          0|
    |weights_load_16960_reg_9816                                                        |   32|   0|   32|          0|
    |weights_load_16961_reg_9826                                                        |   32|   0|   32|          0|
    |weights_load_16962_reg_9836                                                        |   32|   0|   32|          0|
    |weights_load_16963_reg_9846                                                        |   32|   0|   32|          0|
    |weights_load_16964_reg_9856                                                        |   32|   0|   32|          0|
    |weights_load_16965_reg_9866                                                        |   32|   0|   32|          0|
    |weights_load_16966_reg_9876                                                        |   32|   0|   32|          0|
    |weights_load_16967_reg_9886                                                        |   32|   0|   32|          0|
    |weights_load_16968_reg_9896                                                        |   32|   0|   32|          0|
    |weights_load_16969_reg_9906                                                        |   32|   0|   32|          0|
    |weights_load_16970_reg_9916                                                        |   32|   0|   32|          0|
    |weights_load_16971_reg_9926                                                        |   32|   0|   32|          0|
    |weights_load_16972_reg_9936                                                        |   32|   0|   32|          0|
    |weights_load_16973_reg_9946                                                        |   32|   0|   32|          0|
    |weights_load_16974_reg_9956                                                        |   32|   0|   32|          0|
    |weights_load_16975_reg_9966                                                        |   32|   0|   32|          0|
    |weights_load_16976_reg_9976                                                        |   32|   0|   32|          0|
    |weights_load_16977_reg_9986                                                        |   32|   0|   32|          0|
    |weights_load_16978_reg_9996                                                        |   32|   0|   32|          0|
    |weights_load_16979_reg_10006                                                       |   32|   0|   32|          0|
    |weights_load_16980_reg_10016                                                       |   32|   0|   32|          0|
    |weights_load_16981_reg_10026                                                       |   32|   0|   32|          0|
    |weights_load_16982_reg_10036                                                       |   32|   0|   32|          0|
    |weights_load_16983_reg_10046                                                       |   32|   0|   32|          0|
    |weights_load_16984_reg_10056                                                       |   32|   0|   32|          0|
    |weights_load_16985_reg_10066                                                       |   32|   0|   32|          0|
    |weights_load_16986_reg_10076                                                       |   32|   0|   32|          0|
    |weights_load_16987_reg_10086                                                       |   32|   0|   32|          0|
    |weights_load_16988_reg_10096                                                       |   32|   0|   32|          0|
    |weights_load_16989_reg_10106                                                       |   32|   0|   32|          0|
    |weights_load_16990_reg_10116                                                       |   32|   0|   32|          0|
    |weights_load_16991_reg_10126                                                       |   32|   0|   32|          0|
    |weights_load_16992_reg_10136                                                       |   32|   0|   32|          0|
    |weights_load_16993_reg_10146                                                       |   32|   0|   32|          0|
    |weights_load_16994_reg_10156                                                       |   32|   0|   32|          0|
    |weights_load_16995_reg_10166                                                       |   32|   0|   32|          0|
    |weights_load_16996_reg_10176                                                       |   32|   0|   32|          0|
    |weights_load_16997_reg_10186                                                       |   32|   0|   32|          0|
    |weights_load_16998_reg_10196                                                       |   32|   0|   32|          0|
    |weights_load_16999_reg_10206                                                       |   32|   0|   32|          0|
    |weights_load_17000_reg_10216                                                       |   32|   0|   32|          0|
    |weights_load_17001_reg_10226                                                       |   32|   0|   32|          0|
    |weights_load_17002_reg_10236                                                       |   32|   0|   32|          0|
    |weights_load_17003_reg_10246                                                       |   32|   0|   32|          0|
    |weights_load_17004_reg_10256                                                       |   32|   0|   32|          0|
    |weights_load_17005_reg_10266                                                       |   32|   0|   32|          0|
    |weights_load_17006_reg_10276                                                       |   32|   0|   32|          0|
    |weights_load_17007_reg_10286                                                       |   32|   0|   32|          0|
    |weights_load_17008_reg_10296                                                       |   32|   0|   32|          0|
    |weights_load_17009_reg_10306                                                       |   32|   0|   32|          0|
    |weights_load_17010_reg_10316                                                       |   32|   0|   32|          0|
    |weights_load_17011_reg_10326                                                       |   32|   0|   32|          0|
    |weights_load_17012_reg_10336                                                       |   32|   0|   32|          0|
    |weights_load_17013_reg_10346                                                       |   32|   0|   32|          0|
    |weights_load_17014_reg_10356                                                       |   32|   0|   32|          0|
    |weights_load_17015_reg_10366                                                       |   32|   0|   32|          0|
    |weights_load_17016_reg_10376                                                       |   32|   0|   32|          0|
    |weights_load_17017_reg_10386                                                       |   32|   0|   32|          0|
    |weights_load_17018_reg_10396                                                       |   32|   0|   32|          0|
    |weights_load_17019_reg_10406                                                       |   32|   0|   32|          0|
    |weights_load_17020_reg_10416                                                       |   32|   0|   32|          0|
    |weights_load_17021_reg_10426                                                       |   32|   0|   32|          0|
    |weights_load_17022_reg_10436                                                       |   32|   0|   32|          0|
    |weights_load_17023_reg_10446                                                       |   32|   0|   32|          0|
    |weights_load_17024_reg_10456                                                       |   32|   0|   32|          0|
    |weights_load_17025_reg_10466                                                       |   32|   0|   32|          0|
    |weights_load_17026_reg_10476                                                       |   32|   0|   32|          0|
    |weights_load_17027_reg_10486                                                       |   32|   0|   32|          0|
    |weights_load_17028_reg_10496                                                       |   32|   0|   32|          0|
    |weights_load_17029_reg_10506                                                       |   32|   0|   32|          0|
    |weights_load_17030_reg_10516                                                       |   32|   0|   32|          0|
    |weights_load_17031_reg_10526                                                       |   32|   0|   32|          0|
    |weights_load_17032_reg_10536                                                       |   32|   0|   32|          0|
    |weights_load_17033_reg_10546                                                       |   32|   0|   32|          0|
    |weights_load_17034_reg_10556                                                       |   32|   0|   32|          0|
    |weights_load_17035_reg_10566                                                       |   32|   0|   32|          0|
    |weights_load_17036_reg_10576                                                       |   32|   0|   32|          0|
    |weights_load_17037_reg_10586                                                       |   32|   0|   32|          0|
    |weights_load_17038_reg_10596                                                       |   32|   0|   32|          0|
    |weights_load_17039_reg_10606                                                       |   32|   0|   32|          0|
    |weights_load_17040_reg_10616                                                       |   32|   0|   32|          0|
    |weights_load_17041_reg_10626                                                       |   32|   0|   32|          0|
    |weights_load_17042_reg_10636                                                       |   32|   0|   32|          0|
    |weights_load_17043_reg_10646                                                       |   32|   0|   32|          0|
    |weights_load_17044_reg_10656                                                       |   32|   0|   32|          0|
    |weights_load_17045_reg_10666                                                       |   32|   0|   32|          0|
    |weights_load_17046_reg_10676                                                       |   32|   0|   32|          0|
    |weights_load_17047_reg_10686                                                       |   32|   0|   32|          0|
    |weights_load_17048_reg_10696                                                       |   32|   0|   32|          0|
    |weights_load_17049_reg_10706                                                       |   32|   0|   32|          0|
    |weights_load_17050_reg_10716                                                       |   32|   0|   32|          0|
    |weights_load_17051_reg_10726                                                       |   32|   0|   32|          0|
    |weights_load_17052_reg_10736                                                       |   32|   0|   32|          0|
    |weights_load_17053_reg_10746                                                       |   32|   0|   32|          0|
    |weights_load_17054_reg_10756                                                       |   32|   0|   32|          0|
    |weights_load_17055_reg_10766                                                       |   32|   0|   32|          0|
    |weights_load_17056_reg_10776                                                       |   32|   0|   32|          0|
    |weights_load_17057_reg_10786                                                       |   32|   0|   32|          0|
    |weights_load_17058_reg_10796                                                       |   32|   0|   32|          0|
    |weights_load_17059_reg_10806                                                       |   32|   0|   32|          0|
    |weights_load_17060_reg_10816                                                       |   32|   0|   32|          0|
    |weights_load_17061_reg_10826                                                       |   32|   0|   32|          0|
    |weights_load_17062_reg_10836                                                       |   32|   0|   32|          0|
    |weights_load_17063_reg_10846                                                       |   32|   0|   32|          0|
    |weights_load_17064_reg_10856                                                       |   32|   0|   32|          0|
    |weights_load_17065_reg_10866                                                       |   32|   0|   32|          0|
    |weights_load_17066_reg_10876                                                       |   32|   0|   32|          0|
    |weights_load_17067_reg_10886                                                       |   32|   0|   32|          0|
    |weights_load_17068_reg_10896                                                       |   32|   0|   32|          0|
    |weights_load_17069_reg_10906                                                       |   32|   0|   32|          0|
    |weights_load_17070_reg_10916                                                       |   32|   0|   32|          0|
    |weights_load_17071_reg_10926                                                       |   32|   0|   32|          0|
    |weights_load_17072_reg_10936                                                       |   32|   0|   32|          0|
    |weights_load_17073_reg_10946                                                       |   32|   0|   32|          0|
    |weights_load_17074_reg_10956                                                       |   32|   0|   32|          0|
    |weights_load_17075_reg_10966                                                       |   32|   0|   32|          0|
    |weights_load_17076_reg_10976                                                       |   32|   0|   32|          0|
    |weights_load_17077_reg_10986                                                       |   32|   0|   32|          0|
    |weights_load_17078_reg_10996                                                       |   32|   0|   32|          0|
    |weights_load_17079_reg_11006                                                       |   32|   0|   32|          0|
    |weights_load_17080_reg_11016                                                       |   32|   0|   32|          0|
    |weights_load_17081_reg_11026                                                       |   32|   0|   32|          0|
    |weights_load_17082_reg_11036                                                       |   32|   0|   32|          0|
    |weights_load_17083_reg_11046                                                       |   32|   0|   32|          0|
    |weights_load_17084_reg_11056                                                       |   32|   0|   32|          0|
    |weights_load_17085_reg_11066                                                       |   32|   0|   32|          0|
    |weights_load_17086_reg_11076                                                       |   32|   0|   32|          0|
    |weights_load_17087_reg_11086                                                       |   32|   0|   32|          0|
    |weights_load_17088_reg_11096                                                       |   32|   0|   32|          0|
    |weights_load_17089_reg_11106                                                       |   32|   0|   32|          0|
    |weights_load_17090_reg_11116                                                       |   32|   0|   32|          0|
    |weights_load_17091_reg_11126                                                       |   32|   0|   32|          0|
    |weights_load_17092_reg_11136                                                       |   32|   0|   32|          0|
    |weights_load_17093_reg_11146                                                       |   32|   0|   32|          0|
    |weights_load_17094_reg_11156                                                       |   32|   0|   32|          0|
    |weights_load_17095_reg_11166                                                       |   32|   0|   32|          0|
    |weights_load_17096_reg_11176                                                       |   32|   0|   32|          0|
    |weights_load_17097_reg_11186                                                       |   32|   0|   32|          0|
    |weights_load_17098_reg_11196                                                       |   32|   0|   32|          0|
    |weights_load_17099_reg_11206                                                       |   32|   0|   32|          0|
    |weights_load_17100_reg_11216                                                       |   32|   0|   32|          0|
    |weights_load_17101_reg_11226                                                       |   32|   0|   32|          0|
    |weights_load_17102_reg_11236                                                       |   32|   0|   32|          0|
    |weights_load_17103_reg_11246                                                       |   32|   0|   32|          0|
    |weights_load_17104_reg_11256                                                       |   32|   0|   32|          0|
    |weights_load_17105_reg_11266                                                       |   32|   0|   32|          0|
    |weights_load_17106_reg_11276                                                       |   32|   0|   32|          0|
    |weights_load_17107_reg_11286                                                       |   32|   0|   32|          0|
    |weights_load_17108_reg_11296                                                       |   32|   0|   32|          0|
    |weights_load_17109_reg_11306                                                       |   32|   0|   32|          0|
    |weights_load_17110_reg_11316                                                       |   32|   0|   32|          0|
    |weights_load_17111_reg_11326                                                       |   32|   0|   32|          0|
    |weights_load_17112_reg_11336                                                       |   32|   0|   32|          0|
    |weights_load_17113_reg_11346                                                       |   32|   0|   32|          0|
    |weights_load_17114_reg_11356                                                       |   32|   0|   32|          0|
    |weights_load_17115_reg_11366                                                       |   32|   0|   32|          0|
    |weights_load_17116_reg_11376                                                       |   32|   0|   32|          0|
    |weights_load_17117_reg_11386                                                       |   32|   0|   32|          0|
    |weights_load_17118_reg_11396                                                       |   32|   0|   32|          0|
    |weights_load_17119_reg_11406                                                       |   32|   0|   32|          0|
    |weights_load_17120_reg_11416                                                       |   32|   0|   32|          0|
    |weights_load_17121_reg_11426                                                       |   32|   0|   32|          0|
    |weights_load_17122_reg_11436                                                       |   32|   0|   32|          0|
    |weights_load_17123_reg_11446                                                       |   32|   0|   32|          0|
    |weights_load_17124_reg_11456                                                       |   32|   0|   32|          0|
    |weights_load_17125_reg_11466                                                       |   32|   0|   32|          0|
    |weights_load_17126_reg_11476                                                       |   32|   0|   32|          0|
    |weights_load_17127_reg_11486                                                       |   32|   0|   32|          0|
    |weights_load_17128_reg_11496                                                       |   32|   0|   32|          0|
    |weights_load_17129_reg_11506                                                       |   32|   0|   32|          0|
    |weights_load_17130_reg_11516                                                       |   32|   0|   32|          0|
    |weights_load_17131_reg_11526                                                       |   32|   0|   32|          0|
    |weights_load_17132_reg_11536                                                       |   32|   0|   32|          0|
    |weights_load_17133_reg_11546                                                       |   32|   0|   32|          0|
    |weights_load_17134_reg_11556                                                       |   32|   0|   32|          0|
    |weights_load_17135_reg_11566                                                       |   32|   0|   32|          0|
    |weights_load_17136_reg_11576                                                       |   32|   0|   32|          0|
    |weights_load_17137_reg_11586                                                       |   32|   0|   32|          0|
    |weights_load_17138_reg_11596                                                       |   32|   0|   32|          0|
    |weights_load_17139_reg_11606                                                       |   32|   0|   32|          0|
    |weights_load_17140_reg_11616                                                       |   32|   0|   32|          0|
    |weights_load_17141_reg_11626                                                       |   32|   0|   32|          0|
    |weights_load_17142_reg_11636                                                       |   32|   0|   32|          0|
    |weights_load_17143_reg_11646                                                       |   32|   0|   32|          0|
    |weights_load_17144_reg_11656                                                       |   32|   0|   32|          0|
    |weights_load_17145_reg_11666                                                       |   32|   0|   32|          0|
    |weights_load_17146_reg_11676                                                       |   32|   0|   32|          0|
    |weights_load_17147_reg_11686                                                       |   32|   0|   32|          0|
    |weights_load_17148_reg_11696                                                       |   32|   0|   32|          0|
    |weights_load_17149_reg_11706                                                       |   32|   0|   32|          0|
    |weights_load_17150_reg_11716                                                       |   32|   0|   32|          0|
    |weights_load_17151_reg_11726                                                       |   32|   0|   32|          0|
    |weights_load_17152_reg_11736                                                       |   32|   0|   32|          0|
    |weights_load_17153_reg_11746                                                       |   32|   0|   32|          0|
    |weights_load_17154_reg_11756                                                       |   32|   0|   32|          0|
    |weights_load_17155_reg_11766                                                       |   32|   0|   32|          0|
    |weights_load_17156_reg_11776                                                       |   32|   0|   32|          0|
    |weights_load_17157_reg_11786                                                       |   32|   0|   32|          0|
    |weights_load_17158_reg_11796                                                       |   32|   0|   32|          0|
    |weights_load_17159_reg_11806                                                       |   32|   0|   32|          0|
    |weights_load_17160_reg_11816                                                       |   32|   0|   32|          0|
    |weights_load_17161_reg_11826                                                       |   32|   0|   32|          0|
    |weights_load_17162_reg_11836                                                       |   32|   0|   32|          0|
    |weights_load_17163_reg_11846                                                       |   32|   0|   32|          0|
    |weights_load_17164_reg_11856                                                       |   32|   0|   32|          0|
    |weights_load_17165_reg_11866                                                       |   32|   0|   32|          0|
    |weights_load_17166_reg_11876                                                       |   32|   0|   32|          0|
    |weights_load_17167_reg_11886                                                       |   32|   0|   32|          0|
    |weights_load_17168_reg_11896                                                       |   32|   0|   32|          0|
    |weights_load_17169_reg_11906                                                       |   32|   0|   32|          0|
    |weights_load_17170_reg_11916                                                       |   32|   0|   32|          0|
    |weights_load_17171_reg_11926                                                       |   32|   0|   32|          0|
    |weights_load_17172_reg_11936                                                       |   32|   0|   32|          0|
    |weights_load_17173_reg_11946                                                       |   32|   0|   32|          0|
    |weights_load_17174_reg_11956                                                       |   32|   0|   32|          0|
    |weights_load_17175_reg_11966                                                       |   32|   0|   32|          0|
    |weights_load_17176_reg_11976                                                       |   32|   0|   32|          0|
    |weights_load_17177_reg_11986                                                       |   32|   0|   32|          0|
    |weights_load_17178_reg_11996                                                       |   32|   0|   32|          0|
    |weights_load_17179_reg_12006                                                       |   32|   0|   32|          0|
    |weights_load_17180_reg_12016                                                       |   32|   0|   32|          0|
    |weights_load_17181_reg_12026                                                       |   32|   0|   32|          0|
    |weights_load_17182_reg_12036                                                       |   32|   0|   32|          0|
    |weights_load_17183_reg_12046                                                       |   32|   0|   32|          0|
    |weights_load_17184_reg_12056                                                       |   32|   0|   32|          0|
    |weights_load_17185_reg_12066                                                       |   32|   0|   32|          0|
    |weights_load_17186_reg_12076                                                       |   32|   0|   32|          0|
    |weights_load_17187_reg_12086                                                       |   32|   0|   32|          0|
    |weights_load_17188_reg_12096                                                       |   32|   0|   32|          0|
    |weights_load_17189_reg_12106                                                       |   32|   0|   32|          0|
    |weights_load_17190_reg_12116                                                       |   32|   0|   32|          0|
    |weights_load_17191_reg_12126                                                       |   32|   0|   32|          0|
    |weights_load_17192_reg_12136                                                       |   32|   0|   32|          0|
    |weights_load_17193_reg_12146                                                       |   32|   0|   32|          0|
    |weights_load_17194_reg_12156                                                       |   32|   0|   32|          0|
    |weights_load_17195_reg_12166                                                       |   32|   0|   32|          0|
    |weights_load_17196_reg_12176                                                       |   32|   0|   32|          0|
    |weights_load_17197_reg_12186                                                       |   32|   0|   32|          0|
    |weights_load_17198_reg_12196                                                       |   32|   0|   32|          0|
    |weights_load_17199_reg_12206                                                       |   32|   0|   32|          0|
    |weights_load_17200_reg_12216                                                       |   32|   0|   32|          0|
    |weights_load_17201_reg_12226                                                       |   32|   0|   32|          0|
    |weights_load_17202_reg_12236                                                       |   32|   0|   32|          0|
    |weights_load_17203_reg_12246                                                       |   32|   0|   32|          0|
    |weights_load_17204_reg_12256                                                       |   32|   0|   32|          0|
    |weights_load_17205_reg_12266                                                       |   32|   0|   32|          0|
    |weights_load_17206_reg_12276                                                       |   32|   0|   32|          0|
    |weights_load_17207_reg_12286                                                       |   32|   0|   32|          0|
    |weights_load_17208_reg_12296                                                       |   32|   0|   32|          0|
    |weights_load_17209_reg_12306                                                       |   32|   0|   32|          0|
    |weights_load_17210_reg_12316                                                       |   32|   0|   32|          0|
    |weights_load_17211_reg_12326                                                       |   32|   0|   32|          0|
    |weights_load_17212_reg_12336                                                       |   32|   0|   32|          0|
    |weights_load_17213_reg_12346                                                       |   32|   0|   32|          0|
    |weights_load_17214_reg_12356                                                       |   32|   0|   32|          0|
    |weights_load_17215_reg_12366                                                       |   32|   0|   32|          0|
    |weights_load_17216_reg_12376                                                       |   32|   0|   32|          0|
    |weights_load_17217_reg_12386                                                       |   32|   0|   32|          0|
    |weights_load_17218_reg_12396                                                       |   32|   0|   32|          0|
    |weights_load_17219_reg_12406                                                       |   32|   0|   32|          0|
    |weights_load_17220_reg_12416                                                       |   32|   0|   32|          0|
    |weights_load_17221_reg_12426                                                       |   32|   0|   32|          0|
    |weights_load_17222_reg_12436                                                       |   32|   0|   32|          0|
    |weights_load_17223_reg_12446                                                       |   32|   0|   32|          0|
    |weights_load_17224_reg_12456                                                       |   32|   0|   32|          0|
    |weights_load_17225_reg_12466                                                       |   32|   0|   32|          0|
    |weights_load_17226_reg_12476                                                       |   32|   0|   32|          0|
    |weights_load_17227_reg_12486                                                       |   32|   0|   32|          0|
    |weights_load_17228_reg_12496                                                       |   32|   0|   32|          0|
    |weights_load_17229_reg_12506                                                       |   32|   0|   32|          0|
    |weights_load_17230_reg_12516                                                       |   32|   0|   32|          0|
    |weights_load_17231_reg_12526                                                       |   32|   0|   32|          0|
    |weights_load_17232_reg_12536                                                       |   32|   0|   32|          0|
    |weights_load_17233_reg_12546                                                       |   32|   0|   32|          0|
    |weights_load_17234_reg_12556                                                       |   32|   0|   32|          0|
    |weights_load_17235_reg_12566                                                       |   32|   0|   32|          0|
    |weights_load_17236_reg_12576                                                       |   32|   0|   32|          0|
    |weights_load_17237_reg_12586                                                       |   32|   0|   32|          0|
    |weights_load_17238_reg_12596                                                       |   32|   0|   32|          0|
    |weights_load_17239_reg_12606                                                       |   32|   0|   32|          0|
    |weights_load_17240_reg_12616                                                       |   32|   0|   32|          0|
    |weights_load_17241_reg_12626                                                       |   32|   0|   32|          0|
    |weights_load_17242_reg_12636                                                       |   32|   0|   32|          0|
    |weights_load_17243_reg_12646                                                       |   32|   0|   32|          0|
    |weights_load_17244_reg_12656                                                       |   32|   0|   32|          0|
    |weights_load_17245_reg_12666                                                       |   32|   0|   32|          0|
    |weights_load_17246_reg_12676                                                       |   32|   0|   32|          0|
    |weights_load_17247_reg_12686                                                       |   32|   0|   32|          0|
    |weights_load_17248_reg_12696                                                       |   32|   0|   32|          0|
    |weights_load_17249_reg_12706                                                       |   32|   0|   32|          0|
    |weights_load_17250_reg_12711                                                       |   32|   0|   32|          0|
    |weights_load_reg_6966                                                              |   32|   0|   32|          0|
    +-----------------------------------------------------------------------------------+-----+----+-----+-----------+
    |Total                                                                              |19012|   0|19012|          0|
    +-----------------------------------------------------------------------------------+-----+----+-----+-----------+



================================================================
== Interface
================================================================
* Summary: 
+--------------------------------------------------+-----+-----+------------+------------------------------------------------+--------------+
|                     RTL Ports                    | Dir | Bits|  Protocol  |                  Source Object                 |    C Type    |
+--------------------------------------------------+-----+-----+------------+------------------------------------------------+--------------+
|ap_clk                                            |   in|    1|  ap_ctrl_hs|  conv2d_sum_mc<float, 14u, 14u, 3u, 3u, 64u>.10|  return value|
|ap_rst                                            |   in|    1|  ap_ctrl_hs|  conv2d_sum_mc<float, 14u, 14u, 3u, 3u, 64u>.10|  return value|
|ap_start                                          |   in|    1|  ap_ctrl_hs|  conv2d_sum_mc<float, 14u, 14u, 3u, 3u, 64u>.10|  return value|
|ap_done                                           |  out|    1|  ap_ctrl_hs|  conv2d_sum_mc<float, 14u, 14u, 3u, 3u, 64u>.10|  return value|
|ap_continue                                       |   in|    1|  ap_ctrl_hs|  conv2d_sum_mc<float, 14u, 14u, 3u, 3u, 64u>.10|  return value|
|ap_idle                                           |  out|    1|  ap_ctrl_hs|  conv2d_sum_mc<float, 14u, 14u, 3u, 3u, 64u>.10|  return value|
|ap_ready                                          |  out|    1|  ap_ctrl_hs|  conv2d_sum_mc<float, 14u, 14u, 3u, 3u, 64u>.10|  return value|
|conv2d_64_padded_window_stream_10_dout            |   in|  288|     ap_fifo|               conv2d_64_padded_window_stream_10|       pointer|
|conv2d_64_padded_window_stream_10_num_data_valid  |   in|    3|     ap_fifo|               conv2d_64_padded_window_stream_10|       pointer|
|conv2d_64_padded_window_stream_10_fifo_cap        |   in|    3|     ap_fifo|               conv2d_64_padded_window_stream_10|       pointer|
|conv2d_64_padded_window_stream_10_empty_n         |   in|    1|     ap_fifo|               conv2d_64_padded_window_stream_10|       pointer|
|conv2d_64_padded_window_stream_10_read            |  out|    1|     ap_fifo|               conv2d_64_padded_window_stream_10|       pointer|
|weights_address0                                  |  out|   10|   ap_memory|                                         weights|         array|
|weights_ce0                                       |  out|    1|   ap_memory|                                         weights|         array|
|weights_q0                                        |   in|   32|   ap_memory|                                         weights|         array|
|in_channel_map_stream_10_din                      |  out|   32|     ap_fifo|                        in_channel_map_stream_10|       pointer|
|in_channel_map_stream_10_num_data_valid           |   in|    3|     ap_fifo|                        in_channel_map_stream_10|       pointer|
|in_channel_map_stream_10_fifo_cap                 |   in|    3|     ap_fifo|                        in_channel_map_stream_10|       pointer|
|in_channel_map_stream_10_full_n                   |   in|    1|     ap_fifo|                        in_channel_map_stream_10|       pointer|
|in_channel_map_stream_10_write                    |  out|    1|     ap_fifo|                        in_channel_map_stream_10|       pointer|
+--------------------------------------------------+-----+-----+------------+------------------------------------------------+--------------+

