

================================================================
== Vitis HLS Report for 'pad_windows_1c_float_28u_28u_3u_3u_32u_s'
================================================================
* Date:           Tue Oct 18 21:15:46 2022

* Version:        2022.1 (Build 3526262 on Mon Apr 18 15:47:01 MDT 2022)
* Project:        forward_prop
* Solution:       solution1 (Vitis Kernel Flow Target)
* Product family: virtexuplus
* Target device:  xcvu5p-flva2104-1-e


================================================================
== Performance Estimates
================================================================
+ Timing: 
    * Summary: 
    +--------+----------+----------+------------+
    |  Clock |  Target  | Estimated| Uncertainty|
    +--------+----------+----------+------------+
    |ap_clk  |  10.00 ns|  4.490 ns|     2.70 ns|
    +--------+----------+----------+------------+

+ Latency: 
    * Summary: 
    +---------+---------+----------+----------+-----+-----+---------+
    |  Latency (cycles) |  Latency (absolute) |  Interval | Pipeline|
    |   min   |   max   |    min   |    max   | min | max |   Type  |
    +---------+---------+----------+----------+-----+-----+---------+
    |      786|      786|  7.860 us|  7.860 us|  786|  786|       no|
    +---------+---------+----------+----------+-----+-----+---------+

    + Detail: 
        * Instance: 
        N/A

        * Loop: 
        +-------------+---------+---------+----------+-----------+-----------+------+----------+
        |             |  Latency (cycles) | Iteration|  Initiation Interval  | Trip |          |
        |  Loop Name  |   min   |   max   |  Latency |  achieved |   target  | Count| Pipelined|
        +-------------+---------+---------+----------+-----------+-----------+------+----------+
        |- in_y_in_x  |      784|      784|         2|          1|          1|   784|       yes|
        +-------------+---------+---------+----------+-----------+-----------+------+----------+



================================================================
== Utilization Estimates
================================================================
* Summary: 
+---------------------+---------+------+---------+--------+-----+
|         Name        | BRAM_18K|  DSP |    FF   |   LUT  | URAM|
+---------------------+---------+------+---------+--------+-----+
|DSP                  |        -|     -|        -|       -|    -|
|Expression           |        -|     -|        0|     455|    -|
|FIFO                 |        -|     -|        -|       -|    -|
|Instance             |        -|     -|        -|       -|    -|
|Memory               |        -|     -|        -|       -|    -|
|Multiplexer          |        -|     -|        -|      90|    -|
|Register             |        -|     -|       27|       -|    -|
+---------------------+---------+------+---------+--------+-----+
|Total                |        0|     0|       27|     545|    0|
+---------------------+---------+------+---------+--------+-----+
|Available SLR        |     1024|  1737|   600577|  300288|  235|
+---------------------+---------+------+---------+--------+-----+
|Utilization SLR (%)  |        0|     0|       ~0|      ~0|    0|
+---------------------+---------+------+---------+--------+-----+
|Available            |     2048|  3474|  1201154|  600577|  470|
+---------------------+---------+------+---------+--------+-----+
|Utilization (%)      |        0|     0|       ~0|      ~0|    0|
+---------------------+---------+------+---------+--------+-----+

+ Detail: 
    * Instance: 
    N/A

    * DSP: 
    N/A

    * Memory: 
    N/A

    * FIFO: 
    N/A

    * Expression: 
    +----------------------------------+----------+----+---+----+------------+------------+
    |           Variable Name          | Operation| DSP| FF| LUT| Bitwidth P0| Bitwidth P1|
    +----------------------------------+----------+----+---+----+------------+------------+
    |add_ln111_fu_170_p2               |         +|   0|  0|  17|          10|           1|
    |add_ln121_1_fu_261_p2             |         +|   0|  0|  12|           5|           1|
    |add_ln121_fu_249_p2               |         +|   0|  0|  13|           6|           2|
    |empty_156_fu_152_p2               |         +|   0|  0|  12|           5|           1|
    |empty_fu_140_p2                   |         +|   0|  0|  13|           6|           2|
    |p_mid17_fu_217_p2                 |         +|   0|  0|  12|           5|           2|
    |p_mid1_fu_197_p2                  |         +|   0|  0|  13|           6|           2|
    |ap_condition_99                   |       and|   0|  0|   2|           1|           1|
    |empty_155_fu_146_p2               |      icmp|   0|  0|  10|           6|           5|
    |empty_157_fu_158_p2               |      icmp|   0|  0|   9|           5|           4|
    |icmp_ln111_fu_164_p2              |      icmp|   0|  0|  11|          10|           9|
    |icmp_ln112_fu_179_p2              |      icmp|   0|  0|   9|           5|           4|
    |icmp_ln121_1_fu_267_p2            |      icmp|   0|  0|   9|           5|           4|
    |icmp_ln121_fu_255_p2              |      icmp|   0|  0|  10|           6|           5|
    |p_mid15_fu_203_p2                 |      icmp|   0|  0|  10|           6|           5|
    |p_mid19_fu_223_p2                 |      icmp|   0|  0|   9|           5|           4|
    |ap_block_pp0_stage0_01001         |        or|   0|  0|   2|           1|           1|
    |ap_block_state2_pp0_stage0_iter1  |        or|   0|  0|   2|           1|           1|
    |or_ln121_1_fu_376_p2              |        or|   0|  0|   2|           1|           1|
    |or_ln121_2_fu_380_p2              |        or|   0|  0|   2|           1|           1|
    |or_ln121_3_fu_384_p2              |        or|   0|  0|   2|           1|           1|
    |or_ln121_fu_372_p2                |        or|   0|  0|   2|           1|           1|
    |select_ln111_1_fu_209_p3          |    select|   0|  0|   2|           1|           1|
    |select_ln111_2_fu_229_p3          |    select|   0|  0|   2|           1|           1|
    |select_ln111_3_fu_237_p3          |    select|   0|  0|   5|           1|           5|
    |select_ln111_fu_185_p3            |    select|   0|  0|   5|           1|           1|
    |select_ln174_1_fu_396_p3          |    select|   0|  0|  32|           1|           1|
    |select_ln174_2_fu_403_p3          |    select|   0|  0|  32|           1|           1|
    |select_ln174_3_fu_411_p3          |    select|   0|  0|  32|           1|           1|
    |select_ln174_4_fu_418_p3          |    select|   0|  0|  32|           1|           1|
    |select_ln174_5_fu_425_p3          |    select|   0|  0|  32|           1|           1|
    |select_ln174_6_fu_433_p3          |    select|   0|  0|  32|           1|           1|
    |select_ln174_7_fu_440_p3          |    select|   0|  0|  32|           1|           1|
    |select_ln174_fu_388_p3            |    select|   0|  0|  32|           1|           1|
    |ap_enable_pp0                     |       xor|   0|  0|   2|           1|           2|
    +----------------------------------+----------+----+---+----+------------+------------+
    |Total                             |          |   0|  0| 455|         111|          76|
    +----------------------------------+----------+----+---+----+------------+------------+

    * Multiplexer: 
    +--------------------------------------+----+-----------+-----+-----------+
    |                 Name                 | LUT| Input Size| Bits| Total Bits|
    +--------------------------------------+----+-----------+-----+-----------+
    |ap_done_int                           |   9|          2|    1|          2|
    |ap_enable_reg_pp0_iter1               |   9|          2|    1|          2|
    |ap_sig_allocacmp_in_x_load            |   9|          2|    5|         10|
    |ap_sig_allocacmp_in_y_2               |   9|          2|    5|         10|
    |ap_sig_allocacmp_indvar_flatten_load  |   9|          2|   10|         20|
    |conv2d_32_padded_window_stream_blk_n  |   9|          2|    1|          2|
    |conv2d_32_window_stream_blk_n         |   9|          2|    1|          2|
    |in_x_fu_90                            |   9|          2|    5|         10|
    |in_y_fu_94                            |   9|          2|    5|         10|
    |indvar_flatten_fu_98                  |   9|          2|   10|         20|
    +--------------------------------------+----+-----------+-----+-----------+
    |Total                                 |  90|         20|   44|         88|
    +--------------------------------------+----+-----------+-----+-----------+

    * Register: 
    +-------------------------+----+----+-----+-----------+
    |           Name          | FF | LUT| Bits| Const Bits|
    +-------------------------+----+----+-----+-----------+
    |ap_CS_fsm                |   1|   0|    1|          0|
    |ap_done_reg              |   1|   0|    1|          0|
    |ap_enable_reg_pp0_iter1  |   1|   0|    1|          0|
    |icmp_ln121_1_reg_516     |   1|   0|    1|          0|
    |icmp_ln121_reg_509       |   1|   0|    1|          0|
    |in_x_fu_90               |   5|   0|    5|          0|
    |in_y_fu_94               |   5|   0|    5|          0|
    |indvar_flatten_fu_98     |  10|   0|   10|          0|
    |select_ln111_1_reg_495   |   1|   0|    1|          0|
    |select_ln111_2_reg_502   |   1|   0|    1|          0|
    +-------------------------+----+----+-----+-----------+
    |Total                    |  27|   0|   27|          0|
    +-------------------------+----+----+-----+-----------+



================================================================
== Interface
================================================================
* Summary: 
+-----------------------------------------------+-----+-----+------------+----------------------------------------------+--------------+
|                   RTL Ports                   | Dir | Bits|  Protocol  |                 Source Object                |    C Type    |
+-----------------------------------------------+-----+-----+------------+----------------------------------------------+--------------+
|ap_clk                                         |   in|    1|  ap_ctrl_hs|  pad_windows_1c<float, 28u, 28u, 3u, 3u, 32u>|  return value|
|ap_rst                                         |   in|    1|  ap_ctrl_hs|  pad_windows_1c<float, 28u, 28u, 3u, 3u, 32u>|  return value|
|ap_start                                       |   in|    1|  ap_ctrl_hs|  pad_windows_1c<float, 28u, 28u, 3u, 3u, 32u>|  return value|
|ap_done                                        |  out|    1|  ap_ctrl_hs|  pad_windows_1c<float, 28u, 28u, 3u, 3u, 32u>|  return value|
|ap_continue                                    |   in|    1|  ap_ctrl_hs|  pad_windows_1c<float, 28u, 28u, 3u, 3u, 32u>|  return value|
|ap_idle                                        |  out|    1|  ap_ctrl_hs|  pad_windows_1c<float, 28u, 28u, 3u, 3u, 32u>|  return value|
|ap_ready                                       |  out|    1|  ap_ctrl_hs|  pad_windows_1c<float, 28u, 28u, 3u, 3u, 32u>|  return value|
|conv2d_32_window_stream_dout                   |   in|  288|     ap_fifo|                       conv2d_32_window_stream|       pointer|
|conv2d_32_window_stream_num_data_valid         |   in|    3|     ap_fifo|                       conv2d_32_window_stream|       pointer|
|conv2d_32_window_stream_fifo_cap               |   in|    3|     ap_fifo|                       conv2d_32_window_stream|       pointer|
|conv2d_32_window_stream_empty_n                |   in|    1|     ap_fifo|                       conv2d_32_window_stream|       pointer|
|conv2d_32_window_stream_read                   |  out|    1|     ap_fifo|                       conv2d_32_window_stream|       pointer|
|conv2d_32_padded_window_stream_din             |  out|  288|     ap_fifo|                conv2d_32_padded_window_stream|       pointer|
|conv2d_32_padded_window_stream_num_data_valid  |   in|    3|     ap_fifo|                conv2d_32_padded_window_stream|       pointer|
|conv2d_32_padded_window_stream_fifo_cap        |   in|    3|     ap_fifo|                conv2d_32_padded_window_stream|       pointer|
|conv2d_32_padded_window_stream_full_n          |   in|    1|     ap_fifo|                conv2d_32_padded_window_stream|       pointer|
|conv2d_32_padded_window_stream_write           |  out|    1|     ap_fifo|                conv2d_32_padded_window_stream|       pointer|
+-----------------------------------------------+-----+-----+------------+----------------------------------------------+--------------+

