

================================================================
== Vitis HLS Report for 'save_variables_locally_Pipeline_VITIS_LOOP_38_7'
================================================================
* Date:           Tue Oct 18 21:15:44 2022

* Version:        2022.1 (Build 3526262 on Mon Apr 18 15:47:01 MDT 2022)
* Project:        forward_prop
* Solution:       solution1 (Vitis Kernel Flow Target)
* Product family: virtexuplus
* Target device:  xcvu5p-flva2104-1-e


================================================================
== Performance Estimates
================================================================
+ Timing: 
    * Summary: 
    +--------+----------+----------+------------+
    |  Clock |  Target  | Estimated| Uncertainty|
    +--------+----------+----------+------------+
    |ap_clk  |  10.00 ns|  7.300 ns|     2.70 ns|
    +--------+----------+----------+------------+

+ Latency: 
    * Summary: 
    +---------+---------+----------+----------+-----+-----+---------+
    |  Latency (cycles) |  Latency (absolute) |  Interval | Pipeline|
    |   min   |   max   |    min   |    max   | min | max |   Type  |
    +---------+---------+----------+----------+-----+-----+---------+
    |      131|      131|  1.310 us|  1.310 us|  131|  131|       no|
    +---------+---------+----------+----------+-----+-----+---------+

    + Detail: 
        * Instance: 
        N/A

        * Loop: 
        +-------------------+---------+---------+----------+-----------+-----------+------+----------+
        |                   |  Latency (cycles) | Iteration|  Initiation Interval  | Trip |          |
        |     Loop Name     |   min   |   max   |  Latency |  achieved |   target  | Count| Pipelined|
        +-------------------+---------+---------+----------+-----------+-----------+------+----------+
        |- VITIS_LOOP_38_7  |      129|      129|         3|          1|          1|   128|       yes|
        +-------------------+---------+---------+----------+-----------+-----------+------+----------+



================================================================
== Utilization Estimates
================================================================
* Summary: 
+---------------------+---------+------+---------+--------+-----+
|         Name        | BRAM_18K|  DSP |    FF   |   LUT  | URAM|
+---------------------+---------+------+---------+--------+-----+
|DSP                  |        -|     -|        -|       -|    -|
|Expression           |        -|     -|        0|      43|    -|
|FIFO                 |        -|     -|        -|       -|    -|
|Instance             |        -|     -|        -|       -|    -|
|Memory               |        -|     -|        -|       -|    -|
|Multiplexer          |        -|     -|        -|      68|    -|
|Register             |        -|     -|     1025|       -|    -|
+---------------------+---------+------+---------+--------+-----+
|Total                |        0|     0|     1025|     111|    0|
+---------------------+---------+------+---------+--------+-----+
|Available SLR        |     1024|  1737|   600577|  300288|  235|
+---------------------+---------+------+---------+--------+-----+
|Utilization SLR (%)  |        0|     0|       ~0|      ~0|    0|
+---------------------+---------+------+---------+--------+-----+
|Available            |     2048|  3474|  1201154|  600577|  470|
+---------------------+---------+------+---------+--------+-----+
|Utilization (%)      |        0|     0|       ~0|      ~0|    0|
+---------------------+---------+------+---------+--------+-----+

+ Detail: 
    * Instance: 
    N/A

    * DSP: 
    N/A

    * Memory: 
    N/A

    * FIFO: 
    N/A

    * Expression: 
    +----------------------------------+----------+----+---+----+------------+------------+
    |           Variable Name          | Operation| DSP| FF| LUT| Bitwidth P0| Bitwidth P1|
    +----------------------------------+----------+----+---+----+------------+------------+
    |add_ln38_fu_124_p2                |         +|   0|  0|  15|           8|           1|
    |ap_block_pp0_stage0_11001         |       and|   0|  0|   2|           1|           1|
    |ap_block_state2_pp0_stage0_iter1  |       and|   0|  0|   2|           1|           1|
    |ap_predicate_op24_read_state2     |       and|   0|  0|   2|           1|           1|
    |icmp_ln38_fu_118_p2               |      icmp|   0|  0|  11|           8|           9|
    |icmp_ln39_fu_134_p2               |      icmp|   0|  0|   9|           4|           1|
    |ap_enable_pp0                     |       xor|   0|  0|   2|           1|           2|
    +----------------------------------+----------+----+---+----+------------+------------+
    |Total                             |          |   0|  0|  43|          24|          16|
    +----------------------------------+----------+----+---+----+------------+------------+

    * Multiplexer: 
    +-----------------------------------+----+-----------+-----+-----------+
    |                Name               | LUT| Input Size| Bits| Total Bits|
    +-----------------------------------+----+-----------+-----+-----------+
    |ap_done_int                        |   9|          2|    1|          2|
    |ap_enable_reg_pp0_iter2            |   9|          2|    1|          2|
    |ap_phi_mux_empty_133_phi_fu_95_p4  |  14|          3|  512|       1536|
    |ap_sig_allocacmp_i_14              |   9|          2|    8|         16|
    |gmem_blk_n_R                       |   9|          2|    1|          2|
    |i_fu_64                            |   9|          2|    8|         16|
    |shiftreg4_fu_60                    |   9|          2|  480|        960|
    +-----------------------------------+----+-----------+-----+-----------+
    |Total                              |  68|         15| 1011|       2534|
    +-----------------------------------+----+-----------+-----+-----------+

    * Register: 
    +----------------------------------+-----+----+-----+-----------+
    |               Name               |  FF | LUT| Bits| Const Bits|
    +----------------------------------+-----+----+-----+-----------+
    |ap_CS_fsm                         |    1|   0|    1|          0|
    |ap_done_reg                       |    1|   0|    1|          0|
    |ap_enable_reg_pp0_iter1           |    1|   0|    1|          0|
    |ap_enable_reg_pp0_iter2           |    1|   0|    1|          0|
    |ap_loop_exit_ready_pp0_iter1_reg  |    1|   0|    1|          0|
    |gmem_addr_read_reg_219            |  512|   0|  512|          0|
    |i_14_reg_206                      |    8|   0|    8|          0|
    |i_14_reg_206_pp0_iter1_reg        |    8|   0|    8|          0|
    |i_fu_64                           |    8|   0|    8|          0|
    |icmp_ln38_reg_211                 |    1|   0|    1|          0|
    |icmp_ln38_reg_211_pp0_iter1_reg   |    1|   0|    1|          0|
    |icmp_ln39_reg_215                 |    1|   0|    1|          0|
    |icmp_ln39_reg_215_pp0_iter1_reg   |    1|   0|    1|          0|
    |shiftreg4_fu_60                   |  480|   0|  480|          0|
    +----------------------------------+-----+----+-----+-----------+
    |Total                             | 1025|   0| 1025|          0|
    +----------------------------------+-----+----+-----+-----------+



================================================================
== Interface
================================================================
* Summary: 
+-----------------------+-----+-----+------------+-------------------------------------------------+--------------+
|       RTL Ports       | Dir | Bits|  Protocol  |                  Source Object                  |    C Type    |
+-----------------------+-----+-----+------------+-------------------------------------------------+--------------+
|ap_clk                 |   in|    1|  ap_ctrl_hs|  save_variables_locally_Pipeline_VITIS_LOOP_38_7|  return value|
|ap_rst                 |   in|    1|  ap_ctrl_hs|  save_variables_locally_Pipeline_VITIS_LOOP_38_7|  return value|
|ap_start               |   in|    1|  ap_ctrl_hs|  save_variables_locally_Pipeline_VITIS_LOOP_38_7|  return value|
|ap_done                |  out|    1|  ap_ctrl_hs|  save_variables_locally_Pipeline_VITIS_LOOP_38_7|  return value|
|ap_idle                |  out|    1|  ap_ctrl_hs|  save_variables_locally_Pipeline_VITIS_LOOP_38_7|  return value|
|ap_ready               |  out|    1|  ap_ctrl_hs|  save_variables_locally_Pipeline_VITIS_LOOP_38_7|  return value|
|m_axi_gmem_AWVALID     |  out|    1|       m_axi|                                             gmem|       pointer|
|m_axi_gmem_AWREADY     |   in|    1|       m_axi|                                             gmem|       pointer|
|m_axi_gmem_AWADDR      |  out|   64|       m_axi|                                             gmem|       pointer|
|m_axi_gmem_AWID        |  out|    1|       m_axi|                                             gmem|       pointer|
|m_axi_gmem_AWLEN       |  out|   32|       m_axi|                                             gmem|       pointer|
|m_axi_gmem_AWSIZE      |  out|    3|       m_axi|                                             gmem|       pointer|
|m_axi_gmem_AWBURST     |  out|    2|       m_axi|                                             gmem|       pointer|
|m_axi_gmem_AWLOCK      |  out|    2|       m_axi|                                             gmem|       pointer|
|m_axi_gmem_AWCACHE     |  out|    4|       m_axi|                                             gmem|       pointer|
|m_axi_gmem_AWPROT      |  out|    3|       m_axi|                                             gmem|       pointer|
|m_axi_gmem_AWQOS       |  out|    4|       m_axi|                                             gmem|       pointer|
|m_axi_gmem_AWREGION    |  out|    4|       m_axi|                                             gmem|       pointer|
|m_axi_gmem_AWUSER      |  out|    1|       m_axi|                                             gmem|       pointer|
|m_axi_gmem_WVALID      |  out|    1|       m_axi|                                             gmem|       pointer|
|m_axi_gmem_WREADY      |   in|    1|       m_axi|                                             gmem|       pointer|
|m_axi_gmem_WDATA       |  out|  512|       m_axi|                                             gmem|       pointer|
|m_axi_gmem_WSTRB       |  out|   64|       m_axi|                                             gmem|       pointer|
|m_axi_gmem_WLAST       |  out|    1|       m_axi|                                             gmem|       pointer|
|m_axi_gmem_WID         |  out|    1|       m_axi|                                             gmem|       pointer|
|m_axi_gmem_WUSER       |  out|    1|       m_axi|                                             gmem|       pointer|
|m_axi_gmem_ARVALID     |  out|    1|       m_axi|                                             gmem|       pointer|
|m_axi_gmem_ARREADY     |   in|    1|       m_axi|                                             gmem|       pointer|
|m_axi_gmem_ARADDR      |  out|   64|       m_axi|                                             gmem|       pointer|
|m_axi_gmem_ARID        |  out|    1|       m_axi|                                             gmem|       pointer|
|m_axi_gmem_ARLEN       |  out|   32|       m_axi|                                             gmem|       pointer|
|m_axi_gmem_ARSIZE      |  out|    3|       m_axi|                                             gmem|       pointer|
|m_axi_gmem_ARBURST     |  out|    2|       m_axi|                                             gmem|       pointer|
|m_axi_gmem_ARLOCK      |  out|    2|       m_axi|                                             gmem|       pointer|
|m_axi_gmem_ARCACHE     |  out|    4|       m_axi|                                             gmem|       pointer|
|m_axi_gmem_ARPROT      |  out|    3|       m_axi|                                             gmem|       pointer|
|m_axi_gmem_ARQOS       |  out|    4|       m_axi|                                             gmem|       pointer|
|m_axi_gmem_ARREGION    |  out|    4|       m_axi|                                             gmem|       pointer|
|m_axi_gmem_ARUSER      |  out|    1|       m_axi|                                             gmem|       pointer|
|m_axi_gmem_RVALID      |   in|    1|       m_axi|                                             gmem|       pointer|
|m_axi_gmem_RREADY      |  out|    1|       m_axi|                                             gmem|       pointer|
|m_axi_gmem_RDATA       |   in|  512|       m_axi|                                             gmem|       pointer|
|m_axi_gmem_RLAST       |   in|    1|       m_axi|                                             gmem|       pointer|
|m_axi_gmem_RID         |   in|    1|       m_axi|                                             gmem|       pointer|
|m_axi_gmem_RFIFONUM    |   in|    9|       m_axi|                                             gmem|       pointer|
|m_axi_gmem_RUSER       |   in|    1|       m_axi|                                             gmem|       pointer|
|m_axi_gmem_RRESP       |   in|    2|       m_axi|                                             gmem|       pointer|
|m_axi_gmem_BVALID      |   in|    1|       m_axi|                                             gmem|       pointer|
|m_axi_gmem_BREADY      |  out|    1|       m_axi|                                             gmem|       pointer|
|m_axi_gmem_BRESP       |   in|    2|       m_axi|                                             gmem|       pointer|
|m_axi_gmem_BID         |   in|    1|       m_axi|                                             gmem|       pointer|
|m_axi_gmem_BUSER       |   in|    1|       m_axi|                                             gmem|       pointer|
|sext_ln38              |   in|   58|     ap_none|                                        sext_ln38|        scalar|
|dense_biases_address0  |  out|    7|   ap_memory|                                     dense_biases|         array|
|dense_biases_ce0       |  out|    1|   ap_memory|                                     dense_biases|         array|
|dense_biases_we0       |  out|    1|   ap_memory|                                     dense_biases|         array|
|dense_biases_d0        |  out|   32|   ap_memory|                                     dense_biases|         array|
+-----------------------+-----+-----+------------+-------------------------------------------------+--------------+

