

================================================================
== Vitis HLS Report for 'save_variables_locally_Pipeline_VITIS_LOOP_28_3_VITIS_LOOP_29_4'
================================================================
* Date:           Tue Oct 18 21:15:42 2022

* Version:        2022.1 (Build 3526262 on Mon Apr 18 15:47:01 MDT 2022)
* Project:        forward_prop
* Solution:       solution1 (Vitis Kernel Flow Target)
* Product family: virtexuplus
* Target device:  xcvu5p-flva2104-1-e


================================================================
== Performance Estimates
================================================================
+ Timing: 
    * Summary: 
    +--------+----------+----------+------------+
    |  Clock |  Target  | Estimated| Uncertainty|
    +--------+----------+----------+------------+
    |ap_clk  |  10.00 ns|  7.300 ns|     2.70 ns|
    +--------+----------+----------+------------+

+ Latency: 
    * Summary: 
    +---------+---------+----------+----------+-------+-------+---------+
    |  Latency (cycles) |  Latency (absolute) |    Interval   | Pipeline|
    |   min   |   max   |    min   |    max   |  min  |  max  |   Type  |
    +---------+---------+----------+----------+-------+-------+---------+
    |    18435|    18435|  0.184 ms|  0.184 ms|  18435|  18435|       no|
    +---------+---------+----------+----------+-------+-------+---------+

    + Detail: 
        * Instance: 
        N/A

        * Loop: 
        +-----------------------------------+---------+---------+----------+-----------+-----------+-------+----------+
        |                                   |  Latency (cycles) | Iteration|  Initiation Interval  |  Trip |          |
        |             Loop Name             |   min   |   max   |  Latency |  achieved |   target  | Count | Pipelined|
        +-----------------------------------+---------+---------+----------+-----------+-----------+-------+----------+
        |- VITIS_LOOP_28_3_VITIS_LOOP_29_4  |    18433|    18433|         3|          1|          1|  18432|       yes|
        +-----------------------------------+---------+---------+----------+-----------+-----------+-------+----------+



================================================================
== Utilization Estimates
================================================================
* Summary: 
+---------------------+---------+------+---------+--------+-----+
|         Name        | BRAM_18K|  DSP |    FF   |   LUT  | URAM|
+---------------------+---------+------+---------+--------+-----+
|DSP                  |        -|     -|        -|       -|    -|
|Expression           |        -|     -|        0|     581|    -|
|FIFO                 |        -|     -|        -|       -|    -|
|Instance             |        -|     -|        -|       -|    -|
|Memory               |        -|     -|        -|       -|    -|
|Multiplexer          |        -|     -|        -|      95|    -|
|Register             |        -|     -|     1054|       -|    -|
+---------------------+---------+------+---------+--------+-----+
|Total                |        0|     0|     1054|     676|    0|
+---------------------+---------+------+---------+--------+-----+
|Available SLR        |     1024|  1737|   600577|  300288|  235|
+---------------------+---------+------+---------+--------+-----+
|Utilization SLR (%)  |        0|     0|       ~0|      ~0|    0|
+---------------------+---------+------+---------+--------+-----+
|Available            |     2048|  3474|  1201154|  600577|  470|
+---------------------+---------+------+---------+--------+-----+
|Utilization (%)      |        0|     0|       ~0|      ~0|    0|
+---------------------+---------+------+---------+--------+-----+

+ Detail: 
    * Instance: 
    N/A

    * DSP: 
    N/A

    * Memory: 
    N/A

    * FIFO: 
    N/A

    * Expression: 
    +----------------------------------+----------+----+---+-----+------------+------------+
    |           Variable Name          | Operation| DSP| FF| LUT | Bitwidth P0| Bitwidth P1|
    +----------------------------------+----------+----+---+-----+------------+------------+
    |add_ln28_1_fu_817_p2              |         +|   0|  0|   22|          15|           1|
    |add_ln28_fu_878_p2                |         +|   0|  0|   13|           6|           1|
    |add_ln29_fu_850_p2                |         +|   0|  0|   17|          10|           1|
    |ap_block_pp0_stage0_11001         |       and|   0|  0|    2|           1|           1|
    |ap_block_state2_pp0_stage0_iter1  |       and|   0|  0|    2|           1|           1|
    |ap_predicate_op128_read_state2    |       and|   0|  0|    2|           1|           1|
    |icmp_ln28_fu_811_p2               |      icmp|   0|  0|   12|          15|          15|
    |icmp_ln29_fu_826_p2               |      icmp|   0|  0|   11|          10|          10|
    |icmp_ln30_fu_844_p2               |      icmp|   0|  0|    9|           4|           1|
    |select_ln28_1_fu_884_p3           |    select|   0|  0|  473|           1|           1|
    |select_ln28_2_fu_891_p3           |    select|   0|  0|    6|           1|           6|
    |select_ln28_fu_832_p3             |    select|   0|  0|   10|           1|           1|
    |ap_enable_pp0                     |       xor|   0|  0|    2|           1|           2|
    +----------------------------------+----------+----+---+-----+------------+------------+
    |Total                             |          |   0|  0|  581|          67|          42|
    +----------------------------------+----------+----+---+-----+------------+------------+

    * Multiplexer: 
    +--------------------------------------+----+-----------+-----+-----------+
    |                 Name                 | LUT| Input Size| Bits| Total Bits|
    +--------------------------------------+----+-----------+-----+-----------+
    |ap_done_int                           |   9|          2|    1|          2|
    |ap_enable_reg_pp0_iter2               |   9|          2|    1|          2|
    |ap_phi_mux_empty_phi_fu_778_p4        |  14|          3|  512|       1536|
    |ap_sig_allocacmp_i_load               |   9|          2|   10|         20|
    |ap_sig_allocacmp_indvar_flatten_load  |   9|          2|   15|         30|
    |channel_fu_212                        |   9|          2|    6|         12|
    |gmem_blk_n_R                          |   9|          2|    1|          2|
    |i_fu_208                              |   9|          2|   10|         20|
    |indvar_flatten_fu_216                 |   9|          2|   15|         30|
    |shiftreg10_fu_204                     |   9|          2|  480|        960|
    +--------------------------------------+----+-----------+-----+-----------+
    |Total                                 |  95|         21| 1051|       2614|
    +--------------------------------------+----+-----------+-----+-----------+

    * Register: 
    +------------------------------------+-----+----+-----+-----------+
    |                Name                |  FF | LUT| Bits| Const Bits|
    +------------------------------------+-----+----+-----+-----------+
    |ap_CS_fsm                           |    1|   0|    1|          0|
    |ap_done_reg                         |    1|   0|    1|          0|
    |ap_enable_reg_pp0_iter1             |    1|   0|    1|          0|
    |ap_enable_reg_pp0_iter2             |    1|   0|    1|          0|
    |ap_loop_exit_ready_pp0_iter1_reg    |    1|   0|    1|          0|
    |channel_fu_212                      |    6|   0|    6|          0|
    |gmem_addr_read_reg_1054             |  512|   0|  512|          0|
    |i_fu_208                            |   10|   0|   10|          0|
    |icmp_ln28_reg_1035                  |    1|   0|    1|          0|
    |icmp_ln28_reg_1035_pp0_iter1_reg    |    1|   0|    1|          0|
    |icmp_ln29_reg_1039                  |    1|   0|    1|          0|
    |icmp_ln29_reg_1039_pp0_iter1_reg    |    1|   0|    1|          0|
    |icmp_ln30_reg_1050                  |    1|   0|    1|          0|
    |icmp_ln30_reg_1050_pp0_iter1_reg    |    1|   0|    1|          0|
    |indvar_flatten_fu_216               |   15|   0|   15|          0|
    |select_ln28_reg_1045                |   10|   0|   10|          0|
    |select_ln28_reg_1045_pp0_iter1_reg  |   10|   0|   10|          0|
    |shiftreg10_fu_204                   |  480|   0|  480|          0|
    +------------------------------------+-----+----+-----+-----------+
    |Total                               | 1054|   0| 1054|          0|
    +------------------------------------+-----+----+-----+-----------+



================================================================
== Interface
================================================================
* Summary: 
+-------------------------------+-----+-----+------------+-----------------------------------------------------------------+--------------+
|           RTL Ports           | Dir | Bits|  Protocol  |                          Source Object                          |    C Type    |
+-------------------------------+-----+-----+------------+-----------------------------------------------------------------+--------------+
|ap_clk                         |   in|    1|  ap_ctrl_hs|  save_variables_locally_Pipeline_VITIS_LOOP_28_3_VITIS_LOOP_29_4|  return value|
|ap_rst                         |   in|    1|  ap_ctrl_hs|  save_variables_locally_Pipeline_VITIS_LOOP_28_3_VITIS_LOOP_29_4|  return value|
|ap_start                       |   in|    1|  ap_ctrl_hs|  save_variables_locally_Pipeline_VITIS_LOOP_28_3_VITIS_LOOP_29_4|  return value|
|ap_done                        |  out|    1|  ap_ctrl_hs|  save_variables_locally_Pipeline_VITIS_LOOP_28_3_VITIS_LOOP_29_4|  return value|
|ap_idle                        |  out|    1|  ap_ctrl_hs|  save_variables_locally_Pipeline_VITIS_LOOP_28_3_VITIS_LOOP_29_4|  return value|
|ap_ready                       |  out|    1|  ap_ctrl_hs|  save_variables_locally_Pipeline_VITIS_LOOP_28_3_VITIS_LOOP_29_4|  return value|
|m_axi_gmem_AWVALID             |  out|    1|       m_axi|                                                             gmem|       pointer|
|m_axi_gmem_AWREADY             |   in|    1|       m_axi|                                                             gmem|       pointer|
|m_axi_gmem_AWADDR              |  out|   64|       m_axi|                                                             gmem|       pointer|
|m_axi_gmem_AWID                |  out|    1|       m_axi|                                                             gmem|       pointer|
|m_axi_gmem_AWLEN               |  out|   32|       m_axi|                                                             gmem|       pointer|
|m_axi_gmem_AWSIZE              |  out|    3|       m_axi|                                                             gmem|       pointer|
|m_axi_gmem_AWBURST             |  out|    2|       m_axi|                                                             gmem|       pointer|
|m_axi_gmem_AWLOCK              |  out|    2|       m_axi|                                                             gmem|       pointer|
|m_axi_gmem_AWCACHE             |  out|    4|       m_axi|                                                             gmem|       pointer|
|m_axi_gmem_AWPROT              |  out|    3|       m_axi|                                                             gmem|       pointer|
|m_axi_gmem_AWQOS               |  out|    4|       m_axi|                                                             gmem|       pointer|
|m_axi_gmem_AWREGION            |  out|    4|       m_axi|                                                             gmem|       pointer|
|m_axi_gmem_AWUSER              |  out|    1|       m_axi|                                                             gmem|       pointer|
|m_axi_gmem_WVALID              |  out|    1|       m_axi|                                                             gmem|       pointer|
|m_axi_gmem_WREADY              |   in|    1|       m_axi|                                                             gmem|       pointer|
|m_axi_gmem_WDATA               |  out|  512|       m_axi|                                                             gmem|       pointer|
|m_axi_gmem_WSTRB               |  out|   64|       m_axi|                                                             gmem|       pointer|
|m_axi_gmem_WLAST               |  out|    1|       m_axi|                                                             gmem|       pointer|
|m_axi_gmem_WID                 |  out|    1|       m_axi|                                                             gmem|       pointer|
|m_axi_gmem_WUSER               |  out|    1|       m_axi|                                                             gmem|       pointer|
|m_axi_gmem_ARVALID             |  out|    1|       m_axi|                                                             gmem|       pointer|
|m_axi_gmem_ARREADY             |   in|    1|       m_axi|                                                             gmem|       pointer|
|m_axi_gmem_ARADDR              |  out|   64|       m_axi|                                                             gmem|       pointer|
|m_axi_gmem_ARID                |  out|    1|       m_axi|                                                             gmem|       pointer|
|m_axi_gmem_ARLEN               |  out|   32|       m_axi|                                                             gmem|       pointer|
|m_axi_gmem_ARSIZE              |  out|    3|       m_axi|                                                             gmem|       pointer|
|m_axi_gmem_ARBURST             |  out|    2|       m_axi|                                                             gmem|       pointer|
|m_axi_gmem_ARLOCK              |  out|    2|       m_axi|                                                             gmem|       pointer|
|m_axi_gmem_ARCACHE             |  out|    4|       m_axi|                                                             gmem|       pointer|
|m_axi_gmem_ARPROT              |  out|    3|       m_axi|                                                             gmem|       pointer|
|m_axi_gmem_ARQOS               |  out|    4|       m_axi|                                                             gmem|       pointer|
|m_axi_gmem_ARREGION            |  out|    4|       m_axi|                                                             gmem|       pointer|
|m_axi_gmem_ARUSER              |  out|    1|       m_axi|                                                             gmem|       pointer|
|m_axi_gmem_RVALID              |   in|    1|       m_axi|                                                             gmem|       pointer|
|m_axi_gmem_RREADY              |  out|    1|       m_axi|                                                             gmem|       pointer|
|m_axi_gmem_RDATA               |   in|  512|       m_axi|                                                             gmem|       pointer|
|m_axi_gmem_RLAST               |   in|    1|       m_axi|                                                             gmem|       pointer|
|m_axi_gmem_RID                 |   in|    1|       m_axi|                                                             gmem|       pointer|
|m_axi_gmem_RFIFONUM            |   in|    9|       m_axi|                                                             gmem|       pointer|
|m_axi_gmem_RUSER               |   in|    1|       m_axi|                                                             gmem|       pointer|
|m_axi_gmem_RRESP               |   in|    2|       m_axi|                                                             gmem|       pointer|
|m_axi_gmem_BVALID              |   in|    1|       m_axi|                                                             gmem|       pointer|
|m_axi_gmem_BREADY              |  out|    1|       m_axi|                                                             gmem|       pointer|
|m_axi_gmem_BRESP               |   in|    2|       m_axi|                                                             gmem|       pointer|
|m_axi_gmem_BID                 |   in|    1|       m_axi|                                                             gmem|       pointer|
|m_axi_gmem_BUSER               |   in|    1|       m_axi|                                                             gmem|       pointer|
|sext_ln28                      |   in|   58|     ap_none|                                                        sext_ln28|        scalar|
|conv2d_64_weights_0_address1   |  out|   10|   ap_memory|                                              conv2d_64_weights_0|         array|
|conv2d_64_weights_0_ce1        |  out|    1|   ap_memory|                                              conv2d_64_weights_0|         array|
|conv2d_64_weights_0_we1        |  out|    1|   ap_memory|                                              conv2d_64_weights_0|         array|
|conv2d_64_weights_0_d1         |  out|   32|   ap_memory|                                              conv2d_64_weights_0|         array|
|conv2d_64_weights_1_address1   |  out|   10|   ap_memory|                                              conv2d_64_weights_1|         array|
|conv2d_64_weights_1_ce1        |  out|    1|   ap_memory|                                              conv2d_64_weights_1|         array|
|conv2d_64_weights_1_we1        |  out|    1|   ap_memory|                                              conv2d_64_weights_1|         array|
|conv2d_64_weights_1_d1         |  out|   32|   ap_memory|                                              conv2d_64_weights_1|         array|
|conv2d_64_weights_2_address1   |  out|   10|   ap_memory|                                              conv2d_64_weights_2|         array|
|conv2d_64_weights_2_ce1        |  out|    1|   ap_memory|                                              conv2d_64_weights_2|         array|
|conv2d_64_weights_2_we1        |  out|    1|   ap_memory|                                              conv2d_64_weights_2|         array|
|conv2d_64_weights_2_d1         |  out|   32|   ap_memory|                                              conv2d_64_weights_2|         array|
|conv2d_64_weights_3_address1   |  out|   10|   ap_memory|                                              conv2d_64_weights_3|         array|
|conv2d_64_weights_3_ce1        |  out|    1|   ap_memory|                                              conv2d_64_weights_3|         array|
|conv2d_64_weights_3_we1        |  out|    1|   ap_memory|                                              conv2d_64_weights_3|         array|
|conv2d_64_weights_3_d1         |  out|   32|   ap_memory|                                              conv2d_64_weights_3|         array|
|conv2d_64_weights_4_address1   |  out|   10|   ap_memory|                                              conv2d_64_weights_4|         array|
|conv2d_64_weights_4_ce1        |  out|    1|   ap_memory|                                              conv2d_64_weights_4|         array|
|conv2d_64_weights_4_we1        |  out|    1|   ap_memory|                                              conv2d_64_weights_4|         array|
|conv2d_64_weights_4_d1         |  out|   32|   ap_memory|                                              conv2d_64_weights_4|         array|
|conv2d_64_weights_5_address1   |  out|   10|   ap_memory|                                              conv2d_64_weights_5|         array|
|conv2d_64_weights_5_ce1        |  out|    1|   ap_memory|                                              conv2d_64_weights_5|         array|
|conv2d_64_weights_5_we1        |  out|    1|   ap_memory|                                              conv2d_64_weights_5|         array|
|conv2d_64_weights_5_d1         |  out|   32|   ap_memory|                                              conv2d_64_weights_5|         array|
|conv2d_64_weights_6_address1   |  out|   10|   ap_memory|                                              conv2d_64_weights_6|         array|
|conv2d_64_weights_6_ce1        |  out|    1|   ap_memory|                                              conv2d_64_weights_6|         array|
|conv2d_64_weights_6_we1        |  out|    1|   ap_memory|                                              conv2d_64_weights_6|         array|
|conv2d_64_weights_6_d1         |  out|   32|   ap_memory|                                              conv2d_64_weights_6|         array|
|conv2d_64_weights_7_address1   |  out|   10|   ap_memory|                                              conv2d_64_weights_7|         array|
|conv2d_64_weights_7_ce1        |  out|    1|   ap_memory|                                              conv2d_64_weights_7|         array|
|conv2d_64_weights_7_we1        |  out|    1|   ap_memory|                                              conv2d_64_weights_7|         array|
|conv2d_64_weights_7_d1         |  out|   32|   ap_memory|                                              conv2d_64_weights_7|         array|
|conv2d_64_weights_8_address1   |  out|   10|   ap_memory|                                              conv2d_64_weights_8|         array|
|conv2d_64_weights_8_ce1        |  out|    1|   ap_memory|                                              conv2d_64_weights_8|         array|
|conv2d_64_weights_8_we1        |  out|    1|   ap_memory|                                              conv2d_64_weights_8|         array|
|conv2d_64_weights_8_d1         |  out|   32|   ap_memory|                                              conv2d_64_weights_8|         array|
|conv2d_64_weights_9_address1   |  out|   10|   ap_memory|                                              conv2d_64_weights_9|         array|
|conv2d_64_weights_9_ce1        |  out|    1|   ap_memory|                                              conv2d_64_weights_9|         array|
|conv2d_64_weights_9_we1        |  out|    1|   ap_memory|                                              conv2d_64_weights_9|         array|
|conv2d_64_weights_9_d1         |  out|   32|   ap_memory|                                              conv2d_64_weights_9|         array|
|conv2d_64_weights_10_address1  |  out|   10|   ap_memory|                                             conv2d_64_weights_10|         array|
|conv2d_64_weights_10_ce1       |  out|    1|   ap_memory|                                             conv2d_64_weights_10|         array|
|conv2d_64_weights_10_we1       |  out|    1|   ap_memory|                                             conv2d_64_weights_10|         array|
|conv2d_64_weights_10_d1        |  out|   32|   ap_memory|                                             conv2d_64_weights_10|         array|
|conv2d_64_weights_11_address1  |  out|   10|   ap_memory|                                             conv2d_64_weights_11|         array|
|conv2d_64_weights_11_ce1       |  out|    1|   ap_memory|                                             conv2d_64_weights_11|         array|
|conv2d_64_weights_11_we1       |  out|    1|   ap_memory|                                             conv2d_64_weights_11|         array|
|conv2d_64_weights_11_d1        |  out|   32|   ap_memory|                                             conv2d_64_weights_11|         array|
|conv2d_64_weights_12_address1  |  out|   10|   ap_memory|                                             conv2d_64_weights_12|         array|
|conv2d_64_weights_12_ce1       |  out|    1|   ap_memory|                                             conv2d_64_weights_12|         array|
|conv2d_64_weights_12_we1       |  out|    1|   ap_memory|                                             conv2d_64_weights_12|         array|
|conv2d_64_weights_12_d1        |  out|   32|   ap_memory|                                             conv2d_64_weights_12|         array|
|conv2d_64_weights_13_address1  |  out|   10|   ap_memory|                                             conv2d_64_weights_13|         array|
|conv2d_64_weights_13_ce1       |  out|    1|   ap_memory|                                             conv2d_64_weights_13|         array|
|conv2d_64_weights_13_we1       |  out|    1|   ap_memory|                                             conv2d_64_weights_13|         array|
|conv2d_64_weights_13_d1        |  out|   32|   ap_memory|                                             conv2d_64_weights_13|         array|
|conv2d_64_weights_14_address1  |  out|   10|   ap_memory|                                             conv2d_64_weights_14|         array|
|conv2d_64_weights_14_ce1       |  out|    1|   ap_memory|                                             conv2d_64_weights_14|         array|
|conv2d_64_weights_14_we1       |  out|    1|   ap_memory|                                             conv2d_64_weights_14|         array|
|conv2d_64_weights_14_d1        |  out|   32|   ap_memory|                                             conv2d_64_weights_14|         array|
|conv2d_64_weights_15_address1  |  out|   10|   ap_memory|                                             conv2d_64_weights_15|         array|
|conv2d_64_weights_15_ce1       |  out|    1|   ap_memory|                                             conv2d_64_weights_15|         array|
|conv2d_64_weights_15_we1       |  out|    1|   ap_memory|                                             conv2d_64_weights_15|         array|
|conv2d_64_weights_15_d1        |  out|   32|   ap_memory|                                             conv2d_64_weights_15|         array|
|conv2d_64_weights_16_address1  |  out|   10|   ap_memory|                                             conv2d_64_weights_16|         array|
|conv2d_64_weights_16_ce1       |  out|    1|   ap_memory|                                             conv2d_64_weights_16|         array|
|conv2d_64_weights_16_we1       |  out|    1|   ap_memory|                                             conv2d_64_weights_16|         array|
|conv2d_64_weights_16_d1        |  out|   32|   ap_memory|                                             conv2d_64_weights_16|         array|
|conv2d_64_weights_17_address1  |  out|   10|   ap_memory|                                             conv2d_64_weights_17|         array|
|conv2d_64_weights_17_ce1       |  out|    1|   ap_memory|                                             conv2d_64_weights_17|         array|
|conv2d_64_weights_17_we1       |  out|    1|   ap_memory|                                             conv2d_64_weights_17|         array|
|conv2d_64_weights_17_d1        |  out|   32|   ap_memory|                                             conv2d_64_weights_17|         array|
|conv2d_64_weights_18_address1  |  out|   10|   ap_memory|                                             conv2d_64_weights_18|         array|
|conv2d_64_weights_18_ce1       |  out|    1|   ap_memory|                                             conv2d_64_weights_18|         array|
|conv2d_64_weights_18_we1       |  out|    1|   ap_memory|                                             conv2d_64_weights_18|         array|
|conv2d_64_weights_18_d1        |  out|   32|   ap_memory|                                             conv2d_64_weights_18|         array|
|conv2d_64_weights_19_address1  |  out|   10|   ap_memory|                                             conv2d_64_weights_19|         array|
|conv2d_64_weights_19_ce1       |  out|    1|   ap_memory|                                             conv2d_64_weights_19|         array|
|conv2d_64_weights_19_we1       |  out|    1|   ap_memory|                                             conv2d_64_weights_19|         array|
|conv2d_64_weights_19_d1        |  out|   32|   ap_memory|                                             conv2d_64_weights_19|         array|
|conv2d_64_weights_20_address1  |  out|   10|   ap_memory|                                             conv2d_64_weights_20|         array|
|conv2d_64_weights_20_ce1       |  out|    1|   ap_memory|                                             conv2d_64_weights_20|         array|
|conv2d_64_weights_20_we1       |  out|    1|   ap_memory|                                             conv2d_64_weights_20|         array|
|conv2d_64_weights_20_d1        |  out|   32|   ap_memory|                                             conv2d_64_weights_20|         array|
|conv2d_64_weights_21_address1  |  out|   10|   ap_memory|                                             conv2d_64_weights_21|         array|
|conv2d_64_weights_21_ce1       |  out|    1|   ap_memory|                                             conv2d_64_weights_21|         array|
|conv2d_64_weights_21_we1       |  out|    1|   ap_memory|                                             conv2d_64_weights_21|         array|
|conv2d_64_weights_21_d1        |  out|   32|   ap_memory|                                             conv2d_64_weights_21|         array|
|conv2d_64_weights_22_address1  |  out|   10|   ap_memory|                                             conv2d_64_weights_22|         array|
|conv2d_64_weights_22_ce1       |  out|    1|   ap_memory|                                             conv2d_64_weights_22|         array|
|conv2d_64_weights_22_we1       |  out|    1|   ap_memory|                                             conv2d_64_weights_22|         array|
|conv2d_64_weights_22_d1        |  out|   32|   ap_memory|                                             conv2d_64_weights_22|         array|
|conv2d_64_weights_23_address1  |  out|   10|   ap_memory|                                             conv2d_64_weights_23|         array|
|conv2d_64_weights_23_ce1       |  out|    1|   ap_memory|                                             conv2d_64_weights_23|         array|
|conv2d_64_weights_23_we1       |  out|    1|   ap_memory|                                             conv2d_64_weights_23|         array|
|conv2d_64_weights_23_d1        |  out|   32|   ap_memory|                                             conv2d_64_weights_23|         array|
|conv2d_64_weights_24_address1  |  out|   10|   ap_memory|                                             conv2d_64_weights_24|         array|
|conv2d_64_weights_24_ce1       |  out|    1|   ap_memory|                                             conv2d_64_weights_24|         array|
|conv2d_64_weights_24_we1       |  out|    1|   ap_memory|                                             conv2d_64_weights_24|         array|
|conv2d_64_weights_24_d1        |  out|   32|   ap_memory|                                             conv2d_64_weights_24|         array|
|conv2d_64_weights_25_address1  |  out|   10|   ap_memory|                                             conv2d_64_weights_25|         array|
|conv2d_64_weights_25_ce1       |  out|    1|   ap_memory|                                             conv2d_64_weights_25|         array|
|conv2d_64_weights_25_we1       |  out|    1|   ap_memory|                                             conv2d_64_weights_25|         array|
|conv2d_64_weights_25_d1        |  out|   32|   ap_memory|                                             conv2d_64_weights_25|         array|
|conv2d_64_weights_26_address1  |  out|   10|   ap_memory|                                             conv2d_64_weights_26|         array|
|conv2d_64_weights_26_ce1       |  out|    1|   ap_memory|                                             conv2d_64_weights_26|         array|
|conv2d_64_weights_26_we1       |  out|    1|   ap_memory|                                             conv2d_64_weights_26|         array|
|conv2d_64_weights_26_d1        |  out|   32|   ap_memory|                                             conv2d_64_weights_26|         array|
|conv2d_64_weights_27_address1  |  out|   10|   ap_memory|                                             conv2d_64_weights_27|         array|
|conv2d_64_weights_27_ce1       |  out|    1|   ap_memory|                                             conv2d_64_weights_27|         array|
|conv2d_64_weights_27_we1       |  out|    1|   ap_memory|                                             conv2d_64_weights_27|         array|
|conv2d_64_weights_27_d1        |  out|   32|   ap_memory|                                             conv2d_64_weights_27|         array|
|conv2d_64_weights_28_address1  |  out|   10|   ap_memory|                                             conv2d_64_weights_28|         array|
|conv2d_64_weights_28_ce1       |  out|    1|   ap_memory|                                             conv2d_64_weights_28|         array|
|conv2d_64_weights_28_we1       |  out|    1|   ap_memory|                                             conv2d_64_weights_28|         array|
|conv2d_64_weights_28_d1        |  out|   32|   ap_memory|                                             conv2d_64_weights_28|         array|
|conv2d_64_weights_29_address1  |  out|   10|   ap_memory|                                             conv2d_64_weights_29|         array|
|conv2d_64_weights_29_ce1       |  out|    1|   ap_memory|                                             conv2d_64_weights_29|         array|
|conv2d_64_weights_29_we1       |  out|    1|   ap_memory|                                             conv2d_64_weights_29|         array|
|conv2d_64_weights_29_d1        |  out|   32|   ap_memory|                                             conv2d_64_weights_29|         array|
|conv2d_64_weights_30_address1  |  out|   10|   ap_memory|                                             conv2d_64_weights_30|         array|
|conv2d_64_weights_30_ce1       |  out|    1|   ap_memory|                                             conv2d_64_weights_30|         array|
|conv2d_64_weights_30_we1       |  out|    1|   ap_memory|                                             conv2d_64_weights_30|         array|
|conv2d_64_weights_30_d1        |  out|   32|   ap_memory|                                             conv2d_64_weights_30|         array|
|conv2d_64_weights_31_address1  |  out|   10|   ap_memory|                                             conv2d_64_weights_31|         array|
|conv2d_64_weights_31_ce1       |  out|    1|   ap_memory|                                             conv2d_64_weights_31|         array|
|conv2d_64_weights_31_we1       |  out|    1|   ap_memory|                                             conv2d_64_weights_31|         array|
|conv2d_64_weights_31_d1        |  out|   32|   ap_memory|                                             conv2d_64_weights_31|         array|
+-------------------------------+-----+-----+------------+-----------------------------------------------------------------+--------------+

