

================================================================
== Vitis HLS Report for 'save_variables_locally'
================================================================
* Date:           Tue Oct 18 21:15:45 2022

* Version:        2022.1 (Build 3526262 on Mon Apr 18 15:47:01 MDT 2022)
* Project:        forward_prop
* Solution:       solution1 (Vitis Kernel Flow Target)
* Product family: virtexuplus
* Target device:  xcvu5p-flva2104-1-e


================================================================
== Performance Estimates
================================================================
+ Timing: 
    * Summary: 
    +--------+----------+----------+------------+
    |  Clock |  Target  | Estimated| Uncertainty|
    +--------+----------+----------+------------+
    |ap_clk  |  10.00 ns|  7.300 ns|     2.70 ns|
    +--------+----------+----------+------------+

+ Latency: 
    * Summary: 
    +---------+---------+----------+----------+--------+--------+---------+
    |  Latency (cycles) |  Latency (absolute) |     Interval    | Pipeline|
    |   min   |   max   |    min   |    max   |   min  |   max  |   Type  |
    +---------+---------+----------+----------+--------+--------+---------+
    |   422241|   422241|  4.222 ms|  4.222 ms|  422241|  422241|       no|
    +---------+---------+----------+----------+--------+--------+---------+

    + Detail: 
        * Instance: 
        +----------------------------------------------------------------------------+-----------------------------------------------------------------+---------+---------+-----------+-----------+--------+--------+---------+
        |                                                                            |                                                                 |  Latency (cycles) |   Latency (absolute)  |     Interval    | Pipeline|
        |                                  Instance                                  |                              Module                             |   min   |   max   |    min    |    max    |   min  |   max  |   Type  |
        +----------------------------------------------------------------------------+-----------------------------------------------------------------+---------+---------+-----------+-----------+--------+--------+---------+
        |grp_save_variables_locally_Pipeline_VITIS_LOOP_22_1_fu_281                  |save_variables_locally_Pipeline_VITIS_LOOP_22_1                  |      291|      291|   2.910 us|   2.910 us|     291|     291|       no|
        |grp_save_variables_locally_Pipeline_VITIS_LOOP_25_2_fu_290                  |save_variables_locally_Pipeline_VITIS_LOOP_25_2                  |       35|       35|   0.350 us|   0.350 us|      35|      35|       no|
        |grp_save_variables_locally_Pipeline_VITIS_LOOP_28_3_VITIS_LOOP_29_4_fu_299  |save_variables_locally_Pipeline_VITIS_LOOP_28_3_VITIS_LOOP_29_4  |    18435|    18435|   0.184 ms|   0.184 ms|   18435|   18435|       no|
        |grp_save_variables_locally_Pipeline_VITIS_LOOP_32_5_fu_370                  |save_variables_locally_Pipeline_VITIS_LOOP_32_5                  |       67|       67|   0.670 us|   0.670 us|      67|      67|       no|
        |grp_save_variables_locally_Pipeline_VITIS_LOOP_35_6_fu_379                  |save_variables_locally_Pipeline_VITIS_LOOP_35_6                  |   401411|   401411|   4.014 ms|   4.014 ms|  401411|  401411|       no|
        |grp_save_variables_locally_Pipeline_VITIS_LOOP_38_7_fu_402                  |save_variables_locally_Pipeline_VITIS_LOOP_38_7                  |      131|      131|   1.310 us|   1.310 us|     131|     131|       no|
        |grp_save_variables_locally_Pipeline_VITIS_LOOP_41_8_fu_411                  |save_variables_locally_Pipeline_VITIS_LOOP_41_8                  |     1283|     1283|  12.830 us|  12.830 us|    1283|    1283|       no|
        |grp_save_variables_locally_Pipeline_VITIS_LOOP_44_9_fu_424                  |save_variables_locally_Pipeline_VITIS_LOOP_44_9                  |       83|       83|   0.830 us|   0.830 us|      83|      83|       no|
        +----------------------------------------------------------------------------+-----------------------------------------------------------------+---------+---------+-----------+-----------+--------+--------+---------+

        * Loop: 
        N/A



================================================================
== Utilization Estimates
================================================================
* Summary: 
+---------------------+---------+------+---------+--------+-----+
|         Name        | BRAM_18K|  DSP |    FF   |   LUT  | URAM|
+---------------------+---------+------+---------+--------+-----+
|DSP                  |        -|     -|        -|       -|    -|
|Expression           |        -|     -|        0|       2|    -|
|FIFO                 |        -|     -|        -|       -|    -|
|Instance             |        -|     -|     8270|    3936|    -|
|Memory               |        -|     -|        -|       -|    -|
|Multiplexer          |        -|     -|        -|    3359|    -|
|Register             |        -|     -|      927|       -|    -|
+---------------------+---------+------+---------+--------+-----+
|Total                |        0|     0|     9197|    7297|    0|
+---------------------+---------+------+---------+--------+-----+
|Available SLR        |     1024|  1737|   600577|  300288|  235|
+---------------------+---------+------+---------+--------+-----+
|Utilization SLR (%)  |        0|     0|        1|       2|    0|
+---------------------+---------+------+---------+--------+-----+
|Available            |     2048|  3474|  1201154|  600577|  470|
+---------------------+---------+------+---------+--------+-----+
|Utilization (%)      |        0|     0|       ~0|       1|    0|
+---------------------+---------+------+---------+--------+-----+

+ Detail: 
    * Instance: 
    +----------------------------------------------------------------------------+-----------------------------------------------------------------+---------+----+------+------+-----+
    |                                  Instance                                  |                              Module                             | BRAM_18K| DSP|  FF  |  LUT | URAM|
    +----------------------------------------------------------------------------+-----------------------------------------------------------------+---------+----+------+------+-----+
    |grp_save_variables_locally_Pipeline_VITIS_LOOP_22_1_fu_281                  |save_variables_locally_Pipeline_VITIS_LOOP_22_1                  |        0|   0|  1028|   112|    0|
    |grp_save_variables_locally_Pipeline_VITIS_LOOP_25_2_fu_290                  |save_variables_locally_Pipeline_VITIS_LOOP_25_2                  |        0|   0|  1019|   108|    0|
    |grp_save_variables_locally_Pipeline_VITIS_LOOP_28_3_VITIS_LOOP_29_4_fu_299  |save_variables_locally_Pipeline_VITIS_LOOP_28_3_VITIS_LOOP_29_4  |        0|   0|  1054|   676|    0|
    |grp_save_variables_locally_Pipeline_VITIS_LOOP_32_5_fu_370                  |save_variables_locally_Pipeline_VITIS_LOOP_32_5                  |        0|   0|  1022|   110|    0|
    |grp_save_variables_locally_Pipeline_VITIS_LOOP_35_6_fu_379                  |save_variables_locally_Pipeline_VITIS_LOOP_35_6                  |        0|   0|  1058|   125|    0|
    |grp_save_variables_locally_Pipeline_VITIS_LOOP_38_7_fu_402                  |save_variables_locally_Pipeline_VITIS_LOOP_38_7                  |        0|   0|  1025|   111|    0|
    |grp_save_variables_locally_Pipeline_VITIS_LOOP_41_8_fu_411                  |save_variables_locally_Pipeline_VITIS_LOOP_41_8                  |        0|   0|  1045|   201|    0|
    |grp_save_variables_locally_Pipeline_VITIS_LOOP_44_9_fu_424                  |save_variables_locally_Pipeline_VITIS_LOOP_44_9                  |        0|   0|  1019|  2493|    0|
    +----------------------------------------------------------------------------+-----------------------------------------------------------------+---------+----+------+------+-----+
    |Total                                                                       |                                                                 |        0|   0|  8270|  3936|    0|
    +----------------------------------------------------------------------------+-----------------------------------------------------------------+---------+----+------+------+-----+

    * DSP: 
    N/A

    * Memory: 
    N/A

    * FIFO: 
    N/A

    * Expression: 
    +-----------------+----------+----+---+----+------------+------------+
    |  Variable Name  | Operation| DSP| FF| LUT| Bitwidth P0| Bitwidth P1|
    +-----------------+----------+----+---+----+------------+------------+
    |ap_block_state1  |        or|   0|  0|   2|           1|           1|
    +-----------------+----------+----+---+----+------------+------------+
    |Total            |          |   0|  0|   2|           1|           1|
    +-----------------+----------+----+---+----+------------+------------+

    * Multiplexer: 
    +---------------------+------+-----------+-----+-----------+
    |         Name        |  LUT | Input Size| Bits| Total Bits|
    +---------------------+------+-----------+-----+-----------+
    |ap_NS_fsm            |  2667|        507|    1|        507|
    |ap_done              |     9|          2|    1|          2|
    |gmem_blk_n_AR        |     9|          2|    1|          2|
    |m_axi_gmem_ARADDR    |    65|         16|   64|       1024|
    |m_axi_gmem_ARBURST   |    49|          9|    2|         18|
    |m_axi_gmem_ARCACHE   |    49|          9|    4|         36|
    |m_axi_gmem_ARID      |    49|          9|    1|          9|
    |m_axi_gmem_ARLEN     |    65|         16|   32|        512|
    |m_axi_gmem_ARLOCK    |    49|          9|    2|         18|
    |m_axi_gmem_ARPROT    |    49|          9|    3|         27|
    |m_axi_gmem_ARQOS     |    49|          9|    4|         36|
    |m_axi_gmem_ARREGION  |    49|          9|    4|         36|
    |m_axi_gmem_ARSIZE    |    49|          9|    3|         27|
    |m_axi_gmem_ARUSER    |    49|          9|    1|          9|
    |m_axi_gmem_ARVALID   |    54|         10|    1|         10|
    |m_axi_gmem_RREADY    |    49|          9|    1|          9|
    +---------------------+------+-----------+-----+-----------+
    |Total                |  3359|        643|  125|       2282|
    +---------------------+------+-----------+-----+-----------+

    * Register: 
    +-----------------------------------------------------------------------------------------+-----+----+-----+-----------+
    |                                           Name                                          |  FF | LUT| Bits| Const Bits|
    +-----------------------------------------------------------------------------------------+-----+----+-----+-----------+
    |ap_CS_fsm                                                                                |  506|   0|  506|          0|
    |ap_done_reg                                                                              |    1|   0|    1|          0|
    |grp_save_variables_locally_Pipeline_VITIS_LOOP_22_1_fu_281_ap_start_reg                  |    1|   0|    1|          0|
    |grp_save_variables_locally_Pipeline_VITIS_LOOP_25_2_fu_290_ap_start_reg                  |    1|   0|    1|          0|
    |grp_save_variables_locally_Pipeline_VITIS_LOOP_28_3_VITIS_LOOP_29_4_fu_299_ap_start_reg  |    1|   0|    1|          0|
    |grp_save_variables_locally_Pipeline_VITIS_LOOP_32_5_fu_370_ap_start_reg                  |    1|   0|    1|          0|
    |grp_save_variables_locally_Pipeline_VITIS_LOOP_35_6_fu_379_ap_start_reg                  |    1|   0|    1|          0|
    |grp_save_variables_locally_Pipeline_VITIS_LOOP_38_7_fu_402_ap_start_reg                  |    1|   0|    1|          0|
    |grp_save_variables_locally_Pipeline_VITIS_LOOP_41_8_fu_411_ap_start_reg                  |    1|   0|    1|          0|
    |grp_save_variables_locally_Pipeline_VITIS_LOOP_44_9_fu_424_ap_start_reg                  |    1|   0|    1|          0|
    |trunc_ln1_reg_617                                                                        |   58|   0|   58|          0|
    |trunc_ln2_reg_627                                                                        |   58|   0|   58|          0|
    |trunc_ln3_reg_637                                                                        |   58|   0|   58|          0|
    |trunc_ln45_reg_662                                                                       |    6|   0|    6|          0|
    |trunc_ln4_reg_647                                                                        |   58|   0|   58|          0|
    |trunc_ln6_reg_597                                                                        |   58|   0|   58|          0|
    |trunc_ln8_reg_607                                                                        |   58|   0|   58|          0|
    |trunc_ln_reg_587                                                                         |   58|   0|   58|          0|
    +-----------------------------------------------------------------------------------------+-----+----+-----+-----------+
    |Total                                                                                    |  927|   0|  927|          0|
    +-----------------------------------------------------------------------------------------+-----+----+-----+-----------+



================================================================
== Interface
================================================================
* Summary: 
+-------------------------------+-----+-----+------------+------------------------+--------------+
|           RTL Ports           | Dir | Bits|  Protocol  |      Source Object     |    C Type    |
+-------------------------------+-----+-----+------------+------------------------+--------------+
|ap_clk                         |   in|    1|  ap_ctrl_hs|  save_variables_locally|  return value|
|ap_rst                         |   in|    1|  ap_ctrl_hs|  save_variables_locally|  return value|
|ap_start                       |   in|    1|  ap_ctrl_hs|  save_variables_locally|  return value|
|ap_done                        |  out|    1|  ap_ctrl_hs|  save_variables_locally|  return value|
|ap_continue                    |   in|    1|  ap_ctrl_hs|  save_variables_locally|  return value|
|ap_idle                        |  out|    1|  ap_ctrl_hs|  save_variables_locally|  return value|
|ap_ready                       |  out|    1|  ap_ctrl_hs|  save_variables_locally|  return value|
|m_axi_gmem_AWVALID             |  out|    1|       m_axi|                    gmem|       pointer|
|m_axi_gmem_AWREADY             |   in|    1|       m_axi|                    gmem|       pointer|
|m_axi_gmem_AWADDR              |  out|   64|       m_axi|                    gmem|       pointer|
|m_axi_gmem_AWID                |  out|    1|       m_axi|                    gmem|       pointer|
|m_axi_gmem_AWLEN               |  out|   32|       m_axi|                    gmem|       pointer|
|m_axi_gmem_AWSIZE              |  out|    3|       m_axi|                    gmem|       pointer|
|m_axi_gmem_AWBURST             |  out|    2|       m_axi|                    gmem|       pointer|
|m_axi_gmem_AWLOCK              |  out|    2|       m_axi|                    gmem|       pointer|
|m_axi_gmem_AWCACHE             |  out|    4|       m_axi|                    gmem|       pointer|
|m_axi_gmem_AWPROT              |  out|    3|       m_axi|                    gmem|       pointer|
|m_axi_gmem_AWQOS               |  out|    4|       m_axi|                    gmem|       pointer|
|m_axi_gmem_AWREGION            |  out|    4|       m_axi|                    gmem|       pointer|
|m_axi_gmem_AWUSER              |  out|    1|       m_axi|                    gmem|       pointer|
|m_axi_gmem_WVALID              |  out|    1|       m_axi|                    gmem|       pointer|
|m_axi_gmem_WREADY              |   in|    1|       m_axi|                    gmem|       pointer|
|m_axi_gmem_WDATA               |  out|  512|       m_axi|                    gmem|       pointer|
|m_axi_gmem_WSTRB               |  out|   64|       m_axi|                    gmem|       pointer|
|m_axi_gmem_WLAST               |  out|    1|       m_axi|                    gmem|       pointer|
|m_axi_gmem_WID                 |  out|    1|       m_axi|                    gmem|       pointer|
|m_axi_gmem_WUSER               |  out|    1|       m_axi|                    gmem|       pointer|
|m_axi_gmem_ARVALID             |  out|    1|       m_axi|                    gmem|       pointer|
|m_axi_gmem_ARREADY             |   in|    1|       m_axi|                    gmem|       pointer|
|m_axi_gmem_ARADDR              |  out|   64|       m_axi|                    gmem|       pointer|
|m_axi_gmem_ARID                |  out|    1|       m_axi|                    gmem|       pointer|
|m_axi_gmem_ARLEN               |  out|   32|       m_axi|                    gmem|       pointer|
|m_axi_gmem_ARSIZE              |  out|    3|       m_axi|                    gmem|       pointer|
|m_axi_gmem_ARBURST             |  out|    2|       m_axi|                    gmem|       pointer|
|m_axi_gmem_ARLOCK              |  out|    2|       m_axi|                    gmem|       pointer|
|m_axi_gmem_ARCACHE             |  out|    4|       m_axi|                    gmem|       pointer|
|m_axi_gmem_ARPROT              |  out|    3|       m_axi|                    gmem|       pointer|
|m_axi_gmem_ARQOS               |  out|    4|       m_axi|                    gmem|       pointer|
|m_axi_gmem_ARREGION            |  out|    4|       m_axi|                    gmem|       pointer|
|m_axi_gmem_ARUSER              |  out|    1|       m_axi|                    gmem|       pointer|
|m_axi_gmem_RVALID              |   in|    1|       m_axi|                    gmem|       pointer|
|m_axi_gmem_RREADY              |  out|    1|       m_axi|                    gmem|       pointer|
|m_axi_gmem_RDATA               |   in|  512|       m_axi|                    gmem|       pointer|
|m_axi_gmem_RLAST               |   in|    1|       m_axi|                    gmem|       pointer|
|m_axi_gmem_RID                 |   in|    1|       m_axi|                    gmem|       pointer|
|m_axi_gmem_RFIFONUM            |   in|    9|       m_axi|                    gmem|       pointer|
|m_axi_gmem_RUSER               |   in|    1|       m_axi|                    gmem|       pointer|
|m_axi_gmem_RRESP               |   in|    2|       m_axi|                    gmem|       pointer|
|m_axi_gmem_BVALID              |   in|    1|       m_axi|                    gmem|       pointer|
|m_axi_gmem_BREADY              |  out|    1|       m_axi|                    gmem|       pointer|
|m_axi_gmem_BRESP               |   in|    2|       m_axi|                    gmem|       pointer|
|m_axi_gmem_BID                 |   in|    1|       m_axi|                    gmem|       pointer|
|m_axi_gmem_BUSER               |   in|    1|       m_axi|                    gmem|       pointer|
|gmem_conv2d_32_weights         |   in|   64|     ap_none|  gmem_conv2d_32_weights|        scalar|
|gmem_conv2d_32_biases          |   in|   64|     ap_none|   gmem_conv2d_32_biases|        scalar|
|gmem_conv2d_64_weights         |   in|   64|     ap_none|  gmem_conv2d_64_weights|        scalar|
|gmem_conv2d_64_biases          |   in|   64|     ap_none|   gmem_conv2d_64_biases|        scalar|
|gmem_dense_weights             |   in|   64|     ap_none|      gmem_dense_weights|        scalar|
|gmem_dense_biases              |   in|   64|     ap_none|       gmem_dense_biases|        scalar|
|gmem_softmax_weights           |   in|   64|     ap_none|    gmem_softmax_weights|        scalar|
|gmem_softmax_biases            |   in|   64|     ap_none|     gmem_softmax_biases|        scalar|
|conv2d_32_weights_address0     |  out|    9|   ap_memory|       conv2d_32_weights|         array|
|conv2d_32_weights_ce0          |  out|    1|   ap_memory|       conv2d_32_weights|         array|
|conv2d_32_weights_we0          |  out|    1|   ap_memory|       conv2d_32_weights|         array|
|conv2d_32_weights_d0           |  out|   32|   ap_memory|       conv2d_32_weights|         array|
|conv2d_32_biases_address0      |  out|    5|   ap_memory|        conv2d_32_biases|         array|
|conv2d_32_biases_ce0           |  out|    1|   ap_memory|        conv2d_32_biases|         array|
|conv2d_32_biases_we0           |  out|    1|   ap_memory|        conv2d_32_biases|         array|
|conv2d_32_biases_d0            |  out|   32|   ap_memory|        conv2d_32_biases|         array|
|conv2d_64_weights_0_address1   |  out|   10|   ap_memory|     conv2d_64_weights_0|         array|
|conv2d_64_weights_0_ce1        |  out|    1|   ap_memory|     conv2d_64_weights_0|         array|
|conv2d_64_weights_0_we1        |  out|    1|   ap_memory|     conv2d_64_weights_0|         array|
|conv2d_64_weights_0_d1         |  out|   32|   ap_memory|     conv2d_64_weights_0|         array|
|conv2d_64_weights_1_address1   |  out|   10|   ap_memory|     conv2d_64_weights_1|         array|
|conv2d_64_weights_1_ce1        |  out|    1|   ap_memory|     conv2d_64_weights_1|         array|
|conv2d_64_weights_1_we1        |  out|    1|   ap_memory|     conv2d_64_weights_1|         array|
|conv2d_64_weights_1_d1         |  out|   32|   ap_memory|     conv2d_64_weights_1|         array|
|conv2d_64_weights_2_address1   |  out|   10|   ap_memory|     conv2d_64_weights_2|         array|
|conv2d_64_weights_2_ce1        |  out|    1|   ap_memory|     conv2d_64_weights_2|         array|
|conv2d_64_weights_2_we1        |  out|    1|   ap_memory|     conv2d_64_weights_2|         array|
|conv2d_64_weights_2_d1         |  out|   32|   ap_memory|     conv2d_64_weights_2|         array|
|conv2d_64_weights_3_address1   |  out|   10|   ap_memory|     conv2d_64_weights_3|         array|
|conv2d_64_weights_3_ce1        |  out|    1|   ap_memory|     conv2d_64_weights_3|         array|
|conv2d_64_weights_3_we1        |  out|    1|   ap_memory|     conv2d_64_weights_3|         array|
|conv2d_64_weights_3_d1         |  out|   32|   ap_memory|     conv2d_64_weights_3|         array|
|conv2d_64_weights_4_address1   |  out|   10|   ap_memory|     conv2d_64_weights_4|         array|
|conv2d_64_weights_4_ce1        |  out|    1|   ap_memory|     conv2d_64_weights_4|         array|
|conv2d_64_weights_4_we1        |  out|    1|   ap_memory|     conv2d_64_weights_4|         array|
|conv2d_64_weights_4_d1         |  out|   32|   ap_memory|     conv2d_64_weights_4|         array|
|conv2d_64_weights_5_address1   |  out|   10|   ap_memory|     conv2d_64_weights_5|         array|
|conv2d_64_weights_5_ce1        |  out|    1|   ap_memory|     conv2d_64_weights_5|         array|
|conv2d_64_weights_5_we1        |  out|    1|   ap_memory|     conv2d_64_weights_5|         array|
|conv2d_64_weights_5_d1         |  out|   32|   ap_memory|     conv2d_64_weights_5|         array|
|conv2d_64_weights_6_address1   |  out|   10|   ap_memory|     conv2d_64_weights_6|         array|
|conv2d_64_weights_6_ce1        |  out|    1|   ap_memory|     conv2d_64_weights_6|         array|
|conv2d_64_weights_6_we1        |  out|    1|   ap_memory|     conv2d_64_weights_6|         array|
|conv2d_64_weights_6_d1         |  out|   32|   ap_memory|     conv2d_64_weights_6|         array|
|conv2d_64_weights_7_address1   |  out|   10|   ap_memory|     conv2d_64_weights_7|         array|
|conv2d_64_weights_7_ce1        |  out|    1|   ap_memory|     conv2d_64_weights_7|         array|
|conv2d_64_weights_7_we1        |  out|    1|   ap_memory|     conv2d_64_weights_7|         array|
|conv2d_64_weights_7_d1         |  out|   32|   ap_memory|     conv2d_64_weights_7|         array|
|conv2d_64_weights_8_address1   |  out|   10|   ap_memory|     conv2d_64_weights_8|         array|
|conv2d_64_weights_8_ce1        |  out|    1|   ap_memory|     conv2d_64_weights_8|         array|
|conv2d_64_weights_8_we1        |  out|    1|   ap_memory|     conv2d_64_weights_8|         array|
|conv2d_64_weights_8_d1         |  out|   32|   ap_memory|     conv2d_64_weights_8|         array|
|conv2d_64_weights_9_address1   |  out|   10|   ap_memory|     conv2d_64_weights_9|         array|
|conv2d_64_weights_9_ce1        |  out|    1|   ap_memory|     conv2d_64_weights_9|         array|
|conv2d_64_weights_9_we1        |  out|    1|   ap_memory|     conv2d_64_weights_9|         array|
|conv2d_64_weights_9_d1         |  out|   32|   ap_memory|     conv2d_64_weights_9|         array|
|conv2d_64_weights_10_address1  |  out|   10|   ap_memory|    conv2d_64_weights_10|         array|
|conv2d_64_weights_10_ce1       |  out|    1|   ap_memory|    conv2d_64_weights_10|         array|
|conv2d_64_weights_10_we1       |  out|    1|   ap_memory|    conv2d_64_weights_10|         array|
|conv2d_64_weights_10_d1        |  out|   32|   ap_memory|    conv2d_64_weights_10|         array|
|conv2d_64_weights_11_address1  |  out|   10|   ap_memory|    conv2d_64_weights_11|         array|
|conv2d_64_weights_11_ce1       |  out|    1|   ap_memory|    conv2d_64_weights_11|         array|
|conv2d_64_weights_11_we1       |  out|    1|   ap_memory|    conv2d_64_weights_11|         array|
|conv2d_64_weights_11_d1        |  out|   32|   ap_memory|    conv2d_64_weights_11|         array|
|conv2d_64_weights_12_address1  |  out|   10|   ap_memory|    conv2d_64_weights_12|         array|
|conv2d_64_weights_12_ce1       |  out|    1|   ap_memory|    conv2d_64_weights_12|         array|
|conv2d_64_weights_12_we1       |  out|    1|   ap_memory|    conv2d_64_weights_12|         array|
|conv2d_64_weights_12_d1        |  out|   32|   ap_memory|    conv2d_64_weights_12|         array|
|conv2d_64_weights_13_address1  |  out|   10|   ap_memory|    conv2d_64_weights_13|         array|
|conv2d_64_weights_13_ce1       |  out|    1|   ap_memory|    conv2d_64_weights_13|         array|
|conv2d_64_weights_13_we1       |  out|    1|   ap_memory|    conv2d_64_weights_13|         array|
|conv2d_64_weights_13_d1        |  out|   32|   ap_memory|    conv2d_64_weights_13|         array|
|conv2d_64_weights_14_address1  |  out|   10|   ap_memory|    conv2d_64_weights_14|         array|
|conv2d_64_weights_14_ce1       |  out|    1|   ap_memory|    conv2d_64_weights_14|         array|
|conv2d_64_weights_14_we1       |  out|    1|   ap_memory|    conv2d_64_weights_14|         array|
|conv2d_64_weights_14_d1        |  out|   32|   ap_memory|    conv2d_64_weights_14|         array|
|conv2d_64_weights_15_address1  |  out|   10|   ap_memory|    conv2d_64_weights_15|         array|
|conv2d_64_weights_15_ce1       |  out|    1|   ap_memory|    conv2d_64_weights_15|         array|
|conv2d_64_weights_15_we1       |  out|    1|   ap_memory|    conv2d_64_weights_15|         array|
|conv2d_64_weights_15_d1        |  out|   32|   ap_memory|    conv2d_64_weights_15|         array|
|conv2d_64_weights_16_address1  |  out|   10|   ap_memory|    conv2d_64_weights_16|         array|
|conv2d_64_weights_16_ce1       |  out|    1|   ap_memory|    conv2d_64_weights_16|         array|
|conv2d_64_weights_16_we1       |  out|    1|   ap_memory|    conv2d_64_weights_16|         array|
|conv2d_64_weights_16_d1        |  out|   32|   ap_memory|    conv2d_64_weights_16|         array|
|conv2d_64_weights_17_address1  |  out|   10|   ap_memory|    conv2d_64_weights_17|         array|
|conv2d_64_weights_17_ce1       |  out|    1|   ap_memory|    conv2d_64_weights_17|         array|
|conv2d_64_weights_17_we1       |  out|    1|   ap_memory|    conv2d_64_weights_17|         array|
|conv2d_64_weights_17_d1        |  out|   32|   ap_memory|    conv2d_64_weights_17|         array|
|conv2d_64_weights_18_address1  |  out|   10|   ap_memory|    conv2d_64_weights_18|         array|
|conv2d_64_weights_18_ce1       |  out|    1|   ap_memory|    conv2d_64_weights_18|         array|
|conv2d_64_weights_18_we1       |  out|    1|   ap_memory|    conv2d_64_weights_18|         array|
|conv2d_64_weights_18_d1        |  out|   32|   ap_memory|    conv2d_64_weights_18|         array|
|conv2d_64_weights_19_address1  |  out|   10|   ap_memory|    conv2d_64_weights_19|         array|
|conv2d_64_weights_19_ce1       |  out|    1|   ap_memory|    conv2d_64_weights_19|         array|
|conv2d_64_weights_19_we1       |  out|    1|   ap_memory|    conv2d_64_weights_19|         array|
|conv2d_64_weights_19_d1        |  out|   32|   ap_memory|    conv2d_64_weights_19|         array|
|conv2d_64_weights_20_address1  |  out|   10|   ap_memory|    conv2d_64_weights_20|         array|
|conv2d_64_weights_20_ce1       |  out|    1|   ap_memory|    conv2d_64_weights_20|         array|
|conv2d_64_weights_20_we1       |  out|    1|   ap_memory|    conv2d_64_weights_20|         array|
|conv2d_64_weights_20_d1        |  out|   32|   ap_memory|    conv2d_64_weights_20|         array|
|conv2d_64_weights_21_address1  |  out|   10|   ap_memory|    conv2d_64_weights_21|         array|
|conv2d_64_weights_21_ce1       |  out|    1|   ap_memory|    conv2d_64_weights_21|         array|
|conv2d_64_weights_21_we1       |  out|    1|   ap_memory|    conv2d_64_weights_21|         array|
|conv2d_64_weights_21_d1        |  out|   32|   ap_memory|    conv2d_64_weights_21|         array|
|conv2d_64_weights_22_address1  |  out|   10|   ap_memory|    conv2d_64_weights_22|         array|
|conv2d_64_weights_22_ce1       |  out|    1|   ap_memory|    conv2d_64_weights_22|         array|
|conv2d_64_weights_22_we1       |  out|    1|   ap_memory|    conv2d_64_weights_22|         array|
|conv2d_64_weights_22_d1        |  out|   32|   ap_memory|    conv2d_64_weights_22|         array|
|conv2d_64_weights_23_address1  |  out|   10|   ap_memory|    conv2d_64_weights_23|         array|
|conv2d_64_weights_23_ce1       |  out|    1|   ap_memory|    conv2d_64_weights_23|         array|
|conv2d_64_weights_23_we1       |  out|    1|   ap_memory|    conv2d_64_weights_23|         array|
|conv2d_64_weights_23_d1        |  out|   32|   ap_memory|    conv2d_64_weights_23|         array|
|conv2d_64_weights_24_address1  |  out|   10|   ap_memory|    conv2d_64_weights_24|         array|
|conv2d_64_weights_24_ce1       |  out|    1|   ap_memory|    conv2d_64_weights_24|         array|
|conv2d_64_weights_24_we1       |  out|    1|   ap_memory|    conv2d_64_weights_24|         array|
|conv2d_64_weights_24_d1        |  out|   32|   ap_memory|    conv2d_64_weights_24|         array|
|conv2d_64_weights_25_address1  |  out|   10|   ap_memory|    conv2d_64_weights_25|         array|
|conv2d_64_weights_25_ce1       |  out|    1|   ap_memory|    conv2d_64_weights_25|         array|
|conv2d_64_weights_25_we1       |  out|    1|   ap_memory|    conv2d_64_weights_25|         array|
|conv2d_64_weights_25_d1        |  out|   32|   ap_memory|    conv2d_64_weights_25|         array|
|conv2d_64_weights_26_address1  |  out|   10|   ap_memory|    conv2d_64_weights_26|         array|
|conv2d_64_weights_26_ce1       |  out|    1|   ap_memory|    conv2d_64_weights_26|         array|
|conv2d_64_weights_26_we1       |  out|    1|   ap_memory|    conv2d_64_weights_26|         array|
|conv2d_64_weights_26_d1        |  out|   32|   ap_memory|    conv2d_64_weights_26|         array|
|conv2d_64_weights_27_address1  |  out|   10|   ap_memory|    conv2d_64_weights_27|         array|
|conv2d_64_weights_27_ce1       |  out|    1|   ap_memory|    conv2d_64_weights_27|         array|
|conv2d_64_weights_27_we1       |  out|    1|   ap_memory|    conv2d_64_weights_27|         array|
|conv2d_64_weights_27_d1        |  out|   32|   ap_memory|    conv2d_64_weights_27|         array|
|conv2d_64_weights_28_address1  |  out|   10|   ap_memory|    conv2d_64_weights_28|         array|
|conv2d_64_weights_28_ce1       |  out|    1|   ap_memory|    conv2d_64_weights_28|         array|
|conv2d_64_weights_28_we1       |  out|    1|   ap_memory|    conv2d_64_weights_28|         array|
|conv2d_64_weights_28_d1        |  out|   32|   ap_memory|    conv2d_64_weights_28|         array|
|conv2d_64_weights_29_address1  |  out|   10|   ap_memory|    conv2d_64_weights_29|         array|
|conv2d_64_weights_29_ce1       |  out|    1|   ap_memory|    conv2d_64_weights_29|         array|
|conv2d_64_weights_29_we1       |  out|    1|   ap_memory|    conv2d_64_weights_29|         array|
|conv2d_64_weights_29_d1        |  out|   32|   ap_memory|    conv2d_64_weights_29|         array|
|conv2d_64_weights_30_address1  |  out|   10|   ap_memory|    conv2d_64_weights_30|         array|
|conv2d_64_weights_30_ce1       |  out|    1|   ap_memory|    conv2d_64_weights_30|         array|
|conv2d_64_weights_30_we1       |  out|    1|   ap_memory|    conv2d_64_weights_30|         array|
|conv2d_64_weights_30_d1        |  out|   32|   ap_memory|    conv2d_64_weights_30|         array|
|conv2d_64_weights_31_address1  |  out|   10|   ap_memory|    conv2d_64_weights_31|         array|
|conv2d_64_weights_31_ce1       |  out|    1|   ap_memory|    conv2d_64_weights_31|         array|
|conv2d_64_weights_31_we1       |  out|    1|   ap_memory|    conv2d_64_weights_31|         array|
|conv2d_64_weights_31_d1        |  out|   32|   ap_memory|    conv2d_64_weights_31|         array|
|conv2d_64_biases_address0      |  out|    6|   ap_memory|        conv2d_64_biases|         array|
|conv2d_64_biases_ce0           |  out|    1|   ap_memory|        conv2d_64_biases|         array|
|conv2d_64_biases_we0           |  out|    1|   ap_memory|        conv2d_64_biases|         array|
|conv2d_64_biases_d0            |  out|   32|   ap_memory|        conv2d_64_biases|         array|
|dense_weights_0_address0       |  out|   16|   ap_memory|         dense_weights_0|         array|
|dense_weights_0_ce0            |  out|    1|   ap_memory|         dense_weights_0|         array|
|dense_weights_0_we0            |  out|    1|   ap_memory|         dense_weights_0|         array|
|dense_weights_0_d0             |  out|   32|   ap_memory|         dense_weights_0|         array|
|dense_weights_1_address0       |  out|   16|   ap_memory|         dense_weights_1|         array|
|dense_weights_1_ce0            |  out|    1|   ap_memory|         dense_weights_1|         array|
|dense_weights_1_we0            |  out|    1|   ap_memory|         dense_weights_1|         array|
|dense_weights_1_d0             |  out|   32|   ap_memory|         dense_weights_1|         array|
|dense_weights_2_address0       |  out|   16|   ap_memory|         dense_weights_2|         array|
|dense_weights_2_ce0            |  out|    1|   ap_memory|         dense_weights_2|         array|
|dense_weights_2_we0            |  out|    1|   ap_memory|         dense_weights_2|         array|
|dense_weights_2_d0             |  out|   32|   ap_memory|         dense_weights_2|         array|
|dense_weights_3_address0       |  out|   16|   ap_memory|         dense_weights_3|         array|
|dense_weights_3_ce0            |  out|    1|   ap_memory|         dense_weights_3|         array|
|dense_weights_3_we0            |  out|    1|   ap_memory|         dense_weights_3|         array|
|dense_weights_3_d0             |  out|   32|   ap_memory|         dense_weights_3|         array|
|dense_weights_4_address0       |  out|   16|   ap_memory|         dense_weights_4|         array|
|dense_weights_4_ce0            |  out|    1|   ap_memory|         dense_weights_4|         array|
|dense_weights_4_we0            |  out|    1|   ap_memory|         dense_weights_4|         array|
|dense_weights_4_d0             |  out|   32|   ap_memory|         dense_weights_4|         array|
|dense_weights_5_address0       |  out|   16|   ap_memory|         dense_weights_5|         array|
|dense_weights_5_ce0            |  out|    1|   ap_memory|         dense_weights_5|         array|
|dense_weights_5_we0            |  out|    1|   ap_memory|         dense_weights_5|         array|
|dense_weights_5_d0             |  out|   32|   ap_memory|         dense_weights_5|         array|
|dense_weights_6_address0       |  out|   16|   ap_memory|         dense_weights_6|         array|
|dense_weights_6_ce0            |  out|    1|   ap_memory|         dense_weights_6|         array|
|dense_weights_6_we0            |  out|    1|   ap_memory|         dense_weights_6|         array|
|dense_weights_6_d0             |  out|   32|   ap_memory|         dense_weights_6|         array|
|dense_weights_7_address0       |  out|   16|   ap_memory|         dense_weights_7|         array|
|dense_weights_7_ce0            |  out|    1|   ap_memory|         dense_weights_7|         array|
|dense_weights_7_we0            |  out|    1|   ap_memory|         dense_weights_7|         array|
|dense_weights_7_d0             |  out|   32|   ap_memory|         dense_weights_7|         array|
|dense_biases_address0          |  out|    7|   ap_memory|            dense_biases|         array|
|dense_biases_ce0               |  out|    1|   ap_memory|            dense_biases|         array|
|dense_biases_we0               |  out|    1|   ap_memory|            dense_biases|         array|
|dense_biases_d0                |  out|   32|   ap_memory|            dense_biases|         array|
|softmax_weights_0_address0     |  out|    9|   ap_memory|       softmax_weights_0|         array|
|softmax_weights_0_ce0          |  out|    1|   ap_memory|       softmax_weights_0|         array|
|softmax_weights_0_we0          |  out|    1|   ap_memory|       softmax_weights_0|         array|
|softmax_weights_0_d0           |  out|   32|   ap_memory|       softmax_weights_0|         array|
|softmax_weights_1_address0     |  out|    9|   ap_memory|       softmax_weights_1|         array|
|softmax_weights_1_ce0          |  out|    1|   ap_memory|       softmax_weights_1|         array|
|softmax_weights_1_we0          |  out|    1|   ap_memory|       softmax_weights_1|         array|
|softmax_weights_1_d0           |  out|   32|   ap_memory|       softmax_weights_1|         array|
|softmax_weights_2_address0     |  out|    9|   ap_memory|       softmax_weights_2|         array|
|softmax_weights_2_ce0          |  out|    1|   ap_memory|       softmax_weights_2|         array|
|softmax_weights_2_we0          |  out|    1|   ap_memory|       softmax_weights_2|         array|
|softmax_weights_2_d0           |  out|   32|   ap_memory|       softmax_weights_2|         array|
|softmax_biases_address0        |  out|    4|   ap_memory|          softmax_biases|         array|
|softmax_biases_ce0             |  out|    1|   ap_memory|          softmax_biases|         array|
|softmax_biases_we0             |  out|    1|   ap_memory|          softmax_biases|         array|
|softmax_biases_d0              |  out|   32|   ap_memory|          softmax_biases|         array|
+-------------------------------+-----+-----+------------+------------------------+--------------+

