

================================================================
== Vitis HLS Report for 'softmax_10u_128u_Pipeline_calc_exp_sum'
================================================================
* Date:           Tue Oct 18 21:21:14 2022

* Version:        2022.1 (Build 3526262 on Mon Apr 18 15:47:01 MDT 2022)
* Project:        forward_prop
* Solution:       solution1 (Vitis Kernel Flow Target)
* Product family: virtexuplus
* Target device:  xcvu5p-flva2104-1-e


================================================================
== Performance Estimates
================================================================
+ Timing: 
    * Summary: 
    +--------+----------+----------+------------+
    |  Clock |  Target  | Estimated| Uncertainty|
    +--------+----------+----------+------------+
    |ap_clk  |  10.00 ns|  7.297 ns|     2.70 ns|
    +--------+----------+----------+------------+

+ Latency: 
    * Summary: 
    +---------+---------+----------+----------+-----+-----+---------+
    |  Latency (cycles) |  Latency (absolute) |  Interval | Pipeline|
    |   min   |   max   |    min   |    max   | min | max |   Type  |
    +---------+---------+----------+----------+-----+-----+---------+
    |       51|       51|  0.510 us|  0.510 us|   51|   51|       no|
    +---------+---------+----------+----------+-----+-----+---------+

    + Detail: 
        * Instance: 
        N/A

        * Loop: 
        +----------------+---------+---------+----------+-----------+-----------+------+----------+
        |                |  Latency (cycles) | Iteration|  Initiation Interval  | Trip |          |
        |    Loop Name   |   min   |   max   |  Latency |  achieved |   target  | Count| Pipelined|
        +----------------+---------+---------+----------+-----------+-----------+------+----------+
        |- calc_exp_sum  |       49|       49|        14|          4|          4|    10|       yes|
        +----------------+---------+---------+----------+-----------+-----------+------+----------+



================================================================
== Utilization Estimates
================================================================
* Summary: 
+---------------------+---------+------+---------+--------+-----+
|         Name        | BRAM_18K|  DSP |    FF   |   LUT  | URAM|
+---------------------+---------+------+---------+--------+-----+
|DSP                  |        -|     -|        -|       -|    -|
|Expression           |        -|     -|        0|      23|    -|
|FIFO                 |        -|     -|        -|       -|    -|
|Instance             |        -|     -|        0|      54|    -|
|Memory               |        -|     -|        -|       -|    -|
|Multiplexer          |        -|     -|        -|     149|    -|
|Register             |        -|     -|      240|      32|    -|
+---------------------+---------+------+---------+--------+-----+
|Total                |        0|     0|      240|     258|    0|
+---------------------+---------+------+---------+--------+-----+
|Available SLR        |     1024|  1737|   600577|  300288|  235|
+---------------------+---------+------+---------+--------+-----+
|Utilization SLR (%)  |        0|     0|       ~0|      ~0|    0|
+---------------------+---------+------+---------+--------+-----+
|Available            |     2048|  3474|  1201154|  600577|  470|
+---------------------+---------+------+---------+--------+-----+
|Utilization (%)      |        0|     0|       ~0|      ~0|    0|
+---------------------+---------+------+---------+--------+-----+

+ Detail: 
    * Instance: 
    +-----------------------+----------------+---------+----+---+----+-----+
    |        Instance       |     Module     | BRAM_18K| DSP| FF| LUT| URAM|
    +-----------------------+----------------+---------+----+---+----+-----+
    |mux_104_32_1_1_U20408  |mux_104_32_1_1  |        0|   0|  0|  54|    0|
    +-----------------------+----------------+---------+----+---+----+-----+
    |Total                  |                |        0|   0|  0|  54|    0|
    +-----------------------+----------------+---------+----+---+----+-----+

    * DSP: 
    N/A

    * Memory: 
    N/A

    * FIFO: 
    N/A

    * Expression: 
    +----------------------+----------+----+---+----+------------+------------+
    |     Variable Name    | Operation| DSP| FF| LUT| Bitwidth P0| Bitwidth P1|
    +----------------------+----------+----+---+----+------------+------------+
    |add_ln484_fu_167_p2   |         +|   0|  0|  12|           4|           1|
    |icmp_ln484_fu_161_p2  |      icmp|   0|  0|   9|           4|           4|
    |ap_enable_pp0         |       xor|   0|  0|   2|           1|           2|
    +----------------------+----------+----+---+----+------------+------------+
    |Total                 |          |   0|  0|  23|           9|           7|
    +----------------------+----------+----+---+----+------------+------------+

    * Multiplexer: 
    +----------------------------------+----+-----------+-----+-----------+
    |               Name               | LUT| Input Size| Bits| Total Bits|
    +----------------------------------+----+-----------+-----+-----------+
    |ap_NS_fsm                         |  26|          5|    1|          5|
    |ap_done_int                       |   9|          2|    1|          2|
    |ap_enable_reg_pp0_iter0           |   9|          2|    1|          2|
    |ap_enable_reg_pp0_iter1           |   9|          2|    1|          2|
    |ap_enable_reg_pp0_iter3           |   9|          2|    1|          2|
    |ap_loop_exit_ready_pp0_iter1_reg  |   9|          2|    1|          2|
    |ap_loop_exit_ready_pp0_iter2_reg  |   9|          2|    1|          2|
    |ap_sig_allocacmp_kernel           |   9|          2|    4|          8|
    |grp_fu_139_opcode                 |  14|          3|    2|          6|
    |grp_fu_139_p0                     |  14|          3|   32|         96|
    |grp_fu_139_p1                     |  14|          3|   32|         96|
    |kernel_1_fu_62                    |   9|          2|    4|          8|
    |softmax_sum_fu_58                 |   9|          2|   32|         64|
    +----------------------------------+----+-----------+-----+-----------+
    |Total                             | 149|         32|  113|        295|
    +----------------------------------+----+-----------+-----+-----------+

    * Register: 
    +----------------------------------+----+----+-----+-----------+
    |               Name               | FF | LUT| Bits| Const Bits|
    +----------------------------------+----+----+-----+-----------+
    |ap_CS_fsm                         |   4|   0|    4|          0|
    |ap_done_reg                       |   1|   0|    1|          0|
    |ap_enable_reg_pp0_iter0_reg       |   1|   0|    1|          0|
    |ap_enable_reg_pp0_iter1           |   1|   0|    1|          0|
    |ap_enable_reg_pp0_iter2           |   1|   0|    1|          0|
    |ap_enable_reg_pp0_iter3           |   1|   0|    1|          0|
    |ap_loop_exit_ready_pp0_iter1_reg  |   1|   0|    1|          0|
    |ap_loop_exit_ready_pp0_iter2_reg  |   1|   0|    1|          0|
    |icmp_ln484_reg_236                |   1|   0|    1|          0|
    |kernel_1_fu_62                    |   4|   0|    4|          0|
    |p_x_assign_reg_245                |  32|   0|   32|          0|
    |softmax_sum_1_reg_260             |  32|   0|   32|          0|
    |softmax_sum_fu_58                 |  32|   0|   32|          0|
    |tmp_4_reg_250                     |  32|   0|   32|          0|
    |tmp_s_reg_240                     |  32|   0|   32|          0|
    |icmp_ln484_reg_236                |  64|  32|    1|          0|
    +----------------------------------+----+----+-----+-----------+
    |Total                             | 240|  32|  177|          0|
    +----------------------------------+----+----+-----+-----------+



================================================================
== Interface
================================================================
* Summary: 
+------------------------+-----+-----+------------+------------------------------------------+--------------+
|        RTL Ports       | Dir | Bits|  Protocol  |               Source Object              |    C Type    |
+------------------------+-----+-----+------------+------------------------------------------+--------------+
|ap_clk                  |   in|    1|  ap_ctrl_hs|  softmax<10u, 128u>_Pipeline_calc_exp_sum|  return value|
|ap_rst                  |   in|    1|  ap_ctrl_hs|  softmax<10u, 128u>_Pipeline_calc_exp_sum|  return value|
|ap_start                |   in|    1|  ap_ctrl_hs|  softmax<10u, 128u>_Pipeline_calc_exp_sum|  return value|
|ap_done                 |  out|    1|  ap_ctrl_hs|  softmax<10u, 128u>_Pipeline_calc_exp_sum|  return value|
|ap_idle                 |  out|    1|  ap_ctrl_hs|  softmax<10u, 128u>_Pipeline_calc_exp_sum|  return value|
|ap_ready                |  out|    1|  ap_ctrl_hs|  softmax<10u, 128u>_Pipeline_calc_exp_sum|  return value|
|grp_fu_203_p_din0       |  out|   32|  ap_ctrl_hs|  softmax<10u, 128u>_Pipeline_calc_exp_sum|  return value|
|grp_fu_203_p_din1       |  out|   32|  ap_ctrl_hs|  softmax<10u, 128u>_Pipeline_calc_exp_sum|  return value|
|grp_fu_203_p_opcode     |  out|    2|  ap_ctrl_hs|  softmax<10u, 128u>_Pipeline_calc_exp_sum|  return value|
|grp_fu_203_p_dout0      |   in|   32|  ap_ctrl_hs|  softmax<10u, 128u>_Pipeline_calc_exp_sum|  return value|
|grp_fu_203_p_ce         |  out|    1|  ap_ctrl_hs|  softmax<10u, 128u>_Pipeline_calc_exp_sum|  return value|
|grp_fu_631_p_din0       |  out|   32|  ap_ctrl_hs|  softmax<10u, 128u>_Pipeline_calc_exp_sum|  return value|
|grp_fu_631_p_din1       |  out|   32|  ap_ctrl_hs|  softmax<10u, 128u>_Pipeline_calc_exp_sum|  return value|
|grp_fu_631_p_dout0      |   in|   32|  ap_ctrl_hs|  softmax<10u, 128u>_Pipeline_calc_exp_sum|  return value|
|grp_fu_631_p_ce         |  out|    1|  ap_ctrl_hs|  softmax<10u, 128u>_Pipeline_calc_exp_sum|  return value|
|add1827_reload          |   in|   32|     ap_none|                            add1827_reload|        scalar|
|add18_129_reload        |   in|   32|     ap_none|                          add18_129_reload|        scalar|
|add18_231_reload        |   in|   32|     ap_none|                          add18_231_reload|        scalar|
|add18_333_reload        |   in|   32|     ap_none|                          add18_333_reload|        scalar|
|add18_435_reload        |   in|   32|     ap_none|                          add18_435_reload|        scalar|
|add18_537_reload        |   in|   32|     ap_none|                          add18_537_reload|        scalar|
|add18_639_reload        |   in|   32|     ap_none|                          add18_639_reload|        scalar|
|add18_741_reload        |   in|   32|     ap_none|                          add18_741_reload|        scalar|
|add18_843_reload        |   in|   32|     ap_none|                          add18_843_reload|        scalar|
|add18_945_reload        |   in|   32|     ap_none|                          add18_945_reload|        scalar|
|select_ln478_9          |   in|   32|     ap_none|                            select_ln478_9|        scalar|
|softmax_sum_out         |  out|   32|      ap_vld|                           softmax_sum_out|       pointer|
|softmax_sum_out_ap_vld  |  out|    1|      ap_vld|                           softmax_sum_out|       pointer|
+------------------------+-----+-----+------------+------------------------------------------+--------------+

