

================================================================
== Vitis HLS Report for 'write_gmem_Pipeline_VITIS_LOOP_533_6'
================================================================
* Date:           Tue Oct 18 21:21:23 2022

* Version:        2022.1 (Build 3526262 on Mon Apr 18 15:47:01 MDT 2022)
* Project:        forward_prop
* Solution:       solution1 (Vitis Kernel Flow Target)
* Product family: virtexuplus
* Target device:  xcvu5p-flva2104-1-e


================================================================
== Performance Estimates
================================================================
+ Timing: 
    * Summary: 
    +--------+----------+----------+------------+
    |  Clock |  Target  | Estimated| Uncertainty|
    +--------+----------+----------+------------+
    |ap_clk  |  10.00 ns|  7.300 ns|     2.70 ns|
    +--------+----------+----------+------------+

+ Latency: 
    * Summary: 
    +---------+---------+----------+----------+-----+-----+---------+
    |  Latency (cycles) |  Latency (absolute) |  Interval | Pipeline|
    |   min   |   max   |    min   |    max   | min | max |   Type  |
    +---------+---------+----------+----------+-----+-----+---------+
    |       81|       81|  0.810 us|  0.810 us|   81|   81|       no|
    +---------+---------+----------+----------+-----+-----+---------+

    + Detail: 
        * Instance: 
        N/A

        * Loop: 
        +--------------------+---------+---------+----------+-----------+-----------+------+----------+
        |                    |  Latency (cycles) | Iteration|  Initiation Interval  | Trip |          |
        |      Loop Name     |   min   |   max   |  Latency |  achieved |   target  | Count| Pipelined|
        +--------------------+---------+---------+----------+-----------+-----------+------+----------+
        |- VITIS_LOOP_533_6  |       79|       79|        71|          1|          1|    10|       yes|
        +--------------------+---------+---------+----------+-----------+-----------+------+----------+



================================================================
== Utilization Estimates
================================================================
* Summary: 
+---------------------+---------+------+---------+--------+-----+
|         Name        | BRAM_18K|  DSP |    FF   |   LUT  | URAM|
+---------------------+---------+------+---------+--------+-----+
|DSP                  |        -|     -|        -|       -|    -|
|Expression           |        -|     -|        0|    2502|    -|
|FIFO                 |        -|     -|        -|       -|    -|
|Instance             |        -|     -|        -|       -|    -|
|Memory               |        -|     -|        -|       -|    -|
|Multiplexer          |        -|     -|        -|      81|    -|
|Register             |        -|     -|      882|      32|    -|
+---------------------+---------+------+---------+--------+-----+
|Total                |        0|     0|      882|    2615|    0|
+---------------------+---------+------+---------+--------+-----+
|Available SLR        |     1024|  1737|   600577|  300288|  235|
+---------------------+---------+------+---------+--------+-----+
|Utilization SLR (%)  |        0|     0|       ~0|      ~0|    0|
+---------------------+---------+------+---------+--------+-----+
|Available            |     2048|  3474|  1201154|  600577|  470|
+---------------------+---------+------+---------+--------+-----+
|Utilization (%)      |        0|     0|       ~0|      ~0|    0|
+---------------------+---------+------+---------+--------+-----+

+ Detail: 
    * Instance: 
    N/A

    * DSP: 
    N/A

    * Memory: 
    N/A

    * FIFO: 
    N/A

    * Expression: 
    +------------------------------------+----------+----+---+------+------------+------------+
    |            Variable Name           | Operation| DSP| FF|  LUT | Bitwidth P0| Bitwidth P1|
    +------------------------------------+----------+----+---+------+------------+------------+
    |add_ln533_fu_140_p2                 |         +|   0|  0|    12|           4|           1|
    |add_ln534_1_fu_178_p2               |         +|   0|  0|    13|           6|           6|
    |add_ln534_fu_172_p2                 |         +|   0|  0|    71|          64|          64|
    |ap_block_state2_io                  |       and|   0|  0|     2|           1|           1|
    |ap_block_state3_io                  |       and|   0|  0|     2|           1|           1|
    |ap_block_state71_pp0_stage0_iter70  |       and|   0|  0|     2|           1|           1|
    |icmp_ln533_fu_134_p2                |      icmp|   0|  0|     9|           4|           4|
    |ap_block_pp0_stage0_01001           |        or|   0|  0|     2|           1|           1|
    |ap_block_pp0_stage0_11001           |        or|   0|  0|     2|           1|           1|
    |select_ln533_fu_250_p3              |    select|   0|  0|    32|           1|           1|
    |shl_ln534_1_fu_234_p2               |       shl|   0|  0|  2171|         512|         512|
    |shl_ln534_fu_217_p2                 |       shl|   0|  0|   182|           8|          64|
    |ap_enable_pp0                       |       xor|   0|  0|     2|           1|           2|
    +------------------------------------+----------+----+---+------+------------+------------+
    |Total                               |          |   0|  0|  2502|         605|         659|
    +------------------------------------+----------+----+---+------+------------+------------+

    * Multiplexer: 
    +----------------------------+----+-----------+-----+-----------+
    |            Name            | LUT| Input Size| Bits| Total Bits|
    +----------------------------+----+-----------+-----+-----------+
    |ap_done_int                 |   9|          2|    1|          2|
    |ap_enable_reg_pp0_iter1     |   9|          2|    1|          2|
    |ap_sig_allocacmp_i          |   9|          2|    4|          8|
    |gmem_blk_n_AW               |   9|          2|    1|          2|
    |gmem_blk_n_B                |   9|          2|    1|          2|
    |gmem_blk_n_W                |   9|          2|    1|          2|
    |i_5_fu_84                   |   9|          2|    4|          8|
    |phi_ln534_fu_80             |   9|          2|   32|         64|
    |softmax_f_map_out135_blk_n  |   9|          2|    1|          2|
    +----------------------------+----+-----------+-----+-----------+
    |Total                       |  81|         18|   46|         92|
    +----------------------------+----+-----------+-----+-----------+

    * Register: 
    +-----------------------------------+-----+----+-----+-----------+
    |                Name               |  FF | LUT| Bits| Const Bits|
    +-----------------------------------+-----+----+-----+-----------+
    |add_ln534_1_reg_285                |    6|   0|    6|          0|
    |ap_CS_fsm                          |    1|   0|    1|          0|
    |ap_done_reg                        |    1|   0|    1|          0|
    |ap_enable_reg_pp0_iter1            |    1|   0|    1|          0|
    |ap_enable_reg_pp0_iter10           |    1|   0|    1|          0|
    |ap_enable_reg_pp0_iter11           |    1|   0|    1|          0|
    |ap_enable_reg_pp0_iter12           |    1|   0|    1|          0|
    |ap_enable_reg_pp0_iter13           |    1|   0|    1|          0|
    |ap_enable_reg_pp0_iter14           |    1|   0|    1|          0|
    |ap_enable_reg_pp0_iter15           |    1|   0|    1|          0|
    |ap_enable_reg_pp0_iter16           |    1|   0|    1|          0|
    |ap_enable_reg_pp0_iter17           |    1|   0|    1|          0|
    |ap_enable_reg_pp0_iter18           |    1|   0|    1|          0|
    |ap_enable_reg_pp0_iter19           |    1|   0|    1|          0|
    |ap_enable_reg_pp0_iter2            |    1|   0|    1|          0|
    |ap_enable_reg_pp0_iter20           |    1|   0|    1|          0|
    |ap_enable_reg_pp0_iter21           |    1|   0|    1|          0|
    |ap_enable_reg_pp0_iter22           |    1|   0|    1|          0|
    |ap_enable_reg_pp0_iter23           |    1|   0|    1|          0|
    |ap_enable_reg_pp0_iter24           |    1|   0|    1|          0|
    |ap_enable_reg_pp0_iter25           |    1|   0|    1|          0|
    |ap_enable_reg_pp0_iter26           |    1|   0|    1|          0|
    |ap_enable_reg_pp0_iter27           |    1|   0|    1|          0|
    |ap_enable_reg_pp0_iter28           |    1|   0|    1|          0|
    |ap_enable_reg_pp0_iter29           |    1|   0|    1|          0|
    |ap_enable_reg_pp0_iter3            |    1|   0|    1|          0|
    |ap_enable_reg_pp0_iter30           |    1|   0|    1|          0|
    |ap_enable_reg_pp0_iter31           |    1|   0|    1|          0|
    |ap_enable_reg_pp0_iter32           |    1|   0|    1|          0|
    |ap_enable_reg_pp0_iter33           |    1|   0|    1|          0|
    |ap_enable_reg_pp0_iter34           |    1|   0|    1|          0|
    |ap_enable_reg_pp0_iter35           |    1|   0|    1|          0|
    |ap_enable_reg_pp0_iter36           |    1|   0|    1|          0|
    |ap_enable_reg_pp0_iter37           |    1|   0|    1|          0|
    |ap_enable_reg_pp0_iter38           |    1|   0|    1|          0|
    |ap_enable_reg_pp0_iter39           |    1|   0|    1|          0|
    |ap_enable_reg_pp0_iter4            |    1|   0|    1|          0|
    |ap_enable_reg_pp0_iter40           |    1|   0|    1|          0|
    |ap_enable_reg_pp0_iter41           |    1|   0|    1|          0|
    |ap_enable_reg_pp0_iter42           |    1|   0|    1|          0|
    |ap_enable_reg_pp0_iter43           |    1|   0|    1|          0|
    |ap_enable_reg_pp0_iter44           |    1|   0|    1|          0|
    |ap_enable_reg_pp0_iter45           |    1|   0|    1|          0|
    |ap_enable_reg_pp0_iter46           |    1|   0|    1|          0|
    |ap_enable_reg_pp0_iter47           |    1|   0|    1|          0|
    |ap_enable_reg_pp0_iter48           |    1|   0|    1|          0|
    |ap_enable_reg_pp0_iter49           |    1|   0|    1|          0|
    |ap_enable_reg_pp0_iter5            |    1|   0|    1|          0|
    |ap_enable_reg_pp0_iter50           |    1|   0|    1|          0|
    |ap_enable_reg_pp0_iter51           |    1|   0|    1|          0|
    |ap_enable_reg_pp0_iter52           |    1|   0|    1|          0|
    |ap_enable_reg_pp0_iter53           |    1|   0|    1|          0|
    |ap_enable_reg_pp0_iter54           |    1|   0|    1|          0|
    |ap_enable_reg_pp0_iter55           |    1|   0|    1|          0|
    |ap_enable_reg_pp0_iter56           |    1|   0|    1|          0|
    |ap_enable_reg_pp0_iter57           |    1|   0|    1|          0|
    |ap_enable_reg_pp0_iter58           |    1|   0|    1|          0|
    |ap_enable_reg_pp0_iter59           |    1|   0|    1|          0|
    |ap_enable_reg_pp0_iter6            |    1|   0|    1|          0|
    |ap_enable_reg_pp0_iter60           |    1|   0|    1|          0|
    |ap_enable_reg_pp0_iter61           |    1|   0|    1|          0|
    |ap_enable_reg_pp0_iter62           |    1|   0|    1|          0|
    |ap_enable_reg_pp0_iter63           |    1|   0|    1|          0|
    |ap_enable_reg_pp0_iter64           |    1|   0|    1|          0|
    |ap_enable_reg_pp0_iter65           |    1|   0|    1|          0|
    |ap_enable_reg_pp0_iter66           |    1|   0|    1|          0|
    |ap_enable_reg_pp0_iter67           |    1|   0|    1|          0|
    |ap_enable_reg_pp0_iter68           |    1|   0|    1|          0|
    |ap_enable_reg_pp0_iter69           |    1|   0|    1|          0|
    |ap_enable_reg_pp0_iter7            |    1|   0|    1|          0|
    |ap_enable_reg_pp0_iter70           |    1|   0|    1|          0|
    |ap_enable_reg_pp0_iter8            |    1|   0|    1|          0|
    |ap_enable_reg_pp0_iter9            |    1|   0|    1|          0|
    |ap_loop_exit_ready_pp0_iter10_reg  |    1|   0|    1|          0|
    |ap_loop_exit_ready_pp0_iter11_reg  |    1|   0|    1|          0|
    |ap_loop_exit_ready_pp0_iter12_reg  |    1|   0|    1|          0|
    |ap_loop_exit_ready_pp0_iter13_reg  |    1|   0|    1|          0|
    |ap_loop_exit_ready_pp0_iter14_reg  |    1|   0|    1|          0|
    |ap_loop_exit_ready_pp0_iter15_reg  |    1|   0|    1|          0|
    |ap_loop_exit_ready_pp0_iter16_reg  |    1|   0|    1|          0|
    |ap_loop_exit_ready_pp0_iter17_reg  |    1|   0|    1|          0|
    |ap_loop_exit_ready_pp0_iter18_reg  |    1|   0|    1|          0|
    |ap_loop_exit_ready_pp0_iter19_reg  |    1|   0|    1|          0|
    |ap_loop_exit_ready_pp0_iter1_reg   |    1|   0|    1|          0|
    |ap_loop_exit_ready_pp0_iter20_reg  |    1|   0|    1|          0|
    |ap_loop_exit_ready_pp0_iter21_reg  |    1|   0|    1|          0|
    |ap_loop_exit_ready_pp0_iter22_reg  |    1|   0|    1|          0|
    |ap_loop_exit_ready_pp0_iter23_reg  |    1|   0|    1|          0|
    |ap_loop_exit_ready_pp0_iter24_reg  |    1|   0|    1|          0|
    |ap_loop_exit_ready_pp0_iter25_reg  |    1|   0|    1|          0|
    |ap_loop_exit_ready_pp0_iter26_reg  |    1|   0|    1|          0|
    |ap_loop_exit_ready_pp0_iter27_reg  |    1|   0|    1|          0|
    |ap_loop_exit_ready_pp0_iter28_reg  |    1|   0|    1|          0|
    |ap_loop_exit_ready_pp0_iter29_reg  |    1|   0|    1|          0|
    |ap_loop_exit_ready_pp0_iter2_reg   |    1|   0|    1|          0|
    |ap_loop_exit_ready_pp0_iter30_reg  |    1|   0|    1|          0|
    |ap_loop_exit_ready_pp0_iter31_reg  |    1|   0|    1|          0|
    |ap_loop_exit_ready_pp0_iter32_reg  |    1|   0|    1|          0|
    |ap_loop_exit_ready_pp0_iter33_reg  |    1|   0|    1|          0|
    |ap_loop_exit_ready_pp0_iter34_reg  |    1|   0|    1|          0|
    |ap_loop_exit_ready_pp0_iter35_reg  |    1|   0|    1|          0|
    |ap_loop_exit_ready_pp0_iter36_reg  |    1|   0|    1|          0|
    |ap_loop_exit_ready_pp0_iter37_reg  |    1|   0|    1|          0|
    |ap_loop_exit_ready_pp0_iter38_reg  |    1|   0|    1|          0|
    |ap_loop_exit_ready_pp0_iter39_reg  |    1|   0|    1|          0|
    |ap_loop_exit_ready_pp0_iter3_reg   |    1|   0|    1|          0|
    |ap_loop_exit_ready_pp0_iter40_reg  |    1|   0|    1|          0|
    |ap_loop_exit_ready_pp0_iter41_reg  |    1|   0|    1|          0|
    |ap_loop_exit_ready_pp0_iter42_reg  |    1|   0|    1|          0|
    |ap_loop_exit_ready_pp0_iter43_reg  |    1|   0|    1|          0|
    |ap_loop_exit_ready_pp0_iter44_reg  |    1|   0|    1|          0|
    |ap_loop_exit_ready_pp0_iter45_reg  |    1|   0|    1|          0|
    |ap_loop_exit_ready_pp0_iter46_reg  |    1|   0|    1|          0|
    |ap_loop_exit_ready_pp0_iter47_reg  |    1|   0|    1|          0|
    |ap_loop_exit_ready_pp0_iter48_reg  |    1|   0|    1|          0|
    |ap_loop_exit_ready_pp0_iter49_reg  |    1|   0|    1|          0|
    |ap_loop_exit_ready_pp0_iter4_reg   |    1|   0|    1|          0|
    |ap_loop_exit_ready_pp0_iter50_reg  |    1|   0|    1|          0|
    |ap_loop_exit_ready_pp0_iter51_reg  |    1|   0|    1|          0|
    |ap_loop_exit_ready_pp0_iter52_reg  |    1|   0|    1|          0|
    |ap_loop_exit_ready_pp0_iter53_reg  |    1|   0|    1|          0|
    |ap_loop_exit_ready_pp0_iter54_reg  |    1|   0|    1|          0|
    |ap_loop_exit_ready_pp0_iter55_reg  |    1|   0|    1|          0|
    |ap_loop_exit_ready_pp0_iter56_reg  |    1|   0|    1|          0|
    |ap_loop_exit_ready_pp0_iter57_reg  |    1|   0|    1|          0|
    |ap_loop_exit_ready_pp0_iter58_reg  |    1|   0|    1|          0|
    |ap_loop_exit_ready_pp0_iter59_reg  |    1|   0|    1|          0|
    |ap_loop_exit_ready_pp0_iter5_reg   |    1|   0|    1|          0|
    |ap_loop_exit_ready_pp0_iter60_reg  |    1|   0|    1|          0|
    |ap_loop_exit_ready_pp0_iter61_reg  |    1|   0|    1|          0|
    |ap_loop_exit_ready_pp0_iter62_reg  |    1|   0|    1|          0|
    |ap_loop_exit_ready_pp0_iter63_reg  |    1|   0|    1|          0|
    |ap_loop_exit_ready_pp0_iter64_reg  |    1|   0|    1|          0|
    |ap_loop_exit_ready_pp0_iter65_reg  |    1|   0|    1|          0|
    |ap_loop_exit_ready_pp0_iter66_reg  |    1|   0|    1|          0|
    |ap_loop_exit_ready_pp0_iter67_reg  |    1|   0|    1|          0|
    |ap_loop_exit_ready_pp0_iter68_reg  |    1|   0|    1|          0|
    |ap_loop_exit_ready_pp0_iter69_reg  |    1|   0|    1|          0|
    |ap_loop_exit_ready_pp0_iter6_reg   |    1|   0|    1|          0|
    |ap_loop_exit_ready_pp0_iter7_reg   |    1|   0|    1|          0|
    |ap_loop_exit_ready_pp0_iter8_reg   |    1|   0|    1|          0|
    |ap_loop_exit_ready_pp0_iter9_reg   |    1|   0|    1|          0|
    |empty_86_reg_280                   |    1|   0|    1|          0|
    |i_5_fu_84                          |    4|   0|    4|          0|
    |phi_ln534_fu_80                    |   32|   0|   32|          0|
    |shl_ln534_1_reg_301                |  512|   0|  512|          0|
    |shl_ln534_reg_296                  |   64|   0|   64|          0|
    |trunc_ln5_reg_291                  |   58|   0|   58|          0|
    |empty_86_reg_280                   |   64|  32|    1|          0|
    +-----------------------------------+-----+----+-----+-----------+
    |Total                              |  882|  32|  819|          0|
    +-----------------------------------+-----+----+-----+-----------+



================================================================
== Interface
================================================================
* Summary: 
+-------------------------------------+-----+-----+------------+--------------------------------------+--------------+
|              RTL Ports              | Dir | Bits|  Protocol  |             Source Object            |    C Type    |
+-------------------------------------+-----+-----+------------+--------------------------------------+--------------+
|ap_clk                               |   in|    1|  ap_ctrl_hs|  write_gmem_Pipeline_VITIS_LOOP_533_6|  return value|
|ap_rst                               |   in|    1|  ap_ctrl_hs|  write_gmem_Pipeline_VITIS_LOOP_533_6|  return value|
|ap_start                             |   in|    1|  ap_ctrl_hs|  write_gmem_Pipeline_VITIS_LOOP_533_6|  return value|
|ap_done                              |  out|    1|  ap_ctrl_hs|  write_gmem_Pipeline_VITIS_LOOP_533_6|  return value|
|ap_idle                              |  out|    1|  ap_ctrl_hs|  write_gmem_Pipeline_VITIS_LOOP_533_6|  return value|
|ap_ready                             |  out|    1|  ap_ctrl_hs|  write_gmem_Pipeline_VITIS_LOOP_533_6|  return value|
|softmax_f_map_out135_dout            |   in|   32|     ap_fifo|                  softmax_f_map_out135|       pointer|
|softmax_f_map_out135_num_data_valid  |   in|    5|     ap_fifo|                  softmax_f_map_out135|       pointer|
|softmax_f_map_out135_fifo_cap        |   in|    5|     ap_fifo|                  softmax_f_map_out135|       pointer|
|softmax_f_map_out135_empty_n         |   in|    1|     ap_fifo|                  softmax_f_map_out135|       pointer|
|softmax_f_map_out135_read            |  out|    1|     ap_fifo|                  softmax_f_map_out135|       pointer|
|m_axi_gmem_AWVALID                   |  out|    1|       m_axi|                                  gmem|       pointer|
|m_axi_gmem_AWREADY                   |   in|    1|       m_axi|                                  gmem|       pointer|
|m_axi_gmem_AWADDR                    |  out|   64|       m_axi|                                  gmem|       pointer|
|m_axi_gmem_AWID                      |  out|    1|       m_axi|                                  gmem|       pointer|
|m_axi_gmem_AWLEN                     |  out|   32|       m_axi|                                  gmem|       pointer|
|m_axi_gmem_AWSIZE                    |  out|    3|       m_axi|                                  gmem|       pointer|
|m_axi_gmem_AWBURST                   |  out|    2|       m_axi|                                  gmem|       pointer|
|m_axi_gmem_AWLOCK                    |  out|    2|       m_axi|                                  gmem|       pointer|
|m_axi_gmem_AWCACHE                   |  out|    4|       m_axi|                                  gmem|       pointer|
|m_axi_gmem_AWPROT                    |  out|    3|       m_axi|                                  gmem|       pointer|
|m_axi_gmem_AWQOS                     |  out|    4|       m_axi|                                  gmem|       pointer|
|m_axi_gmem_AWREGION                  |  out|    4|       m_axi|                                  gmem|       pointer|
|m_axi_gmem_AWUSER                    |  out|    1|       m_axi|                                  gmem|       pointer|
|m_axi_gmem_WVALID                    |  out|    1|       m_axi|                                  gmem|       pointer|
|m_axi_gmem_WREADY                    |   in|    1|       m_axi|                                  gmem|       pointer|
|m_axi_gmem_WDATA                     |  out|  512|       m_axi|                                  gmem|       pointer|
|m_axi_gmem_WSTRB                     |  out|   64|       m_axi|                                  gmem|       pointer|
|m_axi_gmem_WLAST                     |  out|    1|       m_axi|                                  gmem|       pointer|
|m_axi_gmem_WID                       |  out|    1|       m_axi|                                  gmem|       pointer|
|m_axi_gmem_WUSER                     |  out|    1|       m_axi|                                  gmem|       pointer|
|m_axi_gmem_ARVALID                   |  out|    1|       m_axi|                                  gmem|       pointer|
|m_axi_gmem_ARREADY                   |   in|    1|       m_axi|                                  gmem|       pointer|
|m_axi_gmem_ARADDR                    |  out|   64|       m_axi|                                  gmem|       pointer|
|m_axi_gmem_ARID                      |  out|    1|       m_axi|                                  gmem|       pointer|
|m_axi_gmem_ARLEN                     |  out|   32|       m_axi|                                  gmem|       pointer|
|m_axi_gmem_ARSIZE                    |  out|    3|       m_axi|                                  gmem|       pointer|
|m_axi_gmem_ARBURST                   |  out|    2|       m_axi|                                  gmem|       pointer|
|m_axi_gmem_ARLOCK                    |  out|    2|       m_axi|                                  gmem|       pointer|
|m_axi_gmem_ARCACHE                   |  out|    4|       m_axi|                                  gmem|       pointer|
|m_axi_gmem_ARPROT                    |  out|    3|       m_axi|                                  gmem|       pointer|
|m_axi_gmem_ARQOS                     |  out|    4|       m_axi|                                  gmem|       pointer|
|m_axi_gmem_ARREGION                  |  out|    4|       m_axi|                                  gmem|       pointer|
|m_axi_gmem_ARUSER                    |  out|    1|       m_axi|                                  gmem|       pointer|
|m_axi_gmem_RVALID                    |   in|    1|       m_axi|                                  gmem|       pointer|
|m_axi_gmem_RREADY                    |  out|    1|       m_axi|                                  gmem|       pointer|
|m_axi_gmem_RDATA                     |   in|  512|       m_axi|                                  gmem|       pointer|
|m_axi_gmem_RLAST                     |   in|    1|       m_axi|                                  gmem|       pointer|
|m_axi_gmem_RID                       |   in|    1|       m_axi|                                  gmem|       pointer|
|m_axi_gmem_RFIFONUM                  |   in|    9|       m_axi|                                  gmem|       pointer|
|m_axi_gmem_RUSER                     |   in|    1|       m_axi|                                  gmem|       pointer|
|m_axi_gmem_RRESP                     |   in|    2|       m_axi|                                  gmem|       pointer|
|m_axi_gmem_BVALID                    |   in|    1|       m_axi|                                  gmem|       pointer|
|m_axi_gmem_BREADY                    |  out|    1|       m_axi|                                  gmem|       pointer|
|m_axi_gmem_BRESP                     |   in|    2|       m_axi|                                  gmem|       pointer|
|m_axi_gmem_BID                       |   in|    1|       m_axi|                                  gmem|       pointer|
|m_axi_gmem_BUSER                     |   in|    1|       m_axi|                                  gmem|       pointer|
|gmem_softmax_feature_map_load        |   in|   64|     ap_none|         gmem_softmax_feature_map_load|        scalar|
|trunc_ln534_1                        |   in|    6|     ap_none|                         trunc_ln534_1|        scalar|
+-------------------------------------+-----+-----+------------+--------------------------------------+--------------+

