

================================================================
== Vitis HLS Report for 'write_gmem_Pipeline_VITIS_LOOP_537_7'
================================================================
* Date:           Tue Oct 18 21:21:24 2022

* Version:        2022.1 (Build 3526262 on Mon Apr 18 15:47:01 MDT 2022)
* Project:        forward_prop
* Solution:       solution1 (Vitis Kernel Flow Target)
* Product family: virtexuplus
* Target device:  xcvu5p-flva2104-1-e


================================================================
== Performance Estimates
================================================================
+ Timing: 
    * Summary: 
    +--------+----------+----------+------------+
    |  Clock |  Target  | Estimated| Uncertainty|
    +--------+----------+----------+------------+
    |ap_clk  |  10.00 ns|  1.726 ns|     2.70 ns|
    +--------+----------+----------+------------+

+ Latency: 
    * Summary: 
    +---------+---------+----------+----------+-------+-------+---------+
    |  Latency (cycles) |  Latency (absolute) |    Interval   | Pipeline|
    |   min   |   max   |    min   |    max   |  min  |  max  |   Type  |
    +---------+---------+----------+----------+-------+-------+---------+
    |    25090|    25090|  0.251 ms|  0.251 ms|  25090|  25090|       no|
    +---------+---------+----------+----------+-------+-------+---------+

    + Detail: 
        * Instance: 
        N/A

        * Loop: 
        +--------------------+---------+---------+----------+-----------+-----------+-------+----------+
        |                    |  Latency (cycles) | Iteration|  Initiation Interval  |  Trip |          |
        |      Loop Name     |   min   |   max   |  Latency |  achieved |   target  | Count | Pipelined|
        +--------------------+---------+---------+----------+-----------+-----------+-------+----------+
        |- VITIS_LOOP_537_7  |    25088|    25088|         2|          1|          1|  25088|       yes|
        +--------------------+---------+---------+----------+-----------+-----------+-------+----------+



================================================================
== Utilization Estimates
================================================================
* Summary: 
+---------------------+---------+------+---------+--------+-----+
|         Name        | BRAM_18K|  DSP |    FF   |   LUT  | URAM|
+---------------------+---------+------+---------+--------+-----+
|DSP                  |        -|     -|        -|       -|    -|
|Expression           |        -|     -|        0|      38|    -|
|FIFO                 |        -|     -|        -|       -|    -|
|Instance             |        -|     -|        -|       -|    -|
|Memory               |        -|     -|        -|       -|    -|
|Multiplexer          |        -|     -|        -|      45|    -|
|Register             |        -|     -|       18|       -|    -|
+---------------------+---------+------+---------+--------+-----+
|Total                |        0|     0|       18|      83|    0|
+---------------------+---------+------+---------+--------+-----+
|Available SLR        |     1024|  1737|   600577|  300288|  235|
+---------------------+---------+------+---------+--------+-----+
|Utilization SLR (%)  |        0|     0|       ~0|      ~0|    0|
+---------------------+---------+------+---------+--------+-----+
|Available            |     2048|  3474|  1201154|  600577|  470|
+---------------------+---------+------+---------+--------+-----+
|Utilization (%)      |        0|     0|       ~0|      ~0|    0|
+---------------------+---------+------+---------+--------+-----+

+ Detail: 
    * Instance: 
    N/A

    * DSP: 
    N/A

    * Memory: 
    N/A

    * FIFO: 
    N/A

    * Expression: 
    +---------------------------+----------+----+---+----+------------+------------+
    |       Variable Name       | Operation| DSP| FF| LUT| Bitwidth P0| Bitwidth P1|
    +---------------------------+----------+----+---+----+------------+------------+
    |i_9_fu_58_p2               |         +|   0|  0|  22|          15|           1|
    |ap_block_pp0_stage0_11001  |       and|   0|  0|   2|           1|           1|
    |icmp_ln537_fu_52_p2        |      icmp|   0|  0|  12|          15|          14|
    |ap_enable_pp0              |       xor|   0|  0|   2|           1|           2|
    +---------------------------+----------+----+---+----+------------+------------+
    |Total                      |          |   0|  0|  38|          32|          18|
    +---------------------------+----------+----+---+----+------------+------------+

    * Multiplexer: 
    +---------------------------------------+----+-----------+-----+-----------+
    |                  Name                 | LUT| Input Size| Bits| Total Bits|
    +---------------------------------------+----+-----------+-----+-----------+
    |ap_done_int                            |   9|          2|    1|          2|
    |ap_enable_reg_pp0_iter1                |   9|          2|    1|          2|
    |ap_sig_allocacmp_i                     |   9|          2|   15|         30|
    |conv2d_32_activations_stream123_blk_n  |   9|          2|    1|          2|
    |i_6_fu_34                              |   9|          2|   15|         30|
    +---------------------------------------+----+-----------+-----+-----------+
    |Total                                  |  45|         10|   33|         66|
    +---------------------------------------+----+-----------+-----+-----------+

    * Register: 
    +-------------------------+----+----+-----+-----------+
    |           Name          | FF | LUT| Bits| Const Bits|
    +-------------------------+----+----+-----+-----------+
    |ap_CS_fsm                |   1|   0|    1|          0|
    |ap_done_reg              |   1|   0|    1|          0|
    |ap_enable_reg_pp0_iter1  |   1|   0|    1|          0|
    |i_6_fu_34                |  15|   0|   15|          0|
    +-------------------------+----+----+-----+-----------+
    |Total                    |  18|   0|   18|          0|
    +-------------------------+----+----+-----+-----------+



================================================================
== Interface
================================================================
* Summary: 
+------------------------------------------------+-----+-----+------------+--------------------------------------+--------------+
|                    RTL Ports                   | Dir | Bits|  Protocol  |             Source Object            |    C Type    |
+------------------------------------------------+-----+-----+------------+--------------------------------------+--------------+
|ap_clk                                          |   in|    1|  ap_ctrl_hs|  write_gmem_Pipeline_VITIS_LOOP_537_7|  return value|
|ap_rst                                          |   in|    1|  ap_ctrl_hs|  write_gmem_Pipeline_VITIS_LOOP_537_7|  return value|
|ap_start                                        |   in|    1|  ap_ctrl_hs|  write_gmem_Pipeline_VITIS_LOOP_537_7|  return value|
|ap_done                                         |  out|    1|  ap_ctrl_hs|  write_gmem_Pipeline_VITIS_LOOP_537_7|  return value|
|ap_idle                                         |  out|    1|  ap_ctrl_hs|  write_gmem_Pipeline_VITIS_LOOP_537_7|  return value|
|ap_ready                                        |  out|    1|  ap_ctrl_hs|  write_gmem_Pipeline_VITIS_LOOP_537_7|  return value|
|conv2d_32_activations_stream123_dout            |   in|    1|     ap_fifo|       conv2d_32_activations_stream123|       pointer|
|conv2d_32_activations_stream123_num_data_valid  |   in|   16|     ap_fifo|       conv2d_32_activations_stream123|       pointer|
|conv2d_32_activations_stream123_fifo_cap        |   in|   16|     ap_fifo|       conv2d_32_activations_stream123|       pointer|
|conv2d_32_activations_stream123_empty_n         |   in|    1|     ap_fifo|       conv2d_32_activations_stream123|       pointer|
|conv2d_32_activations_stream123_read            |  out|    1|     ap_fifo|       conv2d_32_activations_stream123|       pointer|
+------------------------------------------------+-----+-----+------------+--------------------------------------+--------------+

