

================================================================
== Vitis HLS Report for 'save_variables_locally_10u_128u_s'
================================================================
* Date:           Thu Oct 20 03:40:35 2022

* Version:        2022.1 (Build 3526262 on Mon Apr 18 15:47:01 MDT 2022)
* Project:        softmax_10_bp
* Solution:       solution1 (Vitis Kernel Flow Target)
* Product family: zynquplus
* Target device:  xczu9eg-ffvb1156-2-e


================================================================
== Performance Estimates
================================================================
+ Timing: 
    * Summary: 
    +--------+----------+----------+------------+
    |  Clock |  Target  | Estimated| Uncertainty|
    +--------+----------+----------+------------+
    |ap_clk  |  10.00 ns|  7.300 ns|     2.70 ns|
    +--------+----------+----------+------------+

+ Latency: 
    * Summary: 
    +---------+---------+-----------+-----------+------+------+---------+
    |  Latency (cycles) |   Latency (absolute)  |   Interval  | Pipeline|
    |   min   |   max   |    min    |    max    |  min |  max |   Type  |
    +---------+---------+-----------+-----------+------+------+---------+
    |     1439|     1439|  14.390 us|  14.390 us|  1439|  1439|       no|
    +---------+---------+-----------+-----------+------+------+---------+

    + Detail: 
        * Instance: 
        +-------------------------------------------------------------------+---------------------------------------------------------+---------+---------+-----------+-----------+------+------+---------+
        |                                                                   |                                                         |  Latency (cycles) |   Latency (absolute)  |   Interval  | Pipeline|
        |                              Instance                             |                          Module                         |   min   |   max   |    min    |    max    |  min |  max |   Type  |
        +-------------------------------------------------------------------+---------------------------------------------------------+---------+---------+-----------+-----------+------+------+---------+
        |grp_save_variables_locally_10u_128u_Pipeline_save_weights_L_fu_52  |save_variables_locally_10u_128u_Pipeline_save_weights_L  |     1353|     1353|  13.530 us|  13.530 us|  1353|  1353|       no|
        |grp_save_variables_locally_10u_128u_Pipeline_stream_input_fu_63    |save_variables_locally_10u_128u_Pipeline_stream_input    |       83|       83|   0.830 us|   0.830 us|    83|    83|       no|
        +-------------------------------------------------------------------+---------------------------------------------------------+---------+---------+-----------+-----------+------+------+---------+

        * Loop: 
        N/A



================================================================
== Utilization Estimates
================================================================
* Summary: 
+-----------------+---------+------+--------+--------+-----+
|       Name      | BRAM_18K|  DSP |   FF   |   LUT  | URAM|
+-----------------+---------+------+--------+--------+-----+
|DSP              |        -|     -|       -|       -|    -|
|Expression       |        -|     -|       0|       2|    -|
|FIFO             |        -|     -|       -|       -|    -|
|Instance         |        -|     -|    2123|    6584|    -|
|Memory           |        -|     -|       -|       -|    -|
|Multiplexer      |        -|     -|       -|     226|    -|
|Register         |        -|     -|      19|       -|    -|
+-----------------+---------+------+--------+--------+-----+
|Total            |        0|     0|    2142|    6812|    0|
+-----------------+---------+------+--------+--------+-----+
|Available        |     1824|  2520|  548160|  274080|    0|
+-----------------+---------+------+--------+--------+-----+
|Utilization (%)  |        0|     0|      ~0|       2|    0|
+-----------------+---------+------+--------+--------+-----+

+ Detail: 
    * Instance: 
    +-------------------------------------------------------------------+---------------------------------------------------------+---------+----+------+------+-----+
    |                              Instance                             |                          Module                         | BRAM_18K| DSP|  FF  |  LUT | URAM|
    +-------------------------------------------------------------------+---------------------------------------------------------+---------+----+------+------+-----+
    |grp_save_variables_locally_10u_128u_Pipeline_save_weights_L_fu_52  |save_variables_locally_10u_128u_Pipeline_save_weights_L  |        0|   0|  1172|  4112|    0|
    |grp_save_variables_locally_10u_128u_Pipeline_stream_input_fu_63    |save_variables_locally_10u_128u_Pipeline_stream_input    |        0|   0|   951|  2472|    0|
    +-------------------------------------------------------------------+---------------------------------------------------------+---------+----+------+------+-----+
    |Total                                                              |                                                         |        0|   0|  2123|  6584|    0|
    +-------------------------------------------------------------------+---------------------------------------------------------+---------+----+------+------+-----+

    * DSP: 
    N/A

    * Memory: 
    N/A

    * FIFO: 
    N/A

    * Expression: 
    +-----------------+----------+----+---+----+------------+------------+
    |  Variable Name  | Operation| DSP| FF| LUT| Bitwidth P0| Bitwidth P1|
    +-----------------+----------+----+---+----+------------+------------+
    |ap_block_state1  |        or|   0|  0|   2|           1|           1|
    +-----------------+----------+----+---+----+------------+------------+
    |Total            |          |   0|  0|   2|           1|           1|
    +-----------------+----------+----+---+----+------------+------------+

    * Multiplexer: 
    +------------------------------+----+-----------+-----+-----------+
    |             Name             | LUT| Input Size| Bits| Total Bits|
    +------------------------------+----+-----------+-----+-----------+
    |ap_NS_fsm                     |  26|          5|    1|          5|
    |ap_done                       |   9|          2|    1|          2|
    |m_axi_gmem_ARADDR             |  14|          3|   64|        192|
    |m_axi_gmem_ARBURST            |  14|          3|    2|          6|
    |m_axi_gmem_ARCACHE            |  14|          3|    4|         12|
    |m_axi_gmem_ARID               |  14|          3|    1|          3|
    |m_axi_gmem_ARLEN              |  14|          3|   32|         96|
    |m_axi_gmem_ARLOCK             |  14|          3|    2|          6|
    |m_axi_gmem_ARPROT             |  14|          3|    3|          9|
    |m_axi_gmem_ARQOS              |  14|          3|    4|         12|
    |m_axi_gmem_ARREGION           |  14|          3|    4|         12|
    |m_axi_gmem_ARSIZE             |  14|          3|    3|          9|
    |m_axi_gmem_ARUSER             |  14|          3|    1|          3|
    |m_axi_gmem_ARVALID            |  14|          3|    1|          3|
    |m_axi_gmem_RREADY             |  14|          3|    1|          3|
    |softmax_f_map_stream14_write  |   9|          2|    1|          2|
    +------------------------------+----+-----------+-----+-----------+
    |Total                         | 226|         48|  125|        375|
    +------------------------------+----+-----------+-----+-----------+

    * Register: 
    +--------------------------------------------------------------------------------+---+----+-----+-----------+
    |                                      Name                                      | FF| LUT| Bits| Const Bits|
    +--------------------------------------------------------------------------------+---+----+-----+-----------+
    |ap_CS_fsm                                                                       |  4|   0|    4|          0|
    |ap_done_reg                                                                     |  1|   0|    1|          0|
    |empty_reg_87                                                                    |  6|   0|    6|          0|
    |grp_save_variables_locally_10u_128u_Pipeline_save_weights_L_fu_52_ap_start_reg  |  1|   0|    1|          0|
    |grp_save_variables_locally_10u_128u_Pipeline_stream_input_fu_63_ap_start_reg    |  1|   0|    1|          0|
    |trunc_ln174_reg_97                                                              |  6|   0|    6|          0|
    +--------------------------------------------------------------------------------+---+----+-----+-----------+
    |Total                                                                           | 19|   0|   19|          0|
    +--------------------------------------------------------------------------------+---+----+-----+-----------+



================================================================
== Interface
================================================================
* Summary: 
+---------------------------------------+-----+-----+------------+-----------------------------------+--------------+
|               RTL Ports               | Dir | Bits|  Protocol  |           Source Object           |    C Type    |
+---------------------------------------+-----+-----+------------+-----------------------------------+--------------+
|ap_clk                                 |   in|    1|  ap_ctrl_hs|  save_variables_locally<10u, 128u>|  return value|
|ap_rst                                 |   in|    1|  ap_ctrl_hs|  save_variables_locally<10u, 128u>|  return value|
|ap_start                               |   in|    1|  ap_ctrl_hs|  save_variables_locally<10u, 128u>|  return value|
|ap_done                                |  out|    1|  ap_ctrl_hs|  save_variables_locally<10u, 128u>|  return value|
|ap_continue                            |   in|    1|  ap_ctrl_hs|  save_variables_locally<10u, 128u>|  return value|
|ap_idle                                |  out|    1|  ap_ctrl_hs|  save_variables_locally<10u, 128u>|  return value|
|ap_ready                               |  out|    1|  ap_ctrl_hs|  save_variables_locally<10u, 128u>|  return value|
|m_axi_gmem_AWVALID                     |  out|    1|       m_axi|                               gmem|       pointer|
|m_axi_gmem_AWREADY                     |   in|    1|       m_axi|                               gmem|       pointer|
|m_axi_gmem_AWADDR                      |  out|   64|       m_axi|                               gmem|       pointer|
|m_axi_gmem_AWID                        |  out|    1|       m_axi|                               gmem|       pointer|
|m_axi_gmem_AWLEN                       |  out|   32|       m_axi|                               gmem|       pointer|
|m_axi_gmem_AWSIZE                      |  out|    3|       m_axi|                               gmem|       pointer|
|m_axi_gmem_AWBURST                     |  out|    2|       m_axi|                               gmem|       pointer|
|m_axi_gmem_AWLOCK                      |  out|    2|       m_axi|                               gmem|       pointer|
|m_axi_gmem_AWCACHE                     |  out|    4|       m_axi|                               gmem|       pointer|
|m_axi_gmem_AWPROT                      |  out|    3|       m_axi|                               gmem|       pointer|
|m_axi_gmem_AWQOS                       |  out|    4|       m_axi|                               gmem|       pointer|
|m_axi_gmem_AWREGION                    |  out|    4|       m_axi|                               gmem|       pointer|
|m_axi_gmem_AWUSER                      |  out|    1|       m_axi|                               gmem|       pointer|
|m_axi_gmem_WVALID                      |  out|    1|       m_axi|                               gmem|       pointer|
|m_axi_gmem_WREADY                      |   in|    1|       m_axi|                               gmem|       pointer|
|m_axi_gmem_WDATA                       |  out|  512|       m_axi|                               gmem|       pointer|
|m_axi_gmem_WSTRB                       |  out|   64|       m_axi|                               gmem|       pointer|
|m_axi_gmem_WLAST                       |  out|    1|       m_axi|                               gmem|       pointer|
|m_axi_gmem_WID                         |  out|    1|       m_axi|                               gmem|       pointer|
|m_axi_gmem_WUSER                       |  out|    1|       m_axi|                               gmem|       pointer|
|m_axi_gmem_ARVALID                     |  out|    1|       m_axi|                               gmem|       pointer|
|m_axi_gmem_ARREADY                     |   in|    1|       m_axi|                               gmem|       pointer|
|m_axi_gmem_ARADDR                      |  out|   64|       m_axi|                               gmem|       pointer|
|m_axi_gmem_ARID                        |  out|    1|       m_axi|                               gmem|       pointer|
|m_axi_gmem_ARLEN                       |  out|   32|       m_axi|                               gmem|       pointer|
|m_axi_gmem_ARSIZE                      |  out|    3|       m_axi|                               gmem|       pointer|
|m_axi_gmem_ARBURST                     |  out|    2|       m_axi|                               gmem|       pointer|
|m_axi_gmem_ARLOCK                      |  out|    2|       m_axi|                               gmem|       pointer|
|m_axi_gmem_ARCACHE                     |  out|    4|       m_axi|                               gmem|       pointer|
|m_axi_gmem_ARPROT                      |  out|    3|       m_axi|                               gmem|       pointer|
|m_axi_gmem_ARQOS                       |  out|    4|       m_axi|                               gmem|       pointer|
|m_axi_gmem_ARREGION                    |  out|    4|       m_axi|                               gmem|       pointer|
|m_axi_gmem_ARUSER                      |  out|    1|       m_axi|                               gmem|       pointer|
|m_axi_gmem_RVALID                      |   in|    1|       m_axi|                               gmem|       pointer|
|m_axi_gmem_RREADY                      |  out|    1|       m_axi|                               gmem|       pointer|
|m_axi_gmem_RDATA                       |   in|  512|       m_axi|                               gmem|       pointer|
|m_axi_gmem_RLAST                       |   in|    1|       m_axi|                               gmem|       pointer|
|m_axi_gmem_RID                         |   in|    1|       m_axi|                               gmem|       pointer|
|m_axi_gmem_RFIFONUM                    |   in|    9|       m_axi|                               gmem|       pointer|
|m_axi_gmem_RUSER                       |   in|    1|       m_axi|                               gmem|       pointer|
|m_axi_gmem_RRESP                       |   in|    2|       m_axi|                               gmem|       pointer|
|m_axi_gmem_BVALID                      |   in|    1|       m_axi|                               gmem|       pointer|
|m_axi_gmem_BREADY                      |  out|    1|       m_axi|                               gmem|       pointer|
|m_axi_gmem_BRESP                       |   in|    2|       m_axi|                               gmem|       pointer|
|m_axi_gmem_BID                         |   in|    1|       m_axi|                               gmem|       pointer|
|m_axi_gmem_BUSER                       |   in|    1|       m_axi|                               gmem|       pointer|
|gmem_softmax_weights                   |   in|   64|     ap_none|               gmem_softmax_weights|        scalar|
|softmax_weights_address0               |  out|    7|   ap_memory|                    softmax_weights|         array|
|softmax_weights_ce0                    |  out|    1|   ap_memory|                    softmax_weights|         array|
|softmax_weights_we0                    |  out|   40|   ap_memory|                    softmax_weights|         array|
|softmax_weights_d0                     |  out|  320|   ap_memory|                    softmax_weights|         array|
|layer_output                           |   in|   64|     ap_none|                       layer_output|        scalar|
|softmax_f_map_stream14_din             |  out|   32|     ap_fifo|             softmax_f_map_stream14|       pointer|
|softmax_f_map_stream14_num_data_valid  |   in|    2|     ap_fifo|             softmax_f_map_stream14|       pointer|
|softmax_f_map_stream14_fifo_cap        |   in|    2|     ap_fifo|             softmax_f_map_stream14|       pointer|
|softmax_f_map_stream14_full_n          |   in|    1|     ap_fifo|             softmax_f_map_stream14|       pointer|
|softmax_f_map_stream14_write           |  out|    1|     ap_fifo|             softmax_f_map_stream14|       pointer|
+---------------------------------------+-----+-----+------------+-----------------------------------+--------------+

============================================================
+ Verbose Summary: Synthesis Manager
============================================================
InlineROM: 1
ExposeGlobal: 0
============================================================
+ Verbose Summary: CDFG Model
============================================================
IsTopModel: 0
ResetActiveHigh: 1
IsCombinational: 2
IsDatapathOnly: 0
HasWiredReturn: 1
HasMFsm: 0
HasVarLatency: 1
IsPipeline: 0
IsRtlPipelined: 0
IsInstanceOverlapped: 0
IsDontTouch: 0
HasImplIP: 0
IsGatedGlobalClock: 0


============================================================
+ Verbose Summary: Schedule
============================================================
* Number of FSM states : 4
* Pipeline : 0
* Dataflow Pipeline: 0

* FSM state transitions: 
1 --> 2 
2 --> 3 
3 --> 4 
4 --> 

* FSM state operations: 

State 1 <SV = 0> <Delay = 1.08>
ST_1 : Operation 5 [1/1] (0.00ns)   --->   "%gmem_softmax_weights_read = read i64 @_ssdm_op_Read.ap_auto.i64, i64 %gmem_softmax_weights"   --->   Operation 5 'read' 'gmem_softmax_weights_read' <Predicate = true> <Delay = 0.00>
ST_1 : Operation 6 [1/1] (0.00ns)   --->   "%empty = trunc i64 %gmem_softmax_weights_read"   --->   Operation 6 'trunc' 'empty' <Predicate = true> <Delay = 0.00>
ST_1 : Operation 7 [2/2] (1.08ns)   --->   "%call_ln0 = call void @save_variables_locally<10u, 128u>_Pipeline_save_weights_L, i320 %softmax_weights, i64 %gmem_softmax_weights_read, i512 %gmem, i6 %empty"   --->   Operation 7 'call' 'call_ln0' <Predicate = true> <Delay = 1.08> <CoreType = "Generic">   --->   Core 0 '' <Latency = 0> <II = 1> <Delay = 1.00> <Generic> <Opcode : >

State 2 <SV = 1> <Delay = 0.00>
ST_2 : Operation 8 [1/1] (0.00ns)   --->   "%layer_output_read = read i64 @_ssdm_op_Read.ap_auto.i64, i64 %layer_output"   --->   Operation 8 'read' 'layer_output_read' <Predicate = true> <Delay = 0.00>
ST_2 : Operation 9 [1/2] (0.00ns)   --->   "%call_ln0 = call void @save_variables_locally<10u, 128u>_Pipeline_save_weights_L, i320 %softmax_weights, i64 %gmem_softmax_weights_read, i512 %gmem, i6 %empty"   --->   Operation 9 'call' 'call_ln0' <Predicate = true> <Delay = 0.00> <CoreType = "Generic">   --->   Core 0 '' <Latency = 0> <II = 1> <Delay = 1.00> <Generic> <Opcode : >
ST_2 : Operation 10 [1/1] (0.00ns)   --->   "%trunc_ln174 = trunc i64 %layer_output_read" [/media/msi/SSD/Xilinx/Vitis_HLS/2022.1/common/technology/autopilot/hls_stream_39.h:174]   --->   Operation 10 'trunc' 'trunc_ln174' <Predicate = true> <Delay = 0.00>

State 3 <SV = 2> <Delay = 1.08>
ST_3 : Operation 11 [1/1] (0.00ns)   --->   "%empty_55 = wait i32 @_ssdm_op_Wait"   --->   Operation 11 'wait' 'empty_55' <Predicate = true> <Delay = 0.00>
ST_3 : Operation 12 [2/2] (1.08ns)   --->   "%call_ln174 = call void @save_variables_locally<10u, 128u>_Pipeline_stream_input, i32 %softmax_f_map_stream14, i64 %layer_output_read, i512 %gmem, i6 %trunc_ln174" [/media/msi/SSD/Xilinx/Vitis_HLS/2022.1/common/technology/autopilot/hls_stream_39.h:174]   --->   Operation 12 'call' 'call_ln174' <Predicate = true> <Delay = 1.08> <CoreType = "Generic">   --->   Core 0 '' <Latency = 0> <II = 1> <Delay = 1.00> <Generic> <Opcode : >

State 4 <SV = 3> <Delay = 0.00>
ST_4 : Operation 13 [1/1] (0.00ns)   --->   "%specbramwithbyteenable_ln0 = specbramwithbyteenable void @_ssdm_op_SpecBRAMWithByteEnable, i320 %softmax_weights"   --->   Operation 13 'specbramwithbyteenable' 'specbramwithbyteenable_ln0' <Predicate = true> <Delay = 0.00>
ST_4 : Operation 14 [1/1] (0.00ns)   --->   "%specinterface_ln0 = specinterface void @_ssdm_op_SpecInterface, i32 %softmax_f_map_stream14, void @empty_9, i32 0, i32 0, void @empty_17, i32 0, i32 0, void @empty_17, void @empty_17, void @empty_17, i32 0, i32 0, i32 0, i32 0, void @empty_17, void @empty_17, i32 4294967295, i32 0"   --->   Operation 14 'specinterface' 'specinterface_ln0' <Predicate = true> <Delay = 0.00>
ST_4 : Operation 15 [1/1] (0.00ns)   --->   "%specinterface_ln0 = specinterface void @_ssdm_op_SpecInterface, i512 %gmem, void @empty_14, i32 0, i32 0, void @empty_17, i32 64, i32 0, void @empty_0, void @empty, void @empty_17, i32 16, i32 16, i32 16, i32 16, void @empty_17, void @empty_17, i32 4294967295, i32 0"   --->   Operation 15 'specinterface' 'specinterface_ln0' <Predicate = true> <Delay = 0.00>
ST_4 : Operation 16 [1/2] (0.00ns)   --->   "%call_ln174 = call void @save_variables_locally<10u, 128u>_Pipeline_stream_input, i32 %softmax_f_map_stream14, i64 %layer_output_read, i512 %gmem, i6 %trunc_ln174" [/media/msi/SSD/Xilinx/Vitis_HLS/2022.1/common/technology/autopilot/hls_stream_39.h:174]   --->   Operation 16 'call' 'call_ln174' <Predicate = true> <Delay = 0.00> <CoreType = "Generic">   --->   Core 0 '' <Latency = 0> <II = 1> <Delay = 1.00> <Generic> <Opcode : >
ST_4 : Operation 17 [1/1] (0.00ns)   --->   "%ret_ln14 = ret" [softmax_10_bp/src/softmax_10_bp.cpp:14]   --->   Operation 17 'ret' 'ret_ln14' <Predicate = true> <Delay = 0.00>


============================================================
+ Verbose Summary: Binding
============================================================
STG Binding: 
---------------- STG Properties BEGIN ----------------
- Is combinational: 0
- Is one-state seq: 0
- Is datapath-only: 0
- Is pipelined: 0
- Is top level: 0
Port [ Return ] is wired: 1; IO mode=ap_ctrl_hs:ce=0
Port [ gmem]:  wired=1; compound=1; hidden=0; nouse=0; global=0; static=0; extern=0; dir=0; type=4; pingpong=0; private_global=0; IO mode=m_axi:ce=0
Port [ gmem_softmax_weights]:  wired=1; compound=0; hidden=0; nouse=0; global=0; static=0; extern=0; dir=0; type=0; pingpong=0; private_global=0; IO mode=ap_none:ce=0
Port [ softmax_weights]:  wired=1; compound=1; hidden=0; nouse=0; global=0; static=0; extern=0; dir=1; type=1; pingpong=1; private_global=0; MemPort=[03]; IO mode=ap_memory:ce=0
Port [ layer_output]:  wired=1; compound=0; hidden=0; nouse=0; global=0; static=0; extern=0; dir=0; type=0; pingpong=0; private_global=0; IO mode=ap_none:ce=0
Port [ softmax_f_map_stream14]:  wired=1; compound=1; hidden=0; nouse=0; global=0; static=0; extern=0; dir=1; type=3; pingpong=0; private_global=0; IO mode=ap_fifo:ce=0
---------------- STG Properties END ------------------

---------------- Datapath Model BEGIN ----------------

<LifeTime>
<method=bitvector/>
gmem_softmax_weights_read  (read                  ) [ 00100]
empty                      (trunc                 ) [ 00100]
layer_output_read          (read                  ) [ 00011]
call_ln0                   (call                  ) [ 00000]
trunc_ln174                (trunc                 ) [ 00011]
empty_55                   (wait                  ) [ 00000]
specbramwithbyteenable_ln0 (specbramwithbyteenable) [ 00000]
specinterface_ln0          (specinterface         ) [ 00000]
specinterface_ln0          (specinterface         ) [ 00000]
call_ln174                 (call                  ) [ 00000]
ret_ln14                   (ret                   ) [ 00000]
</LifeTime>

<model>

<comp_list>
<comp id="0" class="1000" name="gmem">
<pin_list>
<pin id="1" dir="1" index="0" bw="1" slack="0"/>
</pin_list>
<bind>
<StgValue><ssdm name="gmem"/></StgValue>
</bind>
</comp>

<comp id="2" class="1000" name="gmem_softmax_weights">
<pin_list>
<pin id="3" dir="1" index="0" bw="1" slack="0"/>
</pin_list>
<bind>
<StgValue><ssdm name="gmem_softmax_weights"/></StgValue>
</bind>
</comp>

<comp id="4" class="1000" name="softmax_weights">
<pin_list>
<pin id="5" dir="1" index="0" bw="1" slack="0"/>
</pin_list>
<bind>
<StgValue><ssdm name="softmax_weights"/><MemPortTyVec>0 3 </MemPortTyVec>
</StgValue>
</bind>
</comp>

<comp id="6" class="1000" name="layer_output">
<pin_list>
<pin id="7" dir="1" index="0" bw="1" slack="0"/>
</pin_list>
<bind>
<StgValue><ssdm name="layer_output"/></StgValue>
</bind>
</comp>

<comp id="8" class="1000" name="softmax_f_map_stream14">
<pin_list>
<pin id="9" dir="1" index="0" bw="1" slack="0"/>
</pin_list>
<bind>
<StgValue><ssdm name="softmax_f_map_stream14"/></StgValue>
</bind>
</comp>

<comp id="10" class="1001" name="const_10">
<pin_list>
<pin id="11" dir="1" index="0" bw="1" slack="0"/>
</pin_list>
<bind>
<StgValue><ssdm name="_ssdm_op_Read.ap_auto.i64"/></StgValue>
</bind>
</comp>

<comp id="12" class="1001" name="const_12">
<pin_list>
<pin id="13" dir="1" index="0" bw="1" slack="0"/>
</pin_list>
<bind>
<StgValue><ssdm name="save_variables_locally<10u, 128u>_Pipeline_save_weights_L"/></StgValue>
</bind>
</comp>

<comp id="14" class="1001" name="const_14">
<pin_list>
<pin id="15" dir="1" index="0" bw="1" slack="2147483647"/>
</pin_list>
<bind>
<StgValue><ssdm name="_ssdm_op_Wait"/></StgValue>
</bind>
</comp>

<comp id="16" class="1001" name="const_16">
<pin_list>
<pin id="17" dir="1" index="0" bw="1" slack="0"/>
</pin_list>
<bind>
<StgValue><ssdm name="save_variables_locally<10u, 128u>_Pipeline_stream_input"/></StgValue>
</bind>
</comp>

<comp id="18" class="1001" name="const_18">
<pin_list>
<pin id="19" dir="1" index="0" bw="1" slack="2147483647"/>
</pin_list>
<bind>
<StgValue><ssdm name="_ssdm_op_SpecBRAMWithByteEnable"/></StgValue>
</bind>
</comp>

<comp id="20" class="1001" name="const_20">
<pin_list>
<pin id="21" dir="1" index="0" bw="1" slack="2147483647"/>
</pin_list>
<bind>
<StgValue><ssdm name="_ssdm_op_SpecInterface"/></StgValue>
</bind>
</comp>

<comp id="22" class="1001" name="const_22">
<pin_list>
<pin id="23" dir="1" index="0" bw="1" slack="2147483647"/>
</pin_list>
<bind>
<StgValue><ssdm name="empty_9"/></StgValue>
</bind>
</comp>

<comp id="24" class="1001" name="const_24">
<pin_list>
<pin id="25" dir="1" index="0" bw="1" slack="2147483647"/>
</pin_list>
<bind>
<StgValue><ssdm name=""/></StgValue>
</bind>
</comp>

<comp id="26" class="1001" name="const_26">
<pin_list>
<pin id="27" dir="1" index="0" bw="1" slack="2147483647"/>
</pin_list>
<bind>
<StgValue><ssdm name="empty_17"/></StgValue>
</bind>
</comp>

<comp id="28" class="1001" name="const_28">
<pin_list>
<pin id="29" dir="1" index="0" bw="1" slack="2147483647"/>
</pin_list>
<bind>
<StgValue><ssdm name=""/></StgValue>
</bind>
</comp>

<comp id="30" class="1001" name="const_30">
<pin_list>
<pin id="31" dir="1" index="0" bw="1" slack="2147483647"/>
</pin_list>
<bind>
<StgValue><ssdm name="empty_14"/></StgValue>
</bind>
</comp>

<comp id="32" class="1001" name="const_32">
<pin_list>
<pin id="33" dir="1" index="0" bw="1" slack="2147483647"/>
</pin_list>
<bind>
<StgValue><ssdm name=""/></StgValue>
</bind>
</comp>

<comp id="34" class="1001" name="const_34">
<pin_list>
<pin id="35" dir="1" index="0" bw="1" slack="2147483647"/>
</pin_list>
<bind>
<StgValue><ssdm name="empty_0"/></StgValue>
</bind>
</comp>

<comp id="36" class="1001" name="const_36">
<pin_list>
<pin id="37" dir="1" index="0" bw="1" slack="2147483647"/>
</pin_list>
<bind>
<StgValue><ssdm name="empty"/></StgValue>
</bind>
</comp>

<comp id="38" class="1001" name="const_38">
<pin_list>
<pin id="39" dir="1" index="0" bw="1" slack="2147483647"/>
</pin_list>
<bind>
<StgValue><ssdm name=""/></StgValue>
</bind>
</comp>

<comp id="40" class="1004" name="gmem_softmax_weights_read_read_fu_40">
<pin_list>
<pin id="41" dir="0" index="0" bw="64" slack="0"/>
<pin id="42" dir="0" index="1" bw="64" slack="0"/>
<pin id="43" dir="1" index="2" bw="64" slack="0"/>
</pin_list>
<bind>
<opcode="read(1150) " fcode="read"/>
<opset="gmem_softmax_weights_read/1 "/>
</bind>
</comp>

<comp id="46" class="1004" name="layer_output_read_read_fu_46">
<pin_list>
<pin id="47" dir="0" index="0" bw="64" slack="0"/>
<pin id="48" dir="0" index="1" bw="64" slack="0"/>
<pin id="49" dir="1" index="2" bw="64" slack="0"/>
</pin_list>
<bind>
<opcode="read(1150) " fcode="read"/>
<opset="layer_output_read/2 "/>
</bind>
</comp>

<comp id="52" class="1004" name="grp_save_variables_locally_10u_128u_Pipeline_save_weights_L_fu_52">
<pin_list>
<pin id="53" dir="0" index="0" bw="0" slack="0"/>
<pin id="54" dir="0" index="1" bw="320" slack="0"/>
<pin id="55" dir="0" index="2" bw="64" slack="0"/>
<pin id="56" dir="0" index="3" bw="512" slack="0"/>
<pin id="57" dir="0" index="4" bw="6" slack="0"/>
<pin id="58" dir="1" index="5" bw="0" slack="2147483647"/>
</pin_list>
<bind>
<opcode="call(48) " fcode="call"/>
<opset="call_ln0/1 "/>
</bind>
</comp>

<comp id="63" class="1004" name="grp_save_variables_locally_10u_128u_Pipeline_stream_input_fu_63">
<pin_list>
<pin id="64" dir="0" index="0" bw="0" slack="0"/>
<pin id="65" dir="0" index="1" bw="32" slack="0"/>
<pin id="66" dir="0" index="2" bw="64" slack="1"/>
<pin id="67" dir="0" index="3" bw="512" slack="0"/>
<pin id="68" dir="0" index="4" bw="6" slack="1"/>
<pin id="69" dir="1" index="5" bw="0" slack="2147483647"/>
</pin_list>
<bind>
<opcode="call(48) " fcode="call"/>
<opset="call_ln174/3 "/>
</bind>
</comp>

<comp id="73" class="1004" name="empty_fu_73">
<pin_list>
<pin id="74" dir="0" index="0" bw="64" slack="0"/>
<pin id="75" dir="1" index="1" bw="6" slack="0"/>
</pin_list>
<bind>
<opcode="trunc(33) " fcode="trunc"/>
<opset="empty/1 "/>
</bind>
</comp>

<comp id="78" class="1004" name="trunc_ln174_fu_78">
<pin_list>
<pin id="79" dir="0" index="0" bw="64" slack="0"/>
<pin id="80" dir="1" index="1" bw="6" slack="1"/>
</pin_list>
<bind>
<opcode="trunc(33) " fcode="trunc"/>
<opset="trunc_ln174/2 "/>
</bind>
</comp>

<comp id="82" class="1005" name="gmem_softmax_weights_read_reg_82">
<pin_list>
<pin id="83" dir="0" index="0" bw="64" slack="1"/>
<pin id="84" dir="1" index="1" bw="64" slack="1"/>
</pin_list>
<bind>
<opset="gmem_softmax_weights_read "/>
</bind>
</comp>

<comp id="87" class="1005" name="empty_reg_87">
<pin_list>
<pin id="88" dir="0" index="0" bw="6" slack="1"/>
<pin id="89" dir="1" index="1" bw="6" slack="1"/>
</pin_list>
<bind>
<opset="empty "/>
</bind>
</comp>

<comp id="92" class="1005" name="layer_output_read_reg_92">
<pin_list>
<pin id="93" dir="0" index="0" bw="64" slack="1"/>
<pin id="94" dir="1" index="1" bw="64" slack="1"/>
</pin_list>
<bind>
<opset="layer_output_read "/>
</bind>
</comp>

<comp id="97" class="1005" name="trunc_ln174_reg_97">
<pin_list>
<pin id="98" dir="0" index="0" bw="6" slack="1"/>
<pin id="99" dir="1" index="1" bw="6" slack="1"/>
</pin_list>
<bind>
<opset="trunc_ln174 "/>
</bind>
</comp>

</comp_list>

<net_list>
<net id="44"><net_src comp="10" pin="0"/><net_sink comp="40" pin=0"/></net>

<net id="45"><net_src comp="2" pin="0"/><net_sink comp="40" pin=1"/></net>

<net id="50"><net_src comp="10" pin="0"/><net_sink comp="46" pin=0"/></net>

<net id="51"><net_src comp="6" pin="0"/><net_sink comp="46" pin=1"/></net>

<net id="59"><net_src comp="12" pin="0"/><net_sink comp="52" pin=0"/></net>

<net id="60"><net_src comp="4" pin="0"/><net_sink comp="52" pin=1"/></net>

<net id="61"><net_src comp="40" pin="2"/><net_sink comp="52" pin=2"/></net>

<net id="62"><net_src comp="0" pin="0"/><net_sink comp="52" pin=3"/></net>

<net id="70"><net_src comp="16" pin="0"/><net_sink comp="63" pin=0"/></net>

<net id="71"><net_src comp="8" pin="0"/><net_sink comp="63" pin=1"/></net>

<net id="72"><net_src comp="0" pin="0"/><net_sink comp="63" pin=3"/></net>

<net id="76"><net_src comp="40" pin="2"/><net_sink comp="73" pin=0"/></net>

<net id="77"><net_src comp="73" pin="1"/><net_sink comp="52" pin=4"/></net>

<net id="81"><net_src comp="46" pin="2"/><net_sink comp="78" pin=0"/></net>

<net id="85"><net_src comp="40" pin="2"/><net_sink comp="82" pin=0"/></net>

<net id="86"><net_src comp="82" pin="1"/><net_sink comp="52" pin=2"/></net>

<net id="90"><net_src comp="73" pin="1"/><net_sink comp="87" pin=0"/></net>

<net id="91"><net_src comp="87" pin="1"/><net_sink comp="52" pin=4"/></net>

<net id="95"><net_src comp="46" pin="2"/><net_sink comp="92" pin=0"/></net>

<net id="96"><net_src comp="92" pin="1"/><net_sink comp="63" pin=2"/></net>

<net id="100"><net_src comp="78" pin="1"/><net_sink comp="97" pin=0"/></net>

<net id="101"><net_src comp="97" pin="1"/><net_sink comp="63" pin=4"/></net>

</net_list>

</model> 
---------------- Datapath Model END ------------------

* FSMD analyzer results:
  - Output states:
	Port: gmem | {}
	Port: softmax_weights | {1 2 }
	Port: softmax_f_map_stream14 | {3 4 }
 - Input state : 
	Port: save_variables_locally<10u, 128u> : gmem | {1 2 3 4 }
	Port: save_variables_locally<10u, 128u> : gmem_softmax_weights | {1 }
	Port: save_variables_locally<10u, 128u> : layer_output | {2 }
  - Chain level:
	State 1
		call_ln0 : 1
	State 2
	State 3
	State 4


============================================================
+ Verbose Summary: Datapath Resource usage 
============================================================

* Functional unit list:
|----------|-------------------------------------------------------------------|---------|---------|---------|
| Operation|                          Functional Unit                          |  Delay  |    FF   |   LUT   |
|----------|-------------------------------------------------------------------|---------|---------|---------|
|   call   | grp_save_variables_locally_10u_128u_Pipeline_save_weights_L_fu_52 |  0.427  |   1225  |   2514  |
|          |  grp_save_variables_locally_10u_128u_Pipeline_stream_input_fu_63  |  0.427  |   1190  |   2285  |
|----------|-------------------------------------------------------------------|---------|---------|---------|
|   read   |                gmem_softmax_weights_read_read_fu_40               |    0    |    0    |    0    |
|          |                    layer_output_read_read_fu_46                   |    0    |    0    |    0    |
|----------|-------------------------------------------------------------------|---------|---------|---------|
|   trunc  |                            empty_fu_73                            |    0    |    0    |    0    |
|          |                         trunc_ln174_fu_78                         |    0    |    0    |    0    |
|----------|-------------------------------------------------------------------|---------|---------|---------|
|   Total  |                                                                   |  0.854  |   2415  |   4799  |
|----------|-------------------------------------------------------------------|---------|---------|---------|

Memories:
N/A

* Register list:
+--------------------------------+--------+
|                                |   FF   |
+--------------------------------+--------+
|          empty_reg_87          |    6   |
|gmem_softmax_weights_read_reg_82|   64   |
|    layer_output_read_reg_92    |   64   |
|       trunc_ln174_reg_97       |    6   |
+--------------------------------+--------+
|              Total             |   140  |
+--------------------------------+--------+

* Multiplexer (MUX) list: 
|-------------------------------------------------------------------|------|------|------|--------||---------||---------|
|                                Comp                               |  Pin | Size |  BW  | S x BW ||  Delay  ||   LUT   |
|-------------------------------------------------------------------|------|------|------|--------||---------||---------|
| grp_save_variables_locally_10u_128u_Pipeline_save_weights_L_fu_52 |  p2  |   2  |  64  |   128  ||    9    |
| grp_save_variables_locally_10u_128u_Pipeline_save_weights_L_fu_52 |  p4  |   2  |   6  |   12   ||    9    |
|-------------------------------------------------------------------|------|------|------|--------||---------||---------|
|                               Total                               |      |      |      |   140  ||  0.854  ||    18   |
|-------------------------------------------------------------------|------|------|------|--------||---------||---------|



* Summary:
+-----------+--------+--------+--------+
|           |  Delay |   FF   |   LUT  |
+-----------+--------+--------+--------+
|  Function |    0   |  2415  |  4799  |
|   Memory  |    -   |    -   |    -   |
|Multiplexer|    0   |    -   |   18   |
|  Register |    -   |   140  |    -   |
+-----------+--------+--------+--------+
|   Total   |    1   |  2555  |  4817  |
+-----------+--------+--------+--------+
