

================================================================
== Vitis HLS Report for 'save_variables_locally_10u_128u_Pipeline_stream_input'
================================================================
* Date:           Thu Oct 20 03:40:31 2022

* Version:        2022.1 (Build 3526262 on Mon Apr 18 15:47:01 MDT 2022)
* Project:        softmax_10_bp
* Solution:       solution1 (Vitis Kernel Flow Target)
* Product family: zynquplus
* Target device:  xczu9eg-ffvb1156-2-e


================================================================
== Performance Estimates
================================================================
+ Timing: 
    * Summary: 
    +--------+----------+----------+------------+
    |  Clock |  Target  | Estimated| Uncertainty|
    +--------+----------+----------+------------+
    |ap_clk  |  10.00 ns|  7.300 ns|     2.70 ns|
    +--------+----------+----------+------------+

+ Latency: 
    * Summary: 
    +---------+---------+----------+----------+-----+-----+---------+
    |  Latency (cycles) |  Latency (absolute) |  Interval | Pipeline|
    |   min   |   max   |    min   |    max   | min | max |   Type  |
    +---------+---------+----------+----------+-----+-----+---------+
    |       83|       83|  0.830 us|  0.830 us|   83|   83|       no|
    +---------+---------+----------+----------+-----+-----+---------+

    + Detail: 
        * Instance: 
        N/A

        * Loop: 
        +----------------+---------+---------+----------+-----------+-----------+------+----------+
        |                |  Latency (cycles) | Iteration|  Initiation Interval  | Trip |          |
        |    Loop Name   |   min   |   max   |  Latency |  achieved |   target  | Count| Pipelined|
        +----------------+---------+---------+----------+-----------+-----------+------+----------+
        |- stream_input  |       81|       81|        73|          1|          1|    10|       yes|
        +----------------+---------+---------+----------+-----------+-----------+------+----------+

============================================================
+ Verbose Summary: Synthesis Manager
============================================================
InlineROM: 1
ExposeGlobal: 0
============================================================
+ Verbose Summary: CDFG Model
============================================================
IsTopModel: 0
ResetActiveHigh: 1
IsCombinational: 0
IsDatapathOnly: 0
HasWiredReturn: 1
HasMFsm: 2
HasVarLatency: 1
IsPipeline: 0
IsRtlPipelined: 0
IsInstanceOverlapped: 0
IsDontTouch: 0
HasImplIP: 0
IsGatedGlobalClock: 0

+ Individual pipeline summary: 
  * Pipeline-0: initiation interval (II) = 1, depth = 73


============================================================
+ Verbose Summary: Schedule
============================================================
* Number of FSM states : 73
* Pipeline : 1
  Pipeline-0 : II = 1, D = 73, States = { 1 2 3 4 5 6 7 8 9 10 11 12 13 14 15 16 17 18 19 20 21 22 23 24 25 26 27 28 29 30 31 32 33 34 35 36 37 38 39 40 41 42 43 44 45 46 47 48 49 50 51 52 53 54 55 56 57 58 59 60 61 62 63 64 65 66 67 68 69 70 71 72 73 }
* Dataflow Pipeline: 0

* FSM state transitions: 
1 --> 2 
2 --> 3 
3 --> 4 
4 --> 5 
5 --> 6 
6 --> 7 
7 --> 8 
8 --> 9 
9 --> 10 
10 --> 11 
11 --> 12 
12 --> 13 
13 --> 14 
14 --> 15 
15 --> 16 
16 --> 17 
17 --> 18 
18 --> 19 
19 --> 20 
20 --> 21 
21 --> 22 
22 --> 23 
23 --> 24 
24 --> 25 
25 --> 26 
26 --> 27 
27 --> 28 
28 --> 29 
29 --> 30 
30 --> 31 
31 --> 32 
32 --> 33 
33 --> 34 
34 --> 35 
35 --> 36 
36 --> 37 
37 --> 38 
38 --> 39 
39 --> 40 
40 --> 41 
41 --> 42 
42 --> 43 
43 --> 44 
44 --> 45 
45 --> 46 
46 --> 47 
47 --> 48 
48 --> 49 
49 --> 50 
50 --> 51 
51 --> 52 
52 --> 53 
53 --> 54 
54 --> 55 
55 --> 56 
56 --> 57 
57 --> 58 
58 --> 59 
59 --> 60 
60 --> 61 
61 --> 62 
62 --> 63 
63 --> 64 
64 --> 65 
65 --> 66 
66 --> 67 
67 --> 68 
68 --> 69 
69 --> 70 
70 --> 71 
71 --> 72 
72 --> 73 
73 --> 

* FSM state operations: 

State 1 <SV = 0> <Delay = 1.22>
ST_1 : Operation 76 [1/1] (0.00ns)   --->   "%shiftreg = alloca i32 1"   --->   Operation 76 'alloca' 'shiftreg' <Predicate = true> <Delay = 0.00>
ST_1 : Operation 77 [1/1] (0.00ns)   --->   "%i = alloca i32 1"   --->   Operation 77 'alloca' 'i' <Predicate = true> <Delay = 0.00>
ST_1 : Operation 78 [1/1] (0.00ns)   --->   "%specinterface_ln0 = specinterface void @_ssdm_op_SpecInterface, i512 %gmem, void @empty_14, i32 0, i32 0, void @empty_17, i32 64, i32 0, void @empty_0, void @empty, void @empty_17, i32 16, i32 16, i32 16, i32 16, void @empty_17, void @empty_17, i32 4294967295, i32 0"   --->   Operation 78 'specinterface' 'specinterface_ln0' <Predicate = true> <Delay = 0.00>
ST_1 : Operation 79 [1/1] (0.00ns)   --->   "%specinterface_ln0 = specinterface void @_ssdm_op_SpecInterface, i32 %softmax_f_map_stream14, void @empty_9, i32 0, i32 0, void @empty_17, i32 0, i32 0, void @empty_17, void @empty_17, void @empty_17, i32 0, i32 0, i32 0, i32 0, void @empty_17, void @empty_17, i32 4294967295, i32 0"   --->   Operation 79 'specinterface' 'specinterface_ln0' <Predicate = true> <Delay = 0.00>
ST_1 : Operation 80 [1/1] (0.00ns)   --->   "%trunc_ln_read = read i6 @_ssdm_op_Read.ap_auto.i6, i6 %trunc_ln" [softmax_10_bp/src/softmax_10_bp.cpp:6]   --->   Operation 80 'read' 'trunc_ln_read' <Predicate = true> <Delay = 0.00>
ST_1 : Operation 81 [1/1] (0.00ns)   --->   "%layer_output_read = read i64 @_ssdm_op_Read.ap_auto.i64, i64 %layer_output" [softmax_10_bp/src/softmax_10_bp.cpp:6]   --->   Operation 81 'read' 'layer_output_read' <Predicate = true> <Delay = 0.00>
ST_1 : Operation 82 [1/1] (0.42ns)   --->   "%store_ln0 = store i4 0, i4 %i"   --->   Operation 82 'store' 'store_ln0' <Predicate = true> <Delay = 0.42>
ST_1 : Operation 83 [1/1] (0.42ns)   --->   "%store_ln0 = store i32 0, i32 %shiftreg"   --->   Operation 83 'store' 'store_ln0' <Predicate = true> <Delay = 0.42>
ST_1 : Operation 84 [1/1] (0.00ns)   --->   "%br_ln0 = br void %for.inc11"   --->   Operation 84 'br' 'br_ln0' <Predicate = true> <Delay = 0.00>
ST_1 : Operation 85 [1/1] (0.00ns)   --->   "%i_2 = load i4 %i"   --->   Operation 85 'load' 'i_2' <Predicate = true> <Delay = 0.00>
ST_1 : Operation 86 [1/1] (0.00ns)   --->   "%specpipeline_ln0 = specpipeline void @_ssdm_op_SpecPipeline, i32 4294967295, i32 0, i32 1, i32 0, void @p_str"   --->   Operation 86 'specpipeline' 'specpipeline_ln0' <Predicate = true> <Delay = 0.00>
ST_1 : Operation 87 [1/1] (0.72ns)   --->   "%icmp_ln12 = icmp_eq  i4 %i_2, i4 10" [softmax_10_bp/src/softmax_10_bp.cpp:12]   --->   Operation 87 'icmp' 'icmp_ln12' <Predicate = true> <Delay = 0.72> <CoreInst = "Cmp">   --->   Core 9 'Cmp' <Latency = 0> <II = 1> <Delay = 0.72> <FuncUnit> <Opcode : 'icmp'> <InPorts = 2> <OutPorts = 1>
ST_1 : Operation 88 [1/1] (0.00ns)   --->   "%empty = speclooptripcount i32 @_ssdm_op_SpecLoopTripCount, i64 10, i64 10, i64 10"   --->   Operation 88 'speclooptripcount' 'empty' <Predicate = true> <Delay = 0.00>
ST_1 : Operation 89 [1/1] (0.79ns)   --->   "%add_ln12 = add i4 %i_2, i4 1" [softmax_10_bp/src/softmax_10_bp.cpp:12]   --->   Operation 89 'add' 'add_ln12' <Predicate = true> <Delay = 0.79> <CoreInst = "Adder">   --->   Core 1 'Adder' <Latency = 0> <II = 1> <Delay = 0.79> <FuncUnit> <Opcode : 'add' 'sub'> <InPorts = 2> <OutPorts = 1>
ST_1 : Operation 90 [1/1] (0.00ns)   --->   "%br_ln12 = br i1 %icmp_ln12, void %for.inc11.split, void %for.end13.exitStub" [softmax_10_bp/src/softmax_10_bp.cpp:12]   --->   Operation 90 'br' 'br_ln12' <Predicate = true> <Delay = 0.00>
ST_1 : Operation 91 [1/1] (0.00ns)   --->   "%empty_42 = trunc i4 %i_2"   --->   Operation 91 'trunc' 'empty_42' <Predicate = (!icmp_ln12)> <Delay = 0.00>
ST_1 : Operation 92 [1/1] (0.00ns)   --->   "%tmp_s = partselect i3 @_ssdm_op_PartSelect.i3.i4.i32.i32, i4 %i_2, i32 1, i32 3" [/media/msi/SSD/Xilinx/Vitis_HLS/2022.1/common/technology/autopilot/hls_stream_39.h:174]   --->   Operation 92 'partselect' 'tmp_s' <Predicate = (!icmp_ln12 & !empty_42)> <Delay = 0.00>
ST_1 : Operation 93 [1/1] (0.00ns)   --->   "%and_ln = bitconcatenate i6 @_ssdm_op_BitConcatenate.i6.i3.i3, i3 %tmp_s, i3 0" [/media/msi/SSD/Xilinx/Vitis_HLS/2022.1/common/technology/autopilot/hls_stream_39.h:174]   --->   Operation 93 'bitconcatenate' 'and_ln' <Predicate = (!icmp_ln12 & !empty_42)> <Delay = 0.00>
ST_1 : Operation 94 [1/1] (0.00ns)   --->   "%zext_ln174 = zext i6 %and_ln" [/media/msi/SSD/Xilinx/Vitis_HLS/2022.1/common/technology/autopilot/hls_stream_39.h:174]   --->   Operation 94 'zext' 'zext_ln174' <Predicate = (!icmp_ln12 & !empty_42)> <Delay = 0.00>
ST_1 : Operation 95 [1/1] (1.08ns)   --->   "%add_ln174 = add i64 %zext_ln174, i64 %layer_output_read" [/media/msi/SSD/Xilinx/Vitis_HLS/2022.1/common/technology/autopilot/hls_stream_39.h:174]   --->   Operation 95 'add' 'add_ln174' <Predicate = (!icmp_ln12 & !empty_42)> <Delay = 1.08> <CoreInst = "Adder">   --->   Core 1 'Adder' <Latency = 0> <II = 1> <Delay = 1.08> <FuncUnit> <Opcode : 'add' 'sub'> <InPorts = 2> <OutPorts = 1>
ST_1 : Operation 96 [1/1] (0.00ns)   --->   "%trunc_ln174_3 = partselect i58 @_ssdm_op_PartSelect.i58.i64.i32.i32, i64 %add_ln174, i32 6, i32 63" [/media/msi/SSD/Xilinx/Vitis_HLS/2022.1/common/technology/autopilot/hls_stream_39.h:174]   --->   Operation 96 'partselect' 'trunc_ln174_3' <Predicate = (!icmp_ln12 & !empty_42)> <Delay = 0.00>
ST_1 : Operation 97 [1/1] (0.78ns)   --->   "%add_ln174_1 = add i6 %and_ln, i6 %trunc_ln_read" [/media/msi/SSD/Xilinx/Vitis_HLS/2022.1/common/technology/autopilot/hls_stream_39.h:174]   --->   Operation 97 'add' 'add_ln174_1' <Predicate = (!icmp_ln12 & !empty_42)> <Delay = 0.78> <CoreInst = "Adder">   --->   Core 1 'Adder' <Latency = 0> <II = 1> <Delay = 0.78> <FuncUnit> <Opcode : 'add' 'sub'> <InPorts = 2> <OutPorts = 1>
ST_1 : Operation 98 [1/1] (0.42ns)   --->   "%store_ln12 = store i4 %add_ln12, i4 %i" [softmax_10_bp/src/softmax_10_bp.cpp:12]   --->   Operation 98 'store' 'store_ln12' <Predicate = (!icmp_ln12)> <Delay = 0.42>

State 2 <SV = 1> <Delay = 7.30>
ST_2 : Operation 99 [1/1] (0.00ns)   --->   "%sext_ln174 = sext i58 %trunc_ln174_3" [/media/msi/SSD/Xilinx/Vitis_HLS/2022.1/common/technology/autopilot/hls_stream_39.h:174]   --->   Operation 99 'sext' 'sext_ln174' <Predicate = (!icmp_ln12 & !empty_42)> <Delay = 0.00>
ST_2 : Operation 100 [1/1] (0.00ns)   --->   "%gmem_addr = getelementptr i512 %gmem, i64 %sext_ln174" [/media/msi/SSD/Xilinx/Vitis_HLS/2022.1/common/technology/autopilot/hls_stream_39.h:174]   --->   Operation 100 'getelementptr' 'gmem_addr' <Predicate = (!icmp_ln12 & !empty_42)> <Delay = 0.00>
ST_2 : Operation 101 [70/70] (7.30ns)   --->   "%gmem_load_req = readreq i1 @_ssdm_op_ReadReq.m_axi.i512P1A, i512 %gmem_addr, i32 1" [/media/msi/SSD/Xilinx/Vitis_HLS/2022.1/common/technology/autopilot/hls_stream_39.h:174]   --->   Operation 101 'readreq' 'gmem_load_req' <Predicate = (!icmp_ln12 & !empty_42)> <Delay = 7.30> <CoreInst = "m_axi">   --->   Core 121 'm_axi' <Latency = 0> <II = 1> <Delay = 1.00> <Adapter> <Opcode : 'read' 'write' 'readreq' 'writereq' 'writeresp'>

State 3 <SV = 2> <Delay = 7.30>
ST_3 : Operation 102 [69/70] (7.30ns)   --->   "%gmem_load_req = readreq i1 @_ssdm_op_ReadReq.m_axi.i512P1A, i512 %gmem_addr, i32 1" [/media/msi/SSD/Xilinx/Vitis_HLS/2022.1/common/technology/autopilot/hls_stream_39.h:174]   --->   Operation 102 'readreq' 'gmem_load_req' <Predicate = (!icmp_ln12 & !empty_42)> <Delay = 7.30> <CoreInst = "m_axi">   --->   Core 121 'm_axi' <Latency = 0> <II = 1> <Delay = 1.00> <Adapter> <Opcode : 'read' 'write' 'readreq' 'writereq' 'writeresp'>

State 4 <SV = 3> <Delay = 7.30>
ST_4 : Operation 103 [68/70] (7.30ns)   --->   "%gmem_load_req = readreq i1 @_ssdm_op_ReadReq.m_axi.i512P1A, i512 %gmem_addr, i32 1" [/media/msi/SSD/Xilinx/Vitis_HLS/2022.1/common/technology/autopilot/hls_stream_39.h:174]   --->   Operation 103 'readreq' 'gmem_load_req' <Predicate = (!icmp_ln12 & !empty_42)> <Delay = 7.30> <CoreInst = "m_axi">   --->   Core 121 'm_axi' <Latency = 0> <II = 1> <Delay = 1.00> <Adapter> <Opcode : 'read' 'write' 'readreq' 'writereq' 'writeresp'>

State 5 <SV = 4> <Delay = 7.30>
ST_5 : Operation 104 [67/70] (7.30ns)   --->   "%gmem_load_req = readreq i1 @_ssdm_op_ReadReq.m_axi.i512P1A, i512 %gmem_addr, i32 1" [/media/msi/SSD/Xilinx/Vitis_HLS/2022.1/common/technology/autopilot/hls_stream_39.h:174]   --->   Operation 104 'readreq' 'gmem_load_req' <Predicate = (!icmp_ln12 & !empty_42)> <Delay = 7.30> <CoreInst = "m_axi">   --->   Core 121 'm_axi' <Latency = 0> <II = 1> <Delay = 1.00> <Adapter> <Opcode : 'read' 'write' 'readreq' 'writereq' 'writeresp'>

State 6 <SV = 5> <Delay = 7.30>
ST_6 : Operation 105 [66/70] (7.30ns)   --->   "%gmem_load_req = readreq i1 @_ssdm_op_ReadReq.m_axi.i512P1A, i512 %gmem_addr, i32 1" [/media/msi/SSD/Xilinx/Vitis_HLS/2022.1/common/technology/autopilot/hls_stream_39.h:174]   --->   Operation 105 'readreq' 'gmem_load_req' <Predicate = (!icmp_ln12 & !empty_42)> <Delay = 7.30> <CoreInst = "m_axi">   --->   Core 121 'm_axi' <Latency = 0> <II = 1> <Delay = 1.00> <Adapter> <Opcode : 'read' 'write' 'readreq' 'writereq' 'writeresp'>

State 7 <SV = 6> <Delay = 7.30>
ST_7 : Operation 106 [65/70] (7.30ns)   --->   "%gmem_load_req = readreq i1 @_ssdm_op_ReadReq.m_axi.i512P1A, i512 %gmem_addr, i32 1" [/media/msi/SSD/Xilinx/Vitis_HLS/2022.1/common/technology/autopilot/hls_stream_39.h:174]   --->   Operation 106 'readreq' 'gmem_load_req' <Predicate = (!icmp_ln12 & !empty_42)> <Delay = 7.30> <CoreInst = "m_axi">   --->   Core 121 'm_axi' <Latency = 0> <II = 1> <Delay = 1.00> <Adapter> <Opcode : 'read' 'write' 'readreq' 'writereq' 'writeresp'>

State 8 <SV = 7> <Delay = 7.30>
ST_8 : Operation 107 [64/70] (7.30ns)   --->   "%gmem_load_req = readreq i1 @_ssdm_op_ReadReq.m_axi.i512P1A, i512 %gmem_addr, i32 1" [/media/msi/SSD/Xilinx/Vitis_HLS/2022.1/common/technology/autopilot/hls_stream_39.h:174]   --->   Operation 107 'readreq' 'gmem_load_req' <Predicate = (!icmp_ln12 & !empty_42)> <Delay = 7.30> <CoreInst = "m_axi">   --->   Core 121 'm_axi' <Latency = 0> <II = 1> <Delay = 1.00> <Adapter> <Opcode : 'read' 'write' 'readreq' 'writereq' 'writeresp'>

State 9 <SV = 8> <Delay = 7.30>
ST_9 : Operation 108 [63/70] (7.30ns)   --->   "%gmem_load_req = readreq i1 @_ssdm_op_ReadReq.m_axi.i512P1A, i512 %gmem_addr, i32 1" [/media/msi/SSD/Xilinx/Vitis_HLS/2022.1/common/technology/autopilot/hls_stream_39.h:174]   --->   Operation 108 'readreq' 'gmem_load_req' <Predicate = (!icmp_ln12 & !empty_42)> <Delay = 7.30> <CoreInst = "m_axi">   --->   Core 121 'm_axi' <Latency = 0> <II = 1> <Delay = 1.00> <Adapter> <Opcode : 'read' 'write' 'readreq' 'writereq' 'writeresp'>

State 10 <SV = 9> <Delay = 7.30>
ST_10 : Operation 109 [62/70] (7.30ns)   --->   "%gmem_load_req = readreq i1 @_ssdm_op_ReadReq.m_axi.i512P1A, i512 %gmem_addr, i32 1" [/media/msi/SSD/Xilinx/Vitis_HLS/2022.1/common/technology/autopilot/hls_stream_39.h:174]   --->   Operation 109 'readreq' 'gmem_load_req' <Predicate = (!icmp_ln12 & !empty_42)> <Delay = 7.30> <CoreInst = "m_axi">   --->   Core 121 'm_axi' <Latency = 0> <II = 1> <Delay = 1.00> <Adapter> <Opcode : 'read' 'write' 'readreq' 'writereq' 'writeresp'>

State 11 <SV = 10> <Delay = 7.30>
ST_11 : Operation 110 [61/70] (7.30ns)   --->   "%gmem_load_req = readreq i1 @_ssdm_op_ReadReq.m_axi.i512P1A, i512 %gmem_addr, i32 1" [/media/msi/SSD/Xilinx/Vitis_HLS/2022.1/common/technology/autopilot/hls_stream_39.h:174]   --->   Operation 110 'readreq' 'gmem_load_req' <Predicate = (!icmp_ln12 & !empty_42)> <Delay = 7.30> <CoreInst = "m_axi">   --->   Core 121 'm_axi' <Latency = 0> <II = 1> <Delay = 1.00> <Adapter> <Opcode : 'read' 'write' 'readreq' 'writereq' 'writeresp'>

State 12 <SV = 11> <Delay = 7.30>
ST_12 : Operation 111 [60/70] (7.30ns)   --->   "%gmem_load_req = readreq i1 @_ssdm_op_ReadReq.m_axi.i512P1A, i512 %gmem_addr, i32 1" [/media/msi/SSD/Xilinx/Vitis_HLS/2022.1/common/technology/autopilot/hls_stream_39.h:174]   --->   Operation 111 'readreq' 'gmem_load_req' <Predicate = (!icmp_ln12 & !empty_42)> <Delay = 7.30> <CoreInst = "m_axi">   --->   Core 121 'm_axi' <Latency = 0> <II = 1> <Delay = 1.00> <Adapter> <Opcode : 'read' 'write' 'readreq' 'writereq' 'writeresp'>

State 13 <SV = 12> <Delay = 7.30>
ST_13 : Operation 112 [59/70] (7.30ns)   --->   "%gmem_load_req = readreq i1 @_ssdm_op_ReadReq.m_axi.i512P1A, i512 %gmem_addr, i32 1" [/media/msi/SSD/Xilinx/Vitis_HLS/2022.1/common/technology/autopilot/hls_stream_39.h:174]   --->   Operation 112 'readreq' 'gmem_load_req' <Predicate = (!icmp_ln12 & !empty_42)> <Delay = 7.30> <CoreInst = "m_axi">   --->   Core 121 'm_axi' <Latency = 0> <II = 1> <Delay = 1.00> <Adapter> <Opcode : 'read' 'write' 'readreq' 'writereq' 'writeresp'>

State 14 <SV = 13> <Delay = 7.30>
ST_14 : Operation 113 [58/70] (7.30ns)   --->   "%gmem_load_req = readreq i1 @_ssdm_op_ReadReq.m_axi.i512P1A, i512 %gmem_addr, i32 1" [/media/msi/SSD/Xilinx/Vitis_HLS/2022.1/common/technology/autopilot/hls_stream_39.h:174]   --->   Operation 113 'readreq' 'gmem_load_req' <Predicate = (!icmp_ln12 & !empty_42)> <Delay = 7.30> <CoreInst = "m_axi">   --->   Core 121 'm_axi' <Latency = 0> <II = 1> <Delay = 1.00> <Adapter> <Opcode : 'read' 'write' 'readreq' 'writereq' 'writeresp'>

State 15 <SV = 14> <Delay = 7.30>
ST_15 : Operation 114 [57/70] (7.30ns)   --->   "%gmem_load_req = readreq i1 @_ssdm_op_ReadReq.m_axi.i512P1A, i512 %gmem_addr, i32 1" [/media/msi/SSD/Xilinx/Vitis_HLS/2022.1/common/technology/autopilot/hls_stream_39.h:174]   --->   Operation 114 'readreq' 'gmem_load_req' <Predicate = (!icmp_ln12 & !empty_42)> <Delay = 7.30> <CoreInst = "m_axi">   --->   Core 121 'm_axi' <Latency = 0> <II = 1> <Delay = 1.00> <Adapter> <Opcode : 'read' 'write' 'readreq' 'writereq' 'writeresp'>

State 16 <SV = 15> <Delay = 7.30>
ST_16 : Operation 115 [56/70] (7.30ns)   --->   "%gmem_load_req = readreq i1 @_ssdm_op_ReadReq.m_axi.i512P1A, i512 %gmem_addr, i32 1" [/media/msi/SSD/Xilinx/Vitis_HLS/2022.1/common/technology/autopilot/hls_stream_39.h:174]   --->   Operation 115 'readreq' 'gmem_load_req' <Predicate = (!icmp_ln12 & !empty_42)> <Delay = 7.30> <CoreInst = "m_axi">   --->   Core 121 'm_axi' <Latency = 0> <II = 1> <Delay = 1.00> <Adapter> <Opcode : 'read' 'write' 'readreq' 'writereq' 'writeresp'>

State 17 <SV = 16> <Delay = 7.30>
ST_17 : Operation 116 [55/70] (7.30ns)   --->   "%gmem_load_req = readreq i1 @_ssdm_op_ReadReq.m_axi.i512P1A, i512 %gmem_addr, i32 1" [/media/msi/SSD/Xilinx/Vitis_HLS/2022.1/common/technology/autopilot/hls_stream_39.h:174]   --->   Operation 116 'readreq' 'gmem_load_req' <Predicate = (!icmp_ln12 & !empty_42)> <Delay = 7.30> <CoreInst = "m_axi">   --->   Core 121 'm_axi' <Latency = 0> <II = 1> <Delay = 1.00> <Adapter> <Opcode : 'read' 'write' 'readreq' 'writereq' 'writeresp'>

State 18 <SV = 17> <Delay = 7.30>
ST_18 : Operation 117 [54/70] (7.30ns)   --->   "%gmem_load_req = readreq i1 @_ssdm_op_ReadReq.m_axi.i512P1A, i512 %gmem_addr, i32 1" [/media/msi/SSD/Xilinx/Vitis_HLS/2022.1/common/technology/autopilot/hls_stream_39.h:174]   --->   Operation 117 'readreq' 'gmem_load_req' <Predicate = (!icmp_ln12 & !empty_42)> <Delay = 7.30> <CoreInst = "m_axi">   --->   Core 121 'm_axi' <Latency = 0> <II = 1> <Delay = 1.00> <Adapter> <Opcode : 'read' 'write' 'readreq' 'writereq' 'writeresp'>

State 19 <SV = 18> <Delay = 7.30>
ST_19 : Operation 118 [53/70] (7.30ns)   --->   "%gmem_load_req = readreq i1 @_ssdm_op_ReadReq.m_axi.i512P1A, i512 %gmem_addr, i32 1" [/media/msi/SSD/Xilinx/Vitis_HLS/2022.1/common/technology/autopilot/hls_stream_39.h:174]   --->   Operation 118 'readreq' 'gmem_load_req' <Predicate = (!icmp_ln12 & !empty_42)> <Delay = 7.30> <CoreInst = "m_axi">   --->   Core 121 'm_axi' <Latency = 0> <II = 1> <Delay = 1.00> <Adapter> <Opcode : 'read' 'write' 'readreq' 'writereq' 'writeresp'>

State 20 <SV = 19> <Delay = 7.30>
ST_20 : Operation 119 [52/70] (7.30ns)   --->   "%gmem_load_req = readreq i1 @_ssdm_op_ReadReq.m_axi.i512P1A, i512 %gmem_addr, i32 1" [/media/msi/SSD/Xilinx/Vitis_HLS/2022.1/common/technology/autopilot/hls_stream_39.h:174]   --->   Operation 119 'readreq' 'gmem_load_req' <Predicate = (!icmp_ln12 & !empty_42)> <Delay = 7.30> <CoreInst = "m_axi">   --->   Core 121 'm_axi' <Latency = 0> <II = 1> <Delay = 1.00> <Adapter> <Opcode : 'read' 'write' 'readreq' 'writereq' 'writeresp'>

State 21 <SV = 20> <Delay = 7.30>
ST_21 : Operation 120 [51/70] (7.30ns)   --->   "%gmem_load_req = readreq i1 @_ssdm_op_ReadReq.m_axi.i512P1A, i512 %gmem_addr, i32 1" [/media/msi/SSD/Xilinx/Vitis_HLS/2022.1/common/technology/autopilot/hls_stream_39.h:174]   --->   Operation 120 'readreq' 'gmem_load_req' <Predicate = (!icmp_ln12 & !empty_42)> <Delay = 7.30> <CoreInst = "m_axi">   --->   Core 121 'm_axi' <Latency = 0> <II = 1> <Delay = 1.00> <Adapter> <Opcode : 'read' 'write' 'readreq' 'writereq' 'writeresp'>

State 22 <SV = 21> <Delay = 7.30>
ST_22 : Operation 121 [50/70] (7.30ns)   --->   "%gmem_load_req = readreq i1 @_ssdm_op_ReadReq.m_axi.i512P1A, i512 %gmem_addr, i32 1" [/media/msi/SSD/Xilinx/Vitis_HLS/2022.1/common/technology/autopilot/hls_stream_39.h:174]   --->   Operation 121 'readreq' 'gmem_load_req' <Predicate = (!icmp_ln12 & !empty_42)> <Delay = 7.30> <CoreInst = "m_axi">   --->   Core 121 'm_axi' <Latency = 0> <II = 1> <Delay = 1.00> <Adapter> <Opcode : 'read' 'write' 'readreq' 'writereq' 'writeresp'>

State 23 <SV = 22> <Delay = 7.30>
ST_23 : Operation 122 [49/70] (7.30ns)   --->   "%gmem_load_req = readreq i1 @_ssdm_op_ReadReq.m_axi.i512P1A, i512 %gmem_addr, i32 1" [/media/msi/SSD/Xilinx/Vitis_HLS/2022.1/common/technology/autopilot/hls_stream_39.h:174]   --->   Operation 122 'readreq' 'gmem_load_req' <Predicate = (!icmp_ln12 & !empty_42)> <Delay = 7.30> <CoreInst = "m_axi">   --->   Core 121 'm_axi' <Latency = 0> <II = 1> <Delay = 1.00> <Adapter> <Opcode : 'read' 'write' 'readreq' 'writereq' 'writeresp'>

State 24 <SV = 23> <Delay = 7.30>
ST_24 : Operation 123 [48/70] (7.30ns)   --->   "%gmem_load_req = readreq i1 @_ssdm_op_ReadReq.m_axi.i512P1A, i512 %gmem_addr, i32 1" [/media/msi/SSD/Xilinx/Vitis_HLS/2022.1/common/technology/autopilot/hls_stream_39.h:174]   --->   Operation 123 'readreq' 'gmem_load_req' <Predicate = (!icmp_ln12 & !empty_42)> <Delay = 7.30> <CoreInst = "m_axi">   --->   Core 121 'm_axi' <Latency = 0> <II = 1> <Delay = 1.00> <Adapter> <Opcode : 'read' 'write' 'readreq' 'writereq' 'writeresp'>

State 25 <SV = 24> <Delay = 7.30>
ST_25 : Operation 124 [47/70] (7.30ns)   --->   "%gmem_load_req = readreq i1 @_ssdm_op_ReadReq.m_axi.i512P1A, i512 %gmem_addr, i32 1" [/media/msi/SSD/Xilinx/Vitis_HLS/2022.1/common/technology/autopilot/hls_stream_39.h:174]   --->   Operation 124 'readreq' 'gmem_load_req' <Predicate = (!icmp_ln12 & !empty_42)> <Delay = 7.30> <CoreInst = "m_axi">   --->   Core 121 'm_axi' <Latency = 0> <II = 1> <Delay = 1.00> <Adapter> <Opcode : 'read' 'write' 'readreq' 'writereq' 'writeresp'>

State 26 <SV = 25> <Delay = 7.30>
ST_26 : Operation 125 [46/70] (7.30ns)   --->   "%gmem_load_req = readreq i1 @_ssdm_op_ReadReq.m_axi.i512P1A, i512 %gmem_addr, i32 1" [/media/msi/SSD/Xilinx/Vitis_HLS/2022.1/common/technology/autopilot/hls_stream_39.h:174]   --->   Operation 125 'readreq' 'gmem_load_req' <Predicate = (!icmp_ln12 & !empty_42)> <Delay = 7.30> <CoreInst = "m_axi">   --->   Core 121 'm_axi' <Latency = 0> <II = 1> <Delay = 1.00> <Adapter> <Opcode : 'read' 'write' 'readreq' 'writereq' 'writeresp'>

State 27 <SV = 26> <Delay = 7.30>
ST_27 : Operation 126 [45/70] (7.30ns)   --->   "%gmem_load_req = readreq i1 @_ssdm_op_ReadReq.m_axi.i512P1A, i512 %gmem_addr, i32 1" [/media/msi/SSD/Xilinx/Vitis_HLS/2022.1/common/technology/autopilot/hls_stream_39.h:174]   --->   Operation 126 'readreq' 'gmem_load_req' <Predicate = (!icmp_ln12 & !empty_42)> <Delay = 7.30> <CoreInst = "m_axi">   --->   Core 121 'm_axi' <Latency = 0> <II = 1> <Delay = 1.00> <Adapter> <Opcode : 'read' 'write' 'readreq' 'writereq' 'writeresp'>

State 28 <SV = 27> <Delay = 7.30>
ST_28 : Operation 127 [44/70] (7.30ns)   --->   "%gmem_load_req = readreq i1 @_ssdm_op_ReadReq.m_axi.i512P1A, i512 %gmem_addr, i32 1" [/media/msi/SSD/Xilinx/Vitis_HLS/2022.1/common/technology/autopilot/hls_stream_39.h:174]   --->   Operation 127 'readreq' 'gmem_load_req' <Predicate = (!icmp_ln12 & !empty_42)> <Delay = 7.30> <CoreInst = "m_axi">   --->   Core 121 'm_axi' <Latency = 0> <II = 1> <Delay = 1.00> <Adapter> <Opcode : 'read' 'write' 'readreq' 'writereq' 'writeresp'>

State 29 <SV = 28> <Delay = 7.30>
ST_29 : Operation 128 [43/70] (7.30ns)   --->   "%gmem_load_req = readreq i1 @_ssdm_op_ReadReq.m_axi.i512P1A, i512 %gmem_addr, i32 1" [/media/msi/SSD/Xilinx/Vitis_HLS/2022.1/common/technology/autopilot/hls_stream_39.h:174]   --->   Operation 128 'readreq' 'gmem_load_req' <Predicate = (!icmp_ln12 & !empty_42)> <Delay = 7.30> <CoreInst = "m_axi">   --->   Core 121 'm_axi' <Latency = 0> <II = 1> <Delay = 1.00> <Adapter> <Opcode : 'read' 'write' 'readreq' 'writereq' 'writeresp'>

State 30 <SV = 29> <Delay = 7.30>
ST_30 : Operation 129 [42/70] (7.30ns)   --->   "%gmem_load_req = readreq i1 @_ssdm_op_ReadReq.m_axi.i512P1A, i512 %gmem_addr, i32 1" [/media/msi/SSD/Xilinx/Vitis_HLS/2022.1/common/technology/autopilot/hls_stream_39.h:174]   --->   Operation 129 'readreq' 'gmem_load_req' <Predicate = (!icmp_ln12 & !empty_42)> <Delay = 7.30> <CoreInst = "m_axi">   --->   Core 121 'm_axi' <Latency = 0> <II = 1> <Delay = 1.00> <Adapter> <Opcode : 'read' 'write' 'readreq' 'writereq' 'writeresp'>

State 31 <SV = 30> <Delay = 7.30>
ST_31 : Operation 130 [41/70] (7.30ns)   --->   "%gmem_load_req = readreq i1 @_ssdm_op_ReadReq.m_axi.i512P1A, i512 %gmem_addr, i32 1" [/media/msi/SSD/Xilinx/Vitis_HLS/2022.1/common/technology/autopilot/hls_stream_39.h:174]   --->   Operation 130 'readreq' 'gmem_load_req' <Predicate = (!icmp_ln12 & !empty_42)> <Delay = 7.30> <CoreInst = "m_axi">   --->   Core 121 'm_axi' <Latency = 0> <II = 1> <Delay = 1.00> <Adapter> <Opcode : 'read' 'write' 'readreq' 'writereq' 'writeresp'>

State 32 <SV = 31> <Delay = 7.30>
ST_32 : Operation 131 [40/70] (7.30ns)   --->   "%gmem_load_req = readreq i1 @_ssdm_op_ReadReq.m_axi.i512P1A, i512 %gmem_addr, i32 1" [/media/msi/SSD/Xilinx/Vitis_HLS/2022.1/common/technology/autopilot/hls_stream_39.h:174]   --->   Operation 131 'readreq' 'gmem_load_req' <Predicate = (!icmp_ln12 & !empty_42)> <Delay = 7.30> <CoreInst = "m_axi">   --->   Core 121 'm_axi' <Latency = 0> <II = 1> <Delay = 1.00> <Adapter> <Opcode : 'read' 'write' 'readreq' 'writereq' 'writeresp'>

State 33 <SV = 32> <Delay = 7.30>
ST_33 : Operation 132 [39/70] (7.30ns)   --->   "%gmem_load_req = readreq i1 @_ssdm_op_ReadReq.m_axi.i512P1A, i512 %gmem_addr, i32 1" [/media/msi/SSD/Xilinx/Vitis_HLS/2022.1/common/technology/autopilot/hls_stream_39.h:174]   --->   Operation 132 'readreq' 'gmem_load_req' <Predicate = (!icmp_ln12 & !empty_42)> <Delay = 7.30> <CoreInst = "m_axi">   --->   Core 121 'm_axi' <Latency = 0> <II = 1> <Delay = 1.00> <Adapter> <Opcode : 'read' 'write' 'readreq' 'writereq' 'writeresp'>

State 34 <SV = 33> <Delay = 7.30>
ST_34 : Operation 133 [38/70] (7.30ns)   --->   "%gmem_load_req = readreq i1 @_ssdm_op_ReadReq.m_axi.i512P1A, i512 %gmem_addr, i32 1" [/media/msi/SSD/Xilinx/Vitis_HLS/2022.1/common/technology/autopilot/hls_stream_39.h:174]   --->   Operation 133 'readreq' 'gmem_load_req' <Predicate = (!icmp_ln12 & !empty_42)> <Delay = 7.30> <CoreInst = "m_axi">   --->   Core 121 'm_axi' <Latency = 0> <II = 1> <Delay = 1.00> <Adapter> <Opcode : 'read' 'write' 'readreq' 'writereq' 'writeresp'>

State 35 <SV = 34> <Delay = 7.30>
ST_35 : Operation 134 [37/70] (7.30ns)   --->   "%gmem_load_req = readreq i1 @_ssdm_op_ReadReq.m_axi.i512P1A, i512 %gmem_addr, i32 1" [/media/msi/SSD/Xilinx/Vitis_HLS/2022.1/common/technology/autopilot/hls_stream_39.h:174]   --->   Operation 134 'readreq' 'gmem_load_req' <Predicate = (!icmp_ln12 & !empty_42)> <Delay = 7.30> <CoreInst = "m_axi">   --->   Core 121 'm_axi' <Latency = 0> <II = 1> <Delay = 1.00> <Adapter> <Opcode : 'read' 'write' 'readreq' 'writereq' 'writeresp'>

State 36 <SV = 35> <Delay = 7.30>
ST_36 : Operation 135 [36/70] (7.30ns)   --->   "%gmem_load_req = readreq i1 @_ssdm_op_ReadReq.m_axi.i512P1A, i512 %gmem_addr, i32 1" [/media/msi/SSD/Xilinx/Vitis_HLS/2022.1/common/technology/autopilot/hls_stream_39.h:174]   --->   Operation 135 'readreq' 'gmem_load_req' <Predicate = (!icmp_ln12 & !empty_42)> <Delay = 7.30> <CoreInst = "m_axi">   --->   Core 121 'm_axi' <Latency = 0> <II = 1> <Delay = 1.00> <Adapter> <Opcode : 'read' 'write' 'readreq' 'writereq' 'writeresp'>

State 37 <SV = 36> <Delay = 7.30>
ST_37 : Operation 136 [35/70] (7.30ns)   --->   "%gmem_load_req = readreq i1 @_ssdm_op_ReadReq.m_axi.i512P1A, i512 %gmem_addr, i32 1" [/media/msi/SSD/Xilinx/Vitis_HLS/2022.1/common/technology/autopilot/hls_stream_39.h:174]   --->   Operation 136 'readreq' 'gmem_load_req' <Predicate = (!icmp_ln12 & !empty_42)> <Delay = 7.30> <CoreInst = "m_axi">   --->   Core 121 'm_axi' <Latency = 0> <II = 1> <Delay = 1.00> <Adapter> <Opcode : 'read' 'write' 'readreq' 'writereq' 'writeresp'>

State 38 <SV = 37> <Delay = 7.30>
ST_38 : Operation 137 [34/70] (7.30ns)   --->   "%gmem_load_req = readreq i1 @_ssdm_op_ReadReq.m_axi.i512P1A, i512 %gmem_addr, i32 1" [/media/msi/SSD/Xilinx/Vitis_HLS/2022.1/common/technology/autopilot/hls_stream_39.h:174]   --->   Operation 137 'readreq' 'gmem_load_req' <Predicate = (!icmp_ln12 & !empty_42)> <Delay = 7.30> <CoreInst = "m_axi">   --->   Core 121 'm_axi' <Latency = 0> <II = 1> <Delay = 1.00> <Adapter> <Opcode : 'read' 'write' 'readreq' 'writereq' 'writeresp'>

State 39 <SV = 38> <Delay = 7.30>
ST_39 : Operation 138 [33/70] (7.30ns)   --->   "%gmem_load_req = readreq i1 @_ssdm_op_ReadReq.m_axi.i512P1A, i512 %gmem_addr, i32 1" [/media/msi/SSD/Xilinx/Vitis_HLS/2022.1/common/technology/autopilot/hls_stream_39.h:174]   --->   Operation 138 'readreq' 'gmem_load_req' <Predicate = (!icmp_ln12 & !empty_42)> <Delay = 7.30> <CoreInst = "m_axi">   --->   Core 121 'm_axi' <Latency = 0> <II = 1> <Delay = 1.00> <Adapter> <Opcode : 'read' 'write' 'readreq' 'writereq' 'writeresp'>

State 40 <SV = 39> <Delay = 7.30>
ST_40 : Operation 139 [32/70] (7.30ns)   --->   "%gmem_load_req = readreq i1 @_ssdm_op_ReadReq.m_axi.i512P1A, i512 %gmem_addr, i32 1" [/media/msi/SSD/Xilinx/Vitis_HLS/2022.1/common/technology/autopilot/hls_stream_39.h:174]   --->   Operation 139 'readreq' 'gmem_load_req' <Predicate = (!icmp_ln12 & !empty_42)> <Delay = 7.30> <CoreInst = "m_axi">   --->   Core 121 'm_axi' <Latency = 0> <II = 1> <Delay = 1.00> <Adapter> <Opcode : 'read' 'write' 'readreq' 'writereq' 'writeresp'>

State 41 <SV = 40> <Delay = 7.30>
ST_41 : Operation 140 [31/70] (7.30ns)   --->   "%gmem_load_req = readreq i1 @_ssdm_op_ReadReq.m_axi.i512P1A, i512 %gmem_addr, i32 1" [/media/msi/SSD/Xilinx/Vitis_HLS/2022.1/common/technology/autopilot/hls_stream_39.h:174]   --->   Operation 140 'readreq' 'gmem_load_req' <Predicate = (!icmp_ln12 & !empty_42)> <Delay = 7.30> <CoreInst = "m_axi">   --->   Core 121 'm_axi' <Latency = 0> <II = 1> <Delay = 1.00> <Adapter> <Opcode : 'read' 'write' 'readreq' 'writereq' 'writeresp'>

State 42 <SV = 41> <Delay = 7.30>
ST_42 : Operation 141 [30/70] (7.30ns)   --->   "%gmem_load_req = readreq i1 @_ssdm_op_ReadReq.m_axi.i512P1A, i512 %gmem_addr, i32 1" [/media/msi/SSD/Xilinx/Vitis_HLS/2022.1/common/technology/autopilot/hls_stream_39.h:174]   --->   Operation 141 'readreq' 'gmem_load_req' <Predicate = (!icmp_ln12 & !empty_42)> <Delay = 7.30> <CoreInst = "m_axi">   --->   Core 121 'm_axi' <Latency = 0> <II = 1> <Delay = 1.00> <Adapter> <Opcode : 'read' 'write' 'readreq' 'writereq' 'writeresp'>

State 43 <SV = 42> <Delay = 7.30>
ST_43 : Operation 142 [29/70] (7.30ns)   --->   "%gmem_load_req = readreq i1 @_ssdm_op_ReadReq.m_axi.i512P1A, i512 %gmem_addr, i32 1" [/media/msi/SSD/Xilinx/Vitis_HLS/2022.1/common/technology/autopilot/hls_stream_39.h:174]   --->   Operation 142 'readreq' 'gmem_load_req' <Predicate = (!icmp_ln12 & !empty_42)> <Delay = 7.30> <CoreInst = "m_axi">   --->   Core 121 'm_axi' <Latency = 0> <II = 1> <Delay = 1.00> <Adapter> <Opcode : 'read' 'write' 'readreq' 'writereq' 'writeresp'>

State 44 <SV = 43> <Delay = 7.30>
ST_44 : Operation 143 [28/70] (7.30ns)   --->   "%gmem_load_req = readreq i1 @_ssdm_op_ReadReq.m_axi.i512P1A, i512 %gmem_addr, i32 1" [/media/msi/SSD/Xilinx/Vitis_HLS/2022.1/common/technology/autopilot/hls_stream_39.h:174]   --->   Operation 143 'readreq' 'gmem_load_req' <Predicate = (!icmp_ln12 & !empty_42)> <Delay = 7.30> <CoreInst = "m_axi">   --->   Core 121 'm_axi' <Latency = 0> <II = 1> <Delay = 1.00> <Adapter> <Opcode : 'read' 'write' 'readreq' 'writereq' 'writeresp'>

State 45 <SV = 44> <Delay = 7.30>
ST_45 : Operation 144 [27/70] (7.30ns)   --->   "%gmem_load_req = readreq i1 @_ssdm_op_ReadReq.m_axi.i512P1A, i512 %gmem_addr, i32 1" [/media/msi/SSD/Xilinx/Vitis_HLS/2022.1/common/technology/autopilot/hls_stream_39.h:174]   --->   Operation 144 'readreq' 'gmem_load_req' <Predicate = (!icmp_ln12 & !empty_42)> <Delay = 7.30> <CoreInst = "m_axi">   --->   Core 121 'm_axi' <Latency = 0> <II = 1> <Delay = 1.00> <Adapter> <Opcode : 'read' 'write' 'readreq' 'writereq' 'writeresp'>

State 46 <SV = 45> <Delay = 7.30>
ST_46 : Operation 145 [26/70] (7.30ns)   --->   "%gmem_load_req = readreq i1 @_ssdm_op_ReadReq.m_axi.i512P1A, i512 %gmem_addr, i32 1" [/media/msi/SSD/Xilinx/Vitis_HLS/2022.1/common/technology/autopilot/hls_stream_39.h:174]   --->   Operation 145 'readreq' 'gmem_load_req' <Predicate = (!icmp_ln12 & !empty_42)> <Delay = 7.30> <CoreInst = "m_axi">   --->   Core 121 'm_axi' <Latency = 0> <II = 1> <Delay = 1.00> <Adapter> <Opcode : 'read' 'write' 'readreq' 'writereq' 'writeresp'>

State 47 <SV = 46> <Delay = 7.30>
ST_47 : Operation 146 [25/70] (7.30ns)   --->   "%gmem_load_req = readreq i1 @_ssdm_op_ReadReq.m_axi.i512P1A, i512 %gmem_addr, i32 1" [/media/msi/SSD/Xilinx/Vitis_HLS/2022.1/common/technology/autopilot/hls_stream_39.h:174]   --->   Operation 146 'readreq' 'gmem_load_req' <Predicate = (!icmp_ln12 & !empty_42)> <Delay = 7.30> <CoreInst = "m_axi">   --->   Core 121 'm_axi' <Latency = 0> <II = 1> <Delay = 1.00> <Adapter> <Opcode : 'read' 'write' 'readreq' 'writereq' 'writeresp'>

State 48 <SV = 47> <Delay = 7.30>
ST_48 : Operation 147 [24/70] (7.30ns)   --->   "%gmem_load_req = readreq i1 @_ssdm_op_ReadReq.m_axi.i512P1A, i512 %gmem_addr, i32 1" [/media/msi/SSD/Xilinx/Vitis_HLS/2022.1/common/technology/autopilot/hls_stream_39.h:174]   --->   Operation 147 'readreq' 'gmem_load_req' <Predicate = (!icmp_ln12 & !empty_42)> <Delay = 7.30> <CoreInst = "m_axi">   --->   Core 121 'm_axi' <Latency = 0> <II = 1> <Delay = 1.00> <Adapter> <Opcode : 'read' 'write' 'readreq' 'writereq' 'writeresp'>

State 49 <SV = 48> <Delay = 7.30>
ST_49 : Operation 148 [23/70] (7.30ns)   --->   "%gmem_load_req = readreq i1 @_ssdm_op_ReadReq.m_axi.i512P1A, i512 %gmem_addr, i32 1" [/media/msi/SSD/Xilinx/Vitis_HLS/2022.1/common/technology/autopilot/hls_stream_39.h:174]   --->   Operation 148 'readreq' 'gmem_load_req' <Predicate = (!icmp_ln12 & !empty_42)> <Delay = 7.30> <CoreInst = "m_axi">   --->   Core 121 'm_axi' <Latency = 0> <II = 1> <Delay = 1.00> <Adapter> <Opcode : 'read' 'write' 'readreq' 'writereq' 'writeresp'>

State 50 <SV = 49> <Delay = 7.30>
ST_50 : Operation 149 [22/70] (7.30ns)   --->   "%gmem_load_req = readreq i1 @_ssdm_op_ReadReq.m_axi.i512P1A, i512 %gmem_addr, i32 1" [/media/msi/SSD/Xilinx/Vitis_HLS/2022.1/common/technology/autopilot/hls_stream_39.h:174]   --->   Operation 149 'readreq' 'gmem_load_req' <Predicate = (!icmp_ln12 & !empty_42)> <Delay = 7.30> <CoreInst = "m_axi">   --->   Core 121 'm_axi' <Latency = 0> <II = 1> <Delay = 1.00> <Adapter> <Opcode : 'read' 'write' 'readreq' 'writereq' 'writeresp'>

State 51 <SV = 50> <Delay = 7.30>
ST_51 : Operation 150 [21/70] (7.30ns)   --->   "%gmem_load_req = readreq i1 @_ssdm_op_ReadReq.m_axi.i512P1A, i512 %gmem_addr, i32 1" [/media/msi/SSD/Xilinx/Vitis_HLS/2022.1/common/technology/autopilot/hls_stream_39.h:174]   --->   Operation 150 'readreq' 'gmem_load_req' <Predicate = (!icmp_ln12 & !empty_42)> <Delay = 7.30> <CoreInst = "m_axi">   --->   Core 121 'm_axi' <Latency = 0> <II = 1> <Delay = 1.00> <Adapter> <Opcode : 'read' 'write' 'readreq' 'writereq' 'writeresp'>

State 52 <SV = 51> <Delay = 7.30>
ST_52 : Operation 151 [20/70] (7.30ns)   --->   "%gmem_load_req = readreq i1 @_ssdm_op_ReadReq.m_axi.i512P1A, i512 %gmem_addr, i32 1" [/media/msi/SSD/Xilinx/Vitis_HLS/2022.1/common/technology/autopilot/hls_stream_39.h:174]   --->   Operation 151 'readreq' 'gmem_load_req' <Predicate = (!icmp_ln12 & !empty_42)> <Delay = 7.30> <CoreInst = "m_axi">   --->   Core 121 'm_axi' <Latency = 0> <II = 1> <Delay = 1.00> <Adapter> <Opcode : 'read' 'write' 'readreq' 'writereq' 'writeresp'>

State 53 <SV = 52> <Delay = 7.30>
ST_53 : Operation 152 [19/70] (7.30ns)   --->   "%gmem_load_req = readreq i1 @_ssdm_op_ReadReq.m_axi.i512P1A, i512 %gmem_addr, i32 1" [/media/msi/SSD/Xilinx/Vitis_HLS/2022.1/common/technology/autopilot/hls_stream_39.h:174]   --->   Operation 152 'readreq' 'gmem_load_req' <Predicate = (!icmp_ln12 & !empty_42)> <Delay = 7.30> <CoreInst = "m_axi">   --->   Core 121 'm_axi' <Latency = 0> <II = 1> <Delay = 1.00> <Adapter> <Opcode : 'read' 'write' 'readreq' 'writereq' 'writeresp'>

State 54 <SV = 53> <Delay = 7.30>
ST_54 : Operation 153 [18/70] (7.30ns)   --->   "%gmem_load_req = readreq i1 @_ssdm_op_ReadReq.m_axi.i512P1A, i512 %gmem_addr, i32 1" [/media/msi/SSD/Xilinx/Vitis_HLS/2022.1/common/technology/autopilot/hls_stream_39.h:174]   --->   Operation 153 'readreq' 'gmem_load_req' <Predicate = (!icmp_ln12 & !empty_42)> <Delay = 7.30> <CoreInst = "m_axi">   --->   Core 121 'm_axi' <Latency = 0> <II = 1> <Delay = 1.00> <Adapter> <Opcode : 'read' 'write' 'readreq' 'writereq' 'writeresp'>

State 55 <SV = 54> <Delay = 7.30>
ST_55 : Operation 154 [17/70] (7.30ns)   --->   "%gmem_load_req = readreq i1 @_ssdm_op_ReadReq.m_axi.i512P1A, i512 %gmem_addr, i32 1" [/media/msi/SSD/Xilinx/Vitis_HLS/2022.1/common/technology/autopilot/hls_stream_39.h:174]   --->   Operation 154 'readreq' 'gmem_load_req' <Predicate = (!icmp_ln12 & !empty_42)> <Delay = 7.30> <CoreInst = "m_axi">   --->   Core 121 'm_axi' <Latency = 0> <II = 1> <Delay = 1.00> <Adapter> <Opcode : 'read' 'write' 'readreq' 'writereq' 'writeresp'>

State 56 <SV = 55> <Delay = 7.30>
ST_56 : Operation 155 [16/70] (7.30ns)   --->   "%gmem_load_req = readreq i1 @_ssdm_op_ReadReq.m_axi.i512P1A, i512 %gmem_addr, i32 1" [/media/msi/SSD/Xilinx/Vitis_HLS/2022.1/common/technology/autopilot/hls_stream_39.h:174]   --->   Operation 155 'readreq' 'gmem_load_req' <Predicate = (!icmp_ln12 & !empty_42)> <Delay = 7.30> <CoreInst = "m_axi">   --->   Core 121 'm_axi' <Latency = 0> <II = 1> <Delay = 1.00> <Adapter> <Opcode : 'read' 'write' 'readreq' 'writereq' 'writeresp'>

State 57 <SV = 56> <Delay = 7.30>
ST_57 : Operation 156 [15/70] (7.30ns)   --->   "%gmem_load_req = readreq i1 @_ssdm_op_ReadReq.m_axi.i512P1A, i512 %gmem_addr, i32 1" [/media/msi/SSD/Xilinx/Vitis_HLS/2022.1/common/technology/autopilot/hls_stream_39.h:174]   --->   Operation 156 'readreq' 'gmem_load_req' <Predicate = (!icmp_ln12 & !empty_42)> <Delay = 7.30> <CoreInst = "m_axi">   --->   Core 121 'm_axi' <Latency = 0> <II = 1> <Delay = 1.00> <Adapter> <Opcode : 'read' 'write' 'readreq' 'writereq' 'writeresp'>

State 58 <SV = 57> <Delay = 7.30>
ST_58 : Operation 157 [14/70] (7.30ns)   --->   "%gmem_load_req = readreq i1 @_ssdm_op_ReadReq.m_axi.i512P1A, i512 %gmem_addr, i32 1" [/media/msi/SSD/Xilinx/Vitis_HLS/2022.1/common/technology/autopilot/hls_stream_39.h:174]   --->   Operation 157 'readreq' 'gmem_load_req' <Predicate = (!icmp_ln12 & !empty_42)> <Delay = 7.30> <CoreInst = "m_axi">   --->   Core 121 'm_axi' <Latency = 0> <II = 1> <Delay = 1.00> <Adapter> <Opcode : 'read' 'write' 'readreq' 'writereq' 'writeresp'>

State 59 <SV = 58> <Delay = 7.30>
ST_59 : Operation 158 [13/70] (7.30ns)   --->   "%gmem_load_req = readreq i1 @_ssdm_op_ReadReq.m_axi.i512P1A, i512 %gmem_addr, i32 1" [/media/msi/SSD/Xilinx/Vitis_HLS/2022.1/common/technology/autopilot/hls_stream_39.h:174]   --->   Operation 158 'readreq' 'gmem_load_req' <Predicate = (!icmp_ln12 & !empty_42)> <Delay = 7.30> <CoreInst = "m_axi">   --->   Core 121 'm_axi' <Latency = 0> <II = 1> <Delay = 1.00> <Adapter> <Opcode : 'read' 'write' 'readreq' 'writereq' 'writeresp'>

State 60 <SV = 59> <Delay = 7.30>
ST_60 : Operation 159 [12/70] (7.30ns)   --->   "%gmem_load_req = readreq i1 @_ssdm_op_ReadReq.m_axi.i512P1A, i512 %gmem_addr, i32 1" [/media/msi/SSD/Xilinx/Vitis_HLS/2022.1/common/technology/autopilot/hls_stream_39.h:174]   --->   Operation 159 'readreq' 'gmem_load_req' <Predicate = (!icmp_ln12 & !empty_42)> <Delay = 7.30> <CoreInst = "m_axi">   --->   Core 121 'm_axi' <Latency = 0> <II = 1> <Delay = 1.00> <Adapter> <Opcode : 'read' 'write' 'readreq' 'writereq' 'writeresp'>

State 61 <SV = 60> <Delay = 7.30>
ST_61 : Operation 160 [11/70] (7.30ns)   --->   "%gmem_load_req = readreq i1 @_ssdm_op_ReadReq.m_axi.i512P1A, i512 %gmem_addr, i32 1" [/media/msi/SSD/Xilinx/Vitis_HLS/2022.1/common/technology/autopilot/hls_stream_39.h:174]   --->   Operation 160 'readreq' 'gmem_load_req' <Predicate = (!icmp_ln12 & !empty_42)> <Delay = 7.30> <CoreInst = "m_axi">   --->   Core 121 'm_axi' <Latency = 0> <II = 1> <Delay = 1.00> <Adapter> <Opcode : 'read' 'write' 'readreq' 'writereq' 'writeresp'>

State 62 <SV = 61> <Delay = 7.30>
ST_62 : Operation 161 [10/70] (7.30ns)   --->   "%gmem_load_req = readreq i1 @_ssdm_op_ReadReq.m_axi.i512P1A, i512 %gmem_addr, i32 1" [/media/msi/SSD/Xilinx/Vitis_HLS/2022.1/common/technology/autopilot/hls_stream_39.h:174]   --->   Operation 161 'readreq' 'gmem_load_req' <Predicate = (!icmp_ln12 & !empty_42)> <Delay = 7.30> <CoreInst = "m_axi">   --->   Core 121 'm_axi' <Latency = 0> <II = 1> <Delay = 1.00> <Adapter> <Opcode : 'read' 'write' 'readreq' 'writereq' 'writeresp'>

State 63 <SV = 62> <Delay = 7.30>
ST_63 : Operation 162 [9/70] (7.30ns)   --->   "%gmem_load_req = readreq i1 @_ssdm_op_ReadReq.m_axi.i512P1A, i512 %gmem_addr, i32 1" [/media/msi/SSD/Xilinx/Vitis_HLS/2022.1/common/technology/autopilot/hls_stream_39.h:174]   --->   Operation 162 'readreq' 'gmem_load_req' <Predicate = (!icmp_ln12 & !empty_42)> <Delay = 7.30> <CoreInst = "m_axi">   --->   Core 121 'm_axi' <Latency = 0> <II = 1> <Delay = 1.00> <Adapter> <Opcode : 'read' 'write' 'readreq' 'writereq' 'writeresp'>

State 64 <SV = 63> <Delay = 7.30>
ST_64 : Operation 163 [8/70] (7.30ns)   --->   "%gmem_load_req = readreq i1 @_ssdm_op_ReadReq.m_axi.i512P1A, i512 %gmem_addr, i32 1" [/media/msi/SSD/Xilinx/Vitis_HLS/2022.1/common/technology/autopilot/hls_stream_39.h:174]   --->   Operation 163 'readreq' 'gmem_load_req' <Predicate = (!icmp_ln12 & !empty_42)> <Delay = 7.30> <CoreInst = "m_axi">   --->   Core 121 'm_axi' <Latency = 0> <II = 1> <Delay = 1.00> <Adapter> <Opcode : 'read' 'write' 'readreq' 'writereq' 'writeresp'>

State 65 <SV = 64> <Delay = 7.30>
ST_65 : Operation 164 [7/70] (7.30ns)   --->   "%gmem_load_req = readreq i1 @_ssdm_op_ReadReq.m_axi.i512P1A, i512 %gmem_addr, i32 1" [/media/msi/SSD/Xilinx/Vitis_HLS/2022.1/common/technology/autopilot/hls_stream_39.h:174]   --->   Operation 164 'readreq' 'gmem_load_req' <Predicate = (!icmp_ln12 & !empty_42)> <Delay = 7.30> <CoreInst = "m_axi">   --->   Core 121 'm_axi' <Latency = 0> <II = 1> <Delay = 1.00> <Adapter> <Opcode : 'read' 'write' 'readreq' 'writereq' 'writeresp'>

State 66 <SV = 65> <Delay = 7.30>
ST_66 : Operation 165 [6/70] (7.30ns)   --->   "%gmem_load_req = readreq i1 @_ssdm_op_ReadReq.m_axi.i512P1A, i512 %gmem_addr, i32 1" [/media/msi/SSD/Xilinx/Vitis_HLS/2022.1/common/technology/autopilot/hls_stream_39.h:174]   --->   Operation 165 'readreq' 'gmem_load_req' <Predicate = (!icmp_ln12 & !empty_42)> <Delay = 7.30> <CoreInst = "m_axi">   --->   Core 121 'm_axi' <Latency = 0> <II = 1> <Delay = 1.00> <Adapter> <Opcode : 'read' 'write' 'readreq' 'writereq' 'writeresp'>

State 67 <SV = 66> <Delay = 7.30>
ST_67 : Operation 166 [5/70] (7.30ns)   --->   "%gmem_load_req = readreq i1 @_ssdm_op_ReadReq.m_axi.i512P1A, i512 %gmem_addr, i32 1" [/media/msi/SSD/Xilinx/Vitis_HLS/2022.1/common/technology/autopilot/hls_stream_39.h:174]   --->   Operation 166 'readreq' 'gmem_load_req' <Predicate = (!icmp_ln12 & !empty_42)> <Delay = 7.30> <CoreInst = "m_axi">   --->   Core 121 'm_axi' <Latency = 0> <II = 1> <Delay = 1.00> <Adapter> <Opcode : 'read' 'write' 'readreq' 'writereq' 'writeresp'>

State 68 <SV = 67> <Delay = 7.30>
ST_68 : Operation 167 [4/70] (7.30ns)   --->   "%gmem_load_req = readreq i1 @_ssdm_op_ReadReq.m_axi.i512P1A, i512 %gmem_addr, i32 1" [/media/msi/SSD/Xilinx/Vitis_HLS/2022.1/common/technology/autopilot/hls_stream_39.h:174]   --->   Operation 167 'readreq' 'gmem_load_req' <Predicate = (!icmp_ln12 & !empty_42)> <Delay = 7.30> <CoreInst = "m_axi">   --->   Core 121 'm_axi' <Latency = 0> <II = 1> <Delay = 1.00> <Adapter> <Opcode : 'read' 'write' 'readreq' 'writereq' 'writeresp'>

State 69 <SV = 68> <Delay = 7.30>
ST_69 : Operation 168 [3/70] (7.30ns)   --->   "%gmem_load_req = readreq i1 @_ssdm_op_ReadReq.m_axi.i512P1A, i512 %gmem_addr, i32 1" [/media/msi/SSD/Xilinx/Vitis_HLS/2022.1/common/technology/autopilot/hls_stream_39.h:174]   --->   Operation 168 'readreq' 'gmem_load_req' <Predicate = (!icmp_ln12 & !empty_42)> <Delay = 7.30> <CoreInst = "m_axi">   --->   Core 121 'm_axi' <Latency = 0> <II = 1> <Delay = 1.00> <Adapter> <Opcode : 'read' 'write' 'readreq' 'writereq' 'writeresp'>

State 70 <SV = 69> <Delay = 7.30>
ST_70 : Operation 169 [2/70] (7.30ns)   --->   "%gmem_load_req = readreq i1 @_ssdm_op_ReadReq.m_axi.i512P1A, i512 %gmem_addr, i32 1" [/media/msi/SSD/Xilinx/Vitis_HLS/2022.1/common/technology/autopilot/hls_stream_39.h:174]   --->   Operation 169 'readreq' 'gmem_load_req' <Predicate = (!icmp_ln12 & !empty_42)> <Delay = 7.30> <CoreInst = "m_axi">   --->   Core 121 'm_axi' <Latency = 0> <II = 1> <Delay = 1.00> <Adapter> <Opcode : 'read' 'write' 'readreq' 'writereq' 'writeresp'>

State 71 <SV = 70> <Delay = 7.30>
ST_71 : Operation 170 [1/70] (7.30ns)   --->   "%gmem_load_req = readreq i1 @_ssdm_op_ReadReq.m_axi.i512P1A, i512 %gmem_addr, i32 1" [/media/msi/SSD/Xilinx/Vitis_HLS/2022.1/common/technology/autopilot/hls_stream_39.h:174]   --->   Operation 170 'readreq' 'gmem_load_req' <Predicate = (!icmp_ln12 & !empty_42)> <Delay = 7.30> <CoreInst = "m_axi">   --->   Core 121 'm_axi' <Latency = 0> <II = 1> <Delay = 1.00> <Adapter> <Opcode : 'read' 'write' 'readreq' 'writereq' 'writeresp'>

State 72 <SV = 71> <Delay = 7.30>
ST_72 : Operation 171 [1/1] (7.30ns)   --->   "%gmem_addr_read = read i512 @_ssdm_op_Read.m_axi.i512P1A, i512 %gmem_addr" [/media/msi/SSD/Xilinx/Vitis_HLS/2022.1/common/technology/autopilot/hls_stream_39.h:174]   --->   Operation 171 'read' 'gmem_addr_read' <Predicate = (!icmp_ln12 & !empty_42)> <Delay = 7.30> <CoreInst = "m_axi">   --->   Core 121 'm_axi' <Latency = 0> <II = 1> <Delay = 1.00> <Adapter> <Opcode : 'read' 'write' 'readreq' 'writereq' 'writeresp'>
ST_72 : Operation 187 [1/1] (0.00ns)   --->   "%ret_ln0 = ret"   --->   Operation 187 'ret' 'ret_ln0' <Predicate = (icmp_ln12)> <Delay = 0.00>

State 73 <SV = 72> <Delay = 4.15>
ST_73 : Operation 172 [1/1] (0.00ns)   --->   "%shiftreg_load = load i32 %shiftreg"   --->   Operation 172 'load' 'shiftreg_load' <Predicate = (!icmp_ln12)> <Delay = 0.00>
ST_73 : Operation 173 [1/1] (0.00ns)   --->   "%shiftreg_cast = zext i32 %shiftreg_load"   --->   Operation 173 'zext' 'shiftreg_cast' <Predicate = (!icmp_ln12)> <Delay = 0.00>
ST_73 : Operation 174 [1/1] (0.00ns)   --->   "%specloopname_ln12 = specloopname void @_ssdm_op_SpecLoopName, void @empty_12" [softmax_10_bp/src/softmax_10_bp.cpp:12]   --->   Operation 174 'specloopname' 'specloopname_ln12' <Predicate = (!icmp_ln12)> <Delay = 0.00>
ST_73 : Operation 175 [1/1] (0.42ns)   --->   "%br_ln174 = br i1 %empty_42, void, void %for.inc11.split._crit_edge" [/media/msi/SSD/Xilinx/Vitis_HLS/2022.1/common/technology/autopilot/hls_stream_39.h:174]   --->   Operation 175 'br' 'br_ln174' <Predicate = (!icmp_ln12)> <Delay = 0.42>
ST_73 : Operation 176 [1/1] (0.00ns)   --->   "%shl_ln174_1 = bitconcatenate i9 @_ssdm_op_BitConcatenate.i9.i6.i3, i6 %add_ln174_1, i3 0" [/media/msi/SSD/Xilinx/Vitis_HLS/2022.1/common/technology/autopilot/hls_stream_39.h:174]   --->   Operation 176 'bitconcatenate' 'shl_ln174_1' <Predicate = (!icmp_ln12 & !empty_42)> <Delay = 0.00>
ST_73 : Operation 177 [1/1] (0.00ns)   --->   "%zext_ln174_1 = zext i9 %shl_ln174_1" [/media/msi/SSD/Xilinx/Vitis_HLS/2022.1/common/technology/autopilot/hls_stream_39.h:174]   --->   Operation 177 'zext' 'zext_ln174_1' <Predicate = (!icmp_ln12 & !empty_42)> <Delay = 0.00>
ST_73 : Operation 178 [1/1] (1.88ns)   --->   "%lshr_ln174 = lshr i512 %gmem_addr_read, i512 %zext_ln174_1" [/media/msi/SSD/Xilinx/Vitis_HLS/2022.1/common/technology/autopilot/hls_stream_39.h:174]   --->   Operation 178 'lshr' 'lshr_ln174' <Predicate = (!icmp_ln12 & !empty_42)> <Delay = 1.88> <CoreInst = "Shifter">   --->   Core 75 'Shifter' <Latency = 0> <II = 1> <Delay = 1.88> <FuncUnit> <Opcode : 'shl' 'lshr' 'ashr'> <InPorts = 2> <OutPorts = 1>
ST_73 : Operation 179 [1/1] (0.00ns)   --->   "%trunc_ln174 = trunc i512 %lshr_ln174" [/media/msi/SSD/Xilinx/Vitis_HLS/2022.1/common/technology/autopilot/hls_stream_39.h:174]   --->   Operation 179 'trunc' 'trunc_ln174' <Predicate = (!icmp_ln12 & !empty_42)> <Delay = 0.00>
ST_73 : Operation 180 [1/1] (0.42ns)   --->   "%br_ln174 = br void %for.inc11.split._crit_edge" [/media/msi/SSD/Xilinx/Vitis_HLS/2022.1/common/technology/autopilot/hls_stream_39.h:174]   --->   Operation 180 'br' 'br_ln174' <Predicate = (!icmp_ln12 & !empty_42)> <Delay = 0.42>
ST_73 : Operation 181 [1/1] (0.00ns)   --->   "%empty_41 = phi i64 %trunc_ln174, void, i64 %shiftreg_cast, void %for.inc11.split" [/media/msi/SSD/Xilinx/Vitis_HLS/2022.1/common/technology/autopilot/hls_stream_39.h:174]   --->   Operation 181 'phi' 'empty_41' <Predicate = true> <Delay = 0.00>
ST_73 : Operation 182 [1/1] (0.00ns)   --->   "%trunc_ln174_1 = trunc i64 %empty_41" [/media/msi/SSD/Xilinx/Vitis_HLS/2022.1/common/technology/autopilot/hls_stream_39.h:174]   --->   Operation 182 'trunc' 'trunc_ln174_1' <Predicate = true> <Delay = 0.00>
ST_73 : Operation 183 [1/1] (0.00ns)   --->   "%trunc_ln174_4 = partselect i32 @_ssdm_op_PartSelect.i32.i64.i32.i32, i64 %empty_41, i32 32, i32 63" [/media/msi/SSD/Xilinx/Vitis_HLS/2022.1/common/technology/autopilot/hls_stream_39.h:174]   --->   Operation 183 'partselect' 'trunc_ln174_4' <Predicate = true> <Delay = 0.00>
ST_73 : Operation 184 [1/1] (1.83ns)   --->   "%write_ln174 = write void @_ssdm_op_Write.ap_fifo.volatile.i32P0A, i32 %softmax_f_map_stream14, i32 %trunc_ln174_1" [/media/msi/SSD/Xilinx/Vitis_HLS/2022.1/common/technology/autopilot/hls_stream_39.h:174]   --->   Operation 184 'write' 'write_ln174' <Predicate = true> <Delay = 1.83> <CoreInst = "FIFO_SRL">   --->   Core 81 'FIFO_SRL' <Latency = 0> <II = 1> <Delay = 1.83> <Storage> <Opcode : 'read' 'write' 'nbread' 'nbwrite'> <Ports = 0> <Width = 32> <Depth = 2> <FIFO>
ST_73 : Operation 185 [1/1] (0.42ns)   --->   "%store_ln12 = store i32 %trunc_ln174_4, i32 %shiftreg" [softmax_10_bp/src/softmax_10_bp.cpp:12]   --->   Operation 185 'store' 'store_ln12' <Predicate = true> <Delay = 0.42>
ST_73 : Operation 186 [1/1] (0.00ns)   --->   "%br_ln12 = br void %for.inc11" [softmax_10_bp/src/softmax_10_bp.cpp:12]   --->   Operation 186 'br' 'br_ln12' <Predicate = true> <Delay = 0.00>


============================================================
+ Verbose Summary: Binding
============================================================
STG Binding: 
---------------- STG Properties BEGIN ----------------
- Is combinational: 0
- Is one-state seq: 0
- Is datapath-only: 0
- Is pipelined: 0
- Is top level: 0
Port [ Return ] is wired: 1; IO mode=ap_ctrl_hs:ce=0
Port [ softmax_f_map_stream14]:  wired=1; compound=1; hidden=0; nouse=0; global=0; static=0; extern=0; dir=1; type=3; pingpong=0; private_global=0; IO mode=ap_fifo:ce=0
Port [ layer_output]:  wired=1; compound=0; hidden=0; nouse=0; global=0; static=0; extern=0; dir=0; type=0; pingpong=0; private_global=0; IO mode=ap_none:ce=0
Port [ gmem]:  wired=1; compound=1; hidden=0; nouse=0; global=0; static=0; extern=0; dir=0; type=4; pingpong=0; private_global=0; IO mode=m_axi:ce=0
Port [ trunc_ln]:  wired=1; compound=0; hidden=0; nouse=0; global=0; static=0; extern=0; dir=0; type=0; pingpong=0; private_global=0; IO mode=ap_none:ce=0
---------------- STG Properties END ------------------

---------------- Datapath Model BEGIN ----------------

<LifeTime>
<method=bitvector/>
shiftreg          (alloca           ) [ 01111111111111111111111111111111111111111111111111111111111111111111111111]
i                 (alloca           ) [ 01000000000000000000000000000000000000000000000000000000000000000000000000]
specinterface_ln0 (specinterface    ) [ 00000000000000000000000000000000000000000000000000000000000000000000000000]
specinterface_ln0 (specinterface    ) [ 00000000000000000000000000000000000000000000000000000000000000000000000000]
trunc_ln_read     (read             ) [ 00000000000000000000000000000000000000000000000000000000000000000000000000]
layer_output_read (read             ) [ 00000000000000000000000000000000000000000000000000000000000000000000000000]
store_ln0         (store            ) [ 00000000000000000000000000000000000000000000000000000000000000000000000000]
store_ln0         (store            ) [ 00000000000000000000000000000000000000000000000000000000000000000000000000]
br_ln0            (br               ) [ 00000000000000000000000000000000000000000000000000000000000000000000000000]
i_2               (load             ) [ 00000000000000000000000000000000000000000000000000000000000000000000000000]
specpipeline_ln0  (specpipeline     ) [ 00000000000000000000000000000000000000000000000000000000000000000000000000]
icmp_ln12         (icmp             ) [ 01111111111111111111111111111111111111111111111111111111111111111111111111]
empty             (speclooptripcount) [ 00000000000000000000000000000000000000000000000000000000000000000000000000]
add_ln12          (add              ) [ 00000000000000000000000000000000000000000000000000000000000000000000000000]
br_ln12           (br               ) [ 00000000000000000000000000000000000000000000000000000000000000000000000000]
empty_42          (trunc            ) [ 01111111111111111111111111111111111111111111111111111111111111111111111111]
tmp_s             (partselect       ) [ 00000000000000000000000000000000000000000000000000000000000000000000000000]
and_ln            (bitconcatenate   ) [ 00000000000000000000000000000000000000000000000000000000000000000000000000]
zext_ln174        (zext             ) [ 00000000000000000000000000000000000000000000000000000000000000000000000000]
add_ln174         (add              ) [ 00000000000000000000000000000000000000000000000000000000000000000000000000]
trunc_ln174_3     (partselect       ) [ 01100000000000000000000000000000000000000000000000000000000000000000000000]
add_ln174_1       (add              ) [ 01111111111111111111111111111111111111111111111111111111111111111111111111]
store_ln12        (store            ) [ 00000000000000000000000000000000000000000000000000000000000000000000000000]
sext_ln174        (sext             ) [ 00000000000000000000000000000000000000000000000000000000000000000000000000]
gmem_addr         (getelementptr    ) [ 01011111111111111111111111111111111111111111111111111111111111111111111110]
gmem_load_req     (readreq          ) [ 00000000000000000000000000000000000000000000000000000000000000000000000000]
gmem_addr_read    (read             ) [ 01000000000000000000000000000000000000000000000000000000000000000000000001]
shiftreg_load     (load             ) [ 00000000000000000000000000000000000000000000000000000000000000000000000000]
shiftreg_cast     (zext             ) [ 00000000000000000000000000000000000000000000000000000000000000000000000000]
specloopname_ln12 (specloopname     ) [ 00000000000000000000000000000000000000000000000000000000000000000000000000]
br_ln174          (br               ) [ 00000000000000000000000000000000000000000000000000000000000000000000000000]
shl_ln174_1       (bitconcatenate   ) [ 00000000000000000000000000000000000000000000000000000000000000000000000000]
zext_ln174_1      (zext             ) [ 00000000000000000000000000000000000000000000000000000000000000000000000000]
lshr_ln174        (lshr             ) [ 00000000000000000000000000000000000000000000000000000000000000000000000000]
trunc_ln174       (trunc            ) [ 00000000000000000000000000000000000000000000000000000000000000000000000000]
br_ln174          (br               ) [ 00000000000000000000000000000000000000000000000000000000000000000000000000]
empty_41          (phi              ) [ 00000000000000000000000000000000000000000000000000000000000000000000000000]
trunc_ln174_1     (trunc            ) [ 00000000000000000000000000000000000000000000000000000000000000000000000000]
trunc_ln174_4     (partselect       ) [ 00000000000000000000000000000000000000000000000000000000000000000000000000]
write_ln174       (write            ) [ 00000000000000000000000000000000000000000000000000000000000000000000000000]
store_ln12        (store            ) [ 00000000000000000000000000000000000000000000000000000000000000000000000000]
br_ln12           (br               ) [ 00000000000000000000000000000000000000000000000000000000000000000000000000]
ret_ln0           (ret              ) [ 00000000000000000000000000000000000000000000000000000000000000000000000000]
</LifeTime>

<model>

<comp_list>
<comp id="0" class="1000" name="softmax_f_map_stream14">
<pin_list>
<pin id="1" dir="1" index="0" bw="1" slack="0"/>
</pin_list>
<bind>
<StgValue><ssdm name="softmax_f_map_stream14"/></StgValue>
</bind>
</comp>

<comp id="2" class="1000" name="layer_output">
<pin_list>
<pin id="3" dir="1" index="0" bw="1" slack="0"/>
</pin_list>
<bind>
<StgValue><ssdm name="layer_output"/></StgValue>
</bind>
</comp>

<comp id="4" class="1000" name="gmem">
<pin_list>
<pin id="5" dir="1" index="0" bw="1" slack="0"/>
</pin_list>
<bind>
<StgValue><ssdm name="gmem"/></StgValue>
</bind>
</comp>

<comp id="6" class="1000" name="trunc_ln">
<pin_list>
<pin id="7" dir="1" index="0" bw="1" slack="0"/>
</pin_list>
<bind>
<StgValue><ssdm name="trunc_ln"/></StgValue>
</bind>
</comp>

<comp id="8" class="1001" name="const_8">
<pin_list>
<pin id="9" dir="1" index="0" bw="1" slack="0"/>
</pin_list>
<bind>
<StgValue><ssdm name=""/></StgValue>
</bind>
</comp>

<comp id="10" class="1001" name="const_10">
<pin_list>
<pin id="11" dir="1" index="0" bw="1" slack="2147483647"/>
</pin_list>
<bind>
<StgValue><ssdm name="_ssdm_op_SpecInterface"/></StgValue>
</bind>
</comp>

<comp id="12" class="1001" name="const_12">
<pin_list>
<pin id="13" dir="1" index="0" bw="1" slack="2147483647"/>
</pin_list>
<bind>
<StgValue><ssdm name="empty_14"/></StgValue>
</bind>
</comp>

<comp id="14" class="1001" name="const_14">
<pin_list>
<pin id="15" dir="1" index="0" bw="1" slack="0"/>
</pin_list>
<bind>
<StgValue><ssdm name=""/></StgValue>
</bind>
</comp>

<comp id="16" class="1001" name="const_16">
<pin_list>
<pin id="17" dir="1" index="0" bw="1" slack="2147483647"/>
</pin_list>
<bind>
<StgValue><ssdm name="empty_17"/></StgValue>
</bind>
</comp>

<comp id="18" class="1001" name="const_18">
<pin_list>
<pin id="19" dir="1" index="0" bw="1" slack="2147483647"/>
</pin_list>
<bind>
<StgValue><ssdm name=""/></StgValue>
</bind>
</comp>

<comp id="20" class="1001" name="const_20">
<pin_list>
<pin id="21" dir="1" index="0" bw="1" slack="2147483647"/>
</pin_list>
<bind>
<StgValue><ssdm name="empty_0"/></StgValue>
</bind>
</comp>

<comp id="22" class="1001" name="const_22">
<pin_list>
<pin id="23" dir="1" index="0" bw="1" slack="2147483647"/>
</pin_list>
<bind>
<StgValue><ssdm name="empty"/></StgValue>
</bind>
</comp>

<comp id="24" class="1001" name="const_24">
<pin_list>
<pin id="25" dir="1" index="0" bw="1" slack="2147483647"/>
</pin_list>
<bind>
<StgValue><ssdm name=""/></StgValue>
</bind>
</comp>

<comp id="26" class="1001" name="const_26">
<pin_list>
<pin id="27" dir="1" index="0" bw="1" slack="2147483647"/>
</pin_list>
<bind>
<StgValue><ssdm name=""/></StgValue>
</bind>
</comp>

<comp id="28" class="1001" name="const_28">
<pin_list>
<pin id="29" dir="1" index="0" bw="1" slack="2147483647"/>
</pin_list>
<bind>
<StgValue><ssdm name="empty_9"/></StgValue>
</bind>
</comp>

<comp id="30" class="1001" name="const_30">
<pin_list>
<pin id="31" dir="1" index="0" bw="1" slack="0"/>
</pin_list>
<bind>
<StgValue><ssdm name="_ssdm_op_Read.ap_auto.i6"/></StgValue>
</bind>
</comp>

<comp id="32" class="1001" name="const_32">
<pin_list>
<pin id="33" dir="1" index="0" bw="1" slack="0"/>
</pin_list>
<bind>
<StgValue><ssdm name="_ssdm_op_Read.ap_auto.i64"/></StgValue>
</bind>
</comp>

<comp id="34" class="1001" name="const_34">
<pin_list>
<pin id="35" dir="1" index="0" bw="1" slack="0"/>
</pin_list>
<bind>
<StgValue><ssdm name=""/></StgValue>
</bind>
</comp>

<comp id="36" class="1001" name="const_36">
<pin_list>
<pin id="37" dir="1" index="0" bw="1" slack="2147483647"/>
</pin_list>
<bind>
<StgValue><ssdm name="_ssdm_op_SpecPipeline"/></StgValue>
</bind>
</comp>

<comp id="38" class="1001" name="const_38">
<pin_list>
<pin id="39" dir="1" index="0" bw="1" slack="2147483647"/>
</pin_list>
<bind>
<StgValue><ssdm name="p_str"/></StgValue>
</bind>
</comp>

<comp id="40" class="1001" name="const_40">
<pin_list>
<pin id="41" dir="1" index="0" bw="1" slack="0"/>
</pin_list>
<bind>
<StgValue><ssdm name=""/></StgValue>
</bind>
</comp>

<comp id="42" class="1001" name="const_42">
<pin_list>
<pin id="43" dir="1" index="0" bw="1" slack="2147483647"/>
</pin_list>
<bind>
<StgValue><ssdm name="_ssdm_op_SpecLoopTripCount"/></StgValue>
</bind>
</comp>

<comp id="44" class="1001" name="const_44">
<pin_list>
<pin id="45" dir="1" index="0" bw="1" slack="2147483647"/>
</pin_list>
<bind>
<StgValue><ssdm name=""/></StgValue>
</bind>
</comp>

<comp id="46" class="1001" name="const_46">
<pin_list>
<pin id="47" dir="1" index="0" bw="1" slack="0"/>
</pin_list>
<bind>
<StgValue><ssdm name=""/></StgValue>
</bind>
</comp>

<comp id="48" class="1001" name="const_48">
<pin_list>
<pin id="49" dir="1" index="0" bw="1" slack="0"/>
</pin_list>
<bind>
<StgValue><ssdm name="_ssdm_op_PartSelect.i3.i4.i32.i32"/></StgValue>
</bind>
</comp>

<comp id="50" class="1001" name="const_50">
<pin_list>
<pin id="51" dir="1" index="0" bw="1" slack="0"/>
</pin_list>
<bind>
<StgValue><ssdm name=""/></StgValue>
</bind>
</comp>

<comp id="52" class="1001" name="const_52">
<pin_list>
<pin id="53" dir="1" index="0" bw="1" slack="0"/>
</pin_list>
<bind>
<StgValue><ssdm name="_ssdm_op_BitConcatenate.i6.i3.i3"/></StgValue>
</bind>
</comp>

<comp id="54" class="1001" name="const_54">
<pin_list>
<pin id="55" dir="1" index="0" bw="1" slack="0"/>
</pin_list>
<bind>
<StgValue><ssdm name=""/></StgValue>
</bind>
</comp>

<comp id="56" class="1001" name="const_56">
<pin_list>
<pin id="57" dir="1" index="0" bw="1" slack="0"/>
</pin_list>
<bind>
<StgValue><ssdm name="_ssdm_op_PartSelect.i58.i64.i32.i32"/></StgValue>
</bind>
</comp>

<comp id="58" class="1001" name="const_58">
<pin_list>
<pin id="59" dir="1" index="0" bw="1" slack="0"/>
</pin_list>
<bind>
<StgValue><ssdm name=""/></StgValue>
</bind>
</comp>

<comp id="60" class="1001" name="const_60">
<pin_list>
<pin id="61" dir="1" index="0" bw="1" slack="0"/>
</pin_list>
<bind>
<StgValue><ssdm name=""/></StgValue>
</bind>
</comp>

<comp id="62" class="1001" name="const_62">
<pin_list>
<pin id="63" dir="1" index="0" bw="1" slack="0"/>
</pin_list>
<bind>
<StgValue><ssdm name="_ssdm_op_ReadReq.m_axi.i512P1A"/></StgValue>
</bind>
</comp>

<comp id="64" class="1001" name="const_64">
<pin_list>
<pin id="65" dir="1" index="0" bw="1" slack="0"/>
</pin_list>
<bind>
<StgValue><ssdm name="_ssdm_op_Read.m_axi.i512P1A"/></StgValue>
</bind>
</comp>

<comp id="66" class="1001" name="const_66">
<pin_list>
<pin id="67" dir="1" index="0" bw="1" slack="2147483647"/>
</pin_list>
<bind>
<StgValue><ssdm name="_ssdm_op_SpecLoopName"/></StgValue>
</bind>
</comp>

<comp id="68" class="1001" name="const_68">
<pin_list>
<pin id="69" dir="1" index="0" bw="1" slack="2147483647"/>
</pin_list>
<bind>
<StgValue><ssdm name="empty_12"/></StgValue>
</bind>
</comp>

<comp id="70" class="1001" name="const_70">
<pin_list>
<pin id="71" dir="1" index="0" bw="1" slack="0"/>
</pin_list>
<bind>
<StgValue><ssdm name="_ssdm_op_BitConcatenate.i9.i6.i3"/></StgValue>
</bind>
</comp>

<comp id="72" class="1001" name="const_72">
<pin_list>
<pin id="73" dir="1" index="0" bw="1" slack="0"/>
</pin_list>
<bind>
<StgValue><ssdm name="_ssdm_op_PartSelect.i32.i64.i32.i32"/></StgValue>
</bind>
</comp>

<comp id="74" class="1001" name="const_74">
<pin_list>
<pin id="75" dir="1" index="0" bw="1" slack="0"/>
</pin_list>
<bind>
<StgValue><ssdm name=""/></StgValue>
</bind>
</comp>

<comp id="76" class="1001" name="const_76">
<pin_list>
<pin id="77" dir="1" index="0" bw="1" slack="0"/>
</pin_list>
<bind>
<StgValue><ssdm name="_ssdm_op_Write.ap_fifo.volatile.i32P0A"/></StgValue>
</bind>
</comp>

<comp id="78" class="1004" name="shiftreg_fu_78">
<pin_list>
<pin id="79" dir="0" index="0" bw="1" slack="0"/>
<pin id="80" dir="1" index="1" bw="32" slack="0"/>
</pin_list>
<bind>
<opcode="alloca(26) " fcode="alloca"/>
<opset="shiftreg/1 "/>
</bind>
</comp>

<comp id="82" class="1004" name="i_fu_82">
<pin_list>
<pin id="83" dir="0" index="0" bw="1" slack="0"/>
<pin id="84" dir="1" index="1" bw="4" slack="0"/>
</pin_list>
<bind>
<opcode="alloca(26) " fcode="alloca"/>
<opset="i/1 "/>
</bind>
</comp>

<comp id="86" class="1004" name="trunc_ln_read_read_fu_86">
<pin_list>
<pin id="87" dir="0" index="0" bw="6" slack="0"/>
<pin id="88" dir="0" index="1" bw="6" slack="0"/>
<pin id="89" dir="1" index="2" bw="6" slack="0"/>
</pin_list>
<bind>
<opcode="read(1150) " fcode="read"/>
<opset="trunc_ln_read/1 "/>
</bind>
</comp>

<comp id="92" class="1004" name="layer_output_read_read_fu_92">
<pin_list>
<pin id="93" dir="0" index="0" bw="64" slack="0"/>
<pin id="94" dir="0" index="1" bw="64" slack="0"/>
<pin id="95" dir="1" index="2" bw="64" slack="0"/>
</pin_list>
<bind>
<opcode="read(1150) " fcode="read"/>
<opset="layer_output_read/1 "/>
</bind>
</comp>

<comp id="98" class="1004" name="grp_readreq_fu_98">
<pin_list>
<pin id="99" dir="0" index="0" bw="1" slack="0"/>
<pin id="100" dir="0" index="1" bw="512" slack="0"/>
<pin id="101" dir="0" index="2" bw="1" slack="0"/>
<pin id="102" dir="1" index="3" bw="1" slack="2147483647"/>
</pin_list>
<bind>
<opcode="readreq(1154) " fcode="readreq"/>
<opset="gmem_load_req/2 "/>
</bind>
</comp>

<comp id="105" class="1004" name="gmem_addr_read_read_fu_105">
<pin_list>
<pin id="106" dir="0" index="0" bw="512" slack="0"/>
<pin id="107" dir="0" index="1" bw="512" slack="70"/>
<pin id="108" dir="1" index="2" bw="512" slack="1"/>
</pin_list>
<bind>
<opcode="read(1150) " fcode="read"/>
<opset="gmem_addr_read/72 "/>
</bind>
</comp>

<comp id="110" class="1004" name="write_ln174_write_fu_110">
<pin_list>
<pin id="111" dir="0" index="0" bw="0" slack="0"/>
<pin id="112" dir="0" index="1" bw="32" slack="0"/>
<pin id="113" dir="0" index="2" bw="32" slack="0"/>
<pin id="114" dir="1" index="3" bw="0" slack="2147483647"/>
</pin_list>
<bind>
<opcode="write(1151) " fcode="write"/>
<opset="write_ln174/73 "/>
</bind>
</comp>

<comp id="117" class="1005" name="empty_41_reg_117">
<pin_list>
<pin id="118" dir="0" index="0" bw="64" slack="2147483647"/>
<pin id="119" dir="1" index="1" bw="64" slack="2147483647"/>
</pin_list>
<bind>
<opset="empty_41 (phireg) "/>
</bind>
</comp>

<comp id="120" class="1004" name="empty_41_phi_fu_120">
<pin_list>
<pin id="121" dir="0" index="0" bw="64" slack="0"/>
<pin id="122" dir="0" index="1" bw="0" slack="2147483647"/>
<pin id="123" dir="0" index="2" bw="32" slack="0"/>
<pin id="124" dir="0" index="3" bw="0" slack="2147483647"/>
<pin id="125" dir="1" index="4" bw="64" slack="0"/>
</pin_list>
<bind>
<opcode="phi(47) " fcode="phi"/>
<opset="empty_41/73 "/>
</bind>
</comp>

<comp id="126" class="1004" name="store_ln0_store_fu_126">
<pin_list>
<pin id="127" dir="0" index="0" bw="1" slack="0"/>
<pin id="128" dir="0" index="1" bw="4" slack="0"/>
<pin id="129" dir="1" index="2" bw="0" slack="2147483647"/>
</pin_list>
<bind>
<opcode="store(28) " fcode="store"/>
<opset="store_ln0/1 "/>
</bind>
</comp>

<comp id="131" class="1004" name="store_ln0_store_fu_131">
<pin_list>
<pin id="132" dir="0" index="0" bw="1" slack="0"/>
<pin id="133" dir="0" index="1" bw="32" slack="0"/>
<pin id="134" dir="1" index="2" bw="0" slack="2147483647"/>
</pin_list>
<bind>
<opcode="store(28) " fcode="store"/>
<opset="store_ln0/1 "/>
</bind>
</comp>

<comp id="136" class="1004" name="i_2_load_fu_136">
<pin_list>
<pin id="137" dir="0" index="0" bw="4" slack="0"/>
<pin id="138" dir="1" index="1" bw="4" slack="0"/>
</pin_list>
<bind>
<opcode="load(27) " fcode="load"/>
<opset="i_2/1 "/>
</bind>
</comp>

<comp id="139" class="1004" name="icmp_ln12_fu_139">
<pin_list>
<pin id="140" dir="0" index="0" bw="4" slack="0"/>
<pin id="141" dir="0" index="1" bw="4" slack="0"/>
<pin id="142" dir="1" index="2" bw="1" slack="1"/>
</pin_list>
<bind>
<opcode="icmp(45) " fcode="icmp"/>
<opset="icmp_ln12/1 "/>
</bind>
</comp>

<comp id="145" class="1004" name="add_ln12_fu_145">
<pin_list>
<pin id="146" dir="0" index="0" bw="4" slack="0"/>
<pin id="147" dir="0" index="1" bw="1" slack="0"/>
<pin id="148" dir="1" index="2" bw="4" slack="0"/>
</pin_list>
<bind>
<opcode="add(8) " fcode="add"/>
<opset="add_ln12/1 "/>
</bind>
</comp>

<comp id="151" class="1004" name="empty_42_fu_151">
<pin_list>
<pin id="152" dir="0" index="0" bw="4" slack="0"/>
<pin id="153" dir="1" index="1" bw="1" slack="1"/>
</pin_list>
<bind>
<opcode="trunc(33) " fcode="trunc"/>
<opset="empty_42/1 "/>
</bind>
</comp>

<comp id="155" class="1004" name="tmp_s_fu_155">
<pin_list>
<pin id="156" dir="0" index="0" bw="3" slack="0"/>
<pin id="157" dir="0" index="1" bw="4" slack="0"/>
<pin id="158" dir="0" index="2" bw="1" slack="0"/>
<pin id="159" dir="0" index="3" bw="3" slack="0"/>
<pin id="160" dir="1" index="4" bw="3" slack="0"/>
</pin_list>
<bind>
<opcode="partselect(1002) " fcode="partselect"/>
<opset="tmp_s/1 "/>
</bind>
</comp>

<comp id="165" class="1004" name="and_ln_fu_165">
<pin_list>
<pin id="166" dir="0" index="0" bw="6" slack="0"/>
<pin id="167" dir="0" index="1" bw="3" slack="0"/>
<pin id="168" dir="0" index="2" bw="1" slack="0"/>
<pin id="169" dir="1" index="3" bw="6" slack="0"/>
</pin_list>
<bind>
<opcode="bitconcatenate(1004) " fcode="bitconcatenate"/>
<opset="and_ln/1 "/>
</bind>
</comp>

<comp id="173" class="1004" name="zext_ln174_fu_173">
<pin_list>
<pin id="174" dir="0" index="0" bw="6" slack="0"/>
<pin id="175" dir="1" index="1" bw="64" slack="0"/>
</pin_list>
<bind>
<opcode="zext(34) " fcode="zext"/>
<opset="zext_ln174/1 "/>
</bind>
</comp>

<comp id="177" class="1004" name="add_ln174_fu_177">
<pin_list>
<pin id="178" dir="0" index="0" bw="6" slack="0"/>
<pin id="179" dir="0" index="1" bw="64" slack="0"/>
<pin id="180" dir="1" index="2" bw="64" slack="0"/>
</pin_list>
<bind>
<opcode="add(8) " fcode="add"/>
<opset="add_ln174/1 "/>
</bind>
</comp>

<comp id="183" class="1004" name="trunc_ln174_3_fu_183">
<pin_list>
<pin id="184" dir="0" index="0" bw="58" slack="0"/>
<pin id="185" dir="0" index="1" bw="64" slack="0"/>
<pin id="186" dir="0" index="2" bw="4" slack="0"/>
<pin id="187" dir="0" index="3" bw="7" slack="0"/>
<pin id="188" dir="1" index="4" bw="58" slack="1"/>
</pin_list>
<bind>
<opcode="partselect(1002) " fcode="partselect"/>
<opset="trunc_ln174_3/1 "/>
</bind>
</comp>

<comp id="193" class="1004" name="add_ln174_1_fu_193">
<pin_list>
<pin id="194" dir="0" index="0" bw="6" slack="0"/>
<pin id="195" dir="0" index="1" bw="6" slack="0"/>
<pin id="196" dir="1" index="2" bw="6" slack="72"/>
</pin_list>
<bind>
<opcode="add(8) " fcode="add"/>
<opset="add_ln174_1/1 "/>
</bind>
</comp>

<comp id="199" class="1004" name="store_ln12_store_fu_199">
<pin_list>
<pin id="200" dir="0" index="0" bw="4" slack="0"/>
<pin id="201" dir="0" index="1" bw="4" slack="0"/>
<pin id="202" dir="1" index="2" bw="0" slack="2147483647"/>
</pin_list>
<bind>
<opcode="store(28) " fcode="store"/>
<opset="store_ln12/1 "/>
</bind>
</comp>

<comp id="204" class="1004" name="sext_ln174_fu_204">
<pin_list>
<pin id="205" dir="0" index="0" bw="58" slack="1"/>
<pin id="206" dir="1" index="1" bw="64" slack="0"/>
</pin_list>
<bind>
<opcode="sext(35) " fcode="sext"/>
<opset="sext_ln174/2 "/>
</bind>
</comp>

<comp id="207" class="1004" name="gmem_addr_fu_207">
<pin_list>
<pin id="208" dir="0" index="0" bw="512" slack="0"/>
<pin id="209" dir="0" index="1" bw="58" slack="0"/>
<pin id="210" dir="1" index="2" bw="512" slack="0"/>
</pin_list>
<bind>
<opcode="getelementptr(29) " fcode="getelementptr"/>
<opset="gmem_addr/2 "/>
</bind>
</comp>

<comp id="214" class="1004" name="shiftreg_load_load_fu_214">
<pin_list>
<pin id="215" dir="0" index="0" bw="32" slack="72"/>
<pin id="216" dir="1" index="1" bw="32" slack="0"/>
</pin_list>
<bind>
<opcode="load(27) " fcode="load"/>
<opset="shiftreg_load/73 "/>
</bind>
</comp>

<comp id="217" class="1004" name="shiftreg_cast_fu_217">
<pin_list>
<pin id="218" dir="0" index="0" bw="32" slack="0"/>
<pin id="219" dir="1" index="1" bw="64" slack="0"/>
</pin_list>
<bind>
<opcode="zext(34) " fcode="zext"/>
<opset="shiftreg_cast/73 "/>
</bind>
</comp>

<comp id="222" class="1004" name="shl_ln174_1_fu_222">
<pin_list>
<pin id="223" dir="0" index="0" bw="9" slack="0"/>
<pin id="224" dir="0" index="1" bw="6" slack="72"/>
<pin id="225" dir="0" index="2" bw="1" slack="0"/>
<pin id="226" dir="1" index="3" bw="9" slack="0"/>
</pin_list>
<bind>
<opcode="bitconcatenate(1004) " fcode="bitconcatenate"/>
<opset="shl_ln174_1/73 "/>
</bind>
</comp>

<comp id="229" class="1004" name="zext_ln174_1_fu_229">
<pin_list>
<pin id="230" dir="0" index="0" bw="9" slack="0"/>
<pin id="231" dir="1" index="1" bw="512" slack="0"/>
</pin_list>
<bind>
<opcode="zext(34) " fcode="zext"/>
<opset="zext_ln174_1/73 "/>
</bind>
</comp>

<comp id="233" class="1004" name="lshr_ln174_fu_233">
<pin_list>
<pin id="234" dir="0" index="0" bw="512" slack="1"/>
<pin id="235" dir="0" index="1" bw="9" slack="0"/>
<pin id="236" dir="1" index="2" bw="512" slack="0"/>
</pin_list>
<bind>
<opcode="lshr(21) " fcode="lshr"/>
<opset="lshr_ln174/73 "/>
</bind>
</comp>

<comp id="238" class="1004" name="trunc_ln174_fu_238">
<pin_list>
<pin id="239" dir="0" index="0" bw="512" slack="0"/>
<pin id="240" dir="1" index="1" bw="64" slack="0"/>
</pin_list>
<bind>
<opcode="trunc(33) " fcode="trunc"/>
<opset="trunc_ln174/73 "/>
</bind>
</comp>

<comp id="243" class="1004" name="trunc_ln174_1_fu_243">
<pin_list>
<pin id="244" dir="0" index="0" bw="64" slack="0"/>
<pin id="245" dir="1" index="1" bw="32" slack="0"/>
</pin_list>
<bind>
<opcode="trunc(33) " fcode="trunc"/>
<opset="trunc_ln174_1/73 "/>
</bind>
</comp>

<comp id="248" class="1004" name="trunc_ln174_4_fu_248">
<pin_list>
<pin id="249" dir="0" index="0" bw="32" slack="0"/>
<pin id="250" dir="0" index="1" bw="64" slack="0"/>
<pin id="251" dir="0" index="2" bw="7" slack="0"/>
<pin id="252" dir="0" index="3" bw="7" slack="0"/>
<pin id="253" dir="1" index="4" bw="32" slack="0"/>
</pin_list>
<bind>
<opcode="partselect(1002) " fcode="partselect"/>
<opset="trunc_ln174_4/73 "/>
</bind>
</comp>

<comp id="258" class="1004" name="store_ln12_store_fu_258">
<pin_list>
<pin id="259" dir="0" index="0" bw="32" slack="0"/>
<pin id="260" dir="0" index="1" bw="32" slack="72"/>
<pin id="261" dir="1" index="2" bw="0" slack="2147483647"/>
</pin_list>
<bind>
<opcode="store(28) " fcode="store"/>
<opset="store_ln12/73 "/>
</bind>
</comp>

<comp id="263" class="1005" name="shiftreg_reg_263">
<pin_list>
<pin id="264" dir="0" index="0" bw="32" slack="0"/>
<pin id="265" dir="1" index="1" bw="32" slack="0"/>
</pin_list>
<bind>
<opset="shiftreg "/>
</bind>
</comp>

<comp id="270" class="1005" name="i_reg_270">
<pin_list>
<pin id="271" dir="0" index="0" bw="4" slack="0"/>
<pin id="272" dir="1" index="1" bw="4" slack="0"/>
</pin_list>
<bind>
<opset="i "/>
</bind>
</comp>

<comp id="277" class="1005" name="icmp_ln12_reg_277">
<pin_list>
<pin id="278" dir="0" index="0" bw="1" slack="1"/>
<pin id="279" dir="1" index="1" bw="1" slack="2147483647"/>
</pin_list>
<bind>
<opset="icmp_ln12 "/>
</bind>
</comp>

<comp id="281" class="1005" name="empty_42_reg_281">
<pin_list>
<pin id="282" dir="0" index="0" bw="1" slack="1"/>
<pin id="283" dir="1" index="1" bw="1" slack="2147483647"/>
</pin_list>
<bind>
<opset="empty_42 "/>
</bind>
</comp>

<comp id="285" class="1005" name="trunc_ln174_3_reg_285">
<pin_list>
<pin id="286" dir="0" index="0" bw="58" slack="1"/>
<pin id="287" dir="1" index="1" bw="58" slack="1"/>
</pin_list>
<bind>
<opset="trunc_ln174_3 "/>
</bind>
</comp>

<comp id="290" class="1005" name="add_ln174_1_reg_290">
<pin_list>
<pin id="291" dir="0" index="0" bw="6" slack="72"/>
<pin id="292" dir="1" index="1" bw="6" slack="72"/>
</pin_list>
<bind>
<opset="add_ln174_1 "/>
</bind>
</comp>

<comp id="295" class="1005" name="gmem_addr_reg_295">
<pin_list>
<pin id="296" dir="0" index="0" bw="512" slack="1"/>
<pin id="297" dir="1" index="1" bw="512" slack="1"/>
</pin_list>
<bind>
<opset="gmem_addr "/>
</bind>
</comp>

<comp id="301" class="1005" name="gmem_addr_read_reg_301">
<pin_list>
<pin id="302" dir="0" index="0" bw="512" slack="1"/>
<pin id="303" dir="1" index="1" bw="512" slack="1"/>
</pin_list>
<bind>
<opset="gmem_addr_read "/>
</bind>
</comp>

</comp_list>

<net_list>
<net id="81"><net_src comp="8" pin="0"/><net_sink comp="78" pin=0"/></net>

<net id="85"><net_src comp="8" pin="0"/><net_sink comp="82" pin=0"/></net>

<net id="90"><net_src comp="30" pin="0"/><net_sink comp="86" pin=0"/></net>

<net id="91"><net_src comp="6" pin="0"/><net_sink comp="86" pin=1"/></net>

<net id="96"><net_src comp="32" pin="0"/><net_sink comp="92" pin=0"/></net>

<net id="97"><net_src comp="2" pin="0"/><net_sink comp="92" pin=1"/></net>

<net id="103"><net_src comp="62" pin="0"/><net_sink comp="98" pin=0"/></net>

<net id="104"><net_src comp="8" pin="0"/><net_sink comp="98" pin=2"/></net>

<net id="109"><net_src comp="64" pin="0"/><net_sink comp="105" pin=0"/></net>

<net id="115"><net_src comp="76" pin="0"/><net_sink comp="110" pin=0"/></net>

<net id="116"><net_src comp="0" pin="0"/><net_sink comp="110" pin=1"/></net>

<net id="130"><net_src comp="34" pin="0"/><net_sink comp="126" pin=0"/></net>

<net id="135"><net_src comp="14" pin="0"/><net_sink comp="131" pin=0"/></net>

<net id="143"><net_src comp="136" pin="1"/><net_sink comp="139" pin=0"/></net>

<net id="144"><net_src comp="40" pin="0"/><net_sink comp="139" pin=1"/></net>

<net id="149"><net_src comp="136" pin="1"/><net_sink comp="145" pin=0"/></net>

<net id="150"><net_src comp="46" pin="0"/><net_sink comp="145" pin=1"/></net>

<net id="154"><net_src comp="136" pin="1"/><net_sink comp="151" pin=0"/></net>

<net id="161"><net_src comp="48" pin="0"/><net_sink comp="155" pin=0"/></net>

<net id="162"><net_src comp="136" pin="1"/><net_sink comp="155" pin=1"/></net>

<net id="163"><net_src comp="8" pin="0"/><net_sink comp="155" pin=2"/></net>

<net id="164"><net_src comp="50" pin="0"/><net_sink comp="155" pin=3"/></net>

<net id="170"><net_src comp="52" pin="0"/><net_sink comp="165" pin=0"/></net>

<net id="171"><net_src comp="155" pin="4"/><net_sink comp="165" pin=1"/></net>

<net id="172"><net_src comp="54" pin="0"/><net_sink comp="165" pin=2"/></net>

<net id="176"><net_src comp="165" pin="3"/><net_sink comp="173" pin=0"/></net>

<net id="181"><net_src comp="173" pin="1"/><net_sink comp="177" pin=0"/></net>

<net id="182"><net_src comp="92" pin="2"/><net_sink comp="177" pin=1"/></net>

<net id="189"><net_src comp="56" pin="0"/><net_sink comp="183" pin=0"/></net>

<net id="190"><net_src comp="177" pin="2"/><net_sink comp="183" pin=1"/></net>

<net id="191"><net_src comp="58" pin="0"/><net_sink comp="183" pin=2"/></net>

<net id="192"><net_src comp="60" pin="0"/><net_sink comp="183" pin=3"/></net>

<net id="197"><net_src comp="165" pin="3"/><net_sink comp="193" pin=0"/></net>

<net id="198"><net_src comp="86" pin="2"/><net_sink comp="193" pin=1"/></net>

<net id="203"><net_src comp="145" pin="2"/><net_sink comp="199" pin=0"/></net>

<net id="211"><net_src comp="4" pin="0"/><net_sink comp="207" pin=0"/></net>

<net id="212"><net_src comp="204" pin="1"/><net_sink comp="207" pin=1"/></net>

<net id="213"><net_src comp="207" pin="2"/><net_sink comp="98" pin=1"/></net>

<net id="220"><net_src comp="214" pin="1"/><net_sink comp="217" pin=0"/></net>

<net id="221"><net_src comp="217" pin="1"/><net_sink comp="120" pin=2"/></net>

<net id="227"><net_src comp="70" pin="0"/><net_sink comp="222" pin=0"/></net>

<net id="228"><net_src comp="54" pin="0"/><net_sink comp="222" pin=2"/></net>

<net id="232"><net_src comp="222" pin="3"/><net_sink comp="229" pin=0"/></net>

<net id="237"><net_src comp="229" pin="1"/><net_sink comp="233" pin=1"/></net>

<net id="241"><net_src comp="233" pin="2"/><net_sink comp="238" pin=0"/></net>

<net id="242"><net_src comp="238" pin="1"/><net_sink comp="120" pin=0"/></net>

<net id="246"><net_src comp="120" pin="4"/><net_sink comp="243" pin=0"/></net>

<net id="247"><net_src comp="243" pin="1"/><net_sink comp="110" pin=2"/></net>

<net id="254"><net_src comp="72" pin="0"/><net_sink comp="248" pin=0"/></net>

<net id="255"><net_src comp="120" pin="4"/><net_sink comp="248" pin=1"/></net>

<net id="256"><net_src comp="74" pin="0"/><net_sink comp="248" pin=2"/></net>

<net id="257"><net_src comp="60" pin="0"/><net_sink comp="248" pin=3"/></net>

<net id="262"><net_src comp="248" pin="4"/><net_sink comp="258" pin=0"/></net>

<net id="266"><net_src comp="78" pin="1"/><net_sink comp="263" pin=0"/></net>

<net id="267"><net_src comp="263" pin="1"/><net_sink comp="131" pin=1"/></net>

<net id="268"><net_src comp="263" pin="1"/><net_sink comp="214" pin=0"/></net>

<net id="269"><net_src comp="263" pin="1"/><net_sink comp="258" pin=1"/></net>

<net id="273"><net_src comp="82" pin="1"/><net_sink comp="270" pin=0"/></net>

<net id="274"><net_src comp="270" pin="1"/><net_sink comp="126" pin=1"/></net>

<net id="275"><net_src comp="270" pin="1"/><net_sink comp="136" pin=0"/></net>

<net id="276"><net_src comp="270" pin="1"/><net_sink comp="199" pin=1"/></net>

<net id="280"><net_src comp="139" pin="2"/><net_sink comp="277" pin=0"/></net>

<net id="284"><net_src comp="151" pin="1"/><net_sink comp="281" pin=0"/></net>

<net id="288"><net_src comp="183" pin="4"/><net_sink comp="285" pin=0"/></net>

<net id="289"><net_src comp="285" pin="1"/><net_sink comp="204" pin=0"/></net>

<net id="293"><net_src comp="193" pin="2"/><net_sink comp="290" pin=0"/></net>

<net id="294"><net_src comp="290" pin="1"/><net_sink comp="222" pin=1"/></net>

<net id="298"><net_src comp="207" pin="2"/><net_sink comp="295" pin=0"/></net>

<net id="299"><net_src comp="295" pin="1"/><net_sink comp="98" pin=1"/></net>

<net id="300"><net_src comp="295" pin="1"/><net_sink comp="105" pin=1"/></net>

<net id="304"><net_src comp="105" pin="2"/><net_sink comp="301" pin=0"/></net>

<net id="305"><net_src comp="301" pin="1"/><net_sink comp="233" pin=0"/></net>

</net_list>

</model> 
---------------- Datapath Model END ------------------

* FSMD analyzer results:
  - Output states:
	Port: softmax_f_map_stream14 | {73 }
 - Input state : 
	Port: save_variables_locally<10u, 128u>_Pipeline_stream_input : layer_output | {1 }
	Port: save_variables_locally<10u, 128u>_Pipeline_stream_input : gmem | {2 3 4 5 6 7 8 9 10 11 12 13 14 15 16 17 18 19 20 21 22 23 24 25 26 27 28 29 30 31 32 33 34 35 36 37 38 39 40 41 42 43 44 45 46 47 48 49 50 51 52 53 54 55 56 57 58 59 60 61 62 63 64 65 66 67 68 69 70 71 72 }
	Port: save_variables_locally<10u, 128u>_Pipeline_stream_input : trunc_ln | {1 }
  - Chain level:
	State 1
		store_ln0 : 1
		store_ln0 : 1
		i_2 : 1
		icmp_ln12 : 2
		add_ln12 : 2
		br_ln12 : 3
		empty_42 : 2
		tmp_s : 2
		and_ln : 3
		zext_ln174 : 4
		add_ln174 : 5
		trunc_ln174_3 : 6
		add_ln174_1 : 4
		store_ln12 : 3
	State 2
		gmem_addr : 1
		gmem_load_req : 2
	State 3
	State 4
	State 5
	State 6
	State 7
	State 8
	State 9
	State 10
	State 11
	State 12
	State 13
	State 14
	State 15
	State 16
	State 17
	State 18
	State 19
	State 20
	State 21
	State 22
	State 23
	State 24
	State 25
	State 26
	State 27
	State 28
	State 29
	State 30
	State 31
	State 32
	State 33
	State 34
	State 35
	State 36
	State 37
	State 38
	State 39
	State 40
	State 41
	State 42
	State 43
	State 44
	State 45
	State 46
	State 47
	State 48
	State 49
	State 50
	State 51
	State 52
	State 53
	State 54
	State 55
	State 56
	State 57
	State 58
	State 59
	State 60
	State 61
	State 62
	State 63
	State 64
	State 65
	State 66
	State 67
	State 68
	State 69
	State 70
	State 71
	State 72
	State 73
		shiftreg_cast : 1
		zext_ln174_1 : 1
		lshr_ln174 : 2
		trunc_ln174 : 3
		empty_41 : 4
		trunc_ln174_1 : 5
		trunc_ln174_4 : 5
		write_ln174 : 6
		store_ln12 : 6


============================================================
+ Verbose Summary: Datapath Resource usage 
============================================================

* Functional unit list:
|----------|------------------------------|---------|---------|
| Operation|        Functional Unit       |    FF   |   LUT   |
|----------|------------------------------|---------|---------|
|   lshr   |       lshr_ln174_fu_233      |    0    |   2171  |
|----------|------------------------------|---------|---------|
|          |        add_ln12_fu_145       |    0    |    12   |
|    add   |       add_ln174_fu_177       |    0    |    71   |
|          |      add_ln174_1_fu_193      |    0    |    13   |
|----------|------------------------------|---------|---------|
|   icmp   |       icmp_ln12_fu_139       |    0    |    9    |
|----------|------------------------------|---------|---------|
|          |   trunc_ln_read_read_fu_86   |    0    |    0    |
|   read   | layer_output_read_read_fu_92 |    0    |    0    |
|          |  gmem_addr_read_read_fu_105  |    0    |    0    |
|----------|------------------------------|---------|---------|
|  readreq |       grp_readreq_fu_98      |    0    |    0    |
|----------|------------------------------|---------|---------|
|   write  |   write_ln174_write_fu_110   |    0    |    0    |
|----------|------------------------------|---------|---------|
|          |        empty_42_fu_151       |    0    |    0    |
|   trunc  |      trunc_ln174_fu_238      |    0    |    0    |
|          |     trunc_ln174_1_fu_243     |    0    |    0    |
|----------|------------------------------|---------|---------|
|          |         tmp_s_fu_155         |    0    |    0    |
|partselect|     trunc_ln174_3_fu_183     |    0    |    0    |
|          |     trunc_ln174_4_fu_248     |    0    |    0    |
|----------|------------------------------|---------|---------|
|bitconcatenate|         and_ln_fu_165        |    0    |    0    |
|          |      shl_ln174_1_fu_222      |    0    |    0    |
|----------|------------------------------|---------|---------|
|          |       zext_ln174_fu_173      |    0    |    0    |
|   zext   |     shiftreg_cast_fu_217     |    0    |    0    |
|          |      zext_ln174_1_fu_229     |    0    |    0    |
|----------|------------------------------|---------|---------|
|   sext   |       sext_ln174_fu_204      |    0    |    0    |
|----------|------------------------------|---------|---------|
|   Total  |                              |    0    |   2276  |
|----------|------------------------------|---------|---------|

Memories:
N/A

* Register list:
+----------------------+--------+
|                      |   FF   |
+----------------------+--------+
|  add_ln174_1_reg_290 |    6   |
|   empty_41_reg_117   |   64   |
|   empty_42_reg_281   |    1   |
|gmem_addr_read_reg_301|   512  |
|   gmem_addr_reg_295  |   512  |
|       i_reg_270      |    4   |
|   icmp_ln12_reg_277  |    1   |
|   shiftreg_reg_263   |   32   |
| trunc_ln174_3_reg_285|   58   |
+----------------------+--------+
|         Total        |  1190  |
+----------------------+--------+

* Multiplexer (MUX) list: 
|-------------------|------|------|------|--------||---------||---------|
|        Comp       |  Pin | Size |  BW  | S x BW ||  Delay  ||   LUT   |
|-------------------|------|------|------|--------||---------||---------|
| grp_readreq_fu_98 |  p1  |   2  |  512 |  1024  ||    9    |
|-------------------|------|------|------|--------||---------||---------|
|       Total       |      |      |      |  1024  ||  0.427  ||    9    |
|-------------------|------|------|------|--------||---------||---------|



* Summary:
+-----------+--------+--------+--------+
|           |  Delay |   FF   |   LUT  |
+-----------+--------+--------+--------+
|  Function |    -   |    0   |  2276  |
|   Memory  |    -   |    -   |    -   |
|Multiplexer|    0   |    -   |    9   |
|  Register |    -   |  1190  |    -   |
+-----------+--------+--------+--------+
|   Total   |    0   |  1190  |  2285  |
+-----------+--------+--------+--------+
