

================================================================
== Vitis HLS Report for 'softmax_error_propagation_10u_128u_s'
================================================================
* Date:           Thu Oct 20 03:40:33 2022

* Version:        2022.1 (Build 3526262 on Mon Apr 18 15:47:01 MDT 2022)
* Project:        softmax_10_bp
* Solution:       solution1 (Vitis Kernel Flow Target)
* Product family: zynquplus
* Target device:  xczu9eg-ffvb1156-2-e


================================================================
== Performance Estimates
================================================================
+ Timing: 
    * Summary: 
    +--------+----------+----------+------------+
    |  Clock |  Target  | Estimated| Uncertainty|
    +--------+----------+----------+------------+
    |ap_clk  |  10.00 ns|  7.016 ns|     2.70 ns|
    +--------+----------+----------+------------+

+ Latency: 
    * Summary: 
    +---------+---------+----------+----------+-----+-----+---------+
    |  Latency (cycles) |  Latency (absolute) |  Interval | Pipeline|
    |   min   |   max   |    min   |    max   | min | max |   Type  |
    +---------+---------+----------+----------+-----+-----+---------+
    |      170|      170|  1.700 us|  1.700 us|  170|  170|       no|
    +---------+---------+----------+----------+-----+-----+---------+

    + Detail: 
        * Instance: 
        N/A

        * Loop: 
        N/A

============================================================
+ Verbose Summary: Synthesis Manager
============================================================
InlineROM: 1
ExposeGlobal: 0
============================================================
+ Verbose Summary: CDFG Model
============================================================
IsTopModel: 0
ResetActiveHigh: 1
IsCombinational: 2
IsDatapathOnly: 0
HasWiredReturn: 1
HasMFsm: 0
HasVarLatency: 1
IsPipeline: 0
IsRtlPipelined: 0
IsInstanceOverlapped: 0
IsDontTouch: 0
HasImplIP: 0
IsGatedGlobalClock: 0


============================================================
+ Verbose Summary: Schedule
============================================================
* Number of FSM states : 9
* Pipeline : 0
* Dataflow Pipeline: 0

* FSM state transitions: 
1 --> 2 
2 --> 3 
3 --> 4 
4 --> 5 
5 --> 6 
6 --> 7 
7 --> 8 
8 --> 9 
9 --> 

* FSM state operations: 

State 1 <SV = 0> <Delay = 0.00>
ST_1 : Operation 10 [1/1] (0.00ns)   --->   "%output_error = alloca i64 1" [softmax_10_bp/src/softmax_10_bp.cpp:34]   --->   Operation 10 'alloca' 'output_error' <Predicate = true> <Delay = 0.00> <CoreInst = "RAM">   --->   Core 83 'RAM' <Latency = 1> <II = 1> <Delay = 0.67> <Storage> <Opcode : 'load' 'store'> <Ports = 2> <Width = 32> <Depth = 10> <RAM>
ST_1 : Operation 11 [1/1] (0.00ns)   --->   "%empty = wait i32 @_ssdm_op_Wait"   --->   Operation 11 'wait' 'empty' <Predicate = true> <Delay = 0.00>
ST_1 : Operation 12 [2/2] (0.00ns)   --->   "%call_ln0 = call void @softmax_error_propagation<10u, 128u>_Pipeline_store_output_error, i32 %softmax_output_error_stream15, i32 %output_error"   --->   Operation 12 'call' 'call_ln0' <Predicate = true> <Delay = 0.00> <CoreType = "Generic">   --->   Core 0 '' <Latency = 0> <II = 1> <Delay = 1.00> <Generic> <Opcode : >

State 2 <SV = 1> <Delay = 0.00>
ST_2 : Operation 13 [1/2] (0.00ns)   --->   "%call_ln0 = call void @softmax_error_propagation<10u, 128u>_Pipeline_store_output_error, i32 %softmax_output_error_stream15, i32 %output_error"   --->   Operation 13 'call' 'call_ln0' <Predicate = true> <Delay = 0.00> <CoreType = "Generic">   --->   Core 0 '' <Latency = 0> <II = 1> <Delay = 1.00> <Generic> <Opcode : >

State 3 <SV = 2> <Delay = 0.67>
ST_3 : Operation 14 [1/1] (0.00ns)   --->   "%empty_39 = wait i32 @_ssdm_op_Wait"   --->   Operation 14 'wait' 'empty_39' <Predicate = true> <Delay = 0.00>
ST_3 : Operation 15 [1/1] (0.00ns)   --->   "%output_error_addr = getelementptr i32 %output_error, i64 0, i64 0"   --->   Operation 15 'getelementptr' 'output_error_addr' <Predicate = true> <Delay = 0.00>
ST_3 : Operation 16 [2/2] (0.67ns)   --->   "%output_error_load = load i4 %output_error_addr"   --->   Operation 16 'load' 'output_error_load' <Predicate = true> <Delay = 0.67> <CoreInst = "RAM">   --->   Core 83 'RAM' <Latency = 1> <II = 1> <Delay = 0.67> <Storage> <Opcode : 'load' 'store'> <Ports = 2> <Width = 32> <Depth = 10> <RAM>
ST_3 : Operation 17 [1/1] (0.00ns)   --->   "%output_error_addr_1 = getelementptr i32 %output_error, i64 0, i64 1"   --->   Operation 17 'getelementptr' 'output_error_addr_1' <Predicate = true> <Delay = 0.00>
ST_3 : Operation 18 [2/2] (0.67ns)   --->   "%output_error_load_1 = load i4 %output_error_addr_1"   --->   Operation 18 'load' 'output_error_load_1' <Predicate = true> <Delay = 0.67> <CoreInst = "RAM">   --->   Core 83 'RAM' <Latency = 1> <II = 1> <Delay = 0.67> <Storage> <Opcode : 'load' 'store'> <Ports = 2> <Width = 32> <Depth = 10> <RAM>

State 4 <SV = 3> <Delay = 0.67>
ST_4 : Operation 19 [1/2] (0.67ns)   --->   "%output_error_load = load i4 %output_error_addr"   --->   Operation 19 'load' 'output_error_load' <Predicate = true> <Delay = 0.67> <CoreInst = "RAM">   --->   Core 83 'RAM' <Latency = 1> <II = 1> <Delay = 0.67> <Storage> <Opcode : 'load' 'store'> <Ports = 2> <Width = 32> <Depth = 10> <RAM>
ST_4 : Operation 20 [1/2] (0.67ns)   --->   "%output_error_load_1 = load i4 %output_error_addr_1"   --->   Operation 20 'load' 'output_error_load_1' <Predicate = true> <Delay = 0.67> <CoreInst = "RAM">   --->   Core 83 'RAM' <Latency = 1> <II = 1> <Delay = 0.67> <Storage> <Opcode : 'load' 'store'> <Ports = 2> <Width = 32> <Depth = 10> <RAM>
ST_4 : Operation 21 [1/1] (0.00ns)   --->   "%output_error_addr_2 = getelementptr i32 %output_error, i64 0, i64 2"   --->   Operation 21 'getelementptr' 'output_error_addr_2' <Predicate = true> <Delay = 0.00>
ST_4 : Operation 22 [2/2] (0.67ns)   --->   "%output_error_load_2 = load i4 %output_error_addr_2"   --->   Operation 22 'load' 'output_error_load_2' <Predicate = true> <Delay = 0.67> <CoreInst = "RAM">   --->   Core 83 'RAM' <Latency = 1> <II = 1> <Delay = 0.67> <Storage> <Opcode : 'load' 'store'> <Ports = 2> <Width = 32> <Depth = 10> <RAM>
ST_4 : Operation 23 [1/1] (0.00ns)   --->   "%output_error_addr_3 = getelementptr i32 %output_error, i64 0, i64 3"   --->   Operation 23 'getelementptr' 'output_error_addr_3' <Predicate = true> <Delay = 0.00>
ST_4 : Operation 24 [2/2] (0.67ns)   --->   "%output_error_load_3 = load i4 %output_error_addr_3"   --->   Operation 24 'load' 'output_error_load_3' <Predicate = true> <Delay = 0.67> <CoreInst = "RAM">   --->   Core 83 'RAM' <Latency = 1> <II = 1> <Delay = 0.67> <Storage> <Opcode : 'load' 'store'> <Ports = 2> <Width = 32> <Depth = 10> <RAM>
ST_4 : Operation 25 [1/1] (0.00ns)   --->   "%empty_40 = wait i32 @_ssdm_op_Wait"   --->   Operation 25 'wait' 'empty_40' <Predicate = true> <Delay = 0.00>

State 5 <SV = 4> <Delay = 0.67>
ST_5 : Operation 26 [1/2] (0.67ns)   --->   "%output_error_load_2 = load i4 %output_error_addr_2"   --->   Operation 26 'load' 'output_error_load_2' <Predicate = true> <Delay = 0.67> <CoreInst = "RAM">   --->   Core 83 'RAM' <Latency = 1> <II = 1> <Delay = 0.67> <Storage> <Opcode : 'load' 'store'> <Ports = 2> <Width = 32> <Depth = 10> <RAM>
ST_5 : Operation 27 [1/2] (0.67ns)   --->   "%output_error_load_3 = load i4 %output_error_addr_3"   --->   Operation 27 'load' 'output_error_load_3' <Predicate = true> <Delay = 0.67> <CoreInst = "RAM">   --->   Core 83 'RAM' <Latency = 1> <II = 1> <Delay = 0.67> <Storage> <Opcode : 'load' 'store'> <Ports = 2> <Width = 32> <Depth = 10> <RAM>
ST_5 : Operation 28 [1/1] (0.00ns)   --->   "%output_error_addr_4 = getelementptr i32 %output_error, i64 0, i64 4"   --->   Operation 28 'getelementptr' 'output_error_addr_4' <Predicate = true> <Delay = 0.00>
ST_5 : Operation 29 [2/2] (0.67ns)   --->   "%output_error_load_4 = load i4 %output_error_addr_4"   --->   Operation 29 'load' 'output_error_load_4' <Predicate = true> <Delay = 0.67> <CoreInst = "RAM">   --->   Core 83 'RAM' <Latency = 1> <II = 1> <Delay = 0.67> <Storage> <Opcode : 'load' 'store'> <Ports = 2> <Width = 32> <Depth = 10> <RAM>
ST_5 : Operation 30 [1/1] (0.00ns)   --->   "%output_error_addr_5 = getelementptr i32 %output_error, i64 0, i64 5"   --->   Operation 30 'getelementptr' 'output_error_addr_5' <Predicate = true> <Delay = 0.00>
ST_5 : Operation 31 [2/2] (0.67ns)   --->   "%output_error_load_5 = load i4 %output_error_addr_5"   --->   Operation 31 'load' 'output_error_load_5' <Predicate = true> <Delay = 0.67> <CoreInst = "RAM">   --->   Core 83 'RAM' <Latency = 1> <II = 1> <Delay = 0.67> <Storage> <Opcode : 'load' 'store'> <Ports = 2> <Width = 32> <Depth = 10> <RAM>

State 6 <SV = 5> <Delay = 0.67>
ST_6 : Operation 32 [1/2] (0.67ns)   --->   "%output_error_load_4 = load i4 %output_error_addr_4"   --->   Operation 32 'load' 'output_error_load_4' <Predicate = true> <Delay = 0.67> <CoreInst = "RAM">   --->   Core 83 'RAM' <Latency = 1> <II = 1> <Delay = 0.67> <Storage> <Opcode : 'load' 'store'> <Ports = 2> <Width = 32> <Depth = 10> <RAM>
ST_6 : Operation 33 [1/2] (0.67ns)   --->   "%output_error_load_5 = load i4 %output_error_addr_5"   --->   Operation 33 'load' 'output_error_load_5' <Predicate = true> <Delay = 0.67> <CoreInst = "RAM">   --->   Core 83 'RAM' <Latency = 1> <II = 1> <Delay = 0.67> <Storage> <Opcode : 'load' 'store'> <Ports = 2> <Width = 32> <Depth = 10> <RAM>
ST_6 : Operation 34 [1/1] (0.00ns)   --->   "%output_error_addr_6 = getelementptr i32 %output_error, i64 0, i64 6"   --->   Operation 34 'getelementptr' 'output_error_addr_6' <Predicate = true> <Delay = 0.00>
ST_6 : Operation 35 [2/2] (0.67ns)   --->   "%output_error_load_6 = load i4 %output_error_addr_6"   --->   Operation 35 'load' 'output_error_load_6' <Predicate = true> <Delay = 0.67> <CoreInst = "RAM">   --->   Core 83 'RAM' <Latency = 1> <II = 1> <Delay = 0.67> <Storage> <Opcode : 'load' 'store'> <Ports = 2> <Width = 32> <Depth = 10> <RAM>
ST_6 : Operation 36 [1/1] (0.00ns)   --->   "%output_error_addr_7 = getelementptr i32 %output_error, i64 0, i64 7"   --->   Operation 36 'getelementptr' 'output_error_addr_7' <Predicate = true> <Delay = 0.00>
ST_6 : Operation 37 [2/2] (0.67ns)   --->   "%output_error_load_7 = load i4 %output_error_addr_7"   --->   Operation 37 'load' 'output_error_load_7' <Predicate = true> <Delay = 0.67> <CoreInst = "RAM">   --->   Core 83 'RAM' <Latency = 1> <II = 1> <Delay = 0.67> <Storage> <Opcode : 'load' 'store'> <Ports = 2> <Width = 32> <Depth = 10> <RAM>

State 7 <SV = 6> <Delay = 0.67>
ST_7 : Operation 38 [1/2] (0.67ns)   --->   "%output_error_load_6 = load i4 %output_error_addr_6"   --->   Operation 38 'load' 'output_error_load_6' <Predicate = true> <Delay = 0.67> <CoreInst = "RAM">   --->   Core 83 'RAM' <Latency = 1> <II = 1> <Delay = 0.67> <Storage> <Opcode : 'load' 'store'> <Ports = 2> <Width = 32> <Depth = 10> <RAM>
ST_7 : Operation 39 [1/2] (0.67ns)   --->   "%output_error_load_7 = load i4 %output_error_addr_7"   --->   Operation 39 'load' 'output_error_load_7' <Predicate = true> <Delay = 0.67> <CoreInst = "RAM">   --->   Core 83 'RAM' <Latency = 1> <II = 1> <Delay = 0.67> <Storage> <Opcode : 'load' 'store'> <Ports = 2> <Width = 32> <Depth = 10> <RAM>
ST_7 : Operation 40 [1/1] (0.00ns)   --->   "%output_error_addr_8 = getelementptr i32 %output_error, i64 0, i64 8"   --->   Operation 40 'getelementptr' 'output_error_addr_8' <Predicate = true> <Delay = 0.00>
ST_7 : Operation 41 [2/2] (0.67ns)   --->   "%output_error_load_8 = load i4 %output_error_addr_8"   --->   Operation 41 'load' 'output_error_load_8' <Predicate = true> <Delay = 0.67> <CoreInst = "RAM">   --->   Core 83 'RAM' <Latency = 1> <II = 1> <Delay = 0.67> <Storage> <Opcode : 'load' 'store'> <Ports = 2> <Width = 32> <Depth = 10> <RAM>
ST_7 : Operation 42 [1/1] (0.00ns)   --->   "%output_error_addr_9 = getelementptr i32 %output_error, i64 0, i64 9"   --->   Operation 42 'getelementptr' 'output_error_addr_9' <Predicate = true> <Delay = 0.00>
ST_7 : Operation 43 [2/2] (0.67ns)   --->   "%output_error_load_9 = load i4 %output_error_addr_9"   --->   Operation 43 'load' 'output_error_load_9' <Predicate = true> <Delay = 0.67> <CoreInst = "RAM">   --->   Core 83 'RAM' <Latency = 1> <II = 1> <Delay = 0.67> <Storage> <Opcode : 'load' 'store'> <Ports = 2> <Width = 32> <Depth = 10> <RAM>

State 8 <SV = 7> <Delay = 0.67>
ST_8 : Operation 44 [1/2] (0.67ns)   --->   "%output_error_load_8 = load i4 %output_error_addr_8"   --->   Operation 44 'load' 'output_error_load_8' <Predicate = true> <Delay = 0.67> <CoreInst = "RAM">   --->   Core 83 'RAM' <Latency = 1> <II = 1> <Delay = 0.67> <Storage> <Opcode : 'load' 'store'> <Ports = 2> <Width = 32> <Depth = 10> <RAM>
ST_8 : Operation 45 [1/2] (0.67ns)   --->   "%output_error_load_9 = load i4 %output_error_addr_9"   --->   Operation 45 'load' 'output_error_load_9' <Predicate = true> <Delay = 0.67> <CoreInst = "RAM">   --->   Core 83 'RAM' <Latency = 1> <II = 1> <Delay = 0.67> <Storage> <Opcode : 'load' 'store'> <Ports = 2> <Width = 32> <Depth = 10> <RAM>
ST_8 : Operation 46 [2/2] (0.00ns)   --->   "%call_ln0 = call void @softmax_error_propagation<10u, 128u>_Pipeline_input, i320 %weights, i32 %output_error_load, i32 %output_error_load_1, i32 %output_error_load_2, i32 %output_error_load_3, i32 %output_error_load_4, i32 %output_error_load_5, i32 %output_error_load_6, i32 %output_error_load_7, i32 %output_error_load_8, i32 %output_error_load_9, i32 %softmax_input_error_stream16"   --->   Operation 46 'call' 'call_ln0' <Predicate = true> <Delay = 0.00> <CoreType = "Generic">   --->   Core 0 '' <Latency = 0> <II = 1> <Delay = 1.00> <Generic> <Opcode : >

State 9 <SV = 8> <Delay = 0.00>
ST_9 : Operation 47 [1/1] (0.00ns)   --->   "%specbramwithbyteenable_ln0 = specbramwithbyteenable void @_ssdm_op_SpecBRAMWithByteEnable, i320 %weights"   --->   Operation 47 'specbramwithbyteenable' 'specbramwithbyteenable_ln0' <Predicate = true> <Delay = 0.00>
ST_9 : Operation 48 [1/1] (0.00ns)   --->   "%specinterface_ln0 = specinterface void @_ssdm_op_SpecInterface, i32 %softmax_input_error_stream16, void @empty_9, i32 0, i32 0, void @empty_17, i32 0, i32 0, void @empty_17, void @empty_17, void @empty_17, i32 0, i32 0, i32 0, i32 0, void @empty_17, void @empty_17, i32 4294967295, i32 0"   --->   Operation 48 'specinterface' 'specinterface_ln0' <Predicate = true> <Delay = 0.00>
ST_9 : Operation 49 [1/1] (0.00ns)   --->   "%specinterface_ln0 = specinterface void @_ssdm_op_SpecInterface, i32 %softmax_output_error_stream15, void @empty_9, i32 0, i32 0, void @empty_17, i32 0, i32 0, void @empty_17, void @empty_17, void @empty_17, i32 0, i32 0, i32 0, i32 0, void @empty_17, void @empty_17, i32 4294967295, i32 0"   --->   Operation 49 'specinterface' 'specinterface_ln0' <Predicate = true> <Delay = 0.00>
ST_9 : Operation 50 [1/2] (0.00ns)   --->   "%call_ln0 = call void @softmax_error_propagation<10u, 128u>_Pipeline_input, i320 %weights, i32 %output_error_load, i32 %output_error_load_1, i32 %output_error_load_2, i32 %output_error_load_3, i32 %output_error_load_4, i32 %output_error_load_5, i32 %output_error_load_6, i32 %output_error_load_7, i32 %output_error_load_8, i32 %output_error_load_9, i32 %softmax_input_error_stream16"   --->   Operation 50 'call' 'call_ln0' <Predicate = true> <Delay = 0.00> <CoreType = "Generic">   --->   Core 0 '' <Latency = 0> <II = 1> <Delay = 1.00> <Generic> <Opcode : >
ST_9 : Operation 51 [1/1] (0.00ns)   --->   "%ret_ln49 = ret" [softmax_10_bp/src/softmax_10_bp.cpp:49]   --->   Operation 51 'ret' 'ret_ln49' <Predicate = true> <Delay = 0.00>


============================================================
+ Verbose Summary: Timing violations
============================================================
Target clock period: 10ns, clock uncertainty: 2.7ns.

 <State 1>: 0ns
The critical path consists of the following:

 <State 2>: 0ns
The critical path consists of the following:

 <State 3>: 0.677ns
The critical path consists of the following:
	'getelementptr' operation ('output_error_addr') [11]  (0 ns)
	'load' operation ('output_error_load') on array 'output_error', softmax_10_bp/src/softmax_10_bp.cpp:34 [12]  (0.677 ns)

 <State 4>: 0.677ns
The critical path consists of the following:
	'load' operation ('output_error_load') on array 'output_error', softmax_10_bp/src/softmax_10_bp.cpp:34 [12]  (0.677 ns)

 <State 5>: 0.677ns
The critical path consists of the following:
	'load' operation ('output_error_load_2') on array 'output_error', softmax_10_bp/src/softmax_10_bp.cpp:34 [16]  (0.677 ns)

 <State 6>: 0.677ns
The critical path consists of the following:
	'load' operation ('output_error_load_4') on array 'output_error', softmax_10_bp/src/softmax_10_bp.cpp:34 [20]  (0.677 ns)

 <State 7>: 0.677ns
The critical path consists of the following:
	'load' operation ('output_error_load_6') on array 'output_error', softmax_10_bp/src/softmax_10_bp.cpp:34 [24]  (0.677 ns)

 <State 8>: 0.677ns
The critical path consists of the following:
	'load' operation ('output_error_load_8') on array 'output_error', softmax_10_bp/src/softmax_10_bp.cpp:34 [28]  (0.677 ns)

 <State 9>: 0ns
The critical path consists of the following:


============================================================
+ Verbose Summary: Binding
============================================================
N/A
* FSMD analyzer results:
  - Output states:
 - Input state : 
  - Chain level:
	State 1
	State 2
	State 3
	State 4
	State 5
	State 6
	State 7
	State 8
	State 9


============================================================
+ Verbose Summary: Datapath Resource usage 
============================================================
N/A
