

================================================================
== Vitis HLS Report for 'sparce_categorical_cross_entropy_10u_s'
================================================================
* Date:           Thu Oct 20 03:40:35 2022

* Version:        2022.1 (Build 3526262 on Mon Apr 18 15:47:01 MDT 2022)
* Project:        softmax_10_bp
* Solution:       solution1 (Vitis Kernel Flow Target)
* Product family: zynquplus
* Target device:  xczu9eg-ffvb1156-2-e


================================================================
== Performance Estimates
================================================================
+ Timing: 
    * Summary: 
    +--------+----------+----------+------------+
    |  Clock |  Target  | Estimated| Uncertainty|
    +--------+----------+----------+------------+
    |ap_clk  |  10.00 ns|  6.437 ns|     2.70 ns|
    +--------+----------+----------+------------+

+ Latency: 
    * Summary: 
    +---------+---------+----------+----------+-----+-----+---------+
    |  Latency (cycles) |  Latency (absolute) |  Interval | Pipeline|
    |   min   |   max   |    min   |    max   | min | max |   Type  |
    +---------+---------+----------+----------+-----+-----+---------+
    |       21|       21|  0.210 us|  0.210 us|   21|   21|       no|
    +---------+---------+----------+----------+-----+-----+---------+

    + Detail: 
        * Instance: 
        +----------------------------------------------------------------------+------------------------------------------------------------+---------+---------+----------+----------+-----+-----+---------+
        |                                                                      |                                                            |  Latency (cycles) |  Latency (absolute) |  Interval | Pipeline|
        |                               Instance                               |                           Module                           |   min   |   max   |    min   |    max   | min | max |   Type  |
        +----------------------------------------------------------------------+------------------------------------------------------------+---------+---------+----------+----------+-----+-----+---------+
        |grp_sparce_categorical_cross_entropy_10u_Pipeline_output_error_fu_38  |sparce_categorical_cross_entropy_10u_Pipeline_output_error  |       19|       19|  0.190 us|  0.190 us|   19|   19|       no|
        +----------------------------------------------------------------------+------------------------------------------------------------+---------+---------+----------+----------+-----+-----+---------+

        * Loop: 
        N/A



================================================================
== Utilization Estimates
================================================================
* Summary: 
+-----------------+---------+------+--------+--------+-----+
|       Name      | BRAM_18K|  DSP |   FF   |   LUT  | URAM|
+-----------------+---------+------+--------+--------+-----+
|DSP              |        -|     -|       -|       -|    -|
|Expression       |        -|     -|       0|       2|    -|
|FIFO             |        -|     -|       -|       -|    -|
|Instance         |        -|     2|     344|     313|    -|
|Memory           |        -|     -|       -|       -|    -|
|Multiplexer      |        -|     -|       -|      56|    -|
|Register         |        -|     -|      37|       -|    -|
+-----------------+---------+------+--------+--------+-----+
|Total            |        0|     2|     381|     371|    0|
+-----------------+---------+------+--------+--------+-----+
|Available        |     1824|  2520|  548160|  274080|    0|
+-----------------+---------+------+--------+--------+-----+
|Utilization (%)  |        0|    ~0|      ~0|      ~0|    0|
+-----------------+---------+------+--------+--------+-----+

+ Detail: 
    * Instance: 
    +----------------------------------------------------------------------+------------------------------------------------------------+---------+----+-----+-----+-----+
    |                               Instance                               |                           Module                           | BRAM_18K| DSP|  FF | LUT | URAM|
    +----------------------------------------------------------------------+------------------------------------------------------------+---------+----+-----+-----+-----+
    |grp_sparce_categorical_cross_entropy_10u_Pipeline_output_error_fu_38  |sparce_categorical_cross_entropy_10u_Pipeline_output_error  |        0|   2|  344|  313|    0|
    +----------------------------------------------------------------------+------------------------------------------------------------+---------+----+-----+-----+-----+
    |Total                                                                 |                                                            |        0|   2|  344|  313|    0|
    +----------------------------------------------------------------------+------------------------------------------------------------+---------+----+-----+-----+-----+

    * DSP: 
    N/A

    * Memory: 
    N/A

    * FIFO: 
    N/A

    * Expression: 
    +-----------------+----------+----+---+----+------------+------------+
    |  Variable Name  | Operation| DSP| FF| LUT| Bitwidth P0| Bitwidth P1|
    +-----------------+----------+----+---+----+------------+------------+
    |ap_block_state1  |        or|   0|  0|   2|           1|           1|
    +-----------------+----------+----+---+----+------------+------------+
    |Total            |          |   0|  0|   2|           1|           1|
    +-----------------+----------+----+---+----+------------+------------+

    * Multiplexer: 
    +-------------------------------------+----+-----------+-----+-----------+
    |                 Name                | LUT| Input Size| Bits| Total Bits|
    +-------------------------------------+----+-----------+-----+-----------+
    |ap_NS_fsm                            |  20|          4|    1|          4|
    |ap_done                              |   9|          2|    1|          2|
    |label_r_blk_n                        |   9|          2|    1|          2|
    |softmax_f_map_stream14_read          |   9|          2|    1|          2|
    |softmax_output_error_stream15_write  |   9|          2|    1|          2|
    +-------------------------------------+----+-----------+-----+-----------+
    |Total                                |  56|         12|    5|         12|
    +-------------------------------------+----+-----------+-----+-----------+

    * Register: 
    +-----------------------------------------------------------------------------------+----+----+-----+-----------+
    |                                        Name                                       | FF | LUT| Bits| Const Bits|
    +-----------------------------------------------------------------------------------+----+----+-----+-----------+
    |ap_CS_fsm                                                                          |   3|   0|    3|          0|
    |ap_done_reg                                                                        |   1|   0|    1|          0|
    |grp_sparce_categorical_cross_entropy_10u_Pipeline_output_error_fu_38_ap_start_reg  |   1|   0|    1|          0|
    |label_read_reg_47                                                                  |  32|   0|   32|          0|
    +-----------------------------------------------------------------------------------+----+----+-----+-----------+
    |Total                                                                              |  37|   0|   37|          0|
    +-----------------------------------------------------------------------------------+----+----+-----+-----------+



================================================================
== Interface
================================================================
* Summary: 
+----------------------------------------------+-----+-----+------------+---------------------------------------+--------------+
|                   RTL Ports                  | Dir | Bits|  Protocol  |             Source Object             |    C Type    |
+----------------------------------------------+-----+-----+------------+---------------------------------------+--------------+
|ap_clk                                        |   in|    1|  ap_ctrl_hs|  sparce_categorical_cross_entropy<10u>|  return value|
|ap_rst                                        |   in|    1|  ap_ctrl_hs|  sparce_categorical_cross_entropy<10u>|  return value|
|ap_start                                      |   in|    1|  ap_ctrl_hs|  sparce_categorical_cross_entropy<10u>|  return value|
|ap_done                                       |  out|    1|  ap_ctrl_hs|  sparce_categorical_cross_entropy<10u>|  return value|
|ap_continue                                   |   in|    1|  ap_ctrl_hs|  sparce_categorical_cross_entropy<10u>|  return value|
|ap_idle                                       |  out|    1|  ap_ctrl_hs|  sparce_categorical_cross_entropy<10u>|  return value|
|ap_ready                                      |  out|    1|  ap_ctrl_hs|  sparce_categorical_cross_entropy<10u>|  return value|
|softmax_f_map_stream14_dout                   |   in|   32|     ap_fifo|                 softmax_f_map_stream14|       pointer|
|softmax_f_map_stream14_num_data_valid         |   in|    2|     ap_fifo|                 softmax_f_map_stream14|       pointer|
|softmax_f_map_stream14_fifo_cap               |   in|    2|     ap_fifo|                 softmax_f_map_stream14|       pointer|
|softmax_f_map_stream14_empty_n                |   in|    1|     ap_fifo|                 softmax_f_map_stream14|       pointer|
|softmax_f_map_stream14_read                   |  out|    1|     ap_fifo|                 softmax_f_map_stream14|       pointer|
|label_r_dout                                  |   in|   32|     ap_fifo|                                label_r|       pointer|
|label_r_num_data_valid                        |   in|    3|     ap_fifo|                                label_r|       pointer|
|label_r_fifo_cap                              |   in|    3|     ap_fifo|                                label_r|       pointer|
|label_r_empty_n                               |   in|    1|     ap_fifo|                                label_r|       pointer|
|label_r_read                                  |  out|    1|     ap_fifo|                                label_r|       pointer|
|softmax_output_error_stream15_din             |  out|   32|     ap_fifo|          softmax_output_error_stream15|       pointer|
|softmax_output_error_stream15_num_data_valid  |   in|    4|     ap_fifo|          softmax_output_error_stream15|       pointer|
|softmax_output_error_stream15_fifo_cap        |   in|    4|     ap_fifo|          softmax_output_error_stream15|       pointer|
|softmax_output_error_stream15_full_n          |   in|    1|     ap_fifo|          softmax_output_error_stream15|       pointer|
|softmax_output_error_stream15_write           |  out|    1|     ap_fifo|          softmax_output_error_stream15|       pointer|
+----------------------------------------------+-----+-----+------------+---------------------------------------+--------------+

============================================================
+ Verbose Summary: Synthesis Manager
============================================================
InlineROM: 1
ExposeGlobal: 0
============================================================
+ Verbose Summary: CDFG Model
============================================================
IsTopModel: 0
ResetActiveHigh: 1
IsCombinational: 2
IsDatapathOnly: 0
HasWiredReturn: 1
HasMFsm: 0
HasVarLatency: 1
IsPipeline: 0
IsRtlPipelined: 0
IsInstanceOverlapped: 0
IsDontTouch: 0
HasImplIP: 0
IsGatedGlobalClock: 0


============================================================
+ Verbose Summary: Schedule
============================================================
* Number of FSM states : 3
* Pipeline : 0
* Dataflow Pipeline: 0

* FSM state transitions: 
1 --> 2 
2 --> 3 
3 --> 

* FSM state operations: 

State 1 <SV = 0> <Delay = 1.83>
ST_1 : Operation 4 [1/1] (1.83ns)   --->   "%label_read = read i32 @_ssdm_op_Read.ap_fifo.i32P0A, i32 %label_r"   --->   Operation 4 'read' 'label_read' <Predicate = true> <Delay = 1.83> <CoreInst = "FIFO_SRL">   --->   Core 81 'FIFO_SRL' <Latency = 0> <II = 1> <Delay = 1.83> <Storage> <Opcode : 'read' 'write' 'nbread' 'nbwrite'> <Ports = 0> <Width = 32> <Depth = 3> <FIFO>

State 2 <SV = 1> <Delay = 6.18>
ST_2 : Operation 5 [1/1] (0.00ns)   --->   "%empty = wait i32 @_ssdm_op_Wait"   --->   Operation 5 'wait' 'empty' <Predicate = true> <Delay = 0.00>
ST_2 : Operation 6 [2/2] (6.18ns)   --->   "%call_ln0 = call void @sparce_categorical_cross_entropy<10u>_Pipeline_output_error, i32 %softmax_f_map_stream14, i32 %label_read, i32 %softmax_output_error_stream15"   --->   Operation 6 'call' 'call_ln0' <Predicate = true> <Delay = 6.18> <CoreType = "Generic">   --->   Core 0 '' <Latency = 0> <II = 1> <Delay = 1.00> <Generic> <Opcode : >

State 3 <SV = 2> <Delay = 0.00>
ST_3 : Operation 7 [1/1] (0.00ns)   --->   "%specinterface_ln0 = specinterface void @_ssdm_op_SpecInterface, i32 %label_r, void @ap_fifo_str, i32 0, i32 0, void @p_str, i32 0, i32 0, void @p_str, void @p_str, void @p_str, i32 2, i32 2, i32 16, i32 16, void @p_str, void @ScalarProp_str, i32 4294967295, i32 0"   --->   Operation 7 'specinterface' 'specinterface_ln0' <Predicate = true> <Delay = 0.00>
ST_3 : Operation 8 [1/1] (0.00ns)   --->   "%specinterface_ln0 = specinterface void @_ssdm_op_SpecInterface, i32 %softmax_output_error_stream15, void @empty_9, i32 0, i32 0, void @empty_17, i32 0, i32 0, void @empty_17, void @empty_17, void @empty_17, i32 0, i32 0, i32 0, i32 0, void @empty_17, void @empty_17, i32 4294967295, i32 0"   --->   Operation 8 'specinterface' 'specinterface_ln0' <Predicate = true> <Delay = 0.00>
ST_3 : Operation 9 [1/1] (0.00ns)   --->   "%specinterface_ln0 = specinterface void @_ssdm_op_SpecInterface, i32 %softmax_f_map_stream14, void @empty_9, i32 0, i32 0, void @empty_17, i32 0, i32 0, void @empty_17, void @empty_17, void @empty_17, i32 0, i32 0, i32 0, i32 0, void @empty_17, void @empty_17, i32 4294967295, i32 0"   --->   Operation 9 'specinterface' 'specinterface_ln0' <Predicate = true> <Delay = 0.00>
ST_3 : Operation 10 [1/2] (0.00ns)   --->   "%call_ln0 = call void @sparce_categorical_cross_entropy<10u>_Pipeline_output_error, i32 %softmax_f_map_stream14, i32 %label_read, i32 %softmax_output_error_stream15"   --->   Operation 10 'call' 'call_ln0' <Predicate = true> <Delay = 0.00> <CoreType = "Generic">   --->   Core 0 '' <Latency = 0> <II = 1> <Delay = 1.00> <Generic> <Opcode : >
ST_3 : Operation 11 [1/1] (0.00ns)   --->   "%ret_ln27 = ret" [softmax_10_bp/src/softmax_10_bp.cpp:27]   --->   Operation 11 'ret' 'ret_ln27' <Predicate = true> <Delay = 0.00>


============================================================
+ Verbose Summary: Binding
============================================================
STG Binding: 
---------------- STG Properties BEGIN ----------------
- Is combinational: 0
- Is one-state seq: 0
- Is datapath-only: 0
- Is pipelined: 0
- Is top level: 0
Port [ Return ] is wired: 1; IO mode=ap_ctrl_hs:ce=0
Port [ softmax_f_map_stream14]:  wired=1; compound=1; hidden=0; nouse=0; global=0; static=0; extern=0; dir=0; type=3; pingpong=0; private_global=0; IO mode=ap_fifo:ce=0
Port [ label_r]:  wired=1; compound=1; hidden=0; nouse=0; global=0; static=0; extern=0; dir=0; type=3; pingpong=0; private_global=0; IO mode=ap_fifo:ce=0
Port [ softmax_output_error_stream15]:  wired=1; compound=1; hidden=0; nouse=0; global=0; static=0; extern=0; dir=1; type=3; pingpong=0; private_global=0; IO mode=ap_fifo:ce=0
---------------- STG Properties END ------------------

---------------- Datapath Model BEGIN ----------------

<LifeTime>
<method=bitvector/>
label_read        (read         ) [ 0011]
empty             (wait         ) [ 0000]
specinterface_ln0 (specinterface) [ 0000]
specinterface_ln0 (specinterface) [ 0000]
specinterface_ln0 (specinterface) [ 0000]
call_ln0          (call         ) [ 0000]
ret_ln27          (ret          ) [ 0000]
</LifeTime>

<model>

<comp_list>
<comp id="0" class="1000" name="softmax_f_map_stream14">
<pin_list>
<pin id="1" dir="1" index="0" bw="1" slack="0"/>
</pin_list>
<bind>
<StgValue><ssdm name="softmax_f_map_stream14"/></StgValue>
</bind>
</comp>

<comp id="2" class="1000" name="label_r">
<pin_list>
<pin id="3" dir="1" index="0" bw="1" slack="0"/>
</pin_list>
<bind>
<StgValue><ssdm name="label_r"/></StgValue>
</bind>
</comp>

<comp id="4" class="1000" name="softmax_output_error_stream15">
<pin_list>
<pin id="5" dir="1" index="0" bw="1" slack="0"/>
</pin_list>
<bind>
<StgValue><ssdm name="softmax_output_error_stream15"/></StgValue>
</bind>
</comp>

<comp id="6" class="1001" name="const_6">
<pin_list>
<pin id="7" dir="1" index="0" bw="1" slack="0"/>
</pin_list>
<bind>
<StgValue><ssdm name="_ssdm_op_Read.ap_fifo.i32P0A"/></StgValue>
</bind>
</comp>

<comp id="8" class="1001" name="const_8">
<pin_list>
<pin id="9" dir="1" index="0" bw="1" slack="2147483647"/>
</pin_list>
<bind>
<StgValue><ssdm name="_ssdm_op_Wait"/></StgValue>
</bind>
</comp>

<comp id="10" class="1001" name="const_10">
<pin_list>
<pin id="11" dir="1" index="0" bw="1" slack="0"/>
</pin_list>
<bind>
<StgValue><ssdm name="sparce_categorical_cross_entropy<10u>_Pipeline_output_error"/></StgValue>
</bind>
</comp>

<comp id="12" class="1001" name="const_12">
<pin_list>
<pin id="13" dir="1" index="0" bw="1" slack="2147483647"/>
</pin_list>
<bind>
<StgValue><ssdm name="_ssdm_op_SpecInterface"/></StgValue>
</bind>
</comp>

<comp id="14" class="1001" name="const_14">
<pin_list>
<pin id="15" dir="1" index="0" bw="1" slack="2147483647"/>
</pin_list>
<bind>
<StgValue><ssdm name="ap_fifo_str"/></StgValue>
</bind>
</comp>

<comp id="16" class="1001" name="const_16">
<pin_list>
<pin id="17" dir="1" index="0" bw="1" slack="2147483647"/>
</pin_list>
<bind>
<StgValue><ssdm name=""/></StgValue>
</bind>
</comp>

<comp id="18" class="1001" name="const_18">
<pin_list>
<pin id="19" dir="1" index="0" bw="1" slack="2147483647"/>
</pin_list>
<bind>
<StgValue><ssdm name="p_str"/></StgValue>
</bind>
</comp>

<comp id="20" class="1001" name="const_20">
<pin_list>
<pin id="21" dir="1" index="0" bw="1" slack="2147483647"/>
</pin_list>
<bind>
<StgValue><ssdm name=""/></StgValue>
</bind>
</comp>

<comp id="22" class="1001" name="const_22">
<pin_list>
<pin id="23" dir="1" index="0" bw="1" slack="2147483647"/>
</pin_list>
<bind>
<StgValue><ssdm name=""/></StgValue>
</bind>
</comp>

<comp id="24" class="1001" name="const_24">
<pin_list>
<pin id="25" dir="1" index="0" bw="1" slack="2147483647"/>
</pin_list>
<bind>
<StgValue><ssdm name="ScalarProp_str"/></StgValue>
</bind>
</comp>

<comp id="26" class="1001" name="const_26">
<pin_list>
<pin id="27" dir="1" index="0" bw="1" slack="2147483647"/>
</pin_list>
<bind>
<StgValue><ssdm name=""/></StgValue>
</bind>
</comp>

<comp id="28" class="1001" name="const_28">
<pin_list>
<pin id="29" dir="1" index="0" bw="1" slack="2147483647"/>
</pin_list>
<bind>
<StgValue><ssdm name="empty_9"/></StgValue>
</bind>
</comp>

<comp id="30" class="1001" name="const_30">
<pin_list>
<pin id="31" dir="1" index="0" bw="1" slack="2147483647"/>
</pin_list>
<bind>
<StgValue><ssdm name="empty_17"/></StgValue>
</bind>
</comp>

<comp id="32" class="1004" name="label_read_read_fu_32">
<pin_list>
<pin id="33" dir="0" index="0" bw="32" slack="0"/>
<pin id="34" dir="0" index="1" bw="32" slack="0"/>
<pin id="35" dir="1" index="2" bw="32" slack="1"/>
</pin_list>
<bind>
<opcode="read(1150) " fcode="read"/>
<opset="label_read/1 "/>
</bind>
</comp>

<comp id="38" class="1004" name="grp_sparce_categorical_cross_entropy_10u_Pipeline_output_error_fu_38">
<pin_list>
<pin id="39" dir="0" index="0" bw="0" slack="0"/>
<pin id="40" dir="0" index="1" bw="32" slack="0"/>
<pin id="41" dir="0" index="2" bw="32" slack="1"/>
<pin id="42" dir="0" index="3" bw="32" slack="0"/>
<pin id="43" dir="1" index="4" bw="0" slack="2147483647"/>
</pin_list>
<bind>
<opcode="call(48) " fcode="call"/>
<opset="call_ln0/2 "/>
</bind>
</comp>

<comp id="47" class="1005" name="label_read_reg_47">
<pin_list>
<pin id="48" dir="0" index="0" bw="32" slack="1"/>
<pin id="49" dir="1" index="1" bw="32" slack="1"/>
</pin_list>
<bind>
<opset="label_read "/>
</bind>
</comp>

</comp_list>

<net_list>
<net id="36"><net_src comp="6" pin="0"/><net_sink comp="32" pin=0"/></net>

<net id="37"><net_src comp="2" pin="0"/><net_sink comp="32" pin=1"/></net>

<net id="44"><net_src comp="10" pin="0"/><net_sink comp="38" pin=0"/></net>

<net id="45"><net_src comp="0" pin="0"/><net_sink comp="38" pin=1"/></net>

<net id="46"><net_src comp="4" pin="0"/><net_sink comp="38" pin=3"/></net>

<net id="50"><net_src comp="32" pin="2"/><net_sink comp="47" pin=0"/></net>

<net id="51"><net_src comp="47" pin="1"/><net_sink comp="38" pin=2"/></net>

</net_list>

</model> 
---------------- Datapath Model END ------------------

* FSMD analyzer results:
  - Output states:
	Port: softmax_output_error_stream15 | {2 3 }
 - Input state : 
	Port: sparce_categorical_cross_entropy<10u> : softmax_f_map_stream14 | {2 3 }
	Port: sparce_categorical_cross_entropy<10u> : label_r | {1 }
  - Chain level:
	State 1
	State 2
	State 3


============================================================
+ Verbose Summary: Datapath Resource usage 
============================================================

* Functional unit list:
|----------|----------------------------------------------------------------------|---------|---------|---------|---------|
| Operation|                            Functional Unit                           |   DSP   |  Delay  |    FF   |   LUT   |
|----------|----------------------------------------------------------------------|---------|---------|---------|---------|
|   call   | grp_sparce_categorical_cross_entropy_10u_Pipeline_output_error_fu_38 |    2    |  0.854  |   392   |   273   |
|----------|----------------------------------------------------------------------|---------|---------|---------|---------|
|   read   |                         label_read_read_fu_32                        |    0    |    0    |    0    |    0    |
|----------|----------------------------------------------------------------------|---------|---------|---------|---------|
|   Total  |                                                                      |    2    |  0.854  |   392   |   273   |
|----------|----------------------------------------------------------------------|---------|---------|---------|---------|

Memories:
N/A

* Register list:
+-----------------+--------+
|                 |   FF   |
+-----------------+--------+
|label_read_reg_47|   32   |
+-----------------+--------+
|      Total      |   32   |
+-----------------+--------+

* Multiplexer (MUX) list: 
|--------|------|------|------|--------|
|  Comp  |  Pin | Size |  BW  | S x BW |
|--------|------|------|------|--------|
|  Total |      |      |      |    0   |
|--------|------|------|------|--------|



* Summary:
+-----------+--------+--------+--------+--------+
|           |   DSP  |  Delay |   FF   |   LUT  |
+-----------+--------+--------+--------+--------+
|  Function |    2   |    0   |   392  |   273  |
|   Memory  |    -   |    -   |    -   |    -   |
|Multiplexer|    -   |    -   |    -   |    -   |
|  Register |    -   |    -   |   32   |    -   |
+-----------+--------+--------+--------+--------+
|   Total   |    2   |    0   |   424  |   273  |
+-----------+--------+--------+--------+--------+
